
RAxML-NG v. 0.9.0 released on 20.05.2019 by The Exelixis Lab.
Developed by: Alexey M. Kozlov and Alexandros Stamatakis.
Contributors: Diego Darriba, Tomas Flouri, Benoit Morel, Sarah Lutteropp, Ben Bettisworth.
Latest version: https://github.com/amkozlov/raxml-ng
Questions/problems/suggestions? Please visit: https://groups.google.com/forum/#!forum/raxml

RAxML-NG was called at 08-Apr-2020 20:34:08 as follows:

raxml-ng --threads 1 --bootstrap --bs-trees 83 --seed 1514878730 --prefix phylogeny/RAxML-NG/DNA/univ/uni/SARS-CoV-2_200407.8 --msa phylogeny/RAxML-NG/DNA/univ/uni/SARS-CoV-2_200407.raxml.rba --outgroup MG772933.1

Analysis options:
  run mode: Bootstrapping
  start tree(s): 
  bootstrap replicates: 83
  random seed: 1514878730
  tip-inner: OFF
  pattern compression: ON
  per-rate scalers: OFF
  site repeats: ON
  branch lengths: proportional (ML estimate, algorithm: NR-FAST)
  SIMD kernels: AVX2
  parallelization: NONE/sequential

[00:00:00] Loading binary alignment from file: phylogeny/RAxML-NG/DNA/univ/uni/SARS-CoV-2_200407.raxml.rba
[00:00:00] Alignment comprises 285 taxa, 1 partitions and 417 patterns

Partition 0: noname
Model: GTR+FO+G4m
Alignment sites / patterns: 29145 / 417
Gaps: 0.04 %
Invariant sites: 85.27 %


[00:00:00] Data distribution: max. partitions/sites/weight per thread: 1 / 417 / 6672
[00:00:00] Starting bootstrapping analysis with 83 replicates.

[00:01:19] Bootstrap tree #1, logLikelihood: -61411.713598
[00:02:35] Bootstrap tree #2, logLikelihood: -61638.784353
[00:03:28] Bootstrap tree #3, logLikelihood: -61196.738489
[00:05:58] Bootstrap tree #4, logLikelihood: -61722.309292
[00:08:44] Bootstrap tree #5, logLikelihood: -61418.933215
[00:09:50] Bootstrap tree #6, logLikelihood: -61633.012478
[00:10:59] Bootstrap tree #7, logLikelihood: -62068.649251
[00:12:07] Bootstrap tree #8, logLikelihood: -61557.322232
[00:13:19] Bootstrap tree #9, logLikelihood: -61231.282817
[00:14:21] Bootstrap tree #10, logLikelihood: -61585.517852
[00:16:00] Bootstrap tree #11, logLikelihood: -61950.397492
[00:17:12] Bootstrap tree #12, logLikelihood: -61814.160026
[00:18:29] Bootstrap tree #13, logLikelihood: -61596.222161
[00:19:43] Bootstrap tree #14, logLikelihood: -60948.238640
[00:21:01] Bootstrap tree #15, logLikelihood: -61338.488904
[00:22:08] Bootstrap tree #16, logLikelihood: -61608.822827
[00:23:18] Bootstrap tree #17, logLikelihood: -61419.293113
[00:25:08] Bootstrap tree #18, logLikelihood: -61974.674509
[00:26:25] Bootstrap tree #19, logLikelihood: -61762.097672
[00:27:36] Bootstrap tree #20, logLikelihood: -61334.368016
[00:28:49] Bootstrap tree #21, logLikelihood: -61469.183009
[00:30:02] Bootstrap tree #22, logLikelihood: -60982.229410
[00:31:07] Bootstrap tree #23, logLikelihood: -61437.287201
[00:32:13] Bootstrap tree #24, logLikelihood: -61908.352629
[00:33:33] Bootstrap tree #25, logLikelihood: -61486.610645
[00:34:51] Bootstrap tree #26, logLikelihood: -61325.474153
[00:36:59] Bootstrap tree #27, logLikelihood: -61665.899677
[00:38:18] Bootstrap tree #28, logLikelihood: -61580.778029
[00:39:45] Bootstrap tree #29, logLikelihood: -61512.380658
[00:40:52] Bootstrap tree #30, logLikelihood: -61715.586396
[00:42:06] Bootstrap tree #31, logLikelihood: -61838.962377
[00:43:22] Bootstrap tree #32, logLikelihood: -61307.991885
[00:44:38] Bootstrap tree #33, logLikelihood: -61686.967418
[00:45:55] Bootstrap tree #34, logLikelihood: -61755.782061
[00:47:04] Bootstrap tree #35, logLikelihood: -61276.055664
[00:48:20] Bootstrap tree #36, logLikelihood: -61542.816039
[00:49:31] Bootstrap tree #37, logLikelihood: -61209.234020
[00:50:46] Bootstrap tree #38, logLikelihood: -61571.939878
[00:51:58] Bootstrap tree #39, logLikelihood: -61701.853229
[00:53:28] Bootstrap tree #40, logLikelihood: -61144.656398
[00:54:32] Bootstrap tree #41, logLikelihood: -61403.986270
[00:55:37] Bootstrap tree #42, logLikelihood: -61191.945473
[00:56:43] Bootstrap tree #43, logLikelihood: -60728.166166
[00:57:55] Bootstrap tree #44, logLikelihood: -62004.189525
[00:59:11] Bootstrap tree #45, logLikelihood: -61908.500233
[01:00:24] Bootstrap tree #46, logLikelihood: -61695.783555
[01:01:31] Bootstrap tree #47, logLikelihood: -61563.256916
[01:02:38] Bootstrap tree #48, logLikelihood: -61430.473615
[01:03:57] Bootstrap tree #49, logLikelihood: -61121.284263
[01:04:55] Bootstrap tree #50, logLikelihood: -61997.429942
[01:06:05] Bootstrap tree #51, logLikelihood: -61220.686174
[01:07:14] Bootstrap tree #52, logLikelihood: -61710.013318
[01:08:24] Bootstrap tree #53, logLikelihood: -61507.635305
[01:09:35] Bootstrap tree #54, logLikelihood: -61505.455940
[01:10:42] Bootstrap tree #55, logLikelihood: -61488.384783
[01:11:53] Bootstrap tree #56, logLikelihood: -61706.844238
[01:13:02] Bootstrap tree #57, logLikelihood: -61959.991577
[01:14:14] Bootstrap tree #58, logLikelihood: -61483.134970
[01:15:29] Bootstrap tree #59, logLikelihood: -61169.159350
[01:16:40] Bootstrap tree #60, logLikelihood: -61519.865172
[01:18:09] Bootstrap tree #61, logLikelihood: -61534.347224
[01:19:10] Bootstrap tree #62, logLikelihood: -61628.327570
[01:20:39] Bootstrap tree #63, logLikelihood: -61296.217071
[01:21:44] Bootstrap tree #64, logLikelihood: -61551.433248
[01:22:49] Bootstrap tree #65, logLikelihood: -61712.460374
[01:24:05] Bootstrap tree #66, logLikelihood: -61379.241884
[01:25:16] Bootstrap tree #67, logLikelihood: -61524.514205
[01:26:22] Bootstrap tree #68, logLikelihood: -61222.368205
[01:28:06] Bootstrap tree #69, logLikelihood: -61819.810225
[01:29:40] Bootstrap tree #70, logLikelihood: -61493.635888
[01:30:46] Bootstrap tree #71, logLikelihood: -61281.314610
[01:31:56] Bootstrap tree #72, logLikelihood: -61955.147323
[01:32:58] Bootstrap tree #73, logLikelihood: -62125.294450
[01:34:07] Bootstrap tree #74, logLikelihood: -61707.242940
[01:35:13] Bootstrap tree #75, logLikelihood: -61107.158519
[01:36:19] Bootstrap tree #76, logLikelihood: -61713.967384
[01:37:34] Bootstrap tree #77, logLikelihood: -61618.776291
[01:38:44] Bootstrap tree #78, logLikelihood: -61634.005817
[01:39:56] Bootstrap tree #79, logLikelihood: -61674.662641
[01:41:03] Bootstrap tree #80, logLikelihood: -61284.815567
[01:42:16] Bootstrap tree #81, logLikelihood: -61561.550483
[01:43:24] Bootstrap tree #82, logLikelihood: -62128.482267
[01:44:37] Bootstrap tree #83, logLikelihood: -61755.179236

Bootstrap trees saved to: /home/hikoyu/analysis/Genome/SARS-CoV-2/phylogeny/RAxML-NG/DNA/univ/uni/SARS-CoV-2_200407.8.raxml.bootstraps

Execution log saved to: /home/hikoyu/analysis/Genome/SARS-CoV-2/phylogeny/RAxML-NG/DNA/univ/uni/SARS-CoV-2_200407.8.raxml.log

Analysis started: 08-Apr-2020 20:34:08 / finished: 08-Apr-2020 22:18:45

Elapsed time: 6277.549 seconds

