
RAxML-NG v. 0.9.0 released on 20.05.2019 by The Exelixis Lab.
Developed by: Alexey M. Kozlov and Alexandros Stamatakis.
Contributors: Diego Darriba, Tomas Flouri, Benoit Morel, Sarah Lutteropp, Ben Bettisworth.
Latest version: https://github.com/amkozlov/raxml-ng
Questions/problems/suggestions? Please visit: https://groups.google.com/forum/#!forum/raxml

RAxML-NG was called at 16-Mar-2020 00:36:27 as follows:

raxml-ng --threads 1 --search --tree rand{8},pars{8} --seed 1921430012 --prefix phylogeny/RAxML-NG/DNA/univ/uni/SARS-CoV-2_200314.4 --msa phylogeny/RAxML-NG/DNA/univ/uni/SARS-CoV-2_200314.raxml.rba --outgroup MG772933.1

Analysis options:
  run mode: ML tree search
  start tree(s): random (8) + parsimony (8)
  random seed: 1921430012
  tip-inner: OFF
  pattern compression: ON
  per-rate scalers: OFF
  site repeats: ON
  fast spr radius: AUTO
  spr subtree cutoff: 1.000000
  branch lengths: proportional (ML estimate, algorithm: NR-FAST)
  SIMD kernels: AVX2
  parallelization: NONE/sequential

[00:00:00] Loading binary alignment from file: phylogeny/RAxML-NG/DNA/univ/uni/SARS-CoV-2_200314.raxml.rba
[00:00:00] Alignment comprises 89 taxa, 1 partitions and 218 patterns

Partition 0: noname
Model: GTR+FO+I
Alignment sites / patterns: 29145 / 218
Gaps: 0.05 %
Invariant sites: 85.78 %


[00:00:00] Generating 8 random starting tree(s) with 89 taxa
[00:00:00] Generating 8 parsimony starting tree(s) with 89 taxa
[00:00:00] Data distribution: max. partitions/sites/weight per thread: 1 / 218 / 872

Starting ML tree search with 16 distinct starting trees

[00:00:00 -200013.273700] Initial branch length optimization
[00:00:00 -69434.107797] Model parameter optimization (eps = 10.000000)
[00:00:01 -60295.636190] AUTODETECT spr round 1 (radius: 5)
[00:00:01 -59866.386456] AUTODETECT spr round 2 (radius: 10)
[00:00:01 -59608.806163] AUTODETECT spr round 3 (radius: 15)
[00:00:02 -59569.160351] AUTODETECT spr round 4 (radius: 20)
[00:00:02 -59553.949442] AUTODETECT spr round 5 (radius: 25)
[00:00:02 -59460.030705] SPR radius for FAST iterations: 25 (autodetect)
[00:00:02 -59460.030705] Model parameter optimization (eps = 3.000000)
[00:00:02 -59431.532084] FAST spr round 1 (radius: 25)
[00:00:03 -59343.590372] FAST spr round 2 (radius: 25)
[00:00:04 -59343.590089] Model parameter optimization (eps = 1.000000)
[00:00:04 -59339.458703] SLOW spr round 1 (radius: 5)
[00:00:04 -59339.452438] SLOW spr round 2 (radius: 10)
[00:00:05 -59339.452124] SLOW spr round 3 (radius: 15)
[00:00:05 -59339.452108] SLOW spr round 4 (radius: 20)
[00:00:06 -59339.452107] SLOW spr round 5 (radius: 25)
[00:00:06 -59339.452107] Model parameter optimization (eps = 0.100000)

[00:00:07] ML tree search #1, logLikelihood: -59337.318414

[00:00:07 -200003.137905] Initial branch length optimization
[00:00:07 -69445.022336] Model parameter optimization (eps = 10.000000)
[00:00:08 -60302.626916] AUTODETECT spr round 1 (radius: 5)
[00:00:08 -59901.813975] AUTODETECT spr round 2 (radius: 10)
[00:00:08 -59693.929306] AUTODETECT spr round 3 (radius: 15)
[00:00:08 -59605.791255] AUTODETECT spr round 4 (radius: 20)
[00:00:09 -59580.752485] AUTODETECT spr round 5 (radius: 25)
[00:00:09 -59580.751331] SPR radius for FAST iterations: 20 (autodetect)
[00:00:09 -59580.751331] Model parameter optimization (eps = 3.000000)
[00:00:09 -59552.930424] FAST spr round 1 (radius: 20)
[00:00:10 -59343.219457] FAST spr round 2 (radius: 20)
[00:00:10 -59343.215793] Model parameter optimization (eps = 1.000000)
[00:00:10 -59338.932157] SLOW spr round 1 (radius: 5)
[00:00:11 -59338.925898] SLOW spr round 2 (radius: 10)
[00:00:12 -59338.925575] SLOW spr round 3 (radius: 15)
[00:00:12 -59338.925277] SLOW spr round 4 (radius: 20)
[00:00:13 -59338.925277] SLOW spr round 5 (radius: 25)
[00:00:13 -59338.925277] Model parameter optimization (eps = 0.100000)

[00:00:13] ML tree search #2, logLikelihood: -59336.771470

[00:00:13 -200022.628613] Initial branch length optimization
[00:00:13 -69441.701662] Model parameter optimization (eps = 10.000000)
[00:00:15 -60303.217560] AUTODETECT spr round 1 (radius: 5)
[00:00:15 -59801.228683] AUTODETECT spr round 2 (radius: 10)
[00:00:15 -59567.569883] AUTODETECT spr round 3 (radius: 15)
[00:00:15 -59524.811964] AUTODETECT spr round 4 (radius: 20)
[00:00:15 -59517.245178] AUTODETECT spr round 5 (radius: 25)
[00:00:15 -59453.934632] SPR radius for FAST iterations: 25 (autodetect)
[00:00:15 -59453.934632] Model parameter optimization (eps = 3.000000)
[00:00:16 -59425.143309] FAST spr round 1 (radius: 25)
[00:00:17 -59343.054613] FAST spr round 2 (radius: 25)
[00:00:17 -59343.053506] Model parameter optimization (eps = 1.000000)
[00:00:17 -59338.898965] SLOW spr round 1 (radius: 5)
[00:00:18 -59338.891976] SLOW spr round 2 (radius: 10)
[00:00:18 -59338.891659] SLOW spr round 3 (radius: 15)
[00:00:19 -59338.891643] SLOW spr round 4 (radius: 20)
[00:00:19 -59338.891642] SLOW spr round 5 (radius: 25)
[00:00:20 -59338.891642] Model parameter optimization (eps = 0.100000)

[00:00:20] ML tree search #3, logLikelihood: -59336.768179

[00:00:20 -199995.571607] Initial branch length optimization
[00:00:20 -69404.115120] Model parameter optimization (eps = 10.000000)
[00:00:21 -60271.956389] AUTODETECT spr round 1 (radius: 5)
[00:00:21 -59819.889561] AUTODETECT spr round 2 (radius: 10)
[00:00:22 -59685.950997] AUTODETECT spr round 3 (radius: 15)
[00:00:22 -59654.211188] AUTODETECT spr round 4 (radius: 20)
[00:00:22 -59636.558064] AUTODETECT spr round 5 (radius: 25)
[00:00:22 -59636.558064] SPR radius for FAST iterations: 20 (autodetect)
[00:00:22 -59636.558064] Model parameter optimization (eps = 3.000000)
[00:00:22 -59623.664474] FAST spr round 1 (radius: 20)
[00:00:23 -59365.007346] FAST spr round 2 (radius: 20)
[00:00:24 -59355.172111] FAST spr round 3 (radius: 20)
[00:00:24 -59355.172049] Model parameter optimization (eps = 1.000000)
[00:00:24 -59339.359033] SLOW spr round 1 (radius: 5)
[00:00:25 -59339.351961] SLOW spr round 2 (radius: 10)
[00:00:26 -59339.351606] SLOW spr round 3 (radius: 15)
[00:00:26 -59339.351588] SLOW spr round 4 (radius: 20)
[00:00:27 -59339.351587] SLOW spr round 5 (radius: 25)
[00:00:27 -59339.351587] Model parameter optimization (eps = 0.100000)

[00:00:27] ML tree search #4, logLikelihood: -59337.313087

[00:00:27 -199977.969286] Initial branch length optimization
[00:00:27 -69360.110769] Model parameter optimization (eps = 10.000000)
[00:00:28 -60237.396879] AUTODETECT spr round 1 (radius: 5)
[00:00:28 -59814.078799] AUTODETECT spr round 2 (radius: 10)
[00:00:29 -59521.853653] AUTODETECT spr round 3 (radius: 15)
[00:00:29 -59499.937914] AUTODETECT spr round 4 (radius: 20)
[00:00:29 -59472.002797] AUTODETECT spr round 5 (radius: 25)
[00:00:29 -59472.002767] SPR radius for FAST iterations: 20 (autodetect)
[00:00:29 -59472.002767] Model parameter optimization (eps = 3.000000)
[00:00:29 -59443.835584] FAST spr round 1 (radius: 20)
[00:00:30 -59342.949904] FAST spr round 2 (radius: 20)
[00:00:31 -59342.949642] Model parameter optimization (eps = 1.000000)
[00:00:31 -59338.855633] SLOW spr round 1 (radius: 5)
[00:00:31 -59338.848237] SLOW spr round 2 (radius: 10)
[00:00:32 -59338.847934] SLOW spr round 3 (radius: 15)
[00:00:33 -59338.847919] SLOW spr round 4 (radius: 20)
[00:00:33 -59338.847918] SLOW spr round 5 (radius: 25)
[00:00:33 -59338.847918] Model parameter optimization (eps = 0.100000)

[00:00:34] ML tree search #5, logLikelihood: -59336.764587

[00:00:34 -199989.343253] Initial branch length optimization
[00:00:34 -69365.754437] Model parameter optimization (eps = 10.000000)
[00:00:35 -60235.955502] AUTODETECT spr round 1 (radius: 5)
[00:00:35 -59814.588541] AUTODETECT spr round 2 (radius: 10)
[00:00:35 -59569.307649] AUTODETECT spr round 3 (radius: 15)
[00:00:35 -59480.241207] AUTODETECT spr round 4 (radius: 20)
[00:00:36 -59479.024572] AUTODETECT spr round 5 (radius: 25)
[00:00:36 -59479.024572] SPR radius for FAST iterations: 20 (autodetect)
[00:00:36 -59479.024572] Model parameter optimization (eps = 3.000000)
[00:00:36 -59465.904389] FAST spr round 1 (radius: 20)
[00:00:37 -59423.038161] FAST spr round 2 (radius: 20)
[00:00:37 -59423.038161] Model parameter optimization (eps = 1.000000)
[00:00:37 -59422.203848] SLOW spr round 1 (radius: 5)
[00:00:38 -59422.195333] SLOW spr round 2 (radius: 10)
[00:00:38 -59422.195333] SLOW spr round 3 (radius: 15)
[00:00:39 -59422.195333] SLOW spr round 4 (radius: 20)
[00:00:39 -59422.195333] SLOW spr round 5 (radius: 25)
[00:00:40 -59422.195333] Model parameter optimization (eps = 0.100000)

[00:00:40] ML tree search #6, logLikelihood: -59421.538414

[00:00:40 -199997.891075] Initial branch length optimization
[00:00:40 -69369.374903] Model parameter optimization (eps = 10.000000)
[00:00:41 -60242.074987] AUTODETECT spr round 1 (radius: 5)
[00:00:41 -59788.702514] AUTODETECT spr round 2 (radius: 10)
[00:00:41 -59617.978796] AUTODETECT spr round 3 (radius: 15)
[00:00:42 -59507.589536] AUTODETECT spr round 4 (radius: 20)
[00:00:42 -59507.589523] SPR radius for FAST iterations: 15 (autodetect)
[00:00:42 -59507.589523] Model parameter optimization (eps = 3.000000)
[00:00:42 -59481.052201] FAST spr round 1 (radius: 15)
[00:00:43 -59360.722822] FAST spr round 2 (radius: 15)
[00:00:43 -59343.376853] FAST spr round 3 (radius: 15)
[00:00:44 -59343.376850] Model parameter optimization (eps = 1.000000)
[00:00:44 -59339.019208] SLOW spr round 1 (radius: 5)
[00:00:44 -59339.011999] SLOW spr round 2 (radius: 10)
[00:00:45 -59339.011671] SLOW spr round 3 (radius: 15)
[00:00:46 -59339.011654] SLOW spr round 4 (radius: 20)
[00:00:46 -59339.011653] SLOW spr round 5 (radius: 25)
[00:00:46 -59339.011653] Model parameter optimization (eps = 0.100000)

[00:00:46] ML tree search #7, logLikelihood: -59336.786316

[00:00:46 -199971.074854] Initial branch length optimization
[00:00:46 -69404.639213] Model parameter optimization (eps = 10.000000)
[00:00:48 -60271.522869] AUTODETECT spr round 1 (radius: 5)
[00:00:48 -59761.738974] AUTODETECT spr round 2 (radius: 10)
[00:00:48 -59528.064176] AUTODETECT spr round 3 (radius: 15)
[00:00:48 -59456.148958] AUTODETECT spr round 4 (radius: 20)
[00:00:49 -59456.148912] SPR radius for FAST iterations: 15 (autodetect)
[00:00:49 -59456.148912] Model parameter optimization (eps = 3.000000)
[00:00:49 -59427.869023] FAST spr round 1 (radius: 15)
[00:00:50 -59342.898508] FAST spr round 2 (radius: 15)
[00:00:50 -59342.898244] Model parameter optimization (eps = 1.000000)
[00:00:50 -59338.849516] SLOW spr round 1 (radius: 5)
[00:00:51 -59338.841986] SLOW spr round 2 (radius: 10)
[00:00:51 -59338.841670] SLOW spr round 3 (radius: 15)
[00:00:52 -59338.841662] SLOW spr round 4 (radius: 20)
[00:00:52 -59338.841662] SLOW spr round 5 (radius: 25)
[00:00:53 -59338.841662] Model parameter optimization (eps = 0.100000)

[00:00:53] ML tree search #8, logLikelihood: -59336.763936

[00:00:53 -198266.331141] Initial branch length optimization
[00:00:53 -68432.333922] Model parameter optimization (eps = 10.000000)
[00:00:54 -59354.601677] AUTODETECT spr round 1 (radius: 5)
[00:00:54 -59354.573420] SPR radius for FAST iterations: 5 (autodetect)
[00:00:54 -59354.573420] Model parameter optimization (eps = 3.000000)
[00:00:55 -59344.322053] FAST spr round 1 (radius: 5)
[00:00:55 -59344.306660] Model parameter optimization (eps = 1.000000)
[00:00:55 -59341.096368] SLOW spr round 1 (radius: 5)
[00:00:55 -59341.088729] SLOW spr round 2 (radius: 10)
[00:00:56 -59341.088481] SLOW spr round 3 (radius: 15)
[00:00:56 -59338.223508] SLOW spr round 4 (radius: 5)
[00:00:57 -59338.223332] SLOW spr round 5 (radius: 10)
[00:00:57 -59338.223332] SLOW spr round 6 (radius: 15)
[00:00:58 -59338.223332] SLOW spr round 7 (radius: 20)
[00:00:58 -59338.223332] SLOW spr round 8 (radius: 25)
[00:00:58 -59338.223332] Model parameter optimization (eps = 0.100000)

[00:00:59] ML tree search #9, logLikelihood: -59336.771246

[00:00:59 -198269.417413] Initial branch length optimization
[00:00:59 -68432.333918] Model parameter optimization (eps = 10.000000)
[00:01:00 -59354.580422] AUTODETECT spr round 1 (radius: 5)
[00:01:00 -59354.550351] SPR radius for FAST iterations: 5 (autodetect)
[00:01:00 -59354.550351] Model parameter optimization (eps = 3.000000)
[00:01:01 -59344.316394] FAST spr round 1 (radius: 5)
[00:01:01 -59344.300708] Model parameter optimization (eps = 1.000000)
[00:01:01 -59341.094399] SLOW spr round 1 (radius: 5)
[00:01:01 -59341.086483] SLOW spr round 2 (radius: 10)
[00:01:02 -59341.086236] SLOW spr round 3 (radius: 15)
[00:01:02 -59341.086225] SLOW spr round 4 (radius: 20)
[00:01:03 -59341.086224] SLOW spr round 5 (radius: 25)
[00:01:03 -59341.086224] Model parameter optimization (eps = 0.100000)

[00:01:03] ML tree search #10, logLikelihood: -59339.418434

[00:01:03 -198269.658779] Initial branch length optimization
[00:01:03 -68432.333916] Model parameter optimization (eps = 10.000000)
[00:01:05 -59354.161675] AUTODETECT spr round 1 (radius: 5)
[00:01:05 -59354.133046] SPR radius for FAST iterations: 5 (autodetect)
[00:01:05 -59354.133046] Model parameter optimization (eps = 3.000000)
[00:01:05 -59344.197023] FAST spr round 1 (radius: 5)
[00:01:05 -59344.181460] Model parameter optimization (eps = 1.000000)
[00:01:06 -59341.750764] SLOW spr round 1 (radius: 5)
[00:01:06 -59341.744848] SLOW spr round 2 (radius: 10)
[00:01:07 -59338.850480] SLOW spr round 3 (radius: 5)
[00:01:07 -59338.850466] SLOW spr round 4 (radius: 10)
[00:01:08 -59338.850465] SLOW spr round 5 (radius: 15)
[00:01:08 -59338.850465] SLOW spr round 6 (radius: 20)
[00:01:08 -59338.850465] SLOW spr round 7 (radius: 25)
[00:01:09 -59338.850465] Model parameter optimization (eps = 0.100000)

[00:01:09] ML tree search #11, logLikelihood: -59336.763893

[00:01:09 -198266.327824] Initial branch length optimization
[00:01:09 -68434.099390] Model parameter optimization (eps = 10.000000)
[00:01:11 -59354.770416] AUTODETECT spr round 1 (radius: 5)
[00:01:11 -59353.542913] AUTODETECT spr round 2 (radius: 10)
[00:01:11 -59353.517819] SPR radius for FAST iterations: 5 (autodetect)
[00:01:11 -59353.517819] Model parameter optimization (eps = 3.000000)
[00:01:11 -59346.127981] FAST spr round 1 (radius: 5)
[00:01:11 -59346.104076] Model parameter optimization (eps = 1.000000)
[00:01:11 -59341.772031] SLOW spr round 1 (radius: 5)
[00:01:12 -59341.763089] SLOW spr round 2 (radius: 10)
[00:01:12 -59341.762441] SLOW spr round 3 (radius: 15)
[00:01:13 -59341.762407] SLOW spr round 4 (radius: 20)
[00:01:13 -59341.762406] SLOW spr round 5 (radius: 25)
[00:01:13 -59341.762406] Model parameter optimization (eps = 0.100000)

[00:01:14] ML tree search #12, logLikelihood: -59339.413949

[00:01:14 -198266.390015] Initial branch length optimization
[00:01:14 -68432.333929] Model parameter optimization (eps = 10.000000)
[00:01:15 -59353.264640] AUTODETECT spr round 1 (radius: 5)
[00:01:16 -59353.227196] SPR radius for FAST iterations: 5 (autodetect)
[00:01:16 -59353.227196] Model parameter optimization (eps = 3.000000)
[00:01:16 -59345.977987] FAST spr round 1 (radius: 5)
[00:01:16 -59345.951223] Model parameter optimization (eps = 1.000000)
[00:01:16 -59341.726728] SLOW spr round 1 (radius: 5)
[00:01:17 -59341.715626] SLOW spr round 2 (radius: 10)
[00:01:17 -59341.715059] SLOW spr round 3 (radius: 15)
[00:01:18 -59338.821724] SLOW spr round 4 (radius: 5)
[00:01:18 -59338.821723] SLOW spr round 5 (radius: 10)
[00:01:19 -59338.821723] SLOW spr round 6 (radius: 15)
[00:01:19 -59338.821723] SLOW spr round 7 (radius: 20)
[00:01:19 -59338.821723] SLOW spr round 8 (radius: 25)
[00:01:20 -59338.821723] Model parameter optimization (eps = 0.100000)

[00:01:20] ML tree search #13, logLikelihood: -59336.773817

[00:01:20 -198266.289123] Initial branch length optimization
[00:01:20 -68432.334669] Model parameter optimization (eps = 10.000000)
[00:01:21 -59353.473210] AUTODETECT spr round 1 (radius: 5)
[00:01:22 -59353.427923] SPR radius for FAST iterations: 5 (autodetect)
[00:01:22 -59353.427923] Model parameter optimization (eps = 3.000000)
[00:01:22 -59346.066231] FAST spr round 1 (radius: 5)
[00:01:22 -59346.039076] Model parameter optimization (eps = 1.000000)
[00:01:22 -59341.754469] SLOW spr round 1 (radius: 5)
[00:01:23 -59341.745772] SLOW spr round 2 (radius: 10)
[00:01:23 -59341.745194] SLOW spr round 3 (radius: 15)
[00:01:24 -59338.850605] SLOW spr round 4 (radius: 5)
[00:01:24 -59338.850604] SLOW spr round 5 (radius: 10)
[00:01:25 -59338.850604] SLOW spr round 6 (radius: 15)
[00:01:25 -59338.850604] SLOW spr round 7 (radius: 20)
[00:01:25 -59338.850604] SLOW spr round 8 (radius: 25)
[00:01:26 -59338.850604] Model parameter optimization (eps = 0.100000)

[00:01:26] ML tree search #14, logLikelihood: -59336.777264

[00:01:26 -198268.410859] Initial branch length optimization
[00:01:26 -68441.705136] Model parameter optimization (eps = 10.000000)
[00:01:28 -59361.382709] AUTODETECT spr round 1 (radius: 5)
[00:01:28 -59361.352976] SPR radius for FAST iterations: 5 (autodetect)
[00:01:28 -59361.352976] Model parameter optimization (eps = 3.000000)
[00:01:28 -59353.861012] FAST spr round 1 (radius: 5)
[00:01:28 -59353.842964] Model parameter optimization (eps = 1.000000)
[00:01:28 -59349.461752] SLOW spr round 1 (radius: 5)
[00:01:29 -59349.450997] SLOW spr round 2 (radius: 10)
[00:01:29 -59341.850021] SLOW spr round 3 (radius: 5)
[00:01:30 -59341.850003] SLOW spr round 4 (radius: 10)
[00:01:30 -59341.850002] SLOW spr round 5 (radius: 15)
[00:01:31 -59341.850002] SLOW spr round 6 (radius: 20)
[00:01:31 -59341.850002] SLOW spr round 7 (radius: 25)
[00:01:31 -59338.951776] SLOW spr round 8 (radius: 5)
[00:01:32 -59338.951776] SLOW spr round 9 (radius: 10)
[00:01:32 -59338.951776] SLOW spr round 10 (radius: 15)
[00:01:33 -59338.951776] SLOW spr round 11 (radius: 20)
[00:01:33 -59338.951776] SLOW spr round 12 (radius: 25)
[00:01:33 -59338.951776] Model parameter optimization (eps = 0.100000)

[00:01:34] ML tree search #15, logLikelihood: -59336.774230

[00:01:34 -198270.090657] Initial branch length optimization
[00:01:34 -68432.334663] Model parameter optimization (eps = 10.000000)
[00:01:35 -59353.498406] AUTODETECT spr round 1 (radius: 5)
[00:01:35 -59353.455230] SPR radius for FAST iterations: 5 (autodetect)
[00:01:35 -59353.455230] Model parameter optimization (eps = 3.000000)
[00:01:35 -59346.079022] FAST spr round 1 (radius: 5)
[00:01:36 -59346.051598] Model parameter optimization (eps = 1.000000)
[00:01:36 -59341.760432] SLOW spr round 1 (radius: 5)
[00:01:36 -59341.749114] SLOW spr round 2 (radius: 10)
[00:01:37 -59341.748534] SLOW spr round 3 (radius: 15)
[00:01:37 -59341.748505] SLOW spr round 4 (radius: 20)
[00:01:38 -59341.748503] SLOW spr round 5 (radius: 25)
[00:01:38 -59341.748503] Model parameter optimization (eps = 0.100000)

[00:01:38] ML tree search #16, logLikelihood: -59339.412646


Optimized model parameters:

   Partition 0: noname
   Rate heterogeneity: NONE
   P-inv (ML): 0.698891
   Base frequencies (ML): 0.296308 0.183946 0.198888 0.320857 
   Substitution rates (ML): 1.166352 5.540944 2.523175 0.616210 15.983721 1.000000 


Final LogLikelihood: -59336.763893

AIC score: 119041.527786 / AICc score: 119043.878615 / BIC score: 120565.054898
Free parameters (model + branch lengths): 184

Best ML tree saved to: /home/hikoyu/analysis/Genome/SARS-CoV-2/phylogeny/RAxML-NG/DNA/univ/uni/SARS-CoV-2_200314.4.raxml.bestTree
All ML trees saved to: /home/hikoyu/analysis/Genome/SARS-CoV-2/phylogeny/RAxML-NG/DNA/univ/uni/SARS-CoV-2_200314.4.raxml.mlTrees
Optimized model saved to: /home/hikoyu/analysis/Genome/SARS-CoV-2/phylogeny/RAxML-NG/DNA/univ/uni/SARS-CoV-2_200314.4.raxml.bestModel

Execution log saved to: /home/hikoyu/analysis/Genome/SARS-CoV-2/phylogeny/RAxML-NG/DNA/univ/uni/SARS-CoV-2_200314.4.raxml.log

Analysis started: 16-Mar-2020 00:36:27 / finished: 16-Mar-2020 00:38:06

Elapsed time: 98.949 seconds

