
RAxML-NG v. 0.9.0 released on 20.05.2019 by The Exelixis Lab.
Developed by: Alexey M. Kozlov and Alexandros Stamatakis.
Contributors: Diego Darriba, Tomas Flouri, Benoit Morel, Sarah Lutteropp, Ben Bettisworth.
Latest version: https://github.com/amkozlov/raxml-ng
Questions/problems/suggestions? Please visit: https://groups.google.com/forum/#!forum/raxml

RAxML-NG was called at 29-Mar-2020 23:41:02 as follows:

raxml-ng --threads 1 --search --tree rand{9},pars{9} --seed 2128677173 --prefix phylogeny/RAxML-NG/DNA/univ/uni/SARS-CoV-2_200328.3 --msa phylogeny/RAxML-NG/DNA/univ/uni/SARS-CoV-2_200328.raxml.rba --outgroup MG772933.1

Analysis options:
  run mode: ML tree search
  start tree(s): random (9) + parsimony (9)
  random seed: 2128677173
  tip-inner: OFF
  pattern compression: ON
  per-rate scalers: OFF
  site repeats: ON
  fast spr radius: AUTO
  spr subtree cutoff: 1.000000
  branch lengths: proportional (ML estimate, algorithm: NR-FAST)
  SIMD kernels: AVX2
  parallelization: NONE/sequential

[00:00:00] Loading binary alignment from file: phylogeny/RAxML-NG/DNA/univ/uni/SARS-CoV-2_200328.raxml.rba
[00:00:00] Alignment comprises 80 taxa, 1 partitions and 226 patterns

Partition 0: noname
Model: GTR+FO+G4m
Alignment sites / patterns: 29148 / 226
Gaps: 0.06 %
Invariant sites: 85.71 %


[00:00:00] Generating 9 random starting tree(s) with 80 taxa
[00:00:00] Generating 9 parsimony starting tree(s) with 80 taxa
[00:00:00] Data distribution: max. partitions/sites/weight per thread: 1 / 226 / 3616

Starting ML tree search with 18 distinct starting trees

[00:00:00 -169388.299626] Initial branch length optimization
[00:00:00 -63481.213975] Model parameter optimization (eps = 10.000000)
[00:00:00 -60580.025090] AUTODETECT spr round 1 (radius: 5)
[00:00:00 -60056.990087] AUTODETECT spr round 2 (radius: 10)
[00:00:00 -59869.588483] AUTODETECT spr round 3 (radius: 15)
[00:00:01 -59742.205273] AUTODETECT spr round 4 (radius: 20)
[00:00:01 -59742.205273] SPR radius for FAST iterations: 15 (autodetect)
[00:00:01 -59742.205273] Model parameter optimization (eps = 3.000000)
[00:00:01 -59741.040583] FAST spr round 1 (radius: 15)
[00:00:02 -59618.496365] FAST spr round 2 (radius: 15)
[00:00:03 -59618.494091] Model parameter optimization (eps = 1.000000)
[00:00:04 -59606.685411] SLOW spr round 1 (radius: 5)
[00:00:05 -59606.677067] SLOW spr round 2 (radius: 10)
[00:00:06 -59606.676828] SLOW spr round 3 (radius: 15)
[00:00:07 -59606.676820] SLOW spr round 4 (radius: 20)
[00:00:08 -59606.676820] SLOW spr round 5 (radius: 25)
[00:00:08 -59606.676820] Model parameter optimization (eps = 0.100000)

[00:00:08] ML tree search #1, logLikelihood: -59604.353429

[00:00:08 -169368.918190] Initial branch length optimization
[00:00:08 -63472.361699] Model parameter optimization (eps = 10.000000)
[00:00:09 -60579.522812] AUTODETECT spr round 1 (radius: 5)
[00:00:09 -60150.834894] AUTODETECT spr round 2 (radius: 10)
[00:00:09 -59895.331613] AUTODETECT spr round 3 (radius: 15)
[00:00:10 -59765.776891] AUTODETECT spr round 4 (radius: 20)
[00:00:10 -59765.741014] SPR radius for FAST iterations: 15 (autodetect)
[00:00:10 -59765.741014] Model parameter optimization (eps = 3.000000)
[00:00:10 -59758.162356] FAST spr round 1 (radius: 15)
[00:00:11 -59610.056208] FAST spr round 2 (radius: 15)
[00:00:12 -59610.052512] Model parameter optimization (eps = 1.000000)
[00:00:12 -59606.711661] SLOW spr round 1 (radius: 5)
[00:00:13 -59606.706410] SLOW spr round 2 (radius: 10)
[00:00:14 -59606.706240] SLOW spr round 3 (radius: 15)
[00:00:15 -59606.706234] SLOW spr round 4 (radius: 20)
[00:00:16 -59606.706234] SLOW spr round 5 (radius: 25)
[00:00:17 -59606.706234] Model parameter optimization (eps = 0.100000)

[00:00:17] ML tree search #2, logLikelihood: -59604.356995

[00:00:17 -169386.620104] Initial branch length optimization
[00:00:17 -63472.330620] Model parameter optimization (eps = 10.000000)
[00:00:17 -60572.790042] AUTODETECT spr round 1 (radius: 5)
[00:00:18 -59946.675435] AUTODETECT spr round 2 (radius: 10)
[00:00:18 -59683.001001] AUTODETECT spr round 3 (radius: 15)
[00:00:19 -59655.092673] AUTODETECT spr round 4 (radius: 20)
[00:00:19 -59655.092644] SPR radius for FAST iterations: 15 (autodetect)
[00:00:19 -59655.092644] Model parameter optimization (eps = 3.000000)
[00:00:19 -59646.685192] FAST spr round 1 (radius: 15)
[00:00:20 -59610.213286] FAST spr round 2 (radius: 15)
[00:00:21 -59610.213113] Model parameter optimization (eps = 1.000000)
[00:00:21 -59607.976355] SLOW spr round 1 (radius: 5)
[00:00:22 -59607.955494] SLOW spr round 2 (radius: 10)
[00:00:24 -59607.955322] SLOW spr round 3 (radius: 15)
[00:00:24 -59607.955315] SLOW spr round 4 (radius: 20)
[00:00:25 -59607.955315] SLOW spr round 5 (radius: 25)
[00:00:25 -59607.955315] Model parameter optimization (eps = 0.100000)

[00:00:25] ML tree search #3, logLikelihood: -59605.131924

[00:00:25 -169389.453842] Initial branch length optimization
[00:00:25 -63510.549878] Model parameter optimization (eps = 10.000000)
[00:00:26 -60607.301800] AUTODETECT spr round 1 (radius: 5)
[00:00:26 -59988.179256] AUTODETECT spr round 2 (radius: 10)
[00:00:26 -59713.925171] AUTODETECT spr round 3 (radius: 15)
[00:00:27 -59695.820641] AUTODETECT spr round 4 (radius: 20)
[00:00:27 -59695.819231] SPR radius for FAST iterations: 15 (autodetect)
[00:00:27 -59695.819231] Model parameter optimization (eps = 3.000000)
[00:00:27 -59687.918190] FAST spr round 1 (radius: 15)
[00:00:28 -59610.546296] FAST spr round 2 (radius: 15)
[00:00:29 -59610.546151] Model parameter optimization (eps = 1.000000)
[00:00:29 -59607.211352] SLOW spr round 1 (radius: 5)
[00:00:30 -59607.200357] SLOW spr round 2 (radius: 10)
[00:00:31 -59606.633285] SLOW spr round 3 (radius: 5)
[00:00:33 -59606.632904] SLOW spr round 4 (radius: 10)
[00:00:34 -59606.632904] SLOW spr round 5 (radius: 15)
[00:00:35 -59606.632904] SLOW spr round 6 (radius: 20)
[00:00:35 -59606.632904] SLOW spr round 7 (radius: 25)
[00:00:36 -59606.632904] Model parameter optimization (eps = 0.100000)

[00:00:36] ML tree search #4, logLikelihood: -59604.355117

[00:00:36 -169368.582277] Initial branch length optimization
[00:00:36 -63438.390166] Model parameter optimization (eps = 10.000000)
[00:00:37 -60543.403676] AUTODETECT spr round 1 (radius: 5)
[00:00:37 -60110.597478] AUTODETECT spr round 2 (radius: 10)
[00:00:37 -59769.979994] AUTODETECT spr round 3 (radius: 15)
[00:00:38 -59763.062782] AUTODETECT spr round 4 (radius: 20)
[00:00:38 -59763.062782] SPR radius for FAST iterations: 15 (autodetect)
[00:00:38 -59763.062782] Model parameter optimization (eps = 3.000000)
[00:00:38 -59762.218975] FAST spr round 1 (radius: 15)
[00:00:39 -59619.340102] FAST spr round 2 (radius: 15)
[00:00:40 -59618.436047] FAST spr round 3 (radius: 15)
[00:00:41 -59618.428394] Model parameter optimization (eps = 1.000000)
[00:00:41 -59606.659633] SLOW spr round 1 (radius: 5)
[00:00:42 -59606.651944] SLOW spr round 2 (radius: 10)
[00:00:43 -59606.651711] SLOW spr round 3 (radius: 15)
[00:00:44 -59606.651704] SLOW spr round 4 (radius: 20)
[00:00:45 -59606.651704] SLOW spr round 5 (radius: 25)
[00:00:45 -59606.651704] Model parameter optimization (eps = 0.100000)

[00:00:46] ML tree search #5, logLikelihood: -59604.356796

[00:00:46 -169371.969577] Initial branch length optimization
[00:00:46 -63438.762659] Model parameter optimization (eps = 10.000000)
[00:00:46 -60549.769942] AUTODETECT spr round 1 (radius: 5)
[00:00:46 -60071.072515] AUTODETECT spr round 2 (radius: 10)
[00:00:47 -59833.392871] AUTODETECT spr round 3 (radius: 15)
[00:00:47 -59768.195408] AUTODETECT spr round 4 (radius: 20)
[00:00:48 -59744.105115] AUTODETECT spr round 5 (radius: 25)
[00:00:48 -59744.104963] SPR radius for FAST iterations: 20 (autodetect)
[00:00:48 -59744.104963] Model parameter optimization (eps = 3.000000)
[00:00:48 -59743.062874] FAST spr round 1 (radius: 20)
[00:00:49 -59618.242305] FAST spr round 2 (radius: 20)
[00:00:50 -59618.239860] Model parameter optimization (eps = 1.000000)
[00:00:50 -59606.660826] SLOW spr round 1 (radius: 5)
[00:00:51 -59606.650785] SLOW spr round 2 (radius: 10)
[00:00:53 -59606.636082] SLOW spr round 3 (radius: 15)
[00:00:54 -59606.636075] SLOW spr round 4 (radius: 20)
[00:00:54 -59606.636075] SLOW spr round 5 (radius: 25)
[00:00:55 -59606.636075] Model parameter optimization (eps = 0.100000)

[00:00:55] ML tree search #6, logLikelihood: -59604.355403

[00:00:55 -169373.634076] Initial branch length optimization
[00:00:55 -63442.270544] Model parameter optimization (eps = 10.000000)
[00:00:56 -60553.302969] AUTODETECT spr round 1 (radius: 5)
[00:00:56 -60132.311167] AUTODETECT spr round 2 (radius: 10)
[00:00:57 -59784.158922] AUTODETECT spr round 3 (radius: 15)
[00:00:57 -59748.239468] AUTODETECT spr round 4 (radius: 20)
[00:00:57 -59748.238236] SPR radius for FAST iterations: 15 (autodetect)
[00:00:57 -59748.238236] Model parameter optimization (eps = 3.000000)
[00:00:57 -59747.234770] FAST spr round 1 (radius: 15)
[00:00:58 -59619.002445] FAST spr round 2 (radius: 15)
[00:00:59 -59618.807354] FAST spr round 3 (radius: 15)
[00:00:59 -59618.807057] Model parameter optimization (eps = 1.000000)
[00:01:00 -59607.390115] SLOW spr round 1 (radius: 5)
[00:01:01 -59607.367300] SLOW spr round 2 (radius: 10)
[00:01:02 -59607.367069] SLOW spr round 3 (radius: 15)
[00:01:03 -59607.367061] SLOW spr round 4 (radius: 20)
[00:01:04 -59607.367061] SLOW spr round 5 (radius: 25)
[00:01:04 -59607.367061] Model parameter optimization (eps = 0.100000)

[00:01:05] ML tree search #7, logLikelihood: -59605.149304

[00:01:05 -169373.691998] Initial branch length optimization
[00:01:05 -63426.712058] Model parameter optimization (eps = 10.000000)
[00:01:05 -60540.654515] AUTODETECT spr round 1 (radius: 5)
[00:01:05 -59981.938203] AUTODETECT spr round 2 (radius: 10)
[00:01:06 -59719.715132] AUTODETECT spr round 3 (radius: 15)
[00:01:06 -59686.580238] AUTODETECT spr round 4 (radius: 20)
[00:01:06 -59678.953703] AUTODETECT spr round 5 (radius: 25)
[00:01:07 -59678.953598] SPR radius for FAST iterations: 20 (autodetect)
[00:01:07 -59678.953598] Model parameter optimization (eps = 3.000000)
[00:01:07 -59670.634780] FAST spr round 1 (radius: 20)
[00:01:08 -59609.625839] FAST spr round 2 (radius: 20)
[00:01:09 -59609.625679] Model parameter optimization (eps = 1.000000)
[00:01:09 -59607.297815] SLOW spr round 1 (radius: 5)
[00:01:10 -59607.285654] SLOW spr round 2 (radius: 10)
[00:01:11 -59607.271016] SLOW spr round 3 (radius: 15)
[00:01:12 -59607.271010] SLOW spr round 4 (radius: 20)
[00:01:13 -59607.271010] SLOW spr round 5 (radius: 25)
[00:01:13 -59607.271010] Model parameter optimization (eps = 0.100000)

[00:01:14] ML tree search #8, logLikelihood: -59604.339509

[00:01:14 -169356.431444] Initial branch length optimization
[00:01:14 -63383.139624] Model parameter optimization (eps = 10.000000)
[00:01:14 -60509.906795] AUTODETECT spr round 1 (radius: 5)
[00:01:15 -59985.859423] AUTODETECT spr round 2 (radius: 10)
[00:01:15 -59821.826245] AUTODETECT spr round 3 (radius: 15)
[00:01:15 -59741.003381] AUTODETECT spr round 4 (radius: 20)
[00:01:16 -59741.003358] SPR radius for FAST iterations: 15 (autodetect)
[00:01:16 -59741.003358] Model parameter optimization (eps = 3.000000)
[00:01:16 -59733.318818] FAST spr round 1 (radius: 15)
[00:01:17 -59610.644409] FAST spr round 2 (radius: 15)
[00:01:17 -59610.641561] Model parameter optimization (eps = 1.000000)
[00:01:18 -59608.422740] SLOW spr round 1 (radius: 5)
[00:01:19 -59608.406398] SLOW spr round 2 (radius: 10)
[00:01:20 -59608.406228] SLOW spr round 3 (radius: 15)
[00:01:21 -59608.406222] SLOW spr round 4 (radius: 20)
[00:01:22 -59608.406222] SLOW spr round 5 (radius: 25)
[00:01:22 -59608.406222] Model parameter optimization (eps = 0.100000)

[00:01:23] ML tree search #9, logLikelihood: -59605.609660

[00:01:23 -166209.249363] Initial branch length optimization
[00:01:23 -61814.630958] Model parameter optimization (eps = 10.000000)
[00:01:23 -59613.423147] AUTODETECT spr round 1 (radius: 5)
[00:01:23 -59612.320199] AUTODETECT spr round 2 (radius: 10)
[00:01:24 -59612.320034] SPR radius for FAST iterations: 5 (autodetect)
[00:01:24 -59612.320034] Model parameter optimization (eps = 3.000000)
[00:01:24 -59607.594206] FAST spr round 1 (radius: 5)
[00:01:24 -59607.592528] Model parameter optimization (eps = 1.000000)
[00:01:24 -59605.919384] SLOW spr round 1 (radius: 5)
[00:01:25 -59605.487861] SLOW spr round 2 (radius: 5)
[00:01:26 -59605.487857] SLOW spr round 3 (radius: 10)
[00:01:27 -59605.487857] SLOW spr round 4 (radius: 15)
[00:01:28 -59605.487857] SLOW spr round 5 (radius: 20)
[00:01:29 -59605.487857] SLOW spr round 6 (radius: 25)
[00:01:29 -59605.487857] Model parameter optimization (eps = 0.100000)

[00:01:30] ML tree search #10, logLikelihood: -59604.332845

[00:01:30 -166209.998416] Initial branch length optimization
[00:01:30 -61814.990443] Model parameter optimization (eps = 10.000000)
[00:01:30 -59613.663464] AUTODETECT spr round 1 (radius: 5)
[00:01:30 -59612.574658] AUTODETECT spr round 2 (radius: 10)
[00:01:31 -59612.574656] SPR radius for FAST iterations: 5 (autodetect)
[00:01:31 -59612.574656] Model parameter optimization (eps = 3.000000)
[00:01:31 -59607.807921] FAST spr round 1 (radius: 5)
[00:01:31 -59607.806099] Model parameter optimization (eps = 1.000000)
[00:01:31 -59606.114888] SLOW spr round 1 (radius: 5)
[00:01:32 -59606.113876] SLOW spr round 2 (radius: 10)
[00:01:33 -59605.680627] SLOW spr round 3 (radius: 5)
[00:01:34 -59605.680627] SLOW spr round 4 (radius: 10)
[00:01:35 -59605.680627] SLOW spr round 5 (radius: 15)
[00:01:36 -59605.473708] SLOW spr round 6 (radius: 5)
[00:01:37 -59605.473708] SLOW spr round 7 (radius: 10)
[00:01:38 -59605.473708] SLOW spr round 8 (radius: 15)
[00:01:39 -59605.473708] SLOW spr round 9 (radius: 20)
[00:01:39 -59605.473708] SLOW spr round 10 (radius: 25)
[00:01:40 -59605.473708] Model parameter optimization (eps = 0.100000)

[00:01:40] ML tree search #11, logLikelihood: -59604.338613

[00:01:40 -166209.209536] Initial branch length optimization
[00:01:40 -61814.629827] Model parameter optimization (eps = 10.000000)
[00:01:41 -59613.420444] AUTODETECT spr round 1 (radius: 5)
[00:01:41 -59612.332311] AUTODETECT spr round 2 (radius: 10)
[00:01:41 -59612.332153] SPR radius for FAST iterations: 5 (autodetect)
[00:01:41 -59612.332153] Model parameter optimization (eps = 3.000000)
[00:01:41 -59607.605836] FAST spr round 1 (radius: 5)
[00:01:42 -59607.604457] Model parameter optimization (eps = 1.000000)
[00:01:42 -59605.931109] SLOW spr round 1 (radius: 5)
[00:01:43 -59605.930310] SLOW spr round 2 (radius: 10)
[00:01:44 -59605.502452] SLOW spr round 3 (radius: 5)
[00:01:45 -59605.502452] SLOW spr round 4 (radius: 10)
[00:01:46 -59605.502452] SLOW spr round 5 (radius: 15)
[00:01:46 -59605.502452] SLOW spr round 6 (radius: 20)
[00:01:47 -59605.502452] SLOW spr round 7 (radius: 25)
[00:01:48 -59605.502452] Model parameter optimization (eps = 0.100000)

[00:01:48] ML tree search #12, logLikelihood: -59604.347159

[00:01:48 -166209.921866] Initial branch length optimization
[00:01:48 -61814.632206] Model parameter optimization (eps = 10.000000)
[00:01:48 -59613.423961] AUTODETECT spr round 1 (radius: 5)
[00:01:48 -59613.417742] SPR radius for FAST iterations: 5 (autodetect)
[00:01:48 -59613.417742] Model parameter optimization (eps = 3.000000)
[00:01:48 -59610.472884] FAST spr round 1 (radius: 5)
[00:01:49 -59610.470811] Model parameter optimization (eps = 1.000000)
[00:01:49 -59607.821060] SLOW spr round 1 (radius: 5)
[00:01:50 -59607.819600] SLOW spr round 2 (radius: 10)
[00:01:51 -59606.213502] SLOW spr round 3 (radius: 5)
[00:01:52 -59606.213502] SLOW spr round 4 (radius: 10)
[00:01:52 -59606.213502] SLOW spr round 5 (radius: 15)
[00:01:53 -59606.213502] SLOW spr round 6 (radius: 20)
[00:01:54 -59606.213502] SLOW spr round 7 (radius: 25)
[00:01:54 -59606.213502] Model parameter optimization (eps = 0.100000)

[00:01:55] ML tree search #13, logLikelihood: -59604.349376

[00:01:55 -166210.666602] Initial branch length optimization
[00:01:55 -61815.014490] Model parameter optimization (eps = 10.000000)
[00:01:55 -59613.670882] AUTODETECT spr round 1 (radius: 5)
[00:01:55 -59612.573128] AUTODETECT spr round 2 (radius: 10)
[00:01:56 -59612.298515] AUTODETECT spr round 3 (radius: 15)
[00:01:56 -59612.298451] SPR radius for FAST iterations: 10 (autodetect)
[00:01:56 -59612.298451] Model parameter optimization (eps = 3.000000)
[00:01:56 -59607.599354] FAST spr round 1 (radius: 10)
[00:01:57 -59607.594300] Model parameter optimization (eps = 1.000000)
[00:01:57 -59605.930801] SLOW spr round 1 (radius: 5)
[00:01:58 -59605.925416] SLOW spr round 2 (radius: 10)
[00:01:59 -59605.497390] SLOW spr round 3 (radius: 5)
[00:02:00 -59605.497389] SLOW spr round 4 (radius: 10)
[00:02:01 -59605.497389] SLOW spr round 5 (radius: 15)
[00:02:02 -59605.482928] SLOW spr round 6 (radius: 20)
[00:02:03 -59605.482928] SLOW spr round 7 (radius: 25)
[00:02:03 -59605.482928] Model parameter optimization (eps = 0.100000)

[00:02:03] ML tree search #14, logLikelihood: -59604.333637

[00:02:03 -166214.582895] Initial branch length optimization
[00:02:03 -61826.515143] Model parameter optimization (eps = 10.000000)
[00:02:04 -59623.416745] AUTODETECT spr round 1 (radius: 5)
[00:02:04 -59611.800008] AUTODETECT spr round 2 (radius: 10)
[00:02:04 -59611.799947] SPR radius for FAST iterations: 5 (autodetect)
[00:02:04 -59611.799947] Model parameter optimization (eps = 3.000000)
[00:02:04 -59607.122340] FAST spr round 1 (radius: 5)
[00:02:05 -59607.117286] Model parameter optimization (eps = 1.000000)
[00:02:05 -59605.452335] SLOW spr round 1 (radius: 5)
[00:02:06 -59605.449880] SLOW spr round 2 (radius: 10)
[00:02:06 -59605.449846] SLOW spr round 3 (radius: 15)
[00:02:07 -59605.449845] SLOW spr round 4 (radius: 20)
[00:02:08 -59605.449845] SLOW spr round 5 (radius: 25)
[00:02:09 -59605.449845] Model parameter optimization (eps = 0.100000)

[00:02:09] ML tree search #15, logLikelihood: -59604.336620

[00:02:09 -166215.274235] Initial branch length optimization
[00:02:09 -61817.350494] Model parameter optimization (eps = 10.000000)
[00:02:09 -59614.433603] AUTODETECT spr round 1 (radius: 5)
[00:02:10 -59612.099111] AUTODETECT spr round 2 (radius: 10)
[00:02:10 -59612.099013] SPR radius for FAST iterations: 5 (autodetect)
[00:02:10 -59612.099013] Model parameter optimization (eps = 3.000000)
[00:02:10 -59609.167471] FAST spr round 1 (radius: 5)
[00:02:10 -59609.159176] Model parameter optimization (eps = 1.000000)
[00:02:10 -59606.528644] SLOW spr round 1 (radius: 5)
[00:02:11 -59606.523214] SLOW spr round 2 (radius: 10)
[00:02:12 -59606.106432] SLOW spr round 3 (radius: 5)
[00:02:13 -59606.106432] SLOW spr round 4 (radius: 10)
[00:02:14 -59606.106432] SLOW spr round 5 (radius: 15)
[00:02:15 -59606.106432] SLOW spr round 6 (radius: 20)
[00:02:16 -59606.106432] SLOW spr round 7 (radius: 25)
[00:02:16 -59606.106432] Model parameter optimization (eps = 0.100000)

[00:02:17] ML tree search #16, logLikelihood: -59604.335475

[00:02:17 -166209.254084] Initial branch length optimization
[00:02:17 -61814.631029] Model parameter optimization (eps = 10.000000)
[00:02:17 -59613.423186] AUTODETECT spr round 1 (radius: 5)
[00:02:17 -59612.335047] AUTODETECT spr round 2 (radius: 10)
[00:02:18 -59612.334882] SPR radius for FAST iterations: 5 (autodetect)
[00:02:18 -59612.334882] Model parameter optimization (eps = 3.000000)
[00:02:18 -59607.608648] FAST spr round 1 (radius: 5)
[00:02:18 -59607.607163] Model parameter optimization (eps = 1.000000)
[00:02:18 -59605.934063] SLOW spr round 1 (radius: 5)
[00:02:19 -59605.930253] SLOW spr round 2 (radius: 10)
[00:02:20 -59605.502411] SLOW spr round 3 (radius: 5)
[00:02:21 -59605.502411] SLOW spr round 4 (radius: 10)
[00:02:22 -59605.502411] SLOW spr round 5 (radius: 15)
[00:02:23 -59605.502411] SLOW spr round 6 (radius: 20)
[00:02:24 -59605.502411] SLOW spr round 7 (radius: 25)
[00:02:24 -59605.502411] Model parameter optimization (eps = 0.100000)

[00:02:25] ML tree search #17, logLikelihood: -59604.347324

[00:02:25 -166219.099611] Initial branch length optimization
[00:02:25 -61828.782990] Model parameter optimization (eps = 10.000000)
[00:02:25 -59623.457857] AUTODETECT spr round 1 (radius: 5)
[00:02:25 -59621.046515] AUTODETECT spr round 2 (radius: 10)
[00:02:25 -59611.565828] AUTODETECT spr round 3 (radius: 15)
[00:02:26 -59611.565828] SPR radius for FAST iterations: 10 (autodetect)
[00:02:26 -59611.565828] Model parameter optimization (eps = 3.000000)
[00:02:26 -59608.654596] FAST spr round 1 (radius: 10)
[00:02:26 -59608.651975] Model parameter optimization (eps = 1.000000)
[00:02:27 -59606.033475] SLOW spr round 1 (radius: 5)
[00:02:28 -59606.028794] SLOW spr round 2 (radius: 10)
[00:02:29 -59606.028789] SLOW spr round 3 (radius: 15)
[00:02:30 -59606.028789] SLOW spr round 4 (radius: 20)
[00:02:30 -59606.028789] SLOW spr round 5 (radius: 25)
[00:02:31 -59606.028789] Model parameter optimization (eps = 0.100000)

[00:02:31] ML tree search #18, logLikelihood: -59604.316062


Optimized model parameters:

   Partition 0: noname
   Rate heterogeneity: GAMMA (4 cats, mean),  alpha: 0.236268 (ML),  weights&rates: (0.250000,0.001532) (0.250000,0.056968) (0.250000,0.471618) (0.250000,3.469882) 
   Base frequencies (ML): 0.296126 0.184231 0.198816 0.320827 
   Substitution rates (ML): 1.191551 5.040052 2.305878 0.762347 12.340088 1.000000 


Final LogLikelihood: -59604.316062

AIC score: 119540.632123 / AICc score: 119542.545239 / BIC score: 120915.135625
Free parameters (model + branch lengths): 166

Best ML tree saved to: /home/hikoyu/analysis/Genome/SARS-CoV-2/phylogeny/RAxML-NG/DNA/univ/uni/SARS-CoV-2_200328.3.raxml.bestTree
All ML trees saved to: /home/hikoyu/analysis/Genome/SARS-CoV-2/phylogeny/RAxML-NG/DNA/univ/uni/SARS-CoV-2_200328.3.raxml.mlTrees
Optimized model saved to: /home/hikoyu/analysis/Genome/SARS-CoV-2/phylogeny/RAxML-NG/DNA/univ/uni/SARS-CoV-2_200328.3.raxml.bestModel

Execution log saved to: /home/hikoyu/analysis/Genome/SARS-CoV-2/phylogeny/RAxML-NG/DNA/univ/uni/SARS-CoV-2_200328.3.raxml.log

Analysis started: 29-Mar-2020 23:41:02 / finished: 29-Mar-2020 23:43:34

Elapsed time: 151.867 seconds

