
RAxML-NG v. 0.9.0 released on 20.05.2019 by The Exelixis Lab.
Developed by: Alexey M. Kozlov and Alexandros Stamatakis.
Contributors: Diego Darriba, Tomas Flouri, Benoit Morel, Sarah Lutteropp, Ben Bettisworth.
Latest version: https://github.com/amkozlov/raxml-ng
Questions/problems/suggestions? Please visit: https://groups.google.com/forum/#!forum/raxml

RAxML-NG was called at 21-Mar-2020 18:01:02 as follows:

raxml-ng --threads 1 --bootstrap --bs-trees 83 --seed 1461353758 --prefix phylogeny/RAxML-NG/DNA/univ/uni/SARS-CoV-2_200320.9 --msa phylogeny/RAxML-NG/DNA/univ/uni/SARS-CoV-2_200320.raxml.rba --outgroup MG772933.1

Analysis options:
  run mode: Bootstrapping
  start tree(s): 
  bootstrap replicates: 83
  random seed: 1461353758
  tip-inner: OFF
  pattern compression: ON
  per-rate scalers: OFF
  site repeats: ON
  branch lengths: proportional (ML estimate, algorithm: NR-FAST)
  SIMD kernels: AVX2
  parallelization: NONE/sequential

[00:00:00] Loading binary alignment from file: phylogeny/RAxML-NG/DNA/univ/uni/SARS-CoV-2_200320.raxml.rba
[00:00:00] Alignment comprises 78 taxa, 1 partitions and 212 patterns

Partition 0: noname
Model: GTR+FO+I
Alignment sites / patterns: 29148 / 212
Gaps: 0.06 %
Invariant sites: 85.79 %


[00:00:00] Data distribution: max. partitions/sites/weight per thread: 1 / 212 / 848
[00:00:00] Starting bootstrapping analysis with 83 replicates.

[00:00:04] Bootstrap tree #1, logLikelihood: -59118.422605
[00:00:08] Bootstrap tree #2, logLikelihood: -58983.787842
[00:00:12] Bootstrap tree #3, logLikelihood: -59227.056880
[00:00:16] Bootstrap tree #4, logLikelihood: -58829.488012
[00:00:21] Bootstrap tree #5, logLikelihood: -59116.944947
[00:00:25] Bootstrap tree #6, logLikelihood: -59044.627581
[00:00:30] Bootstrap tree #7, logLikelihood: -58750.867017
[00:00:35] Bootstrap tree #8, logLikelihood: -59228.903763
[00:00:39] Bootstrap tree #9, logLikelihood: -59379.308738
[00:00:44] Bootstrap tree #10, logLikelihood: -59111.663910
[00:00:48] Bootstrap tree #11, logLikelihood: -58714.498694
[00:00:52] Bootstrap tree #12, logLikelihood: -59032.734538
[00:00:57] Bootstrap tree #13, logLikelihood: -59235.807226
[00:01:01] Bootstrap tree #14, logLikelihood: -59351.521888
[00:01:04] Bootstrap tree #15, logLikelihood: -59231.903901
[00:01:11] Bootstrap tree #16, logLikelihood: -59448.524810
[00:01:15] Bootstrap tree #17, logLikelihood: -58804.257495
[00:01:22] Bootstrap tree #18, logLikelihood: -59317.385948
[00:01:26] Bootstrap tree #19, logLikelihood: -59265.993192
[00:01:30] Bootstrap tree #20, logLikelihood: -59183.498735
[00:01:35] Bootstrap tree #21, logLikelihood: -59480.829043
[00:01:39] Bootstrap tree #22, logLikelihood: -59075.945782
[00:01:43] Bootstrap tree #23, logLikelihood: -59320.560744
[00:01:48] Bootstrap tree #24, logLikelihood: -59264.269250
[00:01:52] Bootstrap tree #25, logLikelihood: -59398.186476
[00:01:58] Bootstrap tree #26, logLikelihood: -59526.245825
[00:02:02] Bootstrap tree #27, logLikelihood: -59845.455039
[00:02:06] Bootstrap tree #28, logLikelihood: -59001.981702
[00:02:11] Bootstrap tree #29, logLikelihood: -59187.474394
[00:02:17] Bootstrap tree #30, logLikelihood: -59450.072956
[00:02:21] Bootstrap tree #31, logLikelihood: -59110.645945
[00:02:25] Bootstrap tree #32, logLikelihood: -59282.023628
[00:02:30] Bootstrap tree #33, logLikelihood: -58951.944987
[00:02:34] Bootstrap tree #34, logLikelihood: -59719.311543
[00:02:39] Bootstrap tree #35, logLikelihood: -59096.996843
[00:02:43] Bootstrap tree #36, logLikelihood: -59301.591145
[00:02:53] Bootstrap tree #37, logLikelihood: -59051.365669
[00:02:57] Bootstrap tree #38, logLikelihood: -59096.566195
[00:03:02] Bootstrap tree #39, logLikelihood: -59699.826498
[00:03:06] Bootstrap tree #40, logLikelihood: -59930.408962
[00:03:10] Bootstrap tree #41, logLikelihood: -59474.270440
[00:03:14] Bootstrap tree #42, logLikelihood: -59384.916530
[00:03:21] Bootstrap tree #43, logLikelihood: -59407.451977
[00:03:25] Bootstrap tree #44, logLikelihood: -58927.386651
[00:03:30] Bootstrap tree #45, logLikelihood: -59386.972155
[00:03:35] Bootstrap tree #46, logLikelihood: -59078.006360
[00:03:40] Bootstrap tree #47, logLikelihood: -59413.064540
[00:03:44] Bootstrap tree #48, logLikelihood: -59576.129314
[00:03:49] Bootstrap tree #49, logLikelihood: -59167.336781
[00:03:53] Bootstrap tree #50, logLikelihood: -59137.970061
[00:03:57] Bootstrap tree #51, logLikelihood: -59317.513654
[00:04:01] Bootstrap tree #52, logLikelihood: -58759.193621
[00:04:06] Bootstrap tree #53, logLikelihood: -58969.845124
[00:04:13] Bootstrap tree #54, logLikelihood: -59022.102673
[00:04:17] Bootstrap tree #55, logLikelihood: -59425.579245
[00:04:22] Bootstrap tree #56, logLikelihood: -59159.960868
[00:04:26] Bootstrap tree #57, logLikelihood: -59323.499052
[00:04:31] Bootstrap tree #58, logLikelihood: -59182.369322
[00:04:35] Bootstrap tree #59, logLikelihood: -59444.345944
[00:04:40] Bootstrap tree #60, logLikelihood: -59399.322327
[00:04:47] Bootstrap tree #61, logLikelihood: -59240.447181
[00:04:51] Bootstrap tree #62, logLikelihood: -59240.778754
[00:04:54] Bootstrap tree #63, logLikelihood: -58844.224699
[00:04:59] Bootstrap tree #64, logLikelihood: -59214.157589
[00:05:03] Bootstrap tree #65, logLikelihood: -59201.684226
[00:05:07] Bootstrap tree #66, logLikelihood: -59058.639464
[00:05:11] Bootstrap tree #67, logLikelihood: -59029.945886
[00:05:17] Bootstrap tree #68, logLikelihood: -59408.556579
[00:05:21] Bootstrap tree #69, logLikelihood: -59117.534220
[00:05:27] Bootstrap tree #70, logLikelihood: -59306.302042
[00:05:31] Bootstrap tree #71, logLikelihood: -58994.126230
[00:05:38] Bootstrap tree #72, logLikelihood: -59151.660686
[00:05:42] Bootstrap tree #73, logLikelihood: -59392.835931
[00:05:47] Bootstrap tree #74, logLikelihood: -59349.570974
[00:05:51] Bootstrap tree #75, logLikelihood: -59514.179008
[00:05:56] Bootstrap tree #76, logLikelihood: -59263.061591
[00:06:01] Bootstrap tree #77, logLikelihood: -59210.198247
[00:06:05] Bootstrap tree #78, logLikelihood: -59286.037266
[00:06:09] Bootstrap tree #79, logLikelihood: -59044.825926
[00:06:13] Bootstrap tree #80, logLikelihood: -58933.300320
[00:06:17] Bootstrap tree #81, logLikelihood: -59045.913039
[00:06:21] Bootstrap tree #82, logLikelihood: -59120.142311
[00:06:25] Bootstrap tree #83, logLikelihood: -59252.315731

Bootstrap trees saved to: /home/hikoyu/analysis/Genome/SARS-CoV-2/phylogeny/RAxML-NG/DNA/univ/uni/SARS-CoV-2_200320.9.raxml.bootstraps

Execution log saved to: /home/hikoyu/analysis/Genome/SARS-CoV-2/phylogeny/RAxML-NG/DNA/univ/uni/SARS-CoV-2_200320.9.raxml.log

Analysis started: 21-Mar-2020 18:01:02 / finished: 21-Mar-2020 18:07:27

Elapsed time: 385.791 seconds

