
RAxML-NG v. 0.9.0 released on 20.05.2019 by The Exelixis Lab.
Developed by: Alexey M. Kozlov and Alexandros Stamatakis.
Contributors: Diego Darriba, Tomas Flouri, Benoit Morel, Sarah Lutteropp, Ben Bettisworth.
Latest version: https://github.com/amkozlov/raxml-ng
Questions/problems/suggestions? Please visit: https://groups.google.com/forum/#!forum/raxml

RAxML-NG was called at 21-Mar-2020 17:48:20 as follows:

raxml-ng --threads 1 --bootstrap --bs-trees 84 --seed 2792261294 --prefix phylogeny/RAxML-NG/DNA/univ/uni/SARS-CoV-2_200320.1 --msa phylogeny/RAxML-NG/DNA/univ/uni/SARS-CoV-2_200320.raxml.rba --outgroup MG772933.1

Analysis options:
  run mode: Bootstrapping
  start tree(s): 
  bootstrap replicates: 84
  random seed: 2792261294
  tip-inner: OFF
  pattern compression: ON
  per-rate scalers: OFF
  site repeats: ON
  branch lengths: proportional (ML estimate, algorithm: NR-FAST)
  SIMD kernels: AVX2
  parallelization: NONE/sequential

[00:00:00] Loading binary alignment from file: phylogeny/RAxML-NG/DNA/univ/uni/SARS-CoV-2_200320.raxml.rba
[00:00:00] Alignment comprises 78 taxa, 1 partitions and 212 patterns

Partition 0: noname
Model: GTR+FO+I
Alignment sites / patterns: 29148 / 212
Gaps: 0.06 %
Invariant sites: 85.79 %


[00:00:00] Data distribution: max. partitions/sites/weight per thread: 1 / 212 / 848
[00:00:00] Starting bootstrapping analysis with 84 replicates.

[00:00:04] Bootstrap tree #1, logLikelihood: -59134.862686
[00:00:11] Bootstrap tree #2, logLikelihood: -58452.979294
[00:00:16] Bootstrap tree #3, logLikelihood: -59238.926635
[00:00:20] Bootstrap tree #4, logLikelihood: -59218.520130
[00:00:26] Bootstrap tree #5, logLikelihood: -59323.230744
[00:00:30] Bootstrap tree #6, logLikelihood: -59059.786098
[00:00:34] Bootstrap tree #7, logLikelihood: -59658.145464
[00:00:38] Bootstrap tree #8, logLikelihood: -59232.077846
[00:00:43] Bootstrap tree #9, logLikelihood: -59799.033282
[00:00:48] Bootstrap tree #10, logLikelihood: -59515.135734
[00:00:54] Bootstrap tree #11, logLikelihood: -59315.053780
[00:00:58] Bootstrap tree #12, logLikelihood: -59451.203062
[00:01:03] Bootstrap tree #13, logLikelihood: -58908.799919
[00:01:08] Bootstrap tree #14, logLikelihood: -58885.347458
[00:01:12] Bootstrap tree #15, logLikelihood: -59213.961737
[00:01:17] Bootstrap tree #16, logLikelihood: -59215.435679
[00:01:21] Bootstrap tree #17, logLikelihood: -59220.278433
[00:01:28] Bootstrap tree #18, logLikelihood: -58760.457359
[00:01:32] Bootstrap tree #19, logLikelihood: -59343.130716
[00:01:36] Bootstrap tree #20, logLikelihood: -59517.476484
[00:01:40] Bootstrap tree #21, logLikelihood: -59412.129609
[00:01:45] Bootstrap tree #22, logLikelihood: -59256.940365
[00:01:50] Bootstrap tree #23, logLikelihood: -59051.993179
[00:01:54] Bootstrap tree #24, logLikelihood: -58773.306240
[00:01:59] Bootstrap tree #25, logLikelihood: -59261.414104
[00:02:04] Bootstrap tree #26, logLikelihood: -59132.279639
[00:02:08] Bootstrap tree #27, logLikelihood: -59207.072056
[00:02:15] Bootstrap tree #28, logLikelihood: -59260.979510
[00:02:20] Bootstrap tree #29, logLikelihood: -59324.781667
[00:02:24] Bootstrap tree #30, logLikelihood: -58835.619157
[00:02:29] Bootstrap tree #31, logLikelihood: -59340.657676
[00:02:34] Bootstrap tree #32, logLikelihood: -59157.261585
[00:02:39] Bootstrap tree #33, logLikelihood: -59032.159215
[00:02:43] Bootstrap tree #34, logLikelihood: -59251.674085
[00:02:48] Bootstrap tree #35, logLikelihood: -59278.975576
[00:02:53] Bootstrap tree #36, logLikelihood: -59279.554394
[00:02:57] Bootstrap tree #37, logLikelihood: -58857.687349
[00:03:03] Bootstrap tree #38, logLikelihood: -59036.584317
[00:03:07] Bootstrap tree #39, logLikelihood: -58986.907885
[00:03:13] Bootstrap tree #40, logLikelihood: -59115.088454
[00:03:18] Bootstrap tree #41, logLikelihood: -59406.667547
[00:03:22] Bootstrap tree #42, logLikelihood: -59052.514401
[00:03:27] Bootstrap tree #43, logLikelihood: -59574.657423
[00:03:31] Bootstrap tree #44, logLikelihood: -59557.551710
[00:03:35] Bootstrap tree #45, logLikelihood: -59200.097006
[00:03:42] Bootstrap tree #46, logLikelihood: -58973.320852
[00:03:46] Bootstrap tree #47, logLikelihood: -59014.404398
[00:03:50] Bootstrap tree #48, logLikelihood: -58947.868494
[00:03:55] Bootstrap tree #49, logLikelihood: -59159.386680
[00:03:59] Bootstrap tree #50, logLikelihood: -59584.433249
[00:04:03] Bootstrap tree #51, logLikelihood: -59111.955672
[00:04:07] Bootstrap tree #52, logLikelihood: -59019.841616
[00:04:11] Bootstrap tree #53, logLikelihood: -59075.501611
[00:04:16] Bootstrap tree #54, logLikelihood: -59350.244548
[00:04:19] Bootstrap tree #55, logLikelihood: -59286.920992
[00:04:24] Bootstrap tree #56, logLikelihood: -59520.655768
[00:04:29] Bootstrap tree #57, logLikelihood: -59111.767731
[00:04:34] Bootstrap tree #58, logLikelihood: -59241.693832
[00:04:38] Bootstrap tree #59, logLikelihood: -59856.686334
[00:04:43] Bootstrap tree #60, logLikelihood: -59173.904555
[00:04:47] Bootstrap tree #61, logLikelihood: -59062.529244
[00:04:51] Bootstrap tree #62, logLikelihood: -58915.219311
[00:04:56] Bootstrap tree #63, logLikelihood: -59295.642290
[00:05:00] Bootstrap tree #64, logLikelihood: -59921.398107
[00:05:04] Bootstrap tree #65, logLikelihood: -59055.547083
[00:05:07] Bootstrap tree #66, logLikelihood: -59514.131502
[00:05:11] Bootstrap tree #67, logLikelihood: -59051.554848
[00:05:15] Bootstrap tree #68, logLikelihood: -59000.705788
[00:05:19] Bootstrap tree #69, logLikelihood: -59427.724504
[00:05:25] Bootstrap tree #70, logLikelihood: -58823.837662
[00:05:29] Bootstrap tree #71, logLikelihood: -58980.693732
[00:05:35] Bootstrap tree #72, logLikelihood: -59721.386442
[00:05:39] Bootstrap tree #73, logLikelihood: -59175.432315
[00:05:42] Bootstrap tree #74, logLikelihood: -59083.100404
[00:05:46] Bootstrap tree #75, logLikelihood: -59822.803208
[00:05:50] Bootstrap tree #76, logLikelihood: -59249.764156
[00:05:54] Bootstrap tree #77, logLikelihood: -59836.722830
[00:05:59] Bootstrap tree #78, logLikelihood: -58967.355689
[00:06:03] Bootstrap tree #79, logLikelihood: -59294.411559
[00:06:07] Bootstrap tree #80, logLikelihood: -59414.561355
[00:06:11] Bootstrap tree #81, logLikelihood: -59297.382926
[00:06:16] Bootstrap tree #82, logLikelihood: -59232.071332
[00:06:20] Bootstrap tree #83, logLikelihood: -59232.950129
[00:06:24] Bootstrap tree #84, logLikelihood: -59413.761638

Bootstrap trees saved to: /home/hikoyu/analysis/Genome/SARS-CoV-2/phylogeny/RAxML-NG/DNA/univ/uni/SARS-CoV-2_200320.1.raxml.bootstraps

Execution log saved to: /home/hikoyu/analysis/Genome/SARS-CoV-2/phylogeny/RAxML-NG/DNA/univ/uni/SARS-CoV-2_200320.1.raxml.log

Analysis started: 21-Mar-2020 17:48:20 / finished: 21-Mar-2020 17:54:44

Elapsed time: 384.931 seconds

