
RAxML-NG v. 0.9.0 released on 20.05.2019 by The Exelixis Lab.
Developed by: Alexey M. Kozlov and Alexandros Stamatakis.
Contributors: Diego Darriba, Tomas Flouri, Benoit Morel, Sarah Lutteropp, Ben Bettisworth.
Latest version: https://github.com/amkozlov/raxml-ng
Questions/problems/suggestions? Please visit: https://groups.google.com/forum/#!forum/raxml

RAxML-NG was called at 15-Apr-2020 23:44:49 as follows:

raxml-ng --threads 1 --bootstrap --bs-trees 83 --seed 1220680224 --prefix phylogeny/RAxML-NG/DNA/univ/uni/SARS-CoV-2_200414.9 --msa phylogeny/RAxML-NG/DNA/univ/uni/SARS-CoV-2_200414.raxml.rba --outgroup MG772933.1

Analysis options:
  run mode: Bootstrapping
  start tree(s): 
  bootstrap replicates: 83
  random seed: 1220680224
  tip-inner: OFF
  pattern compression: ON
  per-rate scalers: OFF
  site repeats: ON
  branch lengths: proportional (ML estimate, algorithm: NR-FAST)
  SIMD kernels: AVX2
  parallelization: NONE/sequential

[00:00:00] Loading binary alignment from file: phylogeny/RAxML-NG/DNA/univ/uni/SARS-CoV-2_200414.raxml.rba
[00:00:00] Alignment comprises 376 taxa, 1 partitions and 517 patterns

Partition 0: noname
Model: GTR+FO+G4m
Alignment sites / patterns: 29151 / 517
Gaps: 0.07 %
Invariant sites: 85.07 %


[00:00:00] Data distribution: max. partitions/sites/weight per thread: 1 / 517 / 8272
[00:00:00] Starting bootstrapping analysis with 83 replicates.

[00:02:26] Bootstrap tree #1, logLikelihood: -61608.879391
[00:04:37] Bootstrap tree #2, logLikelihood: -62351.571048
[00:07:04] Bootstrap tree #3, logLikelihood: -62308.169252
[00:09:59] Bootstrap tree #4, logLikelihood: -62945.976947
[00:11:54] Bootstrap tree #5, logLikelihood: -62528.433347
[00:14:08] Bootstrap tree #6, logLikelihood: -62510.350033
[00:16:28] Bootstrap tree #7, logLikelihood: -63056.156866
[00:18:36] Bootstrap tree #8, logLikelihood: -62421.902782
[00:20:50] Bootstrap tree #9, logLikelihood: -62343.181142
[00:22:56] Bootstrap tree #10, logLikelihood: -62485.180383
[00:25:21] Bootstrap tree #11, logLikelihood: -62728.618192
[00:29:35] Bootstrap tree #12, logLikelihood: -62229.989402
[00:31:50] Bootstrap tree #13, logLikelihood: -62083.873669
[00:33:54] Bootstrap tree #14, logLikelihood: -62518.218102
[00:35:50] Bootstrap tree #15, logLikelihood: -62134.765497
[00:37:59] Bootstrap tree #16, logLikelihood: -62681.166161
[00:39:52] Bootstrap tree #17, logLikelihood: -62628.702237
[00:41:53] Bootstrap tree #18, logLikelihood: -62117.443245
[00:44:55] Bootstrap tree #19, logLikelihood: -62650.159396
[00:47:13] Bootstrap tree #20, logLikelihood: -62325.793963
[00:49:27] Bootstrap tree #21, logLikelihood: -62829.317491
[00:51:38] Bootstrap tree #22, logLikelihood: -62448.085931
[00:54:11] Bootstrap tree #23, logLikelihood: -62860.962630
[00:56:27] Bootstrap tree #24, logLikelihood: -63027.407538
[00:58:33] Bootstrap tree #25, logLikelihood: -62881.637785
[01:00:35] Bootstrap tree #26, logLikelihood: -62340.349285
[01:02:35] Bootstrap tree #27, logLikelihood: -63388.481702
[01:04:46] Bootstrap tree #28, logLikelihood: -62996.460242
[01:07:19] Bootstrap tree #29, logLikelihood: -62827.132695
[01:09:25] Bootstrap tree #30, logLikelihood: -62271.879636
[01:11:25] Bootstrap tree #31, logLikelihood: -62306.358583
[01:13:29] Bootstrap tree #32, logLikelihood: -62816.855340
[01:15:51] Bootstrap tree #33, logLikelihood: -62840.310719
[01:17:56] Bootstrap tree #34, logLikelihood: -62396.425698
[01:20:16] Bootstrap tree #35, logLikelihood: -62930.678526
[01:22:27] Bootstrap tree #36, logLikelihood: -63082.157253
[01:24:33] Bootstrap tree #37, logLikelihood: -62616.484039
[01:26:45] Bootstrap tree #38, logLikelihood: -62672.703608
[01:28:53] Bootstrap tree #39, logLikelihood: -62298.846842
[01:30:59] Bootstrap tree #40, logLikelihood: -62530.347149
[01:32:59] Bootstrap tree #41, logLikelihood: -62337.297766
[01:34:52] Bootstrap tree #42, logLikelihood: -62339.716035
[01:36:53] Bootstrap tree #43, logLikelihood: -62766.281530
[01:40:04] Bootstrap tree #44, logLikelihood: -63057.870910
[01:42:13] Bootstrap tree #45, logLikelihood: -62975.898625
[01:44:03] Bootstrap tree #46, logLikelihood: -62539.040738
[01:46:32] Bootstrap tree #47, logLikelihood: -62325.268486
[01:48:39] Bootstrap tree #48, logLikelihood: -62518.792555
[01:50:54] Bootstrap tree #49, logLikelihood: -62401.817436
[01:53:06] Bootstrap tree #50, logLikelihood: -63021.360378
[01:55:07] Bootstrap tree #51, logLikelihood: -62459.759613
[01:57:16] Bootstrap tree #52, logLikelihood: -62902.514394
[01:59:57] Bootstrap tree #53, logLikelihood: -62279.206540
[02:02:27] Bootstrap tree #54, logLikelihood: -62979.795143
[02:04:33] Bootstrap tree #55, logLikelihood: -62906.114673
[02:06:47] Bootstrap tree #56, logLikelihood: -62860.143449
[02:08:52] Bootstrap tree #57, logLikelihood: -62794.985872
[02:10:55] Bootstrap tree #58, logLikelihood: -62514.591109
[02:13:19] Bootstrap tree #59, logLikelihood: -62701.009362
[02:15:21] Bootstrap tree #60, logLikelihood: -63080.485281
[02:17:27] Bootstrap tree #61, logLikelihood: -62441.403215
[02:19:33] Bootstrap tree #62, logLikelihood: -62537.900099
[02:21:37] Bootstrap tree #63, logLikelihood: -62789.850857
[02:23:49] Bootstrap tree #64, logLikelihood: -62282.744604
[02:26:07] Bootstrap tree #65, logLikelihood: -62453.085592
[02:28:21] Bootstrap tree #66, logLikelihood: -62383.020514
[02:30:20] Bootstrap tree #67, logLikelihood: -62231.025778
[02:32:40] Bootstrap tree #68, logLikelihood: -62401.062645
[02:34:42] Bootstrap tree #69, logLikelihood: -63009.609474
[02:36:50] Bootstrap tree #70, logLikelihood: -62389.776581
[02:39:02] Bootstrap tree #71, logLikelihood: -62545.084344
[02:41:19] Bootstrap tree #72, logLikelihood: -62823.542096
[02:43:32] Bootstrap tree #73, logLikelihood: -62610.806160
[02:45:40] Bootstrap tree #74, logLikelihood: -62582.180434
[02:47:55] Bootstrap tree #75, logLikelihood: -62441.719549
[02:50:50] Bootstrap tree #76, logLikelihood: -62058.526738
[02:53:04] Bootstrap tree #77, logLikelihood: -63357.255920
[02:56:09] Bootstrap tree #78, logLikelihood: -63012.265595
[02:58:06] Bootstrap tree #79, logLikelihood: -62512.120011
[03:00:18] Bootstrap tree #80, logLikelihood: -62646.270993
[03:02:31] Bootstrap tree #81, logLikelihood: -62295.740257
[03:05:29] Bootstrap tree #82, logLikelihood: -62398.651028
[03:08:31] Bootstrap tree #83, logLikelihood: -62308.777069

Bootstrap trees saved to: /home/hikoyu/analysis/Genome/SARS-CoV-2/phylogeny/RAxML-NG/DNA/univ/uni/SARS-CoV-2_200414.9.raxml.bootstraps

Execution log saved to: /home/hikoyu/analysis/Genome/SARS-CoV-2/phylogeny/RAxML-NG/DNA/univ/uni/SARS-CoV-2_200414.9.raxml.log

Analysis started: 15-Apr-2020 23:44:49 / finished: 16-Apr-2020 02:53:21

Elapsed time: 11311.856 seconds

