
RAxML-NG v. 0.9.0 released on 20.05.2019 by The Exelixis Lab.
Developed by: Alexey M. Kozlov and Alexandros Stamatakis.
Contributors: Diego Darriba, Tomas Flouri, Benoit Morel, Sarah Lutteropp, Ben Bettisworth.
Latest version: https://github.com/amkozlov/raxml-ng
Questions/problems/suggestions? Please visit: https://groups.google.com/forum/#!forum/raxml

RAxML-NG was called at 21-Mar-2020 17:47:05 as follows:

raxml-ng --threads 1 --search --tree rand{8},pars{8} --seed 3447324266 --prefix phylogeny/RAxML-NG/DNA/univ/uni/SARS-CoV-2_200320.9 --msa phylogeny/RAxML-NG/DNA/univ/uni/SARS-CoV-2_200320.raxml.rba --outgroup MG772933.1

Analysis options:
  run mode: ML tree search
  start tree(s): random (8) + parsimony (8)
  random seed: 3447324266
  tip-inner: OFF
  pattern compression: ON
  per-rate scalers: OFF
  site repeats: ON
  fast spr radius: AUTO
  spr subtree cutoff: 1.000000
  branch lengths: proportional (ML estimate, algorithm: NR-FAST)
  SIMD kernels: AVX2
  parallelization: NONE/sequential

[00:00:00] Loading binary alignment from file: phylogeny/RAxML-NG/DNA/univ/uni/SARS-CoV-2_200320.raxml.rba
[00:00:00] Alignment comprises 78 taxa, 1 partitions and 212 patterns

Partition 0: noname
Model: GTR+FO+I
Alignment sites / patterns: 29148 / 212
Gaps: 0.06 %
Invariant sites: 85.79 %


[00:00:00] Generating 8 random starting tree(s) with 78 taxa
[00:00:00] Generating 8 parsimony starting tree(s) with 78 taxa
[00:00:00] Data distribution: max. partitions/sites/weight per thread: 1 / 212 / 848

Starting ML tree search with 16 distinct starting trees

[00:00:00 -184508.305589] Initial branch length optimization
[00:00:00 -63192.983252] Model parameter optimization (eps = 10.000000)
[00:00:00 -60261.606511] AUTODETECT spr round 1 (radius: 5)
[00:00:00 -59714.864913] AUTODETECT spr round 2 (radius: 10)
[00:00:00 -59526.809617] AUTODETECT spr round 3 (radius: 15)
[00:00:00 -59437.458025] AUTODETECT spr round 4 (radius: 20)
[00:00:00 -59437.439819] SPR radius for FAST iterations: 15 (autodetect)
[00:00:00 -59437.439819] Model parameter optimization (eps = 3.000000)
[00:00:01 -59427.183331] FAST spr round 1 (radius: 15)
[00:00:01 -59287.867741] FAST spr round 2 (radius: 15)
[00:00:01 -59287.861148] Model parameter optimization (eps = 1.000000)
[00:00:01 -59286.930550] SLOW spr round 1 (radius: 5)
[00:00:02 -59286.925448] SLOW spr round 2 (radius: 10)
[00:00:02 -59286.925342] SLOW spr round 3 (radius: 15)
[00:00:03 -59286.925336] SLOW spr round 4 (radius: 20)
[00:00:03 -59286.925336] SLOW spr round 5 (radius: 25)
[00:00:03 -59286.925336] Model parameter optimization (eps = 0.100000)

[00:00:04] ML tree search #1, logLikelihood: -59284.754781

[00:00:04 -184473.549135] Initial branch length optimization
[00:00:04 -69392.331067] Model parameter optimization (eps = 10.000000)
[00:00:05 -60249.854097] AUTODETECT spr round 1 (radius: 5)
[00:00:05 -59733.526067] AUTODETECT spr round 2 (radius: 10)
[00:00:05 -59501.233247] AUTODETECT spr round 3 (radius: 15)
[00:00:05 -59399.745851] AUTODETECT spr round 4 (radius: 20)
[00:00:05 -59399.735307] SPR radius for FAST iterations: 15 (autodetect)
[00:00:05 -59399.735307] Model parameter optimization (eps = 3.000000)
[00:00:06 -59370.709648] FAST spr round 1 (radius: 15)
[00:00:06 -59290.877657] FAST spr round 2 (radius: 15)
[00:00:07 -59290.877569] Model parameter optimization (eps = 1.000000)
[00:00:07 -59286.774023] SLOW spr round 1 (radius: 5)
[00:00:07 -59286.767783] SLOW spr round 2 (radius: 10)
[00:00:08 -59286.767476] SLOW spr round 3 (radius: 15)
[00:00:08 -59286.767459] SLOW spr round 4 (radius: 20)
[00:00:09 -59286.767459] SLOW spr round 5 (radius: 25)
[00:00:09 -59286.767458] Model parameter optimization (eps = 0.100000)

[00:00:09] ML tree search #2, logLikelihood: -59284.740726

[00:00:09 -184474.085022] Initial branch length optimization
[00:00:09 -69345.739772] Model parameter optimization (eps = 10.000000)
[00:00:10 -60206.412889] AUTODETECT spr round 1 (radius: 5)
[00:00:10 -59771.807452] AUTODETECT spr round 2 (radius: 10)
[00:00:11 -59514.635320] AUTODETECT spr round 3 (radius: 15)
[00:00:11 -59466.275151] AUTODETECT spr round 4 (radius: 20)
[00:00:11 -59466.275151] SPR radius for FAST iterations: 15 (autodetect)
[00:00:11 -59466.275151] Model parameter optimization (eps = 3.000000)
[00:00:11 -59458.886040] FAST spr round 1 (radius: 15)
[00:00:11 -59302.366453] FAST spr round 2 (radius: 15)
[00:00:12 -59302.262883] FAST spr round 3 (radius: 15)
[00:00:12 -59302.262805] Model parameter optimization (eps = 1.000000)
[00:00:13 -59286.686677] SLOW spr round 1 (radius: 5)
[00:00:13 -59286.679002] SLOW spr round 2 (radius: 10)
[00:00:14 -59286.678636] SLOW spr round 3 (radius: 15)
[00:00:14 -59286.678616] SLOW spr round 4 (radius: 20)
[00:00:14 -59286.678615] SLOW spr round 5 (radius: 25)
[00:00:15 -59286.678615] Model parameter optimization (eps = 0.100000)

[00:00:15] ML tree search #3, logLikelihood: -59284.721663

[00:00:15 -184501.361820] Initial branch length optimization
[00:00:15 -69411.064992] Model parameter optimization (eps = 10.000000)
[00:00:16 -60262.361993] AUTODETECT spr round 1 (radius: 5)
[00:00:16 -59735.433554] AUTODETECT spr round 2 (radius: 10)
[00:00:16 -59543.349481] AUTODETECT spr round 3 (radius: 15)
[00:00:16 -59426.414020] AUTODETECT spr round 4 (radius: 20)
[00:00:17 -59426.413231] SPR radius for FAST iterations: 15 (autodetect)
[00:00:17 -59426.413231] Model parameter optimization (eps = 3.000000)
[00:00:17 -59396.463811] FAST spr round 1 (radius: 15)
[00:00:17 -59290.946284] FAST spr round 2 (radius: 15)
[00:00:18 -59290.946004] Model parameter optimization (eps = 1.000000)
[00:00:18 -59286.804358] SLOW spr round 1 (radius: 5)
[00:00:18 -59286.795603] SLOW spr round 2 (radius: 10)
[00:00:19 -59286.795278] SLOW spr round 3 (radius: 15)
[00:00:19 -59286.795261] SLOW spr round 4 (radius: 20)
[00:00:20 -59286.795260] SLOW spr round 5 (radius: 25)
[00:00:20 -59286.795260] Model parameter optimization (eps = 0.100000)

[00:00:20] ML tree search #4, logLikelihood: -59284.731515

[00:00:20 -184478.992623] Initial branch length optimization
[00:00:20 -69376.331066] Model parameter optimization (eps = 10.000000)
[00:00:21 -60237.953852] AUTODETECT spr round 1 (radius: 5)
[00:00:21 -59721.105546] AUTODETECT spr round 2 (radius: 10)
[00:00:22 -59556.580573] AUTODETECT spr round 3 (radius: 15)
[00:00:22 -59472.029984] AUTODETECT spr round 4 (radius: 20)
[00:00:22 -59472.029979] SPR radius for FAST iterations: 15 (autodetect)
[00:00:22 -59472.029979] Model parameter optimization (eps = 3.000000)
[00:00:22 -59458.584677] FAST spr round 1 (radius: 15)
[00:00:23 -59301.741147] FAST spr round 2 (radius: 15)
[00:00:23 -59301.725912] Model parameter optimization (eps = 1.000000)
[00:00:23 -59286.956721] SLOW spr round 1 (radius: 5)
[00:00:24 -59286.677158] SLOW spr round 2 (radius: 5)
[00:00:24 -59286.676917] SLOW spr round 3 (radius: 10)
[00:00:25 -59286.676889] SLOW spr round 4 (radius: 15)
[00:00:25 -59286.676887] SLOW spr round 5 (radius: 20)
[00:00:26 -59286.676887] SLOW spr round 6 (radius: 25)
[00:00:26 -59286.676887] Model parameter optimization (eps = 0.100000)

[00:00:26] ML tree search #5, logLikelihood: -59284.721646

[00:00:26 -184459.800463] Initial branch length optimization
[00:00:26 -69302.047693] Model parameter optimization (eps = 10.000000)
[00:00:27 -60177.698610] AUTODETECT spr round 1 (radius: 5)
[00:00:27 -59699.555079] AUTODETECT spr round 2 (radius: 10)
[00:00:28 -59563.218453] AUTODETECT spr round 3 (radius: 15)
[00:00:28 -59477.708819] AUTODETECT spr round 4 (radius: 20)
[00:00:28 -59477.708814] SPR radius for FAST iterations: 15 (autodetect)
[00:00:28 -59477.708814] Model parameter optimization (eps = 3.000000)
[00:00:28 -59471.187420] FAST spr round 1 (radius: 15)
[00:00:28 -59302.062182] FAST spr round 2 (radius: 15)
[00:00:29 -59302.059460] Model parameter optimization (eps = 1.000000)
[00:00:29 -59286.679398] SLOW spr round 1 (radius: 5)
[00:00:30 -59286.669454] SLOW spr round 2 (radius: 10)
[00:00:30 -59286.669087] SLOW spr round 3 (radius: 15)
[00:00:31 -59286.669067] SLOW spr round 4 (radius: 20)
[00:00:31 -59286.669066] SLOW spr round 5 (radius: 25)
[00:00:31 -59286.669066] Model parameter optimization (eps = 0.100000)

[00:00:31] ML tree search #6, logLikelihood: -59284.720549

[00:00:31 -184488.817066] Initial branch length optimization
[00:00:31 -69367.295543] Model parameter optimization (eps = 10.000000)
[00:00:33 -60230.619306] AUTODETECT spr round 1 (radius: 5)
[00:00:33 -59751.246736] AUTODETECT spr round 2 (radius: 10)
[00:00:33 -59616.841346] AUTODETECT spr round 3 (radius: 15)
[00:00:33 -59474.189802] AUTODETECT spr round 4 (radius: 20)
[00:00:33 -59474.185995] SPR radius for FAST iterations: 15 (autodetect)
[00:00:33 -59474.185995] Model parameter optimization (eps = 3.000000)
[00:00:33 -59453.441006] FAST spr round 1 (radius: 15)
[00:00:34 -59291.687714] FAST spr round 2 (radius: 15)
[00:00:34 -59291.687453] Model parameter optimization (eps = 1.000000)
[00:00:34 -59286.332856] SLOW spr round 1 (radius: 5)
[00:00:35 -59286.327152] SLOW spr round 2 (radius: 10)
[00:00:35 -59286.326860] SLOW spr round 3 (radius: 15)
[00:00:36 -59286.312404] SLOW spr round 4 (radius: 20)
[00:00:36 -59286.312403] SLOW spr round 5 (radius: 25)
[00:00:36 -59286.312403] Model parameter optimization (eps = 0.100000)

[00:00:37] ML tree search #7, logLikelihood: -59284.769020

[00:00:37 -184465.043781] Initial branch length optimization
[00:00:37 -69276.229725] Model parameter optimization (eps = 10.000000)
[00:00:38 -60154.909956] AUTODETECT spr round 1 (radius: 5)
[00:00:38 -59715.538701] AUTODETECT spr round 2 (radius: 10)
[00:00:38 -59485.250275] AUTODETECT spr round 3 (radius: 15)
[00:00:38 -59452.715364] AUTODETECT spr round 4 (radius: 20)
[00:00:38 -59452.715364] SPR radius for FAST iterations: 15 (autodetect)
[00:00:38 -59452.715364] Model parameter optimization (eps = 3.000000)
[00:00:39 -59440.218971] FAST spr round 1 (radius: 15)
[00:00:39 -59301.329722] FAST spr round 2 (radius: 15)
[00:00:40 -59301.316580] Model parameter optimization (eps = 1.000000)
[00:00:40 -59286.601474] SLOW spr round 1 (radius: 5)
[00:00:40 -59286.595012] SLOW spr round 2 (radius: 10)
[00:00:41 -59286.594659] SLOW spr round 3 (radius: 15)
[00:00:42 -59286.594641] SLOW spr round 4 (radius: 20)
[00:00:42 -59286.594640] SLOW spr round 5 (radius: 25)
[00:00:42 -59286.594640] Model parameter optimization (eps = 0.100000)

[00:00:42] ML tree search #8, logLikelihood: -59284.722579

[00:00:42 -182739.545512] Initial branch length optimization
[00:00:42 -68381.382619] Model parameter optimization (eps = 10.000000)
[00:00:43 -59298.952764] AUTODETECT spr round 1 (radius: 5)
[00:00:43 -59298.808449] AUTODETECT spr round 2 (radius: 10)
[00:00:44 -59298.784445] SPR radius for FAST iterations: 5 (autodetect)
[00:00:44 -59298.784445] Model parameter optimization (eps = 3.000000)
[00:00:44 -59291.133306] FAST spr round 1 (radius: 5)
[00:00:44 -59291.104636] Model parameter optimization (eps = 1.000000)
[00:00:44 -59286.849224] SLOW spr round 1 (radius: 5)
[00:00:44 -59286.839673] SLOW spr round 2 (radius: 10)
[00:00:45 -59286.838968] SLOW spr round 3 (radius: 15)
[00:00:45 -59286.838930] SLOW spr round 4 (radius: 20)
[00:00:46 -59286.838928] SLOW spr round 5 (radius: 25)
[00:00:46 -59286.838927] Model parameter optimization (eps = 0.100000)

[00:00:46] ML tree search #9, logLikelihood: -59284.749256

[00:00:46 -182743.478080] Initial branch length optimization
[00:00:46 -68390.753675] Model parameter optimization (eps = 10.000000)
[00:00:47 -59307.840551] AUTODETECT spr round 1 (radius: 5)
[00:00:47 -59300.399350] AUTODETECT spr round 2 (radius: 10)
[00:00:48 -59300.397739] SPR radius for FAST iterations: 5 (autodetect)
[00:00:48 -59300.397739] Model parameter optimization (eps = 3.000000)
[00:00:48 -59289.605499] FAST spr round 1 (radius: 5)
[00:00:48 -59289.593338] Model parameter optimization (eps = 1.000000)
[00:00:48 -59286.351477] SLOW spr round 1 (radius: 5)
[00:00:49 -59286.346199] SLOW spr round 2 (radius: 10)
[00:00:49 -59286.345935] SLOW spr round 3 (radius: 15)
[00:00:49 -59286.345921] SLOW spr round 4 (radius: 20)
[00:00:50 -59286.345921] SLOW spr round 5 (radius: 25)
[00:00:50 -59286.345921] Model parameter optimization (eps = 0.100000)

[00:00:50] ML tree search #10, logLikelihood: -59284.786592

[00:00:50 -182745.137051] Initial branch length optimization
[00:00:50 -61532.445141] Model parameter optimization (eps = 10.000000)
[00:00:50 -59297.130055] AUTODETECT spr round 1 (radius: 5)
[00:00:50 -59297.089742] SPR radius for FAST iterations: 5 (autodetect)
[00:00:50 -59297.089742] Model parameter optimization (eps = 3.000000)
[00:00:51 -59290.367869] FAST spr round 1 (radius: 5)
[00:00:51 -59290.356190] Model parameter optimization (eps = 1.000000)
[00:00:51 -59286.877711] SLOW spr round 1 (radius: 5)
[00:00:51 -59286.873083] SLOW spr round 2 (radius: 10)
[00:00:52 -59286.176010] SLOW spr round 3 (radius: 5)
[00:00:52 -59286.174820] SLOW spr round 4 (radius: 10)
[00:00:53 -59286.174820] SLOW spr round 5 (radius: 15)
[00:00:53 -59286.174820] SLOW spr round 6 (radius: 20)
[00:00:53 -59286.174820] SLOW spr round 7 (radius: 25)
[00:00:54 -59286.174820] Model parameter optimization (eps = 0.100000)

[00:00:54] ML tree search #11, logLikelihood: -59284.750326

[00:00:54 -182740.972776] Initial branch length optimization
[00:00:54 -61539.724114] Model parameter optimization (eps = 10.000000)
[00:00:54 -59307.268612] AUTODETECT spr round 1 (radius: 5)
[00:00:54 -59296.217656] AUTODETECT spr round 2 (radius: 10)
[00:00:54 -59296.217501] SPR radius for FAST iterations: 5 (autodetect)
[00:00:54 -59296.217501] Model parameter optimization (eps = 3.000000)
[00:00:55 -59289.717660] FAST spr round 1 (radius: 5)
[00:00:55 -59289.707801] Model parameter optimization (eps = 1.000000)
[00:00:55 -59286.359871] SLOW spr round 1 (radius: 5)
[00:00:55 -59286.356057] SLOW spr round 2 (radius: 10)
[00:00:56 -59286.355941] SLOW spr round 3 (radius: 15)
[00:00:56 -59286.355940] SLOW spr round 4 (radius: 20)
[00:00:56 -59286.355940] SLOW spr round 5 (radius: 25)
[00:00:57 -59286.355940] Model parameter optimization (eps = 0.100000)

[00:00:57] ML tree search #12, logLikelihood: -59284.776042

[00:00:57 -182738.374968] Initial branch length optimization
[00:00:57 -61529.815271] Model parameter optimization (eps = 10.000000)
[00:00:57 -59296.318267] AUTODETECT spr round 1 (radius: 5)
[00:00:57 -59296.301319] SPR radius for FAST iterations: 5 (autodetect)
[00:00:57 -59296.301319] Model parameter optimization (eps = 3.000000)
[00:00:57 -59289.757667] FAST spr round 1 (radius: 5)
[00:00:57 -59289.747587] Model parameter optimization (eps = 1.000000)
[00:00:57 -59286.374297] SLOW spr round 1 (radius: 5)
[00:00:58 -59286.367631] SLOW spr round 2 (radius: 10)
[00:00:58 -59286.367514] SLOW spr round 3 (radius: 15)
[00:00:59 -59286.367513] SLOW spr round 4 (radius: 20)
[00:00:59 -59286.367513] SLOW spr round 5 (radius: 25)
[00:00:59 -59286.367513] Model parameter optimization (eps = 0.100000)

[00:01:00] ML tree search #13, logLikelihood: -59284.770945

[00:01:00 -182738.401778] Initial branch length optimization
[00:01:00 -68381.382614] Model parameter optimization (eps = 10.000000)
[00:01:01 -59300.580297] AUTODETECT spr round 1 (radius: 5)
[00:01:01 -59300.557425] SPR radius for FAST iterations: 5 (autodetect)
[00:01:01 -59300.557425] Model parameter optimization (eps = 3.000000)
[00:01:01 -59289.642111] FAST spr round 1 (radius: 5)
[00:01:01 -59289.627814] Model parameter optimization (eps = 1.000000)
[00:01:01 -59286.362666] SLOW spr round 1 (radius: 5)
[00:01:02 -59286.357410] SLOW spr round 2 (radius: 10)
[00:01:02 -59286.357141] SLOW spr round 3 (radius: 15)
[00:01:03 -59286.357127] SLOW spr round 4 (radius: 20)
[00:01:03 -59286.357126] SLOW spr round 5 (radius: 25)
[00:01:03 -59286.342700] Model parameter optimization (eps = 0.100000)

[00:01:03] ML tree search #14, logLikelihood: -59284.772504

[00:01:03 -182741.217638] Initial branch length optimization
[00:01:03 -61532.446127] Model parameter optimization (eps = 10.000000)
[00:01:03 -59297.131362] AUTODETECT spr round 1 (radius: 5)
[00:01:04 -59297.111314] SPR radius for FAST iterations: 5 (autodetect)
[00:01:04 -59297.111314] Model parameter optimization (eps = 3.000000)
[00:01:04 -59290.389582] FAST spr round 1 (radius: 5)
[00:01:04 -59290.377154] Model parameter optimization (eps = 1.000000)
[00:01:04 -59286.898887] SLOW spr round 1 (radius: 5)
[00:01:04 -59286.887173] SLOW spr round 2 (radius: 10)
[00:01:05 -59286.188966] SLOW spr round 3 (radius: 5)
[00:01:05 -59286.188934] SLOW spr round 4 (radius: 10)
[00:01:06 -59286.188933] SLOW spr round 5 (radius: 15)
[00:01:06 -59286.188933] SLOW spr round 6 (radius: 20)
[00:01:07 -59286.188933] SLOW spr round 7 (radius: 25)
[00:01:07 -59286.188933] Model parameter optimization (eps = 0.100000)

[00:01:07] ML tree search #15, logLikelihood: -59284.764666

[00:01:07 -182741.093920] Initial branch length optimization
[00:01:07 -61532.445141] Model parameter optimization (eps = 10.000000)
[00:01:07 -59297.129111] AUTODETECT spr round 1 (radius: 5)
[00:01:07 -59295.998533] AUTODETECT spr round 2 (radius: 10)
[00:01:07 -59295.993924] SPR radius for FAST iterations: 5 (autodetect)
[00:01:07 -59295.993924] Model parameter optimization (eps = 3.000000)
[00:01:08 -59289.634967] FAST spr round 1 (radius: 5)
[00:01:08 -59289.624731] Model parameter optimization (eps = 1.000000)
[00:01:08 -59286.337398] SLOW spr round 1 (radius: 5)
[00:01:08 -59286.330433] SLOW spr round 2 (radius: 10)
[00:01:09 -59286.330317] SLOW spr round 3 (radius: 15)
[00:01:09 -59286.330315] SLOW spr round 4 (radius: 20)
[00:01:09 -59286.330315] SLOW spr round 5 (radius: 25)
[00:01:10 -59286.330315] Model parameter optimization (eps = 0.100000)

[00:01:10] ML tree search #16, logLikelihood: -59284.772398


Optimized model parameters:

   Partition 0: noname
   Rate heterogeneity: NONE
   P-inv (ML): 0.702447
   Base frequencies (ML): 0.296247 0.183936 0.198936 0.320880 
   Substitution rates (ML): 1.166265 5.704005 2.585526 0.636115 16.643052 1.000000 


Final LogLikelihood: -59284.720549

AIC score: 118893.441099 / AICc score: 118895.263144 / BIC score: 120234.824034
Free parameters (model + branch lengths): 162

Best ML tree saved to: /home/hikoyu/analysis/Genome/SARS-CoV-2/phylogeny/RAxML-NG/DNA/univ/uni/SARS-CoV-2_200320.9.raxml.bestTree
All ML trees saved to: /home/hikoyu/analysis/Genome/SARS-CoV-2/phylogeny/RAxML-NG/DNA/univ/uni/SARS-CoV-2_200320.9.raxml.mlTrees
Optimized model saved to: /home/hikoyu/analysis/Genome/SARS-CoV-2/phylogeny/RAxML-NG/DNA/univ/uni/SARS-CoV-2_200320.9.raxml.bestModel

Execution log saved to: /home/hikoyu/analysis/Genome/SARS-CoV-2/phylogeny/RAxML-NG/DNA/univ/uni/SARS-CoV-2_200320.9.raxml.log

Analysis started: 21-Mar-2020 17:47:05 / finished: 21-Mar-2020 17:48:15

Elapsed time: 70.294 seconds

