
RAxML-NG v. 0.9.0 released on 20.05.2019 by The Exelixis Lab.
Developed by: Alexey M. Kozlov and Alexandros Stamatakis.
Contributors: Diego Darriba, Tomas Flouri, Benoit Morel, Sarah Lutteropp, Ben Bettisworth.
Latest version: https://github.com/amkozlov/raxml-ng
Questions/problems/suggestions? Please visit: https://groups.google.com/forum/#!forum/raxml

RAxML-NG was called at 19-Mar-2020 02:01:31 as follows:

raxml-ng --threads 1 --search --tree rand{8},pars{8} --seed 932264716 --prefix phylogeny/RAxML-NG/DNA/univ/uni/SARS-CoV-2_200318.4 --msa phylogeny/RAxML-NG/DNA/univ/uni/SARS-CoV-2_200318.raxml.rba --outgroup MG772933.1

Analysis options:
  run mode: ML tree search
  start tree(s): random (8) + parsimony (8)
  random seed: 932264716
  tip-inner: OFF
  pattern compression: ON
  per-rate scalers: OFF
  site repeats: ON
  fast spr radius: AUTO
  spr subtree cutoff: 1.000000
  branch lengths: proportional (ML estimate, algorithm: NR-FAST)
  SIMD kernels: AVX2
  parallelization: NONE/sequential

[00:00:00] Loading binary alignment from file: phylogeny/RAxML-NG/DNA/univ/uni/SARS-CoV-2_200318.raxml.rba
[00:00:00] Alignment comprises 74 taxa, 1 partitions and 208 patterns

Partition 0: noname
Model: GTR+FO+I
Alignment sites / patterns: 29148 / 208
Gaps: 0.06 %
Invariant sites: 85.80 %


[00:00:00] Generating 8 random starting tree(s) with 74 taxa
[00:00:00] Generating 8 parsimony starting tree(s) with 74 taxa
[00:00:00] Data distribution: max. partitions/sites/weight per thread: 1 / 208 / 832

Starting ML tree search with 16 distinct starting trees

[00:00:00 -178766.741681] Initial branch length optimization
[00:00:00 -69341.549673] Model parameter optimization (eps = 10.000000)
[00:00:01 -60205.262364] AUTODETECT spr round 1 (radius: 5)
[00:00:01 -59670.650980] AUTODETECT spr round 2 (radius: 10)
[00:00:01 -59414.061878] AUTODETECT spr round 3 (radius: 15)
[00:00:01 -59361.921780] AUTODETECT spr round 4 (radius: 20)
[00:00:01 -59361.919143] SPR radius for FAST iterations: 15 (autodetect)
[00:00:01 -59361.919143] Model parameter optimization (eps = 3.000000)
[00:00:01 -59348.318799] FAST spr round 1 (radius: 15)
[00:00:02 -59257.036488] FAST spr round 2 (radius: 15)
[00:00:02 -59248.968916] FAST spr round 3 (radius: 15)
[00:00:03 -59248.963712] Model parameter optimization (eps = 1.000000)
[00:00:03 -59234.427786] SLOW spr round 1 (radius: 5)
[00:00:03 -59234.418256] SLOW spr round 2 (radius: 10)
[00:00:04 -59234.417910] SLOW spr round 3 (radius: 15)
[00:00:04 -59234.417891] SLOW spr round 4 (radius: 20)
[00:00:04 -59234.417890] SLOW spr round 5 (radius: 25)
[00:00:05 -59234.417890] Model parameter optimization (eps = 0.100000)

[00:00:05] ML tree search #1, logLikelihood: -59232.625572

[00:00:05 -178780.365280] Initial branch length optimization
[00:00:05 -69364.420160] Model parameter optimization (eps = 10.000000)
[00:00:06 -60221.017007] AUTODETECT spr round 1 (radius: 5)
[00:00:06 -59625.147595] AUTODETECT spr round 2 (radius: 10)
[00:00:06 -59305.904408] AUTODETECT spr round 3 (radius: 15)
[00:00:06 -59295.164348] AUTODETECT spr round 4 (radius: 20)
[00:00:06 -59295.163332] SPR radius for FAST iterations: 15 (autodetect)
[00:00:06 -59295.163332] Model parameter optimization (eps = 3.000000)
[00:00:07 -59264.912507] FAST spr round 1 (radius: 15)
[00:00:07 -59238.125112] FAST spr round 2 (radius: 15)
[00:00:07 -59238.124794] Model parameter optimization (eps = 1.000000)
[00:00:07 -59234.430937] SLOW spr round 1 (radius: 5)
[00:00:08 -59234.422959] SLOW spr round 2 (radius: 10)
[00:00:09 -59234.422676] SLOW spr round 3 (radius: 15)
[00:00:09 -59234.422660] SLOW spr round 4 (radius: 20)
[00:00:09 -59234.422659] SLOW spr round 5 (radius: 25)
[00:00:09 -59234.422659] Model parameter optimization (eps = 0.100000)

[00:00:10] ML tree search #2, logLikelihood: -59232.625984

[00:00:10 -178721.503989] Initial branch length optimization
[00:00:10 -69276.884838] Model parameter optimization (eps = 10.000000)
[00:00:11 -60148.704058] AUTODETECT spr round 1 (radius: 5)
[00:00:11 -59695.182492] AUTODETECT spr round 2 (radius: 10)
[00:00:11 -59430.188151] AUTODETECT spr round 3 (radius: 15)
[00:00:11 -59412.794889] AUTODETECT spr round 4 (radius: 20)
[00:00:11 -59412.791418] SPR radius for FAST iterations: 15 (autodetect)
[00:00:11 -59412.791418] Model parameter optimization (eps = 3.000000)
[00:00:11 -59399.238394] FAST spr round 1 (radius: 15)
[00:00:12 -59318.457741] FAST spr round 2 (radius: 15)
[00:00:12 -59249.172478] FAST spr round 3 (radius: 15)
[00:00:13 -59249.069439] FAST spr round 4 (radius: 15)
[00:00:13 -59249.069171] Model parameter optimization (eps = 1.000000)
[00:00:13 -59234.386805] SLOW spr round 1 (radius: 5)
[00:00:14 -59234.380353] SLOW spr round 2 (radius: 10)
[00:00:15 -59234.380018] SLOW spr round 3 (radius: 15)
[00:00:15 -59234.379999] SLOW spr round 4 (radius: 20)
[00:00:15 -59234.379998] SLOW spr round 5 (radius: 25)
[00:00:15 -59234.379998] Model parameter optimization (eps = 0.100000)

[00:00:16] ML tree search #3, logLikelihood: -59232.616368

[00:00:16 -178766.581238] Initial branch length optimization
[00:00:16 -63068.069298] Model parameter optimization (eps = 10.000000)
[00:00:16 -60153.207287] AUTODETECT spr round 1 (radius: 5)
[00:00:16 -59595.665491] AUTODETECT spr round 2 (radius: 10)
[00:00:16 -59279.907335] AUTODETECT spr round 3 (radius: 15)
[00:00:16 -59268.428596] AUTODETECT spr round 4 (radius: 20)
[00:00:16 -59268.426888] SPR radius for FAST iterations: 15 (autodetect)
[00:00:16 -59268.426888] Model parameter optimization (eps = 3.000000)
[00:00:16 -59257.335751] FAST spr round 1 (radius: 15)
[00:00:17 -59235.090216] FAST spr round 2 (radius: 15)
[00:00:17 -59235.089980] Model parameter optimization (eps = 1.000000)
[00:00:17 -59234.302363] SLOW spr round 1 (radius: 5)
[00:00:18 -59234.297240] SLOW spr round 2 (radius: 10)
[00:00:18 -59234.297143] SLOW spr round 3 (radius: 15)
[00:00:19 -59234.297137] SLOW spr round 4 (radius: 20)
[00:00:19 -59234.297137] SLOW spr round 5 (radius: 25)
[00:00:19 -59234.297137] Model parameter optimization (eps = 0.100000)

[00:00:19] ML tree search #4, logLikelihood: -59232.700329

[00:00:19 -178767.142590] Initial branch length optimization
[00:00:19 -69272.262748] Model parameter optimization (eps = 10.000000)
[00:00:20 -60145.571353] AUTODETECT spr round 1 (radius: 5)
[00:00:21 -59658.008475] AUTODETECT spr round 2 (radius: 10)
[00:00:21 -59351.958846] AUTODETECT spr round 3 (radius: 15)
[00:00:21 -59341.841517] AUTODETECT spr round 4 (radius: 20)
[00:00:21 -59315.071038] AUTODETECT spr round 5 (radius: 25)
[00:00:21 -59315.070942] SPR radius for FAST iterations: 20 (autodetect)
[00:00:21 -59315.070942] Model parameter optimization (eps = 3.000000)
[00:00:21 -59284.984974] FAST spr round 1 (radius: 20)
[00:00:22 -59238.033055] FAST spr round 2 (radius: 20)
[00:00:22 -59238.032740] Model parameter optimization (eps = 1.000000)
[00:00:22 -59234.392309] SLOW spr round 1 (radius: 5)
[00:00:23 -59234.387144] SLOW spr round 2 (radius: 10)
[00:00:23 -59234.386862] SLOW spr round 3 (radius: 15)
[00:00:24 -59234.386847] SLOW spr round 4 (radius: 20)
[00:00:24 -59234.386846] SLOW spr round 5 (radius: 25)
[00:00:24 -59234.386846] Model parameter optimization (eps = 0.100000)

[00:00:25] ML tree search #5, logLikelihood: -59232.617309

[00:00:25 -178789.173315] Initial branch length optimization
[00:00:25 -69368.814766] Model parameter optimization (eps = 10.000000)
[00:00:26 -60228.520787] AUTODETECT spr round 1 (radius: 5)
[00:00:26 -59645.540320] AUTODETECT spr round 2 (radius: 10)
[00:00:26 -59402.181440] AUTODETECT spr round 3 (radius: 15)
[00:00:26 -59369.864457] AUTODETECT spr round 4 (radius: 20)
[00:00:26 -59369.864457] SPR radius for FAST iterations: 15 (autodetect)
[00:00:26 -59369.864457] Model parameter optimization (eps = 3.000000)
[00:00:26 -59355.746875] FAST spr round 1 (radius: 15)
[00:00:27 -59248.921817] FAST spr round 2 (radius: 15)
[00:00:27 -59248.913055] Model parameter optimization (eps = 1.000000)
[00:00:28 -59234.390943] SLOW spr round 1 (radius: 5)
[00:00:28 -59234.383944] SLOW spr round 2 (radius: 10)
[00:00:29 -59234.383607] SLOW spr round 3 (radius: 15)
[00:00:29 -59234.383588] SLOW spr round 4 (radius: 20)
[00:00:29 -59234.383587] SLOW spr round 5 (radius: 25)
[00:00:30 -59234.383587] Model parameter optimization (eps = 0.100000)

[00:00:30] ML tree search #6, logLikelihood: -59232.715976

[00:00:30 -178784.153908] Initial branch length optimization
[00:00:30 -63107.251767] Model parameter optimization (eps = 10.000000)
[00:00:30 -60182.074521] AUTODETECT spr round 1 (radius: 5)
[00:00:30 -59658.455931] AUTODETECT spr round 2 (radius: 10)
[00:00:30 -59449.503319] AUTODETECT spr round 3 (radius: 15)
[00:00:30 -59414.120254] AUTODETECT spr round 4 (radius: 20)
[00:00:31 -59368.877983] AUTODETECT spr round 5 (radius: 25)
[00:00:31 -59368.877842] SPR radius for FAST iterations: 20 (autodetect)
[00:00:31 -59368.877842] Model parameter optimization (eps = 3.000000)
[00:00:31 -59358.777726] FAST spr round 1 (radius: 20)
[00:00:31 -59235.410202] FAST spr round 2 (radius: 20)
[00:00:32 -59235.410034] Model parameter optimization (eps = 1.000000)
[00:00:32 -59234.522821] SLOW spr round 1 (radius: 5)
[00:00:32 -59234.517478] SLOW spr round 2 (radius: 10)
[00:00:33 -59234.517375] SLOW spr round 3 (radius: 15)
[00:00:33 -59234.517370] SLOW spr round 4 (radius: 20)
[00:00:33 -59234.517369] SLOW spr round 5 (radius: 25)
[00:00:34 -59234.517369] Model parameter optimization (eps = 0.100000)

[00:00:34] ML tree search #7, logLikelihood: -59232.645894

[00:00:34 -178779.847385] Initial branch length optimization
[00:00:34 -63150.094035] Model parameter optimization (eps = 10.000000)
[00:00:34 -60216.174208] AUTODETECT spr round 1 (radius: 5)
[00:00:34 -59619.491621] AUTODETECT spr round 2 (radius: 10)
[00:00:34 -59457.546842] AUTODETECT spr round 3 (radius: 15)
[00:00:34 -59352.484147] AUTODETECT spr round 4 (radius: 20)
[00:00:35 -59352.484143] SPR radius for FAST iterations: 15 (autodetect)
[00:00:35 -59352.484143] Model parameter optimization (eps = 3.000000)
[00:00:35 -59350.784143] FAST spr round 1 (radius: 15)
[00:00:35 -59243.644195] FAST spr round 2 (radius: 15)
[00:00:35 -59243.644195] Model parameter optimization (eps = 1.000000)
[00:00:36 -59234.577164] SLOW spr round 1 (radius: 5)
[00:00:36 -59234.567017] SLOW spr round 2 (radius: 10)
[00:00:37 -59234.566460] SLOW spr round 3 (radius: 15)
[00:00:37 -59234.566429] SLOW spr round 4 (radius: 20)
[00:00:37 -59234.566428] SLOW spr round 5 (radius: 25)
[00:00:38 -59234.566428] Model parameter optimization (eps = 0.100000)

[00:00:38] ML tree search #8, logLikelihood: -59232.651034

[00:00:38 -177024.324695] Initial branch length optimization
[00:00:38 -68322.503750] Model parameter optimization (eps = 10.000000)
[00:00:39 -59247.972013] AUTODETECT spr round 1 (radius: 5)
[00:00:39 -59247.950760] SPR radius for FAST iterations: 5 (autodetect)
[00:00:39 -59247.950760] Model parameter optimization (eps = 3.000000)
[00:00:39 -59237.309803] FAST spr round 1 (radius: 5)
[00:00:39 -59237.295983] Model parameter optimization (eps = 1.000000)
[00:00:40 -59234.855851] SLOW spr round 1 (radius: 5)
[00:00:40 -59234.847922] SLOW spr round 2 (radius: 10)
[00:00:40 -59234.847628] SLOW spr round 3 (radius: 15)
[00:00:41 -59234.847611] SLOW spr round 4 (radius: 20)
[00:00:41 -59234.847610] SLOW spr round 5 (radius: 25)
[00:00:41 -59234.847610] Model parameter optimization (eps = 0.100000)

[00:00:42] ML tree search #9, logLikelihood: -59232.679875

[00:00:42 -177023.904967] Initial branch length optimization
[00:00:42 -61475.954553] Model parameter optimization (eps = 10.000000)
[00:00:42 -59245.482572] AUTODETECT spr round 1 (radius: 5)
[00:00:42 -59244.353558] AUTODETECT spr round 2 (radius: 10)
[00:00:42 -59244.348781] SPR radius for FAST iterations: 5 (autodetect)
[00:00:42 -59244.348781] Model parameter optimization (eps = 3.000000)
[00:00:42 -59237.821071] FAST spr round 1 (radius: 5)
[00:00:42 -59237.810094] Model parameter optimization (eps = 1.000000)
[00:00:42 -59234.383042] SLOW spr round 1 (radius: 5)
[00:00:43 -59234.380014] SLOW spr round 2 (radius: 10)
[00:00:43 -59234.379888] SLOW spr round 3 (radius: 15)
[00:00:44 -59234.379887] SLOW spr round 4 (radius: 20)
[00:00:44 -59234.379887] SLOW spr round 5 (radius: 25)
[00:00:44 -59234.379887] Model parameter optimization (eps = 0.100000)

[00:00:44] ML tree search #10, logLikelihood: -59232.654320

[00:00:45 -177024.174707] Initial branch length optimization
[00:00:45 -68333.775901] Model parameter optimization (eps = 10.000000)
[00:00:45 -59257.355606] AUTODETECT spr round 1 (radius: 5)
[00:00:46 -59248.004773] AUTODETECT spr round 2 (radius: 10)
[00:00:46 -59248.003181] SPR radius for FAST iterations: 5 (autodetect)
[00:00:46 -59248.003181] Model parameter optimization (eps = 3.000000)
[00:00:46 -59237.329408] FAST spr round 1 (radius: 5)
[00:00:46 -59237.315928] Model parameter optimization (eps = 1.000000)
[00:00:46 -59234.864741] SLOW spr round 1 (radius: 5)
[00:00:46 -59234.858512] SLOW spr round 2 (radius: 10)
[00:00:47 -59234.858222] SLOW spr round 3 (radius: 15)
[00:00:47 -59234.858206] SLOW spr round 4 (radius: 20)
[00:00:48 -59234.858205] SLOW spr round 5 (radius: 25)
[00:00:48 -59234.858205] Model parameter optimization (eps = 0.100000)

[00:00:48] ML tree search #11, logLikelihood: -59232.680840

[00:00:48 -177021.272065] Initial branch length optimization
[00:00:48 -61473.324459] Model parameter optimization (eps = 10.000000)
[00:00:48 -59244.694940] AUTODETECT spr round 1 (radius: 5)
[00:00:48 -59244.674375] SPR radius for FAST iterations: 5 (autodetect)
[00:00:48 -59244.674375] Model parameter optimization (eps = 3.000000)
[00:00:49 -59237.953860] FAST spr round 1 (radius: 5)
[00:00:49 -59237.942264] Model parameter optimization (eps = 1.000000)
[00:00:49 -59234.425863] SLOW spr round 1 (radius: 5)
[00:00:49 -59234.421176] SLOW spr round 2 (radius: 10)
[00:00:50 -59234.421047] SLOW spr round 3 (radius: 15)
[00:00:50 -59234.406600] SLOW spr round 4 (radius: 20)
[00:00:50 -59234.406600] SLOW spr round 5 (radius: 25)
[00:00:51 -59234.406600] Model parameter optimization (eps = 0.100000)

[00:00:51] ML tree search #12, logLikelihood: -59232.643972

[00:00:51 -177027.120873] Initial branch length optimization
[00:00:51 -61485.017827] Model parameter optimization (eps = 10.000000)
[00:00:51 -59253.961782] AUTODETECT spr round 1 (radius: 5)
[00:00:51 -59253.575150] AUTODETECT spr round 2 (radius: 10)
[00:00:51 -59244.331920] AUTODETECT spr round 3 (radius: 15)
[00:00:51 -59244.331920] SPR radius for FAST iterations: 10 (autodetect)
[00:00:51 -59244.331920] Model parameter optimization (eps = 3.000000)
[00:00:51 -59237.801731] FAST spr round 1 (radius: 10)
[00:00:52 -59237.794408] Model parameter optimization (eps = 1.000000)
[00:00:52 -59234.369458] SLOW spr round 1 (radius: 5)
[00:00:52 -59234.364243] SLOW spr round 2 (radius: 10)
[00:00:53 -59234.364213] SLOW spr round 3 (radius: 15)
[00:00:53 -59234.364212] SLOW spr round 4 (radius: 20)
[00:00:53 -59234.364212] SLOW spr round 5 (radius: 25)
[00:00:54 -59234.364212] Model parameter optimization (eps = 0.100000)

[00:00:54] ML tree search #13, logLikelihood: -59232.639457

[00:00:54 -177023.951816] Initial branch length optimization
[00:00:54 -61475.954552] Model parameter optimization (eps = 10.000000)
[00:00:54 -59245.482872] AUTODETECT spr round 1 (radius: 5)
[00:00:54 -59244.350801] AUTODETECT spr round 2 (radius: 10)
[00:00:54 -59244.350547] SPR radius for FAST iterations: 5 (autodetect)
[00:00:54 -59244.350547] Model parameter optimization (eps = 3.000000)
[00:00:54 -59237.823295] FAST spr round 1 (radius: 5)
[00:00:55 -59237.810756] Model parameter optimization (eps = 1.000000)
[00:00:55 -59234.383300] SLOW spr round 1 (radius: 5)
[00:00:55 -59234.379005] SLOW spr round 2 (radius: 10)
[00:00:55 -59234.378878] SLOW spr round 3 (radius: 15)
[00:00:56 -59234.378876] SLOW spr round 4 (radius: 20)
[00:00:56 -59234.378876] SLOW spr round 5 (radius: 25)
[00:00:56 -59234.378876] Model parameter optimization (eps = 0.100000)

[00:00:57] ML tree search #14, logLikelihood: -59232.653891

[00:00:57 -177024.083910] Initial branch length optimization
[00:00:57 -61475.954548] Model parameter optimization (eps = 10.000000)
[00:00:57 -59245.482066] AUTODETECT spr round 1 (radius: 5)
[00:00:57 -59244.356421] AUTODETECT spr round 2 (radius: 10)
[00:00:57 -59244.351653] SPR radius for FAST iterations: 5 (autodetect)
[00:00:57 -59244.351653] Model parameter optimization (eps = 3.000000)
[00:00:57 -59237.824807] FAST spr round 1 (radius: 5)
[00:00:57 -59237.798216] Model parameter optimization (eps = 1.000000)
[00:00:57 -59234.371340] SLOW spr round 1 (radius: 5)
[00:00:58 -59234.364064] SLOW spr round 2 (radius: 10)
[00:00:58 -59234.363936] SLOW spr round 3 (radius: 15)
[00:00:59 -59234.363934] SLOW spr round 4 (radius: 20)
[00:00:59 -59234.363934] SLOW spr round 5 (radius: 25)
[00:00:59 -59234.363934] Model parameter optimization (eps = 0.100000)

[00:01:00] ML tree search #15, logLikelihood: -59232.639191

[00:01:00 -177025.953454] Initial branch length optimization
[00:01:00 -61485.848448] Model parameter optimization (eps = 10.000000)
[00:01:00 -59253.415371] AUTODETECT spr round 1 (radius: 5)
[00:01:00 -59244.140188] AUTODETECT spr round 2 (radius: 10)
[00:01:00 -59244.139927] SPR radius for FAST iterations: 5 (autodetect)
[00:01:00 -59244.139927] Model parameter optimization (eps = 3.000000)
[00:01:00 -59237.740818] FAST spr round 1 (radius: 5)
[00:01:00 -59237.727649] Model parameter optimization (eps = 1.000000)
[00:01:00 -59234.358136] SLOW spr round 1 (radius: 5)
[00:01:01 -59234.355251] SLOW spr round 2 (radius: 10)
[00:01:01 -59234.355127] SLOW spr round 3 (radius: 15)
[00:01:02 -59234.355125] SLOW spr round 4 (radius: 20)
[00:01:02 -59234.340667] SLOW spr round 5 (radius: 25)
[00:01:02 -59234.340667] Model parameter optimization (eps = 0.100000)

[00:01:02] ML tree search #16, logLikelihood: -59232.637320


Optimized model parameters:

   Partition 0: noname
   Rate heterogeneity: NONE
   P-inv (ML): 0.703816
   Base frequencies (ML): 0.296257 0.183952 0.198915 0.320876 
   Substitution rates (ML): 1.171923 5.741211 2.601747 0.641458 16.799564 1.000000 


Final LogLikelihood: -59232.616368

AIC score: 118773.232736 / AICc score: 118774.879341 / BIC score: 120048.374540
Free parameters (model + branch lengths): 154

Best ML tree saved to: /home/hikoyu/analysis/Genome/SARS-CoV-2/phylogeny/RAxML-NG/DNA/univ/uni/SARS-CoV-2_200318.4.raxml.bestTree
All ML trees saved to: /home/hikoyu/analysis/Genome/SARS-CoV-2/phylogeny/RAxML-NG/DNA/univ/uni/SARS-CoV-2_200318.4.raxml.mlTrees
Optimized model saved to: /home/hikoyu/analysis/Genome/SARS-CoV-2/phylogeny/RAxML-NG/DNA/univ/uni/SARS-CoV-2_200318.4.raxml.bestModel

Execution log saved to: /home/hikoyu/analysis/Genome/SARS-CoV-2/phylogeny/RAxML-NG/DNA/univ/uni/SARS-CoV-2_200318.4.raxml.log

Analysis started: 19-Mar-2020 02:01:31 / finished: 19-Mar-2020 02:02:33

Elapsed time: 62.772 seconds

