
RAxML-NG v. 0.9.0 released on 20.05.2019 by The Exelixis Lab.
Developed by: Alexey M. Kozlov and Alexandros Stamatakis.
Contributors: Diego Darriba, Tomas Flouri, Benoit Morel, Sarah Lutteropp, Ben Bettisworth.
Latest version: https://github.com/amkozlov/raxml-ng
Questions/problems/suggestions? Please visit: https://groups.google.com/forum/#!forum/raxml

RAxML-NG was called at 21-Mar-2020 17:44:31 as follows:

raxml-ng --threads 1 --search --tree rand{9},pars{9} --seed 3785973427 --prefix phylogeny/RAxML-NG/DNA/univ/uni/SARS-CoV-2_200320.2 --msa phylogeny/RAxML-NG/DNA/univ/uni/SARS-CoV-2_200320.raxml.rba --outgroup MG772933.1

Analysis options:
  run mode: ML tree search
  start tree(s): random (9) + parsimony (9)
  random seed: 3785973427
  tip-inner: OFF
  pattern compression: ON
  per-rate scalers: OFF
  site repeats: ON
  fast spr radius: AUTO
  spr subtree cutoff: 1.000000
  branch lengths: proportional (ML estimate, algorithm: NR-FAST)
  SIMD kernels: AVX2
  parallelization: NONE/sequential

[00:00:00] Loading binary alignment from file: phylogeny/RAxML-NG/DNA/univ/uni/SARS-CoV-2_200320.raxml.rba
[00:00:00] Alignment comprises 78 taxa, 1 partitions and 212 patterns

Partition 0: noname
Model: GTR+FO+I
Alignment sites / patterns: 29148 / 212
Gaps: 0.06 %
Invariant sites: 85.79 %


[00:00:00] Generating 9 random starting tree(s) with 78 taxa
[00:00:00] Generating 9 parsimony starting tree(s) with 78 taxa
[00:00:00] Data distribution: max. partitions/sites/weight per thread: 1 / 212 / 848

Starting ML tree search with 18 distinct starting trees

[00:00:00 -184482.968784] Initial branch length optimization
[00:00:00 -69324.314987] Model parameter optimization (eps = 10.000000)
[00:00:01 -60195.006975] AUTODETECT spr round 1 (radius: 5)
[00:00:01 -59711.285806] AUTODETECT spr round 2 (radius: 10)
[00:00:01 -59508.098776] AUTODETECT spr round 3 (radius: 15)
[00:00:01 -59454.287419] AUTODETECT spr round 4 (radius: 20)
[00:00:01 -59454.287419] SPR radius for FAST iterations: 15 (autodetect)
[00:00:01 -59454.287419] Model parameter optimization (eps = 3.000000)
[00:00:01 -59441.977267] FAST spr round 1 (radius: 15)
[00:00:02 -59371.581350] FAST spr round 2 (radius: 15)
[00:00:02 -59301.935196] FAST spr round 3 (radius: 15)
[00:00:03 -59301.834348] FAST spr round 4 (radius: 15)
[00:00:03 -59301.828879] Model parameter optimization (eps = 1.000000)
[00:00:03 -59286.676015] SLOW spr round 1 (radius: 5)
[00:00:04 -59286.666109] SLOW spr round 2 (radius: 10)
[00:00:04 -59286.665744] SLOW spr round 3 (radius: 15)
[00:00:05 -59286.665725] SLOW spr round 4 (radius: 20)
[00:00:05 -59286.665724] SLOW spr round 5 (radius: 25)
[00:00:05 -59286.665724] Model parameter optimization (eps = 0.100000)

[00:00:06] ML tree search #1, logLikelihood: -59284.720175

[00:00:06 -184446.432929] Initial branch length optimization
[00:00:06 -69289.428788] Model parameter optimization (eps = 10.000000)
[00:00:07 -60166.669338] AUTODETECT spr round 1 (radius: 5)
[00:00:07 -59636.029102] AUTODETECT spr round 2 (radius: 10)
[00:00:07 -59351.574806] AUTODETECT spr round 3 (radius: 15)
[00:00:07 -59340.381677] AUTODETECT spr round 4 (radius: 20)
[00:00:08 -59340.380534] SPR radius for FAST iterations: 15 (autodetect)
[00:00:08 -59340.380534] Model parameter optimization (eps = 3.000000)
[00:00:08 -59318.818191] FAST spr round 1 (radius: 15)
[00:00:08 -59291.123227] FAST spr round 2 (radius: 15)
[00:00:09 -59291.122912] Model parameter optimization (eps = 1.000000)
[00:00:09 -59286.867008] SLOW spr round 1 (radius: 5)
[00:00:09 -59286.857239] SLOW spr round 2 (radius: 10)
[00:00:10 -59286.856908] SLOW spr round 3 (radius: 15)
[00:00:10 -59286.856889] SLOW spr round 4 (radius: 20)
[00:00:11 -59286.856888] SLOW spr round 5 (radius: 25)
[00:00:11 -59286.856888] Model parameter optimization (eps = 0.100000)

[00:00:11] ML tree search #2, logLikelihood: -59284.737814

[00:00:11 -184489.126992] Initial branch length optimization
[00:00:11 -69419.195192] Model parameter optimization (eps = 10.000000)
[00:00:12 -60275.365368] AUTODETECT spr round 1 (radius: 5)
[00:00:12 -59668.364454] AUTODETECT spr round 2 (radius: 10)
[00:00:13 -59478.030504] AUTODETECT spr round 3 (radius: 15)
[00:00:13 -59451.592946] AUTODETECT spr round 4 (radius: 20)
[00:00:13 -59451.554248] SPR radius for FAST iterations: 15 (autodetect)
[00:00:13 -59451.554248] Model parameter optimization (eps = 3.000000)
[00:00:13 -59437.386090] FAST spr round 1 (radius: 15)
[00:00:14 -59371.227860] FAST spr round 2 (radius: 15)
[00:00:14 -59301.512645] FAST spr round 3 (radius: 15)
[00:00:15 -59301.510663] Model parameter optimization (eps = 1.000000)
[00:00:15 -59286.581656] SLOW spr round 1 (radius: 5)
[00:00:16 -59286.574458] SLOW spr round 2 (radius: 10)
[00:00:16 -59286.574112] SLOW spr round 3 (radius: 15)
[00:00:17 -59286.574093] SLOW spr round 4 (radius: 20)
[00:00:17 -59286.574092] SLOW spr round 5 (radius: 25)
[00:00:17 -59286.574092] Model parameter optimization (eps = 0.100000)

[00:00:17] ML tree search #3, logLikelihood: -59284.720435

[00:00:17 -184489.249795] Initial branch length optimization
[00:00:17 -69363.973398] Model parameter optimization (eps = 10.000000)
[00:00:18 -60228.509071] AUTODETECT spr round 1 (radius: 5)
[00:00:18 -59670.422760] AUTODETECT spr round 2 (radius: 10)
[00:00:19 -59402.507004] AUTODETECT spr round 3 (radius: 15)
[00:00:19 -59338.210386] AUTODETECT spr round 4 (radius: 20)
[00:00:19 -59338.199811] SPR radius for FAST iterations: 15 (autodetect)
[00:00:19 -59338.199811] Model parameter optimization (eps = 3.000000)
[00:00:19 -59308.111063] FAST spr round 1 (radius: 15)
[00:00:20 -59290.574294] FAST spr round 2 (radius: 15)
[00:00:20 -59290.573917] Model parameter optimization (eps = 1.000000)
[00:00:20 -59286.688979] SLOW spr round 1 (radius: 5)
[00:00:21 -59286.681946] SLOW spr round 2 (radius: 10)
[00:00:21 -59286.681640] SLOW spr round 3 (radius: 15)
[00:00:22 -59286.681623] SLOW spr round 4 (radius: 20)
[00:00:22 -59286.681622] SLOW spr round 5 (radius: 25)
[00:00:22 -59286.681622] Model parameter optimization (eps = 0.100000)

[00:00:23] ML tree search #4, logLikelihood: -59284.722059

[00:00:23 -184500.397719] Initial branch length optimization
[00:00:23 -69415.724793] Model parameter optimization (eps = 10.000000)
[00:00:24 -60273.927401] AUTODETECT spr round 1 (radius: 5)
[00:00:24 -59662.385305] AUTODETECT spr round 2 (radius: 10)
[00:00:24 -59361.520804] AUTODETECT spr round 3 (radius: 15)
[00:00:24 -59351.742922] AUTODETECT spr round 4 (radius: 20)
[00:00:24 -59336.478048] AUTODETECT spr round 5 (radius: 25)
[00:00:24 -59336.477941] SPR radius for FAST iterations: 20 (autodetect)
[00:00:24 -59336.477941] Model parameter optimization (eps = 3.000000)
[00:00:25 -59306.208352] FAST spr round 1 (radius: 20)
[00:00:25 -59290.580243] FAST spr round 2 (radius: 20)
[00:00:26 -59290.580243] Model parameter optimization (eps = 1.000000)
[00:00:26 -59286.676720] SLOW spr round 1 (radius: 5)
[00:00:26 -59286.664031] SLOW spr round 2 (radius: 10)
[00:00:27 -59286.663741] SLOW spr round 3 (radius: 15)
[00:00:27 -59286.663725] SLOW spr round 4 (radius: 20)
[00:00:28 -59286.663724] SLOW spr round 5 (radius: 25)
[00:00:28 -59286.663724] Model parameter optimization (eps = 0.100000)

[00:00:28] ML tree search #5, logLikelihood: -59284.720033

[00:00:28 -184468.755400] Initial branch length optimization
[00:00:28 -69371.085731] Model parameter optimization (eps = 10.000000)
[00:00:29 -60232.625295] AUTODETECT spr round 1 (radius: 5)
[00:00:29 -59730.840760] AUTODETECT spr round 2 (radius: 10)
[00:00:29 -59519.253061] AUTODETECT spr round 3 (radius: 15)
[00:00:30 -59451.907069] AUTODETECT spr round 4 (radius: 20)
[00:00:30 -59436.712803] AUTODETECT spr round 5 (radius: 25)
[00:00:30 -59436.712697] SPR radius for FAST iterations: 20 (autodetect)
[00:00:30 -59436.712697] Model parameter optimization (eps = 3.000000)
[00:00:30 -59422.946089] FAST spr round 1 (radius: 20)
[00:00:30 -59301.494600] FAST spr round 2 (radius: 20)
[00:00:31 -59301.492252] Model parameter optimization (eps = 1.000000)
[00:00:31 -59286.605808] SLOW spr round 1 (radius: 5)
[00:00:32 -59286.598114] SLOW spr round 2 (radius: 10)
[00:00:32 -59286.597763] SLOW spr round 3 (radius: 15)
[00:00:33 -59286.597744] SLOW spr round 4 (radius: 20)
[00:00:33 -59286.597743] SLOW spr round 5 (radius: 25)
[00:00:33 -59286.597743] Model parameter optimization (eps = 0.100000)

[00:00:33] ML tree search #6, logLikelihood: -59284.723106

[00:00:33 -184496.792709] Initial branch length optimization
[00:00:33 -63187.356314] Model parameter optimization (eps = 10.000000)
[00:00:34 -60255.214494] AUTODETECT spr round 1 (radius: 5)
[00:00:34 -59662.392741] AUTODETECT spr round 2 (radius: 10)
[00:00:34 -59525.709019] AUTODETECT spr round 3 (radius: 15)
[00:00:34 -59455.887750] AUTODETECT spr round 4 (radius: 20)
[00:00:34 -59455.886899] SPR radius for FAST iterations: 15 (autodetect)
[00:00:34 -59455.886899] Model parameter optimization (eps = 3.000000)
[00:00:34 -59454.212595] FAST spr round 1 (radius: 15)
[00:00:35 -59296.227642] FAST spr round 2 (radius: 15)
[00:00:35 -59296.224850] Model parameter optimization (eps = 1.000000)
[00:00:35 -59286.841382] SLOW spr round 1 (radius: 5)
[00:00:36 -59286.830790] SLOW spr round 2 (radius: 10)
[00:00:36 -59286.830217] SLOW spr round 3 (radius: 15)
[00:00:37 -59286.830186] SLOW spr round 4 (radius: 20)
[00:00:37 -59286.830184] SLOW spr round 5 (radius: 25)
[00:00:38 -59286.830184] Model parameter optimization (eps = 0.100000)

[00:00:38] ML tree search #7, logLikelihood: -59284.734763

[00:00:38 -184504.578865] Initial branch length optimization
[00:00:38 -69393.202887] Model parameter optimization (eps = 10.000000)
[00:00:39 -60251.010260] AUTODETECT spr round 1 (radius: 5)
[00:00:39 -59751.083424] AUTODETECT spr round 2 (radius: 10)
[00:00:39 -59505.820851] AUTODETECT spr round 3 (radius: 15)
[00:00:39 -59479.232017] AUTODETECT spr round 4 (radius: 20)
[00:00:40 -59463.987285] AUTODETECT spr round 5 (radius: 25)
[00:00:40 -59463.987285] SPR radius for FAST iterations: 20 (autodetect)
[00:00:40 -59463.987285] Model parameter optimization (eps = 3.000000)
[00:00:40 -59450.228962] FAST spr round 1 (radius: 20)
[00:00:40 -59301.585614] FAST spr round 2 (radius: 20)
[00:00:41 -59301.576744] Model parameter optimization (eps = 1.000000)
[00:00:41 -59286.622865] SLOW spr round 1 (radius: 5)
[00:00:42 -59286.615683] SLOW spr round 2 (radius: 10)
[00:00:42 -59286.600874] SLOW spr round 3 (radius: 15)
[00:00:43 -59286.600855] SLOW spr round 4 (radius: 20)
[00:00:43 -59286.600854] SLOW spr round 5 (radius: 25)
[00:00:43 -59286.600854] Model parameter optimization (eps = 0.100000)

[00:00:43] ML tree search #8, logLikelihood: -59284.723316

[00:00:43 -184496.106884] Initial branch length optimization
[00:00:43 -69417.506621] Model parameter optimization (eps = 10.000000)
[00:00:44 -60273.229732] AUTODETECT spr round 1 (radius: 5)
[00:00:45 -59747.529150] AUTODETECT spr round 2 (radius: 10)
[00:00:45 -59507.694485] AUTODETECT spr round 3 (radius: 15)
[00:00:45 -59490.306675] AUTODETECT spr round 4 (radius: 20)
[00:00:45 -59490.306675] SPR radius for FAST iterations: 15 (autodetect)
[00:00:45 -59490.306675] Model parameter optimization (eps = 3.000000)
[00:00:45 -59476.891400] FAST spr round 1 (radius: 15)
[00:00:46 -59301.548623] FAST spr round 2 (radius: 15)
[00:00:46 -59301.538632] Model parameter optimization (eps = 1.000000)
[00:00:46 -59286.614287] SLOW spr round 1 (radius: 5)
[00:00:47 -59286.607953] SLOW spr round 2 (radius: 10)
[00:00:48 -59286.607599] SLOW spr round 3 (radius: 15)
[00:00:48 -59286.607580] SLOW spr round 4 (radius: 20)
[00:00:48 -59286.607579] SLOW spr round 5 (radius: 25)
[00:00:49 -59286.607579] Model parameter optimization (eps = 0.100000)

[00:00:49] ML tree search #9, logLikelihood: -59284.723990

[00:00:49 -182741.463841] Initial branch length optimization
[00:00:49 -68381.382615] Model parameter optimization (eps = 10.000000)
[00:00:50 -59300.564470] AUTODETECT spr round 1 (radius: 5)
[00:00:50 -59300.526630] SPR radius for FAST iterations: 5 (autodetect)
[00:00:50 -59300.526630] Model parameter optimization (eps = 3.000000)
[00:00:50 -59289.626450] FAST spr round 1 (radius: 5)
[00:00:50 -59289.611077] Model parameter optimization (eps = 1.000000)
[00:00:51 -59286.349538] SLOW spr round 1 (radius: 5)
[00:00:51 -59286.341289] SLOW spr round 2 (radius: 10)
[00:00:51 -59286.341021] SLOW spr round 3 (radius: 15)
[00:00:52 -59286.341007] SLOW spr round 4 (radius: 20)
[00:00:52 -59286.341006] SLOW spr round 5 (radius: 25)
[00:00:52 -59286.341006] Model parameter optimization (eps = 0.100000)

[00:00:53] ML tree search #10, logLikelihood: -59284.772508

[00:00:53 -182741.791993] Initial branch length optimization
[00:00:53 -68381.382617] Model parameter optimization (eps = 10.000000)
[00:00:54 -59300.555524] AUTODETECT spr round 1 (radius: 5)
[00:00:54 -59300.533134] SPR radius for FAST iterations: 5 (autodetect)
[00:00:54 -59300.533134] Model parameter optimization (eps = 3.000000)
[00:00:54 -59289.638288] FAST spr round 1 (radius: 5)
[00:00:54 -59289.623312] Model parameter optimization (eps = 1.000000)
[00:00:54 -59286.363004] SLOW spr round 1 (radius: 5)
[00:00:55 -59286.354896] SLOW spr round 2 (radius: 10)
[00:00:55 -59286.354628] SLOW spr round 3 (radius: 15)
[00:00:56 -59286.354614] SLOW spr round 4 (radius: 20)
[00:00:56 -59286.354613] SLOW spr round 5 (radius: 25)
[00:00:56 -59286.354613] Model parameter optimization (eps = 0.100000)

[00:00:57] ML tree search #11, logLikelihood: -59284.786855

[00:00:57 -182738.771563] Initial branch length optimization
[00:00:57 -61531.658447] Model parameter optimization (eps = 10.000000)
[00:00:57 -59297.908109] AUTODETECT spr round 1 (radius: 5)
[00:00:57 -59297.371342] AUTODETECT spr round 2 (radius: 10)
[00:00:57 -59296.247646] AUTODETECT spr round 3 (radius: 15)
[00:00:57 -59296.247059] SPR radius for FAST iterations: 10 (autodetect)
[00:00:57 -59296.247059] Model parameter optimization (eps = 3.000000)
[00:00:57 -59289.736792] FAST spr round 1 (radius: 10)
[00:00:58 -59289.724578] Model parameter optimization (eps = 1.000000)
[00:00:58 -59286.367364] SLOW spr round 1 (radius: 5)
[00:00:58 -59286.360245] SLOW spr round 2 (radius: 10)
[00:00:59 -59286.360129] SLOW spr round 3 (radius: 15)
[00:00:59 -59286.360127] SLOW spr round 4 (radius: 20)
[00:00:59 -59286.360127] SLOW spr round 5 (radius: 25)
[00:01:00 -59286.360127] Model parameter optimization (eps = 0.100000)

[00:01:00] ML tree search #12, logLikelihood: -59284.776707

[00:01:00 -182738.507678] Initial branch length optimization
[00:01:00 -61529.814904] Model parameter optimization (eps = 10.000000)
[00:01:00 -59296.316247] AUTODETECT spr round 1 (radius: 5)
[00:01:00 -59296.301267] SPR radius for FAST iterations: 5 (autodetect)
[00:01:00 -59296.301267] Model parameter optimization (eps = 3.000000)
[00:01:00 -59289.757432] FAST spr round 1 (radius: 5)
[00:01:00 -59289.747609] Model parameter optimization (eps = 1.000000)
[00:01:00 -59286.374037] SLOW spr round 1 (radius: 5)
[00:01:01 -59286.367677] SLOW spr round 2 (radius: 10)
[00:01:01 -59286.367561] SLOW spr round 3 (radius: 15)
[00:01:02 -59286.367559] SLOW spr round 4 (radius: 20)
[00:01:02 -59286.367559] SLOW spr round 5 (radius: 25)
[00:01:02 -59286.367559] Model parameter optimization (eps = 0.100000)

[00:01:03] ML tree search #13, logLikelihood: -59284.773002

[00:01:03 -182740.425386] Initial branch length optimization
[00:01:03 -61532.440074] Model parameter optimization (eps = 10.000000)
[00:01:03 -59297.120684] AUTODETECT spr round 1 (radius: 5)
[00:01:03 -59295.995872] AUTODETECT spr round 2 (radius: 10)
[00:01:03 -59295.991273] SPR radius for FAST iterations: 5 (autodetect)
[00:01:03 -59295.991273] Model parameter optimization (eps = 3.000000)
[00:01:03 -59289.632226] FAST spr round 1 (radius: 5)
[00:01:03 -59289.622159] Model parameter optimization (eps = 1.000000)
[00:01:03 -59286.334239] SLOW spr round 1 (radius: 5)
[00:01:04 -59286.330480] SLOW spr round 2 (radius: 10)
[00:01:04 -59286.330366] SLOW spr round 3 (radius: 15)
[00:01:05 -59286.330364] SLOW spr round 4 (radius: 20)
[00:01:05 -59286.330364] SLOW spr round 5 (radius: 25)
[00:01:05 -59286.330364] Model parameter optimization (eps = 0.100000)

[00:01:05] ML tree search #14, logLikelihood: -59284.772359

[00:01:05 -182740.517718] Initial branch length optimization
[00:01:05 -61539.708958] Model parameter optimization (eps = 10.000000)
[00:01:05 -59304.260095] AUTODETECT spr round 1 (radius: 5)
[00:01:06 -59304.245176] SPR radius for FAST iterations: 5 (autodetect)
[00:01:06 -59304.245176] Model parameter optimization (eps = 3.000000)
[00:01:06 -59297.590253] FAST spr round 1 (radius: 5)
[00:01:06 -59297.579909] Model parameter optimization (eps = 1.000000)
[00:01:06 -59294.141595] SLOW spr round 1 (radius: 5)
[00:01:06 -59294.136378] SLOW spr round 2 (radius: 10)
[00:01:07 -59294.136255] SLOW spr round 3 (radius: 15)
[00:01:07 -59294.136253] SLOW spr round 4 (radius: 20)
[00:01:07 -59286.247666] SLOW spr round 5 (radius: 5)
[00:01:08 -59286.247666] SLOW spr round 6 (radius: 10)
[00:01:08 -59286.247666] SLOW spr round 7 (radius: 15)
[00:01:09 -59286.247666] SLOW spr round 8 (radius: 20)
[00:01:09 -59286.247666] SLOW spr round 9 (radius: 25)
[00:01:09 -59286.233224] Model parameter optimization (eps = 0.100000)

[00:01:09] ML tree search #15, logLikelihood: -59284.759234

[00:01:09 -182747.097426] Initial branch length optimization
[00:01:09 -61542.343936] Model parameter optimization (eps = 10.000000)
[00:01:10 -59305.048891] AUTODETECT spr round 1 (radius: 5)
[00:01:10 -59296.873261] AUTODETECT spr round 2 (radius: 10)
[00:01:10 -59295.766093] AUTODETECT spr round 3 (radius: 15)
[00:01:10 -59295.765788] SPR radius for FAST iterations: 10 (autodetect)
[00:01:10 -59295.765788] Model parameter optimization (eps = 3.000000)
[00:01:10 -59289.546089] FAST spr round 1 (radius: 10)
[00:01:10 -59289.531525] Model parameter optimization (eps = 1.000000)
[00:01:10 -59286.993154] SLOW spr round 1 (radius: 5)
[00:01:11 -59286.986098] SLOW spr round 2 (radius: 10)
[00:01:12 -59286.985978] SLOW spr round 3 (radius: 15)
[00:01:12 -59286.985976] SLOW spr round 4 (radius: 20)
[00:01:12 -59286.971523] SLOW spr round 5 (radius: 25)
[00:01:13 -59286.971523] Model parameter optimization (eps = 0.100000)

[00:01:13] ML tree search #16, logLikelihood: -59284.752421

[00:01:13 -182741.801218] Initial branch length optimization
[00:01:13 -68381.382614] Model parameter optimization (eps = 10.000000)
[00:01:14 -59300.564313] AUTODETECT spr round 1 (radius: 5)
[00:01:14 -59300.539709] SPR radius for FAST iterations: 5 (autodetect)
[00:01:14 -59300.539709] Model parameter optimization (eps = 3.000000)
[00:01:14 -59289.641385] FAST spr round 1 (radius: 5)
[00:01:14 -59289.626816] Model parameter optimization (eps = 1.000000)
[00:01:15 -59286.362463] SLOW spr round 1 (radius: 5)
[00:01:15 -59286.357065] SLOW spr round 2 (radius: 10)
[00:01:15 -59286.356796] SLOW spr round 3 (radius: 15)
[00:01:16 -59286.356782] SLOW spr round 4 (radius: 20)
[00:01:16 -59286.356782] SLOW spr round 5 (radius: 25)
[00:01:16 -59286.356782] Model parameter optimization (eps = 0.100000)

[00:01:17] ML tree search #17, logLikelihood: -59284.786924

[00:01:17 -182745.032238] Initial branch length optimization
[00:01:17 -68391.285765] Model parameter optimization (eps = 10.000000)
[00:01:18 -59306.385540] AUTODETECT spr round 1 (radius: 5)
[00:01:18 -59298.339702] AUTODETECT spr round 2 (radius: 10)
[00:01:18 -59298.332536] SPR radius for FAST iterations: 5 (autodetect)
[00:01:18 -59298.332536] Model parameter optimization (eps = 3.000000)
[00:01:18 -59290.964613] FAST spr round 1 (radius: 5)
[00:01:18 -59290.932811] Model parameter optimization (eps = 1.000000)
[00:01:18 -59286.794528] SLOW spr round 1 (radius: 5)
[00:01:19 -59286.785214] SLOW spr round 2 (radius: 10)
[00:01:19 -59286.784538] SLOW spr round 3 (radius: 15)
[00:01:20 -59286.784501] SLOW spr round 4 (radius: 20)
[00:01:20 -59286.784499] SLOW spr round 5 (radius: 25)
[00:01:20 -59286.784499] Model parameter optimization (eps = 0.100000)

[00:01:20] ML tree search #18, logLikelihood: -59284.743638


Optimized model parameters:

   Partition 0: noname
   Rate heterogeneity: NONE
   P-inv (ML): 0.702434
   Base frequencies (ML): 0.296247 0.183937 0.198936 0.320880 
   Substitution rates (ML): 1.166290 5.703847 2.585471 0.636129 16.641887 1.000000 


Final LogLikelihood: -59284.720033

AIC score: 118893.440066 / AICc score: 118895.262112 / BIC score: 120234.823002
Free parameters (model + branch lengths): 162

Best ML tree saved to: /home/hikoyu/analysis/Genome/SARS-CoV-2/phylogeny/RAxML-NG/DNA/univ/uni/SARS-CoV-2_200320.2.raxml.bestTree
All ML trees saved to: /home/hikoyu/analysis/Genome/SARS-CoV-2/phylogeny/RAxML-NG/DNA/univ/uni/SARS-CoV-2_200320.2.raxml.mlTrees
Optimized model saved to: /home/hikoyu/analysis/Genome/SARS-CoV-2/phylogeny/RAxML-NG/DNA/univ/uni/SARS-CoV-2_200320.2.raxml.bestModel

Execution log saved to: /home/hikoyu/analysis/Genome/SARS-CoV-2/phylogeny/RAxML-NG/DNA/univ/uni/SARS-CoV-2_200320.2.raxml.log

Analysis started: 21-Mar-2020 17:44:31 / finished: 21-Mar-2020 17:45:52

Elapsed time: 80.941 seconds

