
RAxML-NG v. 0.9.0 released on 20.05.2019 by The Exelixis Lab.
Developed by: Alexey M. Kozlov and Alexandros Stamatakis.
Contributors: Diego Darriba, Tomas Flouri, Benoit Morel, Sarah Lutteropp, Ben Bettisworth.
Latest version: https://github.com/amkozlov/raxml-ng
Questions/problems/suggestions? Please visit: https://groups.google.com/forum/#!forum/raxml

RAxML-NG was called at 30-Mar-2020 00:09:25 as follows:

raxml-ng --threads 1 --bootstrap --bs-trees 83 --seed 143444582 --prefix phylogeny/RAxML-NG/DNA/univ/uni/SARS-CoV-2_200328.10 --msa phylogeny/RAxML-NG/DNA/univ/uni/SARS-CoV-2_200328.raxml.rba --outgroup MG772933.1

Analysis options:
  run mode: Bootstrapping
  start tree(s): 
  bootstrap replicates: 83
  random seed: 143444582
  tip-inner: OFF
  pattern compression: ON
  per-rate scalers: OFF
  site repeats: ON
  branch lengths: proportional (ML estimate, algorithm: NR-FAST)
  SIMD kernels: AVX2
  parallelization: NONE/sequential

[00:00:00] Loading binary alignment from file: phylogeny/RAxML-NG/DNA/univ/uni/SARS-CoV-2_200328.raxml.rba
[00:00:00] Alignment comprises 80 taxa, 1 partitions and 226 patterns

Partition 0: noname
Model: GTR+FO+G4m
Alignment sites / patterns: 29148 / 226
Gaps: 0.06 %
Invariant sites: 85.71 %


[00:00:00] Data distribution: max. partitions/sites/weight per thread: 1 / 226 / 3616
[00:00:00] Starting bootstrapping analysis with 83 replicates.

[00:00:07] Bootstrap tree #1, logLikelihood: -59588.246484
[00:00:13] Bootstrap tree #2, logLikelihood: -59669.178763
[00:00:22] Bootstrap tree #3, logLikelihood: -59665.315560
[00:00:29] Bootstrap tree #4, logLikelihood: -59855.533332
[00:00:36] Bootstrap tree #5, logLikelihood: -59374.148868
[00:00:43] Bootstrap tree #6, logLikelihood: -59383.304729
[00:00:51] Bootstrap tree #7, logLikelihood: -59841.243187
[00:00:58] Bootstrap tree #8, logLikelihood: -59789.826486
[00:01:04] Bootstrap tree #9, logLikelihood: -59647.878593
[00:01:11] Bootstrap tree #10, logLikelihood: -59836.622660
[00:01:20] Bootstrap tree #11, logLikelihood: -59777.894894
[00:01:27] Bootstrap tree #12, logLikelihood: -59690.540607
[00:01:34] Bootstrap tree #13, logLikelihood: -59551.126203
[00:01:41] Bootstrap tree #14, logLikelihood: -59612.433267
[00:01:47] Bootstrap tree #15, logLikelihood: -59093.414204
[00:01:55] Bootstrap tree #16, logLikelihood: -59612.620296
[00:02:02] Bootstrap tree #17, logLikelihood: -59430.852912
[00:02:09] Bootstrap tree #18, logLikelihood: -59305.196738
[00:02:15] Bootstrap tree #19, logLikelihood: -59400.813356
[00:02:22] Bootstrap tree #20, logLikelihood: -59850.266330
[00:02:28] Bootstrap tree #21, logLikelihood: -59458.208791
[00:02:34] Bootstrap tree #22, logLikelihood: -59566.944551
[00:02:41] Bootstrap tree #23, logLikelihood: -59574.758924
[00:02:51] Bootstrap tree #24, logLikelihood: -59639.902774
[00:02:58] Bootstrap tree #25, logLikelihood: -59551.045868
[00:03:04] Bootstrap tree #26, logLikelihood: -59275.793964
[00:03:11] Bootstrap tree #27, logLikelihood: -59399.714680
[00:03:18] Bootstrap tree #28, logLikelihood: -59098.467357
[00:03:25] Bootstrap tree #29, logLikelihood: -59488.098855
[00:03:32] Bootstrap tree #30, logLikelihood: -59294.132111
[00:03:38] Bootstrap tree #31, logLikelihood: -59228.517780
[00:03:46] Bootstrap tree #32, logLikelihood: -59474.512638
[00:03:52] Bootstrap tree #33, logLikelihood: -59337.416756
[00:04:01] Bootstrap tree #34, logLikelihood: -59634.416713
[00:04:07] Bootstrap tree #35, logLikelihood: -59705.274402
[00:04:14] Bootstrap tree #36, logLikelihood: -59785.348689
[00:04:21] Bootstrap tree #37, logLikelihood: -59417.405194
[00:04:29] Bootstrap tree #38, logLikelihood: -59811.663896
[00:04:36] Bootstrap tree #39, logLikelihood: -59465.650368
[00:04:43] Bootstrap tree #40, logLikelihood: -59920.896046
[00:04:52] Bootstrap tree #41, logLikelihood: -59405.113074
[00:04:58] Bootstrap tree #42, logLikelihood: -59550.213468
[00:05:08] Bootstrap tree #43, logLikelihood: -59748.046206
[00:05:15] Bootstrap tree #44, logLikelihood: -59342.843918
[00:05:22] Bootstrap tree #45, logLikelihood: -59770.204501
[00:05:35] Bootstrap tree #46, logLikelihood: -59735.768743
[00:05:42] Bootstrap tree #47, logLikelihood: -59284.631687
[00:05:50] Bootstrap tree #48, logLikelihood: -59422.681634
[00:05:57] Bootstrap tree #49, logLikelihood: -59698.822445
[00:06:05] Bootstrap tree #50, logLikelihood: -59775.006575
[00:06:15] Bootstrap tree #51, logLikelihood: -59558.806882
[00:06:22] Bootstrap tree #52, logLikelihood: -59730.685244
[00:06:29] Bootstrap tree #53, logLikelihood: -59554.164893
[00:06:36] Bootstrap tree #54, logLikelihood: -59946.251731
[00:06:44] Bootstrap tree #55, logLikelihood: -59825.767014
[00:06:51] Bootstrap tree #56, logLikelihood: -59616.455081
[00:06:58] Bootstrap tree #57, logLikelihood: -59640.473328
[00:07:05] Bootstrap tree #58, logLikelihood: -59614.300443
[00:07:12] Bootstrap tree #59, logLikelihood: -59389.541980
[00:07:19] Bootstrap tree #60, logLikelihood: -59543.569646
[00:07:26] Bootstrap tree #61, logLikelihood: -59607.864315
[00:07:32] Bootstrap tree #62, logLikelihood: -59814.684338
[00:07:39] Bootstrap tree #63, logLikelihood: -59465.045391
[00:07:48] Bootstrap tree #64, logLikelihood: -59384.124453
[00:07:54] Bootstrap tree #65, logLikelihood: -60016.562512
[00:08:02] Bootstrap tree #66, logLikelihood: -59806.527069
[00:08:08] Bootstrap tree #67, logLikelihood: -60119.176705
[00:08:19] Bootstrap tree #68, logLikelihood: -59522.689607
[00:08:29] Bootstrap tree #69, logLikelihood: -59933.546390
[00:08:36] Bootstrap tree #70, logLikelihood: -59575.551633
[00:08:43] Bootstrap tree #71, logLikelihood: -59940.487949
[00:08:51] Bootstrap tree #72, logLikelihood: -59518.592516
[00:08:58] Bootstrap tree #73, logLikelihood: -60194.044387
[00:09:06] Bootstrap tree #74, logLikelihood: -59301.169485
[00:09:13] Bootstrap tree #75, logLikelihood: -59405.605885
[00:09:20] Bootstrap tree #76, logLikelihood: -59414.845562
[00:09:32] Bootstrap tree #77, logLikelihood: -59942.601269
[00:09:39] Bootstrap tree #78, logLikelihood: -59684.347421
[00:09:46] Bootstrap tree #79, logLikelihood: -59591.121778
[00:09:52] Bootstrap tree #80, logLikelihood: -59579.929975
[00:09:59] Bootstrap tree #81, logLikelihood: -59545.534840
[00:10:07] Bootstrap tree #82, logLikelihood: -59723.492699
[00:10:12] Bootstrap tree #83, logLikelihood: -59886.933769

Bootstrap trees saved to: /home/hikoyu/analysis/Genome/SARS-CoV-2/phylogeny/RAxML-NG/DNA/univ/uni/SARS-CoV-2_200328.10.raxml.bootstraps

Execution log saved to: /home/hikoyu/analysis/Genome/SARS-CoV-2/phylogeny/RAxML-NG/DNA/univ/uni/SARS-CoV-2_200328.10.raxml.log

Analysis started: 30-Mar-2020 00:09:25 / finished: 30-Mar-2020 00:19:38

Elapsed time: 612.802 seconds

