
RAxML-NG v. 0.9.0 released on 20.05.2019 by The Exelixis Lab.
Developed by: Alexey M. Kozlov and Alexandros Stamatakis.
Contributors: Diego Darriba, Tomas Flouri, Benoit Morel, Sarah Lutteropp, Ben Bettisworth.
Latest version: https://github.com/amkozlov/raxml-ng
Questions/problems/suggestions? Please visit: https://groups.google.com/forum/#!forum/raxml

RAxML-NG was called at 16-Mar-2020 00:36:34 as follows:

raxml-ng --threads 1 --search --tree rand{8},pars{8} --seed 3666201672 --prefix phylogeny/RAxML-NG/DNA/univ/uni/SARS-CoV-2_200314.6 --msa phylogeny/RAxML-NG/DNA/univ/uni/SARS-CoV-2_200314.raxml.rba --outgroup MG772933.1

Analysis options:
  run mode: ML tree search
  start tree(s): random (8) + parsimony (8)
  random seed: 3666201672
  tip-inner: OFF
  pattern compression: ON
  per-rate scalers: OFF
  site repeats: ON
  fast spr radius: AUTO
  spr subtree cutoff: 1.000000
  branch lengths: proportional (ML estimate, algorithm: NR-FAST)
  SIMD kernels: AVX2
  parallelization: NONE/sequential

[00:00:00] Loading binary alignment from file: phylogeny/RAxML-NG/DNA/univ/uni/SARS-CoV-2_200314.raxml.rba
[00:00:00] Alignment comprises 89 taxa, 1 partitions and 218 patterns

Partition 0: noname
Model: GTR+FO+I
Alignment sites / patterns: 29145 / 218
Gaps: 0.05 %
Invariant sites: 85.78 %


[00:00:00] Generating 8 random starting tree(s) with 89 taxa
[00:00:00] Generating 8 parsimony starting tree(s) with 89 taxa
[00:00:00] Data distribution: max. partitions/sites/weight per thread: 1 / 218 / 872

Starting ML tree search with 16 distinct starting trees

[00:00:00 -200008.037225] Initial branch length optimization
[00:00:00 -63150.594464] Model parameter optimization (eps = 10.000000)
[00:00:00 -60239.604453] AUTODETECT spr round 1 (radius: 5)
[00:00:00 -59838.303969] AUTODETECT spr round 2 (radius: 10)
[00:00:00 -59691.557109] AUTODETECT spr round 3 (radius: 15)
[00:00:01 -59584.109107] AUTODETECT spr round 4 (radius: 20)
[00:00:01 -59584.099428] SPR radius for FAST iterations: 15 (autodetect)
[00:00:01 -59584.099428] Model parameter optimization (eps = 3.000000)
[00:00:01 -59582.547939] FAST spr round 1 (radius: 15)
[00:00:02 -59348.915414] FAST spr round 2 (radius: 15)
[00:00:02 -59348.910037] Model parameter optimization (eps = 1.000000)
[00:00:02 -59339.010693] SLOW spr round 1 (radius: 5)
[00:00:03 -59338.999611] SLOW spr round 2 (radius: 10)
[00:00:04 -59338.999025] SLOW spr round 3 (radius: 15)
[00:00:04 -59338.998994] SLOW spr round 4 (radius: 20)
[00:00:05 -59338.998993] SLOW spr round 5 (radius: 25)
[00:00:05 -59338.998993] Model parameter optimization (eps = 0.100000)

[00:00:05] ML tree search #1, logLikelihood: -59336.784664

[00:00:05 -200009.552883] Initial branch length optimization
[00:00:05 -69362.350590] Model parameter optimization (eps = 10.000000)
[00:00:06 -60237.339502] AUTODETECT spr round 1 (radius: 5)
[00:00:06 -59666.058783] AUTODETECT spr round 2 (radius: 10)
[00:00:07 -59483.456491] AUTODETECT spr round 3 (radius: 15)
[00:00:07 -59447.256693] AUTODETECT spr round 4 (radius: 20)
[00:00:07 -59447.254895] SPR radius for FAST iterations: 15 (autodetect)
[00:00:07 -59447.254895] Model parameter optimization (eps = 3.000000)
[00:00:07 -59418.907384] FAST spr round 1 (radius: 15)
[00:00:08 -59342.594420] FAST spr round 2 (radius: 15)
[00:00:09 -59342.593901] Model parameter optimization (eps = 1.000000)
[00:00:09 -59338.736998] SLOW spr round 1 (radius: 5)
[00:00:09 -59338.731077] SLOW spr round 2 (radius: 10)
[00:00:10 -59338.730781] SLOW spr round 3 (radius: 15)
[00:00:11 -59338.730766] SLOW spr round 4 (radius: 20)
[00:00:11 -59338.730765] SLOW spr round 5 (radius: 25)
[00:00:11 -59338.730765] Model parameter optimization (eps = 0.100000)

[00:00:12] ML tree search #2, logLikelihood: -59336.753195

[00:00:12 -200011.268939] Initial branch length optimization
[00:00:12 -69433.647632] Model parameter optimization (eps = 10.000000)
[00:00:13 -60295.134409] AUTODETECT spr round 1 (radius: 5)
[00:00:13 -59920.293395] AUTODETECT spr round 2 (radius: 10)
[00:00:13 -59607.767342] AUTODETECT spr round 3 (radius: 15)
[00:00:14 -59532.142729] AUTODETECT spr round 4 (radius: 20)
[00:00:14 -59512.799521] AUTODETECT spr round 5 (radius: 25)
[00:00:14 -59512.363944] SPR radius for FAST iterations: 25 (autodetect)
[00:00:14 -59512.363944] Model parameter optimization (eps = 3.000000)
[00:00:14 -59500.234501] FAST spr round 1 (radius: 25)
[00:00:15 -59371.377061] FAST spr round 2 (radius: 25)
[00:00:15 -59354.187742] FAST spr round 3 (radius: 25)
[00:00:16 -59354.187688] Model parameter optimization (eps = 1.000000)
[00:00:16 -59338.840271] SLOW spr round 1 (radius: 5)
[00:00:16 -59338.830689] SLOW spr round 2 (radius: 10)
[00:00:17 -59338.829825] SLOW spr round 3 (radius: 15)
[00:00:18 -59338.829806] SLOW spr round 4 (radius: 20)
[00:00:18 -59338.829805] SLOW spr round 5 (radius: 25)
[00:00:18 -59338.829805] Model parameter optimization (eps = 0.100000)

[00:00:19] ML tree search #3, logLikelihood: -59336.761652

[00:00:19 -200002.158259] Initial branch length optimization
[00:00:19 -69371.325394] Model parameter optimization (eps = 10.000000)
[00:00:20 -60248.420299] AUTODETECT spr round 1 (radius: 5)
[00:00:20 -59787.428336] AUTODETECT spr round 2 (radius: 10)
[00:00:20 -59506.374816] AUTODETECT spr round 3 (radius: 15)
[00:00:21 -59476.931244] AUTODETECT spr round 4 (radius: 20)
[00:00:21 -59476.931241] SPR radius for FAST iterations: 15 (autodetect)
[00:00:21 -59476.931241] Model parameter optimization (eps = 3.000000)
[00:00:21 -59464.733034] FAST spr round 1 (radius: 15)
[00:00:22 -59354.073356] FAST spr round 2 (radius: 15)
[00:00:22 -59354.071884] Model parameter optimization (eps = 1.000000)
[00:00:23 -59339.308215] SLOW spr round 1 (radius: 5)
[00:00:23 -59339.300426] SLOW spr round 2 (radius: 10)
[00:00:24 -59339.300082] SLOW spr round 3 (radius: 15)
[00:00:25 -59339.300065] SLOW spr round 4 (radius: 20)
[00:00:25 -59339.300064] SLOW spr round 5 (radius: 25)
[00:00:25 -59339.300064] Model parameter optimization (eps = 0.100000)

[00:00:26] ML tree search #4, logLikelihood: -59337.308022

[00:00:26 -200011.886277] Initial branch length optimization
[00:00:26 -69447.109466] Model parameter optimization (eps = 10.000000)
[00:00:27 -60305.511302] AUTODETECT spr round 1 (radius: 5)
[00:00:27 -59734.444735] AUTODETECT spr round 2 (radius: 10)
[00:00:27 -59683.979876] AUTODETECT spr round 3 (radius: 15)
[00:00:27 -59554.516151] AUTODETECT spr round 4 (radius: 20)
[00:00:28 -59438.976694] AUTODETECT spr round 5 (radius: 25)
[00:00:28 -59438.966060] SPR radius for FAST iterations: 20 (autodetect)
[00:00:28 -59438.966060] Model parameter optimization (eps = 3.000000)
[00:00:28 -59410.130258] FAST spr round 1 (radius: 20)
[00:00:29 -59343.089430] FAST spr round 2 (radius: 20)
[00:00:29 -59343.089083] Model parameter optimization (eps = 1.000000)
[00:00:29 -59338.933997] SLOW spr round 1 (radius: 5)
[00:00:30 -59338.924664] SLOW spr round 2 (radius: 10)
[00:00:30 -59338.924350] SLOW spr round 3 (radius: 15)
[00:00:31 -59338.924334] SLOW spr round 4 (radius: 20)
[00:00:31 -59338.924333] SLOW spr round 5 (radius: 25)
[00:00:32 -59338.924333] Model parameter optimization (eps = 0.100000)

[00:00:32] ML tree search #5, logLikelihood: -59336.772082

[00:00:32 -199991.133953] Initial branch length optimization
[00:00:32 -69374.244144] Model parameter optimization (eps = 10.000000)
[00:00:33 -60244.251392] AUTODETECT spr round 1 (radius: 5)
[00:00:33 -59897.532263] AUTODETECT spr round 2 (radius: 10)
[00:00:34 -59615.588671] AUTODETECT spr round 3 (radius: 15)
[00:00:34 -59458.361974] AUTODETECT spr round 4 (radius: 20)
[00:00:34 -59439.243551] AUTODETECT spr round 5 (radius: 25)
[00:00:34 -59439.243462] SPR radius for FAST iterations: 20 (autodetect)
[00:00:34 -59439.243462] Model parameter optimization (eps = 3.000000)
[00:00:34 -59409.940140] FAST spr round 1 (radius: 20)
[00:00:35 -59343.026303] FAST spr round 2 (radius: 20)
[00:00:36 -59343.025979] Model parameter optimization (eps = 1.000000)
[00:00:36 -59338.900097] SLOW spr round 1 (radius: 5)
[00:00:36 -59338.887665] SLOW spr round 2 (radius: 10)
[00:00:37 -59338.887347] SLOW spr round 3 (radius: 15)
[00:00:38 -59338.887331] SLOW spr round 4 (radius: 20)
[00:00:38 -59338.887330] SLOW spr round 5 (radius: 25)
[00:00:38 -59338.887330] Model parameter optimization (eps = 0.100000)

[00:00:39] ML tree search #6, logLikelihood: -59336.767698

[00:00:39 -200016.408890] Initial branch length optimization
[00:00:39 -69418.601589] Model parameter optimization (eps = 10.000000)
[00:00:40 -60281.220588] AUTODETECT spr round 1 (radius: 5)
[00:00:40 -59821.931332] AUTODETECT spr round 2 (radius: 10)
[00:00:40 -59649.259099] AUTODETECT spr round 3 (radius: 15)
[00:00:41 -59485.816007] AUTODETECT spr round 4 (radius: 20)
[00:00:41 -59422.739232] AUTODETECT spr round 5 (radius: 25)
[00:00:41 -59422.728468] SPR radius for FAST iterations: 20 (autodetect)
[00:00:41 -59422.728468] Model parameter optimization (eps = 3.000000)
[00:00:41 -59392.633349] FAST spr round 1 (radius: 20)
[00:00:42 -59343.048739] FAST spr round 2 (radius: 20)
[00:00:42 -59343.044106] Model parameter optimization (eps = 1.000000)
[00:00:43 -59338.912608] SLOW spr round 1 (radius: 5)
[00:00:43 -59338.903834] SLOW spr round 2 (radius: 10)
[00:00:44 -59338.903520] SLOW spr round 3 (radius: 15)
[00:00:44 -59338.903504] SLOW spr round 4 (radius: 20)
[00:00:45 -59338.903503] SLOW spr round 5 (radius: 25)
[00:00:45 -59338.903503] Model parameter optimization (eps = 0.100000)

[00:00:45] ML tree search #7, logLikelihood: -59336.764745

[00:00:45 -199983.642196] Initial branch length optimization
[00:00:45 -69377.028224] Model parameter optimization (eps = 10.000000)
[00:00:47 -60250.984817] AUTODETECT spr round 1 (radius: 5)
[00:00:47 -59832.137225] AUTODETECT spr round 2 (radius: 10)
[00:00:47 -59688.308924] AUTODETECT spr round 3 (radius: 15)
[00:00:47 -59623.537556] AUTODETECT spr round 4 (radius: 20)
[00:00:48 -59606.796309] AUTODETECT spr round 5 (radius: 25)
[00:00:48 -59606.796309] SPR radius for FAST iterations: 20 (autodetect)
[00:00:48 -59606.796309] Model parameter optimization (eps = 3.000000)
[00:00:48 -59595.093205] FAST spr round 1 (radius: 20)
[00:00:49 -59355.406564] FAST spr round 2 (radius: 20)
[00:00:49 -59355.293033] FAST spr round 3 (radius: 20)
[00:00:50 -59355.292784] Model parameter optimization (eps = 1.000000)
[00:00:50 -59339.409148] SLOW spr round 1 (radius: 5)
[00:00:51 -59339.402594] SLOW spr round 2 (radius: 10)
[00:00:51 -59339.402228] SLOW spr round 3 (radius: 15)
[00:00:52 -59339.402209] SLOW spr round 4 (radius: 20)
[00:00:52 -59339.402208] SLOW spr round 5 (radius: 25)
[00:00:53 -59339.402208] Model parameter optimization (eps = 0.100000)

[00:00:53] ML tree search #8, logLikelihood: -59337.318647

[00:00:53 -198269.413179] Initial branch length optimization
[00:00:53 -68432.333922] Model parameter optimization (eps = 10.000000)
[00:00:54 -59354.415967] AUTODETECT spr round 1 (radius: 5)
[00:00:54 -59354.388410] SPR radius for FAST iterations: 5 (autodetect)
[00:00:54 -59354.388410] Model parameter optimization (eps = 3.000000)
[00:00:55 -59344.270614] FAST spr round 1 (radius: 5)
[00:00:55 -59344.255577] Model parameter optimization (eps = 1.000000)
[00:00:55 -59341.786473] SLOW spr round 1 (radius: 5)
[00:00:55 -59341.780849] SLOW spr round 2 (radius: 10)
[00:00:56 -59341.780568] SLOW spr round 3 (radius: 15)
[00:00:56 -59341.780554] SLOW spr round 4 (radius: 20)
[00:00:57 -59338.884947] SLOW spr round 5 (radius: 5)
[00:00:57 -59338.884947] SLOW spr round 6 (radius: 10)
[00:00:58 -59338.884947] SLOW spr round 7 (radius: 15)
[00:00:58 -59338.884947] SLOW spr round 8 (radius: 20)
[00:00:58 -59338.884469] SLOW spr round 9 (radius: 25)
[00:00:59 -59338.884469] Model parameter optimization (eps = 0.100000)

[00:00:59] ML tree search #9, logLikelihood: -59336.766523

[00:00:59 -198268.894384] Initial branch length optimization
[00:00:59 -61584.232054] Model parameter optimization (eps = 10.000000)
[00:00:59 -59348.342279] AUTODETECT spr round 1 (radius: 5)
[00:00:59 -59348.318328] SPR radius for FAST iterations: 5 (autodetect)
[00:00:59 -59348.318328] Model parameter optimization (eps = 3.000000)
[00:01:00 -59341.899366] FAST spr round 1 (radius: 5)
[00:01:00 -59341.889307] Model parameter optimization (eps = 1.000000)
[00:01:00 -59339.351422] SLOW spr round 1 (radius: 5)
[00:01:00 -59339.346262] SLOW spr round 2 (radius: 10)
[00:01:01 -59338.588441] SLOW spr round 3 (radius: 5)
[00:01:01 -59338.588413] SLOW spr round 4 (radius: 10)
[00:01:02 -59338.588413] SLOW spr round 5 (radius: 15)
[00:01:02 -59338.588413] SLOW spr round 6 (radius: 20)
[00:01:03 -59338.588413] SLOW spr round 7 (radius: 25)
[00:01:03 -59338.588413] Model parameter optimization (eps = 0.100000)

[00:01:03] ML tree search #10, logLikelihood: -59336.733252

[00:01:03 -198269.375261] Initial branch length optimization
[00:01:03 -68432.333915] Model parameter optimization (eps = 10.000000)
[00:01:05 -59351.434822] AUTODETECT spr round 1 (radius: 5)
[00:01:05 -59351.408301] SPR radius for FAST iterations: 5 (autodetect)
[00:01:05 -59351.408301] Model parameter optimization (eps = 3.000000)
[00:01:05 -59341.474289] FAST spr round 1 (radius: 5)
[00:01:05 -59341.459795] Model parameter optimization (eps = 1.000000)
[00:01:05 -59339.045980] SLOW spr round 1 (radius: 5)
[00:01:06 -59339.040516] SLOW spr round 2 (radius: 10)
[00:01:06 -59339.040241] SLOW spr round 3 (radius: 15)
[00:01:07 -59339.040226] SLOW spr round 4 (radius: 20)
[00:01:07 -59339.040225] SLOW spr round 5 (radius: 25)
[00:01:07 -59339.040225] Model parameter optimization (eps = 0.100000)

[00:01:08] ML tree search #11, logLikelihood: -59336.789122

[00:01:08 -198272.020592] Initial branch length optimization
[00:01:08 -68440.919583] Model parameter optimization (eps = 10.000000)
[00:01:09 -59358.627346] AUTODETECT spr round 1 (radius: 5)
[00:01:10 -59358.597875] SPR radius for FAST iterations: 5 (autodetect)
[00:01:10 -59358.597875] Model parameter optimization (eps = 3.000000)
[00:01:10 -59348.461072] FAST spr round 1 (radius: 5)
[00:01:10 -59348.445351] Model parameter optimization (eps = 1.000000)
[00:01:10 -59346.009323] SLOW spr round 1 (radius: 5)
[00:01:11 -59346.000719] SLOW spr round 2 (radius: 10)
[00:01:11 -59339.173861] SLOW spr round 3 (radius: 5)
[00:01:12 -59339.173847] SLOW spr round 4 (radius: 10)
[00:01:12 -59339.173847] SLOW spr round 5 (radius: 15)
[00:01:13 -59339.173847] SLOW spr round 6 (radius: 20)
[00:01:13 -59339.173847] SLOW spr round 7 (radius: 25)
[00:01:13 -59339.173847] Model parameter optimization (eps = 0.100000)

[00:01:14] ML tree search #12, logLikelihood: -59336.734551

[00:01:14 -198272.142902] Initial branch length optimization
[00:01:14 -61592.036824] Model parameter optimization (eps = 10.000000)
[00:01:14 -59358.431211] AUTODETECT spr round 1 (radius: 5)
[00:01:14 -59349.709328] AUTODETECT spr round 2 (radius: 10)
[00:01:14 -59349.709319] SPR radius for FAST iterations: 5 (autodetect)
[00:01:14 -59349.709319] Model parameter optimization (eps = 3.000000)
[00:01:14 -59343.708971] FAST spr round 1 (radius: 5)
[00:01:15 -59343.704144] Model parameter optimization (eps = 1.000000)
[00:01:15 -59341.355856] SLOW spr round 1 (radius: 5)
[00:01:15 -59341.353025] SLOW spr round 2 (radius: 10)
[00:01:16 -59341.353005] SLOW spr round 3 (radius: 15)
[00:01:16 -59341.353005] SLOW spr round 4 (radius: 20)
[00:01:16 -59341.353005] SLOW spr round 5 (radius: 25)
[00:01:17 -59341.353005] Model parameter optimization (eps = 0.100000)

[00:01:17] ML tree search #13, logLikelihood: -59339.428954

[00:01:17 -198266.625705] Initial branch length optimization
[00:01:17 -68434.099379] Model parameter optimization (eps = 10.000000)
[00:01:18 -59351.786531] AUTODETECT spr round 1 (radius: 5)
[00:01:19 -59350.562682] AUTODETECT spr round 2 (radius: 10)
[00:01:19 -59350.538012] SPR radius for FAST iterations: 5 (autodetect)
[00:01:19 -59350.538012] Model parameter optimization (eps = 3.000000)
[00:01:19 -59343.291315] FAST spr round 1 (radius: 5)
[00:01:19 -59343.265891] Model parameter optimization (eps = 1.000000)
[00:01:19 -59338.959650] SLOW spr round 1 (radius: 5)
[00:01:20 -59338.947157] SLOW spr round 2 (radius: 10)
[00:01:20 -59338.946488] SLOW spr round 3 (radius: 15)
[00:01:21 -59338.946453] SLOW spr round 4 (radius: 20)
[00:01:21 -59338.946452] SLOW spr round 5 (radius: 25)
[00:01:21 -59338.946451] Model parameter optimization (eps = 0.100000)

[00:01:22] ML tree search #14, logLikelihood: -59336.779763

[00:01:22 -198272.036189] Initial branch length optimization
[00:01:22 -68443.605719] Model parameter optimization (eps = 10.000000)
[00:01:23 -59361.525073] AUTODETECT spr round 1 (radius: 5)
[00:01:23 -59361.495609] SPR radius for FAST iterations: 5 (autodetect)
[00:01:23 -59361.495609] Model parameter optimization (eps = 3.000000)
[00:01:23 -59351.197816] FAST spr round 1 (radius: 5)
[00:01:24 -59351.182054] Model parameter optimization (eps = 1.000000)
[00:01:24 -59348.711461] SLOW spr round 1 (radius: 5)
[00:01:24 -59348.705463] SLOW spr round 2 (radius: 10)
[00:01:25 -59339.207110] SLOW spr round 3 (radius: 5)
[00:01:25 -59339.207096] SLOW spr round 4 (radius: 10)
[00:01:26 -59339.207095] SLOW spr round 5 (radius: 15)
[00:01:26 -59339.207095] SLOW spr round 6 (radius: 20)
[00:01:27 -59339.207095] SLOW spr round 7 (radius: 25)
[00:01:27 -59339.207095] Model parameter optimization (eps = 0.100000)

[00:01:27] ML tree search #15, logLikelihood: -59336.725437

[00:01:27 -198269.024717] Initial branch length optimization
[00:01:27 -61584.232056] Model parameter optimization (eps = 10.000000)
[00:01:28 -59350.827045] AUTODETECT spr round 1 (radius: 5)
[00:01:28 -59350.811633] SPR radius for FAST iterations: 5 (autodetect)
[00:01:28 -59350.811633] Model parameter optimization (eps = 3.000000)
[00:01:28 -59344.483637] FAST spr round 1 (radius: 5)
[00:01:28 -59343.577428] FAST spr round 2 (radius: 5)
[00:01:28 -59343.577159] Model parameter optimization (eps = 1.000000)
[00:01:28 -59341.302889] SLOW spr round 1 (radius: 5)
[00:01:29 -59341.295754] SLOW spr round 2 (radius: 10)
[00:01:29 -59341.295658] SLOW spr round 3 (radius: 15)
[00:01:30 -59341.295657] SLOW spr round 4 (radius: 20)
[00:01:30 -59339.321853] SLOW spr round 5 (radius: 5)
[00:01:31 -59339.321853] SLOW spr round 6 (radius: 10)
[00:01:31 -59339.321853] SLOW spr round 7 (radius: 15)
[00:01:32 -59339.321853] SLOW spr round 8 (radius: 20)
[00:01:32 -59339.321853] SLOW spr round 9 (radius: 25)
[00:01:32 -59339.321853] Model parameter optimization (eps = 0.100000)

[00:01:33] ML tree search #16, logLikelihood: -59337.296430


Optimized model parameters:

   Partition 0: noname
   Rate heterogeneity: NONE
   P-inv (ML): 0.698155
   Base frequencies (ML): 0.296313 0.183946 0.198891 0.320850 
   Substitution rates (ML): 1.167701 5.529804 2.518695 0.616989 15.894759 1.000000 


Final LogLikelihood: -59336.725437

AIC score: 119041.450874 / AICc score: 119043.801703 / BIC score: 120564.977986
Free parameters (model + branch lengths): 184

Best ML tree saved to: /home/hikoyu/analysis/Genome/SARS-CoV-2/phylogeny/RAxML-NG/DNA/univ/uni/SARS-CoV-2_200314.6.raxml.bestTree
All ML trees saved to: /home/hikoyu/analysis/Genome/SARS-CoV-2/phylogeny/RAxML-NG/DNA/univ/uni/SARS-CoV-2_200314.6.raxml.mlTrees
Optimized model saved to: /home/hikoyu/analysis/Genome/SARS-CoV-2/phylogeny/RAxML-NG/DNA/univ/uni/SARS-CoV-2_200314.6.raxml.bestModel

Execution log saved to: /home/hikoyu/analysis/Genome/SARS-CoV-2/phylogeny/RAxML-NG/DNA/univ/uni/SARS-CoV-2_200314.6.raxml.log

Analysis started: 16-Mar-2020 00:36:34 / finished: 16-Mar-2020 00:38:07

Elapsed time: 93.202 seconds

