
RAxML-NG v. 0.9.0 released on 20.05.2019 by The Exelixis Lab.
Developed by: Alexey M. Kozlov and Alexandros Stamatakis.
Contributors: Diego Darriba, Tomas Flouri, Benoit Morel, Sarah Lutteropp, Ben Bettisworth.
Latest version: https://github.com/amkozlov/raxml-ng
Questions/problems/suggestions? Please visit: https://groups.google.com/forum/#!forum/raxml

RAxML-NG was called at 08-Apr-2020 23:18:00 as follows:

raxml-ng --threads 1 --support --tree phylogeny/RAxML-NG/DNA/univ/uni/SARS-CoV-2_200407.7.raxml.bestTree --bs-trees phylogeny/RAxML-NG/DNA/univ/uni/SARS-CoV-2_200407.raxml.bootstraps --prefix phylogeny/RAxML-NG/DNA/univ/uni/SARS-CoV-2_200407 --outgroup MG772933.1

Analysis options:
  run mode: Compute bipartition support (Felsenstein Bootstrap)
  start tree(s): user
  random seed: 1586355480
  SIMD kernels: AVX2
  parallelization: NONE/sequential

Reading reference tree from file: phylogeny/RAxML-NG/DNA/univ/uni/SARS-CoV-2_200407.7.raxml.bestTree
Reference tree size: 285

Reading bootstrap trees from file: phylogeny/RAxML-NG/DNA/univ/uni/SARS-CoV-2_200407.raxml.bootstraps
Loaded 1000 trees with 285 taxa.

Best ML tree with Felsenstein bootstrap (FBP) support values saved to: /home/hikoyu/analysis/Genome/SARS-CoV-2/phylogeny/RAxML-NG/DNA/univ/uni/SARS-CoV-2_200407.raxml.support

Execution log saved to: /home/hikoyu/analysis/Genome/SARS-CoV-2/phylogeny/RAxML-NG/DNA/univ/uni/SARS-CoV-2_200407.raxml.log

Analysis started: 08-Apr-2020 23:18:00 / finished: 08-Apr-2020 23:18:00

Elapsed time: 0.499 seconds

