
RAxML-NG v. 0.9.0 released on 20.05.2019 by The Exelixis Lab.
Developed by: Alexey M. Kozlov and Alexandros Stamatakis.
Contributors: Diego Darriba, Tomas Flouri, Benoit Morel, Sarah Lutteropp, Ben Bettisworth.
Latest version: https://github.com/amkozlov/raxml-ng
Questions/problems/suggestions? Please visit: https://groups.google.com/forum/#!forum/raxml

RAxML-NG was called at 16-Mar-2020 00:39:44 as follows:

raxml-ng --threads 1 --bootstrap --bs-trees 84 --seed 776451213 --prefix phylogeny/RAxML-NG/DNA/univ/uni/SARS-CoV-2_200314.0 --msa phylogeny/RAxML-NG/DNA/univ/uni/SARS-CoV-2_200314.raxml.rba --outgroup MG772933.1

Analysis options:
  run mode: Bootstrapping
  start tree(s): 
  bootstrap replicates: 84
  random seed: 776451213
  tip-inner: OFF
  pattern compression: ON
  per-rate scalers: OFF
  site repeats: ON
  branch lengths: proportional (ML estimate, algorithm: NR-FAST)
  SIMD kernels: AVX2
  parallelization: NONE/sequential

[00:00:00] Loading binary alignment from file: phylogeny/RAxML-NG/DNA/univ/uni/SARS-CoV-2_200314.raxml.rba
[00:00:00] Alignment comprises 89 taxa, 1 partitions and 218 patterns

Partition 0: noname
Model: GTR+FO+I
Alignment sites / patterns: 29145 / 218
Gaps: 0.05 %
Invariant sites: 85.78 %


[00:00:00] Data distribution: max. partitions/sites/weight per thread: 1 / 218 / 872
[00:00:00] Starting bootstrapping analysis with 84 replicates.

[00:00:04] Bootstrap tree #1, logLikelihood: -59236.133101
[00:00:10] Bootstrap tree #2, logLikelihood: -59177.935570
[00:00:15] Bootstrap tree #3, logLikelihood: -59117.876868
[00:00:25] Bootstrap tree #4, logLikelihood: -59113.762565
[00:00:31] Bootstrap tree #5, logLikelihood: -59460.478041
[00:00:37] Bootstrap tree #6, logLikelihood: -59724.904983
[00:00:47] Bootstrap tree #7, logLikelihood: -58964.737918
[00:00:52] Bootstrap tree #8, logLikelihood: -59055.742513
[00:00:57] Bootstrap tree #9, logLikelihood: -59458.167699
[00:01:05] Bootstrap tree #10, logLikelihood: -59487.399546
[00:01:10] Bootstrap tree #11, logLikelihood: -59347.478606
[00:01:17] Bootstrap tree #12, logLikelihood: -59050.471767
[00:01:22] Bootstrap tree #13, logLikelihood: -59271.497104
[00:01:28] Bootstrap tree #14, logLikelihood: -59067.151800
[00:01:34] Bootstrap tree #15, logLikelihood: -59037.861455
[00:01:38] Bootstrap tree #16, logLikelihood: -59096.701652
[00:01:43] Bootstrap tree #17, logLikelihood: -58673.894605
[00:01:49] Bootstrap tree #18, logLikelihood: -59118.615247
[00:01:54] Bootstrap tree #19, logLikelihood: -59435.263336
[00:02:00] Bootstrap tree #20, logLikelihood: -59189.375760
[00:02:05] Bootstrap tree #21, logLikelihood: -59205.780134
[00:02:09] Bootstrap tree #22, logLikelihood: -59538.167789
[00:02:16] Bootstrap tree #23, logLikelihood: -59553.668585
[00:02:22] Bootstrap tree #24, logLikelihood: -59022.645271
[00:02:27] Bootstrap tree #25, logLikelihood: -59100.365293
[00:02:33] Bootstrap tree #26, logLikelihood: -59496.194077
[00:02:39] Bootstrap tree #27, logLikelihood: -59208.006687
[00:02:44] Bootstrap tree #28, logLikelihood: -59160.927453
[00:02:49] Bootstrap tree #29, logLikelihood: -59385.335433
[00:02:55] Bootstrap tree #30, logLikelihood: -59162.044834
[00:03:02] Bootstrap tree #31, logLikelihood: -59243.945877
[00:03:08] Bootstrap tree #32, logLikelihood: -59561.503913
[00:03:13] Bootstrap tree #33, logLikelihood: -59209.823677
[00:03:19] Bootstrap tree #34, logLikelihood: -59312.225766
[00:03:24] Bootstrap tree #35, logLikelihood: -59414.554152
[00:03:30] Bootstrap tree #36, logLikelihood: -59365.304328
[00:03:36] Bootstrap tree #37, logLikelihood: -59074.571537
[00:03:40] Bootstrap tree #38, logLikelihood: -59062.465949
[00:03:48] Bootstrap tree #39, logLikelihood: -59402.250516
[00:03:53] Bootstrap tree #40, logLikelihood: -59164.232703
[00:04:02] Bootstrap tree #41, logLikelihood: -59144.319423
[00:04:08] Bootstrap tree #42, logLikelihood: -59175.606784
[00:04:14] Bootstrap tree #43, logLikelihood: -59082.642411
[00:04:18] Bootstrap tree #44, logLikelihood: -59388.743189
[00:04:26] Bootstrap tree #45, logLikelihood: -58811.654747
[00:04:32] Bootstrap tree #46, logLikelihood: -59171.169579
[00:04:36] Bootstrap tree #47, logLikelihood: -59366.032217
[00:04:42] Bootstrap tree #48, logLikelihood: -59575.061268
[00:04:48] Bootstrap tree #49, logLikelihood: -59304.245166
[00:04:54] Bootstrap tree #50, logLikelihood: -58776.240031
[00:04:59] Bootstrap tree #51, logLikelihood: -59420.017088
[00:05:05] Bootstrap tree #52, logLikelihood: -59452.900596
[00:05:10] Bootstrap tree #53, logLikelihood: -59194.063431
[00:05:17] Bootstrap tree #54, logLikelihood: -59251.269206
[00:05:25] Bootstrap tree #55, logLikelihood: -59528.848543
[00:05:31] Bootstrap tree #56, logLikelihood: -59056.991105
[00:05:36] Bootstrap tree #57, logLikelihood: -59045.110593
[00:05:42] Bootstrap tree #58, logLikelihood: -59027.962285
[00:05:47] Bootstrap tree #59, logLikelihood: -59445.496043
[00:05:53] Bootstrap tree #60, logLikelihood: -59156.418042
[00:05:58] Bootstrap tree #61, logLikelihood: -59387.082492
[00:06:04] Bootstrap tree #62, logLikelihood: -59326.852447
[00:06:08] Bootstrap tree #63, logLikelihood: -59233.438601
[00:06:14] Bootstrap tree #64, logLikelihood: -59190.197899
[00:06:19] Bootstrap tree #65, logLikelihood: -59468.110467
[00:06:25] Bootstrap tree #66, logLikelihood: -59586.800130
[00:06:30] Bootstrap tree #67, logLikelihood: -59681.145307
[00:06:35] Bootstrap tree #68, logLikelihood: -59087.122302
[00:06:40] Bootstrap tree #69, logLikelihood: -59505.068645
[00:06:49] Bootstrap tree #70, logLikelihood: -59577.605363
[00:06:54] Bootstrap tree #71, logLikelihood: -59192.110740
[00:06:59] Bootstrap tree #72, logLikelihood: -59440.432490
[00:07:05] Bootstrap tree #73, logLikelihood: -59913.288469
[00:07:10] Bootstrap tree #74, logLikelihood: -59178.551851
[00:07:16] Bootstrap tree #75, logLikelihood: -59563.873342
[00:07:23] Bootstrap tree #76, logLikelihood: -59462.824573
[00:07:28] Bootstrap tree #77, logLikelihood: -59343.985682
[00:07:32] Bootstrap tree #78, logLikelihood: -59563.019539
[00:07:38] Bootstrap tree #79, logLikelihood: -59239.485269
[00:07:45] Bootstrap tree #80, logLikelihood: -59342.116760
[00:07:52] Bootstrap tree #81, logLikelihood: -58957.267112
[00:07:56] Bootstrap tree #82, logLikelihood: -58705.687501
[00:08:02] Bootstrap tree #83, logLikelihood: -59337.639477
[00:08:09] Bootstrap tree #84, logLikelihood: -59169.584225

Bootstrap trees saved to: /home/hikoyu/analysis/Genome/SARS-CoV-2/phylogeny/RAxML-NG/DNA/univ/uni/SARS-CoV-2_200314.0.raxml.bootstraps

Execution log saved to: /home/hikoyu/analysis/Genome/SARS-CoV-2/phylogeny/RAxML-NG/DNA/univ/uni/SARS-CoV-2_200314.0.raxml.log

Analysis started: 16-Mar-2020 00:39:44 / finished: 16-Mar-2020 00:47:53

Elapsed time: 489.380 seconds

