
RAxML-NG v. 0.9.0 released on 20.05.2019 by The Exelixis Lab.
Developed by: Alexey M. Kozlov and Alexandros Stamatakis.
Contributors: Diego Darriba, Tomas Flouri, Benoit Morel, Sarah Lutteropp, Ben Bettisworth.
Latest version: https://github.com/amkozlov/raxml-ng
Questions/problems/suggestions? Please visit: https://groups.google.com/forum/#!forum/raxml

RAxML-NG was called at 16-Mar-2020 00:34:43 as follows:

raxml-ng --threads 1 --search --tree rand{9},pars{9} --seed 254716771 --prefix phylogeny/RAxML-NG/DNA/univ/uni/SARS-CoV-2_200314.2 --msa phylogeny/RAxML-NG/DNA/univ/uni/SARS-CoV-2_200314.raxml.rba --outgroup MG772933.1

Analysis options:
  run mode: ML tree search
  start tree(s): random (9) + parsimony (9)
  random seed: 254716771
  tip-inner: OFF
  pattern compression: ON
  per-rate scalers: OFF
  site repeats: ON
  fast spr radius: AUTO
  spr subtree cutoff: 1.000000
  branch lengths: proportional (ML estimate, algorithm: NR-FAST)
  SIMD kernels: AVX2
  parallelization: NONE/sequential

[00:00:00] Loading binary alignment from file: phylogeny/RAxML-NG/DNA/univ/uni/SARS-CoV-2_200314.raxml.rba
[00:00:00] Alignment comprises 89 taxa, 1 partitions and 218 patterns

Partition 0: noname
Model: GTR+FO+I
Alignment sites / patterns: 29145 / 218
Gaps: 0.05 %
Invariant sites: 85.78 %


[00:00:00] Generating 9 random starting tree(s) with 89 taxa
[00:00:00] Generating 9 parsimony starting tree(s) with 89 taxa
[00:00:00] Data distribution: max. partitions/sites/weight per thread: 1 / 218 / 872

Starting ML tree search with 18 distinct starting trees

[00:00:00 -200015.138235] Initial branch length optimization
[00:00:00 -69387.044579] Model parameter optimization (eps = 10.000000)
[00:00:01 -60256.292041] AUTODETECT spr round 1 (radius: 5)
[00:00:01 -59825.307014] AUTODETECT spr round 2 (radius: 10)
[00:00:01 -59574.320590] AUTODETECT spr round 3 (radius: 15)
[00:00:01 -59492.235601] AUTODETECT spr round 4 (radius: 20)
[00:00:02 -59492.235456] SPR radius for FAST iterations: 15 (autodetect)
[00:00:02 -59492.235456] Model parameter optimization (eps = 3.000000)
[00:00:02 -59479.870357] FAST spr round 1 (radius: 15)
[00:00:02 -59354.026321] FAST spr round 2 (radius: 15)
[00:00:03 -59354.021254] Model parameter optimization (eps = 1.000000)
[00:00:03 -59338.827309] SLOW spr round 1 (radius: 5)
[00:00:04 -59338.820146] SLOW spr round 2 (radius: 10)
[00:00:04 -59338.819788] SLOW spr round 3 (radius: 15)
[00:00:05 -59338.819769] SLOW spr round 4 (radius: 20)
[00:00:05 -59338.819768] SLOW spr round 5 (radius: 25)
[00:00:06 -59338.819768] Model parameter optimization (eps = 0.100000)

[00:00:06] ML tree search #1, logLikelihood: -59336.774613

[00:00:06 -200006.719566] Initial branch length optimization
[00:00:06 -69432.542819] Model parameter optimization (eps = 10.000000)
[00:00:07 -60294.036700] AUTODETECT spr round 1 (radius: 5)
[00:00:07 -59850.918771] AUTODETECT spr round 2 (radius: 10)
[00:00:07 -59649.819319] AUTODETECT spr round 3 (radius: 15)
[00:00:08 -59616.589809] AUTODETECT spr round 4 (radius: 20)
[00:00:08 -59551.797801] AUTODETECT spr round 5 (radius: 25)
[00:00:08 -59551.786791] SPR radius for FAST iterations: 20 (autodetect)
[00:00:08 -59551.786791] Model parameter optimization (eps = 3.000000)
[00:00:08 -59524.261533] FAST spr round 1 (radius: 20)
[00:00:09 -59343.309043] FAST spr round 2 (radius: 20)
[00:00:10 -59343.110487] FAST spr round 3 (radius: 20)
[00:00:10 -59343.110428] Model parameter optimization (eps = 1.000000)
[00:00:10 -59338.917209] SLOW spr round 1 (radius: 5)
[00:00:11 -59338.910070] SLOW spr round 2 (radius: 10)
[00:00:11 -59338.909752] SLOW spr round 3 (radius: 15)
[00:00:12 -59338.909260] SLOW spr round 4 (radius: 20)
[00:00:12 -59338.909259] SLOW spr round 5 (radius: 25)
[00:00:13 -59338.909259] Model parameter optimization (eps = 0.100000)

[00:00:13] ML tree search #2, logLikelihood: -59336.764890

[00:00:13 -200014.963048] Initial branch length optimization
[00:00:13 -69410.700528] Model parameter optimization (eps = 10.000000)
[00:00:14 -60274.939191] AUTODETECT spr round 1 (radius: 5)
[00:00:14 -59818.236674] AUTODETECT spr round 2 (radius: 10)
[00:00:14 -59547.094560] AUTODETECT spr round 3 (radius: 15)
[00:00:15 -59537.419311] AUTODETECT spr round 4 (radius: 20)
[00:00:15 -59499.380536] AUTODETECT spr round 5 (radius: 25)
[00:00:15 -59497.713056] SPR radius for FAST iterations: 25 (autodetect)
[00:00:15 -59497.713056] Model parameter optimization (eps = 3.000000)
[00:00:15 -59484.557718] FAST spr round 1 (radius: 25)
[00:00:16 -59354.337048] FAST spr round 2 (radius: 25)
[00:00:17 -59354.335179] Model parameter optimization (eps = 1.000000)
[00:00:17 -59338.828314] SLOW spr round 1 (radius: 5)
[00:00:17 -59338.820199] SLOW spr round 2 (radius: 10)
[00:00:18 -59338.819840] SLOW spr round 3 (radius: 15)
[00:00:19 -59338.819822] SLOW spr round 4 (radius: 20)
[00:00:19 -59338.819338] SLOW spr round 5 (radius: 25)
[00:00:19 -59338.819338] Model parameter optimization (eps = 0.100000)

[00:00:20] ML tree search #3, logLikelihood: -59336.774310

[00:00:20 -200009.813601] Initial branch length optimization
[00:00:20 -69395.082801] Model parameter optimization (eps = 10.000000)
[00:00:21 -60263.267688] AUTODETECT spr round 1 (radius: 5)
[00:00:21 -59794.316176] AUTODETECT spr round 2 (radius: 10)
[00:00:21 -59518.520921] AUTODETECT spr round 3 (radius: 15)
[00:00:22 -59417.556399] AUTODETECT spr round 4 (radius: 20)
[00:00:22 -59417.545606] SPR radius for FAST iterations: 15 (autodetect)
[00:00:22 -59417.545606] Model parameter optimization (eps = 3.000000)
[00:00:22 -59388.954465] FAST spr round 1 (radius: 15)
[00:00:23 -59343.326664] FAST spr round 2 (radius: 15)
[00:00:23 -59343.324850] Model parameter optimization (eps = 1.000000)
[00:00:23 -59339.373731] SLOW spr round 1 (radius: 5)
[00:00:24 -59339.364329] SLOW spr round 2 (radius: 10)
[00:00:25 -59339.364027] SLOW spr round 3 (radius: 15)
[00:00:25 -59339.364012] SLOW spr round 4 (radius: 20)
[00:00:26 -59339.364011] SLOW spr round 5 (radius: 25)
[00:00:26 -59339.364011] Model parameter optimization (eps = 0.100000)

[00:00:26] ML tree search #4, logLikelihood: -59337.314416

[00:00:26 -200010.017148] Initial branch length optimization
[00:00:26 -69438.442727] Model parameter optimization (eps = 10.000000)
[00:00:27 -60300.679147] AUTODETECT spr round 1 (radius: 5)
[00:00:28 -59751.904435] AUTODETECT spr round 2 (radius: 10)
[00:00:28 -59672.981406] AUTODETECT spr round 3 (radius: 15)
[00:00:28 -59416.970640] AUTODETECT spr round 4 (radius: 20)
[00:00:28 -59416.960202] SPR radius for FAST iterations: 15 (autodetect)
[00:00:28 -59416.960202] Model parameter optimization (eps = 3.000000)
[00:00:28 -59388.640377] FAST spr round 1 (radius: 15)
[00:00:29 -59343.014633] FAST spr round 2 (radius: 15)
[00:00:30 -59343.013541] Model parameter optimization (eps = 1.000000)
[00:00:30 -59338.906605] SLOW spr round 1 (radius: 5)
[00:00:30 -59338.899368] SLOW spr round 2 (radius: 10)
[00:00:31 -59338.899055] SLOW spr round 3 (radius: 15)
[00:00:32 -59338.899039] SLOW spr round 4 (radius: 20)
[00:00:32 -59338.898562] SLOW spr round 5 (radius: 25)
[00:00:32 -59338.898562] Model parameter optimization (eps = 0.100000)

[00:00:32] ML tree search #5, logLikelihood: -59336.763999

[00:00:32 -200017.724412] Initial branch length optimization
[00:00:32 -69447.647607] Model parameter optimization (eps = 10.000000)
[00:00:34 -60305.778233] AUTODETECT spr round 1 (radius: 5)
[00:00:34 -59736.376852] AUTODETECT spr round 2 (radius: 10)
[00:00:34 -59627.806305] AUTODETECT spr round 3 (radius: 15)
[00:00:34 -59497.012120] AUTODETECT spr round 4 (radius: 20)
[00:00:35 -59497.012113] SPR radius for FAST iterations: 15 (autodetect)
[00:00:35 -59497.012113] Model parameter optimization (eps = 3.000000)
[00:00:35 -59484.436346] FAST spr round 1 (radius: 15)
[00:00:35 -59353.909982] FAST spr round 2 (radius: 15)
[00:00:36 -59353.901242] Model parameter optimization (eps = 1.000000)
[00:00:36 -59338.827165] SLOW spr round 1 (radius: 5)
[00:00:37 -59338.818358] SLOW spr round 2 (radius: 10)
[00:00:37 -59338.818002] SLOW spr round 3 (radius: 15)
[00:00:38 -59338.817983] SLOW spr round 4 (radius: 20)
[00:00:38 -59338.817983] SLOW spr round 5 (radius: 25)
[00:00:39 -59338.817983] Model parameter optimization (eps = 0.100000)

[00:00:39] ML tree search #6, logLikelihood: -59336.774197

[00:00:39 -200000.004058] Initial branch length optimization
[00:00:39 -69398.145942] Model parameter optimization (eps = 10.000000)
[00:00:40 -60266.722547] AUTODETECT spr round 1 (radius: 5)
[00:00:40 -59863.901112] AUTODETECT spr round 2 (radius: 10)
[00:00:41 -59619.319279] AUTODETECT spr round 3 (radius: 15)
[00:00:41 -59512.799517] AUTODETECT spr round 4 (radius: 20)
[00:00:41 -59470.748161] AUTODETECT spr round 5 (radius: 25)
[00:00:41 -59445.791758] SPR radius for FAST iterations: 25 (autodetect)
[00:00:41 -59445.791758] Model parameter optimization (eps = 3.000000)
[00:00:42 -59417.208027] FAST spr round 1 (radius: 25)
[00:00:42 -59342.984917] FAST spr round 2 (radius: 25)
[00:00:43 -59342.977978] Model parameter optimization (eps = 1.000000)
[00:00:43 -59338.882216] SLOW spr round 1 (radius: 5)
[00:00:44 -59338.875035] SLOW spr round 2 (radius: 10)
[00:00:44 -59338.874721] SLOW spr round 3 (radius: 15)
[00:00:45 -59338.874705] SLOW spr round 4 (radius: 20)
[00:00:45 -59338.874704] SLOW spr round 5 (radius: 25)
[00:00:46 -59338.874704] Model parameter optimization (eps = 0.100000)

[00:00:46] ML tree search #7, logLikelihood: -59336.766567

[00:00:46 -200017.771199] Initial branch length optimization
[00:00:46 -63182.370059] Model parameter optimization (eps = 10.000000)
[00:00:46 -60263.388380] AUTODETECT spr round 1 (radius: 5)
[00:00:46 -59652.904908] AUTODETECT spr round 2 (radius: 10)
[00:00:47 -59535.456118] AUTODETECT spr round 3 (radius: 15)
[00:00:47 -59434.971769] AUTODETECT spr round 4 (radius: 20)
[00:00:47 -59434.971739] SPR radius for FAST iterations: 15 (autodetect)
[00:00:47 -59434.971739] Model parameter optimization (eps = 3.000000)
[00:00:47 -59423.670318] FAST spr round 1 (radius: 15)
[00:00:48 -59340.087820] FAST spr round 2 (radius: 15)
[00:00:48 -59340.087629] Model parameter optimization (eps = 1.000000)
[00:00:48 -59338.359288] SLOW spr round 1 (radius: 5)
[00:00:49 -59338.352928] SLOW spr round 2 (radius: 10)
[00:00:50 -59338.352771] SLOW spr round 3 (radius: 15)
[00:00:50 -59338.352763] SLOW spr round 4 (radius: 20)
[00:00:51 -59338.352763] SLOW spr round 5 (radius: 25)
[00:00:51 -59338.352763] Model parameter optimization (eps = 0.100000)

[00:00:51] ML tree search #8, logLikelihood: -59336.792187

[00:00:51 -200015.615948] Initial branch length optimization
[00:00:51 -63164.934446] Model parameter optimization (eps = 10.000000)
[00:00:51 -60253.674284] AUTODETECT spr round 1 (radius: 5)
[00:00:52 -59848.057952] AUTODETECT spr round 2 (radius: 10)
[00:00:52 -59554.077510] AUTODETECT spr round 3 (radius: 15)
[00:00:52 -59481.375640] AUTODETECT spr round 4 (radius: 20)
[00:00:52 -59481.375632] SPR radius for FAST iterations: 15 (autodetect)
[00:00:52 -59481.375632] Model parameter optimization (eps = 3.000000)
[00:00:52 -59479.677496] FAST spr round 1 (radius: 15)
[00:00:53 -59348.425236] FAST spr round 2 (radius: 15)
[00:00:54 -59348.422836] Model parameter optimization (eps = 1.000000)
[00:00:54 -59338.992633] SLOW spr round 1 (radius: 5)
[00:00:54 -59338.979009] SLOW spr round 2 (radius: 10)
[00:00:55 -59338.978431] SLOW spr round 3 (radius: 15)
[00:00:56 -59338.978401] SLOW spr round 4 (radius: 20)
[00:00:56 -59338.978400] SLOW spr round 5 (radius: 25)
[00:00:56 -59338.978400] Model parameter optimization (eps = 0.100000)

[00:00:57] ML tree search #9, logLikelihood: -59336.782701

[00:00:57 -198270.080622] Initial branch length optimization
[00:00:57 -61601.338259] Model parameter optimization (eps = 10.000000)
[00:00:57 -59366.196592] AUTODETECT spr round 1 (radius: 5)
[00:00:57 -59357.176890] AUTODETECT spr round 2 (radius: 10)
[00:00:57 -59357.173194] SPR radius for FAST iterations: 5 (autodetect)
[00:00:57 -59357.173194] Model parameter optimization (eps = 3.000000)
[00:00:57 -59351.053390] FAST spr round 1 (radius: 5)
[00:00:57 -59351.044175] Model parameter optimization (eps = 1.000000)
[00:00:57 -59348.638071] SLOW spr round 1 (radius: 5)
[00:00:58 -59348.630279] SLOW spr round 2 (radius: 10)
[00:00:58 -59348.630173] SLOW spr round 3 (radius: 15)
[00:00:59 -59348.630172] SLOW spr round 4 (radius: 20)
[00:00:59 -59348.630172] SLOW spr round 5 (radius: 25)
[00:00:59 -59346.100617] SLOW spr round 6 (radius: 5)
[00:01:00 -59346.100617] SLOW spr round 7 (radius: 10)
[00:01:00 -59346.100617] SLOW spr round 8 (radius: 15)
[00:01:01 -59346.100617] SLOW spr round 9 (radius: 20)
[00:01:01 -59346.100617] SLOW spr round 10 (radius: 25)
[00:01:01 -59346.100617] Model parameter optimization (eps = 0.100000)

[00:01:02] ML tree search #10, logLikelihood: -59343.984257

[00:01:02 -198268.314677] Initial branch length optimization
[00:01:02 -61591.444170] Model parameter optimization (eps = 10.000000)
[00:01:02 -59356.299388] AUTODETECT spr round 1 (radius: 5)
[00:01:02 -59347.270309] AUTODETECT spr round 2 (radius: 10)
[00:01:02 -59347.270115] SPR radius for FAST iterations: 5 (autodetect)
[00:01:02 -59347.270115] Model parameter optimization (eps = 3.000000)
[00:01:02 -59341.164759] FAST spr round 1 (radius: 5)
[00:01:03 -59341.155303] Model parameter optimization (eps = 1.000000)
[00:01:03 -59338.743927] SLOW spr round 1 (radius: 5)
[00:01:03 -59338.739123] SLOW spr round 2 (radius: 10)
[00:01:04 -59338.739019] SLOW spr round 3 (radius: 15)
[00:01:04 -59338.739018] SLOW spr round 4 (radius: 20)
[00:01:04 -59338.739018] SLOW spr round 5 (radius: 25)
[00:01:05 -59338.739018] Model parameter optimization (eps = 0.100000)

[00:01:05] ML tree search #11, logLikelihood: -59336.737497

[00:01:05 -198271.970050] Initial branch length optimization
[00:01:05 -68442.237220] Model parameter optimization (eps = 10.000000)
[00:01:06 -59359.480778] AUTODETECT spr round 1 (radius: 5)
[00:01:06 -59350.885636] AUTODETECT spr round 2 (radius: 10)
[00:01:07 -59350.878411] SPR radius for FAST iterations: 5 (autodetect)
[00:01:07 -59350.878411] Model parameter optimization (eps = 3.000000)
[00:01:07 -59343.448147] FAST spr round 1 (radius: 5)
[00:01:07 -59343.418755] Model parameter optimization (eps = 1.000000)
[00:01:07 -59339.010935] SLOW spr round 1 (radius: 5)
[00:01:08 -59338.999936] SLOW spr round 2 (radius: 10)
[00:01:08 -59338.999265] SLOW spr round 3 (radius: 15)
[00:01:09 -59338.999230] SLOW spr round 4 (radius: 20)
[00:01:09 -59338.999228] SLOW spr round 5 (radius: 25)
[00:01:09 -59338.999228] Model parameter optimization (eps = 0.100000)

[00:01:10] ML tree search #12, logLikelihood: -59336.785214

[00:01:10 -198269.630297] Initial branch length optimization
[00:01:10 -68432.333919] Model parameter optimization (eps = 10.000000)
[00:01:11 -59350.546557] AUTODETECT spr round 1 (radius: 5)
[00:01:11 -59350.508944] SPR radius for FAST iterations: 5 (autodetect)
[00:01:11 -59350.508944] Model parameter optimization (eps = 3.000000)
[00:01:11 -59343.255125] FAST spr round 1 (radius: 5)
[00:01:11 -59343.228083] Model parameter optimization (eps = 1.000000)
[00:01:12 -59339.020105] SLOW spr round 1 (radius: 5)
[00:01:12 -59339.008786] SLOW spr round 2 (radius: 10)
[00:01:13 -59339.008221] SLOW spr round 3 (radius: 15)
[00:01:13 -59339.008191] SLOW spr round 4 (radius: 20)
[00:01:13 -59339.007709] SLOW spr round 5 (radius: 25)
[00:01:14 -59339.007709] Model parameter optimization (eps = 0.100000)

[00:01:14] ML tree search #13, logLikelihood: -59336.785341

[00:01:14 -198269.013973] Initial branch length optimization
[00:01:14 -68443.605733] Model parameter optimization (eps = 10.000000)
[00:01:16 -59363.824056] AUTODETECT spr round 1 (radius: 5)
[00:01:16 -59363.795572] SPR radius for FAST iterations: 5 (autodetect)
[00:01:16 -59363.795572] Model parameter optimization (eps = 3.000000)
[00:01:16 -59353.809847] FAST spr round 1 (radius: 5)
[00:01:16 -59353.794425] Model parameter optimization (eps = 1.000000)
[00:01:16 -59351.375125] SLOW spr round 1 (radius: 5)
[00:01:17 -59351.366815] SLOW spr round 2 (radius: 10)
[00:01:17 -59349.024199] SLOW spr round 3 (radius: 5)
[00:01:18 -59349.022728] SLOW spr round 4 (radius: 10)
[00:01:18 -59349.022727] SLOW spr round 5 (radius: 15)
[00:01:19 -59339.517923] SLOW spr round 6 (radius: 5)
[00:01:19 -59339.517923] SLOW spr round 7 (radius: 10)
[00:01:20 -59339.517923] SLOW spr round 8 (radius: 15)
[00:01:20 -59339.517923] SLOW spr round 9 (radius: 20)
[00:01:21 -59339.517923] SLOW spr round 10 (radius: 25)
[00:01:21 -59339.517923] Model parameter optimization (eps = 0.100000)

[00:01:21] ML tree search #14, logLikelihood: -59337.330180

[00:01:21 -198269.446501] Initial branch length optimization
[00:01:21 -68432.333918] Model parameter optimization (eps = 10.000000)
[00:01:23 -59353.511447] AUTODETECT spr round 1 (radius: 5)
[00:01:23 -59353.482145] SPR radius for FAST iterations: 5 (autodetect)
[00:01:23 -59353.482145] Model parameter optimization (eps = 3.000000)
[00:01:23 -59346.101683] FAST spr round 1 (radius: 5)
[00:01:23 -59346.083602] Model parameter optimization (eps = 1.000000)
[00:01:23 -59341.764799] SLOW spr round 1 (radius: 5)
[00:01:24 -59341.756404] SLOW spr round 2 (radius: 10)
[00:01:24 -59341.756038] SLOW spr round 3 (radius: 15)
[00:01:25 -59338.861164] SLOW spr round 4 (radius: 5)
[00:01:25 -59338.861163] SLOW spr round 5 (radius: 10)
[00:01:26 -59338.861163] SLOW spr round 6 (radius: 15)
[00:01:26 -59338.861163] SLOW spr round 7 (radius: 20)
[00:01:27 -59338.861163] SLOW spr round 8 (radius: 25)
[00:01:27 -59338.861163] Model parameter optimization (eps = 0.100000)

[00:01:27] ML tree search #15, logLikelihood: -59336.764897

[00:01:27 -198266.421760] Initial branch length optimization
[00:01:27 -68432.333932] Model parameter optimization (eps = 10.000000)
[00:01:29 -59354.307104] AUTODETECT spr round 1 (radius: 5)
[00:01:29 -59354.276564] SPR radius for FAST iterations: 5 (autodetect)
[00:01:29 -59354.276564] Model parameter optimization (eps = 3.000000)
[00:01:29 -59344.380185] FAST spr round 1 (radius: 5)
[00:01:29 -59344.364041] Model parameter optimization (eps = 1.000000)
[00:01:29 -59341.143151] SLOW spr round 1 (radius: 5)
[00:01:30 -59341.134467] SLOW spr round 2 (radius: 10)
[00:01:30 -59341.134211] SLOW spr round 3 (radius: 15)
[00:01:31 -59341.134199] SLOW spr round 4 (radius: 20)
[00:01:31 -59338.267700] SLOW spr round 5 (radius: 5)
[00:01:32 -59338.267700] SLOW spr round 6 (radius: 10)
[00:01:32 -59338.267700] SLOW spr round 7 (radius: 15)
[00:01:32 -59338.267700] SLOW spr round 8 (radius: 20)
[00:01:33 -59338.267700] SLOW spr round 9 (radius: 25)
[00:01:33 -59338.267700] Model parameter optimization (eps = 0.100000)

[00:01:33] ML tree search #16, logLikelihood: -59336.783183

[00:01:33 -198266.259172] Initial branch length optimization
[00:01:33 -68434.099221] Model parameter optimization (eps = 10.000000)
[00:01:35 -59352.721463] AUTODETECT spr round 1 (radius: 5)
[00:01:35 -59351.514553] AUTODETECT spr round 2 (radius: 10)
[00:01:35 -59351.507776] SPR radius for FAST iterations: 5 (autodetect)
[00:01:35 -59351.507776] Model parameter optimization (eps = 3.000000)
[00:01:35 -59341.506284] FAST spr round 1 (radius: 5)
[00:01:36 -59341.492955] Model parameter optimization (eps = 1.000000)
[00:01:36 -59339.063123] SLOW spr round 1 (radius: 5)
[00:01:36 -59339.058138] SLOW spr round 2 (radius: 10)
[00:01:37 -59339.057863] SLOW spr round 3 (radius: 15)
[00:01:37 -59339.057849] SLOW spr round 4 (radius: 20)
[00:01:38 -59339.057848] SLOW spr round 5 (radius: 25)
[00:01:38 -59339.057848] Model parameter optimization (eps = 0.100000)

[00:01:38] ML tree search #17, logLikelihood: -59336.790406

[00:01:38 -198269.615482] Initial branch length optimization
[00:01:38 -68432.333921] Model parameter optimization (eps = 10.000000)
[00:01:40 -59351.885832] AUTODETECT spr round 1 (radius: 5)
[00:01:40 -59351.856655] SPR radius for FAST iterations: 5 (autodetect)
[00:01:40 -59351.856655] Model parameter optimization (eps = 3.000000)
[00:01:40 -59341.606611] FAST spr round 1 (radius: 5)
[00:01:40 -59341.590959] Model parameter optimization (eps = 1.000000)
[00:01:41 -59339.112748] SLOW spr round 1 (radius: 5)
[00:01:41 -59339.104214] SLOW spr round 2 (radius: 10)
[00:01:42 -59339.103931] SLOW spr round 3 (radius: 15)
[00:01:42 -59339.103916] SLOW spr round 4 (radius: 20)
[00:01:42 -59339.103916] SLOW spr round 5 (radius: 25)
[00:01:43 -59339.103916] Model parameter optimization (eps = 0.100000)

[00:01:43] ML tree search #18, logLikelihood: -59336.794985


Optimized model parameters:

   Partition 0: noname
   Rate heterogeneity: NONE
   P-inv (ML): 0.679473
   Base frequencies (ML): 0.296301 0.183940 0.198989 0.320771 
   Substitution rates (ML): 1.200853 5.319794 2.441699 0.635240 14.178933 1.000000 


Final LogLikelihood: -59336.737497

AIC score: 119041.474995 / AICc score: 119043.825824 / BIC score: 120565.002106
Free parameters (model + branch lengths): 184

Best ML tree saved to: /home/hikoyu/analysis/Genome/SARS-CoV-2/phylogeny/RAxML-NG/DNA/univ/uni/SARS-CoV-2_200314.2.raxml.bestTree
All ML trees saved to: /home/hikoyu/analysis/Genome/SARS-CoV-2/phylogeny/RAxML-NG/DNA/univ/uni/SARS-CoV-2_200314.2.raxml.mlTrees
Optimized model saved to: /home/hikoyu/analysis/Genome/SARS-CoV-2/phylogeny/RAxML-NG/DNA/univ/uni/SARS-CoV-2_200314.2.raxml.bestModel

Execution log saved to: /home/hikoyu/analysis/Genome/SARS-CoV-2/phylogeny/RAxML-NG/DNA/univ/uni/SARS-CoV-2_200314.2.raxml.log

Analysis started: 16-Mar-2020 00:34:43 / finished: 16-Mar-2020 00:36:27

Elapsed time: 103.574 seconds

