
RAxML-NG v. 0.9.0 released on 20.05.2019 by The Exelixis Lab.
Developed by: Alexey M. Kozlov and Alexandros Stamatakis.
Contributors: Diego Darriba, Tomas Flouri, Benoit Morel, Sarah Lutteropp, Ben Bettisworth.
Latest version: https://github.com/amkozlov/raxml-ng
Questions/problems/suggestions? Please visit: https://groups.google.com/forum/#!forum/raxml

RAxML-NG was called at 08-Apr-2020 18:50:54 as follows:

raxml-ng --threads 1 --bootstrap --bs-trees 83 --seed 2408805518 --prefix phylogeny/RAxML-NG/DNA/univ/uni/SARS-CoV-2_200407.4 --msa phylogeny/RAxML-NG/DNA/univ/uni/SARS-CoV-2_200407.raxml.rba --outgroup MG772933.1

Analysis options:
  run mode: Bootstrapping
  start tree(s): 
  bootstrap replicates: 83
  random seed: 2408805518
  tip-inner: OFF
  pattern compression: ON
  per-rate scalers: OFF
  site repeats: ON
  branch lengths: proportional (ML estimate, algorithm: NR-FAST)
  SIMD kernels: AVX2
  parallelization: NONE/sequential

[00:00:00] Loading binary alignment from file: phylogeny/RAxML-NG/DNA/univ/uni/SARS-CoV-2_200407.raxml.rba
[00:00:00] Alignment comprises 285 taxa, 1 partitions and 417 patterns

Partition 0: noname
Model: GTR+FO+G4m
Alignment sites / patterns: 29145 / 417
Gaps: 0.04 %
Invariant sites: 85.27 %


[00:00:00] Data distribution: max. partitions/sites/weight per thread: 1 / 417 / 6672
[00:00:00] Starting bootstrapping analysis with 83 replicates.

[00:01:12] Bootstrap tree #1, logLikelihood: -61838.958662
[00:02:13] Bootstrap tree #2, logLikelihood: -61588.733387
[00:03:22] Bootstrap tree #3, logLikelihood: -61696.375822
[00:04:31] Bootstrap tree #4, logLikelihood: -61714.963546
[00:05:41] Bootstrap tree #5, logLikelihood: -61389.624413
[00:06:51] Bootstrap tree #6, logLikelihood: -61460.455425
[00:08:08] Bootstrap tree #7, logLikelihood: -61594.028174
[00:09:08] Bootstrap tree #8, logLikelihood: -61402.011823
[00:10:26] Bootstrap tree #9, logLikelihood: -61182.414922
[00:11:45] Bootstrap tree #10, logLikelihood: -61872.547108
[00:12:51] Bootstrap tree #11, logLikelihood: -61684.896202
[00:14:01] Bootstrap tree #12, logLikelihood: -61670.158078
[00:15:11] Bootstrap tree #13, logLikelihood: -61204.060929
[00:16:35] Bootstrap tree #14, logLikelihood: -61572.963684
[00:17:41] Bootstrap tree #15, logLikelihood: -60891.341896
[00:18:56] Bootstrap tree #16, logLikelihood: -61692.890235
[00:20:01] Bootstrap tree #17, logLikelihood: -61632.033434
[00:21:05] Bootstrap tree #18, logLikelihood: -61640.972111
[00:22:20] Bootstrap tree #19, logLikelihood: -61676.134226
[00:23:31] Bootstrap tree #20, logLikelihood: -61754.258145
[00:24:38] Bootstrap tree #21, logLikelihood: -61283.004308
[00:25:41] Bootstrap tree #22, logLikelihood: -61500.830806
[00:26:52] Bootstrap tree #23, logLikelihood: -61925.455494
[00:28:04] Bootstrap tree #24, logLikelihood: -61431.282543
[00:29:06] Bootstrap tree #25, logLikelihood: -61486.522362
[00:31:24] Bootstrap tree #26, logLikelihood: -62009.227983
[00:32:33] Bootstrap tree #27, logLikelihood: -61539.628913
[00:33:35] Bootstrap tree #28, logLikelihood: -61327.840639
[00:34:47] Bootstrap tree #29, logLikelihood: -61906.245681
[00:36:33] Bootstrap tree #30, logLikelihood: -61389.108194
[00:37:37] Bootstrap tree #31, logLikelihood: -61727.025752
[00:38:36] Bootstrap tree #32, logLikelihood: -61427.319279
[00:39:49] Bootstrap tree #33, logLikelihood: -61618.338901
[00:41:04] Bootstrap tree #34, logLikelihood: -61778.356554
[00:42:15] Bootstrap tree #35, logLikelihood: -61874.803448
[00:43:34] Bootstrap tree #36, logLikelihood: -61471.120715
[00:44:43] Bootstrap tree #37, logLikelihood: -61457.439963
[00:45:50] Bootstrap tree #38, logLikelihood: -61472.444661
[00:47:05] Bootstrap tree #39, logLikelihood: -61416.108430
[00:48:27] Bootstrap tree #40, logLikelihood: -61397.718005
[00:49:32] Bootstrap tree #41, logLikelihood: -62018.535028
[00:50:58] Bootstrap tree #42, logLikelihood: -60789.051920
[00:52:11] Bootstrap tree #43, logLikelihood: -61540.020580
[00:53:28] Bootstrap tree #44, logLikelihood: -61333.780619
[00:54:29] Bootstrap tree #45, logLikelihood: -60884.289016
[00:55:39] Bootstrap tree #46, logLikelihood: -61668.387495
[00:56:45] Bootstrap tree #47, logLikelihood: -61126.360096
[00:57:57] Bootstrap tree #48, logLikelihood: -61925.541539
[00:59:02] Bootstrap tree #49, logLikelihood: -61391.498019
[01:00:10] Bootstrap tree #50, logLikelihood: -61598.653158
[01:01:58] Bootstrap tree #51, logLikelihood: -61562.569103
[01:02:59] Bootstrap tree #52, logLikelihood: -61541.131077
[01:05:04] Bootstrap tree #53, logLikelihood: -61556.784481
[01:06:15] Bootstrap tree #54, logLikelihood: -61320.573933
[01:07:57] Bootstrap tree #55, logLikelihood: -61602.221292
[01:09:13] Bootstrap tree #56, logLikelihood: -61799.661516
[01:10:27] Bootstrap tree #57, logLikelihood: -61355.781929
[01:11:40] Bootstrap tree #58, logLikelihood: -61272.784243
[01:12:57] Bootstrap tree #59, logLikelihood: -61426.617335
[01:14:28] Bootstrap tree #60, logLikelihood: -61097.774169
[01:15:55] Bootstrap tree #61, logLikelihood: -61435.722934
[01:17:07] Bootstrap tree #62, logLikelihood: -61484.549016
[01:18:16] Bootstrap tree #63, logLikelihood: -61747.615339
[01:19:32] Bootstrap tree #64, logLikelihood: -61296.098154
[01:20:58] Bootstrap tree #65, logLikelihood: -61226.732156
[01:22:10] Bootstrap tree #66, logLikelihood: -61097.588354
[01:23:18] Bootstrap tree #67, logLikelihood: -61451.754125
[01:24:27] Bootstrap tree #68, logLikelihood: -61659.798737
[01:25:39] Bootstrap tree #69, logLikelihood: -61473.576907
[01:26:52] Bootstrap tree #70, logLikelihood: -61639.871592
[01:28:02] Bootstrap tree #71, logLikelihood: -61888.719688
[01:29:05] Bootstrap tree #72, logLikelihood: -60971.676978
[01:30:13] Bootstrap tree #73, logLikelihood: -61416.446733
[01:31:15] Bootstrap tree #74, logLikelihood: -61781.030092
[01:32:22] Bootstrap tree #75, logLikelihood: -61613.003650
[01:33:51] Bootstrap tree #76, logLikelihood: -61758.536513
[01:35:08] Bootstrap tree #77, logLikelihood: -61657.199294
[01:36:19] Bootstrap tree #78, logLikelihood: -61245.939472
[01:38:05] Bootstrap tree #79, logLikelihood: -61934.662525
[01:39:19] Bootstrap tree #80, logLikelihood: -61886.303365
[01:40:35] Bootstrap tree #81, logLikelihood: -60938.343948
[01:42:00] Bootstrap tree #82, logLikelihood: -61895.670270
[01:43:13] Bootstrap tree #83, logLikelihood: -61300.739892

Bootstrap trees saved to: /home/hikoyu/analysis/Genome/SARS-CoV-2/phylogeny/RAxML-NG/DNA/univ/uni/SARS-CoV-2_200407.4.raxml.bootstraps

Execution log saved to: /home/hikoyu/analysis/Genome/SARS-CoV-2/phylogeny/RAxML-NG/DNA/univ/uni/SARS-CoV-2_200407.4.raxml.log

Analysis started: 08-Apr-2020 18:50:54 / finished: 08-Apr-2020 20:34:08

Elapsed time: 6193.711 seconds

