
RAxML-NG v. 0.9.0 released on 20.05.2019 by The Exelixis Lab.
Developed by: Alexey M. Kozlov and Alexandros Stamatakis.
Contributors: Diego Darriba, Tomas Flouri, Benoit Morel, Sarah Lutteropp, Ben Bettisworth.
Latest version: https://github.com/amkozlov/raxml-ng
Questions/problems/suggestions? Please visit: https://groups.google.com/forum/#!forum/raxml

RAxML-NG was called at 29-Mar-2020 23:41:02 as follows:

raxml-ng --threads 1 --search --tree rand{9},pars{9} --seed 79260413 --prefix phylogeny/RAxML-NG/DNA/univ/uni/SARS-CoV-2_200328.0 --msa phylogeny/RAxML-NG/DNA/univ/uni/SARS-CoV-2_200328.raxml.rba --outgroup MG772933.1

Analysis options:
  run mode: ML tree search
  start tree(s): random (9) + parsimony (9)
  random seed: 79260413
  tip-inner: OFF
  pattern compression: ON
  per-rate scalers: OFF
  site repeats: ON
  fast spr radius: AUTO
  spr subtree cutoff: 1.000000
  branch lengths: proportional (ML estimate, algorithm: NR-FAST)
  SIMD kernels: AVX2
  parallelization: NONE/sequential

[00:00:00] Loading binary alignment from file: phylogeny/RAxML-NG/DNA/univ/uni/SARS-CoV-2_200328.raxml.rba
[00:00:00] Alignment comprises 80 taxa, 1 partitions and 226 patterns

Partition 0: noname
Model: GTR+FO+G4m
Alignment sites / patterns: 29148 / 226
Gaps: 0.06 %
Invariant sites: 85.71 %


[00:00:00] Generating 9 random starting tree(s) with 80 taxa
[00:00:00] Generating 9 parsimony starting tree(s) with 80 taxa
[00:00:00] Data distribution: max. partitions/sites/weight per thread: 1 / 226 / 3616

Starting ML tree search with 18 distinct starting trees

[00:00:00 -169382.866020] Initial branch length optimization
[00:00:00 -63486.592872] Model parameter optimization (eps = 10.000000)
[00:00:00 -60583.329916] AUTODETECT spr round 1 (radius: 5)
[00:00:00 -60024.429021] AUTODETECT spr round 2 (radius: 10)
[00:00:01 -59842.102994] AUTODETECT spr round 3 (radius: 15)
[00:00:01 -59629.404726] AUTODETECT spr round 4 (radius: 20)
[00:00:01 -59629.382645] SPR radius for FAST iterations: 15 (autodetect)
[00:00:01 -59629.382645] Model parameter optimization (eps = 3.000000)
[00:00:01 -59620.787362] FAST spr round 1 (radius: 15)
[00:00:02 -59609.750238] FAST spr round 2 (radius: 15)
[00:00:03 -59609.750017] Model parameter optimization (eps = 1.000000)
[00:00:03 -59606.585820] SLOW spr round 1 (radius: 5)
[00:00:04 -59606.581300] SLOW spr round 2 (radius: 10)
[00:00:05 -59606.581141] SLOW spr round 3 (radius: 15)
[00:00:06 -59606.581136] SLOW spr round 4 (radius: 20)
[00:00:07 -59606.581136] SLOW spr round 5 (radius: 25)
[00:00:08 -59606.581136] Model parameter optimization (eps = 0.100000)

[00:00:08] ML tree search #1, logLikelihood: -59604.343732

[00:00:08 -169384.311707] Initial branch length optimization
[00:00:08 -63458.459725] Model parameter optimization (eps = 10.000000)
[00:00:09 -60559.369752] AUTODETECT spr round 1 (radius: 5)
[00:00:09 -60076.146735] AUTODETECT spr round 2 (radius: 10)
[00:00:09 -59891.219460] AUTODETECT spr round 3 (radius: 15)
[00:00:10 -59754.462973] AUTODETECT spr round 4 (radius: 20)
[00:00:10 -59754.462963] SPR radius for FAST iterations: 15 (autodetect)
[00:00:10 -59754.462963] Model parameter optimization (eps = 3.000000)
[00:00:10 -59753.434405] FAST spr round 1 (radius: 15)
[00:00:11 -59618.449693] FAST spr round 2 (radius: 15)
[00:00:12 -59618.443843] Model parameter optimization (eps = 1.000000)
[00:00:12 -59606.700877] SLOW spr round 1 (radius: 5)
[00:00:13 -59606.693075] SLOW spr round 2 (radius: 10)
[00:00:15 -59606.692835] SLOW spr round 3 (radius: 15)
[00:00:15 -59606.692827] SLOW spr round 4 (radius: 20)
[00:00:16 -59606.692827] SLOW spr round 5 (radius: 25)
[00:00:17 -59606.692827] Model parameter optimization (eps = 0.100000)

[00:00:17] ML tree search #2, logLikelihood: -59604.368087

[00:00:17 -169361.977527] Initial branch length optimization
[00:00:17 -63407.013225] Model parameter optimization (eps = 10.000000)
[00:00:17 -60524.346811] AUTODETECT spr round 1 (radius: 5)
[00:00:18 -60033.233095] AUTODETECT spr round 2 (radius: 10)
[00:00:18 -59820.045149] AUTODETECT spr round 3 (radius: 15)
[00:00:18 -59788.478523] AUTODETECT spr round 4 (radius: 20)
[00:00:19 -59788.478522] SPR radius for FAST iterations: 15 (autodetect)
[00:00:19 -59788.478522] Model parameter optimization (eps = 3.000000)
[00:00:19 -59787.623630] FAST spr round 1 (radius: 15)
[00:00:20 -59618.510052] FAST spr round 2 (radius: 15)
[00:00:21 -59618.311102] FAST spr round 3 (radius: 15)
[00:00:21 -59618.310980] Model parameter optimization (eps = 1.000000)
[00:00:22 -59606.638818] SLOW spr round 1 (radius: 5)
[00:00:23 -59606.631033] SLOW spr round 2 (radius: 10)
[00:00:24 -59606.616348] SLOW spr round 3 (radius: 15)
[00:00:25 -59606.616340] SLOW spr round 4 (radius: 20)
[00:00:25 -59606.616340] SLOW spr round 5 (radius: 25)
[00:00:26 -59606.616340] Model parameter optimization (eps = 0.100000)

[00:00:26] ML tree search #3, logLikelihood: -59604.353105

[00:00:26 -169377.091721] Initial branch length optimization
[00:00:26 -63472.407032] Model parameter optimization (eps = 10.000000)
[00:00:27 -60576.025659] AUTODETECT spr round 1 (radius: 5)
[00:00:27 -60114.734524] AUTODETECT spr round 2 (radius: 10)
[00:00:27 -59894.405362] AUTODETECT spr round 3 (radius: 15)
[00:00:28 -59844.343466] AUTODETECT spr round 4 (radius: 20)
[00:00:28 -59844.337910] SPR radius for FAST iterations: 15 (autodetect)
[00:00:28 -59844.337910] Model parameter optimization (eps = 3.000000)
[00:00:28 -59843.194461] FAST spr round 1 (radius: 15)
[00:00:29 -59695.875994] FAST spr round 2 (radius: 15)
[00:00:30 -59618.781094] FAST spr round 3 (radius: 15)
[00:00:31 -59618.778784] Model parameter optimization (eps = 1.000000)
[00:00:31 -59606.718989] SLOW spr round 1 (radius: 5)
[00:00:32 -59606.707264] SLOW spr round 2 (radius: 10)
[00:00:33 -59606.707022] SLOW spr round 3 (radius: 15)
[00:00:34 -59606.692556] SLOW spr round 4 (radius: 20)
[00:00:35 -59606.692556] SLOW spr round 5 (radius: 25)
[00:00:35 -59606.692556] Model parameter optimization (eps = 0.100000)

[00:00:36] ML tree search #4, logLikelihood: -59604.355319

[00:00:36 -169378.158330] Initial branch length optimization
[00:00:36 -63479.387112] Model parameter optimization (eps = 10.000000)
[00:00:36 -60582.000968] AUTODETECT spr round 1 (radius: 5)
[00:00:37 -60042.489173] AUTODETECT spr round 2 (radius: 10)
[00:00:37 -59845.571120] AUTODETECT spr round 3 (radius: 15)
[00:00:37 -59687.422420] AUTODETECT spr round 4 (radius: 20)
[00:00:38 -59687.402995] SPR radius for FAST iterations: 15 (autodetect)
[00:00:38 -59687.402995] Model parameter optimization (eps = 3.000000)
[00:00:38 -59679.396704] FAST spr round 1 (radius: 15)
[00:00:39 -59609.808636] FAST spr round 2 (radius: 15)
[00:00:39 -59609.807635] Model parameter optimization (eps = 1.000000)
[00:00:39 -59606.607822] SLOW spr round 1 (radius: 5)
[00:00:40 -59606.602252] SLOW spr round 2 (radius: 10)
[00:00:41 -59606.602090] SLOW spr round 3 (radius: 15)
[00:00:42 -59606.602085] SLOW spr round 4 (radius: 20)
[00:00:43 -59606.602085] SLOW spr round 5 (radius: 25)
[00:00:44 -59606.602085] Model parameter optimization (eps = 0.100000)

[00:00:44] ML tree search #5, logLikelihood: -59604.346352

[00:00:44 -169359.352552] Initial branch length optimization
[00:00:44 -63398.252497] Model parameter optimization (eps = 10.000000)
[00:00:45 -60516.043431] AUTODETECT spr round 1 (radius: 5)
[00:00:45 -60092.763911] AUTODETECT spr round 2 (radius: 10)
[00:00:45 -59920.325544] AUTODETECT spr round 3 (radius: 15)
[00:00:46 -59859.822431] AUTODETECT spr round 4 (radius: 20)
[00:00:46 -59851.785554] AUTODETECT spr round 5 (radius: 25)
[00:00:46 -59851.785554] SPR radius for FAST iterations: 20 (autodetect)
[00:00:46 -59851.785554] Model parameter optimization (eps = 3.000000)
[00:00:46 -59850.961524] FAST spr round 1 (radius: 20)
[00:00:47 -59625.734341] FAST spr round 2 (radius: 20)
[00:00:48 -59618.442851] FAST spr round 3 (radius: 20)
[00:00:49 -59618.442683] Model parameter optimization (eps = 1.000000)
[00:00:49 -59606.624034] SLOW spr round 1 (radius: 5)
[00:00:50 -59606.613334] SLOW spr round 2 (radius: 10)
[00:00:51 -59606.613105] SLOW spr round 3 (radius: 15)
[00:00:52 -59606.613098] SLOW spr round 4 (radius: 20)
[00:00:52 -59606.613097] SLOW spr round 5 (radius: 25)
[00:00:53 -59606.613097] Model parameter optimization (eps = 0.100000)

[00:00:54] ML tree search #6, logLikelihood: -59604.352363

[00:00:54 -169344.782837] Initial branch length optimization
[00:00:54 -63412.254342] Model parameter optimization (eps = 10.000000)
[00:00:54 -60526.027793] AUTODETECT spr round 1 (radius: 5)
[00:00:54 -60020.992737] AUTODETECT spr round 2 (radius: 10)
[00:00:55 -59837.094020] AUTODETECT spr round 3 (radius: 15)
[00:00:55 -59769.841458] AUTODETECT spr round 4 (radius: 20)
[00:00:55 -59761.648408] AUTODETECT spr round 5 (radius: 25)
[00:00:55 -59754.986475] SPR radius for FAST iterations: 25 (autodetect)
[00:00:55 -59754.986475] Model parameter optimization (eps = 3.000000)
[00:00:56 -59753.990588] FAST spr round 1 (radius: 25)
[00:00:57 -59618.471850] FAST spr round 2 (radius: 25)
[00:00:58 -59618.462986] Model parameter optimization (eps = 1.000000)
[00:00:58 -59606.672084] SLOW spr round 1 (radius: 5)
[00:00:59 -59606.663856] SLOW spr round 2 (radius: 10)
[00:01:00 -59606.649160] SLOW spr round 3 (radius: 15)
[00:01:01 -59606.649153] SLOW spr round 4 (radius: 20)
[00:01:02 -59606.649153] SLOW spr round 5 (radius: 25)
[00:01:02 -59606.649153] Model parameter optimization (eps = 0.100000)

[00:01:03] ML tree search #7, logLikelihood: -59604.356986

[00:01:03 -169367.981413] Initial branch length optimization
[00:01:03 -63467.289880] Model parameter optimization (eps = 10.000000)
[00:01:03 -60573.229243] AUTODETECT spr round 1 (radius: 5)
[00:01:03 -60111.029197] AUTODETECT spr round 2 (radius: 10)
[00:01:04 -59990.765676] AUTODETECT spr round 3 (radius: 15)
[00:01:04 -59822.416008] AUTODETECT spr round 4 (radius: 20)
[00:01:04 -59822.416001] SPR radius for FAST iterations: 15 (autodetect)
[00:01:04 -59822.416001] Model parameter optimization (eps = 3.000000)
[00:01:05 -59821.567355] FAST spr round 1 (radius: 15)
[00:01:06 -59619.053085] FAST spr round 2 (radius: 15)
[00:01:06 -59618.856680] FAST spr round 3 (radius: 15)
[00:01:07 -59618.856380] Model parameter optimization (eps = 1.000000)
[00:01:07 -59607.424301] SLOW spr round 1 (radius: 5)
[00:01:08 -59607.404522] SLOW spr round 2 (radius: 10)
[00:01:09 -59607.404285] SLOW spr round 3 (radius: 15)
[00:01:10 -59607.404108] SLOW spr round 4 (radius: 20)
[00:01:11 -59607.404108] SLOW spr round 5 (radius: 25)
[00:01:12 -59607.404108] Model parameter optimization (eps = 0.100000)

[00:01:12] ML tree search #8, logLikelihood: -59605.153182

[00:01:12 -169365.813937] Initial branch length optimization
[00:01:12 -63458.383894] Model parameter optimization (eps = 10.000000)
[00:01:13 -60566.324174] AUTODETECT spr round 1 (radius: 5)
[00:01:13 -60038.939213] AUTODETECT spr round 2 (radius: 10)
[00:01:13 -59764.636035] AUTODETECT spr round 3 (radius: 15)
[00:01:14 -59755.561124] AUTODETECT spr round 4 (radius: 20)
[00:01:14 -59755.560844] SPR radius for FAST iterations: 15 (autodetect)
[00:01:14 -59755.560844] Model parameter optimization (eps = 3.000000)
[00:01:14 -59754.360515] FAST spr round 1 (radius: 15)
[00:01:15 -59618.545741] FAST spr round 2 (radius: 15)
[00:01:16 -59618.535926] Model parameter optimization (eps = 1.000000)
[00:01:16 -59606.684551] SLOW spr round 1 (radius: 5)
[00:01:17 -59606.677229] SLOW spr round 2 (radius: 10)
[00:01:19 -59606.676991] SLOW spr round 3 (radius: 15)
[00:01:20 -59606.676983] SLOW spr round 4 (radius: 20)
[00:01:20 -59606.662491] SLOW spr round 5 (radius: 25)
[00:01:21 -59606.662491] Model parameter optimization (eps = 0.100000)

[00:01:21] ML tree search #9, logLikelihood: -59604.356886

[00:01:21 -166209.240590] Initial branch length optimization
[00:01:21 -61814.629849] Model parameter optimization (eps = 10.000000)
[00:01:22 -59613.420340] AUTODETECT spr round 1 (radius: 5)
[00:01:22 -59611.976862] AUTODETECT spr round 2 (radius: 10)
[00:01:22 -59611.976860] SPR radius for FAST iterations: 5 (autodetect)
[00:01:22 -59611.976860] Model parameter optimization (eps = 3.000000)
[00:01:22 -59607.177684] FAST spr round 1 (radius: 5)
[00:01:23 -59607.176168] Model parameter optimization (eps = 1.000000)
[00:01:23 -59605.474222] SLOW spr round 1 (radius: 5)
[00:01:24 -59605.473376] SLOW spr round 2 (radius: 10)
[00:01:25 -59605.473372] SLOW spr round 3 (radius: 15)
[00:01:25 -59605.473372] SLOW spr round 4 (radius: 20)
[00:01:26 -59605.473372] SLOW spr round 5 (radius: 25)
[00:01:27 -59605.473372] Model parameter optimization (eps = 0.100000)

[00:01:27] ML tree search #10, logLikelihood: -59604.338658

[00:01:27 -166214.534385] Initial branch length optimization
[00:01:27 -61824.712328] Model parameter optimization (eps = 10.000000)
[00:01:27 -59621.511993] AUTODETECT spr round 1 (radius: 5)
[00:01:28 -59621.508635] SPR radius for FAST iterations: 5 (autodetect)
[00:01:28 -59621.508635] Model parameter optimization (eps = 3.000000)
[00:01:28 -59616.814249] FAST spr round 1 (radius: 5)
[00:01:28 -59616.812041] Model parameter optimization (eps = 1.000000)
[00:01:28 -59615.142410] SLOW spr round 1 (radius: 5)
[00:01:29 -59615.141211] SLOW spr round 2 (radius: 10)
[00:01:30 -59606.078679] SLOW spr round 3 (radius: 5)
[00:01:31 -59606.078679] SLOW spr round 4 (radius: 10)
[00:01:32 -59606.078679] SLOW spr round 5 (radius: 15)
[00:01:33 -59605.630983] SLOW spr round 6 (radius: 5)
[00:01:34 -59605.630983] SLOW spr round 7 (radius: 10)
[00:01:35 -59605.630983] SLOW spr round 8 (radius: 15)
[00:01:35 -59605.630983] SLOW spr round 9 (radius: 20)
[00:01:36 -59605.424922] SLOW spr round 10 (radius: 5)
[00:01:37 -59605.424922] SLOW spr round 11 (radius: 10)
[00:01:38 -59605.424922] SLOW spr round 12 (radius: 15)
[00:01:39 -59605.424922] SLOW spr round 13 (radius: 20)
[00:01:40 -59605.424922] SLOW spr round 14 (radius: 25)
[00:01:40 -59605.424922] Model parameter optimization (eps = 0.100000)

[00:01:41] ML tree search #11, logLikelihood: -59604.318972

[00:01:41 -166209.254180] Initial branch length optimization
[00:01:41 -61814.629697] Model parameter optimization (eps = 10.000000)
[00:01:41 -59613.420342] AUTODETECT spr round 1 (radius: 5)
[00:01:41 -59613.417891] SPR radius for FAST iterations: 5 (autodetect)
[00:01:41 -59613.417891] Model parameter optimization (eps = 3.000000)
[00:01:41 -59610.472534] FAST spr round 1 (radius: 5)
[00:01:42 -59610.470800] Model parameter optimization (eps = 1.000000)
[00:01:42 -59607.820936] SLOW spr round 1 (radius: 5)
[00:01:43 -59607.819618] SLOW spr round 2 (radius: 10)
[00:01:44 -59606.213509] SLOW spr round 3 (radius: 5)
[00:01:45 -59606.213509] SLOW spr round 4 (radius: 10)
[00:01:45 -59606.213509] SLOW spr round 5 (radius: 15)
[00:01:46 -59606.213509] SLOW spr round 6 (radius: 20)
[00:01:47 -59606.213509] SLOW spr round 7 (radius: 25)
[00:01:48 -59606.213509] Model parameter optimization (eps = 0.100000)

[00:01:48] ML tree search #12, logLikelihood: -59604.349420

[00:01:48 -166209.214561] Initial branch length optimization
[00:01:48 -61814.626863] Model parameter optimization (eps = 10.000000)
[00:01:48 -59613.440729] AUTODETECT spr round 1 (radius: 5)
[00:01:49 -59612.351294] AUTODETECT spr round 2 (radius: 10)
[00:01:49 -59612.351131] SPR radius for FAST iterations: 5 (autodetect)
[00:01:49 -59612.351131] Model parameter optimization (eps = 3.000000)
[00:01:49 -59607.614783] FAST spr round 1 (radius: 5)
[00:01:49 -59607.612111] Model parameter optimization (eps = 1.000000)
[00:01:50 -59605.936134] SLOW spr round 1 (radius: 5)
[00:01:51 -59605.932066] SLOW spr round 2 (radius: 10)
[00:01:51 -59605.489816] SLOW spr round 3 (radius: 5)
[00:01:52 -59605.489816] SLOW spr round 4 (radius: 10)
[00:01:53 -59605.489816] SLOW spr round 5 (radius: 15)
[00:01:54 -59605.489816] SLOW spr round 6 (radius: 20)
[00:01:55 -59605.489816] SLOW spr round 7 (radius: 25)
[00:01:55 -59605.489816] Model parameter optimization (eps = 0.100000)

[00:01:56] ML tree search #13, logLikelihood: -59604.333078

[00:01:56 -166209.253072] Initial branch length optimization
[00:01:56 -61814.630890] Model parameter optimization (eps = 10.000000)
[00:01:56 -59613.423101] AUTODETECT spr round 1 (radius: 5)
[00:01:56 -59612.334378] AUTODETECT spr round 2 (radius: 10)
[00:01:57 -59612.334214] SPR radius for FAST iterations: 5 (autodetect)
[00:01:57 -59612.334214] Model parameter optimization (eps = 3.000000)
[00:01:57 -59607.608652] FAST spr round 1 (radius: 5)
[00:01:57 -59607.606871] Model parameter optimization (eps = 1.000000)
[00:01:57 -59605.933852] SLOW spr round 1 (radius: 5)
[00:01:58 -59605.930095] SLOW spr round 2 (radius: 10)
[00:01:59 -59605.502190] SLOW spr round 3 (radius: 5)
[00:02:00 -59605.502190] SLOW spr round 4 (radius: 10)
[00:02:01 -59605.502190] SLOW spr round 5 (radius: 15)
[00:02:02 -59605.502190] SLOW spr round 6 (radius: 20)
[00:02:02 -59605.502190] SLOW spr round 7 (radius: 25)
[00:02:03 -59605.502190] Model parameter optimization (eps = 0.100000)

[00:02:03] ML tree search #14, logLikelihood: -59604.347072

[00:02:03 -166214.505039] Initial branch length optimization
[00:02:03 -61828.918437] Model parameter optimization (eps = 10.000000)
[00:02:04 -59623.351661] AUTODETECT spr round 1 (radius: 5)
[00:02:04 -59611.654154] AUTODETECT spr round 2 (radius: 10)
[00:02:04 -59611.654152] SPR radius for FAST iterations: 5 (autodetect)
[00:02:04 -59611.654152] Model parameter optimization (eps = 3.000000)
[00:02:04 -59608.718072] FAST spr round 1 (radius: 5)
[00:02:05 -59608.715875] Model parameter optimization (eps = 1.000000)
[00:02:05 -59606.054793] SLOW spr round 1 (radius: 5)
[00:02:06 -59606.053094] SLOW spr round 2 (radius: 10)
[00:02:07 -59606.053090] SLOW spr round 3 (radius: 15)
[00:02:07 -59606.053090] SLOW spr round 4 (radius: 20)
[00:02:08 -59606.053090] SLOW spr round 5 (radius: 25)
[00:02:09 -59606.053090] Model parameter optimization (eps = 0.100000)

[00:02:09] ML tree search #15, logLikelihood: -59604.318623

[00:02:09 -166209.998290] Initial branch length optimization
[00:02:09 -61814.990599] Model parameter optimization (eps = 10.000000)
[00:02:09 -59613.663438] AUTODETECT spr round 1 (radius: 5)
[00:02:09 -59613.661684] SPR radius for FAST iterations: 5 (autodetect)
[00:02:09 -59613.661684] Model parameter optimization (eps = 3.000000)
[00:02:10 -59610.690764] FAST spr round 1 (radius: 5)
[00:02:10 -59610.689480] Model parameter optimization (eps = 1.000000)
[00:02:10 -59608.012910] SLOW spr round 1 (radius: 5)
[00:02:11 -59608.011862] SLOW spr round 2 (radius: 10)
[00:02:12 -59606.819560] SLOW spr round 3 (radius: 5)
[00:02:13 -59606.819560] SLOW spr round 4 (radius: 10)
[00:02:13 -59606.819560] SLOW spr round 5 (radius: 15)
[00:02:14 -59606.182228] SLOW spr round 6 (radius: 5)
[00:02:15 -59606.182228] SLOW spr round 7 (radius: 10)
[00:02:16 -59606.182228] SLOW spr round 8 (radius: 15)
[00:02:17 -59606.182228] SLOW spr round 9 (radius: 20)
[00:02:18 -59606.182228] SLOW spr round 10 (radius: 25)
[00:02:18 -59606.182228] Model parameter optimization (eps = 0.100000)

[00:02:19] ML tree search #16, logLikelihood: -59604.345544

[00:02:19 -166214.467170] Initial branch length optimization
[00:02:19 -61824.338230] Model parameter optimization (eps = 10.000000)
[00:02:19 -59622.171872] AUTODETECT spr round 1 (radius: 5)
[00:02:19 -59612.165220] AUTODETECT spr round 2 (radius: 10)
[00:02:20 -59612.165137] SPR radius for FAST iterations: 5 (autodetect)
[00:02:20 -59612.165137] Model parameter optimization (eps = 3.000000)
[00:02:20 -59609.207124] FAST spr round 1 (radius: 5)
[00:02:20 -59609.198646] Model parameter optimization (eps = 1.000000)
[00:02:20 -59606.542138] SLOW spr round 1 (radius: 5)
[00:02:21 -59606.538555] SLOW spr round 2 (radius: 10)
[00:02:22 -59606.122036] SLOW spr round 3 (radius: 5)
[00:02:23 -59606.122036] SLOW spr round 4 (radius: 10)
[00:02:24 -59606.122036] SLOW spr round 5 (radius: 15)
[00:02:25 -59606.122036] SLOW spr round 6 (radius: 20)
[00:02:25 -59606.122036] SLOW spr round 7 (radius: 25)
[00:02:26 -59606.122036] Model parameter optimization (eps = 0.100000)

[00:02:26] ML tree search #17, logLikelihood: -59604.337143

[00:02:26 -166215.872986] Initial branch length optimization
[00:02:26 -61821.672788] Model parameter optimization (eps = 10.000000)
[00:02:26 -59616.268616] AUTODETECT spr round 1 (radius: 5)
[00:02:27 -59611.596714] AUTODETECT spr round 2 (radius: 10)
[00:02:27 -59611.596615] SPR radius for FAST iterations: 5 (autodetect)
[00:02:27 -59611.596615] Model parameter optimization (eps = 3.000000)
[00:02:27 -59608.690204] FAST spr round 1 (radius: 5)
[00:02:27 -59608.681422] Model parameter optimization (eps = 1.000000)
[00:02:28 -59606.045479] SLOW spr round 1 (radius: 5)
[00:02:28 -59606.040576] SLOW spr round 2 (radius: 10)
[00:02:29 -59606.040532] SLOW spr round 3 (radius: 15)
[00:02:30 -59606.040532] SLOW spr round 4 (radius: 20)
[00:02:31 -59606.040532] SLOW spr round 5 (radius: 25)
[00:02:32 -59606.040532] Model parameter optimization (eps = 0.100000)

[00:02:32] ML tree search #18, logLikelihood: -59604.317350


Optimized model parameters:

   Partition 0: noname
   Rate heterogeneity: GAMMA (4 cats, mean),  alpha: 0.236317 (ML),  weights&rates: (0.250000,0.001534) (0.250000,0.057002) (0.250000,0.471728) (0.250000,3.469736) 
   Base frequencies (ML): 0.296127 0.184231 0.198815 0.320827 
   Substitution rates (ML): 1.191504 5.039780 2.305716 0.762251 12.338053 1.000000 


Final LogLikelihood: -59604.317350

AIC score: 119540.634700 / AICc score: 119542.547816 / BIC score: 120915.138202
Free parameters (model + branch lengths): 166

Best ML tree saved to: /home/hikoyu/analysis/Genome/SARS-CoV-2/phylogeny/RAxML-NG/DNA/univ/uni/SARS-CoV-2_200328.0.raxml.bestTree
All ML trees saved to: /home/hikoyu/analysis/Genome/SARS-CoV-2/phylogeny/RAxML-NG/DNA/univ/uni/SARS-CoV-2_200328.0.raxml.mlTrees
Optimized model saved to: /home/hikoyu/analysis/Genome/SARS-CoV-2/phylogeny/RAxML-NG/DNA/univ/uni/SARS-CoV-2_200328.0.raxml.bestModel

Execution log saved to: /home/hikoyu/analysis/Genome/SARS-CoV-2/phylogeny/RAxML-NG/DNA/univ/uni/SARS-CoV-2_200328.0.raxml.log

Analysis started: 29-Mar-2020 23:41:02 / finished: 29-Mar-2020 23:43:35

Elapsed time: 152.551 seconds

