
RAxML-NG v. 0.9.0 released on 20.05.2019 by The Exelixis Lab.
Developed by: Alexey M. Kozlov and Alexandros Stamatakis.
Contributors: Diego Darriba, Tomas Flouri, Benoit Morel, Sarah Lutteropp, Ben Bettisworth.
Latest version: https://github.com/amkozlov/raxml-ng
Questions/problems/suggestions? Please visit: https://groups.google.com/forum/#!forum/raxml

RAxML-NG was called at 08-Apr-2020 15:58:42 as follows:

raxml-ng --threads 1 --search --tree rand{9},pars{9} --seed 921888103 --prefix phylogeny/RAxML-NG/DNA/univ/uni/SARS-CoV-2_200407.0 --msa phylogeny/RAxML-NG/DNA/univ/uni/SARS-CoV-2_200407.raxml.rba --outgroup MG772933.1

Analysis options:
  run mode: ML tree search
  start tree(s): random (9) + parsimony (9)
  random seed: 921888103
  tip-inner: OFF
  pattern compression: ON
  per-rate scalers: OFF
  site repeats: ON
  fast spr radius: AUTO
  spr subtree cutoff: 1.000000
  branch lengths: proportional (ML estimate, algorithm: NR-FAST)
  SIMD kernels: AVX2
  parallelization: NONE/sequential

[00:00:00] Loading binary alignment from file: phylogeny/RAxML-NG/DNA/univ/uni/SARS-CoV-2_200407.raxml.rba
[00:00:00] Alignment comprises 285 taxa, 1 partitions and 417 patterns

Partition 0: noname
Model: GTR+FO+G4m
Alignment sites / patterns: 29145 / 417
Gaps: 0.04 %
Invariant sites: 85.27 %


[00:00:00] Generating 9 random starting tree(s) with 285 taxa
[00:00:00] Generating 9 parsimony starting tree(s) with 285 taxa
[00:00:01] Data distribution: max. partitions/sites/weight per thread: 1 / 417 / 6672

Starting ML tree search with 18 distinct starting trees

[00:00:01 -336968.942984] Initial branch length optimization
[00:00:01 -73154.428574] Model parameter optimization (eps = 10.000000)
[00:00:04 -69063.087039] AUTODETECT spr round 1 (radius: 5)
[00:00:06 -64153.880057] AUTODETECT spr round 2 (radius: 10)
[00:00:10 -63063.450723] AUTODETECT spr round 3 (radius: 15)
[00:00:14 -62671.095113] AUTODETECT spr round 4 (radius: 20)
[00:00:20 -62348.642204] AUTODETECT spr round 5 (radius: 25)
[00:00:25 -62308.946427] SPR radius for FAST iterations: 25 (autodetect)
[00:00:25 -62308.946427] Model parameter optimization (eps = 3.000000)
[00:00:25 -62286.286614] FAST spr round 1 (radius: 25)
[00:00:41 -61817.058298] FAST spr round 2 (radius: 25)
[00:00:51 -61715.861744] FAST spr round 3 (radius: 25)
[00:00:59 -61715.655622] FAST spr round 4 (radius: 25)
[00:01:05 -61715.655445] Model parameter optimization (eps = 1.000000)
[00:01:07 -61672.431198] SLOW spr round 1 (radius: 5)
[00:01:13 -61672.424746] SLOW spr round 2 (radius: 10)
[00:01:21 -61672.424738] SLOW spr round 3 (radius: 15)
[00:01:29 -61672.424738] SLOW spr round 4 (radius: 20)
[00:01:37 -61672.424738] SLOW spr round 5 (radius: 25)
[00:01:45 -61672.424738] Model parameter optimization (eps = 0.100000)

[00:01:46] ML tree search #1, logLikelihood: -61671.287796

[00:01:46 -336884.930218] Initial branch length optimization
[00:01:46 -72786.819815] Model parameter optimization (eps = 10.000000)
[00:01:48 -68784.440701] AUTODETECT spr round 1 (radius: 5)
[00:01:50 -64061.569045] AUTODETECT spr round 2 (radius: 10)
[00:01:54 -62990.235862] AUTODETECT spr round 3 (radius: 15)
[00:01:59 -62469.699266] AUTODETECT spr round 4 (radius: 20)
[00:02:05 -62224.779847] AUTODETECT spr round 5 (radius: 25)
[00:02:11 -62223.861830] SPR radius for FAST iterations: 25 (autodetect)
[00:02:11 -62223.861830] Model parameter optimization (eps = 3.000000)
[00:02:11 -62203.104835] FAST spr round 1 (radius: 25)
[00:02:26 -61720.591698] FAST spr round 2 (radius: 25)
[00:02:35 -61714.401407] FAST spr round 3 (radius: 25)
[00:02:40 -61714.401387] Model parameter optimization (eps = 1.000000)
[00:02:43 -61672.608295] SLOW spr round 1 (radius: 5)
[00:02:48 -61672.604793] SLOW spr round 2 (radius: 10)
[00:02:56 -61672.604786] SLOW spr round 3 (radius: 15)
[00:03:05 -61672.604786] SLOW spr round 4 (radius: 20)
[00:03:14 -61672.604786] SLOW spr round 5 (radius: 25)
[00:03:21 -61672.604786] Model parameter optimization (eps = 0.100000)

[00:03:22] ML tree search #2, logLikelihood: -61671.536273

[00:03:22 -337072.800134] Initial branch length optimization
[00:03:23 -73516.609181] Model parameter optimization (eps = 10.000000)
[00:03:24 -69372.387605] AUTODETECT spr round 1 (radius: 5)
[00:03:27 -64285.425175] AUTODETECT spr round 2 (radius: 10)
[00:03:31 -62833.728320] AUTODETECT spr round 3 (radius: 15)
[00:03:37 -62266.994360] AUTODETECT spr round 4 (radius: 20)
[00:03:43 -62053.703660] AUTODETECT spr round 5 (radius: 25)
[00:03:49 -62053.660438] SPR radius for FAST iterations: 20 (autodetect)
[00:03:49 -62053.660438] Model parameter optimization (eps = 3.000000)
[00:03:51 -61993.527597] FAST spr round 1 (radius: 20)
[00:04:04 -61679.769823] FAST spr round 2 (radius: 20)
[00:04:11 -61679.769818] Model parameter optimization (eps = 1.000000)
[00:04:13 -61673.090230] SLOW spr round 1 (radius: 5)
[00:04:19 -61673.071505] SLOW spr round 2 (radius: 10)
[00:04:26 -61672.693678] SLOW spr round 3 (radius: 5)
[00:04:32 -61672.693678] SLOW spr round 4 (radius: 10)
[00:04:39 -61672.693678] SLOW spr round 5 (radius: 15)
[00:04:47 -61672.693678] SLOW spr round 6 (radius: 20)
[00:04:58 -61672.693678] SLOW spr round 7 (radius: 25)
[00:05:07 -61672.693678] Model parameter optimization (eps = 0.100000)

[00:05:08] ML tree search #3, logLikelihood: -61672.080458

[00:05:08 -336991.493341] Initial branch length optimization
[00:05:08 -73286.805797] Model parameter optimization (eps = 10.000000)
[00:05:10 -69186.464479] AUTODETECT spr round 1 (radius: 5)
[00:05:12 -64260.051234] AUTODETECT spr round 2 (radius: 10)
[00:05:16 -62909.571800] AUTODETECT spr round 3 (radius: 15)
[00:05:21 -62229.944252] AUTODETECT spr round 4 (radius: 20)
[00:05:27 -62097.956359] AUTODETECT spr round 5 (radius: 25)
[00:05:33 -62088.630752] SPR radius for FAST iterations: 25 (autodetect)
[00:05:33 -62088.630752] Model parameter optimization (eps = 3.000000)
[00:05:33 -62063.246308] FAST spr round 1 (radius: 25)
[00:05:48 -61723.792446] FAST spr round 2 (radius: 25)
[00:05:58 -61723.588729] FAST spr round 3 (radius: 25)
[00:06:05 -61723.584788] Model parameter optimization (eps = 1.000000)
[00:06:07 -61680.912932] SLOW spr round 1 (radius: 5)
[00:06:13 -61680.909117] SLOW spr round 2 (radius: 10)
[00:06:21 -61680.909108] SLOW spr round 3 (radius: 15)
[00:06:29 -61680.909108] SLOW spr round 4 (radius: 20)
[00:06:38 -61680.909108] SLOW spr round 5 (radius: 25)
[00:06:46 -61680.909108] Model parameter optimization (eps = 0.100000)

[00:06:47] ML tree search #4, logLikelihood: -61679.768303

[00:06:47 -337000.745026] Initial branch length optimization
[00:06:48 -73341.663044] Model parameter optimization (eps = 10.000000)
[00:06:49 -69211.265186] AUTODETECT spr round 1 (radius: 5)
[00:06:52 -64098.232541] AUTODETECT spr round 2 (radius: 10)
[00:06:56 -62905.189355] AUTODETECT spr round 3 (radius: 15)
[00:07:00 -62524.357087] AUTODETECT spr round 4 (radius: 20)
[00:07:06 -62392.647727] AUTODETECT spr round 5 (radius: 25)
[00:07:11 -62286.868076] SPR radius for FAST iterations: 25 (autodetect)
[00:07:11 -62286.868076] Model parameter optimization (eps = 3.000000)
[00:07:13 -62236.364087] FAST spr round 1 (radius: 25)
[00:07:29 -61708.539888] FAST spr round 2 (radius: 25)
[00:07:37 -61684.819302] FAST spr round 3 (radius: 25)
[00:07:42 -61684.819302] Model parameter optimization (eps = 1.000000)
[00:07:44 -61672.379922] SLOW spr round 1 (radius: 5)
[00:07:50 -61671.995629] SLOW spr round 2 (radius: 5)
[00:07:55 -61671.995624] SLOW spr round 3 (radius: 10)
[00:08:03 -61671.995624] SLOW spr round 4 (radius: 15)
[00:08:11 -61671.995624] SLOW spr round 5 (radius: 20)
[00:08:21 -61671.995624] SLOW spr round 6 (radius: 25)
[00:08:30 -61671.995624] Model parameter optimization (eps = 0.100000)

[00:08:31] ML tree search #5, logLikelihood: -61671.258513

[00:08:31 -336974.865182] Initial branch length optimization
[00:08:31 -73216.277813] Model parameter optimization (eps = 10.000000)
[00:08:33 -69117.574853] AUTODETECT spr round 1 (radius: 5)
[00:08:36 -64121.494671] AUTODETECT spr round 2 (radius: 10)
[00:08:39 -63082.540403] AUTODETECT spr round 3 (radius: 15)
[00:08:44 -62534.534175] AUTODETECT spr round 4 (radius: 20)
[00:08:50 -62287.202037] AUTODETECT spr round 5 (radius: 25)
[00:08:57 -62219.525946] SPR radius for FAST iterations: 25 (autodetect)
[00:08:57 -62219.525946] Model parameter optimization (eps = 3.000000)
[00:08:58 -62198.138375] FAST spr round 1 (radius: 25)
[00:09:13 -61809.842159] FAST spr round 2 (radius: 25)
[00:09:23 -61801.717930] FAST spr round 3 (radius: 25)
[00:09:31 -61801.717930] Model parameter optimization (eps = 1.000000)
[00:09:31 -61799.188918] SLOW spr round 1 (radius: 5)
[00:09:38 -61799.185957] SLOW spr round 2 (radius: 10)
[00:09:45 -61799.185957] SLOW spr round 3 (radius: 15)
[00:09:53 -61799.171486] SLOW spr round 4 (radius: 20)
[00:10:04 -61799.170751] SLOW spr round 5 (radius: 25)
[00:10:13 -61799.170751] Model parameter optimization (eps = 0.100000)

[00:10:14] ML tree search #6, logLikelihood: -61798.835780

[00:10:14 -336948.898940] Initial branch length optimization
[00:10:14 -73059.245388] Model parameter optimization (eps = 10.000000)
[00:10:16 -68996.719634] AUTODETECT spr round 1 (radius: 5)
[00:10:19 -64157.640877] AUTODETECT spr round 2 (radius: 10)
[00:10:23 -62841.600445] AUTODETECT spr round 3 (radius: 15)
[00:10:27 -62521.321270] AUTODETECT spr round 4 (radius: 20)
[00:10:33 -62153.634360] AUTODETECT spr round 5 (radius: 25)
[00:10:39 -62107.762454] SPR radius for FAST iterations: 25 (autodetect)
[00:10:39 -62107.762454] Model parameter optimization (eps = 3.000000)
[00:10:40 -62053.515181] FAST spr round 1 (radius: 25)
[00:10:55 -61682.713364] FAST spr round 2 (radius: 25)
[00:11:02 -61682.713336] Model parameter optimization (eps = 1.000000)
[00:11:04 -61673.474136] SLOW spr round 1 (radius: 5)
[00:11:10 -61673.448445] SLOW spr round 2 (radius: 10)
[00:11:18 -61673.448437] SLOW spr round 3 (radius: 15)
[00:11:26 -61673.448437] SLOW spr round 4 (radius: 20)
[00:11:34 -61673.448437] SLOW spr round 5 (radius: 25)
[00:11:43 -61673.448437] Model parameter optimization (eps = 0.100000)

[00:11:44] ML tree search #7, logLikelihood: -61672.413466

[00:11:44 -336960.402659] Initial branch length optimization
[00:11:44 -73180.284996] Model parameter optimization (eps = 10.000000)
[00:11:46 -69102.299374] AUTODETECT spr round 1 (radius: 5)
[00:11:48 -64145.894318] AUTODETECT spr round 2 (radius: 10)
[00:11:51 -62975.322999] AUTODETECT spr round 3 (radius: 15)
[00:11:56 -62269.046764] AUTODETECT spr round 4 (radius: 20)
[00:12:02 -62023.324036] AUTODETECT spr round 5 (radius: 25)
[00:12:08 -62023.323761] SPR radius for FAST iterations: 20 (autodetect)
[00:12:08 -62023.323761] Model parameter optimization (eps = 3.000000)
[00:12:10 -61963.230982] FAST spr round 1 (radius: 20)
[00:12:22 -61689.379851] FAST spr round 2 (radius: 20)
[00:12:29 -61689.202864] FAST spr round 3 (radius: 20)
[00:12:34 -61689.202863] Model parameter optimization (eps = 1.000000)
[00:12:35 -61684.009522] SLOW spr round 1 (radius: 5)
[00:12:41 -61684.006805] SLOW spr round 2 (radius: 10)
[00:12:48 -61683.992342] SLOW spr round 3 (radius: 15)
[00:12:56 -61683.992342] SLOW spr round 4 (radius: 20)
[00:13:06 -61683.992342] SLOW spr round 5 (radius: 25)
[00:13:15 -61683.991070] Model parameter optimization (eps = 0.100000)

[00:13:16] ML tree search #8, logLikelihood: -61682.963735

[00:13:16 -336916.588884] Initial branch length optimization
[00:13:16 -73018.868321] Model parameter optimization (eps = 10.000000)
[00:13:18 -68964.606466] AUTODETECT spr round 1 (radius: 5)
[00:13:20 -64374.414628] AUTODETECT spr round 2 (radius: 10)
[00:13:24 -62876.356651] AUTODETECT spr round 3 (radius: 15)
[00:13:29 -62205.578272] AUTODETECT spr round 4 (radius: 20)
[00:13:35 -62077.529883] AUTODETECT spr round 5 (radius: 25)
[00:13:41 -62062.845624] SPR radius for FAST iterations: 25 (autodetect)
[00:13:41 -62062.845624] Model parameter optimization (eps = 3.000000)
[00:13:43 -62008.538341] FAST spr round 1 (radius: 25)
[00:13:57 -61688.002648] FAST spr round 2 (radius: 25)
[00:14:05 -61687.851000] FAST spr round 3 (radius: 25)
[00:14:10 -61687.851000] Model parameter optimization (eps = 1.000000)
[00:14:11 -61679.374769] SLOW spr round 1 (radius: 5)
[00:14:17 -61679.353893] SLOW spr round 2 (radius: 10)
[00:14:24 -61679.353648] SLOW spr round 3 (radius: 15)
[00:14:32 -61679.353648] SLOW spr round 4 (radius: 20)
[00:14:42 -61679.353648] SLOW spr round 5 (radius: 25)
[00:14:52 -61679.353648] Model parameter optimization (eps = 0.100000)

[00:14:53] ML tree search #9, logLikelihood: -61678.410700

[00:14:53 -330589.007298] Initial branch length optimization
[00:14:53 -63983.615205] Model parameter optimization (eps = 10.000000)
[00:14:55 -61686.104282] AUTODETECT spr round 1 (radius: 5)
[00:14:57 -61676.917788] AUTODETECT spr round 2 (radius: 10)
[00:15:00 -61675.950430] AUTODETECT spr round 3 (radius: 15)
[00:15:03 -61675.654165] AUTODETECT spr round 4 (radius: 20)
[00:15:06 -61675.654165] SPR radius for FAST iterations: 15 (autodetect)
[00:15:06 -61675.654165] Model parameter optimization (eps = 3.000000)
[00:15:07 -61674.262034] FAST spr round 1 (radius: 15)
[00:15:13 -61674.254227] Model parameter optimization (eps = 1.000000)
[00:15:13 -61673.677865] SLOW spr round 1 (radius: 5)
[00:15:20 -61673.353676] SLOW spr round 2 (radius: 5)
[00:15:25 -61673.353671] SLOW spr round 3 (radius: 10)
[00:15:30 -61673.353671] SLOW spr round 4 (radius: 15)
[00:15:35 -61673.353671] SLOW spr round 5 (radius: 20)
[00:15:42 -61673.353671] SLOW spr round 6 (radius: 25)
[00:15:48 -61673.353671] Model parameter optimization (eps = 0.100000)

[00:15:50] ML tree search #10, logLikelihood: -61672.902109

[00:15:50 -330588.977166] Initial branch length optimization
[00:15:50 -63979.210970] Model parameter optimization (eps = 10.000000)
[00:15:52 -61679.727542] AUTODETECT spr round 1 (radius: 5)
[00:15:54 -61676.283957] AUTODETECT spr round 2 (radius: 10)
[00:15:57 -61676.283957] SPR radius for FAST iterations: 5 (autodetect)
[00:15:57 -61676.283957] Model parameter optimization (eps = 3.000000)
[00:15:57 -61674.890413] FAST spr round 1 (radius: 5)
[00:16:00 -61674.885857] Model parameter optimization (eps = 1.000000)
[00:16:00 -61674.306247] SLOW spr round 1 (radius: 5)
[00:16:07 -61674.305893] SLOW spr round 2 (radius: 10)
[00:16:12 -61674.305893] SLOW spr round 3 (radius: 15)
[00:16:18 -61673.980727] SLOW spr round 4 (radius: 5)
[00:16:25 -61673.980727] SLOW spr round 5 (radius: 10)
[00:16:31 -61673.980727] SLOW spr round 6 (radius: 15)
[00:16:37 -61673.980727] SLOW spr round 7 (radius: 20)
[00:16:44 -61673.980727] SLOW spr round 8 (radius: 25)
[00:16:52 -61673.980727] Model parameter optimization (eps = 0.100000)

[00:16:53] ML tree search #11, logLikelihood: -61673.526723

[00:16:53 -330589.003554] Initial branch length optimization
[00:16:54 -63980.842839] Model parameter optimization (eps = 10.000000)
[00:16:56 -61678.649873] AUTODETECT spr round 1 (radius: 5)
[00:16:59 -61674.988817] AUTODETECT spr round 2 (radius: 10)
[00:17:02 -61673.953948] AUTODETECT spr round 3 (radius: 15)
[00:17:05 -61673.953811] SPR radius for FAST iterations: 10 (autodetect)
[00:17:05 -61673.953811] Model parameter optimization (eps = 3.000000)
[00:17:06 -61672.561288] FAST spr round 1 (radius: 10)
[00:17:10 -61672.552848] Model parameter optimization (eps = 1.000000)
[00:17:11 -61671.968260] SLOW spr round 1 (radius: 5)
[00:17:18 -61671.966704] SLOW spr round 2 (radius: 10)
[00:17:23 -61671.966698] SLOW spr round 3 (radius: 15)
[00:17:29 -61671.966698] SLOW spr round 4 (radius: 20)
[00:17:35 -61671.966698] SLOW spr round 5 (radius: 25)
[00:17:41 -61671.698673] SLOW spr round 6 (radius: 5)
[00:17:48 -61671.698673] SLOW spr round 7 (radius: 10)
[00:17:54 -61671.698673] SLOW spr round 8 (radius: 15)
[00:18:00 -61671.698673] SLOW spr round 9 (radius: 20)
[00:18:06 -61671.698416] SLOW spr round 10 (radius: 25)
[00:18:12 -61671.698416] Model parameter optimization (eps = 0.100000)

[00:18:13] ML tree search #12, logLikelihood: -61671.269458

[00:18:13 -330589.682245] Initial branch length optimization
[00:18:13 -63975.975640] Model parameter optimization (eps = 10.000000)
[00:18:15 -61677.928400] AUTODETECT spr round 1 (radius: 5)
[00:18:17 -61675.644971] AUTODETECT spr round 2 (radius: 10)
[00:18:20 -61675.643214] SPR radius for FAST iterations: 5 (autodetect)
[00:18:20 -61675.643214] Model parameter optimization (eps = 3.000000)
[00:18:20 -61674.256439] FAST spr round 1 (radius: 5)
[00:18:23 -61674.253534] Model parameter optimization (eps = 1.000000)
[00:18:24 -61673.679371] SLOW spr round 1 (radius: 5)
[00:18:31 -61673.675252] SLOW spr round 2 (radius: 10)
[00:18:36 -61673.675247] SLOW spr round 3 (radius: 15)
[00:18:42 -61673.352292] SLOW spr round 4 (radius: 5)
[00:18:49 -61673.352292] SLOW spr round 5 (radius: 10)
[00:18:54 -61673.352292] SLOW spr round 6 (radius: 15)
[00:19:00 -61673.352292] SLOW spr round 7 (radius: 20)
[00:19:07 -61673.352292] SLOW spr round 8 (radius: 25)
[00:19:14 -61673.352292] Model parameter optimization (eps = 0.100000)

[00:19:15] ML tree search #13, logLikelihood: -61672.901968

[00:19:15 -330583.628473] Initial branch length optimization
[00:19:15 -63973.274829] Model parameter optimization (eps = 10.000000)
[00:19:17 -61676.762766] AUTODETECT spr round 1 (radius: 5)
[00:19:20 -61675.793690] AUTODETECT spr round 2 (radius: 10)
[00:19:23 -61675.793689] SPR radius for FAST iterations: 5 (autodetect)
[00:19:23 -61675.793689] Model parameter optimization (eps = 3.000000)
[00:19:23 -61674.320532] FAST spr round 1 (radius: 5)
[00:19:26 -61674.319619] Model parameter optimization (eps = 1.000000)
[00:19:27 -61673.706912] SLOW spr round 1 (radius: 5)
[00:19:33 -61673.703596] SLOW spr round 2 (radius: 10)
[00:19:39 -61673.381220] SLOW spr round 3 (radius: 5)
[00:19:44 -61673.381220] SLOW spr round 4 (radius: 10)
[00:19:49 -61673.381220] SLOW spr round 5 (radius: 15)
[00:19:55 -61673.381220] SLOW spr round 6 (radius: 20)
[00:20:02 -61673.381220] SLOW spr round 7 (radius: 25)
[00:20:08 -61671.810099] SLOW spr round 8 (radius: 5)
[00:20:15 -61671.810099] SLOW spr round 9 (radius: 10)
[00:20:21 -61671.810099] SLOW spr round 10 (radius: 15)
[00:20:27 -61671.810099] SLOW spr round 11 (radius: 20)
[00:20:34 -61671.810099] SLOW spr round 12 (radius: 25)
[00:20:41 -61671.810099] Model parameter optimization (eps = 0.100000)

[00:20:42] ML tree search #14, logLikelihood: -61671.279450

[00:20:42 -330584.311871] Initial branch length optimization
[00:20:42 -63985.628064] Model parameter optimization (eps = 10.000000)
[00:20:44 -61687.258166] AUTODETECT spr round 1 (radius: 5)
[00:20:47 -61679.330380] AUTODETECT spr round 2 (radius: 10)
[00:20:49 -61675.974375] AUTODETECT spr round 3 (radius: 15)
[00:20:53 -61675.974375] SPR radius for FAST iterations: 10 (autodetect)
[00:20:53 -61675.974375] Model parameter optimization (eps = 3.000000)
[00:20:53 -61674.547424] FAST spr round 1 (radius: 10)
[00:20:58 -61674.546454] Model parameter optimization (eps = 1.000000)
[00:20:58 -61673.947189] SLOW spr round 1 (radius: 5)
[00:21:05 -61673.946707] SLOW spr round 2 (radius: 10)
[00:21:11 -61673.623082] SLOW spr round 3 (radius: 5)
[00:21:16 -61673.623082] SLOW spr round 4 (radius: 10)
[00:21:21 -61673.623082] SLOW spr round 5 (radius: 15)
[00:21:27 -61673.623082] SLOW spr round 6 (radius: 20)
[00:21:33 -61672.048198] SLOW spr round 7 (radius: 5)
[00:21:40 -61672.048198] SLOW spr round 8 (radius: 10)
[00:21:46 -61672.048198] SLOW spr round 9 (radius: 15)
[00:21:52 -61672.048198] SLOW spr round 10 (radius: 20)
[00:21:58 -61672.048198] SLOW spr round 11 (radius: 25)
[00:22:05 -61672.048198] Model parameter optimization (eps = 0.100000)

[00:22:06] ML tree search #15, logLikelihood: -61671.527154

[00:22:06 -330589.696068] Initial branch length optimization
[00:22:06 -63976.358146] Model parameter optimization (eps = 10.000000)
[00:22:08 -61678.195010] AUTODETECT spr round 1 (radius: 5)
[00:22:11 -61678.189008] SPR radius for FAST iterations: 5 (autodetect)
[00:22:11 -61678.189008] Model parameter optimization (eps = 3.000000)
[00:22:11 -61676.720874] FAST spr round 1 (radius: 5)
[00:22:14 -61676.717962] Model parameter optimization (eps = 1.000000)
[00:22:15 -61676.104886] SLOW spr round 1 (radius: 5)
[00:22:21 -61676.095589] SLOW spr round 2 (radius: 10)
[00:22:27 -61672.521680] SLOW spr round 3 (radius: 5)
[00:22:32 -61672.521676] SLOW spr round 4 (radius: 10)
[00:22:38 -61672.521676] SLOW spr round 5 (radius: 15)
[00:22:44 -61672.521676] SLOW spr round 6 (radius: 20)
[00:22:51 -61672.521676] SLOW spr round 7 (radius: 25)
[00:22:57 -61672.521676] Model parameter optimization (eps = 0.100000)

[00:22:58] ML tree search #16, logLikelihood: -61672.054187

[00:22:58 -330583.633797] Initial branch length optimization
[00:22:58 -63979.601366] Model parameter optimization (eps = 10.000000)
[00:23:00 -61681.563239] AUTODETECT spr round 1 (radius: 5)
[00:23:02 -61678.938001] AUTODETECT spr round 2 (radius: 10)
[00:23:05 -61678.206140] AUTODETECT spr round 3 (radius: 15)
[00:23:08 -61674.505598] AUTODETECT spr round 4 (radius: 20)
[00:23:12 -61674.209725] AUTODETECT spr round 5 (radius: 25)
[00:23:15 -61674.209725] SPR radius for FAST iterations: 20 (autodetect)
[00:23:15 -61674.209725] Model parameter optimization (eps = 3.000000)
[00:23:16 -61672.709890] FAST spr round 1 (radius: 20)
[00:23:23 -61672.709429] Model parameter optimization (eps = 1.000000)
[00:23:24 -61672.087652] SLOW spr round 1 (radius: 5)
[00:23:31 -61672.087412] SLOW spr round 2 (radius: 10)
[00:23:37 -61672.087412] SLOW spr round 3 (radius: 15)
[00:23:43 -61671.762625] SLOW spr round 4 (radius: 5)
[00:23:49 -61671.762625] SLOW spr round 5 (radius: 10)
[00:23:55 -61671.762625] SLOW spr round 6 (radius: 15)
[00:24:01 -61671.762625] SLOW spr round 7 (radius: 20)
[00:24:07 -61671.762625] SLOW spr round 8 (radius: 25)
[00:24:13 -61671.762625] Model parameter optimization (eps = 0.100000)

[00:24:14] ML tree search #17, logLikelihood: -61671.276793

[00:24:14 -330589.008812] Initial branch length optimization
[00:24:14 -63985.522523] Model parameter optimization (eps = 10.000000)
[00:24:16 -61687.123574] AUTODETECT spr round 1 (radius: 5)
[00:24:18 -61675.947515] AUTODETECT spr round 2 (radius: 10)
[00:24:21 -61675.651372] AUTODETECT spr round 3 (radius: 15)
[00:24:24 -61675.651372] SPR radius for FAST iterations: 10 (autodetect)
[00:24:24 -61675.651372] Model parameter optimization (eps = 3.000000)
[00:24:25 -61674.256314] FAST spr round 1 (radius: 10)
[00:24:30 -61674.255788] Model parameter optimization (eps = 1.000000)
[00:24:30 -61673.677800] SLOW spr round 1 (radius: 5)
[00:24:37 -61673.677546] SLOW spr round 2 (radius: 10)
[00:24:43 -61673.677546] SLOW spr round 3 (radius: 15)
[00:24:48 -61673.677546] SLOW spr round 4 (radius: 20)
[00:24:55 -61673.677546] SLOW spr round 5 (radius: 25)
[00:25:02 -61672.105655] SLOW spr round 6 (radius: 5)
[00:25:08 -61672.105655] SLOW spr round 7 (radius: 10)
[00:25:14 -61672.105655] SLOW spr round 8 (radius: 15)
[00:25:20 -61672.105655] SLOW spr round 9 (radius: 20)
[00:25:26 -61672.105655] SLOW spr round 10 (radius: 25)
[00:25:33 -61672.105655] Model parameter optimization (eps = 0.100000)

[00:25:34] ML tree search #18, logLikelihood: -61671.623741


Optimized model parameters:

   Partition 0: noname
   Rate heterogeneity: GAMMA (4 cats, mean),  alpha: 0.323706 (ML),  weights&rates: (0.250000,0.007414) (0.250000,0.123018) (0.250000,0.633548) (0.250000,3.236019) 
   Base frequencies (ML): 0.296115 0.183987 0.198225 0.321674 
   Substitution rates (ML): 0.994786 4.112285 1.799929 0.595894 9.579919 1.000000 


Final LogLikelihood: -61671.258513

AIC score: 124494.517027 / AICc score: 124517.784459 / BIC score: 129263.819289
Free parameters (model + branch lengths): 576

Best ML tree saved to: /home/hikoyu/analysis/Genome/SARS-CoV-2/phylogeny/RAxML-NG/DNA/univ/uni/SARS-CoV-2_200407.0.raxml.bestTree
All ML trees saved to: /home/hikoyu/analysis/Genome/SARS-CoV-2/phylogeny/RAxML-NG/DNA/univ/uni/SARS-CoV-2_200407.0.raxml.mlTrees
Optimized model saved to: /home/hikoyu/analysis/Genome/SARS-CoV-2/phylogeny/RAxML-NG/DNA/univ/uni/SARS-CoV-2_200407.0.raxml.bestModel

Execution log saved to: /home/hikoyu/analysis/Genome/SARS-CoV-2/phylogeny/RAxML-NG/DNA/univ/uni/SARS-CoV-2_200407.0.raxml.log

Analysis started: 08-Apr-2020 15:58:42 / finished: 08-Apr-2020 16:24:17

Elapsed time: 1534.650 seconds

