
RAxML-NG v. 0.9.0 released on 20.05.2019 by The Exelixis Lab.
Developed by: Alexey M. Kozlov and Alexandros Stamatakis.
Contributors: Diego Darriba, Tomas Flouri, Benoit Morel, Sarah Lutteropp, Ben Bettisworth.
Latest version: https://github.com/amkozlov/raxml-ng
Questions/problems/suggestions? Please visit: https://groups.google.com/forum/#!forum/raxml

RAxML-NG was called at 19-Mar-2020 02:02:37 as follows:

raxml-ng --threads 1 --search --tree rand{8},pars{8} --seed 4153968218 --prefix phylogeny/RAxML-NG/DNA/univ/uni/SARS-CoV-2_200318.9 --msa phylogeny/RAxML-NG/DNA/univ/uni/SARS-CoV-2_200318.raxml.rba --outgroup MG772933.1

Analysis options:
  run mode: ML tree search
  start tree(s): random (8) + parsimony (8)
  random seed: 4153968218
  tip-inner: OFF
  pattern compression: ON
  per-rate scalers: OFF
  site repeats: ON
  fast spr radius: AUTO
  spr subtree cutoff: 1.000000
  branch lengths: proportional (ML estimate, algorithm: NR-FAST)
  SIMD kernels: AVX2
  parallelization: NONE/sequential

[00:00:00] Loading binary alignment from file: phylogeny/RAxML-NG/DNA/univ/uni/SARS-CoV-2_200318.raxml.rba
[00:00:00] Alignment comprises 74 taxa, 1 partitions and 208 patterns

Partition 0: noname
Model: GTR+FO+I
Alignment sites / patterns: 29148 / 208
Gaps: 0.06 %
Invariant sites: 85.80 %


[00:00:00] Generating 8 random starting tree(s) with 74 taxa
[00:00:00] Generating 8 parsimony starting tree(s) with 74 taxa
[00:00:00] Data distribution: max. partitions/sites/weight per thread: 1 / 208 / 832

Starting ML tree search with 16 distinct starting trees

[00:00:00 -178752.912891] Initial branch length optimization
[00:00:00 -69261.315867] Model parameter optimization (eps = 10.000000)
[00:00:01 -60139.678614] AUTODETECT spr round 1 (radius: 5)
[00:00:01 -59644.722172] AUTODETECT spr round 2 (radius: 10)
[00:00:01 -59416.696363] AUTODETECT spr round 3 (radius: 15)
[00:00:01 -59406.940555] AUTODETECT spr round 4 (radius: 20)
[00:00:01 -59406.915529] SPR radius for FAST iterations: 15 (autodetect)
[00:00:01 -59406.915529] Model parameter optimization (eps = 3.000000)
[00:00:01 -59393.472873] FAST spr round 1 (radius: 15)
[00:00:02 -59248.895095] FAST spr round 2 (radius: 15)
[00:00:02 -59248.893109] Model parameter optimization (eps = 1.000000)
[00:00:02 -59234.390664] SLOW spr round 1 (radius: 5)
[00:00:03 -59234.385024] SLOW spr round 2 (radius: 10)
[00:00:04 -59234.384691] SLOW spr round 3 (radius: 15)
[00:00:04 -59234.370220] SLOW spr round 4 (radius: 20)
[00:00:04 -59234.370220] SLOW spr round 5 (radius: 25)
[00:00:04 -59234.370219] Model parameter optimization (eps = 0.100000)

[00:00:05] ML tree search #1, logLikelihood: -59232.615097

[00:00:05 -178776.793150] Initial branch length optimization
[00:00:05 -63074.073139] Model parameter optimization (eps = 10.000000)
[00:00:05 -60157.690768] AUTODETECT spr round 1 (radius: 5)
[00:00:05 -59775.106813] AUTODETECT spr round 2 (radius: 10)
[00:00:05 -59452.747259] AUTODETECT spr round 3 (radius: 15)
[00:00:05 -59356.720502] AUTODETECT spr round 4 (radius: 20)
[00:00:06 -59319.424968] AUTODETECT spr round 5 (radius: 25)
[00:00:06 -59319.424833] SPR radius for FAST iterations: 20 (autodetect)
[00:00:06 -59319.424833] Model parameter optimization (eps = 3.000000)
[00:00:06 -59308.637246] FAST spr round 1 (radius: 20)
[00:00:06 -59235.298982] FAST spr round 2 (radius: 20)
[00:00:07 -59235.295646] Model parameter optimization (eps = 1.000000)
[00:00:07 -59234.454657] SLOW spr round 1 (radius: 5)
[00:00:07 -59234.452739] SLOW spr round 2 (radius: 10)
[00:00:08 -59234.452633] SLOW spr round 3 (radius: 15)
[00:00:08 -59234.452628] SLOW spr round 4 (radius: 20)
[00:00:08 -59234.452627] SLOW spr round 5 (radius: 25)
[00:00:09 -59234.452627] Model parameter optimization (eps = 0.100000)

[00:00:09] ML tree search #2, logLikelihood: -59232.639413

[00:00:09 -178728.950455] Initial branch length optimization
[00:00:09 -69256.298125] Model parameter optimization (eps = 10.000000)
[00:00:10 -60138.070999] AUTODETECT spr round 1 (radius: 5)
[00:00:10 -59559.449230] AUTODETECT spr round 2 (radius: 10)
[00:00:10 -59387.584136] AUTODETECT spr round 3 (radius: 15)
[00:00:10 -59380.245213] AUTODETECT spr round 4 (radius: 20)
[00:00:10 -59380.245119] SPR radius for FAST iterations: 15 (autodetect)
[00:00:10 -59380.245119] Model parameter optimization (eps = 3.000000)
[00:00:11 -59367.018457] FAST spr round 1 (radius: 15)
[00:00:11 -59248.653265] FAST spr round 2 (radius: 15)
[00:00:12 -59248.651303] Model parameter optimization (eps = 1.000000)
[00:00:12 -59234.386884] SLOW spr round 1 (radius: 5)
[00:00:12 -59234.379978] SLOW spr round 2 (radius: 10)
[00:00:13 -59234.365210] SLOW spr round 3 (radius: 15)
[00:00:13 -59234.365192] SLOW spr round 4 (radius: 20)
[00:00:14 -59234.365191] SLOW spr round 5 (radius: 25)
[00:00:14 -59234.365191] Model parameter optimization (eps = 0.100000)

[00:00:14] ML tree search #3, logLikelihood: -59232.614931

[00:00:14 -178758.778770] Initial branch length optimization
[00:00:14 -69302.825625] Model parameter optimization (eps = 10.000000)
[00:00:15 -60172.020675] AUTODETECT spr round 1 (radius: 5)
[00:00:15 -59646.148135] AUTODETECT spr round 2 (radius: 10)
[00:00:15 -59484.704562] AUTODETECT spr round 3 (radius: 15)
[00:00:15 -59403.789882] AUTODETECT spr round 4 (radius: 20)
[00:00:16 -59403.789882] SPR radius for FAST iterations: 15 (autodetect)
[00:00:16 -59403.789882] Model parameter optimization (eps = 3.000000)
[00:00:16 -59390.070521] FAST spr round 1 (radius: 15)
[00:00:16 -59248.781023] FAST spr round 2 (radius: 15)
[00:00:17 -59248.779537] Model parameter optimization (eps = 1.000000)
[00:00:17 -59234.408820] SLOW spr round 1 (radius: 5)
[00:00:17 -59234.402386] SLOW spr round 2 (radius: 10)
[00:00:18 -59234.387603] SLOW spr round 3 (radius: 15)
[00:00:18 -59234.387584] SLOW spr round 4 (radius: 20)
[00:00:18 -59234.387583] SLOW spr round 5 (radius: 25)
[00:00:19 -59234.387583] Model parameter optimization (eps = 0.100000)

[00:00:19] ML tree search #4, logLikelihood: -59232.617127

[00:00:19 -178784.453951] Initial branch length optimization
[00:00:19 -69327.786217] Model parameter optimization (eps = 10.000000)
[00:00:20 -60191.092062] AUTODETECT spr round 1 (radius: 5)
[00:00:20 -59753.578951] AUTODETECT spr round 2 (radius: 10)
[00:00:20 -59448.150501] AUTODETECT spr round 3 (radius: 15)
[00:00:20 -59445.570318] AUTODETECT spr round 4 (radius: 20)
[00:00:20 -59425.351977] AUTODETECT spr round 5 (radius: 25)
[00:00:21 -59425.351977] SPR radius for FAST iterations: 20 (autodetect)
[00:00:21 -59425.351977] Model parameter optimization (eps = 3.000000)
[00:00:21 -59412.345069] FAST spr round 1 (radius: 20)
[00:00:21 -59248.781622] FAST spr round 2 (radius: 20)
[00:00:22 -59248.779625] Model parameter optimization (eps = 1.000000)
[00:00:22 -59234.337876] SLOW spr round 1 (radius: 5)
[00:00:22 -59234.330899] SLOW spr round 2 (radius: 10)
[00:00:23 -59234.330572] SLOW spr round 3 (radius: 15)
[00:00:23 -59234.330554] SLOW spr round 4 (radius: 20)
[00:00:24 -59234.330553] SLOW spr round 5 (radius: 25)
[00:00:24 -59234.330553] Model parameter optimization (eps = 0.100000)

[00:00:24] ML tree search #5, logLikelihood: -59232.616674

[00:00:24 -178740.704950] Initial branch length optimization
[00:00:24 -69225.142940] Model parameter optimization (eps = 10.000000)
[00:00:25 -60108.424286] AUTODETECT spr round 1 (radius: 5)
[00:00:25 -59656.573370] AUTODETECT spr round 2 (radius: 10)
[00:00:25 -59340.947802] AUTODETECT spr round 3 (radius: 15)
[00:00:25 -59314.562856] AUTODETECT spr round 4 (radius: 20)
[00:00:26 -59314.562588] SPR radius for FAST iterations: 15 (autodetect)
[00:00:26 -59314.562588] Model parameter optimization (eps = 3.000000)
[00:00:26 -59285.631542] FAST spr round 1 (radius: 15)
[00:00:26 -59238.047848] FAST spr round 2 (radius: 15)
[00:00:27 -59238.047503] Model parameter optimization (eps = 1.000000)
[00:00:27 -59234.398431] SLOW spr round 1 (radius: 5)
[00:00:27 -59234.393248] SLOW spr round 2 (radius: 10)
[00:00:28 -59234.392968] SLOW spr round 3 (radius: 15)
[00:00:28 -59234.392952] SLOW spr round 4 (radius: 20)
[00:00:28 -59234.392952] SLOW spr round 5 (radius: 25)
[00:00:29 -59234.392952] Model parameter optimization (eps = 0.100000)

[00:00:29] ML tree search #6, logLikelihood: -59232.618319

[00:00:29 -178776.603021] Initial branch length optimization
[00:00:29 -63120.177683] Model parameter optimization (eps = 10.000000)
[00:00:29 -60197.612781] AUTODETECT spr round 1 (radius: 5)
[00:00:29 -59498.375930] AUTODETECT spr round 2 (radius: 10)
[00:00:29 -59442.935518] AUTODETECT spr round 3 (radius: 15)
[00:00:30 -59425.004409] AUTODETECT spr round 4 (radius: 20)
[00:00:30 -59425.004409] SPR radius for FAST iterations: 15 (autodetect)
[00:00:30 -59425.004409] Model parameter optimization (eps = 3.000000)
[00:00:30 -59423.419113] FAST spr round 1 (radius: 15)
[00:00:30 -59243.600941] FAST spr round 2 (radius: 15)
[00:00:31 -59243.590920] Model parameter optimization (eps = 1.000000)
[00:00:31 -59234.507313] SLOW spr round 1 (radius: 5)
[00:00:31 -59234.497518] SLOW spr round 2 (radius: 10)
[00:00:32 -59234.496955] SLOW spr round 3 (radius: 15)
[00:00:32 -59234.496924] SLOW spr round 4 (radius: 20)
[00:00:33 -59234.496922] SLOW spr round 5 (radius: 25)
[00:00:33 -59234.496922] Model parameter optimization (eps = 0.100000)

[00:00:33] ML tree search #7, logLikelihood: -59232.643925

[00:00:33 -178780.803771] Initial branch length optimization
[00:00:33 -69330.904500] Model parameter optimization (eps = 10.000000)
[00:00:34 -60196.217670] AUTODETECT spr round 1 (radius: 5)
[00:00:34 -59603.645885] AUTODETECT spr round 2 (radius: 10)
[00:00:34 -59369.029325] AUTODETECT spr round 3 (radius: 15)
[00:00:35 -59369.020525] SPR radius for FAST iterations: 10 (autodetect)
[00:00:35 -59369.020525] Model parameter optimization (eps = 3.000000)
[00:00:35 -59339.746853] FAST spr round 1 (radius: 10)
[00:00:35 -59238.279310] FAST spr round 2 (radius: 10)
[00:00:35 -59238.276290] Model parameter optimization (eps = 1.000000)
[00:00:35 -59234.496914] SLOW spr round 1 (radius: 5)
[00:00:36 -59234.490252] SLOW spr round 2 (radius: 10)
[00:00:36 -59234.489953] SLOW spr round 3 (radius: 15)
[00:00:37 -59234.489937] SLOW spr round 4 (radius: 20)
[00:00:37 -59234.489936] SLOW spr round 5 (radius: 25)
[00:00:37 -59234.489936] Model parameter optimization (eps = 0.100000)

[00:00:38] ML tree search #8, logLikelihood: -59232.643768

[00:00:38 -177024.304163] Initial branch length optimization
[00:00:38 -68322.503758] Model parameter optimization (eps = 10.000000)
[00:00:39 -59247.897295] AUTODETECT spr round 1 (radius: 5)
[00:00:39 -59247.877001] SPR radius for FAST iterations: 5 (autodetect)
[00:00:39 -59247.877001] Model parameter optimization (eps = 3.000000)
[00:00:39 -59237.289899] FAST spr round 1 (radius: 5)
[00:00:39 -59237.276063] Model parameter optimization (eps = 1.000000)
[00:00:39 -59234.846320] SLOW spr round 1 (radius: 5)
[00:00:39 -59234.838213] SLOW spr round 2 (radius: 10)
[00:00:40 -59234.837920] SLOW spr round 3 (radius: 15)
[00:00:40 -59234.837904] SLOW spr round 4 (radius: 20)
[00:00:40 -59234.837903] SLOW spr round 5 (radius: 25)
[00:00:41 -59234.837903] Model parameter optimization (eps = 0.100000)

[00:00:41] ML tree search #9, logLikelihood: -59232.679265

[00:00:41 -177021.277099] Initial branch length optimization
[00:00:41 -61475.167996] Model parameter optimization (eps = 10.000000)
[00:00:41 -59246.284276] AUTODETECT spr round 1 (radius: 5)
[00:00:41 -59244.623367] AUTODETECT spr round 2 (radius: 10)
[00:00:41 -59244.620470] SPR radius for FAST iterations: 5 (autodetect)
[00:00:41 -59244.620470] Model parameter optimization (eps = 3.000000)
[00:00:42 -59237.938013] FAST spr round 1 (radius: 5)
[00:00:42 -59237.926665] Model parameter optimization (eps = 1.000000)
[00:00:42 -59234.422565] SLOW spr round 1 (radius: 5)
[00:00:42 -59234.415535] SLOW spr round 2 (radius: 10)
[00:00:43 -59234.415406] SLOW spr round 3 (radius: 15)
[00:00:43 -59234.415404] SLOW spr round 4 (radius: 20)
[00:00:43 -59234.415404] SLOW spr round 5 (radius: 25)
[00:00:44 -59234.415404] Model parameter optimization (eps = 0.100000)

[00:00:44] ML tree search #10, logLikelihood: -59232.657038

[00:00:44 -177021.248852] Initial branch length optimization
[00:00:44 -61473.324829] Model parameter optimization (eps = 10.000000)
[00:00:44 -59244.696885] AUTODETECT spr round 1 (radius: 5)
[00:00:44 -59244.674673] SPR radius for FAST iterations: 5 (autodetect)
[00:00:44 -59244.674673] Model parameter optimization (eps = 3.000000)
[00:00:44 -59237.954071] FAST spr round 1 (radius: 5)
[00:00:44 -59237.942450] Model parameter optimization (eps = 1.000000)
[00:00:44 -59234.425968] SLOW spr round 1 (radius: 5)
[00:00:45 -59234.421243] SLOW spr round 2 (radius: 10)
[00:00:45 -59234.421114] SLOW spr round 3 (radius: 15)
[00:00:46 -59234.406666] SLOW spr round 4 (radius: 20)
[00:00:46 -59234.406666] SLOW spr round 5 (radius: 25)
[00:00:46 -59234.406666] Model parameter optimization (eps = 0.100000)

[00:00:47] ML tree search #11, logLikelihood: -59232.644014

[00:00:47 -177021.567740] Initial branch length optimization
[00:00:47 -61480.684218] Model parameter optimization (eps = 10.000000)
[00:00:47 -59252.630564] AUTODETECT spr round 1 (radius: 5)
[00:00:47 -59244.679279] AUTODETECT spr round 2 (radius: 10)
[00:00:47 -59244.679119] SPR radius for FAST iterations: 5 (autodetect)
[00:00:47 -59244.679119] Model parameter optimization (eps = 3.000000)
[00:00:47 -59237.962584] FAST spr round 1 (radius: 5)
[00:00:47 -59237.952155] Model parameter optimization (eps = 1.000000)
[00:00:47 -59234.428481] SLOW spr round 1 (radius: 5)
[00:00:48 -59234.421798] SLOW spr round 2 (radius: 10)
[00:00:48 -59234.421670] SLOW spr round 3 (radius: 15)
[00:00:49 -59234.421668] SLOW spr round 4 (radius: 20)
[00:00:49 -59234.421668] SLOW spr round 5 (radius: 25)
[00:00:49 -59234.421668] Model parameter optimization (eps = 0.100000)

[00:00:49] ML tree search #12, logLikelihood: -59232.658462

[00:00:49 -177021.281611] Initial branch length optimization
[00:00:49 -61475.167994] Model parameter optimization (eps = 10.000000)
[00:00:50 -59246.283835] AUTODETECT spr round 1 (radius: 5)
[00:00:50 -59246.268808] SPR radius for FAST iterations: 5 (autodetect)
[00:00:50 -59246.268808] Model parameter optimization (eps = 3.000000)
[00:00:50 -59239.484700] FAST spr round 1 (radius: 5)
[00:00:50 -59239.474084] Model parameter optimization (eps = 1.000000)
[00:00:50 -59235.903915] SLOW spr round 1 (radius: 5)
[00:00:50 -59235.899596] SLOW spr round 2 (radius: 10)
[00:00:51 -59234.370930] SLOW spr round 3 (radius: 5)
[00:00:51 -59234.369768] SLOW spr round 4 (radius: 10)
[00:00:52 -59234.369768] SLOW spr round 5 (radius: 15)
[00:00:52 -59234.369768] SLOW spr round 6 (radius: 20)
[00:00:52 -59234.355327] SLOW spr round 7 (radius: 25)
[00:00:53 -59234.355327] Model parameter optimization (eps = 0.100000)

[00:00:53] ML tree search #13, logLikelihood: -59232.638447

[00:00:53 -177026.341008] Initial branch length optimization
[00:00:53 -68331.874580] Model parameter optimization (eps = 10.000000)
[00:00:54 -59255.255649] AUTODETECT spr round 1 (radius: 5)
[00:00:54 -59255.235732] SPR radius for FAST iterations: 5 (autodetect)
[00:00:54 -59255.235732] Model parameter optimization (eps = 3.000000)
[00:00:54 -59244.856476] FAST spr round 1 (radius: 5)
[00:00:54 -59244.843019] Model parameter optimization (eps = 1.000000)
[00:00:54 -59242.475659] SLOW spr round 1 (radius: 5)
[00:00:55 -59242.470370] SLOW spr round 2 (radius: 10)
[00:00:55 -59242.470084] SLOW spr round 3 (radius: 15)
[00:00:55 -59242.470068] SLOW spr round 4 (radius: 20)
[00:00:56 -59234.897261] SLOW spr round 5 (radius: 5)
[00:00:56 -59234.897261] SLOW spr round 6 (radius: 10)
[00:00:57 -59234.897261] SLOW spr round 7 (radius: 15)
[00:00:57 -59234.897261] SLOW spr round 8 (radius: 20)
[00:00:57 -59234.897261] SLOW spr round 9 (radius: 25)
[00:00:57 -59234.897261] Model parameter optimization (eps = 0.100000)

[00:00:58] ML tree search #14, logLikelihood: -59232.684713

[00:00:58 -177024.274685] Initial branch length optimization
[00:00:58 -68322.503744] Model parameter optimization (eps = 10.000000)
[00:00:59 -59247.905259] AUTODETECT spr round 1 (radius: 5)
[00:00:59 -59247.869109] SPR radius for FAST iterations: 5 (autodetect)
[00:00:59 -59247.869109] Model parameter optimization (eps = 3.000000)
[00:00:59 -59237.278549] FAST spr round 1 (radius: 5)
[00:00:59 -59237.264532] Model parameter optimization (eps = 1.000000)
[00:00:59 -59234.833566] SLOW spr round 1 (radius: 5)
[00:01:00 -59234.825512] SLOW spr round 2 (radius: 10)
[00:01:00 -59234.825218] SLOW spr round 3 (radius: 15)
[00:01:00 -59234.825201] SLOW spr round 4 (radius: 20)
[00:01:01 -59234.825200] SLOW spr round 5 (radius: 25)
[00:01:01 -59234.825200] Model parameter optimization (eps = 0.100000)

[00:01:01] ML tree search #15, logLikelihood: -59232.664934

[00:01:01 -177023.016317] Initial branch length optimization
[00:01:01 -61483.166557] Model parameter optimization (eps = 10.000000)
[00:01:01 -59253.442205] AUTODETECT spr round 1 (radius: 5)
[00:01:01 -59244.421442] AUTODETECT spr round 2 (radius: 10)
[00:01:02 -59244.421226] SPR radius for FAST iterations: 5 (autodetect)
[00:01:02 -59244.421226] Model parameter optimization (eps = 3.000000)
[00:01:02 -59237.853593] FAST spr round 1 (radius: 5)
[00:01:02 -59237.841488] Model parameter optimization (eps = 1.000000)
[00:01:02 -59234.393567] SLOW spr round 1 (radius: 5)
[00:01:02 -59234.387560] SLOW spr round 2 (radius: 10)
[00:01:03 -59234.387431] SLOW spr round 3 (radius: 15)
[00:01:03 -59234.387429] SLOW spr round 4 (radius: 20)
[00:01:03 -59234.373000] SLOW spr round 5 (radius: 25)
[00:01:04 -59234.373000] Model parameter optimization (eps = 0.100000)

[00:01:04] ML tree search #16, logLikelihood: -59232.639983


Optimized model parameters:

   Partition 0: noname
   Rate heterogeneity: NONE
   P-inv (ML): 0.703783
   Base frequencies (ML): 0.296261 0.183951 0.198914 0.320873 
   Substitution rates (ML): 1.172273 5.740335 2.601543 0.641411 16.795666 1.000000 


Final LogLikelihood: -59232.614931

AIC score: 118773.229861 / AICc score: 118774.876465 / BIC score: 120048.371664
Free parameters (model + branch lengths): 154

Best ML tree saved to: /home/hikoyu/analysis/Genome/SARS-CoV-2/phylogeny/RAxML-NG/DNA/univ/uni/SARS-CoV-2_200318.9.raxml.bestTree
All ML trees saved to: /home/hikoyu/analysis/Genome/SARS-CoV-2/phylogeny/RAxML-NG/DNA/univ/uni/SARS-CoV-2_200318.9.raxml.mlTrees
Optimized model saved to: /home/hikoyu/analysis/Genome/SARS-CoV-2/phylogeny/RAxML-NG/DNA/univ/uni/SARS-CoV-2_200318.9.raxml.bestModel

Execution log saved to: /home/hikoyu/analysis/Genome/SARS-CoV-2/phylogeny/RAxML-NG/DNA/univ/uni/SARS-CoV-2_200318.9.raxml.log

Analysis started: 19-Mar-2020 02:02:37 / finished: 19-Mar-2020 02:03:41

Elapsed time: 64.392 seconds

