
RAxML-NG v. 0.9.0 released on 20.05.2019 by The Exelixis Lab.
Developed by: Alexey M. Kozlov and Alexandros Stamatakis.
Contributors: Diego Darriba, Tomas Flouri, Benoit Morel, Sarah Lutteropp, Ben Bettisworth.
Latest version: https://github.com/amkozlov/raxml-ng
Questions/problems/suggestions? Please visit: https://groups.google.com/forum/#!forum/raxml

RAxML-NG was called at 16-Mar-2020 00:38:07 as follows:

raxml-ng --threads 1 --search --tree rand{8},pars{8} --seed 700689725 --prefix phylogeny/RAxML-NG/DNA/univ/uni/SARS-CoV-2_200314.11 --msa phylogeny/RAxML-NG/DNA/univ/uni/SARS-CoV-2_200314.raxml.rba --outgroup MG772933.1

Analysis options:
  run mode: ML tree search
  start tree(s): random (8) + parsimony (8)
  random seed: 700689725
  tip-inner: OFF
  pattern compression: ON
  per-rate scalers: OFF
  site repeats: ON
  fast spr radius: AUTO
  spr subtree cutoff: 1.000000
  branch lengths: proportional (ML estimate, algorithm: NR-FAST)
  SIMD kernels: AVX2
  parallelization: NONE/sequential

[00:00:00] Loading binary alignment from file: phylogeny/RAxML-NG/DNA/univ/uni/SARS-CoV-2_200314.raxml.rba
[00:00:00] Alignment comprises 89 taxa, 1 partitions and 218 patterns

Partition 0: noname
Model: GTR+FO+I
Alignment sites / patterns: 29145 / 218
Gaps: 0.05 %
Invariant sites: 85.78 %


[00:00:00] Generating 8 random starting tree(s) with 89 taxa
[00:00:00] Generating 8 parsimony starting tree(s) with 89 taxa
[00:00:00] Data distribution: max. partitions/sites/weight per thread: 1 / 218 / 872

Starting ML tree search with 16 distinct starting trees

[00:00:00 -200022.573286] Initial branch length optimization
[00:00:00 -69395.051736] Model parameter optimization (eps = 10.000000)
[00:00:01 -60263.379360] AUTODETECT spr round 1 (radius: 5)
[00:00:01 -59777.512415] AUTODETECT spr round 2 (radius: 10)
[00:00:01 -59631.061773] AUTODETECT spr round 3 (radius: 15)
[00:00:02 -59531.175764] AUTODETECT spr round 4 (radius: 20)
[00:00:02 -59507.091238] AUTODETECT spr round 5 (radius: 25)
[00:00:02 -59507.091238] SPR radius for FAST iterations: 20 (autodetect)
[00:00:02 -59507.091238] Model parameter optimization (eps = 3.000000)
[00:00:02 -59495.016533] FAST spr round 1 (radius: 20)
[00:00:03 -59354.168913] FAST spr round 2 (radius: 20)
[00:00:03 -59354.164064] Model parameter optimization (eps = 1.000000)
[00:00:04 -59338.858335] SLOW spr round 1 (radius: 5)
[00:00:04 -59338.850309] SLOW spr round 2 (radius: 10)
[00:00:05 -59338.849945] SLOW spr round 3 (radius: 15)
[00:00:06 -59338.849926] SLOW spr round 4 (radius: 20)
[00:00:06 -59338.849925] SLOW spr round 5 (radius: 25)
[00:00:06 -59338.849925] Model parameter optimization (eps = 0.100000)

[00:00:06] ML tree search #1, logLikelihood: -59336.764796

[00:00:06 -199990.720500] Initial branch length optimization
[00:00:06 -63164.956688] Model parameter optimization (eps = 10.000000)
[00:00:07 -60255.287816] AUTODETECT spr round 1 (radius: 5)
[00:00:07 -59823.090678] AUTODETECT spr round 2 (radius: 10)
[00:00:07 -59581.593283] AUTODETECT spr round 3 (radius: 15)
[00:00:07 -59528.697965] AUTODETECT spr round 4 (radius: 20)
[00:00:08 -59528.697964] SPR radius for FAST iterations: 15 (autodetect)
[00:00:08 -59528.697964] Model parameter optimization (eps = 3.000000)
[00:00:08 -59527.368454] FAST spr round 1 (radius: 15)
[00:00:08 -59349.120289] FAST spr round 2 (radius: 15)
[00:00:09 -59348.937745] FAST spr round 3 (radius: 15)
[00:00:09 -59348.937619] Model parameter optimization (eps = 1.000000)
[00:00:09 -59339.497678] SLOW spr round 1 (radius: 5)
[00:00:10 -59339.487082] SLOW spr round 2 (radius: 10)
[00:00:10 -59339.486539] SLOW spr round 3 (radius: 15)
[00:00:11 -59339.486511] SLOW spr round 4 (radius: 20)
[00:00:11 -59339.486510] SLOW spr round 5 (radius: 25)
[00:00:12 -59339.486509] Model parameter optimization (eps = 0.100000)

[00:00:12] ML tree search #2, logLikelihood: -59337.327457

[00:00:12 -199997.603808] Initial branch length optimization
[00:00:12 -69375.372776] Model parameter optimization (eps = 10.000000)
[00:00:13 -60247.658989] AUTODETECT spr round 1 (radius: 5)
[00:00:14 -59748.959227] AUTODETECT spr round 2 (radius: 10)
[00:00:14 -59488.443464] AUTODETECT spr round 3 (radius: 15)
[00:00:14 -59450.414203] AUTODETECT spr round 4 (radius: 20)
[00:00:14 -59450.413472] SPR radius for FAST iterations: 15 (autodetect)
[00:00:14 -59450.413472] Model parameter optimization (eps = 3.000000)
[00:00:14 -59422.873080] FAST spr round 1 (radius: 15)
[00:00:15 -59342.952012] FAST spr round 2 (radius: 15)
[00:00:16 -59342.951749] Model parameter optimization (eps = 1.000000)
[00:00:16 -59338.875483] SLOW spr round 1 (radius: 5)
[00:00:16 -59338.865488] SLOW spr round 2 (radius: 10)
[00:00:17 -59338.864679] SLOW spr round 3 (radius: 15)
[00:00:18 -59338.864663] SLOW spr round 4 (radius: 20)
[00:00:18 -59338.864662] SLOW spr round 5 (radius: 25)
[00:00:18 -59338.864662] Model parameter optimization (eps = 0.100000)

[00:00:19] ML tree search #3, logLikelihood: -59336.765459

[00:00:19 -200010.411123] Initial branch length optimization
[00:00:19 -69362.899719] Model parameter optimization (eps = 10.000000)
[00:00:20 -60238.064628] AUTODETECT spr round 1 (radius: 5)
[00:00:20 -59826.376861] AUTODETECT spr round 2 (radius: 10)
[00:00:20 -59511.487485] AUTODETECT spr round 3 (radius: 15)
[00:00:21 -59416.961744] AUTODETECT spr round 4 (radius: 20)
[00:00:21 -59416.958840] SPR radius for FAST iterations: 15 (autodetect)
[00:00:21 -59416.958840] Model parameter optimization (eps = 3.000000)
[00:00:21 -59388.470569] FAST spr round 1 (radius: 15)
[00:00:22 -59342.638884] FAST spr round 2 (radius: 15)
[00:00:22 -59342.638290] Model parameter optimization (eps = 1.000000)
[00:00:22 -59338.769081] SLOW spr round 1 (radius: 5)
[00:00:23 -59338.760622] SLOW spr round 2 (radius: 10)
[00:00:23 -59338.759600] SLOW spr round 3 (radius: 15)
[00:00:24 -59338.759573] SLOW spr round 4 (radius: 20)
[00:00:24 -59338.759572] SLOW spr round 5 (radius: 25)
[00:00:25 -59338.759572] Model parameter optimization (eps = 0.100000)

[00:00:25] ML tree search #4, logLikelihood: -59336.755987

[00:00:25 -200015.108400] Initial branch length optimization
[00:00:25 -69387.392602] Model parameter optimization (eps = 10.000000)
[00:00:26 -60259.010870] AUTODETECT spr round 1 (radius: 5)
[00:00:26 -59828.478458] AUTODETECT spr round 2 (radius: 10)
[00:00:27 -59558.755075] AUTODETECT spr round 3 (radius: 15)
[00:00:27 -59496.900795] AUTODETECT spr round 4 (radius: 20)
[00:00:27 -59496.893099] SPR radius for FAST iterations: 15 (autodetect)
[00:00:27 -59496.893099] Model parameter optimization (eps = 3.000000)
[00:00:27 -59484.627823] FAST spr round 1 (radius: 15)
[00:00:28 -59422.921350] FAST spr round 2 (radius: 15)
[00:00:29 -59422.921350] Model parameter optimization (eps = 1.000000)
[00:00:29 -59422.131482] SLOW spr round 1 (radius: 5)
[00:00:30 -59422.116496] SLOW spr round 2 (radius: 10)
[00:00:30 -59422.116000] SLOW spr round 3 (radius: 15)
[00:00:31 -59422.116000] SLOW spr round 4 (radius: 20)
[00:00:31 -59351.967484] SLOW spr round 5 (radius: 5)
[00:00:32 -59351.839347] SLOW spr round 6 (radius: 5)
[00:00:32 -59351.838957] SLOW spr round 7 (radius: 10)
[00:00:33 -59351.838921] SLOW spr round 8 (radius: 15)
[00:00:34 -59351.838917] SLOW spr round 9 (radius: 20)
[00:00:34 -59351.838917] SLOW spr round 10 (radius: 25)
[00:00:34 -59351.838917] Model parameter optimization (eps = 0.100000)

[00:00:35] ML tree search #5, logLikelihood: -59336.726764

[00:00:35 -200003.804074] Initial branch length optimization
[00:00:35 -63122.800754] Model parameter optimization (eps = 10.000000)
[00:00:35 -60224.950114] AUTODETECT spr round 1 (radius: 5)
[00:00:35 -59783.115178] AUTODETECT spr round 2 (radius: 10)
[00:00:36 -59505.283553] AUTODETECT spr round 3 (radius: 15)
[00:00:36 -59456.315582] AUTODETECT spr round 4 (radius: 20)
[00:00:36 -59456.315582] SPR radius for FAST iterations: 15 (autodetect)
[00:00:36 -59456.315582] Model parameter optimization (eps = 3.000000)
[00:00:36 -59454.701082] FAST spr round 1 (radius: 15)
[00:00:37 -59348.540945] FAST spr round 2 (radius: 15)
[00:00:37 -59348.363801] FAST spr round 3 (radius: 15)
[00:00:38 -59348.363498] Model parameter optimization (eps = 1.000000)
[00:00:38 -59338.922562] SLOW spr round 1 (radius: 5)
[00:00:38 -59338.909161] SLOW spr round 2 (radius: 10)
[00:00:39 -59338.908619] SLOW spr round 3 (radius: 15)
[00:00:40 -59338.908113] SLOW spr round 4 (radius: 20)
[00:00:40 -59338.908112] SLOW spr round 5 (radius: 25)
[00:00:41 -59338.908112] Model parameter optimization (eps = 0.100000)

[00:00:41] ML tree search #6, logLikelihood: -59336.764624

[00:00:41 -199980.201012] Initial branch length optimization
[00:00:41 -69396.228500] Model parameter optimization (eps = 10.000000)
[00:00:42 -60264.786685] AUTODETECT spr round 1 (radius: 5)
[00:00:42 -59938.749205] AUTODETECT spr round 2 (radius: 10)
[00:00:42 -59597.042667] AUTODETECT spr round 3 (radius: 15)
[00:00:43 -59481.856588] AUTODETECT spr round 4 (radius: 20)
[00:00:43 -59479.085849] AUTODETECT spr round 5 (radius: 25)
[00:00:43 -59479.085849] SPR radius for FAST iterations: 20 (autodetect)
[00:00:43 -59479.085849] Model parameter optimization (eps = 3.000000)
[00:00:43 -59466.604827] FAST spr round 1 (radius: 20)
[00:00:44 -59356.137297] FAST spr round 2 (radius: 20)
[00:00:45 -59354.375366] FAST spr round 3 (radius: 20)
[00:00:45 -59354.374561] Model parameter optimization (eps = 1.000000)
[00:00:45 -59339.410547] SLOW spr round 1 (radius: 5)
[00:00:46 -59339.402939] SLOW spr round 2 (radius: 10)
[00:00:47 -59339.402363] SLOW spr round 3 (radius: 15)
[00:00:47 -59339.402334] SLOW spr round 4 (radius: 20)
[00:00:48 -59339.402332] SLOW spr round 5 (radius: 25)
[00:00:48 -59339.402332] Model parameter optimization (eps = 0.100000)

[00:00:48] ML tree search #7, logLikelihood: -59337.318704

[00:00:48 -199993.404095] Initial branch length optimization
[00:00:48 -69359.979323] Model parameter optimization (eps = 10.000000)
[00:00:49 -60235.541641] AUTODETECT spr round 1 (radius: 5)
[00:00:50 -59800.315954] AUTODETECT spr round 2 (radius: 10)
[00:00:50 -59671.242516] AUTODETECT spr round 3 (radius: 15)
[00:00:50 -59522.184727] AUTODETECT spr round 4 (radius: 20)
[00:00:50 -59522.184723] SPR radius for FAST iterations: 15 (autodetect)
[00:00:50 -59522.184723] Model parameter optimization (eps = 3.000000)
[00:00:50 -59510.769832] FAST spr round 1 (radius: 15)
[00:00:51 -59353.820721] FAST spr round 2 (radius: 15)
[00:00:52 -59353.819060] Model parameter optimization (eps = 1.000000)
[00:00:52 -59338.794224] SLOW spr round 1 (radius: 5)
[00:00:53 -59338.787075] SLOW spr round 2 (radius: 10)
[00:00:54 -59338.786223] SLOW spr round 3 (radius: 15)
[00:00:54 -59338.786205] SLOW spr round 4 (radius: 20)
[00:00:55 -59338.786204] SLOW spr round 5 (radius: 25)
[00:00:55 -59338.786204] Model parameter optimization (eps = 0.100000)

[00:00:55] ML tree search #8, logLikelihood: -59336.757012

[00:00:55 -198272.212677] Initial branch length optimization
[00:00:55 -68442.237231] Model parameter optimization (eps = 10.000000)
[00:00:56 -59360.050925] AUTODETECT spr round 1 (radius: 5)
[00:00:56 -59352.047450] AUTODETECT spr round 2 (radius: 10)
[00:00:57 -59352.045958] SPR radius for FAST iterations: 5 (autodetect)
[00:00:57 -59352.045958] Model parameter optimization (eps = 3.000000)
[00:00:57 -59341.664595] FAST spr round 1 (radius: 5)
[00:00:57 -59341.652108] Model parameter optimization (eps = 1.000000)
[00:00:57 -59338.408963] SLOW spr round 1 (radius: 5)
[00:00:58 -59338.403709] SLOW spr round 2 (radius: 10)
[00:00:58 -59338.403459] SLOW spr round 3 (radius: 15)
[00:00:59 -59338.403446] SLOW spr round 4 (radius: 20)
[00:00:59 -59338.403446] SLOW spr round 5 (radius: 25)
[00:00:59 -59338.403446] Model parameter optimization (eps = 0.100000)

[00:00:59] ML tree search #9, logLikelihood: -59336.732265

[00:00:59 -198269.361079] Initial branch length optimization
[00:00:59 -68432.333918] Model parameter optimization (eps = 10.000000)
[00:01:01 -59354.154051] AUTODETECT spr round 1 (radius: 5)
[00:01:01 -59354.126822] SPR radius for FAST iterations: 5 (autodetect)
[00:01:01 -59354.126822] Model parameter optimization (eps = 3.000000)
[00:01:01 -59344.194821] FAST spr round 1 (radius: 5)
[00:01:02 -59344.179839] Model parameter optimization (eps = 1.000000)
[00:01:02 -59341.749709] SLOW spr round 1 (radius: 5)
[00:01:02 -59339.404615] SLOW spr round 2 (radius: 5)
[00:01:03 -59339.404554] SLOW spr round 3 (radius: 10)
[00:01:03 -59339.404550] SLOW spr round 4 (radius: 15)
[00:01:04 -59339.404550] SLOW spr round 5 (radius: 20)
[00:01:04 -59339.404550] SLOW spr round 6 (radius: 25)
[00:01:04 -59339.404550] Model parameter optimization (eps = 0.100000)

[00:01:05] ML tree search #10, logLikelihood: -59337.318662

[00:01:05 -198266.627392] Initial branch length optimization
[00:01:05 -68434.099238] Model parameter optimization (eps = 10.000000)
[00:01:06 -59352.113526] AUTODETECT spr round 1 (radius: 5)
[00:01:06 -59350.892403] AUTODETECT spr round 2 (radius: 10)
[00:01:06 -59350.867122] SPR radius for FAST iterations: 5 (autodetect)
[00:01:06 -59350.867122] Model parameter optimization (eps = 3.000000)
[00:01:06 -59343.433466] FAST spr round 1 (radius: 5)
[00:01:07 -59343.410452] Model parameter optimization (eps = 1.000000)
[00:01:07 -59339.076158] SLOW spr round 1 (radius: 5)
[00:01:07 -59339.068004] SLOW spr round 2 (radius: 10)
[00:01:08 -59339.067354] SLOW spr round 3 (radius: 15)
[00:01:08 -59339.067320] SLOW spr round 4 (radius: 20)
[00:01:09 -59339.067318] SLOW spr round 5 (radius: 25)
[00:01:09 -59339.067318] Model parameter optimization (eps = 0.100000)

[00:01:09] ML tree search #11, logLikelihood: -59336.791336

[00:01:09 -198269.617394] Initial branch length optimization
[00:01:09 -68432.333923] Model parameter optimization (eps = 10.000000)
[00:01:11 -59354.164958] AUTODETECT spr round 1 (radius: 5)
[00:01:11 -59354.134744] SPR radius for FAST iterations: 5 (autodetect)
[00:01:11 -59354.134744] Model parameter optimization (eps = 3.000000)
[00:01:11 -59344.197250] FAST spr round 1 (radius: 5)
[00:01:11 -59344.182298] Model parameter optimization (eps = 1.000000)
[00:01:11 -59341.750876] SLOW spr round 1 (radius: 5)
[00:01:12 -59341.745246] SLOW spr round 2 (radius: 10)
[00:01:12 -59338.850850] SLOW spr round 3 (radius: 5)
[00:01:13 -59338.850836] SLOW spr round 4 (radius: 10)
[00:01:13 -59338.850835] SLOW spr round 5 (radius: 15)
[00:01:14 -59338.850835] SLOW spr round 6 (radius: 20)
[00:01:14 -59338.850835] SLOW spr round 7 (radius: 25)
[00:01:14 -59338.850835] Model parameter optimization (eps = 0.100000)

[00:01:15] ML tree search #12, logLikelihood: -59336.763886

[00:01:15 -198268.080972] Initial branch length optimization
[00:01:15 -68435.465671] Model parameter optimization (eps = 10.000000)
[00:01:16 -59353.462574] AUTODETECT spr round 1 (radius: 5)
[00:01:16 -59353.428279] SPR radius for FAST iterations: 5 (autodetect)
[00:01:16 -59353.428279] Model parameter optimization (eps = 3.000000)
[00:01:16 -59343.179963] FAST spr round 1 (radius: 5)
[00:01:17 -59343.173157] Model parameter optimization (eps = 1.000000)
[00:01:17 -59340.733044] SLOW spr round 1 (radius: 5)
[00:01:17 -59340.574074] SLOW spr round 2 (radius: 5)
[00:01:18 -59339.245262] SLOW spr round 3 (radius: 5)
[00:01:18 -59339.245253] SLOW spr round 4 (radius: 10)
[00:01:19 -59339.245252] SLOW spr round 5 (radius: 15)
[00:01:19 -59339.245252] SLOW spr round 6 (radius: 20)
[00:01:19 -59339.245252] SLOW spr round 7 (radius: 25)
[00:01:20 -59339.245252] Model parameter optimization (eps = 0.100000)

[00:01:20] ML tree search #13, logLikelihood: -59336.728171

[00:01:20 -198272.739118] Initial branch length optimization
[00:01:20 -61584.232056] Model parameter optimization (eps = 10.000000)
[00:01:20 -59350.826922] AUTODETECT spr round 1 (radius: 5)
[00:01:20 -59350.811809] SPR radius for FAST iterations: 5 (autodetect)
[00:01:20 -59350.811809] Model parameter optimization (eps = 3.000000)
[00:01:20 -59344.483378] FAST spr round 1 (radius: 5)
[00:01:21 -59344.474022] Model parameter optimization (eps = 1.000000)
[00:01:21 -59341.988453] SLOW spr round 1 (radius: 5)
[00:01:21 -59341.976882] SLOW spr round 2 (radius: 10)
[00:01:22 -59341.213607] SLOW spr round 3 (radius: 5)
[00:01:22 -59341.213580] SLOW spr round 4 (radius: 10)
[00:01:23 -59341.213580] SLOW spr round 5 (radius: 15)
[00:01:23 -59341.213580] SLOW spr round 6 (radius: 20)
[00:01:24 -59339.238668] SLOW spr round 7 (radius: 5)
[00:01:24 -59339.237198] SLOW spr round 8 (radius: 10)
[00:01:25 -59339.237198] SLOW spr round 9 (radius: 15)
[00:01:25 -59339.237198] SLOW spr round 10 (radius: 20)
[00:01:26 -59339.237198] SLOW spr round 11 (radius: 25)
[00:01:26 -59339.237198] Model parameter optimization (eps = 0.100000)

[00:01:26] ML tree search #14, logLikelihood: -59337.294230

[00:01:26 -198266.493755] Initial branch length optimization
[00:01:26 -68434.099218] Model parameter optimization (eps = 10.000000)
[00:01:27 -59355.458995] AUTODETECT spr round 1 (radius: 5)
[00:01:28 -59354.248080] AUTODETECT spr round 2 (radius: 10)
[00:01:28 -59354.241288] SPR radius for FAST iterations: 5 (autodetect)
[00:01:28 -59354.241288] Model parameter optimization (eps = 3.000000)
[00:01:28 -59344.235793] FAST spr round 1 (radius: 5)
[00:01:28 -59344.222118] Model parameter optimization (eps = 1.000000)
[00:01:28 -59341.770845] SLOW spr round 1 (radius: 5)
[00:01:29 -59341.765677] SLOW spr round 2 (radius: 10)
[00:01:29 -59341.765402] SLOW spr round 3 (radius: 15)
[00:01:30 -59341.765387] SLOW spr round 4 (radius: 20)
[00:01:30 -59341.765387] SLOW spr round 5 (radius: 25)
[00:01:30 -59341.765387] Model parameter optimization (eps = 0.100000)

[00:01:31] ML tree search #15, logLikelihood: -59339.413725

[00:01:31 -198269.451656] Initial branch length optimization
[00:01:31 -68432.333916] Model parameter optimization (eps = 10.000000)
[00:01:32 -59354.384465] AUTODETECT spr round 1 (radius: 5)
[00:01:32 -59354.355078] SPR radius for FAST iterations: 5 (autodetect)
[00:01:32 -59354.355078] Model parameter optimization (eps = 3.000000)
[00:01:32 -59344.263662] FAST spr round 1 (radius: 5)
[00:01:32 -59344.248133] Model parameter optimization (eps = 1.000000)
[00:01:33 -59341.784519] SLOW spr round 1 (radius: 5)
[00:01:33 -59341.776108] SLOW spr round 2 (radius: 10)
[00:01:34 -59341.775827] SLOW spr round 3 (radius: 15)
[00:01:34 -59341.775813] SLOW spr round 4 (radius: 20)
[00:01:34 -59341.775812] SLOW spr round 5 (radius: 25)
[00:01:35 -59341.775812] Model parameter optimization (eps = 0.100000)

[00:01:35] ML tree search #16, logLikelihood: -59339.414976


Optimized model parameters:

   Partition 0: noname
   Rate heterogeneity: NONE
   P-inv (ML): 0.698195
   Base frequencies (ML): 0.296313 0.183947 0.198891 0.320850 
   Substitution rates (ML): 1.167639 5.530799 2.519107 0.616991 15.899768 1.000000 


Final LogLikelihood: -59336.726764

AIC score: 119041.453528 / AICc score: 119043.804357 / BIC score: 120564.980640
Free parameters (model + branch lengths): 184

Best ML tree saved to: /home/hikoyu/analysis/Genome/SARS-CoV-2/phylogeny/RAxML-NG/DNA/univ/uni/SARS-CoV-2_200314.11.raxml.bestTree
All ML trees saved to: /home/hikoyu/analysis/Genome/SARS-CoV-2/phylogeny/RAxML-NG/DNA/univ/uni/SARS-CoV-2_200314.11.raxml.mlTrees
Optimized model saved to: /home/hikoyu/analysis/Genome/SARS-CoV-2/phylogeny/RAxML-NG/DNA/univ/uni/SARS-CoV-2_200314.11.raxml.bestModel

Execution log saved to: /home/hikoyu/analysis/Genome/SARS-CoV-2/phylogeny/RAxML-NG/DNA/univ/uni/SARS-CoV-2_200314.11.raxml.log

Analysis started: 16-Mar-2020 00:38:07 / finished: 16-Mar-2020 00:39:42

Elapsed time: 95.513 seconds

