
RAxML-NG v. 0.9.0 released on 20.05.2019 by The Exelixis Lab.
Developed by: Alexey M. Kozlov and Alexandros Stamatakis.
Contributors: Diego Darriba, Tomas Flouri, Benoit Morel, Sarah Lutteropp, Ben Bettisworth.
Latest version: https://github.com/amkozlov/raxml-ng
Questions/problems/suggestions? Please visit: https://groups.google.com/forum/#!forum/raxml

RAxML-NG was called at 08-Apr-2020 15:58:42 as follows:

raxml-ng --threads 1 --parse --prefix phylogeny/RAxML-NG/DNA/univ/uni/SARS-CoV-2_200407 --msa phylogeny/SARS-CoV-2_200407.aln.concat.fna --msa-format FASTA --data-type DNA --model GTR+G4

Analysis options:
  run mode: Alignment parsing and compression
  start tree(s): 
  random seed: 1586329122
  tip-inner: OFF
  pattern compression: ON
  per-rate scalers: OFF
  site repeats: ON
  branch lengths: proportional (ML estimate, algorithm: NR-FAST)
  SIMD kernels: AVX2
  parallelization: NONE/sequential

[00:00:00] Reading alignment from file: phylogeny/SARS-CoV-2_200407.aln.concat.fna
[00:00:00] Loaded alignment with 285 taxa and 29145 sites

WARNING: Sequences LC522974.1 and LC522975.1 are exactly identical!
WARNING: Sequences LC528232.1 and MT276597.1 are exactly identical!
WARNING: Sequences LR757995.1 and MT066175.1 are exactly identical!
WARNING: Sequences LR757996.1 and MN908947.3 are exactly identical!
WARNING: Sequences LR757996.1 and MN988668.1 are exactly identical!
WARNING: Sequences LR757996.1 and MN988669.1 are exactly identical!
WARNING: Sequences LR757996.1 and MN996528.1 are exactly identical!
WARNING: Sequences LR757996.1 and MN996530.1 are exactly identical!
WARNING: Sequences LR757996.1 and MT019530.1 are exactly identical!
WARNING: Sequences LR757996.1 and MT019532.1 are exactly identical!
WARNING: Sequences LR757996.1 and MT039873.1 are exactly identical!
WARNING: Sequences LR757996.1 and MT093631.2 are exactly identical!
WARNING: Sequences LR757996.1 and MT192759.1 are exactly identical!
WARNING: Sequences LR757996.1 and MT253696.1 are exactly identical!
WARNING: Sequences LR757996.1 and MT253697.1 are exactly identical!
WARNING: Sequences LR757996.1 and MT253698.1 are exactly identical!
WARNING: Sequences LR757996.1 and MT253699.1 are exactly identical!
WARNING: Sequences LR757996.1 and MT253700.1 are exactly identical!
WARNING: Sequences LR757996.1 and MT253701.1 are exactly identical!
WARNING: Sequences LR757996.1 and MT253702.1 are exactly identical!
WARNING: Sequences LR757996.1 and MT253703.1 are exactly identical!
WARNING: Sequences LR757996.1 and MT253704.1 are exactly identical!
WARNING: Sequences LR757996.1 and MT253705.1 are exactly identical!
WARNING: Sequences LR757996.1 and MT253707.1 are exactly identical!
WARNING: Sequences LR757996.1 and MT253708.1 are exactly identical!
WARNING: Sequences LR757996.1 and MT253709.1 are exactly identical!
WARNING: Sequences LR757996.1 and MT253710.1 are exactly identical!
WARNING: Sequences MN985325.1 and MT020880.1 are exactly identical!
WARNING: Sequences MN985325.1 and MT020881.1 are exactly identical!
WARNING: Sequences MN985325.1 and MT233526.1 are exactly identical!
WARNING: Sequences MN985325.1 and MT246667.1 are exactly identical!
WARNING: Sequences MT027062.1 and MT027063.1 are exactly identical!
WARNING: Sequences MT135041.1 and MT135042.1 are exactly identical!
WARNING: Sequences MT135041.1 and MT135044.1 are exactly identical!
WARNING: Sequences MT163716.1 and MT276326.1 are exactly identical!
WARNING: Sequences MT163717.1 and MT163718.1 are exactly identical!
WARNING: Sequences MT163717.1 and MT246466.1 are exactly identical!
WARNING: Sequences MT163717.1 and MT246479.1 are exactly identical!
WARNING: Sequences MT163717.1 and MT259241.1 are exactly identical!
WARNING: Sequences MT163717.1 and MT259245.1 are exactly identical!
WARNING: Sequences MT163717.1 and MT259254.1 are exactly identical!
WARNING: Sequences MT163717.1 and MT259266.1 are exactly identical!
WARNING: Sequences MT163717.1 and MT259268.1 are exactly identical!
WARNING: Sequences MT163717.1 and MT259275.1 are exactly identical!
WARNING: Sequences MT163717.1 and MT262900.1 are exactly identical!
WARNING: Sequences MT163717.1 and MT262901.1 are exactly identical!
WARNING: Sequences MT163717.1 and MT262905.1 are exactly identical!
WARNING: Sequences MT163717.1 and MT262907.1 are exactly identical!
WARNING: Sequences MT163717.1 and MT262910.1 are exactly identical!
WARNING: Sequences MT163717.1 and MT262911.1 are exactly identical!
WARNING: Sequences MT163717.1 and MT262912.1 are exactly identical!
WARNING: Sequences MT163717.1 and MT262913.1 are exactly identical!
WARNING: Sequences MT163717.1 and MT262914.1 are exactly identical!
WARNING: Sequences MT163717.1 and MT262916.1 are exactly identical!
WARNING: Sequences MT163717.1 and MT263381.1 are exactly identical!
WARNING: Sequences MT163717.1 and MT263382.1 are exactly identical!
WARNING: Sequences MT163717.1 and MT263383.1 are exactly identical!
WARNING: Sequences MT163717.1 and MT263396.1 are exactly identical!
WARNING: Sequences MT163717.1 and MT263423.1 are exactly identical!
WARNING: Sequences MT163717.1 and MT263425.1 are exactly identical!
WARNING: Sequences MT163717.1 and MT263444.1 are exactly identical!
WARNING: Sequences MT163717.1 and MT263449.1 are exactly identical!
WARNING: Sequences MT163717.1 and MT263456.1 are exactly identical!
WARNING: Sequences MT192772.1 and MT192773.1 are exactly identical!
WARNING: Sequences MT246449.1 and MT246450.1 are exactly identical!
WARNING: Sequences MT246449.1 and MT246460.1 are exactly identical!
WARNING: Sequences MT246449.1 and MT246481.1 are exactly identical!
WARNING: Sequences MT246449.1 and MT246487.1 are exactly identical!
WARNING: Sequences MT246449.1 and MT246490.1 are exactly identical!
WARNING: Sequences MT246449.1 and MT251979.1 are exactly identical!
WARNING: Sequences MT246449.1 and MT259239.1 are exactly identical!
WARNING: Sequences MT246449.1 and MT259240.1 are exactly identical!
WARNING: Sequences MT246449.1 and MT259246.1 are exactly identical!
WARNING: Sequences MT246449.1 and MT259251.1 are exactly identical!
WARNING: Sequences MT246449.1 and MT259260.1 are exactly identical!
WARNING: Sequences MT246449.1 and MT259264.1 are exactly identical!
WARNING: Sequences MT246449.1 and MT259278.1 are exactly identical!
WARNING: Sequences MT246449.1 and MT263390.1 are exactly identical!
WARNING: Sequences MT246449.1 and MT263391.1 are exactly identical!
WARNING: Sequences MT246449.1 and MT263394.1 are exactly identical!
WARNING: Sequences MT246449.1 and MT263417.1 are exactly identical!
WARNING: Sequences MT246449.1 and MT263432.1 are exactly identical!
WARNING: Sequences MT246449.1 and MT263437.1 are exactly identical!
WARNING: Sequences MT246449.1 and MT263442.1 are exactly identical!
WARNING: Sequences MT246449.1 and MT263446.1 are exactly identical!
WARNING: Sequences MT246449.1 and MT263465.1 are exactly identical!
WARNING: Sequences MT246453.1 and MT258378.1 are exactly identical!
WARNING: Sequences MT246453.1 and MT259244.1 are exactly identical!
WARNING: Sequences MT246461.1 and MT246488.1 are exactly identical!
WARNING: Sequences MT246470.1 and MT259263.1 are exactly identical!
WARNING: Sequences MT246470.1 and MT263402.1 are exactly identical!
WARNING: Sequences MT246478.1 and MT246489.1 are exactly identical!
WARNING: Sequences MT246478.1 and MT263469.1 are exactly identical!
WARNING: Sequences MT246480.1 and MT251974.1 are exactly identical!
WARNING: Sequences MT246484.1 and MT259243.1 are exactly identical!
WARNING: Sequences MT251976.1 and MT263392.1 are exactly identical!
WARNING: Sequences MT251976.1 and MT263467.1 are exactly identical!
WARNING: Sequences MT259228.1 and MT259229.1 are exactly identical!
WARNING: Sequences MT259228.1 and MT259231.1 are exactly identical!
WARNING: Sequences MT259250.1 and MT276329.1 are exactly identical!
WARNING: Sequences MT259250.1 and MT276330.1 are exactly identical!
WARNING: Sequences MT259250.1 and MT276598.1 are exactly identical!
WARNING: Sequences MT259256.1 and MT259258.1 are exactly identical!
WARNING: Sequences MT259261.1 and MT259286.1 are exactly identical!
WARNING: Sequences MT262896.1 and MT262897.1 are exactly identical!
WARNING: Sequences MT262896.1 and MT262898.1 are exactly identical!
WARNING: Sequences MT262896.1 and MT262902.1 are exactly identical!
WARNING: Sequences MT262896.1 and MT262903.1 are exactly identical!
WARNING: Sequences MT262896.1 and MT262904.1 are exactly identical!
WARNING: Sequences MT262896.1 and MT262906.1 are exactly identical!
WARNING: Sequences MT262896.1 and MT262908.1 are exactly identical!
WARNING: Sequences MT262896.1 and MT262909.1 are exactly identical!
WARNING: Sequences MT263419.1 and MT263464.1 are exactly identical!
WARNING: Sequences MT263435.1 and MT263458.1 are exactly identical!
WARNING: Sequences MT276324.1 and MT276325.1 are exactly identical!
WARNING: Duplicate sequences found: 115

NOTE: Reduced alignment (with duplicates and gap-only sites/taxa removed) 
NOTE: was saved to: /home/hikoyu/analysis/Genome/SARS-CoV-2/phylogeny/RAxML-NG/DNA/univ/uni/SARS-CoV-2_200407.raxml.reduced.phy

Alignment comprises 1 partitions and 417 patterns

Partition 0: noname
Model: GTR+FO+G4m
Alignment sites / patterns: 29145 / 417
Gaps: 0.04 %
Invariant sites: 85.27 %


NOTE: Binary MSA file created: phylogeny/RAxML-NG/DNA/univ/uni/SARS-CoV-2_200407.raxml.rba

* Estimated memory requirements                : 29 MB

* Recommended number of threads / MPI processes: 2

Please note that numbers given above are rough estimates only. 
Actual memory consumption and parallel performance on your system may differ!

Alignment can be successfully read by RAxML-NG.


Execution log saved to: /home/hikoyu/analysis/Genome/SARS-CoV-2/phylogeny/RAxML-NG/DNA/univ/uni/SARS-CoV-2_200407.raxml.log

Analysis started: 08-Apr-2020 15:58:42 / finished: 08-Apr-2020 15:58:42

Elapsed time: 0.255 seconds

