
RAxML-NG v. 0.9.0 released on 20.05.2019 by The Exelixis Lab.
Developed by: Alexey M. Kozlov and Alexandros Stamatakis.
Contributors: Diego Darriba, Tomas Flouri, Benoit Morel, Sarah Lutteropp, Ben Bettisworth.
Latest version: https://github.com/amkozlov/raxml-ng
Questions/problems/suggestions? Please visit: https://groups.google.com/forum/#!forum/raxml

RAxML-NG was called at 15-Apr-2020 17:27:39 as follows:

raxml-ng --threads 1 --bootstrap --bs-trees 84 --seed 2470321038 --prefix phylogeny/RAxML-NG/DNA/univ/uni/SARS-CoV-2_200414.2 --msa phylogeny/RAxML-NG/DNA/univ/uni/SARS-CoV-2_200414.raxml.rba --outgroup MG772933.1

Analysis options:
  run mode: Bootstrapping
  start tree(s): 
  bootstrap replicates: 84
  random seed: 2470321038
  tip-inner: OFF
  pattern compression: ON
  per-rate scalers: OFF
  site repeats: ON
  branch lengths: proportional (ML estimate, algorithm: NR-FAST)
  SIMD kernels: AVX2
  parallelization: NONE/sequential

[00:00:00] Loading binary alignment from file: phylogeny/RAxML-NG/DNA/univ/uni/SARS-CoV-2_200414.raxml.rba
[00:00:00] Alignment comprises 376 taxa, 1 partitions and 517 patterns

Partition 0: noname
Model: GTR+FO+G4m
Alignment sites / patterns: 29151 / 517
Gaps: 0.07 %
Invariant sites: 85.07 %


[00:00:00] Data distribution: max. partitions/sites/weight per thread: 1 / 517 / 8272
[00:00:00] Starting bootstrapping analysis with 84 replicates.

[00:02:31] Bootstrap tree #1, logLikelihood: -62327.918576
[00:04:29] Bootstrap tree #2, logLikelihood: -62947.672646
[00:06:40] Bootstrap tree #3, logLikelihood: -62271.634338
[00:08:43] Bootstrap tree #4, logLikelihood: -62736.031590
[00:10:56] Bootstrap tree #5, logLikelihood: -62846.556537
[00:13:15] Bootstrap tree #6, logLikelihood: -62679.865006
[00:15:40] Bootstrap tree #7, logLikelihood: -62946.509516
[00:17:50] Bootstrap tree #8, logLikelihood: -62503.529802
[00:20:00] Bootstrap tree #9, logLikelihood: -62572.190813
[00:22:15] Bootstrap tree #10, logLikelihood: -62559.477252
[00:24:20] Bootstrap tree #11, logLikelihood: -62607.687597
[00:27:06] Bootstrap tree #12, logLikelihood: -62388.834753
[00:29:22] Bootstrap tree #13, logLikelihood: -62358.978049
[00:31:25] Bootstrap tree #14, logLikelihood: -62376.309004
[00:33:16] Bootstrap tree #15, logLikelihood: -63000.786085
[00:35:35] Bootstrap tree #16, logLikelihood: -62451.190517
[00:37:45] Bootstrap tree #17, logLikelihood: -62693.302987
[00:40:24] Bootstrap tree #18, logLikelihood: -62627.222924
[00:42:27] Bootstrap tree #19, logLikelihood: -62412.577633
[00:45:01] Bootstrap tree #20, logLikelihood: -62445.895512
[00:47:00] Bootstrap tree #21, logLikelihood: -62665.228940
[00:49:14] Bootstrap tree #22, logLikelihood: -62326.706851
[00:52:14] Bootstrap tree #23, logLikelihood: -62064.599651
[00:54:25] Bootstrap tree #24, logLikelihood: -62581.506193
[00:56:41] Bootstrap tree #25, logLikelihood: -62659.929116
[00:59:03] Bootstrap tree #26, logLikelihood: -62376.014086
[01:01:09] Bootstrap tree #27, logLikelihood: -62670.871106
[01:03:22] Bootstrap tree #28, logLikelihood: -62625.990229
[01:05:40] Bootstrap tree #29, logLikelihood: -62229.209218
[01:08:07] Bootstrap tree #30, logLikelihood: -62183.066308
[01:10:20] Bootstrap tree #31, logLikelihood: -62783.056631
[01:12:58] Bootstrap tree #32, logLikelihood: -62691.112707
[01:15:19] Bootstrap tree #33, logLikelihood: -62313.172832
[01:18:21] Bootstrap tree #34, logLikelihood: -63213.758481
[01:20:25] Bootstrap tree #35, logLikelihood: -62553.267304
[01:22:29] Bootstrap tree #36, logLikelihood: -62419.428515
[01:24:54] Bootstrap tree #37, logLikelihood: -62292.108001
[01:27:06] Bootstrap tree #38, logLikelihood: -61998.465809
[01:29:04] Bootstrap tree #39, logLikelihood: -63018.901100
[01:31:26] Bootstrap tree #40, logLikelihood: -62494.126097
[01:33:33] Bootstrap tree #41, logLikelihood: -62813.418858
[01:35:51] Bootstrap tree #42, logLikelihood: -61775.749544
[01:37:51] Bootstrap tree #43, logLikelihood: -62503.162574
[01:39:52] Bootstrap tree #44, logLikelihood: -62718.586439
[01:42:01] Bootstrap tree #45, logLikelihood: -62214.644796
[01:44:05] Bootstrap tree #46, logLikelihood: -62161.345829
[01:46:26] Bootstrap tree #47, logLikelihood: -62297.825274
[01:48:28] Bootstrap tree #48, logLikelihood: -62029.151926
[01:50:45] Bootstrap tree #49, logLikelihood: -62546.263652
[01:52:43] Bootstrap tree #50, logLikelihood: -62258.737348
[01:54:50] Bootstrap tree #51, logLikelihood: -62511.879430
[01:56:48] Bootstrap tree #52, logLikelihood: -62663.250766
[01:59:45] Bootstrap tree #53, logLikelihood: -62510.838396
[02:01:50] Bootstrap tree #54, logLikelihood: -62771.053840
[02:04:18] Bootstrap tree #55, logLikelihood: -62303.526423
[02:06:22] Bootstrap tree #56, logLikelihood: -62294.801494
[02:08:31] Bootstrap tree #57, logLikelihood: -62714.557132
[02:10:42] Bootstrap tree #58, logLikelihood: -63194.638529
[02:12:50] Bootstrap tree #59, logLikelihood: -62778.431114
[02:15:14] Bootstrap tree #60, logLikelihood: -62633.551966
[02:17:16] Bootstrap tree #61, logLikelihood: -62463.304675
[02:19:26] Bootstrap tree #62, logLikelihood: -62484.772135
[02:21:50] Bootstrap tree #63, logLikelihood: -62723.116590
[02:23:37] Bootstrap tree #64, logLikelihood: -62518.909484
[02:25:37] Bootstrap tree #65, logLikelihood: -62381.884784
[02:27:43] Bootstrap tree #66, logLikelihood: -62410.300624
[02:29:45] Bootstrap tree #67, logLikelihood: -62587.257628
[02:32:02] Bootstrap tree #68, logLikelihood: -63175.592677
[02:34:33] Bootstrap tree #69, logLikelihood: -62202.920920
[02:36:30] Bootstrap tree #70, logLikelihood: -62393.445629
[02:38:37] Bootstrap tree #71, logLikelihood: -62543.862648
[02:40:36] Bootstrap tree #72, logLikelihood: -62239.565930
[02:43:02] Bootstrap tree #73, logLikelihood: -62143.811597
[02:45:01] Bootstrap tree #74, logLikelihood: -62466.787183
[02:47:21] Bootstrap tree #75, logLikelihood: -62368.009557
[02:49:25] Bootstrap tree #76, logLikelihood: -62606.757734
[02:51:25] Bootstrap tree #77, logLikelihood: -62646.240354
[02:53:38] Bootstrap tree #78, logLikelihood: -62441.350881
[02:55:46] Bootstrap tree #79, logLikelihood: -62400.337579
[02:57:42] Bootstrap tree #80, logLikelihood: -62716.215839
[02:59:34] Bootstrap tree #81, logLikelihood: -62498.621675
[03:01:44] Bootstrap tree #82, logLikelihood: -62837.398694
[03:03:37] Bootstrap tree #83, logLikelihood: -62637.259532
[03:05:43] Bootstrap tree #84, logLikelihood: -62452.954288

Bootstrap trees saved to: /home/hikoyu/analysis/Genome/SARS-CoV-2/phylogeny/RAxML-NG/DNA/univ/uni/SARS-CoV-2_200414.2.raxml.bootstraps

Execution log saved to: /home/hikoyu/analysis/Genome/SARS-CoV-2/phylogeny/RAxML-NG/DNA/univ/uni/SARS-CoV-2_200414.2.raxml.log

Analysis started: 15-Apr-2020 17:27:39 / finished: 15-Apr-2020 20:33:22

Elapsed time: 11143.326 seconds

