
RAxML-NG v. 0.9.0 released on 20.05.2019 by The Exelixis Lab.
Developed by: Alexey M. Kozlov and Alexandros Stamatakis.
Contributors: Diego Darriba, Tomas Flouri, Benoit Morel, Sarah Lutteropp, Ben Bettisworth.
Latest version: https://github.com/amkozlov/raxml-ng
Questions/problems/suggestions? Please visit: https://groups.google.com/forum/#!forum/raxml

RAxML-NG was called at 16-Mar-2020 00:47:43 as follows:

raxml-ng --threads 1 --bootstrap --bs-trees 83 --seed 906399484 --prefix phylogeny/RAxML-NG/DNA/univ/uni/SARS-CoV-2_200314.5 --msa phylogeny/RAxML-NG/DNA/univ/uni/SARS-CoV-2_200314.raxml.rba --outgroup MG772933.1

Analysis options:
  run mode: Bootstrapping
  start tree(s): 
  bootstrap replicates: 83
  random seed: 906399484
  tip-inner: OFF
  pattern compression: ON
  per-rate scalers: OFF
  site repeats: ON
  branch lengths: proportional (ML estimate, algorithm: NR-FAST)
  SIMD kernels: AVX2
  parallelization: NONE/sequential

[00:00:00] Loading binary alignment from file: phylogeny/RAxML-NG/DNA/univ/uni/SARS-CoV-2_200314.raxml.rba
[00:00:00] Alignment comprises 89 taxa, 1 partitions and 218 patterns

Partition 0: noname
Model: GTR+FO+I
Alignment sites / patterns: 29145 / 218
Gaps: 0.05 %
Invariant sites: 85.78 %


[00:00:00] Data distribution: max. partitions/sites/weight per thread: 1 / 218 / 872
[00:00:00] Starting bootstrapping analysis with 83 replicates.

[00:00:05] Bootstrap tree #1, logLikelihood: -59366.831883
[00:00:10] Bootstrap tree #2, logLikelihood: -59325.332199
[00:00:15] Bootstrap tree #3, logLikelihood: -59146.961270
[00:00:26] Bootstrap tree #4, logLikelihood: -59256.396693
[00:00:31] Bootstrap tree #5, logLikelihood: -59560.986436
[00:00:36] Bootstrap tree #6, logLikelihood: -59543.869807
[00:00:43] Bootstrap tree #7, logLikelihood: -58686.515622
[00:00:47] Bootstrap tree #8, logLikelihood: -58623.077204
[00:00:52] Bootstrap tree #9, logLikelihood: -59427.002369
[00:00:57] Bootstrap tree #10, logLikelihood: -59018.769995
[00:01:03] Bootstrap tree #11, logLikelihood: -59108.880061
[00:01:08] Bootstrap tree #12, logLikelihood: -59445.340866
[00:01:13] Bootstrap tree #13, logLikelihood: -59236.825688
[00:01:20] Bootstrap tree #14, logLikelihood: -59375.491244
[00:01:27] Bootstrap tree #15, logLikelihood: -59398.273112
[00:01:34] Bootstrap tree #16, logLikelihood: -59307.286734
[00:01:40] Bootstrap tree #17, logLikelihood: -59345.914074
[00:01:46] Bootstrap tree #18, logLikelihood: -58874.246784
[00:01:51] Bootstrap tree #19, logLikelihood: -59676.053584
[00:01:56] Bootstrap tree #20, logLikelihood: -59482.099386
[00:02:01] Bootstrap tree #21, logLikelihood: -59522.313434
[00:02:09] Bootstrap tree #22, logLikelihood: -59397.873462
[00:02:14] Bootstrap tree #23, logLikelihood: -59093.398308
[00:02:19] Bootstrap tree #24, logLikelihood: -59385.401241
[00:02:24] Bootstrap tree #25, logLikelihood: -59047.994910
[00:02:29] Bootstrap tree #26, logLikelihood: -59296.481801
[00:02:35] Bootstrap tree #27, logLikelihood: -59365.764263
[00:02:40] Bootstrap tree #28, logLikelihood: -59046.695272
[00:02:47] Bootstrap tree #29, logLikelihood: -59163.340081
[00:02:51] Bootstrap tree #30, logLikelihood: -59238.712243
[00:02:55] Bootstrap tree #31, logLikelihood: -58936.935077
[00:03:01] Bootstrap tree #32, logLikelihood: -59389.208513
[00:03:06] Bootstrap tree #33, logLikelihood: -59064.258330
[00:03:15] Bootstrap tree #34, logLikelihood: -59360.877367
[00:03:20] Bootstrap tree #35, logLikelihood: -59319.491472
[00:03:25] Bootstrap tree #36, logLikelihood: -58800.648193
[00:03:30] Bootstrap tree #37, logLikelihood: -59697.278444
[00:03:37] Bootstrap tree #38, logLikelihood: -59436.900392
[00:03:42] Bootstrap tree #39, logLikelihood: -59365.515807
[00:03:47] Bootstrap tree #40, logLikelihood: -59104.524659
[00:03:53] Bootstrap tree #41, logLikelihood: -59041.475966
[00:03:58] Bootstrap tree #42, logLikelihood: -58880.172965
[00:04:03] Bootstrap tree #43, logLikelihood: -59399.612852
[00:04:07] Bootstrap tree #44, logLikelihood: -59179.353345
[00:04:13] Bootstrap tree #45, logLikelihood: -59168.349189
[00:04:19] Bootstrap tree #46, logLikelihood: -59007.669498
[00:04:25] Bootstrap tree #47, logLikelihood: -58845.078474
[00:04:31] Bootstrap tree #48, logLikelihood: -59746.267391
[00:04:36] Bootstrap tree #49, logLikelihood: -59321.850404
[00:04:41] Bootstrap tree #50, logLikelihood: -58985.861854
[00:04:47] Bootstrap tree #51, logLikelihood: -59523.268448
[00:04:52] Bootstrap tree #52, logLikelihood: -59019.098682
[00:04:57] Bootstrap tree #53, logLikelihood: -59395.865594
[00:05:03] Bootstrap tree #54, logLikelihood: -59665.954644
[00:05:08] Bootstrap tree #55, logLikelihood: -59402.378781
[00:05:13] Bootstrap tree #56, logLikelihood: -58960.331662
[00:05:21] Bootstrap tree #57, logLikelihood: -59311.429679
[00:05:26] Bootstrap tree #58, logLikelihood: -59493.982031
[00:05:32] Bootstrap tree #59, logLikelihood: -59249.603844
[00:05:44] Bootstrap tree #60, logLikelihood: -59031.323744
[00:05:50] Bootstrap tree #61, logLikelihood: -59786.666311
[00:05:56] Bootstrap tree #62, logLikelihood: -59591.508573
[00:06:01] Bootstrap tree #63, logLikelihood: -59529.515874
[00:06:07] Bootstrap tree #64, logLikelihood: -59298.567160
[00:06:13] Bootstrap tree #65, logLikelihood: -59142.037390
[00:06:18] Bootstrap tree #66, logLikelihood: -59135.588079
[00:06:23] Bootstrap tree #67, logLikelihood: -59752.856327
[00:06:29] Bootstrap tree #68, logLikelihood: -59235.344192
[00:06:34] Bootstrap tree #69, logLikelihood: -59433.480260
[00:06:42] Bootstrap tree #70, logLikelihood: -59235.331404
[00:06:47] Bootstrap tree #71, logLikelihood: -59179.911478
[00:06:52] Bootstrap tree #72, logLikelihood: -59032.418011
[00:06:57] Bootstrap tree #73, logLikelihood: -59455.643065
[00:07:02] Bootstrap tree #74, logLikelihood: -59136.994735
[00:07:07] Bootstrap tree #75, logLikelihood: -58805.360901
[00:07:13] Bootstrap tree #76, logLikelihood: -59535.017164
[00:07:20] Bootstrap tree #77, logLikelihood: -59370.525669
[00:07:26] Bootstrap tree #78, logLikelihood: -59187.562050
[00:07:38] Bootstrap tree #79, logLikelihood: -59160.405136
[00:07:45] Bootstrap tree #80, logLikelihood: -59552.357882
[00:07:51] Bootstrap tree #81, logLikelihood: -59704.519875
[00:07:56] Bootstrap tree #82, logLikelihood: -58780.564270
[00:08:04] Bootstrap tree #83, logLikelihood: -59626.085827

Bootstrap trees saved to: /home/hikoyu/analysis/Genome/SARS-CoV-2/phylogeny/RAxML-NG/DNA/univ/uni/SARS-CoV-2_200314.5.raxml.bootstraps

Execution log saved to: /home/hikoyu/analysis/Genome/SARS-CoV-2/phylogeny/RAxML-NG/DNA/univ/uni/SARS-CoV-2_200314.5.raxml.log

Analysis started: 16-Mar-2020 00:47:43 / finished: 16-Mar-2020 00:55:47

Elapsed time: 484.420 seconds

