
RAxML-NG v. 0.9.0 released on 20.05.2019 by The Exelixis Lab.
Developed by: Alexey M. Kozlov and Alexandros Stamatakis.
Contributors: Diego Darriba, Tomas Flouri, Benoit Morel, Sarah Lutteropp, Ben Bettisworth.
Latest version: https://github.com/amkozlov/raxml-ng
Questions/problems/suggestions? Please visit: https://groups.google.com/forum/#!forum/raxml

RAxML-NG was called at 01-Apr-2020 00:19:33 as follows:

raxml-ng --threads 1 --parse --prefix phylogeny/RAxML-NG/DNA/univ/uni/SARS-CoV-2_200331 --msa phylogeny/SARS-CoV-2_200331.aln.concat.fna --msa-format FASTA --data-type DNA --model GTR+G4

Analysis options:
  run mode: Alignment parsing and compression
  start tree(s): 
  random seed: 1585667973
  tip-inner: OFF
  pattern compression: ON
  per-rate scalers: OFF
  site repeats: ON
  branch lengths: proportional (ML estimate, algorithm: NR-FAST)
  SIMD kernels: AVX2
  parallelization: NONE/sequential

[00:00:00] Reading alignment from file: phylogeny/SARS-CoV-2_200331.aln.concat.fna
[00:00:00] Loaded alignment with 117 taxa and 29148 sites

WARNING: Sequences LC522974.1 and LC522975.1 are exactly identical!
WARNING: Sequences LR757995.1 and MT066175.1 are exactly identical!
WARNING: Sequences LR757996.1 and MN908947.3 are exactly identical!
WARNING: Sequences LR757996.1 and MN988668.1 are exactly identical!
WARNING: Sequences LR757996.1 and MN988669.1 are exactly identical!
WARNING: Sequences LR757996.1 and MN996528.1 are exactly identical!
WARNING: Sequences LR757996.1 and MN996530.1 are exactly identical!
WARNING: Sequences LR757996.1 and MT019530.1 are exactly identical!
WARNING: Sequences LR757996.1 and MT019532.1 are exactly identical!
WARNING: Sequences LR757996.1 and MT039873.1 are exactly identical!
WARNING: Sequences LR757996.1 and MT093631.2 are exactly identical!
WARNING: Sequences LR757996.1 and MT192759.1 are exactly identical!
WARNING: Sequences MN985325.1 and MT020880.1 are exactly identical!
WARNING: Sequences MN985325.1 and MT020881.1 are exactly identical!
WARNING: Sequences MN985325.1 and MT233526.1 are exactly identical!
WARNING: Sequences MN985325.1 and MT246667.1 are exactly identical!
WARNING: Sequences MT027062.1 and MT027063.1 are exactly identical!
WARNING: Sequences MT135041.1 and MT135042.1 are exactly identical!
WARNING: Sequences MT135041.1 and MT135044.1 are exactly identical!
WARNING: Sequences MT163717.1 and MT246466.1 are exactly identical!
WARNING: Sequences MT163717.1 and MT246479.1 are exactly identical!
WARNING: Sequences MT192772.1 and MT192773.1 are exactly identical!
WARNING: Sequences MT246449.1 and MT246450.1 are exactly identical!
WARNING: Sequences MT246449.1 and MT246460.1 are exactly identical!
WARNING: Sequences MT246449.1 and MT246481.1 are exactly identical!
WARNING: Sequences MT246449.1 and MT246487.1 are exactly identical!
WARNING: Sequences MT246449.1 and MT246490.1 are exactly identical!
WARNING: Sequences MT246461.1 and MT246488.1 are exactly identical!
WARNING: Sequences MT246478.1 and MT246489.1 are exactly identical!
WARNING: Duplicate sequences found: 29

NOTE: Reduced alignment (with duplicates and gap-only sites/taxa removed) 
NOTE: was saved to: /home/hikoyu/analysis/Genome/SARS-CoV-2/phylogeny/RAxML-NG/DNA/univ/uni/SARS-CoV-2_200331.raxml.reduced.phy

Alignment comprises 1 partitions and 273 patterns

Partition 0: noname
Model: GTR+FO+G4m
Alignment sites / patterns: 29148 / 273
Gaps: 0.06 %
Invariant sites: 85.59 %


NOTE: Binary MSA file created: phylogeny/RAxML-NG/DNA/univ/uni/SARS-CoV-2_200331.raxml.rba

* Estimated memory requirements                : 8 MB

* Recommended number of threads / MPI processes: 1

Please note that numbers given above are rough estimates only. 
Actual memory consumption and parallel performance on your system may differ!

Alignment can be successfully read by RAxML-NG.


Execution log saved to: /home/hikoyu/analysis/Genome/SARS-CoV-2/phylogeny/RAxML-NG/DNA/univ/uni/SARS-CoV-2_200331.raxml.log

Analysis started: 01-Apr-2020 00:19:33 / finished: 01-Apr-2020 00:19:33

Elapsed time: 0.119 seconds

