
RAxML-NG v. 0.9.0 released on 20.05.2019 by The Exelixis Lab.
Developed by: Alexey M. Kozlov and Alexandros Stamatakis.
Contributors: Diego Darriba, Tomas Flouri, Benoit Morel, Sarah Lutteropp, Ben Bettisworth.
Latest version: https://github.com/amkozlov/raxml-ng
Questions/problems/suggestions? Please visit: https://groups.google.com/forum/#!forum/raxml

RAxML-NG was called at 19-Mar-2020 02:15:31 as follows:

raxml-ng --threads 1 --bootstrap --bs-trees 83 --seed 2666004817 --prefix phylogeny/RAxML-NG/DNA/univ/uni/SARS-CoV-2_200318.10 --msa phylogeny/RAxML-NG/DNA/univ/uni/SARS-CoV-2_200318.raxml.rba --outgroup MG772933.1

Analysis options:
  run mode: Bootstrapping
  start tree(s): 
  bootstrap replicates: 83
  random seed: 2666004817
  tip-inner: OFF
  pattern compression: ON
  per-rate scalers: OFF
  site repeats: ON
  branch lengths: proportional (ML estimate, algorithm: NR-FAST)
  SIMD kernels: AVX2
  parallelization: NONE/sequential

[00:00:00] Loading binary alignment from file: phylogeny/RAxML-NG/DNA/univ/uni/SARS-CoV-2_200318.raxml.rba
[00:00:00] Alignment comprises 74 taxa, 1 partitions and 208 patterns

Partition 0: noname
Model: GTR+FO+I
Alignment sites / patterns: 29148 / 208
Gaps: 0.06 %
Invariant sites: 85.80 %


[00:00:00] Data distribution: max. partitions/sites/weight per thread: 1 / 208 / 832
[00:00:00] Starting bootstrapping analysis with 83 replicates.

[00:00:03] Bootstrap tree #1, logLikelihood: -59441.010562
[00:00:07] Bootstrap tree #2, logLikelihood: -59496.242156
[00:00:12] Bootstrap tree #3, logLikelihood: -58902.840918
[00:00:19] Bootstrap tree #4, logLikelihood: -59325.523762
[00:00:24] Bootstrap tree #5, logLikelihood: -58962.797510
[00:00:29] Bootstrap tree #6, logLikelihood: -59546.782535
[00:00:33] Bootstrap tree #7, logLikelihood: -58910.202446
[00:00:38] Bootstrap tree #8, logLikelihood: -59114.729349
[00:00:42] Bootstrap tree #9, logLikelihood: -59028.152580
[00:00:46] Bootstrap tree #10, logLikelihood: -59397.429317
[00:00:50] Bootstrap tree #11, logLikelihood: -59231.805458
[00:00:53] Bootstrap tree #12, logLikelihood: -59102.946138
[00:00:57] Bootstrap tree #13, logLikelihood: -59510.537246
[00:01:02] Bootstrap tree #14, logLikelihood: -59054.979001
[00:01:05] Bootstrap tree #15, logLikelihood: -59376.330445
[00:01:09] Bootstrap tree #16, logLikelihood: -59314.291631
[00:01:13] Bootstrap tree #17, logLikelihood: -58871.294031
[00:01:18] Bootstrap tree #18, logLikelihood: -59318.155867
[00:01:22] Bootstrap tree #19, logLikelihood: -59279.274536
[00:01:25] Bootstrap tree #20, logLikelihood: -58998.146603
[00:01:29] Bootstrap tree #21, logLikelihood: -58834.780010
[00:01:33] Bootstrap tree #22, logLikelihood: -59297.019344
[00:01:37] Bootstrap tree #23, logLikelihood: -59259.248654
[00:01:40] Bootstrap tree #24, logLikelihood: -59337.140283
[00:01:44] Bootstrap tree #25, logLikelihood: -59416.528177
[00:01:48] Bootstrap tree #26, logLikelihood: -59287.064963
[00:01:52] Bootstrap tree #27, logLikelihood: -59007.963870
[00:01:57] Bootstrap tree #28, logLikelihood: -58775.409546
[00:02:01] Bootstrap tree #29, logLikelihood: -59756.641331
[00:02:05] Bootstrap tree #30, logLikelihood: -59019.276541
[00:02:09] Bootstrap tree #31, logLikelihood: -59759.624829
[00:02:13] Bootstrap tree #32, logLikelihood: -58718.117394
[00:02:18] Bootstrap tree #33, logLikelihood: -59044.245007
[00:02:22] Bootstrap tree #34, logLikelihood: -58796.439862
[00:02:26] Bootstrap tree #35, logLikelihood: -59113.627104
[00:02:30] Bootstrap tree #36, logLikelihood: -58981.159743
[00:02:34] Bootstrap tree #37, logLikelihood: -59454.148352
[00:02:40] Bootstrap tree #38, logLikelihood: -59182.756497
[00:02:44] Bootstrap tree #39, logLikelihood: -59143.630753
[00:02:48] Bootstrap tree #40, logLikelihood: -59236.446961
[00:02:51] Bootstrap tree #41, logLikelihood: -58949.641509
[00:02:56] Bootstrap tree #42, logLikelihood: -59573.418314
[00:03:00] Bootstrap tree #43, logLikelihood: -59169.169935
[00:03:05] Bootstrap tree #44, logLikelihood: -58969.092126
[00:03:11] Bootstrap tree #45, logLikelihood: -58871.214453
[00:03:16] Bootstrap tree #46, logLikelihood: -59099.488022
[00:03:20] Bootstrap tree #47, logLikelihood: -59391.066981
[00:03:23] Bootstrap tree #48, logLikelihood: -58937.410311
[00:03:28] Bootstrap tree #49, logLikelihood: -58981.942675
[00:03:32] Bootstrap tree #50, logLikelihood: -59208.251491
[00:03:37] Bootstrap tree #51, logLikelihood: -58748.047162
[00:03:41] Bootstrap tree #52, logLikelihood: -59052.779799
[00:03:45] Bootstrap tree #53, logLikelihood: -59279.452782
[00:03:48] Bootstrap tree #54, logLikelihood: -59139.378984
[00:03:53] Bootstrap tree #55, logLikelihood: -59172.584417
[00:03:58] Bootstrap tree #56, logLikelihood: -59550.223600
[00:04:02] Bootstrap tree #57, logLikelihood: -59354.615697
[00:04:05] Bootstrap tree #58, logLikelihood: -59226.114062
[00:04:09] Bootstrap tree #59, logLikelihood: -59222.085113
[00:04:13] Bootstrap tree #60, logLikelihood: -59479.331922
[00:04:17] Bootstrap tree #61, logLikelihood: -59400.659830
[00:04:20] Bootstrap tree #62, logLikelihood: -59309.794195
[00:04:25] Bootstrap tree #63, logLikelihood: -59540.375381
[00:04:28] Bootstrap tree #64, logLikelihood: -59196.692016
[00:04:33] Bootstrap tree #65, logLikelihood: -59037.050939
[00:04:38] Bootstrap tree #66, logLikelihood: -59655.806793
[00:04:42] Bootstrap tree #67, logLikelihood: -59165.248104
[00:04:46] Bootstrap tree #68, logLikelihood: -59417.188907
[00:04:51] Bootstrap tree #69, logLikelihood: -58872.913426
[00:04:56] Bootstrap tree #70, logLikelihood: -58894.461613
[00:05:02] Bootstrap tree #71, logLikelihood: -59302.322309
[00:05:06] Bootstrap tree #72, logLikelihood: -59394.221773
[00:05:09] Bootstrap tree #73, logLikelihood: -59211.886629
[00:05:12] Bootstrap tree #74, logLikelihood: -59215.432287
[00:05:16] Bootstrap tree #75, logLikelihood: -59485.515418
[00:05:19] Bootstrap tree #76, logLikelihood: -59255.676482
[00:05:22] Bootstrap tree #77, logLikelihood: -59328.458911
[00:05:27] Bootstrap tree #78, logLikelihood: -58982.690241
[00:05:30] Bootstrap tree #79, logLikelihood: -58659.979742
[00:05:33] Bootstrap tree #80, logLikelihood: -59139.853380
[00:05:36] Bootstrap tree #81, logLikelihood: -59276.059042
[00:05:40] Bootstrap tree #82, logLikelihood: -58770.314462
[00:05:45] Bootstrap tree #83, logLikelihood: -59205.205372

Bootstrap trees saved to: /home/hikoyu/analysis/Genome/SARS-CoV-2/phylogeny/RAxML-NG/DNA/univ/uni/SARS-CoV-2_200318.10.raxml.bootstraps

Execution log saved to: /home/hikoyu/analysis/Genome/SARS-CoV-2/phylogeny/RAxML-NG/DNA/univ/uni/SARS-CoV-2_200318.10.raxml.log

Analysis started: 19-Mar-2020 02:15:31 / finished: 19-Mar-2020 02:21:16

Elapsed time: 345.362 seconds

