
RAxML-NG v. 0.9.0 released on 20.05.2019 by The Exelixis Lab.
Developed by: Alexey M. Kozlov and Alexandros Stamatakis.
Contributors: Diego Darriba, Tomas Flouri, Benoit Morel, Sarah Lutteropp, Ben Bettisworth.
Latest version: https://github.com/amkozlov/raxml-ng
Questions/problems/suggestions? Please visit: https://groups.google.com/forum/#!forum/raxml

RAxML-NG was called at 15-Apr-2020 23:38:10 as follows:

raxml-ng --threads 1 --bootstrap --bs-trees 83 --seed 3349188479 --prefix phylogeny/RAxML-NG/DNA/univ/uni/SARS-CoV-2_200414.8 --msa phylogeny/RAxML-NG/DNA/univ/uni/SARS-CoV-2_200414.raxml.rba --outgroup MG772933.1

Analysis options:
  run mode: Bootstrapping
  start tree(s): 
  bootstrap replicates: 83
  random seed: 3349188479
  tip-inner: OFF
  pattern compression: ON
  per-rate scalers: OFF
  site repeats: ON
  branch lengths: proportional (ML estimate, algorithm: NR-FAST)
  SIMD kernels: AVX2
  parallelization: NONE/sequential

[00:00:00] Loading binary alignment from file: phylogeny/RAxML-NG/DNA/univ/uni/SARS-CoV-2_200414.raxml.rba
[00:00:00] Alignment comprises 376 taxa, 1 partitions and 517 patterns

Partition 0: noname
Model: GTR+FO+G4m
Alignment sites / patterns: 29151 / 517
Gaps: 0.07 %
Invariant sites: 85.07 %


[00:00:00] Data distribution: max. partitions/sites/weight per thread: 1 / 517 / 8272
[00:00:00] Starting bootstrapping analysis with 83 replicates.

[00:02:03] Bootstrap tree #1, logLikelihood: -62716.722061
[00:04:16] Bootstrap tree #2, logLikelihood: -62633.404592
[00:07:52] Bootstrap tree #3, logLikelihood: -62760.840826
[00:10:19] Bootstrap tree #4, logLikelihood: -62462.881621
[00:13:28] Bootstrap tree #5, logLikelihood: -62704.492324
[00:15:33] Bootstrap tree #6, logLikelihood: -62731.437783
[00:17:47] Bootstrap tree #7, logLikelihood: -62268.755874
[00:19:50] Bootstrap tree #8, logLikelihood: -62425.015806
[00:21:56] Bootstrap tree #9, logLikelihood: -62246.288603
[00:24:06] Bootstrap tree #10, logLikelihood: -62549.503779
[00:26:01] Bootstrap tree #11, logLikelihood: -62438.868871
[00:28:04] Bootstrap tree #12, logLikelihood: -62674.579801
[00:30:56] Bootstrap tree #13, logLikelihood: -63270.510188
[00:33:27] Bootstrap tree #14, logLikelihood: -62742.765416
[00:35:55] Bootstrap tree #15, logLikelihood: -63053.702376
[00:37:53] Bootstrap tree #16, logLikelihood: -62645.667269
[00:39:57] Bootstrap tree #17, logLikelihood: -62610.157136
[00:42:09] Bootstrap tree #18, logLikelihood: -62913.824513
[00:44:41] Bootstrap tree #19, logLikelihood: -62536.262497
[00:47:04] Bootstrap tree #20, logLikelihood: -62569.575236
[00:49:43] Bootstrap tree #21, logLikelihood: -62387.636303
[00:51:48] Bootstrap tree #22, logLikelihood: -62112.913669
[00:53:45] Bootstrap tree #23, logLikelihood: -62511.864505
[00:55:43] Bootstrap tree #24, logLikelihood: -62803.538364
[00:57:56] Bootstrap tree #25, logLikelihood: -62378.840346
[01:00:15] Bootstrap tree #26, logLikelihood: -62772.811602
[01:02:13] Bootstrap tree #27, logLikelihood: -62136.234612
[01:05:14] Bootstrap tree #28, logLikelihood: -62738.161586
[01:07:10] Bootstrap tree #29, logLikelihood: -62523.422878
[01:09:26] Bootstrap tree #30, logLikelihood: -62598.532681
[01:11:58] Bootstrap tree #31, logLikelihood: -62478.639548
[01:14:09] Bootstrap tree #32, logLikelihood: -62680.694750
[01:16:39] Bootstrap tree #33, logLikelihood: -62123.226737
[01:18:43] Bootstrap tree #34, logLikelihood: -62977.764152
[01:21:55] Bootstrap tree #35, logLikelihood: -62617.877799
[01:23:52] Bootstrap tree #36, logLikelihood: -62823.918231
[01:25:57] Bootstrap tree #37, logLikelihood: -62342.475290
[01:27:53] Bootstrap tree #38, logLikelihood: -62655.871699
[01:30:08] Bootstrap tree #39, logLikelihood: -62140.638780
[01:32:29] Bootstrap tree #40, logLikelihood: -62335.021959
[01:34:23] Bootstrap tree #41, logLikelihood: -61785.216715
[01:37:26] Bootstrap tree #42, logLikelihood: -62430.504246
[01:40:24] Bootstrap tree #43, logLikelihood: -62537.825277
[01:43:19] Bootstrap tree #44, logLikelihood: -62475.297892
[01:46:12] Bootstrap tree #45, logLikelihood: -62763.341593
[01:48:35] Bootstrap tree #46, logLikelihood: -62768.741394
[01:52:14] Bootstrap tree #47, logLikelihood: -62828.035920
[01:54:22] Bootstrap tree #48, logLikelihood: -62101.702946
[01:56:47] Bootstrap tree #49, logLikelihood: -62422.001435
[02:01:12] Bootstrap tree #50, logLikelihood: -62372.624169
[02:03:13] Bootstrap tree #51, logLikelihood: -62773.913063
[02:05:16] Bootstrap tree #52, logLikelihood: -62764.924834
[02:07:26] Bootstrap tree #53, logLikelihood: -62339.252840
[02:09:30] Bootstrap tree #54, logLikelihood: -62609.908050
[02:12:52] Bootstrap tree #55, logLikelihood: -62590.723722
[02:15:14] Bootstrap tree #56, logLikelihood: -62475.874014
[02:17:27] Bootstrap tree #57, logLikelihood: -62089.402541
[02:19:26] Bootstrap tree #58, logLikelihood: -62895.080813
[02:21:27] Bootstrap tree #59, logLikelihood: -62367.028012
[02:23:31] Bootstrap tree #60, logLikelihood: -62441.221216
[02:25:48] Bootstrap tree #61, logLikelihood: -62674.591720
[02:27:59] Bootstrap tree #62, logLikelihood: -62679.791313
[02:30:34] Bootstrap tree #63, logLikelihood: -62495.076272
[02:32:28] Bootstrap tree #64, logLikelihood: -62612.183415
[02:34:46] Bootstrap tree #65, logLikelihood: -62485.997406
[02:37:43] Bootstrap tree #66, logLikelihood: -62675.907083
[02:39:58] Bootstrap tree #67, logLikelihood: -62552.968145
[02:42:09] Bootstrap tree #68, logLikelihood: -61975.407161
[02:44:14] Bootstrap tree #69, logLikelihood: -62573.547906
[02:46:17] Bootstrap tree #70, logLikelihood: -62870.386208
[02:48:16] Bootstrap tree #71, logLikelihood: -61935.033402
[02:50:22] Bootstrap tree #72, logLikelihood: -62267.837471
[02:52:25] Bootstrap tree #73, logLikelihood: -62544.024519
[02:54:29] Bootstrap tree #74, logLikelihood: -62950.247600
[02:56:48] Bootstrap tree #75, logLikelihood: -62788.628639
[02:58:36] Bootstrap tree #76, logLikelihood: -61793.535078
[03:00:49] Bootstrap tree #77, logLikelihood: -62000.122525
[03:03:01] Bootstrap tree #78, logLikelihood: -62568.505801
[03:04:59] Bootstrap tree #79, logLikelihood: -62843.944813
[03:07:36] Bootstrap tree #80, logLikelihood: -62474.236043
[03:09:38] Bootstrap tree #81, logLikelihood: -62859.888871
[03:11:56] Bootstrap tree #82, logLikelihood: -62763.563628
[03:14:03] Bootstrap tree #83, logLikelihood: -62759.258028

Bootstrap trees saved to: /home/hikoyu/analysis/Genome/SARS-CoV-2/phylogeny/RAxML-NG/DNA/univ/uni/SARS-CoV-2_200414.8.raxml.bootstraps

Execution log saved to: /home/hikoyu/analysis/Genome/SARS-CoV-2/phylogeny/RAxML-NG/DNA/univ/uni/SARS-CoV-2_200414.8.raxml.log

Analysis started: 15-Apr-2020 23:38:10 / finished: 16-Apr-2020 02:52:13

Elapsed time: 11643.524 seconds

