
RAxML-NG v. 0.9.0 released on 20.05.2019 by The Exelixis Lab.
Developed by: Alexey M. Kozlov and Alexandros Stamatakis.
Contributors: Diego Darriba, Tomas Flouri, Benoit Morel, Sarah Lutteropp, Ben Bettisworth.
Latest version: https://github.com/amkozlov/raxml-ng
Questions/problems/suggestions? Please visit: https://groups.google.com/forum/#!forum/raxml

RAxML-NG was called at 15-Apr-2020 23:49:10 as follows:

raxml-ng --threads 1 --bootstrap --bs-trees 83 --seed 186518152 --prefix phylogeny/RAxML-NG/DNA/univ/uni/SARS-CoV-2_200414.10 --msa phylogeny/RAxML-NG/DNA/univ/uni/SARS-CoV-2_200414.raxml.rba --outgroup MG772933.1

Analysis options:
  run mode: Bootstrapping
  start tree(s): 
  bootstrap replicates: 83
  random seed: 186518152
  tip-inner: OFF
  pattern compression: ON
  per-rate scalers: OFF
  site repeats: ON
  branch lengths: proportional (ML estimate, algorithm: NR-FAST)
  SIMD kernels: AVX2
  parallelization: NONE/sequential

[00:00:00] Loading binary alignment from file: phylogeny/RAxML-NG/DNA/univ/uni/SARS-CoV-2_200414.raxml.rba
[00:00:00] Alignment comprises 376 taxa, 1 partitions and 517 patterns

Partition 0: noname
Model: GTR+FO+G4m
Alignment sites / patterns: 29151 / 517
Gaps: 0.07 %
Invariant sites: 85.07 %


[00:00:00] Data distribution: max. partitions/sites/weight per thread: 1 / 517 / 8272
[00:00:00] Starting bootstrapping analysis with 83 replicates.

[00:02:12] Bootstrap tree #1, logLikelihood: -62860.617456
[00:04:13] Bootstrap tree #2, logLikelihood: -62392.266330
[00:06:23] Bootstrap tree #3, logLikelihood: -63170.973396
[00:08:14] Bootstrap tree #4, logLikelihood: -62613.315835
[00:11:23] Bootstrap tree #5, logLikelihood: -62742.881133
[00:13:38] Bootstrap tree #6, logLikelihood: -62661.797614
[00:16:23] Bootstrap tree #7, logLikelihood: -62582.370102
[00:18:27] Bootstrap tree #8, logLikelihood: -62088.000698
[00:21:03] Bootstrap tree #9, logLikelihood: -61934.207651
[00:23:07] Bootstrap tree #10, logLikelihood: -62482.069704
[00:25:19] Bootstrap tree #11, logLikelihood: -62045.825817
[00:27:26] Bootstrap tree #12, logLikelihood: -62874.775942
[00:29:17] Bootstrap tree #13, logLikelihood: -62609.793842
[00:33:01] Bootstrap tree #14, logLikelihood: -62441.148085
[00:35:04] Bootstrap tree #15, logLikelihood: -62683.061259
[00:36:57] Bootstrap tree #16, logLikelihood: -62820.014375
[00:39:05] Bootstrap tree #17, logLikelihood: -62528.369558
[00:41:50] Bootstrap tree #18, logLikelihood: -62245.909728
[00:44:05] Bootstrap tree #19, logLikelihood: -62823.910414
[00:46:01] Bootstrap tree #20, logLikelihood: -62198.644243
[00:48:10] Bootstrap tree #21, logLikelihood: -62665.281464
[00:51:16] Bootstrap tree #22, logLikelihood: -63047.035738
[00:53:35] Bootstrap tree #23, logLikelihood: -62417.626229
[00:55:48] Bootstrap tree #24, logLikelihood: -62488.958946
[00:58:32] Bootstrap tree #25, logLikelihood: -62459.668692
[01:00:34] Bootstrap tree #26, logLikelihood: -62903.720446
[01:02:40] Bootstrap tree #27, logLikelihood: -62612.505140
[01:04:41] Bootstrap tree #28, logLikelihood: -62579.025159
[01:06:51] Bootstrap tree #29, logLikelihood: -62270.893203
[01:09:04] Bootstrap tree #30, logLikelihood: -62320.416550
[01:11:11] Bootstrap tree #31, logLikelihood: -62867.229452
[01:13:05] Bootstrap tree #32, logLikelihood: -61982.992139
[01:15:06] Bootstrap tree #33, logLikelihood: -62167.552296
[01:17:11] Bootstrap tree #34, logLikelihood: -62702.019331
[01:19:50] Bootstrap tree #35, logLikelihood: -62450.369296
[01:23:01] Bootstrap tree #36, logLikelihood: -62573.397120
[01:25:28] Bootstrap tree #37, logLikelihood: -63195.494959
[01:27:51] Bootstrap tree #38, logLikelihood: -62551.053336
[01:30:03] Bootstrap tree #39, logLikelihood: -61836.637271
[01:32:02] Bootstrap tree #40, logLikelihood: -62431.141353
[01:34:54] Bootstrap tree #41, logLikelihood: -62802.084928
[01:36:59] Bootstrap tree #42, logLikelihood: -62293.109124
[01:39:02] Bootstrap tree #43, logLikelihood: -62810.760408
[01:41:13] Bootstrap tree #44, logLikelihood: -62972.092935
[01:43:21] Bootstrap tree #45, logLikelihood: -62911.985817
[01:45:26] Bootstrap tree #46, logLikelihood: -62209.934803
[01:47:40] Bootstrap tree #47, logLikelihood: -62584.927411
[01:50:01] Bootstrap tree #48, logLikelihood: -62733.466872
[01:52:14] Bootstrap tree #49, logLikelihood: -62887.532662
[01:54:21] Bootstrap tree #50, logLikelihood: -62043.533111
[01:56:25] Bootstrap tree #51, logLikelihood: -61920.897549
[01:58:38] Bootstrap tree #52, logLikelihood: -62476.377607
[02:00:52] Bootstrap tree #53, logLikelihood: -62325.194492
[02:02:54] Bootstrap tree #54, logLikelihood: -62286.201513
[02:05:19] Bootstrap tree #55, logLikelihood: -62652.156733
[02:07:34] Bootstrap tree #56, logLikelihood: -62528.389895
[02:09:29] Bootstrap tree #57, logLikelihood: -62037.399171
[02:11:34] Bootstrap tree #58, logLikelihood: -62584.282000
[02:13:58] Bootstrap tree #59, logLikelihood: -62348.569472
[02:16:02] Bootstrap tree #60, logLikelihood: -62541.466788
[02:18:19] Bootstrap tree #61, logLikelihood: -62518.179491
[02:20:34] Bootstrap tree #62, logLikelihood: -62551.644185
[02:22:28] Bootstrap tree #63, logLikelihood: -62231.380559
[02:24:51] Bootstrap tree #64, logLikelihood: -63088.800915
[02:27:00] Bootstrap tree #65, logLikelihood: -62122.090560
[02:29:05] Bootstrap tree #66, logLikelihood: -62591.118579
[02:31:35] Bootstrap tree #67, logLikelihood: -62305.499440
[02:33:33] Bootstrap tree #68, logLikelihood: -62853.531621
[02:36:52] Bootstrap tree #69, logLikelihood: -62021.498133
[02:38:59] Bootstrap tree #70, logLikelihood: -62511.332815
[02:41:59] Bootstrap tree #71, logLikelihood: -62358.567722
[02:44:06] Bootstrap tree #72, logLikelihood: -61941.455356
[02:46:07] Bootstrap tree #73, logLikelihood: -62250.220762
[02:48:04] Bootstrap tree #74, logLikelihood: -62145.903274
[02:49:59] Bootstrap tree #75, logLikelihood: -62727.374378
[02:52:11] Bootstrap tree #76, logLikelihood: -62810.005959
[02:54:31] Bootstrap tree #77, logLikelihood: -62145.895465
[02:56:46] Bootstrap tree #78, logLikelihood: -62995.096844
[02:58:46] Bootstrap tree #79, logLikelihood: -62819.360137
[03:00:48] Bootstrap tree #80, logLikelihood: -62568.849707
[03:02:53] Bootstrap tree #81, logLikelihood: -62541.574432
[03:04:48] Bootstrap tree #82, logLikelihood: -62717.605083
[03:06:39] Bootstrap tree #83, logLikelihood: -62929.925590

Bootstrap trees saved to: /home/hikoyu/analysis/Genome/SARS-CoV-2/phylogeny/RAxML-NG/DNA/univ/uni/SARS-CoV-2_200414.10.raxml.bootstraps

Execution log saved to: /home/hikoyu/analysis/Genome/SARS-CoV-2/phylogeny/RAxML-NG/DNA/univ/uni/SARS-CoV-2_200414.10.raxml.log

Analysis started: 15-Apr-2020 23:49:10 / finished: 16-Apr-2020 02:55:50

Elapsed time: 11199.656 seconds

