
RAxML-NG v. 0.9.0 released on 20.05.2019 by The Exelixis Lab.
Developed by: Alexey M. Kozlov and Alexandros Stamatakis.
Contributors: Diego Darriba, Tomas Flouri, Benoit Morel, Sarah Lutteropp, Ben Bettisworth.
Latest version: https://github.com/amkozlov/raxml-ng
Questions/problems/suggestions? Please visit: https://groups.google.com/forum/#!forum/raxml

RAxML-NG was called at 30-Mar-2020 10:37:12 as follows:

raxml-ng --threads 1 --search --tree rand{8},pars{8} --seed 3904586211 --prefix phylogeny/RAxML-NG/DNA/part/sep/SARS-CoV-2_200328.11 --msa phylogeny/RAxML-NG/DNA/part/sep/SARS-CoV-2_200328.raxml.rba --outgroup MG772933.1

Analysis options:
  run mode: ML tree search
  start tree(s): random (8) + parsimony (8)
  random seed: 3904586211
  tip-inner: OFF
  pattern compression: ON
  per-rate scalers: OFF
  site repeats: ON
  fast spr radius: AUTO
  spr subtree cutoff: 1.000000
  branch lengths: proportional (ML estimate, algorithm: NR-FAST)
  SIMD kernels: AVX2
  parallelization: NONE/sequential

[00:00:00] Loading binary alignment from file: phylogeny/RAxML-NG/DNA/part/sep/SARS-CoV-2_200328.raxml.rba
[00:00:00] Alignment comprises 80 taxa, 33 partitions and 791 patterns

Partition 0: orf1ab_U_p1
Model: TN93+FO+I+B
Alignment sites / patterns: 4405 / 63
Gaps: 0.10 %
Invariant sites: 95.07 %

Partition 1: orf1ab_U_p2
Model: HKY+FO+I+B
Alignment sites / patterns: 4405 / 69
Gaps: 0.10 %
Invariant sites: 96.71 %

Partition 2: orf1ab_U_p3
Model: TN93+FO+G4m+B
Alignment sites / patterns: 4405 / 91
Gaps: 0.10 %
Invariant sites: 73.83 %

Partition 3: orf1ab_D_p1
Model: TN93+FO+I+B
Alignment sites / patterns: 2697 / 36
Gaps: 0.04 %
Invariant sites: 93.29 %

Partition 4: orf1ab_D_p2
Model: HKY+FO+I+G4m+B
Alignment sites / patterns: 2697 / 33
Gaps: 0.04 %
Invariant sites: 98.07 %

Partition 5: orf1ab_D_p3
Model: TPM3uf+FO+G4m+B
Alignment sites / patterns: 2697 / 59
Gaps: 0.04 %
Invariant sites: 62.51 %

Partition 6: S_p1
Model: TN93+FO+G4m+B
Alignment sites / patterns: 1274 / 43
Gaps: 0.04 %
Invariant sites: 83.12 %

Partition 7: S_p2
Model: F81+FO+B
Alignment sites / patterns: 1274 / 39
Gaps: 0.04 %
Invariant sites: 90.19 %

Partition 8: S_p3
Model: HKY+FO+I+B
Alignment sites / patterns: 1274 / 70
Gaps: 0.04 %
Invariant sites: 50.24 %

Partition 9: ORF3a_p1
Model: JC+G4m+B
Alignment sites / patterns: 276 / 20
Gaps: 0.00 %
Invariant sites: 90.58 %

Partition 10: ORF3a_p2
Model: JC+I+G4m+B
Alignment sites / patterns: 276 / 15
Gaps: 0.00 %
Invariant sites: 95.29 %

Partition 11: ORF3a_p3
Model: HKY+FO+I+B
Alignment sites / patterns: 276 / 22
Gaps: 0.00 %
Invariant sites: 70.65 %

Partition 12: E_p1
Model: JC+B
Alignment sites / patterns: 76 / 5
Gaps: 0.00 %
Invariant sites: 98.68 %

Partition 13: E_p2
Model: JC+B
Alignment sites / patterns: 76 / 5
Gaps: 0.00 %
Invariant sites: 98.68 %

Partition 14: E_p3
Model: JC+B
Alignment sites / patterns: 76 / 6
Gaps: 0.00 %
Invariant sites: 97.37 %

Partition 15: M_p1
Model: TN93ef+B
Alignment sites / patterns: 223 / 9
Gaps: 0.01 %
Invariant sites: 95.52 %

Partition 16: M_p2
Model: JC+I+B
Alignment sites / patterns: 223 / 7
Gaps: 0.01 %
Invariant sites: 99.10 %

Partition 17: M_p3
Model: K80+I+B
Alignment sites / patterns: 223 / 28
Gaps: 0.01 %
Invariant sites: 78.03 %

Partition 18: ORF6_p1
Model: JC+B
Alignment sites / patterns: 62 / 6
Gaps: 0.00 %
Invariant sites: 95.16 %

Partition 19: ORF6_p2
Model: JC+B
Alignment sites / patterns: 62 / 6
Gaps: 0.00 %
Invariant sites: 96.77 %

Partition 20: ORF6_p3
Model: JC+B
Alignment sites / patterns: 62 / 9
Gaps: 0.00 %
Invariant sites: 88.71 %

Partition 21: ORF7a_p1
Model: K80+B
Alignment sites / patterns: 122 / 11
Gaps: 0.00 %
Invariant sites: 90.98 %

Partition 22: ORF7a_p2
Model: K80+B
Alignment sites / patterns: 122 / 10
Gaps: 0.00 %
Invariant sites: 92.62 %

Partition 23: ORF7a_p3
Model: HKY+FO+I+B
Alignment sites / patterns: 122 / 16
Gaps: 0.00 %
Invariant sites: 78.69 %

Partition 24: ORF8_p1
Model: JC+I+B
Alignment sites / patterns: 122 / 12
Gaps: 0.00 %
Invariant sites: 93.44 %

Partition 25: ORF8_p2
Model: K80+I+G4m+B
Alignment sites / patterns: 122 / 9
Gaps: 0.00 %
Invariant sites: 95.90 %

Partition 26: ORF8_p3
Model: HKY+FO+B
Alignment sites / patterns: 122 / 16
Gaps: 0.00 %
Invariant sites: 69.67 %

Partition 27: N_p1
Model: K80+I+B
Alignment sites / patterns: 420 / 15
Gaps: 0.00 %
Invariant sites: 95.24 %

Partition 28: N_p2
Model: JC+B
Alignment sites / patterns: 420 / 16
Gaps: 0.00 %
Invariant sites: 95.95 %

Partition 29: N_p3
Model: HKY+FO+G4m+B
Alignment sites / patterns: 420 / 30
Gaps: 0.00 %
Invariant sites: 76.67 %

Partition 30: ORF10_p1
Model: JC+B
Alignment sites / patterns: 39 / 6
Gaps: 0.00 %
Invariant sites: 94.87 %

Partition 31: ORF10_p2
Model: JC+B
Alignment sites / patterns: 39 / 4
Gaps: 0.00 %
Invariant sites: 100.00 %

Partition 32: ORF10_p3
Model: JC+B
Alignment sites / patterns: 39 / 5
Gaps: 0.00 %
Invariant sites: 97.44 %


[00:00:00] Generating 8 random starting tree(s) with 80 taxa
[00:00:00] Generating 8 parsimony starting tree(s) with 80 taxa
[00:00:00] Data distribution: max. partitions/sites/weight per thread: 33 / 791 / 6764

Starting ML tree search with 16 distinct starting trees

[00:00:00 -183833.186070] Initial branch length optimization
[00:00:00 -60995.615314] Model parameter optimization (eps = 10.000000)
[00:00:05 -57063.240084] AUTODETECT spr round 1 (radius: 5)
[00:00:07 -56865.224891] AUTODETECT spr round 2 (radius: 10)
[00:00:09 -56608.459226] AUTODETECT spr round 3 (radius: 15)
[00:00:12 -56555.578868] AUTODETECT spr round 4 (radius: 20)
[00:00:14 -56555.578868] SPR radius for FAST iterations: 15 (autodetect)
[00:00:14 -56555.578868] Model parameter optimization (eps = 3.000000)
[00:00:15 -56547.988621] FAST spr round 1 (radius: 15)
[00:00:21 -56379.120244] FAST spr round 2 (radius: 15)
[00:00:25 -56379.103528] Model parameter optimization (eps = 1.000000)
[00:00:31 -56358.784259] SLOW spr round 1 (radius: 5)
[00:00:37 -56358.773713] SLOW spr round 2 (radius: 10)
[00:00:44 -56358.373086] SLOW spr round 3 (radius: 5)
[00:00:49 -56358.370919] SLOW spr round 4 (radius: 10)
[00:00:55 -56358.370908] SLOW spr round 5 (radius: 15)
[00:01:00 -56358.370908] SLOW spr round 6 (radius: 20)
[00:01:05 -56358.370908] SLOW spr round 7 (radius: 25)
[00:01:09 -56353.595922] SLOW spr round 8 (radius: 5)
[00:01:15 -56353.591298] SLOW spr round 9 (radius: 10)
[00:01:22 -56353.591294] SLOW spr round 10 (radius: 15)
[00:01:27 -56353.591294] SLOW spr round 11 (radius: 20)
[00:01:32 -56353.591294] SLOW spr round 12 (radius: 25)
[00:01:37 -56353.591294] Model parameter optimization (eps = 0.100000)

[00:01:45] ML tree search #1, logLikelihood: -56350.686664

[00:01:45 -183849.234870] Initial branch length optimization
[00:01:46 -61007.568358] Model parameter optimization (eps = 10.000000)
[00:01:52 -57060.413617] AUTODETECT spr round 1 (radius: 5)
[00:01:54 -56857.701323] AUTODETECT spr round 2 (radius: 10)
[00:01:57 -56601.458885] AUTODETECT spr round 3 (radius: 15)
[00:02:00 -56557.764582] AUTODETECT spr round 4 (radius: 20)
[00:02:02 -56557.751680] SPR radius for FAST iterations: 15 (autodetect)
[00:02:02 -56557.751680] Model parameter optimization (eps = 3.000000)
[00:02:04 -56549.763929] FAST spr round 1 (radius: 15)
[00:02:11 -56440.336586] FAST spr round 2 (radius: 15)
[00:02:18 -56374.119869] FAST spr round 3 (radius: 15)
[00:02:24 -56374.110964] Model parameter optimization (eps = 1.000000)
[00:02:30 -56353.776551] SLOW spr round 1 (radius: 5)
[00:02:37 -56353.764792] SLOW spr round 2 (radius: 10)
[00:02:46 -56353.364690] SLOW spr round 3 (radius: 5)
[00:02:53 -56353.362455] SLOW spr round 4 (radius: 10)
[00:03:03 -56353.362445] SLOW spr round 5 (radius: 15)
[00:03:11 -56353.362445] SLOW spr round 6 (radius: 20)
[00:03:16 -56353.362445] SLOW spr round 7 (radius: 25)
[00:03:17 -56353.362445] Model parameter optimization (eps = 0.100000)

[00:03:23] ML tree search #2, logLikelihood: -56350.746561

[00:03:23 -183848.013230] Initial branch length optimization
[00:03:24 -61061.095424] Model parameter optimization (eps = 10.000000)
[00:03:30 -57097.679227] AUTODETECT spr round 1 (radius: 5)
[00:03:32 -56855.021799] AUTODETECT spr round 2 (radius: 10)
[00:03:35 -56756.811442] AUTODETECT spr round 3 (radius: 15)
[00:03:38 -56571.151807] AUTODETECT spr round 4 (radius: 20)
[00:03:40 -56568.062657] AUTODETECT spr round 5 (radius: 25)
[00:03:42 -56557.299096] SPR radius for FAST iterations: 25 (autodetect)
[00:03:42 -56557.299096] Model parameter optimization (eps = 3.000000)
[00:03:44 -56548.234355] FAST spr round 1 (radius: 25)
[00:03:53 -56375.575217] FAST spr round 2 (radius: 25)
[00:03:59 -56375.551443] Model parameter optimization (eps = 1.000000)
[00:04:07 -56353.708764] SLOW spr round 1 (radius: 5)
[00:04:14 -56353.698986] SLOW spr round 2 (radius: 10)
[00:04:21 -56353.296855] SLOW spr round 3 (radius: 5)
[00:04:28 -56353.294973] SLOW spr round 4 (radius: 10)
[00:04:34 -56353.294964] SLOW spr round 5 (radius: 15)
[00:04:41 -56353.294963] SLOW spr round 6 (radius: 20)
[00:04:46 -56353.294963] SLOW spr round 7 (radius: 25)
[00:04:52 -56353.294963] Model parameter optimization (eps = 0.100000)

[00:04:56] ML tree search #3, logLikelihood: -56351.969132

[00:04:56 -183857.003828] Initial branch length optimization
[00:04:57 -61080.757972] Model parameter optimization (eps = 10.000000)
[00:05:02 -57106.168115] AUTODETECT spr round 1 (radius: 5)
[00:05:04 -56786.755066] AUTODETECT spr round 2 (radius: 10)
[00:05:07 -56593.961648] AUTODETECT spr round 3 (radius: 15)
[00:05:11 -56499.083356] AUTODETECT spr round 4 (radius: 20)
[00:05:13 -56489.137399] AUTODETECT spr round 5 (radius: 25)
[00:05:15 -56488.808199] SPR radius for FAST iterations: 25 (autodetect)
[00:05:15 -56488.808199] Model parameter optimization (eps = 3.000000)
[00:05:17 -56478.381335] FAST spr round 1 (radius: 25)
[00:05:26 -56374.791966] FAST spr round 2 (radius: 25)
[00:05:34 -56374.784897] Model parameter optimization (eps = 1.000000)
[00:05:39 -56354.214918] SLOW spr round 1 (radius: 5)
[00:05:47 -56354.189706] SLOW spr round 2 (radius: 10)
[00:05:56 -56354.189649] SLOW spr round 3 (radius: 15)
[00:06:03 -56354.189645] SLOW spr round 4 (radius: 20)
[00:06:10 -56354.189645] SLOW spr round 5 (radius: 25)
[00:06:16 -56354.189645] Model parameter optimization (eps = 0.100000)

[00:06:20] ML tree search #4, logLikelihood: -56352.657411

[00:06:20 -183842.422936] Initial branch length optimization
[00:06:21 -61018.897405] Model parameter optimization (eps = 10.000000)
[00:06:26 -57076.390965] AUTODETECT spr round 1 (radius: 5)
[00:06:28 -56816.319187] AUTODETECT spr round 2 (radius: 10)
[00:06:31 -56580.024631] AUTODETECT spr round 3 (radius: 15)
[00:06:34 -56525.878441] AUTODETECT spr round 4 (radius: 20)
[00:06:37 -56525.125875] AUTODETECT spr round 5 (radius: 25)
[00:06:39 -56525.125875] SPR radius for FAST iterations: 20 (autodetect)
[00:06:39 -56525.125875] Model parameter optimization (eps = 3.000000)
[00:06:40 -56515.054952] FAST spr round 1 (radius: 20)
[00:06:48 -56374.542524] FAST spr round 2 (radius: 20)
[00:06:54 -56374.530571] Model parameter optimization (eps = 1.000000)
[00:07:00 -56353.759077] SLOW spr round 1 (radius: 5)
[00:07:07 -56353.349084] SLOW spr round 2 (radius: 5)
[00:07:13 -56353.347058] SLOW spr round 3 (radius: 10)
[00:07:20 -56353.347039] SLOW spr round 4 (radius: 15)
[00:07:28 -56353.347038] SLOW spr round 5 (radius: 20)
[00:07:34 -56353.347038] SLOW spr round 6 (radius: 25)
[00:07:40 -56353.347038] Model parameter optimization (eps = 0.100000)

[00:07:44] ML tree search #5, logLikelihood: -56351.981369

[00:07:44 -183824.191537] Initial branch length optimization
[00:07:44 -60991.535808] Model parameter optimization (eps = 10.000000)
[00:07:50 -57066.061926] AUTODETECT spr round 1 (radius: 5)
[00:07:52 -56827.993538] AUTODETECT spr round 2 (radius: 10)
[00:07:55 -56644.923360] AUTODETECT spr round 3 (radius: 15)
[00:07:59 -56522.049351] AUTODETECT spr round 4 (radius: 20)
[00:08:01 -56522.049351] SPR radius for FAST iterations: 15 (autodetect)
[00:08:01 -56522.049351] Model parameter optimization (eps = 3.000000)
[00:08:03 -56514.279406] FAST spr round 1 (radius: 15)
[00:08:09 -56440.121345] FAST spr round 2 (radius: 15)
[00:08:16 -56440.115009] Model parameter optimization (eps = 1.000000)
[00:08:20 -56430.995320] SLOW spr round 1 (radius: 5)
[00:08:28 -56430.993717] SLOW spr round 2 (radius: 10)
[00:08:34 -56430.993717] SLOW spr round 3 (radius: 15)
[00:08:40 -56365.270090] SLOW spr round 4 (radius: 5)
[00:08:47 -56365.264200] SLOW spr round 5 (radius: 10)
[00:08:56 -56365.264001] SLOW spr round 6 (radius: 15)
[00:09:04 -56365.263982] SLOW spr round 7 (radius: 20)
[00:09:09 -56365.263980] SLOW spr round 8 (radius: 25)
[00:09:12 -56365.263980] Model parameter optimization (eps = 0.100000)

[00:09:20] ML tree search #6, logLikelihood: -56351.984230

[00:09:20 -183856.102542] Initial branch length optimization
[00:09:20 -61087.515382] Model parameter optimization (eps = 10.000000)
[00:09:26 -57105.703617] AUTODETECT spr round 1 (radius: 5)
[00:09:28 -56757.656166] AUTODETECT spr round 2 (radius: 10)
[00:09:31 -56666.318583] AUTODETECT spr round 3 (radius: 15)
[00:09:34 -56522.896154] AUTODETECT spr round 4 (radius: 20)
[00:09:37 -56522.896154] SPR radius for FAST iterations: 15 (autodetect)
[00:09:37 -56522.896154] Model parameter optimization (eps = 3.000000)
[00:09:39 -56512.366200] FAST spr round 1 (radius: 15)
[00:09:45 -56374.537617] FAST spr round 2 (radius: 15)
[00:09:52 -56374.494382] Model parameter optimization (eps = 1.000000)
[00:09:58 -56353.953606] SLOW spr round 1 (radius: 5)
[00:10:05 -56353.943931] SLOW spr round 2 (radius: 10)
[00:10:14 -56353.544660] SLOW spr round 3 (radius: 5)
[00:10:21 -56353.543261] SLOW spr round 4 (radius: 10)
[00:10:29 -56353.543253] SLOW spr round 5 (radius: 15)
[00:10:36 -56353.543253] SLOW spr round 6 (radius: 20)
[00:10:41 -56353.543253] SLOW spr round 7 (radius: 25)
[00:10:45 -56353.543253] Model parameter optimization (eps = 0.100000)

[00:10:51] ML tree search #7, logLikelihood: -56351.946826

[00:10:51 -183827.189184] Initial branch length optimization
[00:10:51 -60990.672345] Model parameter optimization (eps = 10.000000)
[00:10:58 -57052.883776] AUTODETECT spr round 1 (radius: 5)
[00:11:01 -56730.650874] AUTODETECT spr round 2 (radius: 10)
[00:11:04 -56577.492932] AUTODETECT spr round 3 (radius: 15)
[00:11:08 -56501.203570] AUTODETECT spr round 4 (radius: 20)
[00:11:09 -56501.203534] SPR radius for FAST iterations: 15 (autodetect)
[00:11:09 -56501.203534] Model parameter optimization (eps = 3.000000)
[00:11:11 -56490.880399] FAST spr round 1 (radius: 15)
[00:11:19 -56372.205619] FAST spr round 2 (radius: 15)
[00:11:26 -56372.131469] Model parameter optimization (eps = 1.000000)
[00:11:31 -56353.568223] SLOW spr round 1 (radius: 5)
[00:11:38 -56353.156646] SLOW spr round 2 (radius: 5)
[00:11:45 -56353.154668] SLOW spr round 3 (radius: 10)
[00:11:53 -56353.154655] SLOW spr round 4 (radius: 15)
[00:12:00 -56353.154654] SLOW spr round 5 (radius: 20)
[00:12:05 -56353.154654] SLOW spr round 6 (radius: 25)
[00:12:09 -56353.154654] Model parameter optimization (eps = 0.100000)

[00:12:14] ML tree search #8, logLikelihood: -56350.787603

[00:12:14 -181188.640338] Initial branch length optimization
[00:12:14 -59719.708142] Model parameter optimization (eps = 10.000000)
[00:12:19 -56368.254842] AUTODETECT spr round 1 (radius: 5)
[00:12:21 -56366.829843] AUTODETECT spr round 2 (radius: 10)
[00:12:24 -56366.631258] AUTODETECT spr round 3 (radius: 15)
[00:12:27 -56366.631251] SPR radius for FAST iterations: 10 (autodetect)
[00:12:27 -56366.631251] Model parameter optimization (eps = 3.000000)
[00:12:30 -56355.041866] FAST spr round 1 (radius: 10)
[00:12:35 -56354.970673] Model parameter optimization (eps = 1.000000)
[00:12:37 -56352.841441] SLOW spr round 1 (radius: 5)
[00:12:43 -56352.816971] SLOW spr round 2 (radius: 10)
[00:12:51 -56352.813570] SLOW spr round 3 (radius: 15)
[00:12:57 -56352.682147] SLOW spr round 4 (radius: 5)
[00:13:05 -56352.665122] SLOW spr round 5 (radius: 10)
[00:13:12 -56352.663384] SLOW spr round 6 (radius: 15)
[00:13:20 -56352.663383] SLOW spr round 7 (radius: 20)
[00:13:25 -56352.663383] SLOW spr round 8 (radius: 25)
[00:13:27 -56352.663383] Model parameter optimization (eps = 0.100000)

[00:13:32] ML tree search #9, logLikelihood: -56350.664692

[00:13:32 -181192.974220] Initial branch length optimization
[00:13:32 -59726.855853] Model parameter optimization (eps = 10.000000)
[00:13:36 -56375.156882] AUTODETECT spr round 1 (radius: 5)
[00:13:38 -56365.606074] AUTODETECT spr round 2 (radius: 10)
[00:13:41 -56365.606066] SPR radius for FAST iterations: 5 (autodetect)
[00:13:41 -56365.606066] Model parameter optimization (eps = 3.000000)
[00:13:43 -56354.982366] FAST spr round 1 (radius: 5)
[00:13:47 -56354.914827] Model parameter optimization (eps = 1.000000)
[00:13:48 -56352.819985] SLOW spr round 1 (radius: 5)
[00:13:55 -56352.794425] SLOW spr round 2 (radius: 10)
[00:14:03 -56352.659197] SLOW spr round 3 (radius: 5)
[00:14:09 -56352.656619] SLOW spr round 4 (radius: 10)
[00:14:16 -56352.641074] SLOW spr round 5 (radius: 15)
[00:14:21 -56352.639221] SLOW spr round 6 (radius: 20)
[00:14:25 -56352.639220] SLOW spr round 7 (radius: 25)
[00:14:29 -56352.639220] Model parameter optimization (eps = 0.100000)

[00:14:34] ML tree search #10, logLikelihood: -56350.663681

[00:14:34 -181193.290132] Initial branch length optimization
[00:14:34 -59720.479923] Model parameter optimization (eps = 10.000000)
[00:14:39 -56367.168853] AUTODETECT spr round 1 (radius: 5)
[00:14:41 -56365.157056] AUTODETECT spr round 2 (radius: 10)
[00:14:44 -56365.156171] SPR radius for FAST iterations: 5 (autodetect)
[00:14:44 -56365.156171] Model parameter optimization (eps = 3.000000)
[00:14:46 -56354.837352] FAST spr round 1 (radius: 5)
[00:14:50 -56354.770190] Model parameter optimization (eps = 1.000000)
[00:14:51 -56352.746389] SLOW spr round 1 (radius: 5)
[00:14:58 -56352.724763] SLOW spr round 2 (radius: 10)
[00:15:07 -56352.582470] SLOW spr round 3 (radius: 5)
[00:15:14 -56352.554067] SLOW spr round 4 (radius: 10)
[00:15:23 -56352.552149] SLOW spr round 5 (radius: 15)
[00:15:29 -56352.552142] SLOW spr round 6 (radius: 20)
[00:15:33 -56352.552142] SLOW spr round 7 (radius: 25)
[00:15:34 -56352.552142] Model parameter optimization (eps = 0.100000)

[00:15:39] ML tree search #11, logLikelihood: -56350.670055

[00:15:39 -181192.608521] Initial branch length optimization
[00:15:39 -59727.837990] Model parameter optimization (eps = 10.000000)
[00:15:43 -56375.025187] AUTODETECT spr round 1 (radius: 5)
[00:15:45 -56365.244517] AUTODETECT spr round 2 (radius: 10)
[00:15:48 -56365.243104] SPR radius for FAST iterations: 5 (autodetect)
[00:15:48 -56365.243104] Model parameter optimization (eps = 3.000000)
[00:15:51 -56354.856560] FAST spr round 1 (radius: 5)
[00:15:54 -56354.788061] Model parameter optimization (eps = 1.000000)
[00:15:55 -56352.754452] SLOW spr round 1 (radius: 5)
[00:16:02 -56352.732247] SLOW spr round 2 (radius: 10)
[00:16:10 -56352.589958] SLOW spr round 3 (radius: 5)
[00:16:17 -56352.562406] SLOW spr round 4 (radius: 10)
[00:16:25 -56352.560536] SLOW spr round 5 (radius: 15)
[00:16:32 -56352.560530] SLOW spr round 6 (radius: 20)
[00:16:36 -56352.560530] SLOW spr round 7 (radius: 25)
[00:16:39 -56352.560530] Model parameter optimization (eps = 0.100000)

[00:16:44] ML tree search #12, logLikelihood: -56350.670680

[00:16:44 -181189.044368] Initial branch length optimization
[00:16:44 -59724.567434] Model parameter optimization (eps = 10.000000)
[00:16:48 -56370.372747] AUTODETECT spr round 1 (radius: 5)
[00:16:50 -56366.757368] AUTODETECT spr round 2 (radius: 10)
[00:16:52 -56366.757259] SPR radius for FAST iterations: 5 (autodetect)
[00:16:52 -56366.757259] Model parameter optimization (eps = 3.000000)
[00:16:55 -56356.204879] FAST spr round 1 (radius: 5)
[00:16:58 -56356.141262] Model parameter optimization (eps = 1.000000)
[00:17:00 -56354.043054] SLOW spr round 1 (radius: 5)
[00:17:06 -56353.999682] SLOW spr round 2 (radius: 10)
[00:17:14 -56353.820960] SLOW spr round 3 (radius: 5)
[00:17:20 -56353.818787] SLOW spr round 4 (radius: 10)
[00:17:28 -56353.799004] SLOW spr round 5 (radius: 15)
[00:17:33 -56353.797148] SLOW spr round 6 (radius: 20)
[00:17:37 -56353.516338] SLOW spr round 7 (radius: 5)
[00:17:44 -56353.514663] SLOW spr round 8 (radius: 10)
[00:17:51 -56353.514662] SLOW spr round 9 (radius: 15)
[00:17:56 -56353.514662] SLOW spr round 10 (radius: 20)
[00:18:01 -56353.514662] SLOW spr round 11 (radius: 25)
[00:18:05 -56353.514662] Model parameter optimization (eps = 0.100000)

[00:18:09] ML tree search #13, logLikelihood: -56350.663367

[00:18:09 -181187.893712] Initial branch length optimization
[00:18:09 -59718.324122] Model parameter optimization (eps = 10.000000)
[00:18:13 -56366.972363] AUTODETECT spr round 1 (radius: 5)
[00:18:15 -56365.559209] AUTODETECT spr round 2 (radius: 10)
[00:18:17 -56365.557621] SPR radius for FAST iterations: 5 (autodetect)
[00:18:17 -56365.557621] Model parameter optimization (eps = 3.000000)
[00:18:19 -56354.949932] FAST spr round 1 (radius: 5)
[00:18:22 -56354.866651] Model parameter optimization (eps = 1.000000)
[00:18:23 -56352.791568] SLOW spr round 1 (radius: 5)
[00:18:29 -56352.764011] SLOW spr round 2 (radius: 10)
[00:18:37 -56352.630394] SLOW spr round 3 (radius: 5)
[00:18:43 -56352.610987] SLOW spr round 4 (radius: 10)
[00:18:50 -56352.609139] SLOW spr round 5 (radius: 15)
[00:18:55 -56352.609133] SLOW spr round 6 (radius: 20)
[00:18:58 -56352.609133] SLOW spr round 7 (radius: 25)
[00:19:01 -56352.609133] Model parameter optimization (eps = 0.100000)

[00:19:04] ML tree search #14, logLikelihood: -56350.657566

[00:19:04 -181193.738177] Initial branch length optimization
[00:19:04 -59726.469035] Model parameter optimization (eps = 10.000000)
[00:19:08 -56370.182194] AUTODETECT spr round 1 (radius: 5)
[00:19:10 -56366.543540] AUTODETECT spr round 2 (radius: 10)
[00:19:12 -56366.540604] SPR radius for FAST iterations: 5 (autodetect)
[00:19:12 -56366.540604] Model parameter optimization (eps = 3.000000)
[00:19:14 -56356.088444] FAST spr round 1 (radius: 5)
[00:19:16 -56356.024807] Model parameter optimization (eps = 1.000000)
[00:19:17 -56353.979451] SLOW spr round 1 (radius: 5)
[00:19:22 -56353.939861] SLOW spr round 2 (radius: 10)
[00:19:29 -56353.755946] SLOW spr round 3 (radius: 5)
[00:19:34 -56353.726351] SLOW spr round 4 (radius: 10)
[00:19:41 -56353.724596] SLOW spr round 5 (radius: 15)
[00:19:45 -56353.443156] SLOW spr round 6 (radius: 5)
[00:19:50 -56353.441441] SLOW spr round 7 (radius: 10)
[00:19:56 -56353.441437] SLOW spr round 8 (radius: 15)
[00:20:01 -56353.441437] SLOW spr round 9 (radius: 20)
[00:20:05 -56353.441437] SLOW spr round 10 (radius: 25)
[00:20:09 -56353.441437] Model parameter optimization (eps = 0.100000)

[00:20:13] ML tree search #15, logLikelihood: -56350.656139

[00:20:13 -181193.113643] Initial branch length optimization
[00:20:13 -59728.431086] Model parameter optimization (eps = 10.000000)
[00:20:17 -56376.442145] AUTODETECT spr round 1 (radius: 5)
[00:20:18 -56366.909669] AUTODETECT spr round 2 (radius: 10)
[00:20:20 -56366.711685] AUTODETECT spr round 3 (radius: 15)
[00:20:21 -56366.711685] SPR radius for FAST iterations: 10 (autodetect)
[00:20:21 -56366.711685] Model parameter optimization (eps = 3.000000)
[00:20:23 -56355.071384] FAST spr round 1 (radius: 10)
[00:20:27 -56354.985926] Model parameter optimization (eps = 1.000000)
[00:20:28 -56352.851199] SLOW spr round 1 (radius: 5)
[00:20:33 -56352.824523] SLOW spr round 2 (radius: 10)
[00:20:39 -56352.690231] SLOW spr round 3 (radius: 5)
[00:20:44 -56352.673397] SLOW spr round 4 (radius: 10)
[00:20:49 -56352.671562] SLOW spr round 5 (radius: 15)
[00:20:55 -56352.671560] SLOW spr round 6 (radius: 20)
[00:20:58 -56352.671560] SLOW spr round 7 (radius: 25)
[00:21:00 -56352.671560] Model parameter optimization (eps = 0.100000)

[00:21:04] ML tree search #16, logLikelihood: -56350.666226



Final LogLikelihood: -56350.656139

AIC score: 113247.312278 / AICc score: 113252.493548 / BIC score: 115507.790929
Free parameters (model + branch lengths): 273

Best ML tree saved to: /home/hikoyu/analysis/Genome/SARS-CoV-2/phylogeny/RAxML-NG/DNA/part/sep/SARS-CoV-2_200328.11.raxml.bestTree
All ML trees saved to: /home/hikoyu/analysis/Genome/SARS-CoV-2/phylogeny/RAxML-NG/DNA/part/sep/SARS-CoV-2_200328.11.raxml.mlTrees
Optimized model saved to: /home/hikoyu/analysis/Genome/SARS-CoV-2/phylogeny/RAxML-NG/DNA/part/sep/SARS-CoV-2_200328.11.raxml.bestModel

Execution log saved to: /home/hikoyu/analysis/Genome/SARS-CoV-2/phylogeny/RAxML-NG/DNA/part/sep/SARS-CoV-2_200328.11.raxml.log

Analysis started: 30-Mar-2020 10:37:12 / finished: 30-Mar-2020 10:58:16

Elapsed time: 1264.260 seconds

