
RAxML-NG v. 0.9.0 released on 20.05.2019 by The Exelixis Lab.
Developed by: Alexey M. Kozlov and Alexandros Stamatakis.
Contributors: Diego Darriba, Tomas Flouri, Benoit Morel, Sarah Lutteropp, Ben Bettisworth.
Latest version: https://github.com/amkozlov/raxml-ng
Questions/problems/suggestions? Please visit: https://groups.google.com/forum/#!forum/raxml

RAxML-NG was called at 16-Mar-2020 13:24:33 as follows:

raxml-ng --threads 1 --search --tree rand{8},pars{8} --seed 2234833988 --prefix phylogeny/RAxML-NG/DNA/part/sep/SARS-CoV-2_200314.10 --msa phylogeny/RAxML-NG/DNA/part/sep/SARS-CoV-2_200314.raxml.rba --outgroup MG772933.1

Analysis options:
  run mode: ML tree search
  start tree(s): random (8) + parsimony (8)
  random seed: 2234833988
  tip-inner: OFF
  pattern compression: ON
  per-rate scalers: OFF
  site repeats: ON
  fast spr radius: AUTO
  spr subtree cutoff: 1.000000
  branch lengths: proportional (ML estimate, algorithm: NR-FAST)
  SIMD kernels: AVX2
  parallelization: NONE/sequential

[00:00:00] Loading binary alignment from file: phylogeny/RAxML-NG/DNA/part/sep/SARS-CoV-2_200314.raxml.rba
[00:00:00] Alignment comprises 89 taxa, 33 partitions and 777 patterns

Partition 0: orf1ab_U_p1
Model: TIM3+I+B
Alignment sites / patterns: 4405 / 61
Gaps: 0.10 %
Invariant sites: 95.28 %

Partition 1: orf1ab_U_p2
Model: HKY+FO+I+B
Alignment sites / patterns: 4405 / 70
Gaps: 0.10 %
Invariant sites: 96.73 %

Partition 2: orf1ab_U_p3
Model: TN93+FO+G4m+B
Alignment sites / patterns: 4405 / 89
Gaps: 0.10 %
Invariant sites: 73.92 %

Partition 3: orf1ab_D_p1
Model: TN93+FO+I+B
Alignment sites / patterns: 2696 / 32
Gaps: 0.00 %
Invariant sites: 93.40 %

Partition 4: orf1ab_D_p2
Model: HKY+FO+I+G4m+B
Alignment sites / patterns: 2696 / 30
Gaps: 0.00 %
Invariant sites: 98.15 %

Partition 5: orf1ab_D_p3
Model: TPM3uf+FO+G4m+B
Alignment sites / patterns: 2696 / 56
Gaps: 0.00 %
Invariant sites: 62.54 %

Partition 6: S_p1
Model: TN93+FO+I+B
Alignment sites / patterns: 1274 / 43
Gaps: 0.04 %
Invariant sites: 83.05 %

Partition 7: S_p2
Model: F81+FO+B
Alignment sites / patterns: 1274 / 38
Gaps: 0.04 %
Invariant sites: 90.27 %

Partition 8: S_p3
Model: HKY+FO+I+B
Alignment sites / patterns: 1274 / 69
Gaps: 0.04 %
Invariant sites: 50.24 %

Partition 9: ORF3a_p1
Model: JC+G4m+B
Alignment sites / patterns: 276 / 20
Gaps: 0.00 %
Invariant sites: 90.58 %

Partition 10: ORF3a_p2
Model: JC+I+G4m+B
Alignment sites / patterns: 276 / 14
Gaps: 0.00 %
Invariant sites: 95.65 %

Partition 11: ORF3a_p3
Model: HKY+FO+I+B
Alignment sites / patterns: 276 / 22
Gaps: 0.00 %
Invariant sites: 70.65 %

Partition 12: E_p1
Model: JC+B
Alignment sites / patterns: 76 / 6
Gaps: 0.00 %
Invariant sites: 97.37 %

Partition 13: E_p2
Model: JC+B
Alignment sites / patterns: 76 / 5
Gaps: 0.00 %
Invariant sites: 98.68 %

Partition 14: E_p3
Model: JC+B
Alignment sites / patterns: 76 / 6
Gaps: 0.00 %
Invariant sites: 97.37 %

Partition 15: M_p1
Model: TN93ef+B
Alignment sites / patterns: 223 / 9
Gaps: 0.01 %
Invariant sites: 95.52 %

Partition 16: M_p2
Model: JC+I+B
Alignment sites / patterns: 223 / 7
Gaps: 0.01 %
Invariant sites: 99.10 %

Partition 17: M_p3
Model: K80+I+B
Alignment sites / patterns: 223 / 28
Gaps: 0.01 %
Invariant sites: 78.03 %

Partition 18: ORF6_p1
Model: JC+B
Alignment sites / patterns: 62 / 6
Gaps: 0.00 %
Invariant sites: 95.16 %

Partition 19: ORF6_p2
Model: JC+B
Alignment sites / patterns: 62 / 6
Gaps: 0.00 %
Invariant sites: 96.77 %

Partition 20: ORF6_p3
Model: JC+B
Alignment sites / patterns: 62 / 9
Gaps: 0.00 %
Invariant sites: 88.71 %

Partition 21: ORF7a_p1
Model: K80+B
Alignment sites / patterns: 122 / 11
Gaps: 0.00 %
Invariant sites: 90.98 %

Partition 22: ORF7a_p2
Model: K80+B
Alignment sites / patterns: 122 / 10
Gaps: 0.00 %
Invariant sites: 92.62 %

Partition 23: ORF7a_p3
Model: HKY+FO+I+B
Alignment sites / patterns: 122 / 16
Gaps: 0.00 %
Invariant sites: 78.69 %

Partition 24: ORF8_p1
Model: JC+I+B
Alignment sites / patterns: 122 / 12
Gaps: 0.00 %
Invariant sites: 93.44 %

Partition 25: ORF8_p2
Model: K80+I+G4m+B
Alignment sites / patterns: 122 / 9
Gaps: 0.00 %
Invariant sites: 95.90 %

Partition 26: ORF8_p3
Model: HKY+FO+B
Alignment sites / patterns: 122 / 16
Gaps: 0.00 %
Invariant sites: 69.67 %

Partition 27: N_p1
Model: K80+I+B
Alignment sites / patterns: 420 / 16
Gaps: 0.00 %
Invariant sites: 95.00 %

Partition 28: N_p2
Model: F81+FO+B
Alignment sites / patterns: 420 / 15
Gaps: 0.00 %
Invariant sites: 96.19 %

Partition 29: N_p3
Model: HKY+FO+G4m+B
Alignment sites / patterns: 420 / 31
Gaps: 0.00 %
Invariant sites: 76.43 %

Partition 30: ORF10_p1
Model: JC+B
Alignment sites / patterns: 39 / 6
Gaps: 0.00 %
Invariant sites: 94.87 %

Partition 31: ORF10_p2
Model: JC+B
Alignment sites / patterns: 39 / 4
Gaps: 0.00 %
Invariant sites: 100.00 %

Partition 32: ORF10_p3
Model: JC+B
Alignment sites / patterns: 39 / 5
Gaps: 0.00 %
Invariant sites: 97.44 %


[00:00:00] Generating 8 random starting tree(s) with 89 taxa
[00:00:00] Generating 8 parsimony starting tree(s) with 89 taxa
[00:00:00] Data distribution: max. partitions/sites/weight per thread: 33 / 777 / 6096

Starting ML tree search with 16 distinct starting trees

[00:00:00 -196348.808229] Initial branch length optimization
[00:00:00 -60786.088965] Model parameter optimization (eps = 10.000000)
[00:00:10 -56943.863110] AUTODETECT spr round 1 (radius: 5)
[00:00:11 -56671.175685] AUTODETECT spr round 2 (radius: 10)
[00:00:14 -56463.262099] AUTODETECT spr round 3 (radius: 15)
[00:00:17 -56375.893133] AUTODETECT spr round 4 (radius: 20)
[00:00:19 -56360.681162] AUTODETECT spr round 5 (radius: 25)
[00:00:21 -56360.672642] SPR radius for FAST iterations: 20 (autodetect)
[00:00:21 -56360.672642] Model parameter optimization (eps = 3.000000)
[00:00:23 -56350.323914] FAST spr round 1 (radius: 20)
[00:00:31 -56246.573253] FAST spr round 2 (radius: 20)
[00:00:38 -56228.850664] FAST spr round 3 (radius: 20)
[00:00:43 -56228.848343] Model parameter optimization (eps = 1.000000)
[00:00:48 -56211.072084] SLOW spr round 1 (radius: 5)
[00:00:54 -56211.062603] SLOW spr round 2 (radius: 10)
[00:01:01 -56211.062530] SLOW spr round 3 (radius: 15)
[00:01:07 -56211.062084] SLOW spr round 4 (radius: 20)
[00:01:12 -56211.062083] SLOW spr round 5 (radius: 25)
[00:01:17 -56211.062083] Model parameter optimization (eps = 0.100000)

[00:01:22] ML tree search #1, logLikelihood: -56209.106948

[00:01:22 -196361.877936] Initial branch length optimization
[00:01:22 -60808.662020] Model parameter optimization (eps = 10.000000)
[00:01:32 -56947.942353] AUTODETECT spr round 1 (radius: 5)
[00:01:34 -56730.952192] AUTODETECT spr round 2 (radius: 10)
[00:01:36 -56441.778260] AUTODETECT spr round 3 (radius: 15)
[00:01:39 -56326.109477] AUTODETECT spr round 4 (radius: 20)
[00:01:41 -56292.035162] AUTODETECT spr round 5 (radius: 25)
[00:01:43 -56292.035077] SPR radius for FAST iterations: 20 (autodetect)
[00:01:43 -56292.035077] Model parameter optimization (eps = 3.000000)
[00:01:46 -56276.964745] FAST spr round 1 (radius: 20)
[00:01:55 -56222.902749] FAST spr round 2 (radius: 20)
[00:02:01 -56222.896567] Model parameter optimization (eps = 1.000000)
[00:02:06 -56210.555198] SLOW spr round 1 (radius: 5)
[00:02:13 -56210.545474] SLOW spr round 2 (radius: 10)
[00:02:20 -56210.545410] SLOW spr round 3 (radius: 15)
[00:02:26 -56210.545406] SLOW spr round 4 (radius: 20)
[00:02:31 -56210.545406] SLOW spr round 5 (radius: 25)
[00:02:37 -56210.545406] Model parameter optimization (eps = 0.100000)

[00:02:41] ML tree search #2, logLikelihood: -56209.103143

[00:02:41 -196343.779861] Initial branch length optimization
[00:02:41 -60767.678572] Model parameter optimization (eps = 10.000000)
[00:02:52 -56925.045692] AUTODETECT spr round 1 (radius: 5)
[00:02:54 -56700.981031] AUTODETECT spr round 2 (radius: 10)
[00:02:57 -56351.264425] AUTODETECT spr round 3 (radius: 15)
[00:03:01 -56276.899690] AUTODETECT spr round 4 (radius: 20)
[00:03:03 -56262.100617] AUTODETECT spr round 5 (radius: 25)
[00:03:06 -56262.100359] SPR radius for FAST iterations: 20 (autodetect)
[00:03:06 -56262.100359] Model parameter optimization (eps = 3.000000)
[00:03:09 -56241.890841] FAST spr round 1 (radius: 20)
[00:03:17 -56222.039269] FAST spr round 2 (radius: 20)
[00:03:23 -56222.027477] Model parameter optimization (eps = 1.000000)
[00:03:31 -56207.796567] SLOW spr round 1 (radius: 5)
[00:03:37 -56207.794034] SLOW spr round 2 (radius: 10)
[00:03:44 -56207.793958] SLOW spr round 3 (radius: 15)
[00:03:51 -56207.793953] SLOW spr round 4 (radius: 20)
[00:03:57 -56207.793953] SLOW spr round 5 (radius: 25)
[00:04:02 -56207.793953] Model parameter optimization (eps = 0.100000)

[00:04:04] ML tree search #3, logLikelihood: -56207.568666

[00:04:04 -196339.426986] Initial branch length optimization
[00:04:05 -60755.701222] Model parameter optimization (eps = 10.000000)
[00:04:14 -56919.150311] AUTODETECT spr round 1 (radius: 5)
[00:04:16 -56683.608864] AUTODETECT spr round 2 (radius: 10)
[00:04:19 -56449.602350] AUTODETECT spr round 3 (radius: 15)
[00:04:22 -56371.330924] AUTODETECT spr round 4 (radius: 20)
[00:04:25 -56370.905482] AUTODETECT spr round 5 (radius: 25)
[00:04:26 -56370.859079] SPR radius for FAST iterations: 20 (autodetect)
[00:04:26 -56370.859079] Model parameter optimization (eps = 3.000000)
[00:04:29 -56362.264236] FAST spr round 1 (radius: 20)
[00:04:37 -56229.633753] FAST spr round 2 (radius: 20)
[00:04:44 -56229.600293] Model parameter optimization (eps = 1.000000)
[00:04:52 -56209.667453] SLOW spr round 1 (radius: 5)
[00:04:59 -56209.657548] SLOW spr round 2 (radius: 10)
[00:05:08 -56209.657488] SLOW spr round 3 (radius: 15)
[00:05:14 -56209.657484] SLOW spr round 4 (radius: 20)
[00:05:19 -56209.657484] SLOW spr round 5 (radius: 25)
[00:05:24 -56209.657484] Model parameter optimization (eps = 0.100000)

[00:05:27] ML tree search #4, logLikelihood: -56209.131447

[00:05:27 -196341.108423] Initial branch length optimization
[00:05:27 -60763.357235] Model parameter optimization (eps = 10.000000)
[00:05:36 -56931.798098] AUTODETECT spr round 1 (radius: 5)
[00:05:38 -56720.775221] AUTODETECT spr round 2 (radius: 10)
[00:05:41 -56546.554210] AUTODETECT spr round 3 (radius: 15)
[00:05:44 -56417.905295] AUTODETECT spr round 4 (radius: 20)
[00:05:47 -56401.179132] AUTODETECT spr round 5 (radius: 25)
[00:05:49 -56379.588152] SPR radius for FAST iterations: 25 (autodetect)
[00:05:49 -56379.588152] Model parameter optimization (eps = 3.000000)
[00:05:51 -56370.149502] FAST spr round 1 (radius: 25)
[00:06:00 -56235.749397] FAST spr round 2 (radius: 25)
[00:06:08 -56228.846670] FAST spr round 3 (radius: 25)
[00:06:14 -56228.845154] Model parameter optimization (eps = 1.000000)
[00:06:21 -56209.874441] SLOW spr round 1 (radius: 5)
[00:06:28 -56209.868671] SLOW spr round 2 (radius: 10)
[00:06:36 -56209.865437] SLOW spr round 3 (radius: 15)
[00:06:45 -56209.862753] SLOW spr round 4 (radius: 20)
[00:06:51 -56209.862727] SLOW spr round 5 (radius: 25)
[00:06:56 -56209.862726] Model parameter optimization (eps = 0.100000)

[00:06:59] ML tree search #5, logLikelihood: -56209.095418

[00:06:59 -196304.856458] Initial branch length optimization
[00:07:00 -60714.986383] Model parameter optimization (eps = 10.000000)
[00:07:09 -56884.539013] AUTODETECT spr round 1 (radius: 5)
[00:07:11 -56564.326139] AUTODETECT spr round 2 (radius: 10)
[00:07:15 -56413.065149] AUTODETECT spr round 3 (radius: 15)
[00:07:18 -56413.044697] SPR radius for FAST iterations: 10 (autodetect)
[00:07:18 -56413.044697] Model parameter optimization (eps = 3.000000)
[00:07:20 -56407.765983] FAST spr round 1 (radius: 10)
[00:07:26 -56288.764718] FAST spr round 2 (radius: 10)
[00:07:31 -56288.721137] Model parameter optimization (eps = 1.000000)
[00:07:33 -56286.919653] SLOW spr round 1 (radius: 5)
[00:07:42 -56286.910632] SLOW spr round 2 (radius: 10)
[00:07:49 -56286.910632] SLOW spr round 3 (radius: 15)
[00:07:56 -56286.910632] SLOW spr round 4 (radius: 20)
[00:08:00 -56228.591220] SLOW spr round 5 (radius: 5)
[00:08:08 -56228.583731] SLOW spr round 6 (radius: 10)
[00:08:16 -56228.583490] SLOW spr round 7 (radius: 15)
[00:08:23 -56228.583464] SLOW spr round 8 (radius: 20)
[00:08:28 -56228.583461] SLOW spr round 9 (radius: 25)
[00:08:33 -56228.583461] Model parameter optimization (eps = 0.100000)

[00:08:44] ML tree search #6, logLikelihood: -56209.130679

[00:08:44 -196349.776509] Initial branch length optimization
[00:08:44 -60761.753100] Model parameter optimization (eps = 10.000000)
[00:08:53 -56926.229481] AUTODETECT spr round 1 (radius: 5)
[00:08:56 -56633.025899] AUTODETECT spr round 2 (radius: 10)
[00:08:59 -56493.880282] AUTODETECT spr round 3 (radius: 15)
[00:09:03 -56354.177014] AUTODETECT spr round 4 (radius: 20)
[00:09:06 -56334.118354] AUTODETECT spr round 5 (radius: 25)
[00:09:08 -56333.436087] SPR radius for FAST iterations: 25 (autodetect)
[00:09:08 -56333.436087] Model parameter optimization (eps = 3.000000)
[00:09:10 -56318.273040] FAST spr round 1 (radius: 25)
[00:09:20 -56216.863998] FAST spr round 2 (radius: 25)
[00:09:27 -56216.832026] Model parameter optimization (eps = 1.000000)
[00:09:30 -56212.875294] SLOW spr round 1 (radius: 5)
[00:09:38 -56212.872584] SLOW spr round 2 (radius: 10)
[00:09:47 -56212.872563] SLOW spr round 3 (radius: 15)
[00:09:54 -56212.872562] SLOW spr round 4 (radius: 20)
[00:09:59 -56212.872562] SLOW spr round 5 (radius: 25)
[00:10:04 -56212.872562] Model parameter optimization (eps = 0.100000)

[00:10:11] ML tree search #7, logLikelihood: -56208.562362

[00:10:11 -196349.029557] Initial branch length optimization
[00:10:11 -60784.009582] Model parameter optimization (eps = 10.000000)
[00:10:20 -56945.096476] AUTODETECT spr round 1 (radius: 5)
[00:10:23 -56690.541740] AUTODETECT spr round 2 (radius: 10)
[00:10:26 -56510.827059] AUTODETECT spr round 3 (radius: 15)
[00:10:30 -56356.136086] AUTODETECT spr round 4 (radius: 20)
[00:10:33 -56353.471265] AUTODETECT spr round 5 (radius: 25)
[00:10:35 -56293.568321] SPR radius for FAST iterations: 25 (autodetect)
[00:10:35 -56293.568321] Model parameter optimization (eps = 3.000000)
[00:10:38 -56281.685467] FAST spr round 1 (radius: 25)
[00:10:48 -56223.513276] FAST spr round 2 (radius: 25)
[00:10:56 -56223.506885] Model parameter optimization (eps = 1.000000)
[00:11:02 -56210.268634] SLOW spr round 1 (radius: 5)
[00:11:09 -56210.258537] SLOW spr round 2 (radius: 10)
[00:11:19 -56210.258503] SLOW spr round 3 (radius: 15)
[00:11:26 -56210.258501] SLOW spr round 4 (radius: 20)
[00:11:30 -56210.258501] SLOW spr round 5 (radius: 25)
[00:11:33 -56210.258501] Model parameter optimization (eps = 0.100000)

[00:11:37] ML tree search #8, logLikelihood: -56209.076309

[00:11:37 -193706.423185] Initial branch length optimization
[00:11:38 -59466.484440] Model parameter optimization (eps = 10.000000)
[00:11:43 -56224.766009] AUTODETECT spr round 1 (radius: 5)
[00:11:45 -56224.605854] AUTODETECT spr round 2 (radius: 10)
[00:11:48 -56224.605150] SPR radius for FAST iterations: 5 (autodetect)
[00:11:48 -56224.605150] Model parameter optimization (eps = 3.000000)
[00:11:51 -56217.673292] FAST spr round 1 (radius: 5)
[00:11:54 -56217.606389] Model parameter optimization (eps = 1.000000)
[00:11:58 -56213.406595] SLOW spr round 1 (radius: 5)
[00:12:05 -56213.353371] SLOW spr round 2 (radius: 10)
[00:12:13 -56213.348343] SLOW spr round 3 (radius: 15)
[00:12:20 -56213.348343] SLOW spr round 4 (radius: 20)
[00:12:24 -56213.348343] SLOW spr round 5 (radius: 25)
[00:12:30 -56213.348343] Model parameter optimization (eps = 0.100000)

[00:12:44] ML tree search #9, logLikelihood: -56207.540603

[00:12:44 -193705.704536] Initial branch length optimization
[00:12:45 -59466.683250] Model parameter optimization (eps = 10.000000)
[00:12:50 -56224.673660] AUTODETECT spr round 1 (radius: 5)
[00:12:52 -56224.508599] AUTODETECT spr round 2 (radius: 10)
[00:12:56 -56224.508548] SPR radius for FAST iterations: 5 (autodetect)
[00:12:56 -56224.508548] Model parameter optimization (eps = 3.000000)
[00:12:58 -56217.598677] FAST spr round 1 (radius: 5)
[00:13:02 -56217.535686] Model parameter optimization (eps = 1.000000)
[00:13:06 -56213.328539] SLOW spr round 1 (radius: 5)
[00:13:12 -56213.266679] SLOW spr round 2 (radius: 10)
[00:13:19 -56213.265654] SLOW spr round 3 (radius: 15)
[00:13:24 -56213.265654] SLOW spr round 4 (radius: 20)
[00:13:30 -56213.265654] SLOW spr round 5 (radius: 25)
[00:13:34 -56213.265654] Model parameter optimization (eps = 0.100000)

[00:13:46] ML tree search #10, logLikelihood: -56207.533285

[00:13:46 -193711.147476] Initial branch length optimization
[00:13:47 -59468.821798] Model parameter optimization (eps = 10.000000)
[00:13:52 -56224.769659] AUTODETECT spr round 1 (radius: 5)
[00:13:54 -56224.590135] AUTODETECT spr round 2 (radius: 10)
[00:13:57 -56224.200935] AUTODETECT spr round 3 (radius: 15)
[00:14:00 -56224.200584] SPR radius for FAST iterations: 10 (autodetect)
[00:14:00 -56224.200584] Model parameter optimization (eps = 3.000000)
[00:14:02 -56217.438701] FAST spr round 1 (radius: 10)
[00:14:08 -56217.379304] Model parameter optimization (eps = 1.000000)
[00:14:11 -56213.268573] SLOW spr round 1 (radius: 5)
[00:14:17 -56213.205860] SLOW spr round 2 (radius: 10)
[00:14:25 -56213.205859] SLOW spr round 3 (radius: 15)
[00:14:31 -56213.205858] SLOW spr round 4 (radius: 20)
[00:14:36 -56213.205858] SLOW spr round 5 (radius: 25)
[00:14:41 -56213.205858] Model parameter optimization (eps = 0.100000)

[00:14:52] ML tree search #11, logLikelihood: -56207.522741

[00:14:52 -193711.128254] Initial branch length optimization
[00:14:53 -59468.822327] Model parameter optimization (eps = 10.000000)
[00:14:58 -56224.768229] AUTODETECT spr round 1 (radius: 5)
[00:15:00 -56224.199086] AUTODETECT spr round 2 (radius: 10)
[00:15:04 -56224.198741] SPR radius for FAST iterations: 5 (autodetect)
[00:15:04 -56224.198741] Model parameter optimization (eps = 3.000000)
[00:15:06 -56217.432014] FAST spr round 1 (radius: 5)
[00:15:09 -56217.371118] Model parameter optimization (eps = 1.000000)
[00:15:13 -56213.261755] SLOW spr round 1 (radius: 5)
[00:15:20 -56213.204428] SLOW spr round 2 (radius: 10)
[00:15:29 -56213.201983] SLOW spr round 3 (radius: 15)
[00:15:35 -56213.201983] SLOW spr round 4 (radius: 20)
[00:15:40 -56213.201983] SLOW spr round 5 (radius: 25)
[00:15:44 -56213.201983] Model parameter optimization (eps = 0.100000)

[00:15:56] ML tree search #12, logLikelihood: -56207.522555

[00:15:56 -193704.964928] Initial branch length optimization
[00:15:57 -59469.729082] Model parameter optimization (eps = 10.000000)
[00:16:01 -56227.569736] AUTODETECT spr round 1 (radius: 5)
[00:16:03 -56227.439525] AUTODETECT spr round 2 (radius: 10)
[00:16:07 -56227.438413] SPR radius for FAST iterations: 5 (autodetect)
[00:16:07 -56227.438413] Model parameter optimization (eps = 3.000000)
[00:16:09 -56220.504027] FAST spr round 1 (radius: 5)
[00:16:12 -56220.441725] Model parameter optimization (eps = 1.000000)
[00:16:16 -56216.229133] SLOW spr round 1 (radius: 5)
[00:16:22 -56216.169526] SLOW spr round 2 (radius: 10)
[00:16:29 -56216.168541] SLOW spr round 3 (radius: 15)
[00:16:35 -56216.168541] SLOW spr round 4 (radius: 20)
[00:16:40 -56216.168541] SLOW spr round 5 (radius: 25)
[00:16:43 -56216.168541] Model parameter optimization (eps = 0.100000)

[00:16:56] ML tree search #13, logLikelihood: -56210.431414

[00:16:56 -193706.346990] Initial branch length optimization
[00:16:56 -59466.682298] Model parameter optimization (eps = 10.000000)
[00:17:01 -56224.759794] AUTODETECT spr round 1 (radius: 5)
[00:17:03 -56224.600019] AUTODETECT spr round 2 (radius: 10)
[00:17:06 -56224.599239] SPR radius for FAST iterations: 5 (autodetect)
[00:17:06 -56224.599239] Model parameter optimization (eps = 3.000000)
[00:17:08 -56217.665517] FAST spr round 1 (radius: 5)
[00:17:11 -56217.601595] Model parameter optimization (eps = 1.000000)
[00:17:15 -56213.406393] SLOW spr round 1 (radius: 5)
[00:17:21 -56213.349540] SLOW spr round 2 (radius: 10)
[00:17:29 -56213.346182] SLOW spr round 3 (radius: 15)
[00:17:36 -56213.346182] SLOW spr round 4 (radius: 20)
[00:17:41 -56213.346182] SLOW spr round 5 (radius: 25)
[00:17:44 -56213.346182] Model parameter optimization (eps = 0.100000)

[00:17:55] ML tree search #14, logLikelihood: -56207.539753

[00:17:55 -193711.116578] Initial branch length optimization
[00:17:55 -59468.823792] Model parameter optimization (eps = 10.000000)
[00:18:00 -56224.773536] AUTODETECT spr round 1 (radius: 5)
[00:18:02 -56224.595717] AUTODETECT spr round 2 (radius: 10)
[00:18:04 -56224.205904] AUTODETECT spr round 3 (radius: 15)
[00:18:07 -56224.205549] SPR radius for FAST iterations: 10 (autodetect)
[00:18:07 -56224.205549] Model parameter optimization (eps = 3.000000)
[00:18:09 -56217.437493] FAST spr round 1 (radius: 10)
[00:18:14 -56217.374982] Model parameter optimization (eps = 1.000000)
[00:18:17 -56213.266279] SLOW spr round 1 (radius: 5)
[00:18:23 -56213.207882] SLOW spr round 2 (radius: 10)
[00:18:31 -56213.204476] SLOW spr round 3 (radius: 15)
[00:18:38 -56213.204476] SLOW spr round 4 (radius: 20)
[00:18:42 -56213.204476] SLOW spr round 5 (radius: 25)
[00:18:45 -56213.204476] Model parameter optimization (eps = 0.100000)

[00:18:56] ML tree search #15, logLikelihood: -56207.521739

[00:18:56 -193711.657785] Initial branch length optimization
[00:18:57 -59477.952281] Model parameter optimization (eps = 10.000000)
[00:19:01 -56233.987927] AUTODETECT spr round 1 (radius: 5)
[00:19:03 -56224.385082] AUTODETECT spr round 2 (radius: 10)
[00:19:06 -56224.384979] SPR radius for FAST iterations: 5 (autodetect)
[00:19:06 -56224.384979] Model parameter optimization (eps = 3.000000)
[00:19:08 -56217.559312] FAST spr round 1 (radius: 5)
[00:19:11 -56217.494582] Model parameter optimization (eps = 1.000000)
[00:19:14 -56213.353251] SLOW spr round 1 (radius: 5)
[00:19:20 -56213.297670] SLOW spr round 2 (radius: 10)
[00:19:29 -56213.296239] SLOW spr round 3 (radius: 15)
[00:19:35 -56213.296236] SLOW spr round 4 (radius: 20)
[00:19:39 -56213.296235] SLOW spr round 5 (radius: 25)
[00:19:43 -56213.296235] Model parameter optimization (eps = 0.100000)

[00:19:55] ML tree search #16, logLikelihood: -56207.532433



Final LogLikelihood: -56207.521739

AIC score: 112999.043477 / AICc score: 113004.974158 / BIC score: 115416.814763
Free parameters (model + branch lengths): 292

Best ML tree saved to: /home/hikoyu/analysis/Genome/SARS-CoV-2/phylogeny/RAxML-NG/DNA/part/sep/SARS-CoV-2_200314.10.raxml.bestTree
All ML trees saved to: /home/hikoyu/analysis/Genome/SARS-CoV-2/phylogeny/RAxML-NG/DNA/part/sep/SARS-CoV-2_200314.10.raxml.mlTrees
Optimized model saved to: /home/hikoyu/analysis/Genome/SARS-CoV-2/phylogeny/RAxML-NG/DNA/part/sep/SARS-CoV-2_200314.10.raxml.bestModel

Execution log saved to: /home/hikoyu/analysis/Genome/SARS-CoV-2/phylogeny/RAxML-NG/DNA/part/sep/SARS-CoV-2_200314.10.raxml.log

Analysis started: 16-Mar-2020 13:24:33 / finished: 16-Mar-2020 13:44:28

Elapsed time: 1195.183 seconds

