
RAxML-NG v. 0.9.0 released on 20.05.2019 by The Exelixis Lab.
Developed by: Alexey M. Kozlov and Alexandros Stamatakis.
Contributors: Diego Darriba, Tomas Flouri, Benoit Morel, Sarah Lutteropp, Ben Bettisworth.
Latest version: https://github.com/amkozlov/raxml-ng
Questions/problems/suggestions? Please visit: https://groups.google.com/forum/#!forum/raxml

RAxML-NG was called at 11-Mar-2020 10:18:56 as follows:

raxml-ng --threads 1 --bootstrap --bs-trees 83 --seed 2357474302 --prefix phylogeny/RAxML-NG/DNA/part/sep/SARS-CoV-2_200311.10 --msa phylogeny/RAxML-NG/DNA/part/sep/SARS-CoV-2_200311.raxml.rba --outgroup MG772933.1

Analysis options:
  run mode: Bootstrapping
  start tree(s): 
  bootstrap replicates: 83
  random seed: 2357474302
  tip-inner: OFF
  pattern compression: ON
  per-rate scalers: OFF
  site repeats: ON
  branch lengths: proportional (ML estimate, algorithm: NR-FAST)
  SIMD kernels: AVX2
  parallelization: NONE/sequential

[00:00:00] Loading binary alignment from file: phylogeny/RAxML-NG/DNA/part/sep/SARS-CoV-2_200311.raxml.rba
[00:00:00] Alignment comprises 64 taxa, 33 partitions and 747 patterns

Partition 0: orf1ab_U_p1
Model: TIM3+I+B
Alignment sites / patterns: 4405 / 56
Gaps: 0.10 %
Invariant sites: 95.35 %

Partition 1: orf1ab_U_p2
Model: HKY+FO+I+B
Alignment sites / patterns: 4405 / 63
Gaps: 0.10 %
Invariant sites: 96.84 %

Partition 2: orf1ab_U_p3
Model: TN93+FO+G4m+B
Alignment sites / patterns: 4405 / 79
Gaps: 0.10 %
Invariant sites: 74.05 %

Partition 3: orf1ab_D_p1
Model: TN93+FO+I+B
Alignment sites / patterns: 2696 / 31
Gaps: 0.00 %
Invariant sites: 93.43 %

Partition 4: orf1ab_D_p2
Model: HKY+FO+I+B
Alignment sites / patterns: 2696 / 30
Gaps: 0.00 %
Invariant sites: 98.15 %

Partition 5: orf1ab_D_p3
Model: TPM3uf+FO+G4m+B
Alignment sites / patterns: 2696 / 56
Gaps: 0.00 %
Invariant sites: 62.54 %

Partition 6: S_p1
Model: TN93+FO+I+B
Alignment sites / patterns: 1274 / 42
Gaps: 0.05 %
Invariant sites: 83.12 %

Partition 7: S_p2
Model: F81+FO+B
Alignment sites / patterns: 1274 / 38
Gaps: 0.05 %
Invariant sites: 90.27 %

Partition 8: S_p3
Model: HKY+FO+I+B
Alignment sites / patterns: 1274 / 67
Gaps: 0.05 %
Invariant sites: 50.31 %

Partition 9: ORF3a_p1
Model: JC+I+B
Alignment sites / patterns: 276 / 20
Gaps: 0.00 %
Invariant sites: 90.58 %

Partition 10: ORF3a_p2
Model: JC+I+B
Alignment sites / patterns: 276 / 14
Gaps: 0.00 %
Invariant sites: 95.65 %

Partition 11: ORF3a_p3
Model: HKY+FO+I+B
Alignment sites / patterns: 276 / 22
Gaps: 0.00 %
Invariant sites: 70.65 %

Partition 12: E_p1
Model: JC+B
Alignment sites / patterns: 76 / 5
Gaps: 0.00 %
Invariant sites: 98.68 %

Partition 13: E_p2
Model: JC+B
Alignment sites / patterns: 76 / 5
Gaps: 0.00 %
Invariant sites: 98.68 %

Partition 14: E_p3
Model: JC+B
Alignment sites / patterns: 76 / 6
Gaps: 0.00 %
Invariant sites: 97.37 %

Partition 15: M_p1
Model: TN93ef+B
Alignment sites / patterns: 223 / 9
Gaps: 0.01 %
Invariant sites: 95.52 %

Partition 16: M_p2
Model: JC+I+B
Alignment sites / patterns: 223 / 7
Gaps: 0.01 %
Invariant sites: 99.10 %

Partition 17: M_p3
Model: K80+I+B
Alignment sites / patterns: 223 / 28
Gaps: 0.01 %
Invariant sites: 78.03 %

Partition 18: ORF6_p1
Model: JC+B
Alignment sites / patterns: 62 / 6
Gaps: 0.00 %
Invariant sites: 95.16 %

Partition 19: ORF6_p2
Model: JC+B
Alignment sites / patterns: 62 / 6
Gaps: 0.00 %
Invariant sites: 96.77 %

Partition 20: ORF6_p3
Model: JC+B
Alignment sites / patterns: 62 / 9
Gaps: 0.00 %
Invariant sites: 88.71 %

Partition 21: ORF7a_p1
Model: K80+B
Alignment sites / patterns: 122 / 11
Gaps: 0.00 %
Invariant sites: 90.98 %

Partition 22: ORF7a_p2
Model: K80+B
Alignment sites / patterns: 122 / 10
Gaps: 0.00 %
Invariant sites: 92.62 %

Partition 23: ORF7a_p3
Model: HKY+FO+I+B
Alignment sites / patterns: 122 / 16
Gaps: 0.00 %
Invariant sites: 78.69 %

Partition 24: ORF8_p1
Model: JC+I+B
Alignment sites / patterns: 122 / 12
Gaps: 0.00 %
Invariant sites: 93.44 %

Partition 25: ORF8_p2
Model: K80+I+G4m+B
Alignment sites / patterns: 122 / 9
Gaps: 0.00 %
Invariant sites: 95.90 %

Partition 26: ORF8_p3
Model: HKY+FO+B
Alignment sites / patterns: 122 / 16
Gaps: 0.00 %
Invariant sites: 69.67 %

Partition 27: N_p1
Model: JC+I+B
Alignment sites / patterns: 420 / 15
Gaps: 0.00 %
Invariant sites: 95.24 %

Partition 28: N_p2
Model: F81+FO+B
Alignment sites / patterns: 420 / 15
Gaps: 0.00 %
Invariant sites: 96.19 %

Partition 29: N_p3
Model: HKY+FO+I+B
Alignment sites / patterns: 420 / 29
Gaps: 0.00 %
Invariant sites: 76.67 %

Partition 30: ORF10_p1
Model: JC+B
Alignment sites / patterns: 39 / 6
Gaps: 0.00 %
Invariant sites: 94.87 %

Partition 31: ORF10_p2
Model: JC+B
Alignment sites / patterns: 39 / 4
Gaps: 0.00 %
Invariant sites: 100.00 %

Partition 32: ORF10_p3
Model: JC+B
Alignment sites / patterns: 39 / 5
Gaps: 0.00 %
Invariant sites: 97.44 %


[00:00:00] Data distribution: max. partitions/sites/weight per thread: 33 / 747 / 4716
[00:00:00] Starting bootstrapping analysis with 83 replicates.

[00:00:31] Bootstrap tree #1, logLikelihood: -55743.007652
[00:01:06] Bootstrap tree #2, logLikelihood: -55598.009600
[00:01:56] Bootstrap tree #3, logLikelihood: -55807.631832
[00:02:35] Bootstrap tree #4, logLikelihood: -55627.032038
[00:03:19] Bootstrap tree #5, logLikelihood: -55707.332809
[00:04:00] Bootstrap tree #6, logLikelihood: -55437.092984
[00:04:41] Bootstrap tree #7, logLikelihood: -55666.987761
[00:05:22] Bootstrap tree #8, logLikelihood: -55722.092373
[00:06:01] Bootstrap tree #9, logLikelihood: -55296.133697
[00:06:39] Bootstrap tree #10, logLikelihood: -55656.881015
[00:07:20] Bootstrap tree #11, logLikelihood: -55844.618302
[00:07:56] Bootstrap tree #12, logLikelihood: -55494.901846
[00:08:36] Bootstrap tree #13, logLikelihood: -55910.324946
[00:09:38] Bootstrap tree #14, logLikelihood: -55559.646737
[00:10:21] Bootstrap tree #15, logLikelihood: -55315.643021
[00:11:01] Bootstrap tree #16, logLikelihood: -55700.436288
[00:11:45] Bootstrap tree #17, logLikelihood: -56022.941451
[00:12:25] Bootstrap tree #18, logLikelihood: -55832.988987
[00:13:15] Bootstrap tree #19, logLikelihood: -55589.421380
[00:13:51] Bootstrap tree #20, logLikelihood: -55431.473957
[00:14:27] Bootstrap tree #21, logLikelihood: -55801.636511
[00:15:12] Bootstrap tree #22, logLikelihood: -55404.514883
[00:15:49] Bootstrap tree #23, logLikelihood: -56083.205292
[00:16:28] Bootstrap tree #24, logLikelihood: -55781.297717
[00:17:10] Bootstrap tree #25, logLikelihood: -56129.377183
[00:17:56] Bootstrap tree #26, logLikelihood: -55814.316354
[00:18:35] Bootstrap tree #27, logLikelihood: -55723.746568
[00:19:10] Bootstrap tree #28, logLikelihood: -55447.576169
[00:19:48] Bootstrap tree #29, logLikelihood: -55974.001285
[00:20:22] Bootstrap tree #30, logLikelihood: -55425.639630
[00:21:00] Bootstrap tree #31, logLikelihood: -55445.512598
[00:21:47] Bootstrap tree #32, logLikelihood: -55953.589280
[00:22:37] Bootstrap tree #33, logLikelihood: -55646.527429
[00:23:17] Bootstrap tree #34, logLikelihood: -56122.732350
[00:24:14] Bootstrap tree #35, logLikelihood: -55875.736794
[00:25:03] Bootstrap tree #36, logLikelihood: -55805.885552
[00:25:42] Bootstrap tree #37, logLikelihood: -56194.121874
[00:26:29] Bootstrap tree #38, logLikelihood: -55889.854951
[00:27:07] Bootstrap tree #39, logLikelihood: -55818.862712
[00:27:51] Bootstrap tree #40, logLikelihood: -56024.836777
[00:28:30] Bootstrap tree #41, logLikelihood: -55641.295839
[00:29:07] Bootstrap tree #42, logLikelihood: -55533.319622
[00:29:52] Bootstrap tree #43, logLikelihood: -55628.719320
[00:30:45] Bootstrap tree #44, logLikelihood: -55605.231643
[00:31:30] Bootstrap tree #45, logLikelihood: -55667.785493
[00:32:23] Bootstrap tree #46, logLikelihood: -56200.569162
[00:33:03] Bootstrap tree #47, logLikelihood: -55772.928497
[00:33:46] Bootstrap tree #48, logLikelihood: -56069.789745
[00:34:26] Bootstrap tree #49, logLikelihood: -55811.814684
[00:35:12] Bootstrap tree #50, logLikelihood: -55713.524669
[00:35:53] Bootstrap tree #51, logLikelihood: -55908.885354
[00:36:45] Bootstrap tree #52, logLikelihood: -55568.363362
[00:37:22] Bootstrap tree #53, logLikelihood: -55823.141369
[00:38:08] Bootstrap tree #54, logLikelihood: -55829.728367
[00:38:48] Bootstrap tree #55, logLikelihood: -55646.849336
[00:39:43] Bootstrap tree #56, logLikelihood: -55677.103386
[00:40:28] Bootstrap tree #57, logLikelihood: -55525.348726
[00:41:14] Bootstrap tree #58, logLikelihood: -55847.112367
[00:41:54] Bootstrap tree #59, logLikelihood: -55911.319758
[00:42:39] Bootstrap tree #60, logLikelihood: -55609.788417
[00:43:20] Bootstrap tree #61, logLikelihood: -55724.184686
[00:44:04] Bootstrap tree #62, logLikelihood: -56164.122637
[00:44:44] Bootstrap tree #63, logLikelihood: -55891.022865
[00:45:24] Bootstrap tree #64, logLikelihood: -55551.355575
[00:46:03] Bootstrap tree #65, logLikelihood: -55709.925896
[00:46:49] Bootstrap tree #66, logLikelihood: -55447.731017
[00:47:57] Bootstrap tree #67, logLikelihood: -55744.875007
[00:48:40] Bootstrap tree #68, logLikelihood: -55567.099016
[00:49:20] Bootstrap tree #69, logLikelihood: -55958.185385
[00:50:09] Bootstrap tree #70, logLikelihood: -55628.760768
[00:50:55] Bootstrap tree #71, logLikelihood: -55731.615518
[00:51:34] Bootstrap tree #72, logLikelihood: -55943.159630
[00:52:21] Bootstrap tree #73, logLikelihood: -56137.240227
[00:53:02] Bootstrap tree #74, logLikelihood: -55775.444296
[00:53:41] Bootstrap tree #75, logLikelihood: -55789.731766
[00:54:25] Bootstrap tree #76, logLikelihood: -55957.193643
[00:55:01] Bootstrap tree #77, logLikelihood: -55409.815608
[00:55:39] Bootstrap tree #78, logLikelihood: -55894.960442
[00:56:40] Bootstrap tree #79, logLikelihood: -56081.097888
[00:57:19] Bootstrap tree #80, logLikelihood: -55754.327923
[00:57:58] Bootstrap tree #81, logLikelihood: -55502.023079
[00:58:35] Bootstrap tree #82, logLikelihood: -55840.880258
[00:59:09] Bootstrap tree #83, logLikelihood: -55585.532096

Bootstrap trees saved to: /home/hikoyu/analysis/Genome/SARS-CoV-2/phylogeny/RAxML-NG/DNA/part/sep/SARS-CoV-2_200311.10.raxml.bootstraps

Execution log saved to: /home/hikoyu/analysis/Genome/SARS-CoV-2/phylogeny/RAxML-NG/DNA/part/sep/SARS-CoV-2_200311.10.raxml.log

Analysis started: 11-Mar-2020 10:18:56 / finished: 11-Mar-2020 11:18:05

Elapsed time: 3549.563 seconds

