
RAxML-NG v. 0.9.0 released on 20.05.2019 by The Exelixis Lab.
Developed by: Alexey M. Kozlov and Alexandros Stamatakis.
Contributors: Diego Darriba, Tomas Flouri, Benoit Morel, Sarah Lutteropp, Ben Bettisworth.
Latest version: https://github.com/amkozlov/raxml-ng
Questions/problems/suggestions? Please visit: https://groups.google.com/forum/#!forum/raxml

RAxML-NG was called at 22-Mar-2020 03:57:25 as follows:

raxml-ng --threads 1 --search --tree rand{8},pars{8} --seed 3499821583 --prefix phylogeny/RAxML-NG/DNA/part/sep/SARS-CoV-2_200320.10 --msa phylogeny/RAxML-NG/DNA/part/sep/SARS-CoV-2_200320.raxml.rba --outgroup MG772933.1

Analysis options:
  run mode: ML tree search
  start tree(s): random (8) + parsimony (8)
  random seed: 3499821583
  tip-inner: OFF
  pattern compression: ON
  per-rate scalers: OFF
  site repeats: ON
  fast spr radius: AUTO
  spr subtree cutoff: 1.000000
  branch lengths: proportional (ML estimate, algorithm: NR-FAST)
  SIMD kernels: AVX2
  parallelization: NONE/sequential

[00:00:00] Loading binary alignment from file: phylogeny/RAxML-NG/DNA/part/sep/SARS-CoV-2_200320.raxml.rba
[00:00:00] Alignment comprises 78 taxa, 33 partitions and 772 patterns

Partition 0: orf1ab_U_p1
Model: TIM3+I+B
Alignment sites / patterns: 4405 / 60
Gaps: 0.10 %
Invariant sites: 95.28 %

Partition 1: orf1ab_U_p2
Model: HKY+FO+I+B
Alignment sites / patterns: 4405 / 64
Gaps: 0.10 %
Invariant sites: 96.82 %

Partition 2: orf1ab_U_p3
Model: TN93+FO+G4m+B
Alignment sites / patterns: 4405 / 85
Gaps: 0.10 %
Invariant sites: 73.94 %

Partition 3: orf1ab_D_p1
Model: TN93+FO+I+B
Alignment sites / patterns: 2697 / 35
Gaps: 0.04 %
Invariant sites: 93.33 %

Partition 4: orf1ab_D_p2
Model: HKY+FO+I+G4m+B
Alignment sites / patterns: 2697 / 33
Gaps: 0.04 %
Invariant sites: 98.07 %

Partition 5: orf1ab_D_p3
Model: TPM3uf+FO+G4m+B
Alignment sites / patterns: 2697 / 59
Gaps: 0.04 %
Invariant sites: 62.51 %

Partition 6: S_p1
Model: TN93+FO+I+B
Alignment sites / patterns: 1274 / 43
Gaps: 0.04 %
Invariant sites: 83.05 %

Partition 7: S_p2
Model: F81+FO+B
Alignment sites / patterns: 1274 / 39
Gaps: 0.04 %
Invariant sites: 90.19 %

Partition 8: S_p3
Model: HKY+FO+I+B
Alignment sites / patterns: 1274 / 69
Gaps: 0.04 %
Invariant sites: 50.24 %

Partition 9: ORF3a_p1
Model: JC+G4m+B
Alignment sites / patterns: 276 / 20
Gaps: 0.00 %
Invariant sites: 90.58 %

Partition 10: ORF3a_p2
Model: JC+I+G4m+B
Alignment sites / patterns: 276 / 14
Gaps: 0.00 %
Invariant sites: 95.65 %

Partition 11: ORF3a_p3
Model: HKY+FO+I+B
Alignment sites / patterns: 276 / 22
Gaps: 0.00 %
Invariant sites: 70.65 %

Partition 12: E_p1
Model: JC+B
Alignment sites / patterns: 76 / 5
Gaps: 0.00 %
Invariant sites: 98.68 %

Partition 13: E_p2
Model: JC+B
Alignment sites / patterns: 76 / 5
Gaps: 0.00 %
Invariant sites: 98.68 %

Partition 14: E_p3
Model: JC+B
Alignment sites / patterns: 76 / 6
Gaps: 0.00 %
Invariant sites: 97.37 %

Partition 15: M_p1
Model: TN93ef+B
Alignment sites / patterns: 223 / 9
Gaps: 0.01 %
Invariant sites: 95.52 %

Partition 16: M_p2
Model: JC+I+B
Alignment sites / patterns: 223 / 7
Gaps: 0.01 %
Invariant sites: 99.10 %

Partition 17: M_p3
Model: K80+I+B
Alignment sites / patterns: 223 / 28
Gaps: 0.01 %
Invariant sites: 78.03 %

Partition 18: ORF6_p1
Model: JC+B
Alignment sites / patterns: 62 / 6
Gaps: 0.00 %
Invariant sites: 95.16 %

Partition 19: ORF6_p2
Model: JC+B
Alignment sites / patterns: 62 / 6
Gaps: 0.00 %
Invariant sites: 96.77 %

Partition 20: ORF6_p3
Model: JC+B
Alignment sites / patterns: 62 / 9
Gaps: 0.00 %
Invariant sites: 88.71 %

Partition 21: ORF7a_p1
Model: K80+B
Alignment sites / patterns: 122 / 11
Gaps: 0.00 %
Invariant sites: 90.98 %

Partition 22: ORF7a_p2
Model: K80+B
Alignment sites / patterns: 122 / 10
Gaps: 0.00 %
Invariant sites: 92.62 %

Partition 23: ORF7a_p3
Model: HKY+FO+I+B
Alignment sites / patterns: 122 / 16
Gaps: 0.00 %
Invariant sites: 78.69 %

Partition 24: ORF8_p1
Model: JC+I+B
Alignment sites / patterns: 122 / 12
Gaps: 0.00 %
Invariant sites: 93.44 %

Partition 25: ORF8_p2
Model: K80+I+G4m+B
Alignment sites / patterns: 122 / 9
Gaps: 0.00 %
Invariant sites: 95.90 %

Partition 26: ORF8_p3
Model: HKY+FO+B
Alignment sites / patterns: 122 / 16
Gaps: 0.00 %
Invariant sites: 69.67 %

Partition 27: N_p1
Model: K80+I+B
Alignment sites / patterns: 420 / 15
Gaps: 0.00 %
Invariant sites: 95.24 %

Partition 28: N_p2
Model: F81+FO+B
Alignment sites / patterns: 420 / 15
Gaps: 0.00 %
Invariant sites: 96.19 %

Partition 29: N_p3
Model: HKY+FO+G4m+B
Alignment sites / patterns: 420 / 29
Gaps: 0.00 %
Invariant sites: 76.67 %

Partition 30: ORF10_p1
Model: JC+B
Alignment sites / patterns: 39 / 6
Gaps: 0.00 %
Invariant sites: 94.87 %

Partition 31: ORF10_p2
Model: JC+B
Alignment sites / patterns: 39 / 4
Gaps: 0.00 %
Invariant sites: 100.00 %

Partition 32: ORF10_p3
Model: JC+B
Alignment sites / patterns: 39 / 5
Gaps: 0.00 %
Invariant sites: 97.44 %


[00:00:00] Generating 8 random starting tree(s) with 78 taxa
[00:00:00] Generating 8 parsimony starting tree(s) with 78 taxa
[00:00:00] Data distribution: max. partitions/sites/weight per thread: 33 / 772 / 6076

Starting ML tree search with 16 distinct starting trees

[00:00:00 -182340.296833] Initial branch length optimization
[00:00:00 -60735.648681] Model parameter optimization (eps = 10.000000)
[00:00:08 -56865.239550] AUTODETECT spr round 1 (radius: 5)
[00:00:09 -56635.518080] AUTODETECT spr round 2 (radius: 10)
[00:00:11 -56328.209250] AUTODETECT spr round 3 (radius: 15)
[00:00:14 -56314.143870] AUTODETECT spr round 4 (radius: 20)
[00:00:16 -56314.139071] SPR radius for FAST iterations: 15 (autodetect)
[00:00:16 -56314.139071] Model parameter optimization (eps = 3.000000)
[00:00:18 -56303.617947] FAST spr round 1 (radius: 15)
[00:00:24 -56169.488557] FAST spr round 2 (radius: 15)
[00:00:29 -56169.465682] Model parameter optimization (eps = 1.000000)
[00:00:32 -56160.106642] SLOW spr round 1 (radius: 5)
[00:00:38 -56160.104912] SLOW spr round 2 (radius: 10)
[00:00:46 -56160.104910] SLOW spr round 3 (radius: 15)
[00:00:52 -56160.104910] SLOW spr round 4 (radius: 20)
[00:00:56 -56160.104910] SLOW spr round 5 (radius: 25)
[00:00:59 -56160.104910] Model parameter optimization (eps = 0.100000)

[00:01:02] ML tree search #1, logLikelihood: -56158.690423

[00:01:02 -182312.907274] Initial branch length optimization
[00:01:02 -60728.930699] Model parameter optimization (eps = 10.000000)
[00:01:10 -56869.329906] AUTODETECT spr round 1 (radius: 5)
[00:01:11 -56540.517668] AUTODETECT spr round 2 (radius: 10)
[00:01:14 -56311.991104] AUTODETECT spr round 3 (radius: 15)
[00:01:16 -56279.327173] AUTODETECT spr round 4 (radius: 20)
[00:01:18 -56279.322483] SPR radius for FAST iterations: 15 (autodetect)
[00:01:18 -56279.322483] Model parameter optimization (eps = 3.000000)
[00:01:20 -56268.713254] FAST spr round 1 (radius: 15)
[00:01:26 -56168.967349] FAST spr round 2 (radius: 15)
[00:01:31 -56168.952826] Model parameter optimization (eps = 1.000000)
[00:01:34 -56160.047486] SLOW spr round 1 (radius: 5)
[00:01:40 -56160.030314] SLOW spr round 2 (radius: 10)
[00:01:47 -56160.030310] SLOW spr round 3 (radius: 15)
[00:01:52 -56160.030309] SLOW spr round 4 (radius: 20)
[00:01:57 -56160.030309] SLOW spr round 5 (radius: 25)
[00:02:00 -56160.030309] Model parameter optimization (eps = 0.100000)

[00:02:04] ML tree search #2, logLikelihood: -56158.699082

[00:02:04 -182324.251589] Initial branch length optimization
[00:02:04 -60747.454351] Model parameter optimization (eps = 10.000000)
[00:02:12 -56877.681734] AUTODETECT spr round 1 (radius: 5)
[00:02:13 -56625.761641] AUTODETECT spr round 2 (radius: 10)
[00:02:16 -56426.342099] AUTODETECT spr round 3 (radius: 15)
[00:02:18 -56334.428716] AUTODETECT spr round 4 (radius: 20)
[00:02:20 -56334.402894] SPR radius for FAST iterations: 15 (autodetect)
[00:02:20 -56334.402894] Model parameter optimization (eps = 3.000000)
[00:02:23 -56323.614664] FAST spr round 1 (radius: 15)
[00:02:29 -56169.165472] FAST spr round 2 (radius: 15)
[00:02:35 -56169.134791] Model parameter optimization (eps = 1.000000)
[00:02:39 -56160.012178] SLOW spr round 1 (radius: 5)
[00:02:46 -56160.010461] SLOW spr round 2 (radius: 10)
[00:02:54 -56160.010458] SLOW spr round 3 (radius: 15)
[00:03:00 -56160.010458] SLOW spr round 4 (radius: 20)
[00:03:04 -56160.010458] SLOW spr round 5 (radius: 25)
[00:03:07 -56160.010458] Model parameter optimization (eps = 0.100000)

[00:03:10] ML tree search #3, logLikelihood: -56158.643948

[00:03:10 -182347.270629] Initial branch length optimization
[00:03:11 -60785.132509] Model parameter optimization (eps = 10.000000)
[00:03:18 -56890.287987] AUTODETECT spr round 1 (radius: 5)
[00:03:20 -56569.352504] AUTODETECT spr round 2 (radius: 10)
[00:03:22 -56394.883007] AUTODETECT spr round 3 (radius: 15)
[00:03:25 -56266.563733] AUTODETECT spr round 4 (radius: 20)
[00:03:27 -56266.521198] SPR radius for FAST iterations: 15 (autodetect)
[00:03:27 -56266.521198] Model parameter optimization (eps = 3.000000)
[00:03:30 -56251.909282] FAST spr round 1 (radius: 15)
[00:03:36 -56163.710029] FAST spr round 2 (radius: 15)
[00:03:40 -56163.695974] Model parameter optimization (eps = 1.000000)
[00:03:41 -56162.771625] SLOW spr round 1 (radius: 5)
[00:03:47 -56162.769064] SLOW spr round 2 (radius: 10)
[00:03:53 -56162.769064] SLOW spr round 3 (radius: 15)
[00:03:59 -56162.769064] SLOW spr round 4 (radius: 20)
[00:04:04 -56162.769064] SLOW spr round 5 (radius: 25)
[00:04:08 -56162.769064] Model parameter optimization (eps = 0.100000)

[00:04:13] ML tree search #4, logLikelihood: -56158.688429

[00:04:13 -182335.503086] Initial branch length optimization
[00:04:13 -60759.119517] Model parameter optimization (eps = 10.000000)
[00:04:20 -56874.824661] AUTODETECT spr round 1 (radius: 5)
[00:04:22 -56579.882926] AUTODETECT spr round 2 (radius: 10)
[00:04:25 -56244.691397] AUTODETECT spr round 3 (radius: 15)
[00:04:28 -56221.734643] AUTODETECT spr round 4 (radius: 20)
[00:04:30 -56221.294552] AUTODETECT spr round 5 (radius: 25)
[00:04:31 -56221.294253] SPR radius for FAST iterations: 20 (autodetect)
[00:04:31 -56221.294253] Model parameter optimization (eps = 3.000000)
[00:04:34 -56205.222490] FAST spr round 1 (radius: 20)
[00:04:41 -56161.248073] FAST spr round 2 (radius: 20)
[00:04:47 -56161.242497] Model parameter optimization (eps = 1.000000)
[00:04:48 -56159.427051] SLOW spr round 1 (radius: 5)
[00:04:54 -56159.424793] SLOW spr round 2 (radius: 10)
[00:05:01 -56159.424792] SLOW spr round 3 (radius: 15)
[00:05:08 -56159.424792] SLOW spr round 4 (radius: 20)
[00:05:12 -56159.424792] SLOW spr round 5 (radius: 25)
[00:05:15 -56159.424792] Model parameter optimization (eps = 0.100000)

[00:05:19] ML tree search #5, logLikelihood: -56158.705508

[00:05:19 -182354.194023] Initial branch length optimization
[00:05:19 -60802.392070] Model parameter optimization (eps = 10.000000)
[00:05:26 -56900.927797] AUTODETECT spr round 1 (radius: 5)
[00:05:28 -56592.853879] AUTODETECT spr round 2 (radius: 10)
[00:05:30 -56415.096895] AUTODETECT spr round 3 (radius: 15)
[00:05:34 -56409.958205] AUTODETECT spr round 4 (radius: 20)
[00:05:36 -56373.446960] AUTODETECT spr round 5 (radius: 25)
[00:05:38 -56311.778105] SPR radius for FAST iterations: 25 (autodetect)
[00:05:38 -56311.778105] Model parameter optimization (eps = 3.000000)
[00:05:40 -56297.962189] FAST spr round 1 (radius: 25)
[00:05:48 -56163.917191] FAST spr round 2 (radius: 25)
[00:05:54 -56163.892167] Model parameter optimization (eps = 1.000000)
[00:05:55 -56162.185289] SLOW spr round 1 (radius: 5)
[00:06:02 -56162.183073] SLOW spr round 2 (radius: 10)
[00:06:12 -56162.182720] SLOW spr round 3 (radius: 15)
[00:06:17 -56162.182720] SLOW spr round 4 (radius: 20)
[00:06:21 -56162.182720] SLOW spr round 5 (radius: 25)
[00:06:23 -56162.182720] Model parameter optimization (eps = 0.100000)

[00:06:28] ML tree search #6, logLikelihood: -56158.617828

[00:06:28 -182341.760595] Initial branch length optimization
[00:06:28 -60769.134853] Model parameter optimization (eps = 10.000000)
[00:06:35 -56880.269419] AUTODETECT spr round 1 (radius: 5)
[00:06:37 -56561.031602] AUTODETECT spr round 2 (radius: 10)
[00:06:39 -56366.995622] AUTODETECT spr round 3 (radius: 15)
[00:06:42 -56329.374156] AUTODETECT spr round 4 (radius: 20)
[00:06:44 -56321.201862] AUTODETECT spr round 5 (radius: 25)
[00:06:46 -56321.201723] SPR radius for FAST iterations: 20 (autodetect)
[00:06:46 -56321.201723] Model parameter optimization (eps = 3.000000)
[00:06:48 -56310.899555] FAST spr round 1 (radius: 20)
[00:06:55 -56169.511128] FAST spr round 2 (radius: 20)
[00:07:01 -56169.471023] Model parameter optimization (eps = 1.000000)
[00:07:04 -56160.132215] SLOW spr round 1 (radius: 5)
[00:07:11 -56160.130226] SLOW spr round 2 (radius: 10)
[00:07:19 -56160.130222] SLOW spr round 3 (radius: 15)
[00:07:24 -56160.130222] SLOW spr round 4 (radius: 20)
[00:07:29 -56160.130222] SLOW spr round 5 (radius: 25)
[00:07:33 -56160.130222] Model parameter optimization (eps = 0.100000)

[00:07:36] ML tree search #7, logLikelihood: -56158.694707

[00:07:36 -182330.503226] Initial branch length optimization
[00:07:37 -60740.883572] Model parameter optimization (eps = 10.000000)
[00:07:44 -56871.907748] AUTODETECT spr round 1 (radius: 5)
[00:07:46 -56591.778681] AUTODETECT spr round 2 (radius: 10)
[00:07:48 -56440.819605] AUTODETECT spr round 3 (radius: 15)
[00:07:51 -56303.852105] AUTODETECT spr round 4 (radius: 20)
[00:07:54 -56241.232401] AUTODETECT spr round 5 (radius: 25)
[00:07:55 -56241.221212] SPR radius for FAST iterations: 20 (autodetect)
[00:07:55 -56241.221212] Model parameter optimization (eps = 3.000000)
[00:07:57 -56226.931277] FAST spr round 1 (radius: 20)
[00:08:05 -56163.488538] FAST spr round 2 (radius: 20)
[00:08:11 -56163.475356] Model parameter optimization (eps = 1.000000)
[00:08:12 -56162.771372] SLOW spr round 1 (radius: 5)
[00:08:19 -56162.760994] SLOW spr round 2 (radius: 10)
[00:08:26 -56162.760993] SLOW spr round 3 (radius: 15)
[00:08:33 -56162.760753] SLOW spr round 4 (radius: 20)
[00:08:38 -56162.760753] SLOW spr round 5 (radius: 25)
[00:08:42 -56162.760753] Model parameter optimization (eps = 0.100000)

[00:08:55] ML tree search #8, logLikelihood: -56151.118844

[00:08:55 -179701.694621] Initial branch length optimization
[00:08:55 -59413.708413] Model parameter optimization (eps = 10.000000)
[00:09:00 -56167.610568] AUTODETECT spr round 1 (radius: 5)
[00:09:02 -56167.466264] AUTODETECT spr round 2 (radius: 10)
[00:09:04 -56167.465331] SPR radius for FAST iterations: 5 (autodetect)
[00:09:05 -56167.465331] Model parameter optimization (eps = 3.000000)
[00:09:06 -56159.880151] FAST spr round 1 (radius: 5)
[00:09:09 -56159.816191] Model parameter optimization (eps = 1.000000)
[00:09:13 -56154.318654] SLOW spr round 1 (radius: 5)
[00:09:19 -56154.255355] SLOW spr round 2 (radius: 10)
[00:09:25 -56154.239121] SLOW spr round 3 (radius: 15)
[00:09:30 -56154.239120] SLOW spr round 4 (radius: 20)
[00:09:34 -56154.239120] SLOW spr round 5 (radius: 25)
[00:09:37 -56154.239120] Model parameter optimization (eps = 0.100000)

[00:09:48] ML tree search #9, logLikelihood: -56149.625669

[00:09:48 -179701.131467] Initial branch length optimization
[00:09:48 -59413.712510] Model parameter optimization (eps = 10.000000)
[00:09:53 -56167.609730] AUTODETECT spr round 1 (radius: 5)
[00:09:55 -56167.460721] AUTODETECT spr round 2 (radius: 10)
[00:09:57 -56167.458410] SPR radius for FAST iterations: 5 (autodetect)
[00:09:57 -56167.458410] Model parameter optimization (eps = 3.000000)
[00:09:59 -56159.872864] FAST spr round 1 (radius: 5)
[00:10:02 -56159.810438] Model parameter optimization (eps = 1.000000)
[00:10:07 -56154.295647] SLOW spr round 1 (radius: 5)
[00:10:13 -56154.235431] SLOW spr round 2 (radius: 10)
[00:10:22 -56154.232430] SLOW spr round 3 (radius: 15)
[00:10:28 -56154.232429] SLOW spr round 4 (radius: 20)
[00:10:33 -56154.232429] SLOW spr round 5 (radius: 25)
[00:10:37 -56154.232429] Model parameter optimization (eps = 0.100000)

[00:10:47] ML tree search #10, logLikelihood: -56149.658960

[00:10:47 -179705.441695] Initial branch length optimization
[00:10:47 -59417.662723] Model parameter optimization (eps = 10.000000)
[00:10:53 -56168.675044] AUTODETECT spr round 1 (radius: 5)
[00:10:55 -56168.072276] AUTODETECT spr round 2 (radius: 10)
[00:10:58 -56168.071941] SPR radius for FAST iterations: 5 (autodetect)
[00:10:58 -56168.071941] Model parameter optimization (eps = 3.000000)
[00:11:00 -56160.625406] FAST spr round 1 (radius: 5)
[00:11:04 -56160.567166] Model parameter optimization (eps = 1.000000)
[00:11:08 -56155.167428] SLOW spr round 1 (radius: 5)
[00:11:14 -56155.083609] SLOW spr round 2 (radius: 10)
[00:11:21 -56155.083608] SLOW spr round 3 (radius: 15)
[00:11:26 -56155.083608] SLOW spr round 4 (radius: 20)
[00:11:30 -56155.083608] SLOW spr round 5 (radius: 25)
[00:11:34 -56155.083608] Model parameter optimization (eps = 0.100000)

[00:11:44] ML tree search #11, logLikelihood: -56150.615900

[00:11:44 -179711.093850] Initial branch length optimization
[00:11:45 -59432.185511] Model parameter optimization (eps = 10.000000)
[00:11:50 -56177.248055] AUTODETECT spr round 1 (radius: 5)
[00:11:52 -56176.348450] AUTODETECT spr round 2 (radius: 10)
[00:11:55 -56167.956233] AUTODETECT spr round 3 (radius: 15)
[00:11:57 -56167.956232] SPR radius for FAST iterations: 10 (autodetect)
[00:11:57 -56167.956232] Model parameter optimization (eps = 3.000000)
[00:12:00 -56157.701989] FAST spr round 1 (radius: 10)
[00:12:05 -56156.699177] FAST spr round 2 (radius: 10)
[00:12:09 -56156.533153] FAST spr round 3 (radius: 10)
[00:12:12 -56156.527791] Model parameter optimization (eps = 1.000000)
[00:12:15 -56152.957458] SLOW spr round 1 (radius: 5)
[00:12:21 -56152.916784] SLOW spr round 2 (radius: 10)
[00:12:28 -56152.913244] SLOW spr round 3 (radius: 15)
[00:12:35 -56152.913235] SLOW spr round 4 (radius: 20)
[00:12:39 -56152.913235] SLOW spr round 5 (radius: 25)
[00:12:42 -56152.913235] Model parameter optimization (eps = 0.100000)

[00:12:49] ML tree search #12, logLikelihood: -56150.731257

[00:12:49 -179701.703720] Initial branch length optimization
[00:12:49 -59413.881368] Model parameter optimization (eps = 10.000000)
[00:12:54 -56167.607059] AUTODETECT spr round 1 (radius: 5)
[00:12:56 -56167.465236] AUTODETECT spr round 2 (radius: 10)
[00:12:58 -56167.464162] SPR radius for FAST iterations: 5 (autodetect)
[00:12:58 -56167.464162] Model parameter optimization (eps = 3.000000)
[00:13:00 -56159.867443] FAST spr round 1 (radius: 5)
[00:13:03 -56159.802355] Model parameter optimization (eps = 1.000000)
[00:13:07 -56154.292741] SLOW spr round 1 (radius: 5)
[00:13:13 -56154.226638] SLOW spr round 2 (radius: 10)
[00:13:21 -56154.210548] SLOW spr round 3 (radius: 15)
[00:13:25 -56154.210547] SLOW spr round 4 (radius: 20)
[00:13:30 -56154.210547] SLOW spr round 5 (radius: 25)
[00:13:32 -56154.210547] Model parameter optimization (eps = 0.100000)

[00:13:43] ML tree search #13, logLikelihood: -56149.636821

[00:13:43 -179701.773373] Initial branch length optimization
[00:13:44 -59413.709695] Model parameter optimization (eps = 10.000000)
[00:13:49 -56167.607190] AUTODETECT spr round 1 (radius: 5)
[00:13:51 -56167.448767] AUTODETECT spr round 2 (radius: 10)
[00:13:54 -56167.447789] SPR radius for FAST iterations: 5 (autodetect)
[00:13:54 -56167.447789] Model parameter optimization (eps = 3.000000)
[00:13:56 -56159.860111] FAST spr round 1 (radius: 5)
[00:13:59 -56159.798159] Model parameter optimization (eps = 1.000000)
[00:14:04 -56154.278858] SLOW spr round 1 (radius: 5)
[00:14:10 -56154.214054] SLOW spr round 2 (radius: 10)
[00:14:17 -56154.211656] SLOW spr round 3 (radius: 15)
[00:14:22 -56154.211655] SLOW spr round 4 (radius: 20)
[00:14:27 -56154.211655] SLOW spr round 5 (radius: 25)
[00:14:32 -56154.211655] Model parameter optimization (eps = 0.100000)

[00:14:43] ML tree search #14, logLikelihood: -56149.641723

[00:14:43 -179705.477491] Initial branch length optimization
[00:14:44 -59417.663710] Model parameter optimization (eps = 10.000000)
[00:14:48 -56168.679058] AUTODETECT spr round 1 (radius: 5)
[00:14:50 -56168.518577] AUTODETECT spr round 2 (radius: 10)
[00:14:53 -56168.059551] AUTODETECT spr round 3 (radius: 15)
[00:14:56 -56168.059202] SPR radius for FAST iterations: 10 (autodetect)
[00:14:56 -56168.059202] Model parameter optimization (eps = 3.000000)
[00:14:58 -56160.606478] FAST spr round 1 (radius: 10)
[00:15:03 -56160.546945] Model parameter optimization (eps = 1.000000)
[00:15:07 -56155.134154] SLOW spr round 1 (radius: 5)
[00:15:14 -56155.071088] SLOW spr round 2 (radius: 10)
[00:15:22 -56155.070393] SLOW spr round 3 (radius: 15)
[00:15:28 -56155.070393] SLOW spr round 4 (radius: 20)
[00:15:32 -56155.070393] SLOW spr round 5 (radius: 25)
[00:15:36 -56155.070393] Model parameter optimization (eps = 0.100000)

[00:15:46] ML tree search #15, logLikelihood: -56150.612319

[00:15:46 -179711.094995] Initial branch length optimization
[00:15:46 -59441.248652] Model parameter optimization (eps = 10.000000)
[00:15:51 -56186.457729] AUTODETECT spr round 1 (radius: 5)
[00:15:52 -56185.275068] AUTODETECT spr round 2 (radius: 10)
[00:15:54 -56175.106776] AUTODETECT spr round 3 (radius: 15)
[00:15:57 -56166.706077] AUTODETECT spr round 4 (radius: 20)
[00:15:58 -56166.706077] SPR radius for FAST iterations: 15 (autodetect)
[00:15:58 -56166.706077] Model parameter optimization (eps = 3.000000)
[00:16:01 -56156.645057] FAST spr round 1 (radius: 15)
[00:16:07 -56156.577264] Model parameter optimization (eps = 1.000000)
[00:16:09 -56153.004936] SLOW spr round 1 (radius: 5)
[00:16:15 -56152.953932] SLOW spr round 2 (radius: 10)
[00:16:23 -56152.951990] SLOW spr round 3 (radius: 15)
[00:16:29 -56152.951982] SLOW spr round 4 (radius: 20)
[00:16:32 -56152.951982] SLOW spr round 5 (radius: 25)
[00:16:35 -56152.951982] Model parameter optimization (eps = 0.100000)

[00:16:41] ML tree search #16, logLikelihood: -56150.645753



Final LogLikelihood: -56149.625669

AIC score: 112839.251338 / AICc score: 112844.319039 / BIC score: 115074.889565
Free parameters (model + branch lengths): 270

Best ML tree saved to: /home/hikoyu/analysis/Genome/SARS-CoV-2/phylogeny/RAxML-NG/DNA/part/sep/SARS-CoV-2_200320.10.raxml.bestTree
All ML trees saved to: /home/hikoyu/analysis/Genome/SARS-CoV-2/phylogeny/RAxML-NG/DNA/part/sep/SARS-CoV-2_200320.10.raxml.mlTrees
Optimized model saved to: /home/hikoyu/analysis/Genome/SARS-CoV-2/phylogeny/RAxML-NG/DNA/part/sep/SARS-CoV-2_200320.10.raxml.bestModel

Execution log saved to: /home/hikoyu/analysis/Genome/SARS-CoV-2/phylogeny/RAxML-NG/DNA/part/sep/SARS-CoV-2_200320.10.raxml.log

Analysis started: 22-Mar-2020 03:57:25 / finished: 22-Mar-2020 04:14:07

Elapsed time: 1001.464 seconds

