
RAxML-NG v. 0.9.0 released on 20.05.2019 by The Exelixis Lab.
Developed by: Alexey M. Kozlov and Alexandros Stamatakis.
Contributors: Diego Darriba, Tomas Flouri, Benoit Morel, Sarah Lutteropp, Ben Bettisworth.
Latest version: https://github.com/amkozlov/raxml-ng
Questions/problems/suggestions? Please visit: https://groups.google.com/forum/#!forum/raxml

RAxML-NG was called at 11-Mar-2020 08:09:12 as follows:

raxml-ng --threads 1 --search --tree rand{8},pars{8} --seed 597939252 --prefix phylogeny/RAxML-NG/DNA/part/sep/SARS-CoV-2_200311.11 --msa phylogeny/RAxML-NG/DNA/part/sep/SARS-CoV-2_200311.raxml.rba --outgroup MG772933.1

Analysis options:
  run mode: ML tree search
  start tree(s): random (8) + parsimony (8)
  random seed: 597939252
  tip-inner: OFF
  pattern compression: ON
  per-rate scalers: OFF
  site repeats: ON
  fast spr radius: AUTO
  spr subtree cutoff: 1.000000
  branch lengths: proportional (ML estimate, algorithm: NR-FAST)
  SIMD kernels: AVX2
  parallelization: NONE/sequential

[00:00:00] Loading binary alignment from file: phylogeny/RAxML-NG/DNA/part/sep/SARS-CoV-2_200311.raxml.rba
[00:00:00] Alignment comprises 64 taxa, 33 partitions and 747 patterns

Partition 0: orf1ab_U_p1
Model: TIM3+I+B
Alignment sites / patterns: 4405 / 56
Gaps: 0.10 %
Invariant sites: 95.35 %

Partition 1: orf1ab_U_p2
Model: HKY+FO+I+B
Alignment sites / patterns: 4405 / 63
Gaps: 0.10 %
Invariant sites: 96.84 %

Partition 2: orf1ab_U_p3
Model: TN93+FO+G4m+B
Alignment sites / patterns: 4405 / 79
Gaps: 0.10 %
Invariant sites: 74.05 %

Partition 3: orf1ab_D_p1
Model: TN93+FO+I+B
Alignment sites / patterns: 2696 / 31
Gaps: 0.00 %
Invariant sites: 93.43 %

Partition 4: orf1ab_D_p2
Model: HKY+FO+I+B
Alignment sites / patterns: 2696 / 30
Gaps: 0.00 %
Invariant sites: 98.15 %

Partition 5: orf1ab_D_p3
Model: TPM3uf+FO+G4m+B
Alignment sites / patterns: 2696 / 56
Gaps: 0.00 %
Invariant sites: 62.54 %

Partition 6: S_p1
Model: TN93+FO+I+B
Alignment sites / patterns: 1274 / 42
Gaps: 0.05 %
Invariant sites: 83.12 %

Partition 7: S_p2
Model: F81+FO+B
Alignment sites / patterns: 1274 / 38
Gaps: 0.05 %
Invariant sites: 90.27 %

Partition 8: S_p3
Model: HKY+FO+I+B
Alignment sites / patterns: 1274 / 67
Gaps: 0.05 %
Invariant sites: 50.31 %

Partition 9: ORF3a_p1
Model: JC+I+B
Alignment sites / patterns: 276 / 20
Gaps: 0.00 %
Invariant sites: 90.58 %

Partition 10: ORF3a_p2
Model: JC+I+B
Alignment sites / patterns: 276 / 14
Gaps: 0.00 %
Invariant sites: 95.65 %

Partition 11: ORF3a_p3
Model: HKY+FO+I+B
Alignment sites / patterns: 276 / 22
Gaps: 0.00 %
Invariant sites: 70.65 %

Partition 12: E_p1
Model: JC+B
Alignment sites / patterns: 76 / 5
Gaps: 0.00 %
Invariant sites: 98.68 %

Partition 13: E_p2
Model: JC+B
Alignment sites / patterns: 76 / 5
Gaps: 0.00 %
Invariant sites: 98.68 %

Partition 14: E_p3
Model: JC+B
Alignment sites / patterns: 76 / 6
Gaps: 0.00 %
Invariant sites: 97.37 %

Partition 15: M_p1
Model: TN93ef+B
Alignment sites / patterns: 223 / 9
Gaps: 0.01 %
Invariant sites: 95.52 %

Partition 16: M_p2
Model: JC+I+B
Alignment sites / patterns: 223 / 7
Gaps: 0.01 %
Invariant sites: 99.10 %

Partition 17: M_p3
Model: K80+I+B
Alignment sites / patterns: 223 / 28
Gaps: 0.01 %
Invariant sites: 78.03 %

Partition 18: ORF6_p1
Model: JC+B
Alignment sites / patterns: 62 / 6
Gaps: 0.00 %
Invariant sites: 95.16 %

Partition 19: ORF6_p2
Model: JC+B
Alignment sites / patterns: 62 / 6
Gaps: 0.00 %
Invariant sites: 96.77 %

Partition 20: ORF6_p3
Model: JC+B
Alignment sites / patterns: 62 / 9
Gaps: 0.00 %
Invariant sites: 88.71 %

Partition 21: ORF7a_p1
Model: K80+B
Alignment sites / patterns: 122 / 11
Gaps: 0.00 %
Invariant sites: 90.98 %

Partition 22: ORF7a_p2
Model: K80+B
Alignment sites / patterns: 122 / 10
Gaps: 0.00 %
Invariant sites: 92.62 %

Partition 23: ORF7a_p3
Model: HKY+FO+I+B
Alignment sites / patterns: 122 / 16
Gaps: 0.00 %
Invariant sites: 78.69 %

Partition 24: ORF8_p1
Model: JC+I+B
Alignment sites / patterns: 122 / 12
Gaps: 0.00 %
Invariant sites: 93.44 %

Partition 25: ORF8_p2
Model: K80+I+G4m+B
Alignment sites / patterns: 122 / 9
Gaps: 0.00 %
Invariant sites: 95.90 %

Partition 26: ORF8_p3
Model: HKY+FO+B
Alignment sites / patterns: 122 / 16
Gaps: 0.00 %
Invariant sites: 69.67 %

Partition 27: N_p1
Model: JC+I+B
Alignment sites / patterns: 420 / 15
Gaps: 0.00 %
Invariant sites: 95.24 %

Partition 28: N_p2
Model: F81+FO+B
Alignment sites / patterns: 420 / 15
Gaps: 0.00 %
Invariant sites: 96.19 %

Partition 29: N_p3
Model: HKY+FO+I+B
Alignment sites / patterns: 420 / 29
Gaps: 0.00 %
Invariant sites: 76.67 %

Partition 30: ORF10_p1
Model: JC+B
Alignment sites / patterns: 39 / 6
Gaps: 0.00 %
Invariant sites: 94.87 %

Partition 31: ORF10_p2
Model: JC+B
Alignment sites / patterns: 39 / 4
Gaps: 0.00 %
Invariant sites: 100.00 %

Partition 32: ORF10_p3
Model: JC+B
Alignment sites / patterns: 39 / 5
Gaps: 0.00 %
Invariant sites: 97.44 %


[00:00:00] Generating 8 random starting tree(s) with 64 taxa
[00:00:00] Generating 8 parsimony starting tree(s) with 64 taxa
[00:00:00] Data distribution: max. partitions/sites/weight per thread: 33 / 747 / 4716

Starting ML tree search with 16 distinct starting trees

[00:00:00 -165659.925773] Initial branch length optimization
[00:00:00 -60115.292991] Model parameter optimization (eps = 10.000000)
[00:00:05 -56382.096877] AUTODETECT spr round 1 (radius: 5)
[00:00:05 -56183.319885] AUTODETECT spr round 2 (radius: 10)
[00:00:07 -56053.942502] AUTODETECT spr round 3 (radius: 15)
[00:00:08 -55957.364125] AUTODETECT spr round 4 (radius: 20)
[00:00:09 -55956.745679] AUTODETECT spr round 5 (radius: 25)
[00:00:09 -55956.741934] SPR radius for FAST iterations: 20 (autodetect)
[00:00:09 -55956.741934] Model parameter optimization (eps = 3.000000)
[00:00:10 -55945.593823] FAST spr round 1 (radius: 20)
[00:00:14 -55900.845914] FAST spr round 2 (radius: 20)
[00:00:17 -55900.829353] Model parameter optimization (eps = 1.000000)
[00:00:18 -55900.196504] SLOW spr round 1 (radius: 5)
[00:00:22 -55900.194434] SLOW spr round 2 (radius: 10)
[00:00:27 -55900.194406] SLOW spr round 3 (radius: 15)
[00:00:31 -55900.194405] SLOW spr round 4 (radius: 20)
[00:00:34 -55900.194404] SLOW spr round 5 (radius: 25)
[00:00:36 -55900.194404] Model parameter optimization (eps = 0.100000)

[00:00:37] ML tree search #1, logLikelihood: -55899.942980

[00:00:37 -163559.162962] Initial branch length optimization
[00:00:37 -59844.854970] Model parameter optimization (eps = 10.000000)
[00:00:42 -56379.787277] AUTODETECT spr round 1 (radius: 5)
[00:00:43 -56176.005800] AUTODETECT spr round 2 (radius: 10)
[00:00:45 -56028.017187] AUTODETECT spr round 3 (radius: 15)
[00:00:46 -56001.857586] AUTODETECT spr round 4 (radius: 20)
[00:00:47 -56001.857584] SPR radius for FAST iterations: 15 (autodetect)
[00:00:47 -56001.857584] Model parameter optimization (eps = 3.000000)
[00:00:50 -55988.764767] FAST spr round 1 (radius: 15)
[00:00:54 -55901.354877] FAST spr round 2 (radius: 15)
[00:00:56 -55901.336106] Model parameter optimization (eps = 1.000000)
[00:00:57 -55900.426255] SLOW spr round 1 (radius: 5)
[00:01:01 -55900.417156] SLOW spr round 2 (radius: 10)
[00:01:07 -55900.416436] SLOW spr round 3 (radius: 15)
[00:01:11 -55900.416434] SLOW spr round 4 (radius: 20)
[00:01:13 -55900.416434] SLOW spr round 5 (radius: 25)
[00:01:14 -55900.416434] Model parameter optimization (eps = 0.100000)

[00:01:18] ML tree search #2, logLikelihood: -55896.548060

[00:01:18 -165673.216189] Initial branch length optimization
[00:01:18 -60149.081323] Model parameter optimization (eps = 10.000000)
[00:01:24 -56414.530612] AUTODETECT spr round 1 (radius: 5)
[00:01:25 -56152.741549] AUTODETECT spr round 2 (radius: 10)
[00:01:26 -56019.916541] AUTODETECT spr round 3 (radius: 15)
[00:01:28 -55948.481303] AUTODETECT spr round 4 (radius: 20)
[00:01:29 -55937.191819] AUTODETECT spr round 5 (radius: 25)
[00:01:29 -55937.191815] SPR radius for FAST iterations: 20 (autodetect)
[00:01:29 -55937.191815] Model parameter optimization (eps = 3.000000)
[00:01:31 -55921.097929] FAST spr round 1 (radius: 20)
[00:01:35 -55909.420029] FAST spr round 2 (radius: 20)
[00:01:39 -55898.829987] FAST spr round 3 (radius: 20)
[00:01:42 -55898.827261] Model parameter optimization (eps = 1.000000)
[00:01:43 -55897.370430] SLOW spr round 1 (radius: 5)
[00:01:47 -55897.366621] SLOW spr round 2 (radius: 10)
[00:01:52 -55897.364825] SLOW spr round 3 (radius: 15)
[00:01:56 -55897.363494] SLOW spr round 4 (radius: 20)
[00:02:00 -55897.362491] SLOW spr round 5 (radius: 25)
[00:02:03 -55897.362482] Model parameter optimization (eps = 0.100000)

[00:02:04] ML tree search #3, logLikelihood: -55897.282939

[00:02:04 -165691.765640] Initial branch length optimization
[00:02:04 -60183.257501] Model parameter optimization (eps = 10.000000)
[00:02:09 -56422.907869] AUTODETECT spr round 1 (radius: 5)
[00:02:10 -56255.964653] AUTODETECT spr round 2 (radius: 10)
[00:02:12 -56035.303969] AUTODETECT spr round 3 (radius: 15)
[00:02:13 -56028.225343] AUTODETECT spr round 4 (radius: 20)
[00:02:14 -56028.224602] SPR radius for FAST iterations: 15 (autodetect)
[00:02:14 -56028.224602] Model parameter optimization (eps = 3.000000)
[00:02:16 -56021.739115] FAST spr round 1 (radius: 15)
[00:02:20 -55908.675459] FAST spr round 2 (radius: 15)
[00:02:24 -55908.667880] Model parameter optimization (eps = 1.000000)
[00:02:26 -55898.301911] SLOW spr round 1 (radius: 5)
[00:02:31 -55898.299668] SLOW spr round 2 (radius: 10)
[00:02:37 -55898.299651] SLOW spr round 3 (radius: 15)
[00:02:42 -55898.299650] SLOW spr round 4 (radius: 20)
[00:02:44 -55898.299649] SLOW spr round 5 (radius: 25)
[00:02:45 -55898.299649] Model parameter optimization (eps = 0.100000)

[00:02:47] ML tree search #4, logLikelihood: -55897.321381

[00:02:47 -165673.873247] Initial branch length optimization
[00:02:47 -60133.219132] Model parameter optimization (eps = 10.000000)
[00:02:52 -56401.324159] AUTODETECT spr round 1 (radius: 5)
[00:02:54 -56255.804134] AUTODETECT spr round 2 (radius: 10)
[00:02:56 -56038.446296] AUTODETECT spr round 3 (radius: 15)
[00:02:58 -55959.781408] AUTODETECT spr round 4 (radius: 20)
[00:02:59 -55949.555555] AUTODETECT spr round 5 (radius: 25)
[00:03:00 -55949.555445] SPR radius for FAST iterations: 20 (autodetect)
[00:03:00 -55949.555445] Model parameter optimization (eps = 3.000000)
[00:03:01 -55937.541607] FAST spr round 1 (radius: 20)
[00:03:06 -55900.796341] FAST spr round 2 (radius: 20)
[00:03:09 -55900.790932] Model parameter optimization (eps = 1.000000)
[00:03:10 -55900.192181] SLOW spr round 1 (radius: 5)
[00:03:15 -55900.185544] SLOW spr round 2 (radius: 10)
[00:03:20 -55900.185516] SLOW spr round 3 (radius: 15)
[00:03:24 -55900.185514] SLOW spr round 4 (radius: 20)
[00:03:27 -55900.185514] SLOW spr round 5 (radius: 25)
[00:03:30 -55900.185514] Model parameter optimization (eps = 0.100000)

[00:03:31] ML tree search #5, logLikelihood: -55899.942339

[00:03:31 -165666.891701] Initial branch length optimization
[00:03:31 -60148.331999] Model parameter optimization (eps = 10.000000)
[00:03:36 -56409.342823] AUTODETECT spr round 1 (radius: 5)
[00:03:37 -56137.943942] AUTODETECT spr round 2 (radius: 10)
[00:03:38 -55972.208866] AUTODETECT spr round 3 (radius: 15)
[00:03:40 -55968.128950] AUTODETECT spr round 4 (radius: 20)
[00:03:41 -55968.128289] SPR radius for FAST iterations: 15 (autodetect)
[00:03:41 -55968.128289] Model parameter optimization (eps = 3.000000)
[00:03:42 -55957.995648] FAST spr round 1 (radius: 15)
[00:03:46 -55901.909659] FAST spr round 2 (radius: 15)
[00:03:49 -55901.896936] Model parameter optimization (eps = 1.000000)
[00:03:50 -55900.044968] SLOW spr round 1 (radius: 5)
[00:03:55 -55900.043397] SLOW spr round 2 (radius: 10)
[00:04:01 -55900.043376] SLOW spr round 3 (radius: 15)
[00:04:05 -55900.043374] SLOW spr round 4 (radius: 20)
[00:04:07 -55900.043374] SLOW spr round 5 (radius: 25)
[00:04:09 -55900.043374] Model parameter optimization (eps = 0.100000)

[00:04:11] ML tree search #6, logLikelihood: -55897.236285

[00:04:11 -165687.429244] Initial branch length optimization
[00:04:11 -60172.468984] Model parameter optimization (eps = 10.000000)
[00:04:16 -56418.575255] AUTODETECT spr round 1 (radius: 5)
[00:04:18 -56152.219592] AUTODETECT spr round 2 (radius: 10)
[00:04:20 -56006.829843] AUTODETECT spr round 3 (radius: 15)
[00:04:21 -55967.362339] AUTODETECT spr round 4 (radius: 20)
[00:04:22 -55967.362327] SPR radius for FAST iterations: 15 (autodetect)
[00:04:22 -55967.362327] Model parameter optimization (eps = 3.000000)
[00:04:24 -55955.376367] FAST spr round 1 (radius: 15)
[00:04:29 -55901.004987] FAST spr round 2 (radius: 15)
[00:04:32 -55900.993912] Model parameter optimization (eps = 1.000000)
[00:04:33 -55900.294306] SLOW spr round 1 (radius: 5)
[00:04:38 -55900.287781] SLOW spr round 2 (radius: 10)
[00:04:43 -55900.287749] SLOW spr round 3 (radius: 15)
[00:04:48 -55900.287747] SLOW spr round 4 (radius: 20)
[00:04:51 -55900.287747] SLOW spr round 5 (radius: 25)
[00:04:53 -55900.287747] Model parameter optimization (eps = 0.100000)

[00:04:54] ML tree search #7, logLikelihood: -55899.997385

[00:04:54 -165685.309303] Initial branch length optimization
[00:04:54 -60166.918812] Model parameter optimization (eps = 10.000000)
[00:04:59 -56414.550278] AUTODETECT spr round 1 (radius: 5)
[00:05:00 -56233.450411] AUTODETECT spr round 2 (radius: 10)
[00:05:02 -56025.788097] AUTODETECT spr round 3 (radius: 15)
[00:05:04 -55946.193545] AUTODETECT spr round 4 (radius: 20)
[00:05:05 -55946.181533] SPR radius for FAST iterations: 15 (autodetect)
[00:05:05 -55946.181533] Model parameter optimization (eps = 3.000000)
[00:05:07 -55933.597186] FAST spr round 1 (radius: 15)
[00:05:10 -55900.890180] FAST spr round 2 (radius: 15)
[00:05:13 -55900.884007] Model parameter optimization (eps = 1.000000)
[00:05:14 -55900.241386] SLOW spr round 1 (radius: 5)
[00:05:18 -55900.235105] SLOW spr round 2 (radius: 10)
[00:05:23 -55900.235084] SLOW spr round 3 (radius: 15)
[00:05:27 -55900.235083] SLOW spr round 4 (radius: 20)
[00:05:30 -55900.235083] SLOW spr round 5 (radius: 25)
[00:05:32 -55900.235083] Model parameter optimization (eps = 0.100000)

[00:05:34] ML tree search #8, logLikelihood: -55899.973482

[00:05:34 -163299.284251] Initial branch length optimization
[00:05:34 -59158.916134] Model parameter optimization (eps = 10.000000)
[00:05:38 -55926.793248] AUTODETECT spr round 1 (radius: 5)
[00:05:39 -55926.640874] AUTODETECT spr round 2 (radius: 10)
[00:05:41 -55916.293077] AUTODETECT spr round 3 (radius: 15)
[00:05:43 -55916.293046] SPR radius for FAST iterations: 10 (autodetect)
[00:05:43 -55916.293046] Model parameter optimization (eps = 3.000000)
[00:05:45 -55905.680193] FAST spr round 1 (radius: 10)
[00:05:48 -55905.602755] Model parameter optimization (eps = 1.000000)
[00:05:51 -55900.780876] SLOW spr round 1 (radius: 5)
[00:05:56 -55900.720374] SLOW spr round 2 (radius: 10)
[00:06:05 -55900.719468] SLOW spr round 3 (radius: 15)
[00:06:08 -55900.719464] SLOW spr round 4 (radius: 20)
[00:06:10 -55900.719464] SLOW spr round 5 (radius: 25)
[00:06:10 -55900.719464] Model parameter optimization (eps = 0.100000)

[00:06:17] ML tree search #9, logLikelihood: -55896.456261

[00:06:17 -163294.247508] Initial branch length optimization
[00:06:17 -59147.786148] Model parameter optimization (eps = 10.000000)
[00:06:20 -55916.794207] AUTODETECT spr round 1 (radius: 5)
[00:06:21 -55916.648262] AUTODETECT spr round 2 (radius: 10)
[00:06:23 -55916.307792] AUTODETECT spr round 3 (radius: 15)
[00:06:25 -55916.307522] SPR radius for FAST iterations: 10 (autodetect)
[00:06:25 -55916.307522] Model parameter optimization (eps = 3.000000)
[00:06:27 -55905.701176] FAST spr round 1 (radius: 10)
[00:06:29 -55905.623895] Model parameter optimization (eps = 1.000000)
[00:06:33 -55900.786651] SLOW spr round 1 (radius: 5)
[00:06:38 -55900.731424] SLOW spr round 2 (radius: 10)
[00:06:45 -55900.729141] SLOW spr round 3 (radius: 15)
[00:06:50 -55900.729137] SLOW spr round 4 (radius: 20)
[00:06:51 -55900.729137] SLOW spr round 5 (radius: 25)
[00:06:52 -55900.729137] Model parameter optimization (eps = 0.100000)

[00:06:58] ML tree search #10, logLikelihood: -55896.457309

[00:06:58 -163292.186005] Initial branch length optimization
[00:06:58 -59145.934970] Model parameter optimization (eps = 10.000000)
[00:07:02 -55916.953135] AUTODETECT spr round 1 (radius: 5)
[00:07:03 -55916.805079] AUTODETECT spr round 2 (radius: 10)
[00:07:05 -55916.803653] SPR radius for FAST iterations: 5 (autodetect)
[00:07:05 -55916.803653] Model parameter optimization (eps = 3.000000)
[00:07:07 -55905.949419] FAST spr round 1 (radius: 5)
[00:07:10 -55905.872366] Model parameter optimization (eps = 1.000000)
[00:07:13 -55900.898779] SLOW spr round 1 (radius: 5)
[00:07:18 -55900.840826] SLOW spr round 2 (radius: 10)
[00:07:25 -55900.838440] SLOW spr round 3 (radius: 15)
[00:07:29 -55900.838436] SLOW spr round 4 (radius: 20)
[00:07:31 -55900.838435] SLOW spr round 5 (radius: 25)
[00:07:33 -55900.838435] Model parameter optimization (eps = 0.100000)

[00:07:40] ML tree search #11, logLikelihood: -55896.465581

[00:07:40 -163295.712679] Initial branch length optimization
[00:07:40 -59148.307265] Model parameter optimization (eps = 10.000000)
[00:07:43 -55916.846391] AUTODETECT spr round 1 (radius: 5)
[00:07:45 -55916.364853] AUTODETECT spr round 2 (radius: 10)
[00:07:46 -55916.364683] SPR radius for FAST iterations: 5 (autodetect)
[00:07:46 -55916.364683] Model parameter optimization (eps = 3.000000)
[00:07:49 -55905.735892] FAST spr round 1 (radius: 5)
[00:07:51 -55905.653235] Model parameter optimization (eps = 1.000000)
[00:07:54 -55900.803882] SLOW spr round 1 (radius: 5)
[00:07:59 -55900.744656] SLOW spr round 2 (radius: 10)
[00:08:05 -55900.743061] SLOW spr round 3 (radius: 15)
[00:08:08 -55900.743058] SLOW spr round 4 (radius: 20)
[00:08:11 -55900.743058] SLOW spr round 5 (radius: 25)
[00:08:15 -55900.743058] Model parameter optimization (eps = 0.100000)

[00:08:21] ML tree search #12, logLikelihood: -55896.458035

[00:08:21 -163294.351726] Initial branch length optimization
[00:08:21 -59147.818210] Model parameter optimization (eps = 10.000000)
[00:08:25 -55916.794593] AUTODETECT spr round 1 (radius: 5)
[00:08:26 -55916.308041] AUTODETECT spr round 2 (radius: 10)
[00:08:28 -55916.307915] SPR radius for FAST iterations: 5 (autodetect)
[00:08:28 -55916.307915] Model parameter optimization (eps = 3.000000)
[00:08:30 -55905.701380] FAST spr round 1 (radius: 5)
[00:08:33 -55905.625684] Model parameter optimization (eps = 1.000000)
[00:08:36 -55900.786579] SLOW spr round 1 (radius: 5)
[00:08:40 -55900.729586] SLOW spr round 2 (radius: 10)
[00:08:47 -55900.728685] SLOW spr round 3 (radius: 15)
[00:08:52 -55900.728681] SLOW spr round 4 (radius: 20)
[00:08:54 -55900.728681] SLOW spr round 5 (radius: 25)
[00:08:55 -55900.728681] Model parameter optimization (eps = 0.100000)

[00:09:01] ML tree search #13, logLikelihood: -55896.456972

[00:09:02 -163289.388534] Initial branch length optimization
[00:09:02 -59148.274790] Model parameter optimization (eps = 10.000000)
[00:09:06 -55917.944562] AUTODETECT spr round 1 (radius: 5)
[00:09:07 -55917.801835] AUTODETECT spr round 2 (radius: 10)
[00:09:09 -55917.800283] SPR radius for FAST iterations: 5 (autodetect)
[00:09:09 -55917.800283] Model parameter optimization (eps = 3.000000)
[00:09:11 -55906.870527] FAST spr round 1 (radius: 5)
[00:09:13 -55906.792934] Model parameter optimization (eps = 1.000000)
[00:09:17 -55901.803822] SLOW spr round 1 (radius: 5)
[00:09:22 -55901.744460] SLOW spr round 2 (radius: 10)
[00:09:29 -55901.741488] SLOW spr round 3 (radius: 15)
[00:09:34 -55901.741483] SLOW spr round 4 (radius: 20)
[00:09:36 -55901.741483] SLOW spr round 5 (radius: 25)
[00:09:38 -55901.741483] Model parameter optimization (eps = 0.100000)

[00:09:45] ML tree search #14, logLikelihood: -55897.377246

[00:09:45 -163289.326391] Initial branch length optimization
[00:09:45 -59148.274181] Model parameter optimization (eps = 10.000000)
[00:09:49 -55917.939798] AUTODETECT spr round 1 (radius: 5)
[00:09:50 -55917.798246] AUTODETECT spr round 2 (radius: 10)
[00:09:52 -55917.798223] SPR radius for FAST iterations: 5 (autodetect)
[00:09:52 -55917.798223] Model parameter optimization (eps = 3.000000)
[00:09:54 -55906.875996] FAST spr round 1 (radius: 5)
[00:09:57 -55906.799138] Model parameter optimization (eps = 1.000000)
[00:10:00 -55901.809323] SLOW spr round 1 (radius: 5)
[00:10:04 -55901.745199] SLOW spr round 2 (radius: 10)
[00:10:09 -55901.744305] SLOW spr round 3 (radius: 15)
[00:10:11 -55901.744300] SLOW spr round 4 (radius: 20)
[00:10:13 -55901.744300] SLOW spr round 5 (radius: 25)
[00:10:15 -55901.744300] Model parameter optimization (eps = 0.100000)

[00:10:20] ML tree search #15, logLikelihood: -55897.376661

[00:10:20 -163290.249175] Initial branch length optimization
[00:10:20 -59148.073147] Model parameter optimization (eps = 10.000000)
[00:10:22 -55917.983555] AUTODETECT spr round 1 (radius: 5)
[00:10:23 -55917.842365] AUTODETECT spr round 2 (radius: 10)
[00:10:25 -55917.841054] SPR radius for FAST iterations: 5 (autodetect)
[00:10:25 -55917.841054] Model parameter optimization (eps = 3.000000)
[00:10:26 -55906.950466] FAST spr round 1 (radius: 5)
[00:10:28 -55906.869531] Model parameter optimization (eps = 1.000000)
[00:10:30 -55901.853601] SLOW spr round 1 (radius: 5)
[00:10:33 -55901.793848] SLOW spr round 2 (radius: 10)
[00:10:38 -55901.792102] SLOW spr round 3 (radius: 15)
[00:10:41 -55901.792097] SLOW spr round 4 (radius: 20)
[00:10:43 -55901.792097] SLOW spr round 5 (radius: 25)
[00:10:44 -55901.792097] Model parameter optimization (eps = 0.100000)

[00:10:49] ML tree search #16, logLikelihood: -55897.380507



Final LogLikelihood: -55896.456261

AIC score: 112270.912523 / AICc score: 112274.881386 / BIC score: 114249.841760
Free parameters (model + branch lengths): 239

Best ML tree saved to: /home/hikoyu/analysis/Genome/SARS-CoV-2/phylogeny/RAxML-NG/DNA/part/sep/SARS-CoV-2_200311.11.raxml.bestTree
All ML trees saved to: /home/hikoyu/analysis/Genome/SARS-CoV-2/phylogeny/RAxML-NG/DNA/part/sep/SARS-CoV-2_200311.11.raxml.mlTrees
Optimized model saved to: /home/hikoyu/analysis/Genome/SARS-CoV-2/phylogeny/RAxML-NG/DNA/part/sep/SARS-CoV-2_200311.11.raxml.bestModel

Execution log saved to: /home/hikoyu/analysis/Genome/SARS-CoV-2/phylogeny/RAxML-NG/DNA/part/sep/SARS-CoV-2_200311.11.raxml.log

Analysis started: 11-Mar-2020 08:09:12 / finished: 11-Mar-2020 08:20:01

Elapsed time: 649.086 seconds

