
RAxML-NG v. 0.9.0 released on 20.05.2019 by The Exelixis Lab.
Developed by: Alexey M. Kozlov and Alexandros Stamatakis.
Contributors: Diego Darriba, Tomas Flouri, Benoit Morel, Sarah Lutteropp, Ben Bettisworth.
Latest version: https://github.com/amkozlov/raxml-ng
Questions/problems/suggestions? Please visit: https://groups.google.com/forum/#!forum/raxml

RAxML-NG was called at 01-Apr-2020 22:58:29 as follows:

raxml-ng --threads 1 --bootstrap --bs-trees 84 --seed 2272099494 --prefix phylogeny/RAxML-NG/DNA/part/sep/SARS-CoV-2_200331.2 --msa phylogeny/RAxML-NG/DNA/part/sep/SARS-CoV-2_200331.raxml.rba --outgroup MG772933.1

Analysis options:
  run mode: Bootstrapping
  start tree(s): 
  bootstrap replicates: 84
  random seed: 2272099494
  tip-inner: OFF
  pattern compression: ON
  per-rate scalers: OFF
  site repeats: ON
  branch lengths: proportional (ML estimate, algorithm: NR-FAST)
  SIMD kernels: AVX2
  parallelization: NONE/sequential

[00:00:00] Loading binary alignment from file: phylogeny/RAxML-NG/DNA/part/sep/SARS-CoV-2_200331.raxml.rba
[00:00:00] Alignment comprises 117 taxa, 33 partitions and 839 patterns

Partition 0: orf1ab_U_p1
Model: TN93+FO+I+B
Alignment sites / patterns: 4405 / 71
Gaps: 0.10 %
Invariant sites: 94.91 %

Partition 1: orf1ab_U_p2
Model: HKY+FO+I+B
Alignment sites / patterns: 4405 / 76
Gaps: 0.10 %
Invariant sites: 96.57 %

Partition 2: orf1ab_U_p3
Model: TN93+FO+I+G4m+B
Alignment sites / patterns: 4405 / 99
Gaps: 0.10 %
Invariant sites: 73.71 %

Partition 3: orf1ab_D_p1
Model: TN93+FO+I+B
Alignment sites / patterns: 2697 / 39
Gaps: 0.04 %
Invariant sites: 93.18 %

Partition 4: orf1ab_D_p2
Model: HKY+FO+I+G4m+B
Alignment sites / patterns: 2697 / 36
Gaps: 0.04 %
Invariant sites: 97.96 %

Partition 5: orf1ab_D_p3
Model: TN93+FO+I+G4m+B
Alignment sites / patterns: 2697 / 62
Gaps: 0.04 %
Invariant sites: 62.48 %

Partition 6: S_p1
Model: TN93+FO+G4m+B
Alignment sites / patterns: 1274 / 45
Gaps: 0.03 %
Invariant sites: 83.05 %

Partition 7: S_p2
Model: TN93+FO+I+G4m+B
Alignment sites / patterns: 1274 / 39
Gaps: 0.03 %
Invariant sites: 90.19 %

Partition 8: S_p3
Model: HKY+FO+I+B
Alignment sites / patterns: 1274 / 71
Gaps: 0.03 %
Invariant sites: 50.24 %

Partition 9: ORF3a_p1
Model: JC+G4m+B
Alignment sites / patterns: 276 / 20
Gaps: 0.00 %
Invariant sites: 90.58 %

Partition 10: ORF3a_p2
Model: JC+I+G4m+B
Alignment sites / patterns: 276 / 15
Gaps: 0.00 %
Invariant sites: 95.29 %

Partition 11: ORF3a_p3
Model: TPM3uf+FO+G4m+B
Alignment sites / patterns: 276 / 24
Gaps: 0.00 %
Invariant sites: 70.65 %

Partition 12: E_p1
Model: JC+B
Alignment sites / patterns: 76 / 5
Gaps: 0.00 %
Invariant sites: 98.68 %

Partition 13: E_p2
Model: JC+B
Alignment sites / patterns: 76 / 5
Gaps: 0.00 %
Invariant sites: 98.68 %

Partition 14: E_p3
Model: JC+B
Alignment sites / patterns: 76 / 6
Gaps: 0.00 %
Invariant sites: 97.37 %

Partition 15: M_p1
Model: TN93ef+B
Alignment sites / patterns: 223 / 9
Gaps: 0.00 %
Invariant sites: 95.52 %

Partition 16: M_p2
Model: JC+B
Alignment sites / patterns: 223 / 8
Gaps: 0.00 %
Invariant sites: 98.65 %

Partition 17: M_p3
Model: K80+I+B
Alignment sites / patterns: 223 / 28
Gaps: 0.00 %
Invariant sites: 78.03 %

Partition 18: ORF6_p1
Model: JC+B
Alignment sites / patterns: 62 / 7
Gaps: 0.00 %
Invariant sites: 93.55 %

Partition 19: ORF6_p2
Model: JC+B
Alignment sites / patterns: 62 / 6
Gaps: 0.00 %
Invariant sites: 96.77 %

Partition 20: ORF6_p3
Model: TN93ef+B
Alignment sites / patterns: 62 / 12
Gaps: 0.00 %
Invariant sites: 83.87 %

Partition 21: ORF7a_p1
Model: K80+B
Alignment sites / patterns: 122 / 11
Gaps: 0.00 %
Invariant sites: 90.98 %

Partition 22: ORF7a_p2
Model: K80+B
Alignment sites / patterns: 122 / 10
Gaps: 0.00 %
Invariant sites: 92.62 %

Partition 23: ORF7a_p3
Model: HKY+FO+I+B
Alignment sites / patterns: 122 / 17
Gaps: 0.00 %
Invariant sites: 77.87 %

Partition 24: ORF8_p1
Model: JC+I+B
Alignment sites / patterns: 122 / 12
Gaps: 0.00 %
Invariant sites: 93.44 %

Partition 25: ORF8_p2
Model: K80+I+G4m+B
Alignment sites / patterns: 122 / 10
Gaps: 0.00 %
Invariant sites: 95.08 %

Partition 26: ORF8_p3
Model: HKY+FO+B
Alignment sites / patterns: 122 / 16
Gaps: 0.00 %
Invariant sites: 69.67 %

Partition 27: N_p1
Model: K80+I+B
Alignment sites / patterns: 420 / 16
Gaps: 0.00 %
Invariant sites: 95.00 %

Partition 28: N_p2
Model: F81+FO+B
Alignment sites / patterns: 420 / 17
Gaps: 0.00 %
Invariant sites: 95.71 %

Partition 29: N_p3
Model: HKY+FO+G4m+B
Alignment sites / patterns: 420 / 32
Gaps: 0.00 %
Invariant sites: 76.19 %

Partition 30: ORF10_p1
Model: JC+B
Alignment sites / patterns: 39 / 6
Gaps: 0.00 %
Invariant sites: 94.87 %

Partition 31: ORF10_p2
Model: JC+B
Alignment sites / patterns: 39 / 4
Gaps: 0.00 %
Invariant sites: 100.00 %

Partition 32: ORF10_p3
Model: JC+B
Alignment sites / patterns: 39 / 5
Gaps: 0.00 %
Invariant sites: 97.44 %


[00:00:00] Data distribution: max. partitions/sites/weight per thread: 33 / 839 / 7940
[00:00:00] Starting bootstrapping analysis with 84 replicates.

[00:01:54] Bootstrap tree #1, logLikelihood: -56877.086116
[00:04:51] Bootstrap tree #2, logLikelihood: -56630.343938
[00:07:17] Bootstrap tree #3, logLikelihood: -57095.501748
[00:09:29] Bootstrap tree #4, logLikelihood: -56888.848456
[00:11:35] Bootstrap tree #5, logLikelihood: -56962.337469
[00:13:41] Bootstrap tree #6, logLikelihood: -56660.654030
[00:16:53] Bootstrap tree #7, logLikelihood: -56268.290765
[00:20:05] Bootstrap tree #8, logLikelihood: -57027.785973
[00:22:12] Bootstrap tree #9, logLikelihood: -56778.362619
[00:24:28] Bootstrap tree #10, logLikelihood: -56490.393612
[00:26:39] Bootstrap tree #11, logLikelihood: -56929.056526
[00:29:42] Bootstrap tree #12, logLikelihood: -56881.245668
[00:32:38] Bootstrap tree #13, logLikelihood: -56861.600228
[00:35:42] Bootstrap tree #14, logLikelihood: -56696.400714
[00:38:02] Bootstrap tree #15, logLikelihood: -56818.478097
[00:40:19] Bootstrap tree #16, logLikelihood: -56593.415174
[00:42:52] Bootstrap tree #17, logLikelihood: -57055.641178
[00:45:04] Bootstrap tree #18, logLikelihood: -56688.039257
[00:47:22] Bootstrap tree #19, logLikelihood: -56562.165547
[00:49:21] Bootstrap tree #20, logLikelihood: -56696.410050
[00:51:47] Bootstrap tree #21, logLikelihood: -57012.911200
[00:54:04] Bootstrap tree #22, logLikelihood: -56679.494007
[00:56:23] Bootstrap tree #23, logLikelihood: -56614.836537
[00:58:53] Bootstrap tree #24, logLikelihood: -56475.577639
[01:01:14] Bootstrap tree #25, logLikelihood: -56433.585929
[01:03:21] Bootstrap tree #26, logLikelihood: -56541.056779
[01:05:39] Bootstrap tree #27, logLikelihood: -57024.721363
[01:07:42] Bootstrap tree #28, logLikelihood: -56858.653191
[01:10:07] Bootstrap tree #29, logLikelihood: -56664.680524
[01:12:36] Bootstrap tree #30, logLikelihood: -56746.103703
[01:14:51] Bootstrap tree #31, logLikelihood: -56398.177726
[01:17:13] Bootstrap tree #32, logLikelihood: -56557.026464
[01:19:56] Bootstrap tree #33, logLikelihood: -57299.438507
[01:22:18] Bootstrap tree #34, logLikelihood: -57138.437544
[01:24:33] Bootstrap tree #35, logLikelihood: -56539.341669
[01:27:01] Bootstrap tree #36, logLikelihood: -56950.888171
[01:30:08] Bootstrap tree #37, logLikelihood: -56352.049953
[01:32:29] Bootstrap tree #38, logLikelihood: -56467.095476
[01:35:06] Bootstrap tree #39, logLikelihood: -56695.350569
[01:37:20] Bootstrap tree #40, logLikelihood: -56290.716346
[01:40:27] Bootstrap tree #41, logLikelihood: -56989.516966
[01:43:00] Bootstrap tree #42, logLikelihood: -56908.377994
[01:45:19] Bootstrap tree #43, logLikelihood: -56741.936057
[01:47:40] Bootstrap tree #44, logLikelihood: -56470.809150
[01:50:09] Bootstrap tree #45, logLikelihood: -56892.535659
[01:52:21] Bootstrap tree #46, logLikelihood: -56649.949748
[01:55:01] Bootstrap tree #47, logLikelihood: -56984.627235
[01:57:37] Bootstrap tree #48, logLikelihood: -56825.957000
[02:00:23] Bootstrap tree #49, logLikelihood: -57054.998513
[02:03:59] Bootstrap tree #50, logLikelihood: -56782.002818
[02:06:16] Bootstrap tree #51, logLikelihood: -57203.473830
[02:08:58] Bootstrap tree #52, logLikelihood: -57033.307809
[02:11:18] Bootstrap tree #53, logLikelihood: -56114.186562
[02:13:40] Bootstrap tree #54, logLikelihood: -56616.278842
[02:16:07] Bootstrap tree #55, logLikelihood: -56624.149738
[02:19:43] Bootstrap tree #56, logLikelihood: -57385.481604
[02:22:23] Bootstrap tree #57, logLikelihood: -56612.407624
[02:24:37] Bootstrap tree #58, logLikelihood: -56534.753839
[02:27:03] Bootstrap tree #59, logLikelihood: -56434.915214
[02:29:25] Bootstrap tree #60, logLikelihood: -57148.307904
[02:31:49] Bootstrap tree #61, logLikelihood: -56600.488217
[02:34:16] Bootstrap tree #62, logLikelihood: -56628.873505
[02:36:41] Bootstrap tree #63, logLikelihood: -56790.986939
[02:39:01] Bootstrap tree #64, logLikelihood: -56602.543668
[02:41:29] Bootstrap tree #65, logLikelihood: -56755.379050
[02:43:56] Bootstrap tree #66, logLikelihood: -56554.013272
[02:46:53] Bootstrap tree #67, logLikelihood: -56933.741939
[02:49:45] Bootstrap tree #68, logLikelihood: -56602.460503
[02:52:11] Bootstrap tree #69, logLikelihood: -56777.000227
[02:54:45] Bootstrap tree #70, logLikelihood: -56290.218947
[02:57:16] Bootstrap tree #71, logLikelihood: -56745.921294
[02:59:31] Bootstrap tree #72, logLikelihood: -56518.741172
[03:02:08] Bootstrap tree #73, logLikelihood: -56753.023691
[03:04:45] Bootstrap tree #74, logLikelihood: -56864.324806
[03:07:03] Bootstrap tree #75, logLikelihood: -56801.123874
[03:09:33] Bootstrap tree #76, logLikelihood: -56450.604596
[03:11:38] Bootstrap tree #77, logLikelihood: -56505.778373
[03:14:38] Bootstrap tree #78, logLikelihood: -56668.270252
[03:17:10] Bootstrap tree #79, logLikelihood: -56892.270952
[03:19:47] Bootstrap tree #80, logLikelihood: -56601.721051
[03:22:19] Bootstrap tree #81, logLikelihood: -57312.805655
[03:24:35] Bootstrap tree #82, logLikelihood: -57003.598110
[03:27:00] Bootstrap tree #83, logLikelihood: -57249.446276
[03:30:21] Bootstrap tree #84, logLikelihood: -56494.243628

Bootstrap trees saved to: /home/hikoyu/analysis/Genome/SARS-CoV-2/phylogeny/RAxML-NG/DNA/part/sep/SARS-CoV-2_200331.2.raxml.bootstraps

Execution log saved to: /home/hikoyu/analysis/Genome/SARS-CoV-2/phylogeny/RAxML-NG/DNA/part/sep/SARS-CoV-2_200331.2.raxml.log

Analysis started: 01-Apr-2020 22:58:29 / finished: 02-Apr-2020 02:28:50

Elapsed time: 12621.501 seconds

