
RAxML-NG v. 0.9.0 released on 20.05.2019 by The Exelixis Lab.
Developed by: Alexey M. Kozlov and Alexandros Stamatakis.
Contributors: Diego Darriba, Tomas Flouri, Benoit Morel, Sarah Lutteropp, Ben Bettisworth.
Latest version: https://github.com/amkozlov/raxml-ng
Questions/problems/suggestions? Please visit: https://groups.google.com/forum/#!forum/raxml

RAxML-NG was called at 30-Mar-2020 09:54:25 as follows:

raxml-ng --threads 1 --search --tree rand{9},pars{9} --seed 117610481 --prefix phylogeny/RAxML-NG/DNA/part/sep/SARS-CoV-2_200328.0 --msa phylogeny/RAxML-NG/DNA/part/sep/SARS-CoV-2_200328.raxml.rba --outgroup MG772933.1

Analysis options:
  run mode: ML tree search
  start tree(s): random (9) + parsimony (9)
  random seed: 117610481
  tip-inner: OFF
  pattern compression: ON
  per-rate scalers: OFF
  site repeats: ON
  fast spr radius: AUTO
  spr subtree cutoff: 1.000000
  branch lengths: proportional (ML estimate, algorithm: NR-FAST)
  SIMD kernels: AVX2
  parallelization: NONE/sequential

[00:00:00] Loading binary alignment from file: phylogeny/RAxML-NG/DNA/part/sep/SARS-CoV-2_200328.raxml.rba
[00:00:00] Alignment comprises 80 taxa, 33 partitions and 791 patterns

Partition 0: orf1ab_U_p1
Model: TN93+FO+I+B
Alignment sites / patterns: 4405 / 63
Gaps: 0.10 %
Invariant sites: 95.07 %

Partition 1: orf1ab_U_p2
Model: HKY+FO+I+B
Alignment sites / patterns: 4405 / 69
Gaps: 0.10 %
Invariant sites: 96.71 %

Partition 2: orf1ab_U_p3
Model: TN93+FO+G4m+B
Alignment sites / patterns: 4405 / 91
Gaps: 0.10 %
Invariant sites: 73.83 %

Partition 3: orf1ab_D_p1
Model: TN93+FO+I+B
Alignment sites / patterns: 2697 / 36
Gaps: 0.04 %
Invariant sites: 93.29 %

Partition 4: orf1ab_D_p2
Model: HKY+FO+I+G4m+B
Alignment sites / patterns: 2697 / 33
Gaps: 0.04 %
Invariant sites: 98.07 %

Partition 5: orf1ab_D_p3
Model: TPM3uf+FO+G4m+B
Alignment sites / patterns: 2697 / 59
Gaps: 0.04 %
Invariant sites: 62.51 %

Partition 6: S_p1
Model: TN93+FO+G4m+B
Alignment sites / patterns: 1274 / 43
Gaps: 0.04 %
Invariant sites: 83.12 %

Partition 7: S_p2
Model: F81+FO+B
Alignment sites / patterns: 1274 / 39
Gaps: 0.04 %
Invariant sites: 90.19 %

Partition 8: S_p3
Model: HKY+FO+I+B
Alignment sites / patterns: 1274 / 70
Gaps: 0.04 %
Invariant sites: 50.24 %

Partition 9: ORF3a_p1
Model: JC+G4m+B
Alignment sites / patterns: 276 / 20
Gaps: 0.00 %
Invariant sites: 90.58 %

Partition 10: ORF3a_p2
Model: JC+I+G4m+B
Alignment sites / patterns: 276 / 15
Gaps: 0.00 %
Invariant sites: 95.29 %

Partition 11: ORF3a_p3
Model: HKY+FO+I+B
Alignment sites / patterns: 276 / 22
Gaps: 0.00 %
Invariant sites: 70.65 %

Partition 12: E_p1
Model: JC+B
Alignment sites / patterns: 76 / 5
Gaps: 0.00 %
Invariant sites: 98.68 %

Partition 13: E_p2
Model: JC+B
Alignment sites / patterns: 76 / 5
Gaps: 0.00 %
Invariant sites: 98.68 %

Partition 14: E_p3
Model: JC+B
Alignment sites / patterns: 76 / 6
Gaps: 0.00 %
Invariant sites: 97.37 %

Partition 15: M_p1
Model: TN93ef+B
Alignment sites / patterns: 223 / 9
Gaps: 0.01 %
Invariant sites: 95.52 %

Partition 16: M_p2
Model: JC+I+B
Alignment sites / patterns: 223 / 7
Gaps: 0.01 %
Invariant sites: 99.10 %

Partition 17: M_p3
Model: K80+I+B
Alignment sites / patterns: 223 / 28
Gaps: 0.01 %
Invariant sites: 78.03 %

Partition 18: ORF6_p1
Model: JC+B
Alignment sites / patterns: 62 / 6
Gaps: 0.00 %
Invariant sites: 95.16 %

Partition 19: ORF6_p2
Model: JC+B
Alignment sites / patterns: 62 / 6
Gaps: 0.00 %
Invariant sites: 96.77 %

Partition 20: ORF6_p3
Model: JC+B
Alignment sites / patterns: 62 / 9
Gaps: 0.00 %
Invariant sites: 88.71 %

Partition 21: ORF7a_p1
Model: K80+B
Alignment sites / patterns: 122 / 11
Gaps: 0.00 %
Invariant sites: 90.98 %

Partition 22: ORF7a_p2
Model: K80+B
Alignment sites / patterns: 122 / 10
Gaps: 0.00 %
Invariant sites: 92.62 %

Partition 23: ORF7a_p3
Model: HKY+FO+I+B
Alignment sites / patterns: 122 / 16
Gaps: 0.00 %
Invariant sites: 78.69 %

Partition 24: ORF8_p1
Model: JC+I+B
Alignment sites / patterns: 122 / 12
Gaps: 0.00 %
Invariant sites: 93.44 %

Partition 25: ORF8_p2
Model: K80+I+G4m+B
Alignment sites / patterns: 122 / 9
Gaps: 0.00 %
Invariant sites: 95.90 %

Partition 26: ORF8_p3
Model: HKY+FO+B
Alignment sites / patterns: 122 / 16
Gaps: 0.00 %
Invariant sites: 69.67 %

Partition 27: N_p1
Model: K80+I+B
Alignment sites / patterns: 420 / 15
Gaps: 0.00 %
Invariant sites: 95.24 %

Partition 28: N_p2
Model: JC+B
Alignment sites / patterns: 420 / 16
Gaps: 0.00 %
Invariant sites: 95.95 %

Partition 29: N_p3
Model: HKY+FO+G4m+B
Alignment sites / patterns: 420 / 30
Gaps: 0.00 %
Invariant sites: 76.67 %

Partition 30: ORF10_p1
Model: JC+B
Alignment sites / patterns: 39 / 6
Gaps: 0.00 %
Invariant sites: 94.87 %

Partition 31: ORF10_p2
Model: JC+B
Alignment sites / patterns: 39 / 4
Gaps: 0.00 %
Invariant sites: 100.00 %

Partition 32: ORF10_p3
Model: JC+B
Alignment sites / patterns: 39 / 5
Gaps: 0.00 %
Invariant sites: 97.44 %


[00:00:00] Generating 9 random starting tree(s) with 80 taxa
[00:00:00] Generating 9 parsimony starting tree(s) with 80 taxa
[00:00:00] Data distribution: max. partitions/sites/weight per thread: 33 / 791 / 6764

Starting ML tree search with 18 distinct starting trees

[00:00:00 -183861.545593] Initial branch length optimization
[00:00:00 -61108.162845] Model parameter optimization (eps = 10.000000)
[00:00:06 -57114.888561] AUTODETECT spr round 1 (radius: 5)
[00:00:08 -56846.709734] AUTODETECT spr round 2 (radius: 10)
[00:00:11 -56579.110311] AUTODETECT spr round 3 (radius: 15)
[00:00:14 -56549.207081] AUTODETECT spr round 4 (radius: 20)
[00:00:16 -56542.660823] AUTODETECT spr round 5 (radius: 25)
[00:00:18 -56542.655092] SPR radius for FAST iterations: 20 (autodetect)
[00:00:18 -56542.655092] Model parameter optimization (eps = 3.000000)
[00:00:19 -56533.021133] FAST spr round 1 (radius: 20)
[00:00:27 -56375.267609] FAST spr round 2 (radius: 20)
[00:00:33 -56375.240286] Model parameter optimization (eps = 1.000000)
[00:00:40 -56353.243104] SLOW spr round 1 (radius: 5)
[00:00:46 -56353.232909] SLOW spr round 2 (radius: 10)
[00:00:53 -56353.232399] SLOW spr round 3 (radius: 15)
[00:00:59 -56353.232396] SLOW spr round 4 (radius: 20)
[00:01:04 -56353.232396] SLOW spr round 5 (radius: 25)
[00:01:08 -56353.232396] Model parameter optimization (eps = 0.100000)

[00:01:12] ML tree search #1, logLikelihood: -56351.965347

[00:01:12 -183859.940012] Initial branch length optimization
[00:01:12 -61068.062499] Model parameter optimization (eps = 10.000000)
[00:01:18 -57097.107616] AUTODETECT spr round 1 (radius: 5)
[00:01:20 -56806.106115] AUTODETECT spr round 2 (radius: 10)
[00:01:23 -56658.193544] AUTODETECT spr round 3 (radius: 15)
[00:01:26 -56596.294032] AUTODETECT spr round 4 (radius: 20)
[00:01:28 -56593.980806] AUTODETECT spr round 5 (radius: 25)
[00:01:29 -56526.945421] SPR radius for FAST iterations: 25 (autodetect)
[00:01:29 -56526.945421] Model parameter optimization (eps = 3.000000)
[00:01:31 -56512.262070] FAST spr round 1 (radius: 25)
[00:01:40 -56371.762224] FAST spr round 2 (radius: 25)
[00:01:46 -56368.859578] FAST spr round 3 (radius: 25)
[00:01:51 -56368.857846] Model parameter optimization (eps = 1.000000)
[00:01:58 -56353.443867] SLOW spr round 1 (radius: 5)
[00:02:04 -56353.434438] SLOW spr round 2 (radius: 10)
[00:02:11 -56353.023251] SLOW spr round 3 (radius: 5)
[00:02:17 -56353.021525] SLOW spr round 4 (radius: 10)
[00:02:24 -56353.021518] SLOW spr round 5 (radius: 15)
[00:02:32 -56353.021517] SLOW spr round 6 (radius: 20)
[00:02:37 -56353.021517] SLOW spr round 7 (radius: 25)
[00:02:41 -56353.021517] Model parameter optimization (eps = 0.100000)

[00:02:45] ML tree search #2, logLikelihood: -56351.903058

[00:02:45 -183855.199061] Initial branch length optimization
[00:02:45 -61040.167609] Model parameter optimization (eps = 10.000000)
[00:02:52 -57079.666745] AUTODETECT spr round 1 (radius: 5)
[00:02:54 -56745.795247] AUTODETECT spr round 2 (radius: 10)
[00:02:56 -56556.974960] AUTODETECT spr round 3 (radius: 15)
[00:02:59 -56485.064874] AUTODETECT spr round 4 (radius: 20)
[00:03:01 -56485.064874] SPR radius for FAST iterations: 15 (autodetect)
[00:03:01 -56485.064874] Model parameter optimization (eps = 3.000000)
[00:03:03 -56476.490109] FAST spr round 1 (radius: 15)
[00:03:09 -56374.611976] FAST spr round 2 (radius: 15)
[00:03:15 -56374.591764] Model parameter optimization (eps = 1.000000)
[00:03:23 -56353.680156] SLOW spr round 1 (radius: 5)
[00:03:29 -56353.677807] SLOW spr round 2 (radius: 10)
[00:03:37 -56353.276007] SLOW spr round 3 (radius: 5)
[00:03:43 -56353.273992] SLOW spr round 4 (radius: 10)
[00:03:50 -56353.273982] SLOW spr round 5 (radius: 15)
[00:03:55 -56353.273982] SLOW spr round 6 (radius: 20)
[00:04:00 -56353.273982] SLOW spr round 7 (radius: 25)
[00:04:05 -56353.273982] Model parameter optimization (eps = 0.100000)

[00:04:08] ML tree search #3, logLikelihood: -56351.968668

[00:04:08 -183843.179492] Initial branch length optimization
[00:04:09 -61059.529213] Model parameter optimization (eps = 10.000000)
[00:04:15 -57081.389319] AUTODETECT spr round 1 (radius: 5)
[00:04:17 -56754.253703] AUTODETECT spr round 2 (radius: 10)
[00:04:20 -56586.709539] AUTODETECT spr round 3 (radius: 15)
[00:04:23 -56496.024153] AUTODETECT spr round 4 (radius: 20)
[00:04:25 -56495.994683] SPR radius for FAST iterations: 15 (autodetect)
[00:04:25 -56495.994683] Model parameter optimization (eps = 3.000000)
[00:04:26 -56483.788118] FAST spr round 1 (radius: 15)
[00:04:34 -56368.560324] FAST spr round 2 (radius: 15)
[00:04:39 -56368.536323] Model parameter optimization (eps = 1.000000)
[00:04:45 -56352.967639] SLOW spr round 1 (radius: 5)
[00:04:52 -56352.965028] SLOW spr round 2 (radius: 10)
[00:05:00 -56352.964978] SLOW spr round 3 (radius: 15)
[00:05:07 -56352.964976] SLOW spr round 4 (radius: 20)
[00:05:12 -56352.964976] SLOW spr round 5 (radius: 25)
[00:05:16 -56352.964976] Model parameter optimization (eps = 0.100000)

[00:05:19] ML tree search #4, logLikelihood: -56351.898803

[00:05:19 -183840.221032] Initial branch length optimization
[00:05:19 -61013.820486] Model parameter optimization (eps = 10.000000)
[00:05:26 -57074.453676] AUTODETECT spr round 1 (radius: 5)
[00:05:28 -56814.669904] AUTODETECT spr round 2 (radius: 10)
[00:05:31 -56539.430937] AUTODETECT spr round 3 (radius: 15)
[00:05:34 -56449.753987] AUTODETECT spr round 4 (radius: 20)
[00:05:36 -56415.924027] AUTODETECT spr round 5 (radius: 25)
[00:05:37 -56415.923824] SPR radius for FAST iterations: 20 (autodetect)
[00:05:37 -56415.923824] Model parameter optimization (eps = 3.000000)
[00:05:39 -56400.850428] FAST spr round 1 (radius: 20)
[00:05:46 -56367.679462] FAST spr round 2 (radius: 20)
[00:05:52 -56367.661450] Model parameter optimization (eps = 1.000000)
[00:05:57 -56353.465348] SLOW spr round 1 (radius: 5)
[00:06:03 -56353.455903] SLOW spr round 2 (radius: 10)
[00:06:11 -56353.455873] SLOW spr round 3 (radius: 15)
[00:06:17 -56353.455871] SLOW spr round 4 (radius: 20)
[00:06:22 -56353.455871] SLOW spr round 5 (radius: 25)
[00:06:26 -56353.455871] Model parameter optimization (eps = 0.100000)

[00:06:29] ML tree search #5, logLikelihood: -56351.928149

[00:06:29 -183848.335566] Initial branch length optimization
[00:06:29 -61045.639544] Model parameter optimization (eps = 10.000000)
[00:06:35 -57085.643974] AUTODETECT spr round 1 (radius: 5)
[00:06:37 -56851.662605] AUTODETECT spr round 2 (radius: 10)
[00:06:40 -56667.930706] AUTODETECT spr round 3 (radius: 15)
[00:06:42 -56572.707663] AUTODETECT spr round 4 (radius: 20)
[00:06:44 -56570.890008] AUTODETECT spr round 5 (radius: 25)
[00:06:46 -56570.890004] SPR radius for FAST iterations: 20 (autodetect)
[00:06:46 -56570.890004] Model parameter optimization (eps = 3.000000)
[00:06:48 -56561.717653] FAST spr round 1 (radius: 20)
[00:06:55 -56444.667488] FAST spr round 2 (radius: 20)
[00:07:01 -56441.720956] FAST spr round 3 (radius: 20)
[00:07:08 -56441.718761] Model parameter optimization (eps = 1.000000)
[00:07:10 -56439.533258] SLOW spr round 1 (radius: 5)
[00:07:18 -56439.184796] SLOW spr round 2 (radius: 5)
[00:07:23 -56439.182881] SLOW spr round 3 (radius: 10)
[00:07:28 -56439.182881] SLOW spr round 4 (radius: 15)
[00:07:33 -56439.182881] SLOW spr round 5 (radius: 20)
[00:07:38 -56439.182529] SLOW spr round 6 (radius: 25)
[00:07:43 -56439.182529] Model parameter optimization (eps = 0.100000)

[00:07:47] ML tree search #6, logLikelihood: -56430.704397

[00:07:47 -183854.360240] Initial branch length optimization
[00:07:47 -61072.796649] Model parameter optimization (eps = 10.000000)
[00:07:54 -57102.568068] AUTODETECT spr round 1 (radius: 5)
[00:07:56 -56872.272152] AUTODETECT spr round 2 (radius: 10)
[00:07:59 -56548.575925] AUTODETECT spr round 3 (radius: 15)
[00:08:02 -56495.452182] AUTODETECT spr round 4 (radius: 20)
[00:08:05 -56495.103809] AUTODETECT spr round 5 (radius: 25)
[00:08:08 -56495.103809] SPR radius for FAST iterations: 20 (autodetect)
[00:08:08 -56495.103809] Model parameter optimization (eps = 3.000000)
[00:08:09 -56487.630683] FAST spr round 1 (radius: 20)
[00:08:17 -56374.271382] FAST spr round 2 (radius: 20)
[00:08:23 -56374.259795] Model parameter optimization (eps = 1.000000)
[00:08:29 -56354.069021] SLOW spr round 1 (radius: 5)
[00:08:35 -56354.059320] SLOW spr round 2 (radius: 10)
[00:08:43 -56353.661764] SLOW spr round 3 (radius: 5)
[00:08:51 -56353.659841] SLOW spr round 4 (radius: 10)
[00:08:58 -56353.659832] SLOW spr round 5 (radius: 15)
[00:09:05 -56353.659832] SLOW spr round 6 (radius: 20)
[00:09:10 -56353.659832] SLOW spr round 7 (radius: 25)
[00:09:15 -56353.659832] Model parameter optimization (eps = 0.100000)

[00:09:20] ML tree search #7, logLikelihood: -56351.958059

[00:09:20 -183842.023231] Initial branch length optimization
[00:09:20 -61028.371623] Model parameter optimization (eps = 10.000000)
[00:09:26 -57086.856531] AUTODETECT spr round 1 (radius: 5)
[00:09:28 -56762.105119] AUTODETECT spr round 2 (radius: 10)
[00:09:31 -56451.099749] AUTODETECT spr round 3 (radius: 15)
[00:09:34 -56409.619300] AUTODETECT spr round 4 (radius: 20)
[00:09:36 -56409.618373] SPR radius for FAST iterations: 15 (autodetect)
[00:09:36 -56409.618373] Model parameter optimization (eps = 3.000000)
[00:09:40 -56392.225202] FAST spr round 1 (radius: 15)
[00:09:47 -56365.189813] FAST spr round 2 (radius: 15)
[00:09:52 -56365.188017] Model parameter optimization (eps = 1.000000)
[00:09:57 -56353.365141] SLOW spr round 1 (radius: 5)
[00:10:04 -56353.355415] SLOW spr round 2 (radius: 10)
[00:10:12 -56352.945161] SLOW spr round 3 (radius: 5)
[00:10:20 -56352.943507] SLOW spr round 4 (radius: 10)
[00:10:30 -56352.943500] SLOW spr round 5 (radius: 15)
[00:10:37 -56352.943499] SLOW spr round 6 (radius: 20)
[00:10:42 -56352.943499] SLOW spr round 7 (radius: 25)
[00:10:44 -56352.943499] Model parameter optimization (eps = 0.100000)

[00:10:48] ML tree search #8, logLikelihood: -56351.907366

[00:10:48 -183838.663999] Initial branch length optimization
[00:10:48 -61019.085639] Model parameter optimization (eps = 10.000000)
[00:10:55 -57080.014712] AUTODETECT spr round 1 (radius: 5)
[00:10:57 -56779.706833] AUTODETECT spr round 2 (radius: 10)
[00:10:59 -56603.949402] AUTODETECT spr round 3 (radius: 15)
[00:11:02 -56493.344148] AUTODETECT spr round 4 (radius: 20)
[00:11:05 -56466.490394] AUTODETECT spr round 5 (radius: 25)
[00:11:07 -56466.486382] SPR radius for FAST iterations: 20 (autodetect)
[00:11:07 -56466.486382] Model parameter optimization (eps = 3.000000)
[00:11:10 -56449.882849] FAST spr round 1 (radius: 20)
[00:11:17 -56382.962368] FAST spr round 2 (radius: 20)
[00:11:23 -56365.044990] FAST spr round 3 (radius: 20)
[00:11:27 -56365.043022] Model parameter optimization (eps = 1.000000)
[00:11:32 -56352.452084] SLOW spr round 1 (radius: 5)
[00:11:38 -56352.441756] SLOW spr round 2 (radius: 10)
[00:11:45 -56352.028711] SLOW spr round 3 (radius: 5)
[00:11:51 -56352.026639] SLOW spr round 4 (radius: 10)
[00:11:59 -56352.026631] SLOW spr round 5 (radius: 15)
[00:12:06 -56352.026631] SLOW spr round 6 (radius: 20)
[00:12:12 -56352.026631] SLOW spr round 7 (radius: 25)
[00:12:16 -56352.026631] Model parameter optimization (eps = 0.100000)

[00:12:20] ML tree search #9, logLikelihood: -56350.744039

[00:12:20 -181193.978198] Initial branch length optimization
[00:12:21 -59724.424715] Model parameter optimization (eps = 10.000000)
[00:12:25 -56368.897564] AUTODETECT spr round 1 (radius: 5)
[00:12:27 -56364.810064] AUTODETECT spr round 2 (radius: 10)
[00:12:30 -56364.808574] SPR radius for FAST iterations: 5 (autodetect)
[00:12:30 -56364.808574] Model parameter optimization (eps = 3.000000)
[00:12:32 -56356.491498] FAST spr round 1 (radius: 5)
[00:12:35 -56356.433067] Model parameter optimization (eps = 1.000000)
[00:12:37 -56352.604398] SLOW spr round 1 (radius: 5)
[00:12:43 -56352.463088] SLOW spr round 2 (radius: 5)
[00:12:50 -56352.459864] SLOW spr round 3 (radius: 10)
[00:12:58 -56352.445458] SLOW spr round 4 (radius: 15)
[00:13:03 -56352.445458] SLOW spr round 5 (radius: 20)
[00:13:07 -56352.445458] SLOW spr round 6 (radius: 25)
[00:13:10 -56352.445458] Model parameter optimization (eps = 0.100000)

[00:13:16] ML tree search #10, logLikelihood: -56350.671687

[00:13:16 -181192.990458] Initial branch length optimization
[00:13:16 -59726.854661] Model parameter optimization (eps = 10.000000)
[00:13:21 -56375.156879] AUTODETECT spr round 1 (radius: 5)
[00:13:23 -56373.746860] AUTODETECT spr round 2 (radius: 10)
[00:13:26 -56373.745954] SPR radius for FAST iterations: 5 (autodetect)
[00:13:26 -56373.745954] Model parameter optimization (eps = 3.000000)
[00:13:28 -56363.007260] FAST spr round 1 (radius: 5)
[00:13:31 -56354.847633] FAST spr round 2 (radius: 5)
[00:13:34 -56354.841133] Model parameter optimization (eps = 1.000000)
[00:13:35 -56352.761886] SLOW spr round 1 (radius: 5)
[00:13:41 -56352.608292] SLOW spr round 2 (radius: 5)
[00:13:48 -56352.602976] SLOW spr round 3 (radius: 10)
[00:13:56 -56352.602351] SLOW spr round 4 (radius: 15)
[00:14:00 -56352.602351] SLOW spr round 5 (radius: 20)
[00:14:06 -56352.602351] SLOW spr round 6 (radius: 25)
[00:14:11 -56352.602351] Model parameter optimization (eps = 0.100000)

[00:14:16] ML tree search #11, logLikelihood: -56350.984606

[00:14:16 -181193.250864] Initial branch length optimization
[00:14:16 -59720.494727] Model parameter optimization (eps = 10.000000)
[00:14:20 -56367.160960] AUTODETECT spr round 1 (radius: 5)
[00:14:22 -56365.169490] AUTODETECT spr round 2 (radius: 10)
[00:14:25 -56365.167346] SPR radius for FAST iterations: 5 (autodetect)
[00:14:25 -56365.167346] Model parameter optimization (eps = 3.000000)
[00:14:27 -56354.849307] FAST spr round 1 (radius: 5)
[00:14:30 -56354.779571] Model parameter optimization (eps = 1.000000)
[00:14:32 -56352.761125] SLOW spr round 1 (radius: 5)
[00:14:38 -56352.739262] SLOW spr round 2 (radius: 10)
[00:14:44 -56352.719992] SLOW spr round 3 (radius: 15)
[00:14:52 -56352.580703] SLOW spr round 4 (radius: 5)
[00:14:59 -56352.552558] SLOW spr round 5 (radius: 10)
[00:15:06 -56352.550874] SLOW spr round 6 (radius: 15)
[00:15:14 -56352.550869] SLOW spr round 7 (radius: 20)
[00:15:19 -56352.550869] SLOW spr round 8 (radius: 25)
[00:15:22 -56352.550869] Model parameter optimization (eps = 0.100000)

[00:15:27] ML tree search #12, logLikelihood: -56350.668102

[00:15:27 -181193.619537] Initial branch length optimization
[00:15:27 -59726.472347] Model parameter optimization (eps = 10.000000)
[00:15:32 -56374.586834] AUTODETECT spr round 1 (radius: 5)
[00:15:33 -56365.629875] AUTODETECT spr round 2 (radius: 10)
[00:15:36 -56365.627305] SPR radius for FAST iterations: 5 (autodetect)
[00:15:36 -56365.627305] Model parameter optimization (eps = 3.000000)
[00:15:39 -56354.966001] FAST spr round 1 (radius: 5)
[00:15:42 -56354.897568] Model parameter optimization (eps = 1.000000)
[00:15:43 -56352.813718] SLOW spr round 1 (radius: 5)
[00:15:49 -56352.782758] SLOW spr round 2 (radius: 10)
[00:15:57 -56352.781242] SLOW spr round 3 (radius: 15)
[00:16:03 -56352.649547] SLOW spr round 4 (radius: 5)
[00:16:10 -56352.647465] SLOW spr round 5 (radius: 10)
[00:16:19 -56352.616839] SLOW spr round 6 (radius: 15)
[00:16:25 -56352.615041] SLOW spr round 7 (radius: 20)
[00:16:29 -56352.615037] SLOW spr round 8 (radius: 25)
[00:16:31 -56352.615037] Model parameter optimization (eps = 0.100000)

[00:16:36] ML tree search #13, logLikelihood: -56350.656137

[00:16:37 -181188.414275] Initial branch length optimization
[00:16:37 -59718.131148] Model parameter optimization (eps = 10.000000)
[00:16:41 -56366.986864] AUTODETECT spr round 1 (radius: 5)
[00:16:43 -56365.575609] AUTODETECT spr round 2 (radius: 10)
[00:16:46 -56365.574298] SPR radius for FAST iterations: 5 (autodetect)
[00:16:46 -56365.574298] Model parameter optimization (eps = 3.000000)
[00:16:48 -56354.990835] FAST spr round 1 (radius: 5)
[00:16:51 -56354.924513] Model parameter optimization (eps = 1.000000)
[00:16:52 -56352.835547] SLOW spr round 1 (radius: 5)
[00:16:58 -56352.806909] SLOW spr round 2 (radius: 10)
[00:17:07 -56352.658593] SLOW spr round 3 (radius: 5)
[00:17:13 -56352.640269] SLOW spr round 4 (radius: 10)
[00:17:20 -56352.638459] SLOW spr round 5 (radius: 15)
[00:17:25 -56352.638457] SLOW spr round 6 (radius: 20)
[00:17:29 -56352.638457] SLOW spr round 7 (radius: 25)
[00:17:33 -56352.638457] Model parameter optimization (eps = 0.100000)

[00:17:38] ML tree search #14, logLikelihood: -56350.662407

[00:17:38 -181191.010470] Initial branch length optimization
[00:17:38 -59725.562387] Model parameter optimization (eps = 10.000000)
[00:17:43 -56369.985354] AUTODETECT spr round 1 (radius: 5)
[00:17:45 -56366.071199] AUTODETECT spr round 2 (radius: 10)
[00:17:48 -56365.022875] AUTODETECT spr round 3 (radius: 15)
[00:17:51 -56365.022874] SPR radius for FAST iterations: 10 (autodetect)
[00:17:51 -56365.022874] Model parameter optimization (eps = 3.000000)
[00:17:54 -56354.714327] FAST spr round 1 (radius: 10)
[00:17:59 -56354.592085] FAST spr round 2 (radius: 10)
[00:18:02 -56354.579688] Model parameter optimization (eps = 1.000000)
[00:18:04 -56352.413045] SLOW spr round 1 (radius: 5)
[00:18:10 -56352.394064] SLOW spr round 2 (radius: 10)
[00:18:18 -56352.391583] SLOW spr round 3 (radius: 15)
[00:18:27 -56352.390082] SLOW spr round 4 (radius: 20)
[00:18:31 -56352.390075] SLOW spr round 5 (radius: 25)
[00:18:32 -56352.390075] Model parameter optimization (eps = 0.100000)

[00:18:38] ML tree search #15, logLikelihood: -56350.667193

[00:18:38 -181193.668515] Initial branch length optimization
[00:18:38 -59728.748841] Model parameter optimization (eps = 10.000000)
[00:18:43 -56377.053772] AUTODETECT spr round 1 (radius: 5)
[00:18:45 -56375.643825] AUTODETECT spr round 2 (radius: 10)
[00:18:47 -56375.643131] SPR radius for FAST iterations: 5 (autodetect)
[00:18:47 -56375.643131] Model parameter optimization (eps = 3.000000)
[00:18:50 -56364.905392] FAST spr round 1 (radius: 5)
[00:18:53 -56364.841924] Model parameter optimization (eps = 1.000000)
[00:18:54 -56362.708237] SLOW spr round 1 (radius: 5)
[00:19:00 -56362.679494] SLOW spr round 2 (radius: 10)
[00:19:08 -56352.593008] SLOW spr round 3 (radius: 5)
[00:19:14 -56352.589844] SLOW spr round 4 (radius: 10)
[00:19:24 -56352.589670] SLOW spr round 5 (radius: 15)
[00:19:30 -56352.589670] SLOW spr round 6 (radius: 20)
[00:19:35 -56352.589670] SLOW spr round 7 (radius: 25)
[00:19:38 -56352.589670] Model parameter optimization (eps = 0.100000)

[00:19:43] ML tree search #16, logLikelihood: -56350.979809

[00:19:43 -181190.319226] Initial branch length optimization
[00:19:43 -59721.112376] Model parameter optimization (eps = 10.000000)
[00:19:48 -56368.206906] AUTODETECT spr round 1 (radius: 5)
[00:19:50 -56365.316481] AUTODETECT spr round 2 (radius: 10)
[00:19:52 -56365.315777] SPR radius for FAST iterations: 5 (autodetect)
[00:19:52 -56365.315777] Model parameter optimization (eps = 3.000000)
[00:19:55 -56354.874579] FAST spr round 1 (radius: 5)
[00:19:58 -56354.811168] Model parameter optimization (eps = 1.000000)
[00:20:00 -56352.766099] SLOW spr round 1 (radius: 5)
[00:20:06 -56352.742166] SLOW spr round 2 (radius: 10)
[00:20:13 -56352.601036] SLOW spr round 3 (radius: 5)
[00:20:20 -56352.573664] SLOW spr round 4 (radius: 10)
[00:20:28 -56352.571880] SLOW spr round 5 (radius: 15)
[00:20:34 -56352.571874] SLOW spr round 6 (radius: 20)
[00:20:39 -56352.571874] SLOW spr round 7 (radius: 25)
[00:20:42 -56352.571874] Model parameter optimization (eps = 0.100000)

[00:20:47] ML tree search #17, logLikelihood: -56350.655457

[00:20:47 -181188.325896] Initial branch length optimization
[00:20:48 -59718.130052] Model parameter optimization (eps = 10.000000)
[00:20:52 -56366.987139] AUTODETECT spr round 1 (radius: 5)
[00:20:54 -56365.562698] AUTODETECT spr round 2 (radius: 10)
[00:20:57 -56365.560748] SPR radius for FAST iterations: 5 (autodetect)
[00:20:57 -56365.560748] Model parameter optimization (eps = 3.000000)
[00:21:00 -56354.969492] FAST spr round 1 (radius: 5)
[00:21:03 -56354.901501] Model parameter optimization (eps = 1.000000)
[00:21:04 -56352.814022] SLOW spr round 1 (radius: 5)
[00:21:11 -56352.656640] SLOW spr round 2 (radius: 5)
[00:21:18 -56352.636715] SLOW spr round 3 (radius: 10)
[00:21:27 -56352.634366] SLOW spr round 4 (radius: 15)
[00:21:33 -56352.634365] SLOW spr round 5 (radius: 20)
[00:21:38 -56352.634365] SLOW spr round 6 (radius: 25)
[00:21:42 -56352.634365] Model parameter optimization (eps = 0.100000)

[00:21:48] ML tree search #18, logLikelihood: -56350.663667



Final LogLikelihood: -56350.655457

AIC score: 113247.310914 / AICc score: 113252.492184 / BIC score: 115507.789565
Free parameters (model + branch lengths): 273

Best ML tree saved to: /home/hikoyu/analysis/Genome/SARS-CoV-2/phylogeny/RAxML-NG/DNA/part/sep/SARS-CoV-2_200328.0.raxml.bestTree
All ML trees saved to: /home/hikoyu/analysis/Genome/SARS-CoV-2/phylogeny/RAxML-NG/DNA/part/sep/SARS-CoV-2_200328.0.raxml.mlTrees
Optimized model saved to: /home/hikoyu/analysis/Genome/SARS-CoV-2/phylogeny/RAxML-NG/DNA/part/sep/SARS-CoV-2_200328.0.raxml.bestModel

Execution log saved to: /home/hikoyu/analysis/Genome/SARS-CoV-2/phylogeny/RAxML-NG/DNA/part/sep/SARS-CoV-2_200328.0.raxml.log

Analysis started: 30-Mar-2020 09:54:25 / finished: 30-Mar-2020 10:16:13

Elapsed time: 1308.093 seconds

