
RAxML-NG v. 0.9.0 released on 20.05.2019 by The Exelixis Lab.
Developed by: Alexey M. Kozlov and Alexandros Stamatakis.
Contributors: Diego Darriba, Tomas Flouri, Benoit Morel, Sarah Lutteropp, Ben Bettisworth.
Latest version: https://github.com/amkozlov/raxml-ng
Questions/problems/suggestions? Please visit: https://groups.google.com/forum/#!forum/raxml

RAxML-NG was called at 30-Mar-2020 10:58:17 as follows:

raxml-ng --threads 1 --bootstrap --bs-trees 84 --seed 82941054 --prefix phylogeny/RAxML-NG/DNA/part/sep/SARS-CoV-2_200328.3 --msa phylogeny/RAxML-NG/DNA/part/sep/SARS-CoV-2_200328.raxml.rba --outgroup MG772933.1

Analysis options:
  run mode: Bootstrapping
  start tree(s): 
  bootstrap replicates: 84
  random seed: 82941054
  tip-inner: OFF
  pattern compression: ON
  per-rate scalers: OFF
  site repeats: ON
  branch lengths: proportional (ML estimate, algorithm: NR-FAST)
  SIMD kernels: AVX2
  parallelization: NONE/sequential

[00:00:00] Loading binary alignment from file: phylogeny/RAxML-NG/DNA/part/sep/SARS-CoV-2_200328.raxml.rba
[00:00:00] Alignment comprises 80 taxa, 33 partitions and 791 patterns

Partition 0: orf1ab_U_p1
Model: TN93+FO+I+B
Alignment sites / patterns: 4405 / 63
Gaps: 0.10 %
Invariant sites: 95.07 %

Partition 1: orf1ab_U_p2
Model: HKY+FO+I+B
Alignment sites / patterns: 4405 / 69
Gaps: 0.10 %
Invariant sites: 96.71 %

Partition 2: orf1ab_U_p3
Model: TN93+FO+G4m+B
Alignment sites / patterns: 4405 / 91
Gaps: 0.10 %
Invariant sites: 73.83 %

Partition 3: orf1ab_D_p1
Model: TN93+FO+I+B
Alignment sites / patterns: 2697 / 36
Gaps: 0.04 %
Invariant sites: 93.29 %

Partition 4: orf1ab_D_p2
Model: HKY+FO+I+G4m+B
Alignment sites / patterns: 2697 / 33
Gaps: 0.04 %
Invariant sites: 98.07 %

Partition 5: orf1ab_D_p3
Model: TPM3uf+FO+G4m+B
Alignment sites / patterns: 2697 / 59
Gaps: 0.04 %
Invariant sites: 62.51 %

Partition 6: S_p1
Model: TN93+FO+G4m+B
Alignment sites / patterns: 1274 / 43
Gaps: 0.04 %
Invariant sites: 83.12 %

Partition 7: S_p2
Model: F81+FO+B
Alignment sites / patterns: 1274 / 39
Gaps: 0.04 %
Invariant sites: 90.19 %

Partition 8: S_p3
Model: HKY+FO+I+B
Alignment sites / patterns: 1274 / 70
Gaps: 0.04 %
Invariant sites: 50.24 %

Partition 9: ORF3a_p1
Model: JC+G4m+B
Alignment sites / patterns: 276 / 20
Gaps: 0.00 %
Invariant sites: 90.58 %

Partition 10: ORF3a_p2
Model: JC+I+G4m+B
Alignment sites / patterns: 276 / 15
Gaps: 0.00 %
Invariant sites: 95.29 %

Partition 11: ORF3a_p3
Model: HKY+FO+I+B
Alignment sites / patterns: 276 / 22
Gaps: 0.00 %
Invariant sites: 70.65 %

Partition 12: E_p1
Model: JC+B
Alignment sites / patterns: 76 / 5
Gaps: 0.00 %
Invariant sites: 98.68 %

Partition 13: E_p2
Model: JC+B
Alignment sites / patterns: 76 / 5
Gaps: 0.00 %
Invariant sites: 98.68 %

Partition 14: E_p3
Model: JC+B
Alignment sites / patterns: 76 / 6
Gaps: 0.00 %
Invariant sites: 97.37 %

Partition 15: M_p1
Model: TN93ef+B
Alignment sites / patterns: 223 / 9
Gaps: 0.01 %
Invariant sites: 95.52 %

Partition 16: M_p2
Model: JC+I+B
Alignment sites / patterns: 223 / 7
Gaps: 0.01 %
Invariant sites: 99.10 %

Partition 17: M_p3
Model: K80+I+B
Alignment sites / patterns: 223 / 28
Gaps: 0.01 %
Invariant sites: 78.03 %

Partition 18: ORF6_p1
Model: JC+B
Alignment sites / patterns: 62 / 6
Gaps: 0.00 %
Invariant sites: 95.16 %

Partition 19: ORF6_p2
Model: JC+B
Alignment sites / patterns: 62 / 6
Gaps: 0.00 %
Invariant sites: 96.77 %

Partition 20: ORF6_p3
Model: JC+B
Alignment sites / patterns: 62 / 9
Gaps: 0.00 %
Invariant sites: 88.71 %

Partition 21: ORF7a_p1
Model: K80+B
Alignment sites / patterns: 122 / 11
Gaps: 0.00 %
Invariant sites: 90.98 %

Partition 22: ORF7a_p2
Model: K80+B
Alignment sites / patterns: 122 / 10
Gaps: 0.00 %
Invariant sites: 92.62 %

Partition 23: ORF7a_p3
Model: HKY+FO+I+B
Alignment sites / patterns: 122 / 16
Gaps: 0.00 %
Invariant sites: 78.69 %

Partition 24: ORF8_p1
Model: JC+I+B
Alignment sites / patterns: 122 / 12
Gaps: 0.00 %
Invariant sites: 93.44 %

Partition 25: ORF8_p2
Model: K80+I+G4m+B
Alignment sites / patterns: 122 / 9
Gaps: 0.00 %
Invariant sites: 95.90 %

Partition 26: ORF8_p3
Model: HKY+FO+B
Alignment sites / patterns: 122 / 16
Gaps: 0.00 %
Invariant sites: 69.67 %

Partition 27: N_p1
Model: K80+I+B
Alignment sites / patterns: 420 / 15
Gaps: 0.00 %
Invariant sites: 95.24 %

Partition 28: N_p2
Model: JC+B
Alignment sites / patterns: 420 / 16
Gaps: 0.00 %
Invariant sites: 95.95 %

Partition 29: N_p3
Model: HKY+FO+G4m+B
Alignment sites / patterns: 420 / 30
Gaps: 0.00 %
Invariant sites: 76.67 %

Partition 30: ORF10_p1
Model: JC+B
Alignment sites / patterns: 39 / 6
Gaps: 0.00 %
Invariant sites: 94.87 %

Partition 31: ORF10_p2
Model: JC+B
Alignment sites / patterns: 39 / 4
Gaps: 0.00 %
Invariant sites: 100.00 %

Partition 32: ORF10_p3
Model: JC+B
Alignment sites / patterns: 39 / 5
Gaps: 0.00 %
Invariant sites: 97.44 %


[00:00:00] Data distribution: max. partitions/sites/weight per thread: 33 / 791 / 6764
[00:00:00] Starting bootstrapping analysis with 84 replicates.

[00:01:15] Bootstrap tree #1, logLikelihood: -56095.403706
[00:02:09] Bootstrap tree #2, logLikelihood: -55938.592622
[00:03:18] Bootstrap tree #3, logLikelihood: -56561.207529
[00:04:19] Bootstrap tree #4, logLikelihood: -55844.925074
[00:05:22] Bootstrap tree #5, logLikelihood: -56112.969105
[00:06:31] Bootstrap tree #6, logLikelihood: -55847.781377
[00:07:43] Bootstrap tree #7, logLikelihood: -56117.317177
[00:08:39] Bootstrap tree #8, logLikelihood: -56305.012275
[00:09:40] Bootstrap tree #9, logLikelihood: -56333.889743
[00:10:42] Bootstrap tree #10, logLikelihood: -56229.735707
[00:11:48] Bootstrap tree #11, logLikelihood: -55840.818110
[00:12:59] Bootstrap tree #12, logLikelihood: -56560.504128
[00:14:11] Bootstrap tree #13, logLikelihood: -56115.311814
[00:15:32] Bootstrap tree #14, logLikelihood: -56315.406896
[00:16:34] Bootstrap tree #15, logLikelihood: -55905.041335
[00:17:49] Bootstrap tree #16, logLikelihood: -56256.773920
[00:18:58] Bootstrap tree #17, logLikelihood: -56013.198324
[00:20:05] Bootstrap tree #18, logLikelihood: -56339.182529
[00:21:14] Bootstrap tree #19, logLikelihood: -55963.142121
[00:22:43] Bootstrap tree #20, logLikelihood: -55760.500251
[00:23:58] Bootstrap tree #21, logLikelihood: -56208.264076
[00:25:08] Bootstrap tree #22, logLikelihood: -56079.816475
[00:26:16] Bootstrap tree #23, logLikelihood: -56396.269976
[00:27:25] Bootstrap tree #24, logLikelihood: -55926.918407
[00:28:36] Bootstrap tree #25, logLikelihood: -56123.317791
[00:30:10] Bootstrap tree #26, logLikelihood: -56191.511797
[00:31:16] Bootstrap tree #27, logLikelihood: -56207.266473
[00:32:24] Bootstrap tree #28, logLikelihood: -56475.944889
[00:33:40] Bootstrap tree #29, logLikelihood: -56110.268245
[00:34:37] Bootstrap tree #30, logLikelihood: -56296.119058
[00:35:38] Bootstrap tree #31, logLikelihood: -55940.084989
[00:36:54] Bootstrap tree #32, logLikelihood: -55974.799730
[00:38:04] Bootstrap tree #33, logLikelihood: -56491.546523
[00:39:15] Bootstrap tree #34, logLikelihood: -56236.081073
[00:40:59] Bootstrap tree #35, logLikelihood: -56301.137444
[00:42:04] Bootstrap tree #36, logLikelihood: -55977.038862
[00:43:20] Bootstrap tree #37, logLikelihood: -56567.510211
[00:45:21] Bootstrap tree #38, logLikelihood: -55974.898138
[00:47:11] Bootstrap tree #39, logLikelihood: -55819.926548
[00:48:21] Bootstrap tree #40, logLikelihood: -56428.336406
[00:49:32] Bootstrap tree #41, logLikelihood: -55982.256897
[00:50:46] Bootstrap tree #42, logLikelihood: -56444.135434
[00:52:40] Bootstrap tree #43, logLikelihood: -56517.628653
[00:53:53] Bootstrap tree #44, logLikelihood: -56126.633314
[00:54:58] Bootstrap tree #45, logLikelihood: -56095.052684
[00:55:58] Bootstrap tree #46, logLikelihood: -55810.441640
[00:57:09] Bootstrap tree #47, logLikelihood: -56127.035603
[00:58:32] Bootstrap tree #48, logLikelihood: -56339.975717
[00:59:38] Bootstrap tree #49, logLikelihood: -56365.124177
[01:01:18] Bootstrap tree #50, logLikelihood: -55995.528554
[01:02:29] Bootstrap tree #51, logLikelihood: -56069.168025
[01:04:31] Bootstrap tree #52, logLikelihood: -56479.677136
[01:05:59] Bootstrap tree #53, logLikelihood: -56646.086223
[01:07:06] Bootstrap tree #54, logLikelihood: -56084.299700
[01:08:14] Bootstrap tree #55, logLikelihood: -56437.362434
[01:09:23] Bootstrap tree #56, logLikelihood: -55963.746175
[01:10:29] Bootstrap tree #57, logLikelihood: -56223.210998
[01:11:28] Bootstrap tree #58, logLikelihood: -55862.857625
[01:13:08] Bootstrap tree #59, logLikelihood: -56173.929471
[01:14:25] Bootstrap tree #60, logLikelihood: -56463.625528
[01:15:35] Bootstrap tree #61, logLikelihood: -56090.498711
[01:16:51] Bootstrap tree #62, logLikelihood: -55779.022950
[01:17:53] Bootstrap tree #63, logLikelihood: -56130.280225
[01:19:08] Bootstrap tree #64, logLikelihood: -56265.352917
[01:20:18] Bootstrap tree #65, logLikelihood: -55895.374373
[01:21:31] Bootstrap tree #66, logLikelihood: -56210.730445
[01:22:56] Bootstrap tree #67, logLikelihood: -56378.480738
[01:24:13] Bootstrap tree #68, logLikelihood: -56331.650155
[01:25:23] Bootstrap tree #69, logLikelihood: -55931.769273
[01:26:33] Bootstrap tree #70, logLikelihood: -56020.329839
[01:27:40] Bootstrap tree #71, logLikelihood: -56198.735977
[01:28:50] Bootstrap tree #72, logLikelihood: -56122.519995
[01:30:07] Bootstrap tree #73, logLikelihood: -55758.833729
[01:31:15] Bootstrap tree #74, logLikelihood: -56415.318647
[01:32:50] Bootstrap tree #75, logLikelihood: -56384.137862
[01:34:03] Bootstrap tree #76, logLikelihood: -56412.226066
[01:35:09] Bootstrap tree #77, logLikelihood: -56332.034553
[01:36:27] Bootstrap tree #78, logLikelihood: -56190.813262
[01:37:38] Bootstrap tree #79, logLikelihood: -56327.664786
[01:38:53] Bootstrap tree #80, logLikelihood: -56131.210706
[01:40:01] Bootstrap tree #81, logLikelihood: -55970.458333
[01:41:16] Bootstrap tree #82, logLikelihood: -55868.605653
[01:42:35] Bootstrap tree #83, logLikelihood: -55958.510482
[01:43:38] Bootstrap tree #84, logLikelihood: -56380.314817

Bootstrap trees saved to: /home/hikoyu/analysis/Genome/SARS-CoV-2/phylogeny/RAxML-NG/DNA/part/sep/SARS-CoV-2_200328.3.raxml.bootstraps

Execution log saved to: /home/hikoyu/analysis/Genome/SARS-CoV-2/phylogeny/RAxML-NG/DNA/part/sep/SARS-CoV-2_200328.3.raxml.log

Analysis started: 30-Mar-2020 10:58:17 / finished: 30-Mar-2020 12:41:56

Elapsed time: 6219.086 seconds

