
RAxML-NG v. 0.9.0 released on 20.05.2019 by The Exelixis Lab.
Developed by: Alexey M. Kozlov and Alexandros Stamatakis.
Contributors: Diego Darriba, Tomas Flouri, Benoit Morel, Sarah Lutteropp, Ben Bettisworth.
Latest version: https://github.com/amkozlov/raxml-ng
Questions/problems/suggestions? Please visit: https://groups.google.com/forum/#!forum/raxml

RAxML-NG was called at 02-Apr-2020 05:59:19 as follows:

raxml-ng --threads 1 --bootstrap --bs-trees 83 --seed 299520600 --prefix phylogeny/RAxML-NG/DNA/part/sep/SARS-CoV-2_200331.8 --msa phylogeny/RAxML-NG/DNA/part/sep/SARS-CoV-2_200331.raxml.rba --outgroup MG772933.1

Analysis options:
  run mode: Bootstrapping
  start tree(s): 
  bootstrap replicates: 83
  random seed: 299520600
  tip-inner: OFF
  pattern compression: ON
  per-rate scalers: OFF
  site repeats: ON
  branch lengths: proportional (ML estimate, algorithm: NR-FAST)
  SIMD kernels: AVX2
  parallelization: NONE/sequential

[00:00:00] Loading binary alignment from file: phylogeny/RAxML-NG/DNA/part/sep/SARS-CoV-2_200331.raxml.rba
[00:00:00] Alignment comprises 117 taxa, 33 partitions and 839 patterns

Partition 0: orf1ab_U_p1
Model: TN93+FO+I+B
Alignment sites / patterns: 4405 / 71
Gaps: 0.10 %
Invariant sites: 94.91 %

Partition 1: orf1ab_U_p2
Model: HKY+FO+I+B
Alignment sites / patterns: 4405 / 76
Gaps: 0.10 %
Invariant sites: 96.57 %

Partition 2: orf1ab_U_p3
Model: TN93+FO+I+G4m+B
Alignment sites / patterns: 4405 / 99
Gaps: 0.10 %
Invariant sites: 73.71 %

Partition 3: orf1ab_D_p1
Model: TN93+FO+I+B
Alignment sites / patterns: 2697 / 39
Gaps: 0.04 %
Invariant sites: 93.18 %

Partition 4: orf1ab_D_p2
Model: HKY+FO+I+G4m+B
Alignment sites / patterns: 2697 / 36
Gaps: 0.04 %
Invariant sites: 97.96 %

Partition 5: orf1ab_D_p3
Model: TN93+FO+I+G4m+B
Alignment sites / patterns: 2697 / 62
Gaps: 0.04 %
Invariant sites: 62.48 %

Partition 6: S_p1
Model: TN93+FO+G4m+B
Alignment sites / patterns: 1274 / 45
Gaps: 0.03 %
Invariant sites: 83.05 %

Partition 7: S_p2
Model: TN93+FO+I+G4m+B
Alignment sites / patterns: 1274 / 39
Gaps: 0.03 %
Invariant sites: 90.19 %

Partition 8: S_p3
Model: HKY+FO+I+B
Alignment sites / patterns: 1274 / 71
Gaps: 0.03 %
Invariant sites: 50.24 %

Partition 9: ORF3a_p1
Model: JC+G4m+B
Alignment sites / patterns: 276 / 20
Gaps: 0.00 %
Invariant sites: 90.58 %

Partition 10: ORF3a_p2
Model: JC+I+G4m+B
Alignment sites / patterns: 276 / 15
Gaps: 0.00 %
Invariant sites: 95.29 %

Partition 11: ORF3a_p3
Model: TPM3uf+FO+G4m+B
Alignment sites / patterns: 276 / 24
Gaps: 0.00 %
Invariant sites: 70.65 %

Partition 12: E_p1
Model: JC+B
Alignment sites / patterns: 76 / 5
Gaps: 0.00 %
Invariant sites: 98.68 %

Partition 13: E_p2
Model: JC+B
Alignment sites / patterns: 76 / 5
Gaps: 0.00 %
Invariant sites: 98.68 %

Partition 14: E_p3
Model: JC+B
Alignment sites / patterns: 76 / 6
Gaps: 0.00 %
Invariant sites: 97.37 %

Partition 15: M_p1
Model: TN93ef+B
Alignment sites / patterns: 223 / 9
Gaps: 0.00 %
Invariant sites: 95.52 %

Partition 16: M_p2
Model: JC+B
Alignment sites / patterns: 223 / 8
Gaps: 0.00 %
Invariant sites: 98.65 %

Partition 17: M_p3
Model: K80+I+B
Alignment sites / patterns: 223 / 28
Gaps: 0.00 %
Invariant sites: 78.03 %

Partition 18: ORF6_p1
Model: JC+B
Alignment sites / patterns: 62 / 7
Gaps: 0.00 %
Invariant sites: 93.55 %

Partition 19: ORF6_p2
Model: JC+B
Alignment sites / patterns: 62 / 6
Gaps: 0.00 %
Invariant sites: 96.77 %

Partition 20: ORF6_p3
Model: TN93ef+B
Alignment sites / patterns: 62 / 12
Gaps: 0.00 %
Invariant sites: 83.87 %

Partition 21: ORF7a_p1
Model: K80+B
Alignment sites / patterns: 122 / 11
Gaps: 0.00 %
Invariant sites: 90.98 %

Partition 22: ORF7a_p2
Model: K80+B
Alignment sites / patterns: 122 / 10
Gaps: 0.00 %
Invariant sites: 92.62 %

Partition 23: ORF7a_p3
Model: HKY+FO+I+B
Alignment sites / patterns: 122 / 17
Gaps: 0.00 %
Invariant sites: 77.87 %

Partition 24: ORF8_p1
Model: JC+I+B
Alignment sites / patterns: 122 / 12
Gaps: 0.00 %
Invariant sites: 93.44 %

Partition 25: ORF8_p2
Model: K80+I+G4m+B
Alignment sites / patterns: 122 / 10
Gaps: 0.00 %
Invariant sites: 95.08 %

Partition 26: ORF8_p3
Model: HKY+FO+B
Alignment sites / patterns: 122 / 16
Gaps: 0.00 %
Invariant sites: 69.67 %

Partition 27: N_p1
Model: K80+I+B
Alignment sites / patterns: 420 / 16
Gaps: 0.00 %
Invariant sites: 95.00 %

Partition 28: N_p2
Model: F81+FO+B
Alignment sites / patterns: 420 / 17
Gaps: 0.00 %
Invariant sites: 95.71 %

Partition 29: N_p3
Model: HKY+FO+G4m+B
Alignment sites / patterns: 420 / 32
Gaps: 0.00 %
Invariant sites: 76.19 %

Partition 30: ORF10_p1
Model: JC+B
Alignment sites / patterns: 39 / 6
Gaps: 0.00 %
Invariant sites: 94.87 %

Partition 31: ORF10_p2
Model: JC+B
Alignment sites / patterns: 39 / 4
Gaps: 0.00 %
Invariant sites: 100.00 %

Partition 32: ORF10_p3
Model: JC+B
Alignment sites / patterns: 39 / 5
Gaps: 0.00 %
Invariant sites: 97.44 %


[00:00:00] Data distribution: max. partitions/sites/weight per thread: 33 / 839 / 7940
[00:00:00] Starting bootstrapping analysis with 83 replicates.

[00:01:35] Bootstrap tree #1, logLikelihood: -56487.336995
[00:03:33] Bootstrap tree #2, logLikelihood: -56699.796730
[00:06:12] Bootstrap tree #3, logLikelihood: -57019.775935
[00:08:18] Bootstrap tree #4, logLikelihood: -56519.275406
[00:10:21] Bootstrap tree #5, logLikelihood: -57031.730177
[00:12:35] Bootstrap tree #6, logLikelihood: -56643.476587
[00:15:16] Bootstrap tree #7, logLikelihood: -56771.837653
[00:17:31] Bootstrap tree #8, logLikelihood: -57097.176002
[00:19:52] Bootstrap tree #9, logLikelihood: -56697.589711
[00:22:06] Bootstrap tree #10, logLikelihood: -56782.498648
[00:24:27] Bootstrap tree #11, logLikelihood: -57095.094283
[00:26:50] Bootstrap tree #12, logLikelihood: -56872.146756
[00:29:02] Bootstrap tree #13, logLikelihood: -57032.870405
[00:31:10] Bootstrap tree #14, logLikelihood: -56894.885345
[00:33:12] Bootstrap tree #15, logLikelihood: -57145.693620
[00:35:31] Bootstrap tree #16, logLikelihood: -57165.386993
[00:37:49] Bootstrap tree #17, logLikelihood: -56377.015759
[00:40:28] Bootstrap tree #18, logLikelihood: -56963.031364
[00:42:59] Bootstrap tree #19, logLikelihood: -57027.035067
[00:45:17] Bootstrap tree #20, logLikelihood: -56884.199831
[00:47:32] Bootstrap tree #21, logLikelihood: -56988.803835
[00:49:33] Bootstrap tree #22, logLikelihood: -56884.627624
[00:51:34] Bootstrap tree #23, logLikelihood: -56927.851676
[00:53:56] Bootstrap tree #24, logLikelihood: -56932.545153
[00:56:46] Bootstrap tree #25, logLikelihood: -56531.322739
[00:58:59] Bootstrap tree #26, logLikelihood: -56960.293525
[01:01:21] Bootstrap tree #27, logLikelihood: -56976.965854
[01:03:59] Bootstrap tree #28, logLikelihood: -56885.606319
[01:06:45] Bootstrap tree #29, logLikelihood: -56608.319138
[01:09:05] Bootstrap tree #30, logLikelihood: -57142.914983
[01:11:16] Bootstrap tree #31, logLikelihood: -56955.684010
[01:15:25] Bootstrap tree #32, logLikelihood: -56518.865082
[01:18:32] Bootstrap tree #33, logLikelihood: -57033.782232
[01:20:54] Bootstrap tree #34, logLikelihood: -56665.696512
[01:23:20] Bootstrap tree #35, logLikelihood: -56618.339748
[01:25:48] Bootstrap tree #36, logLikelihood: -56736.212047
[01:28:04] Bootstrap tree #37, logLikelihood: -56813.262421
[01:30:37] Bootstrap tree #38, logLikelihood: -56885.057866
[01:33:02] Bootstrap tree #39, logLikelihood: -56732.918666
[01:35:22] Bootstrap tree #40, logLikelihood: -56801.434084
[01:37:31] Bootstrap tree #41, logLikelihood: -56911.090152
[01:40:25] Bootstrap tree #42, logLikelihood: -56687.786377
[01:43:05] Bootstrap tree #43, logLikelihood: -56656.265637
[01:46:06] Bootstrap tree #44, logLikelihood: -56770.964553
[01:49:08] Bootstrap tree #45, logLikelihood: -56656.633576
[01:52:45] Bootstrap tree #46, logLikelihood: -56727.871556
[01:55:19] Bootstrap tree #47, logLikelihood: -56881.170184
[01:58:55] Bootstrap tree #48, logLikelihood: -56786.360583
[02:01:33] Bootstrap tree #49, logLikelihood: -56871.539121
[02:04:10] Bootstrap tree #50, logLikelihood: -56931.985924
[02:07:20] Bootstrap tree #51, logLikelihood: -56884.712570
[02:09:47] Bootstrap tree #52, logLikelihood: -56593.375994
[02:12:20] Bootstrap tree #53, logLikelihood: -56791.098892
[02:15:54] Bootstrap tree #54, logLikelihood: -56714.543806
[02:18:48] Bootstrap tree #55, logLikelihood: -56654.451129
[02:21:10] Bootstrap tree #56, logLikelihood: -56965.303427
[02:23:18] Bootstrap tree #57, logLikelihood: -56296.501129
[02:26:56] Bootstrap tree #58, logLikelihood: -57003.503579
[02:29:19] Bootstrap tree #59, logLikelihood: -56772.969310
[02:31:39] Bootstrap tree #60, logLikelihood: -56582.332043
[02:34:03] Bootstrap tree #61, logLikelihood: -56860.846935
[02:36:15] Bootstrap tree #62, logLikelihood: -56857.429759
[02:38:40] Bootstrap tree #63, logLikelihood: -56780.580890
[02:41:02] Bootstrap tree #64, logLikelihood: -56642.325985
[02:43:21] Bootstrap tree #65, logLikelihood: -56900.288971
[02:45:58] Bootstrap tree #66, logLikelihood: -56663.305939
[02:48:06] Bootstrap tree #67, logLikelihood: -56889.018004
[02:50:23] Bootstrap tree #68, logLikelihood: -57101.876751
[02:52:49] Bootstrap tree #69, logLikelihood: -56483.216092
[02:56:25] Bootstrap tree #70, logLikelihood: -56887.441158
[02:58:38] Bootstrap tree #71, logLikelihood: -56532.452518
[03:02:04] Bootstrap tree #72, logLikelihood: -56507.765089
[03:04:54] Bootstrap tree #73, logLikelihood: -56743.353630
[03:06:57] Bootstrap tree #74, logLikelihood: -56820.996799
[03:09:11] Bootstrap tree #75, logLikelihood: -56491.283132
[03:12:18] Bootstrap tree #76, logLikelihood: -56957.085006
[03:15:05] Bootstrap tree #77, logLikelihood: -56642.901362
[03:17:57] Bootstrap tree #78, logLikelihood: -56799.098924
[03:20:59] Bootstrap tree #79, logLikelihood: -56779.083340
[03:23:17] Bootstrap tree #80, logLikelihood: -56736.291336
[03:25:41] Bootstrap tree #81, logLikelihood: -56654.682047
[03:27:53] Bootstrap tree #82, logLikelihood: -56406.251428
[03:30:16] Bootstrap tree #83, logLikelihood: -56780.346110

Bootstrap trees saved to: /home/hikoyu/analysis/Genome/SARS-CoV-2/phylogeny/RAxML-NG/DNA/part/sep/SARS-CoV-2_200331.8.raxml.bootstraps

Execution log saved to: /home/hikoyu/analysis/Genome/SARS-CoV-2/phylogeny/RAxML-NG/DNA/part/sep/SARS-CoV-2_200331.8.raxml.log

Analysis started: 02-Apr-2020 05:59:19 / finished: 02-Apr-2020 09:29:36

Elapsed time: 12617.029 seconds

