
RAxML-NG v. 0.9.0 released on 20.05.2019 by The Exelixis Lab.
Developed by: Alexey M. Kozlov and Alexandros Stamatakis.
Contributors: Diego Darriba, Tomas Flouri, Benoit Morel, Sarah Lutteropp, Ben Bettisworth.
Latest version: https://github.com/amkozlov/raxml-ng
Questions/problems/suggestions? Please visit: https://groups.google.com/forum/#!forum/raxml

RAxML-NG was called at 11-Mar-2020 08:08:30 as follows:

raxml-ng --threads 1 --search --tree rand{8},pars{8} --seed 257671298 --prefix phylogeny/RAxML-NG/DNA/part/sep/SARS-CoV-2_200311.10 --msa phylogeny/RAxML-NG/DNA/part/sep/SARS-CoV-2_200311.raxml.rba --outgroup MG772933.1

Analysis options:
  run mode: ML tree search
  start tree(s): random (8) + parsimony (8)
  random seed: 257671298
  tip-inner: OFF
  pattern compression: ON
  per-rate scalers: OFF
  site repeats: ON
  fast spr radius: AUTO
  spr subtree cutoff: 1.000000
  branch lengths: proportional (ML estimate, algorithm: NR-FAST)
  SIMD kernels: AVX2
  parallelization: NONE/sequential

[00:00:00] Loading binary alignment from file: phylogeny/RAxML-NG/DNA/part/sep/SARS-CoV-2_200311.raxml.rba
[00:00:00] Alignment comprises 64 taxa, 33 partitions and 747 patterns

Partition 0: orf1ab_U_p1
Model: TIM3+I+B
Alignment sites / patterns: 4405 / 56
Gaps: 0.10 %
Invariant sites: 95.35 %

Partition 1: orf1ab_U_p2
Model: HKY+FO+I+B
Alignment sites / patterns: 4405 / 63
Gaps: 0.10 %
Invariant sites: 96.84 %

Partition 2: orf1ab_U_p3
Model: TN93+FO+G4m+B
Alignment sites / patterns: 4405 / 79
Gaps: 0.10 %
Invariant sites: 74.05 %

Partition 3: orf1ab_D_p1
Model: TN93+FO+I+B
Alignment sites / patterns: 2696 / 31
Gaps: 0.00 %
Invariant sites: 93.43 %

Partition 4: orf1ab_D_p2
Model: HKY+FO+I+B
Alignment sites / patterns: 2696 / 30
Gaps: 0.00 %
Invariant sites: 98.15 %

Partition 5: orf1ab_D_p3
Model: TPM3uf+FO+G4m+B
Alignment sites / patterns: 2696 / 56
Gaps: 0.00 %
Invariant sites: 62.54 %

Partition 6: S_p1
Model: TN93+FO+I+B
Alignment sites / patterns: 1274 / 42
Gaps: 0.05 %
Invariant sites: 83.12 %

Partition 7: S_p2
Model: F81+FO+B
Alignment sites / patterns: 1274 / 38
Gaps: 0.05 %
Invariant sites: 90.27 %

Partition 8: S_p3
Model: HKY+FO+I+B
Alignment sites / patterns: 1274 / 67
Gaps: 0.05 %
Invariant sites: 50.31 %

Partition 9: ORF3a_p1
Model: JC+I+B
Alignment sites / patterns: 276 / 20
Gaps: 0.00 %
Invariant sites: 90.58 %

Partition 10: ORF3a_p2
Model: JC+I+B
Alignment sites / patterns: 276 / 14
Gaps: 0.00 %
Invariant sites: 95.65 %

Partition 11: ORF3a_p3
Model: HKY+FO+I+B
Alignment sites / patterns: 276 / 22
Gaps: 0.00 %
Invariant sites: 70.65 %

Partition 12: E_p1
Model: JC+B
Alignment sites / patterns: 76 / 5
Gaps: 0.00 %
Invariant sites: 98.68 %

Partition 13: E_p2
Model: JC+B
Alignment sites / patterns: 76 / 5
Gaps: 0.00 %
Invariant sites: 98.68 %

Partition 14: E_p3
Model: JC+B
Alignment sites / patterns: 76 / 6
Gaps: 0.00 %
Invariant sites: 97.37 %

Partition 15: M_p1
Model: TN93ef+B
Alignment sites / patterns: 223 / 9
Gaps: 0.01 %
Invariant sites: 95.52 %

Partition 16: M_p2
Model: JC+I+B
Alignment sites / patterns: 223 / 7
Gaps: 0.01 %
Invariant sites: 99.10 %

Partition 17: M_p3
Model: K80+I+B
Alignment sites / patterns: 223 / 28
Gaps: 0.01 %
Invariant sites: 78.03 %

Partition 18: ORF6_p1
Model: JC+B
Alignment sites / patterns: 62 / 6
Gaps: 0.00 %
Invariant sites: 95.16 %

Partition 19: ORF6_p2
Model: JC+B
Alignment sites / patterns: 62 / 6
Gaps: 0.00 %
Invariant sites: 96.77 %

Partition 20: ORF6_p3
Model: JC+B
Alignment sites / patterns: 62 / 9
Gaps: 0.00 %
Invariant sites: 88.71 %

Partition 21: ORF7a_p1
Model: K80+B
Alignment sites / patterns: 122 / 11
Gaps: 0.00 %
Invariant sites: 90.98 %

Partition 22: ORF7a_p2
Model: K80+B
Alignment sites / patterns: 122 / 10
Gaps: 0.00 %
Invariant sites: 92.62 %

Partition 23: ORF7a_p3
Model: HKY+FO+I+B
Alignment sites / patterns: 122 / 16
Gaps: 0.00 %
Invariant sites: 78.69 %

Partition 24: ORF8_p1
Model: JC+I+B
Alignment sites / patterns: 122 / 12
Gaps: 0.00 %
Invariant sites: 93.44 %

Partition 25: ORF8_p2
Model: K80+I+G4m+B
Alignment sites / patterns: 122 / 9
Gaps: 0.00 %
Invariant sites: 95.90 %

Partition 26: ORF8_p3
Model: HKY+FO+B
Alignment sites / patterns: 122 / 16
Gaps: 0.00 %
Invariant sites: 69.67 %

Partition 27: N_p1
Model: JC+I+B
Alignment sites / patterns: 420 / 15
Gaps: 0.00 %
Invariant sites: 95.24 %

Partition 28: N_p2
Model: F81+FO+B
Alignment sites / patterns: 420 / 15
Gaps: 0.00 %
Invariant sites: 96.19 %

Partition 29: N_p3
Model: HKY+FO+I+B
Alignment sites / patterns: 420 / 29
Gaps: 0.00 %
Invariant sites: 76.67 %

Partition 30: ORF10_p1
Model: JC+B
Alignment sites / patterns: 39 / 6
Gaps: 0.00 %
Invariant sites: 94.87 %

Partition 31: ORF10_p2
Model: JC+B
Alignment sites / patterns: 39 / 4
Gaps: 0.00 %
Invariant sites: 100.00 %

Partition 32: ORF10_p3
Model: JC+B
Alignment sites / patterns: 39 / 5
Gaps: 0.00 %
Invariant sites: 97.44 %


[00:00:00] Generating 8 random starting tree(s) with 64 taxa
[00:00:00] Generating 8 parsimony starting tree(s) with 64 taxa
[00:00:00] Data distribution: max. partitions/sites/weight per thread: 33 / 747 / 4716

Starting ML tree search with 16 distinct starting trees

[00:00:00 -165683.634072] Initial branch length optimization
[00:00:00 -60183.947562] Model parameter optimization (eps = 10.000000)
[00:00:05 -56432.989064] AUTODETECT spr round 1 (radius: 5)
[00:00:06 -56157.364721] AUTODETECT spr round 2 (radius: 10)
[00:00:08 -55953.966875] AUTODETECT spr round 3 (radius: 15)
[00:00:09 -55921.170412] AUTODETECT spr round 4 (radius: 20)
[00:00:10 -55920.798480] AUTODETECT spr round 5 (radius: 25)
[00:00:11 -55920.798441] SPR radius for FAST iterations: 20 (autodetect)
[00:00:11 -55920.798441] Model parameter optimization (eps = 3.000000)
[00:00:12 -55908.764032] FAST spr round 1 (radius: 20)
[00:00:16 -55900.801849] FAST spr round 2 (radius: 20)
[00:00:19 -55900.797118] Model parameter optimization (eps = 1.000000)
[00:00:19 -55900.180098] SLOW spr round 1 (radius: 5)
[00:00:23 -55900.173943] SLOW spr round 2 (radius: 10)
[00:00:28 -55900.173931] SLOW spr round 3 (radius: 15)
[00:00:33 -55900.173930] SLOW spr round 4 (radius: 20)
[00:00:36 -55900.173930] SLOW spr round 5 (radius: 25)
[00:00:38 -55900.173930] Model parameter optimization (eps = 0.100000)

[00:00:40] ML tree search #1, logLikelihood: -55899.941187

[00:00:40 -165693.475174] Initial branch length optimization
[00:00:40 -60192.846657] Model parameter optimization (eps = 10.000000)
[00:00:45 -56436.172369] AUTODETECT spr round 1 (radius: 5)
[00:00:46 -56244.816468] AUTODETECT spr round 2 (radius: 10)
[00:00:48 -55999.069676] AUTODETECT spr round 3 (radius: 15)
[00:00:50 -55997.617599] AUTODETECT spr round 4 (radius: 20)
[00:00:50 -55997.611636] SPR radius for FAST iterations: 15 (autodetect)
[00:00:50 -55997.611636] Model parameter optimization (eps = 3.000000)
[00:00:52 -55991.472412] FAST spr round 1 (radius: 15)
[00:00:55 -55908.543029] FAST spr round 2 (radius: 15)
[00:00:58 -55908.535026] Model parameter optimization (eps = 1.000000)
[00:01:00 -55898.641944] SLOW spr round 1 (radius: 5)
[00:01:05 -55898.637432] SLOW spr round 2 (radius: 10)
[00:01:10 -55898.635911] SLOW spr round 3 (radius: 15)
[00:01:14 -55898.635911] SLOW spr round 4 (radius: 20)
[00:01:18 -55898.635911] SLOW spr round 5 (radius: 25)
[00:01:20 -55898.635911] Model parameter optimization (eps = 0.100000)

[00:01:23] ML tree search #2, logLikelihood: -55897.327928

[00:01:23 -165697.492978] Initial branch length optimization
[00:01:23 -60216.206692] Model parameter optimization (eps = 10.000000)
[00:01:29 -56450.328179] AUTODETECT spr round 1 (radius: 5)
[00:01:30 -56163.323556] AUTODETECT spr round 2 (radius: 10)
[00:01:31 -56075.651414] AUTODETECT spr round 3 (radius: 15)
[00:01:33 -55965.891553] AUTODETECT spr round 4 (radius: 20)
[00:01:34 -55965.879843] SPR radius for FAST iterations: 15 (autodetect)
[00:01:34 -55965.879843] Model parameter optimization (eps = 3.000000)
[00:01:35 -55953.370330] FAST spr round 1 (radius: 15)
[00:01:39 -55900.931732] FAST spr round 2 (radius: 15)
[00:01:41 -55900.914000] Model parameter optimization (eps = 1.000000)
[00:01:42 -55900.247551] SLOW spr round 1 (radius: 5)
[00:01:46 -55900.245692] SLOW spr round 2 (radius: 10)
[00:01:52 -55900.245656] SLOW spr round 3 (radius: 15)
[00:01:56 -55900.245654] SLOW spr round 4 (radius: 20)
[00:01:58 -55900.245654] SLOW spr round 5 (radius: 25)
[00:01:59 -55900.245654] Model parameter optimization (eps = 0.100000)

[00:02:00] ML tree search #3, logLikelihood: -55899.980410

[00:02:00 -165673.020049] Initial branch length optimization
[00:02:00 -60139.293470] Model parameter optimization (eps = 10.000000)
[00:02:05 -56401.450364] AUTODETECT spr round 1 (radius: 5)
[00:02:06 -56217.226064] AUTODETECT spr round 2 (radius: 10)
[00:02:08 -56007.212134] AUTODETECT spr round 3 (radius: 15)
[00:02:10 -55989.139863] AUTODETECT spr round 4 (radius: 20)
[00:02:11 -55927.452055] AUTODETECT spr round 5 (radius: 25)
[00:02:11 -55927.440349] SPR radius for FAST iterations: 20 (autodetect)
[00:02:11 -55927.440349] Model parameter optimization (eps = 3.000000)
[00:02:12 -55916.150747] FAST spr round 1 (radius: 20)
[00:02:16 -55900.926860] FAST spr round 2 (radius: 20)
[00:02:19 -55900.923983] Model parameter optimization (eps = 1.000000)
[00:02:20 -55900.223316] SLOW spr round 1 (radius: 5)
[00:02:24 -55900.213863] SLOW spr round 2 (radius: 10)
[00:02:28 -55900.213843] SLOW spr round 3 (radius: 15)
[00:02:32 -55900.213842] SLOW spr round 4 (radius: 20)
[00:02:35 -55900.213842] SLOW spr round 5 (radius: 25)
[00:02:38 -55900.213842] Model parameter optimization (eps = 0.100000)

[00:02:39] ML tree search #4, logLikelihood: -55899.949450

[00:02:39 -165676.850033] Initial branch length optimization
[00:02:40 -60147.343990] Model parameter optimization (eps = 10.000000)
[00:02:45 -56408.775650] AUTODETECT spr round 1 (radius: 5)
[00:02:46 -56214.322629] AUTODETECT spr round 2 (radius: 10)
[00:02:47 -56105.387574] AUTODETECT spr round 3 (radius: 15)
[00:02:49 -56042.701068] AUTODETECT spr round 4 (radius: 20)
[00:02:50 -56042.701068] SPR radius for FAST iterations: 15 (autodetect)
[00:02:50 -56042.701068] Model parameter optimization (eps = 3.000000)
[00:02:51 -56036.770979] FAST spr round 1 (radius: 15)
[00:02:55 -55908.427337] FAST spr round 2 (radius: 15)
[00:02:59 -55908.418900] Model parameter optimization (eps = 1.000000)
[00:03:01 -55898.624253] SLOW spr round 1 (radius: 5)
[00:03:06 -55898.619677] SLOW spr round 2 (radius: 10)
[00:03:12 -55898.618201] SLOW spr round 3 (radius: 15)
[00:03:16 -55898.618201] SLOW spr round 4 (radius: 20)
[00:03:18 -55898.618201] SLOW spr round 5 (radius: 25)
[00:03:19 -55898.618201] Model parameter optimization (eps = 0.100000)

[00:03:21] ML tree search #5, logLikelihood: -55897.327519

[00:03:21 -165691.845271] Initial branch length optimization
[00:03:22 -60192.191501] Model parameter optimization (eps = 10.000000)
[00:03:26 -56436.021296] AUTODETECT spr round 1 (radius: 5)
[00:03:28 -56200.037105] AUTODETECT spr round 2 (radius: 10)
[00:03:29 -55968.713047] AUTODETECT spr round 3 (radius: 15)
[00:03:31 -55959.951426] AUTODETECT spr round 4 (radius: 20)
[00:03:32 -55959.950282] SPR radius for FAST iterations: 15 (autodetect)
[00:03:32 -55959.950282] Model parameter optimization (eps = 3.000000)
[00:03:33 -55946.380140] FAST spr round 1 (radius: 15)
[00:03:37 -55899.759526] FAST spr round 2 (radius: 15)
[00:03:41 -55899.756001] Model parameter optimization (eps = 1.000000)
[00:03:42 -55897.380861] SLOW spr round 1 (radius: 5)
[00:03:46 -55897.370873] SLOW spr round 2 (radius: 10)
[00:03:51 -55897.368832] SLOW spr round 3 (radius: 15)
[00:03:55 -55897.367363] SLOW spr round 4 (radius: 20)
[00:03:57 -55897.366206] SLOW spr round 5 (radius: 25)
[00:04:00 -55897.366197] Model parameter optimization (eps = 0.100000)

[00:04:00] ML tree search #6, logLikelihood: -55897.283792

[00:04:00 -165674.948887] Initial branch length optimization
[00:04:00 -60132.817327] Model parameter optimization (eps = 10.000000)
[00:04:05 -56387.797890] AUTODETECT spr round 1 (radius: 5)
[00:04:06 -56142.255719] AUTODETECT spr round 2 (radius: 10)
[00:04:08 -55962.868583] AUTODETECT spr round 3 (radius: 15)
[00:04:09 -55956.307461] AUTODETECT spr round 4 (radius: 20)
[00:04:10 -55955.553649] AUTODETECT spr round 5 (radius: 25)
[00:04:11 -55955.553607] SPR radius for FAST iterations: 20 (autodetect)
[00:04:11 -55955.553607] Model parameter optimization (eps = 3.000000)
[00:04:12 -55943.617664] FAST spr round 1 (radius: 20)
[00:04:17 -55900.854758] FAST spr round 2 (radius: 20)
[00:04:20 -55900.844427] Model parameter optimization (eps = 1.000000)
[00:04:21 -55900.214756] SLOW spr round 1 (radius: 5)
[00:04:26 -55900.212926] SLOW spr round 2 (radius: 10)
[00:04:31 -55900.212910] SLOW spr round 3 (radius: 15)
[00:04:35 -55900.212909] SLOW spr round 4 (radius: 20)
[00:04:38 -55900.212909] SLOW spr round 5 (radius: 25)
[00:04:40 -55900.212909] Model parameter optimization (eps = 0.100000)

[00:04:42] ML tree search #7, logLikelihood: -55899.885006

[00:04:42 -165679.940280] Initial branch length optimization
[00:04:42 -60161.188125] Model parameter optimization (eps = 10.000000)
[00:04:47 -56416.731933] AUTODETECT spr round 1 (radius: 5)
[00:04:48 -56252.773568] AUTODETECT spr round 2 (radius: 10)
[00:04:50 -56095.918842] AUTODETECT spr round 3 (radius: 15)
[00:04:51 -56010.159987] AUTODETECT spr round 4 (radius: 20)
[00:04:52 -56010.159968] SPR radius for FAST iterations: 15 (autodetect)
[00:04:52 -56010.159968] Model parameter optimization (eps = 3.000000)
[00:04:54 -56004.866820] FAST spr round 1 (radius: 15)
[00:04:58 -55908.519436] FAST spr round 2 (radius: 15)
[00:05:01 -55908.498064] Model parameter optimization (eps = 1.000000)
[00:05:03 -55898.658727] SLOW spr round 1 (radius: 5)
[00:05:07 -55898.654311] SLOW spr round 2 (radius: 10)
[00:05:11 -55898.652822] SLOW spr round 3 (radius: 15)
[00:05:15 -55898.652822] SLOW spr round 4 (radius: 20)
[00:05:18 -55898.652822] SLOW spr round 5 (radius: 25)
[00:05:22 -55898.652822] Model parameter optimization (eps = 0.100000)

[00:05:24] ML tree search #8, logLikelihood: -55897.338979

[00:05:24 -163297.560053] Initial branch length optimization
[00:05:24 -59155.941152] Model parameter optimization (eps = 10.000000)
[00:05:28 -55924.753818] AUTODETECT spr round 1 (radius: 5)
[00:05:29 -55916.575602] AUTODETECT spr round 2 (radius: 10)
[00:05:31 -55916.573880] SPR radius for FAST iterations: 5 (autodetect)
[00:05:31 -55916.573880] Model parameter optimization (eps = 3.000000)
[00:05:33 -55905.885358] FAST spr round 1 (radius: 5)
[00:05:35 -55905.805882] Model parameter optimization (eps = 1.000000)
[00:05:38 -55900.880028] SLOW spr round 1 (radius: 5)
[00:05:43 -55900.814703] SLOW spr round 2 (radius: 10)
[00:05:49 -55900.812942] SLOW spr round 3 (radius: 15)
[00:05:52 -55900.812937] SLOW spr round 4 (radius: 20)
[00:05:55 -55900.812937] SLOW spr round 5 (radius: 25)
[00:05:56 -55900.812937] Model parameter optimization (eps = 0.100000)

[00:06:02] ML tree search #9, logLikelihood: -55896.459539

[00:06:02 -163291.534573] Initial branch length optimization
[00:06:02 -59146.137866] Model parameter optimization (eps = 10.000000)
[00:06:06 -55916.864166] AUTODETECT spr round 1 (radius: 5)
[00:06:07 -55916.715409] AUTODETECT spr round 2 (radius: 10)
[00:06:09 -55916.715383] SPR radius for FAST iterations: 5 (autodetect)
[00:06:09 -55916.715383] Model parameter optimization (eps = 3.000000)
[00:06:11 -55905.854936] FAST spr round 1 (radius: 5)
[00:06:13 -55905.779090] Model parameter optimization (eps = 1.000000)
[00:06:17 -55900.842174] SLOW spr round 1 (radius: 5)
[00:06:21 -55900.784352] SLOW spr round 2 (radius: 10)
[00:06:27 -55900.783443] SLOW spr round 3 (radius: 15)
[00:06:31 -55900.783440] SLOW spr round 4 (radius: 20)
[00:06:34 -55900.783439] SLOW spr round 5 (radius: 25)
[00:06:35 -55900.783439] Model parameter optimization (eps = 0.100000)

[00:06:41] ML tree search #10, logLikelihood: -55896.457773

[00:06:41 -163292.168402] Initial branch length optimization
[00:06:41 -59145.933983] Model parameter optimization (eps = 10.000000)
[00:06:44 -55916.952417] AUTODETECT spr round 1 (radius: 5)
[00:06:45 -55916.807366] AUTODETECT spr round 2 (radius: 10)
[00:06:47 -55916.805987] SPR radius for FAST iterations: 5 (autodetect)
[00:06:47 -55916.805987] Model parameter optimization (eps = 3.000000)
[00:06:49 -55905.958227] FAST spr round 1 (radius: 5)
[00:06:51 -55905.878077] Model parameter optimization (eps = 1.000000)
[00:06:54 -55900.899080] SLOW spr round 1 (radius: 5)
[00:06:58 -55900.840213] SLOW spr round 2 (radius: 10)
[00:07:05 -55900.838451] SLOW spr round 3 (radius: 15)
[00:07:08 -55900.838446] SLOW spr round 4 (radius: 20)
[00:07:10 -55900.838446] SLOW spr round 5 (radius: 25)
[00:07:11 -55900.838446] Model parameter optimization (eps = 0.100000)

[00:07:17] ML tree search #11, logLikelihood: -55896.465997

[00:07:17 -163289.498809] Initial branch length optimization
[00:07:18 -59148.274118] Model parameter optimization (eps = 10.000000)
[00:07:21 -55917.945229] AUTODETECT spr round 1 (radius: 5)
[00:07:22 -55917.797838] AUTODETECT spr round 2 (radius: 10)
[00:07:24 -55917.797813] SPR radius for FAST iterations: 5 (autodetect)
[00:07:24 -55917.797813] Model parameter optimization (eps = 3.000000)
[00:07:26 -55906.873240] FAST spr round 1 (radius: 5)
[00:07:28 -55906.796707] Model parameter optimization (eps = 1.000000)
[00:07:31 -55901.806719] SLOW spr round 1 (radius: 5)
[00:07:34 -55901.747377] SLOW spr round 2 (radius: 10)
[00:07:41 -55901.746490] SLOW spr round 3 (radius: 15)
[00:07:45 -55901.746486] SLOW spr round 4 (radius: 20)
[00:07:48 -55901.746486] SLOW spr round 5 (radius: 25)
[00:07:49 -55901.746486] Model parameter optimization (eps = 0.100000)

[00:07:55] ML tree search #12, logLikelihood: -55897.378457

[00:07:55 -163290.252874] Initial branch length optimization
[00:07:55 -59148.071128] Model parameter optimization (eps = 10.000000)
[00:07:59 -55918.003124] AUTODETECT spr round 1 (radius: 5)
[00:08:00 -55917.860607] AUTODETECT spr round 2 (radius: 10)
[00:08:01 -55917.859333] SPR radius for FAST iterations: 5 (autodetect)
[00:08:01 -55917.859333] Model parameter optimization (eps = 3.000000)
[00:08:03 -55906.960728] FAST spr round 1 (radius: 5)
[00:08:05 -55906.877721] Model parameter optimization (eps = 1.000000)
[00:08:09 -55901.854673] SLOW spr round 1 (radius: 5)
[00:08:13 -55901.794457] SLOW spr round 2 (radius: 10)
[00:08:20 -55901.793356] SLOW spr round 3 (radius: 15)
[00:08:24 -55901.793351] SLOW spr round 4 (radius: 20)
[00:08:26 -55901.793351] SLOW spr round 5 (radius: 25)
[00:08:28 -55901.793351] Model parameter optimization (eps = 0.100000)

[00:08:33] ML tree search #13, logLikelihood: -55897.379397

[00:08:34 -163292.219618] Initial branch length optimization
[00:08:34 -59145.936062] Model parameter optimization (eps = 10.000000)
[00:08:37 -55916.933492] AUTODETECT spr round 1 (radius: 5)
[00:08:38 -55916.793354] AUTODETECT spr round 2 (radius: 10)
[00:08:40 -55916.791899] SPR radius for FAST iterations: 5 (autodetect)
[00:08:40 -55916.791899] Model parameter optimization (eps = 3.000000)
[00:08:42 -55905.950955] FAST spr round 1 (radius: 5)
[00:08:44 -55905.869864] Model parameter optimization (eps = 1.000000)
[00:08:47 -55900.899544] SLOW spr round 1 (radius: 5)
[00:08:52 -55900.837511] SLOW spr round 2 (radius: 10)
[00:08:59 -55900.835775] SLOW spr round 3 (radius: 15)
[00:09:03 -55900.835768] SLOW spr round 4 (radius: 20)
[00:09:05 -55900.835768] SLOW spr round 5 (radius: 25)
[00:09:06 -55900.835768] Model parameter optimization (eps = 0.100000)

[00:09:12] ML tree search #14, logLikelihood: -55896.463535

[00:09:12 -163304.699861] Initial branch length optimization
[00:09:13 -59175.832925] Model parameter optimization (eps = 10.000000)
[00:09:16 -55932.821670] AUTODETECT spr round 1 (radius: 5)
[00:09:17 -55924.485306] AUTODETECT spr round 2 (radius: 10)
[00:09:19 -55924.482891] SPR radius for FAST iterations: 5 (autodetect)
[00:09:19 -55924.482891] Model parameter optimization (eps = 3.000000)
[00:09:21 -55912.978583] FAST spr round 1 (radius: 5)
[00:09:23 -55912.890948] Model parameter optimization (eps = 1.000000)
[00:09:26 -55907.664350] SLOW spr round 1 (radius: 5)
[00:09:30 -55907.603704] SLOW spr round 2 (radius: 10)
[00:09:36 -55907.584368] SLOW spr round 3 (radius: 15)
[00:09:41 -55905.985823] SLOW spr round 4 (radius: 5)
[00:09:46 -55898.095353] SLOW spr round 5 (radius: 5)
[00:09:51 -55898.094049] SLOW spr round 6 (radius: 10)
[00:09:56 -55898.094040] SLOW spr round 7 (radius: 15)
[00:10:01 -55898.094040] SLOW spr round 8 (radius: 20)
[00:10:04 -55898.094040] SLOW spr round 9 (radius: 25)
[00:10:05 -55898.094040] Model parameter optimization (eps = 0.100000)

[00:10:09] ML tree search #15, logLikelihood: -55896.463430

[00:10:09 -163298.369496] Initial branch length optimization
[00:10:09 -59160.473223] Model parameter optimization (eps = 10.000000)
[00:10:13 -55927.985836] AUTODETECT spr round 1 (radius: 5)
[00:10:14 -55916.442995] AUTODETECT spr round 2 (radius: 10)
[00:10:16 -55916.441224] SPR radius for FAST iterations: 5 (autodetect)
[00:10:16 -55916.441224] Model parameter optimization (eps = 3.000000)
[00:10:18 -55905.793231] FAST spr round 1 (radius: 5)
[00:10:20 -55905.715251] Model parameter optimization (eps = 1.000000)
[00:10:23 -55900.841819] SLOW spr round 1 (radius: 5)
[00:10:27 -55900.786488] SLOW spr round 2 (radius: 10)
[00:10:33 -55900.782847] SLOW spr round 3 (radius: 15)
[00:10:38 -55900.782842] SLOW spr round 4 (radius: 20)
[00:10:41 -55900.782842] SLOW spr round 5 (radius: 25)
[00:10:42 -55900.782842] Model parameter optimization (eps = 0.100000)

[00:10:47] ML tree search #16, logLikelihood: -55896.455210



Final LogLikelihood: -55896.455210

AIC score: 112270.910420 / AICc score: 112274.879283 / BIC score: 114249.839657
Free parameters (model + branch lengths): 239

Best ML tree saved to: /home/hikoyu/analysis/Genome/SARS-CoV-2/phylogeny/RAxML-NG/DNA/part/sep/SARS-CoV-2_200311.10.raxml.bestTree
All ML trees saved to: /home/hikoyu/analysis/Genome/SARS-CoV-2/phylogeny/RAxML-NG/DNA/part/sep/SARS-CoV-2_200311.10.raxml.mlTrees
Optimized model saved to: /home/hikoyu/analysis/Genome/SARS-CoV-2/phylogeny/RAxML-NG/DNA/part/sep/SARS-CoV-2_200311.10.raxml.bestModel

Execution log saved to: /home/hikoyu/analysis/Genome/SARS-CoV-2/phylogeny/RAxML-NG/DNA/part/sep/SARS-CoV-2_200311.10.raxml.log

Analysis started: 11-Mar-2020 08:08:30 / finished: 11-Mar-2020 08:19:18

Elapsed time: 647.856 seconds

