
RAxML-NG v. 0.9.0 released on 20.05.2019 by The Exelixis Lab.
Developed by: Alexey M. Kozlov and Alexandros Stamatakis.
Contributors: Diego Darriba, Tomas Flouri, Benoit Morel, Sarah Lutteropp, Ben Bettisworth.
Latest version: https://github.com/amkozlov/raxml-ng
Questions/problems/suggestions? Please visit: https://groups.google.com/forum/#!forum/raxml

RAxML-NG was called at 11-Mar-2020 07:45:26 as follows:

raxml-ng --threads 1 --search --tree rand{9},pars{9} --seed 1481371712 --prefix phylogeny/RAxML-NG/DNA/part/sep/SARS-CoV-2_200311.0 --msa phylogeny/RAxML-NG/DNA/part/sep/SARS-CoV-2_200311.raxml.rba --outgroup MG772933.1

Analysis options:
  run mode: ML tree search
  start tree(s): random (9) + parsimony (9)
  random seed: 1481371712
  tip-inner: OFF
  pattern compression: ON
  per-rate scalers: OFF
  site repeats: ON
  fast spr radius: AUTO
  spr subtree cutoff: 1.000000
  branch lengths: proportional (ML estimate, algorithm: NR-FAST)
  SIMD kernels: AVX2
  parallelization: NONE/sequential

[00:00:00] Loading binary alignment from file: phylogeny/RAxML-NG/DNA/part/sep/SARS-CoV-2_200311.raxml.rba
[00:00:00] Alignment comprises 64 taxa, 33 partitions and 747 patterns

Partition 0: orf1ab_U_p1
Model: TIM3+I+B
Alignment sites / patterns: 4405 / 56
Gaps: 0.10 %
Invariant sites: 95.35 %

Partition 1: orf1ab_U_p2
Model: HKY+FO+I+B
Alignment sites / patterns: 4405 / 63
Gaps: 0.10 %
Invariant sites: 96.84 %

Partition 2: orf1ab_U_p3
Model: TN93+FO+G4m+B
Alignment sites / patterns: 4405 / 79
Gaps: 0.10 %
Invariant sites: 74.05 %

Partition 3: orf1ab_D_p1
Model: TN93+FO+I+B
Alignment sites / patterns: 2696 / 31
Gaps: 0.00 %
Invariant sites: 93.43 %

Partition 4: orf1ab_D_p2
Model: HKY+FO+I+B
Alignment sites / patterns: 2696 / 30
Gaps: 0.00 %
Invariant sites: 98.15 %

Partition 5: orf1ab_D_p3
Model: TPM3uf+FO+G4m+B
Alignment sites / patterns: 2696 / 56
Gaps: 0.00 %
Invariant sites: 62.54 %

Partition 6: S_p1
Model: TN93+FO+I+B
Alignment sites / patterns: 1274 / 42
Gaps: 0.05 %
Invariant sites: 83.12 %

Partition 7: S_p2
Model: F81+FO+B
Alignment sites / patterns: 1274 / 38
Gaps: 0.05 %
Invariant sites: 90.27 %

Partition 8: S_p3
Model: HKY+FO+I+B
Alignment sites / patterns: 1274 / 67
Gaps: 0.05 %
Invariant sites: 50.31 %

Partition 9: ORF3a_p1
Model: JC+I+B
Alignment sites / patterns: 276 / 20
Gaps: 0.00 %
Invariant sites: 90.58 %

Partition 10: ORF3a_p2
Model: JC+I+B
Alignment sites / patterns: 276 / 14
Gaps: 0.00 %
Invariant sites: 95.65 %

Partition 11: ORF3a_p3
Model: HKY+FO+I+B
Alignment sites / patterns: 276 / 22
Gaps: 0.00 %
Invariant sites: 70.65 %

Partition 12: E_p1
Model: JC+B
Alignment sites / patterns: 76 / 5
Gaps: 0.00 %
Invariant sites: 98.68 %

Partition 13: E_p2
Model: JC+B
Alignment sites / patterns: 76 / 5
Gaps: 0.00 %
Invariant sites: 98.68 %

Partition 14: E_p3
Model: JC+B
Alignment sites / patterns: 76 / 6
Gaps: 0.00 %
Invariant sites: 97.37 %

Partition 15: M_p1
Model: TN93ef+B
Alignment sites / patterns: 223 / 9
Gaps: 0.01 %
Invariant sites: 95.52 %

Partition 16: M_p2
Model: JC+I+B
Alignment sites / patterns: 223 / 7
Gaps: 0.01 %
Invariant sites: 99.10 %

Partition 17: M_p3
Model: K80+I+B
Alignment sites / patterns: 223 / 28
Gaps: 0.01 %
Invariant sites: 78.03 %

Partition 18: ORF6_p1
Model: JC+B
Alignment sites / patterns: 62 / 6
Gaps: 0.00 %
Invariant sites: 95.16 %

Partition 19: ORF6_p2
Model: JC+B
Alignment sites / patterns: 62 / 6
Gaps: 0.00 %
Invariant sites: 96.77 %

Partition 20: ORF6_p3
Model: JC+B
Alignment sites / patterns: 62 / 9
Gaps: 0.00 %
Invariant sites: 88.71 %

Partition 21: ORF7a_p1
Model: K80+B
Alignment sites / patterns: 122 / 11
Gaps: 0.00 %
Invariant sites: 90.98 %

Partition 22: ORF7a_p2
Model: K80+B
Alignment sites / patterns: 122 / 10
Gaps: 0.00 %
Invariant sites: 92.62 %

Partition 23: ORF7a_p3
Model: HKY+FO+I+B
Alignment sites / patterns: 122 / 16
Gaps: 0.00 %
Invariant sites: 78.69 %

Partition 24: ORF8_p1
Model: JC+I+B
Alignment sites / patterns: 122 / 12
Gaps: 0.00 %
Invariant sites: 93.44 %

Partition 25: ORF8_p2
Model: K80+I+G4m+B
Alignment sites / patterns: 122 / 9
Gaps: 0.00 %
Invariant sites: 95.90 %

Partition 26: ORF8_p3
Model: HKY+FO+B
Alignment sites / patterns: 122 / 16
Gaps: 0.00 %
Invariant sites: 69.67 %

Partition 27: N_p1
Model: JC+I+B
Alignment sites / patterns: 420 / 15
Gaps: 0.00 %
Invariant sites: 95.24 %

Partition 28: N_p2
Model: F81+FO+B
Alignment sites / patterns: 420 / 15
Gaps: 0.00 %
Invariant sites: 96.19 %

Partition 29: N_p3
Model: HKY+FO+I+B
Alignment sites / patterns: 420 / 29
Gaps: 0.00 %
Invariant sites: 76.67 %

Partition 30: ORF10_p1
Model: JC+B
Alignment sites / patterns: 39 / 6
Gaps: 0.00 %
Invariant sites: 94.87 %

Partition 31: ORF10_p2
Model: JC+B
Alignment sites / patterns: 39 / 4
Gaps: 0.00 %
Invariant sites: 100.00 %

Partition 32: ORF10_p3
Model: JC+B
Alignment sites / patterns: 39 / 5
Gaps: 0.00 %
Invariant sites: 97.44 %


[00:00:00] Generating 9 random starting tree(s) with 64 taxa
[00:00:00] Generating 9 parsimony starting tree(s) with 64 taxa
[00:00:00] Data distribution: max. partitions/sites/weight per thread: 33 / 747 / 4716

Starting ML tree search with 18 distinct starting trees

[00:00:00 -165693.871978] Initial branch length optimization
[00:00:00 -60187.842917] Model parameter optimization (eps = 10.000000)
[00:00:04 -56427.218954] AUTODETECT spr round 1 (radius: 5)
[00:00:05 -56242.237802] AUTODETECT spr round 2 (radius: 10)
[00:00:07 -56153.098816] AUTODETECT spr round 3 (radius: 15)
[00:00:08 -56120.596242] AUTODETECT spr round 4 (radius: 20)
[00:00:09 -56120.596242] SPR radius for FAST iterations: 15 (autodetect)
[00:00:09 -56120.596242] Model parameter optimization (eps = 3.000000)
[00:00:10 -56114.623888] FAST spr round 1 (radius: 15)
[00:00:13 -55909.340567] FAST spr round 2 (radius: 15)
[00:00:16 -55909.311765] Model parameter optimization (eps = 1.000000)
[00:00:18 -55898.285581] SLOW spr round 1 (radius: 5)
[00:00:22 -55898.283447] SLOW spr round 2 (radius: 10)
[00:00:27 -55898.283433] SLOW spr round 3 (radius: 15)
[00:00:30 -55898.283432] SLOW spr round 4 (radius: 20)
[00:00:33 -55898.283432] SLOW spr round 5 (radius: 25)
[00:00:35 -55898.283432] Model parameter optimization (eps = 0.100000)

[00:00:37] ML tree search #1, logLikelihood: -55897.321720

[00:00:37 -165694.372500] Initial branch length optimization
[00:00:37 -60208.357137] Model parameter optimization (eps = 10.000000)
[00:00:43 -56438.658611] AUTODETECT spr round 1 (radius: 5)
[00:00:44 -56207.977751] AUTODETECT spr round 2 (radius: 10)
[00:00:45 -56047.869292] AUTODETECT spr round 3 (radius: 15)
[00:00:47 -56009.200790] AUTODETECT spr round 4 (radius: 20)
[00:00:47 -56008.646585] AUTODETECT spr round 5 (radius: 25)
[00:00:48 -56008.640658] SPR radius for FAST iterations: 20 (autodetect)
[00:00:48 -56008.640658] Model parameter optimization (eps = 3.000000)
[00:00:49 -56002.294806] FAST spr round 1 (radius: 20)
[00:00:54 -55908.497005] FAST spr round 2 (radius: 20)
[00:00:58 -55908.484052] Model parameter optimization (eps = 1.000000)
[00:01:00 -55898.309354] SLOW spr round 1 (radius: 5)
[00:01:04 -55898.301418] SLOW spr round 2 (radius: 10)
[00:01:09 -55898.299933] SLOW spr round 3 (radius: 15)
[00:01:12 -55898.299931] SLOW spr round 4 (radius: 20)
[00:01:15 -55898.299931] SLOW spr round 5 (radius: 25)
[00:01:17 -55898.299931] Model parameter optimization (eps = 0.100000)

[00:01:19] ML tree search #2, logLikelihood: -55897.319173

[00:01:19 -165686.660295] Initial branch length optimization
[00:01:19 -60185.245961] Model parameter optimization (eps = 10.000000)
[00:01:24 -56427.268284] AUTODETECT spr round 1 (radius: 5)
[00:01:26 -56230.494598] AUTODETECT spr round 2 (radius: 10)
[00:01:27 -56070.232421] AUTODETECT spr round 3 (radius: 15)
[00:01:28 -56029.953665] AUTODETECT spr round 4 (radius: 20)
[00:01:29 -56029.953665] SPR radius for FAST iterations: 15 (autodetect)
[00:01:29 -56029.953665] Model parameter optimization (eps = 3.000000)
[00:01:31 -56023.567074] FAST spr round 1 (radius: 15)
[00:01:35 -55968.927093] FAST spr round 2 (radius: 15)
[00:01:38 -55968.919248] Model parameter optimization (eps = 1.000000)
[00:01:38 -55968.226617] SLOW spr round 1 (radius: 5)
[00:01:43 -55968.225196] SLOW spr round 2 (radius: 10)
[00:01:46 -55968.225196] SLOW spr round 3 (radius: 15)
[00:01:48 -55968.225196] SLOW spr round 4 (radius: 20)
[00:01:50 -55968.225196] SLOW spr round 5 (radius: 25)
[00:01:53 -55968.225196] Model parameter optimization (eps = 0.100000)

[00:01:56] ML tree search #3, logLikelihood: -55964.882622

[00:01:56 -165659.608436] Initial branch length optimization
[00:01:56 -60115.396081] Model parameter optimization (eps = 10.000000)
[00:02:01 -56398.324292] AUTODETECT spr round 1 (radius: 5)
[00:02:02 -56234.179453] AUTODETECT spr round 2 (radius: 10)
[00:02:04 -56018.557635] AUTODETECT spr round 3 (radius: 15)
[00:02:05 -55982.838859] AUTODETECT spr round 4 (radius: 20)
[00:02:07 -55982.836463] SPR radius for FAST iterations: 15 (autodetect)
[00:02:07 -55982.836463] Model parameter optimization (eps = 3.000000)
[00:02:08 -55976.788985] FAST spr round 1 (radius: 15)
[00:02:12 -55968.959947] FAST spr round 2 (radius: 15)
[00:02:16 -55968.959213] Model parameter optimization (eps = 1.000000)
[00:02:16 -55968.283228] SLOW spr round 1 (radius: 5)
[00:02:21 -55968.281917] SLOW spr round 2 (radius: 10)
[00:02:24 -55968.281917] SLOW spr round 3 (radius: 15)
[00:02:27 -55968.281917] SLOW spr round 4 (radius: 20)
[00:02:29 -55968.281917] SLOW spr round 5 (radius: 25)
[00:02:32 -55968.154679] SLOW spr round 6 (radius: 5)
[00:02:36 -55968.153080] SLOW spr round 7 (radius: 10)
[00:02:39 -55908.800966] SLOW spr round 8 (radius: 5)
[00:02:44 -55908.789601] SLOW spr round 9 (radius: 10)
[00:02:48 -55908.789598] SLOW spr round 10 (radius: 15)
[00:02:52 -55908.789598] SLOW spr round 11 (radius: 20)
[00:02:56 -55908.789598] SLOW spr round 12 (radius: 25)
[00:02:59 -55908.789598] Model parameter optimization (eps = 0.100000)

[00:03:03] ML tree search #4, logLikelihood: -55897.454848

[00:03:03 -165674.630700] Initial branch length optimization
[00:03:04 -60146.248631] Model parameter optimization (eps = 10.000000)
[00:03:09 -56412.402714] AUTODETECT spr round 1 (radius: 5)
[00:03:10 -56138.503784] AUTODETECT spr round 2 (radius: 10)
[00:03:11 -55986.829659] AUTODETECT spr round 3 (radius: 15)
[00:03:13 -55968.139424] AUTODETECT spr round 4 (radius: 20)
[00:03:14 -55968.139407] SPR radius for FAST iterations: 15 (autodetect)
[00:03:14 -55968.139407] Model parameter optimization (eps = 3.000000)
[00:03:15 -55956.358186] FAST spr round 1 (radius: 15)
[00:03:19 -55901.040130] FAST spr round 2 (radius: 15)
[00:03:21 -55901.029783] Model parameter optimization (eps = 1.000000)
[00:03:22 -55900.252775] SLOW spr round 1 (radius: 5)
[00:03:26 -55900.250871] SLOW spr round 2 (radius: 10)
[00:03:32 -55900.250654] SLOW spr round 3 (radius: 15)
[00:03:37 -55900.250653] SLOW spr round 4 (radius: 20)
[00:03:39 -55900.250653] SLOW spr round 5 (radius: 25)
[00:03:40 -55900.250653] Model parameter optimization (eps = 0.100000)

[00:03:44] ML tree search #5, logLikelihood: -55897.186876

[00:03:44 -165671.734070] Initial branch length optimization
[00:03:44 -60146.937526] Model parameter optimization (eps = 10.000000)
[00:03:48 -56413.020018] AUTODETECT spr round 1 (radius: 5)
[00:03:50 -56213.841197] AUTODETECT spr round 2 (radius: 10)
[00:03:51 -56070.073179] AUTODETECT spr round 3 (radius: 15)
[00:03:53 -56020.072230] AUTODETECT spr round 4 (radius: 20)
[00:03:54 -56020.071494] SPR radius for FAST iterations: 15 (autodetect)
[00:03:54 -56020.071494] Model parameter optimization (eps = 3.000000)
[00:03:55 -56013.547194] FAST spr round 1 (radius: 15)
[00:03:59 -55908.353292] FAST spr round 2 (radius: 15)
[00:04:02 -55908.344976] Model parameter optimization (eps = 1.000000)
[00:04:04 -55898.589260] SLOW spr round 1 (radius: 5)
[00:04:08 -55898.579342] SLOW spr round 2 (radius: 10)
[00:04:14 -55898.577795] SLOW spr round 3 (radius: 15)
[00:04:18 -55898.577795] SLOW spr round 4 (radius: 20)
[00:04:21 -55898.577795] SLOW spr round 5 (radius: 25)
[00:04:22 -55898.577795] Model parameter optimization (eps = 0.100000)

[00:04:24] ML tree search #6, logLikelihood: -55897.304686

[00:04:24 -165693.836552] Initial branch length optimization
[00:04:25 -60209.448837] Model parameter optimization (eps = 10.000000)
[00:04:30 -56443.122341] AUTODETECT spr round 1 (radius: 5)
[00:04:31 -56153.227260] AUTODETECT spr round 2 (radius: 10)
[00:04:32 -56077.285984] AUTODETECT spr round 3 (radius: 15)
[00:04:34 -56042.561532] AUTODETECT spr round 4 (radius: 20)
[00:04:35 -56042.535024] SPR radius for FAST iterations: 15 (autodetect)
[00:04:35 -56042.535024] Model parameter optimization (eps = 3.000000)
[00:04:37 -56035.684247] FAST spr round 1 (radius: 15)
[00:04:41 -55908.631499] FAST spr round 2 (radius: 15)
[00:04:44 -55908.613875] Model parameter optimization (eps = 1.000000)
[00:04:47 -55898.344995] SLOW spr round 1 (radius: 5)
[00:04:51 -55898.342849] SLOW spr round 2 (radius: 10)
[00:04:55 -55898.342839] SLOW spr round 3 (radius: 15)
[00:04:59 -55898.342838] SLOW spr round 4 (radius: 20)
[00:05:02 -55898.342838] SLOW spr round 5 (radius: 25)
[00:05:04 -55898.342838] Model parameter optimization (eps = 0.100000)

[00:05:06] ML tree search #7, logLikelihood: -55897.339719

[00:05:06 -165677.051111] Initial branch length optimization
[00:05:07 -60155.038789] Model parameter optimization (eps = 10.000000)
[00:05:11 -56410.800577] AUTODETECT spr round 1 (radius: 5)
[00:05:12 -56287.139272] AUTODETECT spr round 2 (radius: 10)
[00:05:14 -56077.945448] AUTODETECT spr round 3 (radius: 15)
[00:05:16 -56048.862445] AUTODETECT spr round 4 (radius: 20)
[00:05:17 -56046.921889] AUTODETECT spr round 5 (radius: 25)
[00:05:18 -55984.619291] SPR radius for FAST iterations: 25 (autodetect)
[00:05:18 -55984.619291] Model parameter optimization (eps = 3.000000)
[00:05:19 -55974.254460] FAST spr round 1 (radius: 25)
[00:05:23 -55901.817928] FAST spr round 2 (radius: 25)
[00:05:27 -55901.797929] Model parameter optimization (eps = 1.000000)
[00:05:28 -55900.049424] SLOW spr round 1 (radius: 5)
[00:05:33 -55900.047504] SLOW spr round 2 (radius: 10)
[00:05:39 -55900.047487] SLOW spr round 3 (radius: 15)
[00:05:42 -55900.047486] SLOW spr round 4 (radius: 20)
[00:05:46 -55900.047486] SLOW spr round 5 (radius: 25)
[00:05:48 -55900.047486] Model parameter optimization (eps = 0.100000)

[00:05:51] ML tree search #8, logLikelihood: -55897.234970

[00:05:51 -165688.229136] Initial branch length optimization
[00:05:51 -60199.058770] Model parameter optimization (eps = 10.000000)
[00:05:56 -56436.124848] AUTODETECT spr round 1 (radius: 5)
[00:05:57 -56219.481750] AUTODETECT spr round 2 (radius: 10)
[00:05:59 -56051.063004] AUTODETECT spr round 3 (radius: 15)
[00:06:00 -56026.045049] AUTODETECT spr round 4 (radius: 20)
[00:06:01 -56025.929407] AUTODETECT spr round 5 (radius: 25)
[00:06:02 -55963.688257] SPR radius for FAST iterations: 25 (autodetect)
[00:06:02 -55963.688257] Model parameter optimization (eps = 3.000000)
[00:06:03 -55951.580920] FAST spr round 1 (radius: 25)
[00:06:08 -55900.991297] FAST spr round 2 (radius: 25)
[00:06:12 -55900.978989] Model parameter optimization (eps = 1.000000)
[00:06:12 -55900.265642] SLOW spr round 1 (radius: 5)
[00:06:17 -55900.259287] SLOW spr round 2 (radius: 10)
[00:06:22 -55900.259267] SLOW spr round 3 (radius: 15)
[00:06:26 -55900.259266] SLOW spr round 4 (radius: 20)
[00:06:30 -55900.259266] SLOW spr round 5 (radius: 25)
[00:06:32 -55900.259266] Model parameter optimization (eps = 0.100000)

[00:06:34] ML tree search #9, logLikelihood: -55899.981126

[00:06:34 -163291.393192] Initial branch length optimization
[00:06:34 -59146.137756] Model parameter optimization (eps = 10.000000)
[00:06:37 -55916.867979] AUTODETECT spr round 1 (radius: 5)
[00:06:39 -55916.723178] AUTODETECT spr round 2 (radius: 10)
[00:06:40 -55916.723153] SPR radius for FAST iterations: 5 (autodetect)
[00:06:40 -55916.723153] Model parameter optimization (eps = 3.000000)
[00:06:43 -55905.861138] FAST spr round 1 (radius: 5)
[00:06:45 -55905.780983] Model parameter optimization (eps = 1.000000)
[00:06:48 -55900.844930] SLOW spr round 1 (radius: 5)
[00:06:52 -55900.788514] SLOW spr round 2 (radius: 10)
[00:07:00 -55900.786226] SLOW spr round 3 (radius: 15)
[00:07:04 -55900.786223] SLOW spr round 4 (radius: 20)
[00:07:06 -55900.786222] SLOW spr round 5 (radius: 25)
[00:07:07 -55900.786222] Model parameter optimization (eps = 0.100000)

[00:07:13] ML tree search #10, logLikelihood: -55896.458586

[00:07:13 -163297.885104] Initial branch length optimization
[00:07:13 -59164.219425] Model parameter optimization (eps = 10.000000)
[00:07:17 -55932.657700] AUTODETECT spr round 1 (radius: 5)
[00:07:18 -55924.634907] AUTODETECT spr round 2 (radius: 10)
[00:07:20 -55924.634704] SPR radius for FAST iterations: 5 (autodetect)
[00:07:20 -55924.634704] Model parameter optimization (eps = 3.000000)
[00:07:22 -55913.776603] FAST spr round 1 (radius: 5)
[00:07:24 -55913.698590] Model parameter optimization (eps = 1.000000)
[00:07:27 -55908.710993] SLOW spr round 1 (radius: 5)
[00:07:32 -55900.705327] SLOW spr round 2 (radius: 5)
[00:07:36 -55900.702660] SLOW spr round 3 (radius: 10)
[00:07:41 -55900.702660] SLOW spr round 4 (radius: 15)
[00:07:45 -55900.702660] SLOW spr round 5 (radius: 20)
[00:07:47 -55900.702660] SLOW spr round 6 (radius: 25)
[00:07:48 -55900.702660] Model parameter optimization (eps = 0.100000)

[00:07:54] ML tree search #11, logLikelihood: -55896.449943

[00:07:54 -163292.864406] Initial branch length optimization
[00:07:54 -59146.135735] Model parameter optimization (eps = 10.000000)
[00:07:58 -55916.869869] AUTODETECT spr round 1 (radius: 5)
[00:07:59 -55916.725466] AUTODETECT spr round 2 (radius: 10)
[00:08:01 -55916.723881] SPR radius for FAST iterations: 5 (autodetect)
[00:08:01 -55916.723881] Model parameter optimization (eps = 3.000000)
[00:08:03 -55905.866481] FAST spr round 1 (radius: 5)
[00:08:05 -55905.792663] Model parameter optimization (eps = 1.000000)
[00:08:08 -55900.848037] SLOW spr round 1 (radius: 5)
[00:08:12 -55900.787742] SLOW spr round 2 (radius: 10)
[00:08:18 -55900.784036] SLOW spr round 3 (radius: 15)
[00:08:22 -55900.784032] SLOW spr round 4 (radius: 20)
[00:08:25 -55900.784032] SLOW spr round 5 (radius: 25)
[00:08:25 -55900.784032] Model parameter optimization (eps = 0.100000)

[00:08:31] ML tree search #12, logLikelihood: -55896.458597

[00:08:31 -163289.339888] Initial branch length optimization
[00:08:31 -59148.275583] Model parameter optimization (eps = 10.000000)
[00:08:35 -55917.939764] AUTODETECT spr round 1 (radius: 5)
[00:08:36 -55917.796285] AUTODETECT spr round 2 (radius: 10)
[00:08:39 -55917.794727] SPR radius for FAST iterations: 5 (autodetect)
[00:08:39 -55917.794727] Model parameter optimization (eps = 3.000000)
[00:08:41 -55906.869740] FAST spr round 1 (radius: 5)
[00:08:43 -55906.791162] Model parameter optimization (eps = 1.000000)
[00:08:46 -55901.802752] SLOW spr round 1 (radius: 5)
[00:08:50 -55901.743500] SLOW spr round 2 (radius: 10)
[00:08:55 -55901.742609] SLOW spr round 3 (radius: 15)
[00:08:58 -55901.742605] SLOW spr round 4 (radius: 20)
[00:09:01 -55901.742604] SLOW spr round 5 (radius: 25)
[00:09:03 -55901.742604] Model parameter optimization (eps = 0.100000)

[00:09:09] ML tree search #13, logLikelihood: -55897.377335

[00:09:09 -163291.488471] Initial branch length optimization
[00:09:09 -59146.136857] Model parameter optimization (eps = 10.000000)
[00:09:12 -55916.865780] AUTODETECT spr round 1 (radius: 5)
[00:09:13 -55916.725597] AUTODETECT spr round 2 (radius: 10)
[00:09:15 -55916.725568] SPR radius for FAST iterations: 5 (autodetect)
[00:09:15 -55916.725568] Model parameter optimization (eps = 3.000000)
[00:09:17 -55905.863164] FAST spr round 1 (radius: 5)
[00:09:20 -55905.781066] Model parameter optimization (eps = 1.000000)
[00:09:23 -55900.843197] SLOW spr round 1 (radius: 5)
[00:09:27 -55900.785084] SLOW spr round 2 (radius: 10)
[00:09:33 -55900.783483] SLOW spr round 3 (radius: 15)
[00:09:37 -55900.783479] SLOW spr round 4 (radius: 20)
[00:09:39 -55900.783479] SLOW spr round 5 (radius: 25)
[00:09:41 -55900.783479] Model parameter optimization (eps = 0.100000)

[00:09:47] ML tree search #14, logLikelihood: -55896.457660

[00:09:47 -163295.722562] Initial branch length optimization
[00:09:47 -59159.154549] Model parameter optimization (eps = 10.000000)
[00:09:51 -55925.974015] AUTODETECT spr round 1 (radius: 5)
[00:09:52 -55917.378494] AUTODETECT spr round 2 (radius: 10)
[00:09:54 -55917.376846] SPR radius for FAST iterations: 5 (autodetect)
[00:09:54 -55917.376846] Model parameter optimization (eps = 3.000000)
[00:09:56 -55906.685734] FAST spr round 1 (radius: 5)
[00:09:58 -55906.611287] Model parameter optimization (eps = 1.000000)
[00:10:01 -55901.741645] SLOW spr round 1 (radius: 5)
[00:10:06 -55901.681754] SLOW spr round 2 (radius: 10)
[00:10:13 -55901.680884] SLOW spr round 3 (radius: 15)
[00:10:17 -55901.680879] SLOW spr round 4 (radius: 20)
[00:10:19 -55901.680879] SLOW spr round 5 (radius: 25)
[00:10:21 -55901.680879] Model parameter optimization (eps = 0.100000)

[00:10:27] ML tree search #15, logLikelihood: -55897.368190

[00:10:27 -163296.780592] Initial branch length optimization
[00:10:27 -59157.296444] Model parameter optimization (eps = 10.000000)
[00:10:30 -55926.104214] AUTODETECT spr round 1 (radius: 5)
[00:10:32 -55916.564452] AUTODETECT spr round 2 (radius: 10)
[00:10:33 -55916.562725] SPR radius for FAST iterations: 5 (autodetect)
[00:10:33 -55916.562725] Model parameter optimization (eps = 3.000000)
[00:10:35 -55905.886569] FAST spr round 1 (radius: 5)
[00:10:37 -55905.808243] Model parameter optimization (eps = 1.000000)
[00:10:40 -55900.904894] SLOW spr round 1 (radius: 5)
[00:10:45 -55900.849874] SLOW spr round 2 (radius: 10)
[00:10:49 -55900.845835] SLOW spr round 3 (radius: 15)
[00:10:53 -55900.845830] SLOW spr round 4 (radius: 20)
[00:10:56 -55900.845830] SLOW spr round 5 (radius: 25)
[00:10:57 -55900.845830] Model parameter optimization (eps = 0.100000)

[00:11:02] ML tree search #16, logLikelihood: -55896.468651

[00:11:03 -163291.192141] Initial branch length optimization
[00:11:03 -59148.951793] Model parameter optimization (eps = 10.000000)
[00:11:06 -55917.967887] AUTODETECT spr round 1 (radius: 5)
[00:11:07 -55916.509590] AUTODETECT spr round 2 (radius: 10)
[00:11:09 -55916.509552] SPR radius for FAST iterations: 5 (autodetect)
[00:11:09 -55916.509552] Model parameter optimization (eps = 3.000000)
[00:11:11 -55905.781391] FAST spr round 1 (radius: 5)
[00:11:12 -55905.705499] Model parameter optimization (eps = 1.000000)
[00:11:16 -55900.822022] SLOW spr round 1 (radius: 5)
[00:11:20 -55900.762990] SLOW spr round 2 (radius: 10)
[00:11:27 -55900.760045] SLOW spr round 3 (radius: 15)
[00:11:31 -55900.760041] SLOW spr round 4 (radius: 20)
[00:11:34 -55900.760041] SLOW spr round 5 (radius: 25)
[00:11:35 -55900.760041] Model parameter optimization (eps = 0.100000)

[00:11:41] ML tree search #17, logLikelihood: -55896.462329

[00:11:41 -163291.513329] Initial branch length optimization
[00:11:41 -59145.983081] Model parameter optimization (eps = 10.000000)
[00:11:45 -55916.928504] AUTODETECT spr round 1 (radius: 5)
[00:11:46 -55916.781551] AUTODETECT spr round 2 (radius: 10)
[00:11:48 -55916.780040] SPR radius for FAST iterations: 5 (autodetect)
[00:11:48 -55916.780040] Model parameter optimization (eps = 3.000000)
[00:11:50 -55905.936120] FAST spr round 1 (radius: 5)
[00:11:52 -55905.856932] Model parameter optimization (eps = 1.000000)
[00:11:55 -55900.891843] SLOW spr round 1 (radius: 5)
[00:11:59 -55900.835678] SLOW spr round 2 (radius: 10)
[00:12:05 -55900.834557] SLOW spr round 3 (radius: 15)
[00:12:10 -55900.834553] SLOW spr round 4 (radius: 20)
[00:12:13 -55900.834552] SLOW spr round 5 (radius: 25)
[00:12:15 -55900.834552] Model parameter optimization (eps = 0.100000)

[00:12:21] ML tree search #18, logLikelihood: -55896.464916



Final LogLikelihood: -55896.449943

AIC score: 112270.899886 / AICc score: 112274.868749 / BIC score: 114249.829123
Free parameters (model + branch lengths): 239

Best ML tree saved to: /home/hikoyu/analysis/Genome/SARS-CoV-2/phylogeny/RAxML-NG/DNA/part/sep/SARS-CoV-2_200311.0.raxml.bestTree
All ML trees saved to: /home/hikoyu/analysis/Genome/SARS-CoV-2/phylogeny/RAxML-NG/DNA/part/sep/SARS-CoV-2_200311.0.raxml.mlTrees
Optimized model saved to: /home/hikoyu/analysis/Genome/SARS-CoV-2/phylogeny/RAxML-NG/DNA/part/sep/SARS-CoV-2_200311.0.raxml.bestModel

Execution log saved to: /home/hikoyu/analysis/Genome/SARS-CoV-2/phylogeny/RAxML-NG/DNA/part/sep/SARS-CoV-2_200311.0.raxml.log

Analysis started: 11-Mar-2020 07:45:26 / finished: 11-Mar-2020 07:57:48

Elapsed time: 741.753 seconds

