
RAxML-NG v. 0.9.0 released on 20.05.2019 by The Exelixis Lab.
Developed by: Alexey M. Kozlov and Alexandros Stamatakis.
Contributors: Diego Darriba, Tomas Flouri, Benoit Morel, Sarah Lutteropp, Ben Bettisworth.
Latest version: https://github.com/amkozlov/raxml-ng
Questions/problems/suggestions? Please visit: https://groups.google.com/forum/#!forum/raxml

RAxML-NG was called at 13-Apr-2020 10:09:22 as follows:

raxml-ng --threads 1 --bootstrap --bs-trees 83 --seed 1176634226 --prefix phylogeny/RAxML-NG/DNA/part/sep/SARS-CoV-2_200407.4 --msa phylogeny/RAxML-NG/DNA/part/sep/SARS-CoV-2_200407.raxml.rba --outgroup MG772933.1

Analysis options:
  run mode: Bootstrapping
  start tree(s): 
  bootstrap replicates: 83
  random seed: 1176634226
  tip-inner: OFF
  pattern compression: ON
  per-rate scalers: OFF
  site repeats: ON
  branch lengths: proportional (ML estimate, algorithm: NR-FAST)
  SIMD kernels: AVX2
  parallelization: NONE/sequential

[00:00:00] Loading binary alignment from file: phylogeny/RAxML-NG/DNA/part/sep/SARS-CoV-2_200407.raxml.rba
[00:00:00] Alignment comprises 285 taxa, 33 partitions and 1014 patterns

Partition 0: orf1ab_U_p1
Model: TN93+FO+I+B
Alignment sites / patterns: 4404 / 86
Gaps: 0.07 %
Invariant sites: 94.73 %

Partition 1: orf1ab_U_p2
Model: TN93+FO+I+G4m+B
Alignment sites / patterns: 4404 / 102
Gaps: 0.07 %
Invariant sites: 96.25 %

Partition 2: orf1ab_U_p3
Model: TN93+FO+I+G4m+B
Alignment sites / patterns: 4404 / 127
Gaps: 0.07 %
Invariant sites: 73.41 %

Partition 3: orf1ab_D_p1
Model: TIM1+I+B
Alignment sites / patterns: 2697 / 54
Gaps: 0.04 %
Invariant sites: 92.81 %

Partition 4: orf1ab_D_p2
Model: TIM1+I+G4m+B
Alignment sites / patterns: 2697 / 45
Gaps: 0.04 %
Invariant sites: 97.78 %

Partition 5: orf1ab_D_p3
Model: GTR+FO+I+G4m+B
Alignment sites / patterns: 2697 / 86
Gaps: 0.04 %
Invariant sites: 62.22 %

Partition 6: S_p1
Model: TN93+FO+G4m+B
Alignment sites / patterns: 1274 / 51
Gaps: 0.01 %
Invariant sites: 82.50 %

Partition 7: S_p2
Model: TN93+FO+I+G4m+B
Alignment sites / patterns: 1274 / 44
Gaps: 0.01 %
Invariant sites: 90.35 %

Partition 8: S_p3
Model: HKY+FO+I+B
Alignment sites / patterns: 1274 / 86
Gaps: 0.01 %
Invariant sites: 49.92 %

Partition 9: ORF3a_p1
Model: JC+I+B
Alignment sites / patterns: 276 / 21
Gaps: 0.00 %
Invariant sites: 90.22 %

Partition 10: ORF3a_p2
Model: JC+I+G4m+B
Alignment sites / patterns: 276 / 19
Gaps: 0.00 %
Invariant sites: 93.84 %

Partition 11: ORF3a_p3
Model: TVM+FO+I+G4m+B
Alignment sites / patterns: 276 / 25
Gaps: 0.00 %
Invariant sites: 70.65 %

Partition 12: E_p1
Model: JC+B
Alignment sites / patterns: 76 / 6
Gaps: 0.00 %
Invariant sites: 97.37 %

Partition 13: E_p2
Model: JC+B
Alignment sites / patterns: 76 / 5
Gaps: 0.00 %
Invariant sites: 98.68 %

Partition 14: E_p3
Model: JC+B
Alignment sites / patterns: 76 / 7
Gaps: 0.00 %
Invariant sites: 96.05 %

Partition 15: M_p1
Model: K80+I+B
Alignment sites / patterns: 223 / 10
Gaps: 0.00 %
Invariant sites: 95.52 %

Partition 16: M_p2
Model: JC+B
Alignment sites / patterns: 223 / 9
Gaps: 0.00 %
Invariant sites: 98.21 %

Partition 17: M_p3
Model: K80+G4m+B
Alignment sites / patterns: 223 / 29
Gaps: 0.00 %
Invariant sites: 77.58 %

Partition 18: ORF6_p1
Model: JC+B
Alignment sites / patterns: 62 / 7
Gaps: 0.00 %
Invariant sites: 93.55 %

Partition 19: ORF6_p2
Model: JC+B
Alignment sites / patterns: 62 / 6
Gaps: 0.00 %
Invariant sites: 96.77 %

Partition 20: ORF6_p3
Model: TN93ef+G4m+B
Alignment sites / patterns: 62 / 12
Gaps: 0.00 %
Invariant sites: 83.87 %

Partition 21: ORF7a_p1
Model: K80+B
Alignment sites / patterns: 122 / 11
Gaps: 0.00 %
Invariant sites: 90.98 %

Partition 22: ORF7a_p2
Model: K80+B
Alignment sites / patterns: 122 / 12
Gaps: 0.00 %
Invariant sites: 90.98 %

Partition 23: ORF7a_p3
Model: HKY+FO+I+B
Alignment sites / patterns: 122 / 17
Gaps: 0.00 %
Invariant sites: 77.87 %

Partition 24: ORF8_p1
Model: JC+I+B
Alignment sites / patterns: 122 / 13
Gaps: 0.00 %
Invariant sites: 92.62 %

Partition 25: ORF8_p2
Model: TPM3uf+FO+I+G4m+B
Alignment sites / patterns: 122 / 11
Gaps: 0.00 %
Invariant sites: 94.26 %

Partition 26: ORF8_p3
Model: HKY+FO+B
Alignment sites / patterns: 122 / 17
Gaps: 0.00 %
Invariant sites: 68.85 %

Partition 27: N_p1
Model: F81+FO+I+G4m+B
Alignment sites / patterns: 420 / 19
Gaps: 0.00 %
Invariant sites: 94.29 %

Partition 28: N_p2
Model: HKY+FO+I+G4m+B
Alignment sites / patterns: 420 / 20
Gaps: 0.00 %
Invariant sites: 95.24 %

Partition 29: N_p3
Model: HKY+FO+G4m+B
Alignment sites / patterns: 420 / 40
Gaps: 0.00 %
Invariant sites: 74.76 %

Partition 30: ORF10_p1
Model: JC+B
Alignment sites / patterns: 39 / 8
Gaps: 0.00 %
Invariant sites: 89.74 %

Partition 31: ORF10_p2
Model: JC+B
Alignment sites / patterns: 39 / 4
Gaps: 0.00 %
Invariant sites: 100.00 %

Partition 32: ORF10_p3
Model: JC+B
Alignment sites / patterns: 39 / 5
Gaps: 0.00 %
Invariant sites: 97.44 %


[00:00:00] Data distribution: max. partitions/sites/weight per thread: 33 / 1014 / 11616
[00:00:00] Starting bootstrapping analysis with 83 replicates.

[00:11:28] Bootstrap tree #1, logLikelihood: -58343.470292
[00:22:45] Bootstrap tree #2, logLikelihood: -58586.354475
[00:34:29] Bootstrap tree #3, logLikelihood: -57732.144952
[00:48:39] Bootstrap tree #4, logLikelihood: -58730.563051
[01:06:20] Bootstrap tree #5, logLikelihood: -58238.371327
[01:20:59] Bootstrap tree #6, logLikelihood: -58544.266449
[01:35:30] Bootstrap tree #7, logLikelihood: -58787.492521
[01:47:55] Bootstrap tree #8, logLikelihood: -58513.136683
[02:00:39] Bootstrap tree #9, logLikelihood: -58768.013177
[02:13:53] Bootstrap tree #10, logLikelihood: -58347.974072
[02:26:15] Bootstrap tree #11, logLikelihood: -58293.360808
[02:39:02] Bootstrap tree #12, logLikelihood: -58876.642941
[02:55:52] Bootstrap tree #13, logLikelihood: -58556.472588
[03:06:25] Bootstrap tree #14, logLikelihood: -58740.151347
[03:20:55] Bootstrap tree #15, logLikelihood: -58537.896398
[03:34:02] Bootstrap tree #16, logLikelihood: -58361.028360
[03:47:53] Bootstrap tree #17, logLikelihood: -58281.928394
[03:59:32] Bootstrap tree #18, logLikelihood: -58514.140333
[04:13:48] Bootstrap tree #19, logLikelihood: -58716.628167
[04:33:18] Bootstrap tree #20, logLikelihood: -58502.509973
[04:45:12] Bootstrap tree #21, logLikelihood: -57988.871188
[05:00:53] Bootstrap tree #22, logLikelihood: -58128.353210
[05:17:31] Bootstrap tree #23, logLikelihood: -58626.721873
[05:35:00] Bootstrap tree #24, logLikelihood: -58132.640483
[05:52:03] Bootstrap tree #25, logLikelihood: -58386.513079
[06:03:52] Bootstrap tree #26, logLikelihood: -58554.894908
[06:16:00] Bootstrap tree #27, logLikelihood: -58858.875531
[06:34:49] Bootstrap tree #28, logLikelihood: -58951.336427
[06:48:27] Bootstrap tree #29, logLikelihood: -58576.324010
[07:00:40] Bootstrap tree #30, logLikelihood: -58386.865898
[07:12:44] Bootstrap tree #31, logLikelihood: -58087.059664
[07:24:27] Bootstrap tree #32, logLikelihood: -58676.387913
[07:37:16] Bootstrap tree #33, logLikelihood: -58372.123931
[07:51:59] Bootstrap tree #34, logLikelihood: -58158.213209
[08:10:08] Bootstrap tree #35, logLikelihood: -59155.137121
[08:26:36] Bootstrap tree #36, logLikelihood: -58499.702034
[08:39:45] Bootstrap tree #37, logLikelihood: -58350.928591
[08:53:07] Bootstrap tree #38, logLikelihood: -58530.574097
[09:07:52] Bootstrap tree #39, logLikelihood: -58718.117266
[09:19:19] Bootstrap tree #40, logLikelihood: -58356.478129
[09:32:19] Bootstrap tree #41, logLikelihood: -58768.252877
[09:46:02] Bootstrap tree #42, logLikelihood: -58170.239542
[09:57:14] Bootstrap tree #43, logLikelihood: -58509.994837
[10:08:44] Bootstrap tree #44, logLikelihood: -58160.857728
[10:21:48] Bootstrap tree #45, logLikelihood: -58219.824341
[10:43:42] Bootstrap tree #46, logLikelihood: -58374.594228
[10:54:58] Bootstrap tree #47, logLikelihood: -58261.000957
[11:20:11] Bootstrap tree #48, logLikelihood: -58322.888487
[11:33:57] Bootstrap tree #49, logLikelihood: -58290.904080
[11:50:44] Bootstrap tree #50, logLikelihood: -58541.762408
[12:03:02] Bootstrap tree #51, logLikelihood: -57965.264148
[12:15:09] Bootstrap tree #52, logLikelihood: -58457.742264
[12:28:42] Bootstrap tree #53, logLikelihood: -58364.026032
[12:46:44] Bootstrap tree #54, logLikelihood: -58485.627491
[13:00:02] Bootstrap tree #55, logLikelihood: -58363.313391
[13:15:31] Bootstrap tree #56, logLikelihood: -57829.772579
[13:33:45] Bootstrap tree #57, logLikelihood: -58650.080982
[13:48:20] Bootstrap tree #58, logLikelihood: -58500.694851
[14:05:31] Bootstrap tree #59, logLikelihood: -58157.726968
[14:19:01] Bootstrap tree #60, logLikelihood: -58155.208022
[14:35:50] Bootstrap tree #61, logLikelihood: -58428.614732
[14:49:18] Bootstrap tree #62, logLikelihood: -58345.124615
[15:04:32] Bootstrap tree #63, logLikelihood: -58093.008324
[15:19:45] Bootstrap tree #64, logLikelihood: -57900.170893
[15:33:09] Bootstrap tree #65, logLikelihood: -58131.271914
[15:51:33] Bootstrap tree #66, logLikelihood: -58222.451338
[16:06:37] Bootstrap tree #67, logLikelihood: -58499.947740
[16:20:07] Bootstrap tree #68, logLikelihood: -58353.351759
[16:36:48] Bootstrap tree #69, logLikelihood: -58146.824175
[16:53:39] Bootstrap tree #70, logLikelihood: -58040.962823
[17:05:54] Bootstrap tree #71, logLikelihood: -57974.899472
[17:18:59] Bootstrap tree #72, logLikelihood: -57690.175244
[17:34:55] Bootstrap tree #73, logLikelihood: -59088.094689
[17:50:03] Bootstrap tree #74, logLikelihood: -57880.285475
[18:03:07] Bootstrap tree #75, logLikelihood: -59020.710325
[18:16:05] Bootstrap tree #76, logLikelihood: -58441.229922
[18:34:37] Bootstrap tree #77, logLikelihood: -58394.469663
[18:52:42] Bootstrap tree #78, logLikelihood: -58536.360552
[19:05:44] Bootstrap tree #79, logLikelihood: -58447.475084
[19:24:34] Bootstrap tree #80, logLikelihood: -58350.366108
[19:40:52] Bootstrap tree #81, logLikelihood: -58836.582588
[19:53:21] Bootstrap tree #82, logLikelihood: -58506.136132
[20:05:48] Bootstrap tree #83, logLikelihood: -58242.548913

Bootstrap trees saved to: /home/hikoyu/analysis/Genome/SARS-CoV-2/phylogeny/RAxML-NG/DNA/part/sep/SARS-CoV-2_200407.4.raxml.bootstraps

Execution log saved to: /home/hikoyu/analysis/Genome/SARS-CoV-2/phylogeny/RAxML-NG/DNA/part/sep/SARS-CoV-2_200407.4.raxml.log

Analysis started: 13-Apr-2020 10:09:22 / finished: 14-Apr-2020 06:15:11

Elapsed time: 72349.103 seconds

