
RAxML-NG v. 0.9.0 released on 20.05.2019 by The Exelixis Lab.
Developed by: Alexey M. Kozlov and Alexandros Stamatakis.
Contributors: Diego Darriba, Tomas Flouri, Benoit Morel, Sarah Lutteropp, Ben Bettisworth.
Latest version: https://github.com/amkozlov/raxml-ng
Questions/problems/suggestions? Please visit: https://groups.google.com/forum/#!forum/raxml

RAxML-NG was called at 30-Mar-2020 10:17:30 as follows:

raxml-ng --threads 1 --search --tree rand{8},pars{8} --seed 3483948843 --prefix phylogeny/RAxML-NG/DNA/part/sep/SARS-CoV-2_200328.7 --msa phylogeny/RAxML-NG/DNA/part/sep/SARS-CoV-2_200328.raxml.rba --outgroup MG772933.1

Analysis options:
  run mode: ML tree search
  start tree(s): random (8) + parsimony (8)
  random seed: 3483948843
  tip-inner: OFF
  pattern compression: ON
  per-rate scalers: OFF
  site repeats: ON
  fast spr radius: AUTO
  spr subtree cutoff: 1.000000
  branch lengths: proportional (ML estimate, algorithm: NR-FAST)
  SIMD kernels: AVX2
  parallelization: NONE/sequential

[00:00:00] Loading binary alignment from file: phylogeny/RAxML-NG/DNA/part/sep/SARS-CoV-2_200328.raxml.rba
[00:00:00] Alignment comprises 80 taxa, 33 partitions and 791 patterns

Partition 0: orf1ab_U_p1
Model: TN93+FO+I+B
Alignment sites / patterns: 4405 / 63
Gaps: 0.10 %
Invariant sites: 95.07 %

Partition 1: orf1ab_U_p2
Model: HKY+FO+I+B
Alignment sites / patterns: 4405 / 69
Gaps: 0.10 %
Invariant sites: 96.71 %

Partition 2: orf1ab_U_p3
Model: TN93+FO+G4m+B
Alignment sites / patterns: 4405 / 91
Gaps: 0.10 %
Invariant sites: 73.83 %

Partition 3: orf1ab_D_p1
Model: TN93+FO+I+B
Alignment sites / patterns: 2697 / 36
Gaps: 0.04 %
Invariant sites: 93.29 %

Partition 4: orf1ab_D_p2
Model: HKY+FO+I+G4m+B
Alignment sites / patterns: 2697 / 33
Gaps: 0.04 %
Invariant sites: 98.07 %

Partition 5: orf1ab_D_p3
Model: TPM3uf+FO+G4m+B
Alignment sites / patterns: 2697 / 59
Gaps: 0.04 %
Invariant sites: 62.51 %

Partition 6: S_p1
Model: TN93+FO+G4m+B
Alignment sites / patterns: 1274 / 43
Gaps: 0.04 %
Invariant sites: 83.12 %

Partition 7: S_p2
Model: F81+FO+B
Alignment sites / patterns: 1274 / 39
Gaps: 0.04 %
Invariant sites: 90.19 %

Partition 8: S_p3
Model: HKY+FO+I+B
Alignment sites / patterns: 1274 / 70
Gaps: 0.04 %
Invariant sites: 50.24 %

Partition 9: ORF3a_p1
Model: JC+G4m+B
Alignment sites / patterns: 276 / 20
Gaps: 0.00 %
Invariant sites: 90.58 %

Partition 10: ORF3a_p2
Model: JC+I+G4m+B
Alignment sites / patterns: 276 / 15
Gaps: 0.00 %
Invariant sites: 95.29 %

Partition 11: ORF3a_p3
Model: HKY+FO+I+B
Alignment sites / patterns: 276 / 22
Gaps: 0.00 %
Invariant sites: 70.65 %

Partition 12: E_p1
Model: JC+B
Alignment sites / patterns: 76 / 5
Gaps: 0.00 %
Invariant sites: 98.68 %

Partition 13: E_p2
Model: JC+B
Alignment sites / patterns: 76 / 5
Gaps: 0.00 %
Invariant sites: 98.68 %

Partition 14: E_p3
Model: JC+B
Alignment sites / patterns: 76 / 6
Gaps: 0.00 %
Invariant sites: 97.37 %

Partition 15: M_p1
Model: TN93ef+B
Alignment sites / patterns: 223 / 9
Gaps: 0.01 %
Invariant sites: 95.52 %

Partition 16: M_p2
Model: JC+I+B
Alignment sites / patterns: 223 / 7
Gaps: 0.01 %
Invariant sites: 99.10 %

Partition 17: M_p3
Model: K80+I+B
Alignment sites / patterns: 223 / 28
Gaps: 0.01 %
Invariant sites: 78.03 %

Partition 18: ORF6_p1
Model: JC+B
Alignment sites / patterns: 62 / 6
Gaps: 0.00 %
Invariant sites: 95.16 %

Partition 19: ORF6_p2
Model: JC+B
Alignment sites / patterns: 62 / 6
Gaps: 0.00 %
Invariant sites: 96.77 %

Partition 20: ORF6_p3
Model: JC+B
Alignment sites / patterns: 62 / 9
Gaps: 0.00 %
Invariant sites: 88.71 %

Partition 21: ORF7a_p1
Model: K80+B
Alignment sites / patterns: 122 / 11
Gaps: 0.00 %
Invariant sites: 90.98 %

Partition 22: ORF7a_p2
Model: K80+B
Alignment sites / patterns: 122 / 10
Gaps: 0.00 %
Invariant sites: 92.62 %

Partition 23: ORF7a_p3
Model: HKY+FO+I+B
Alignment sites / patterns: 122 / 16
Gaps: 0.00 %
Invariant sites: 78.69 %

Partition 24: ORF8_p1
Model: JC+I+B
Alignment sites / patterns: 122 / 12
Gaps: 0.00 %
Invariant sites: 93.44 %

Partition 25: ORF8_p2
Model: K80+I+G4m+B
Alignment sites / patterns: 122 / 9
Gaps: 0.00 %
Invariant sites: 95.90 %

Partition 26: ORF8_p3
Model: HKY+FO+B
Alignment sites / patterns: 122 / 16
Gaps: 0.00 %
Invariant sites: 69.67 %

Partition 27: N_p1
Model: K80+I+B
Alignment sites / patterns: 420 / 15
Gaps: 0.00 %
Invariant sites: 95.24 %

Partition 28: N_p2
Model: JC+B
Alignment sites / patterns: 420 / 16
Gaps: 0.00 %
Invariant sites: 95.95 %

Partition 29: N_p3
Model: HKY+FO+G4m+B
Alignment sites / patterns: 420 / 30
Gaps: 0.00 %
Invariant sites: 76.67 %

Partition 30: ORF10_p1
Model: JC+B
Alignment sites / patterns: 39 / 6
Gaps: 0.00 %
Invariant sites: 94.87 %

Partition 31: ORF10_p2
Model: JC+B
Alignment sites / patterns: 39 / 4
Gaps: 0.00 %
Invariant sites: 100.00 %

Partition 32: ORF10_p3
Model: JC+B
Alignment sites / patterns: 39 / 5
Gaps: 0.00 %
Invariant sites: 97.44 %


[00:00:00] Generating 8 random starting tree(s) with 80 taxa
[00:00:00] Generating 8 parsimony starting tree(s) with 80 taxa
[00:00:00] Data distribution: max. partitions/sites/weight per thread: 33 / 791 / 6764

Starting ML tree search with 16 distinct starting trees

[00:00:00 -183840.755558] Initial branch length optimization
[00:00:00 -61039.972485] Model parameter optimization (eps = 10.000000)
[00:00:05 -57079.108765] AUTODETECT spr round 1 (radius: 5)
[00:00:07 -56787.572271] AUTODETECT spr round 2 (radius: 10)
[00:00:10 -56600.426705] AUTODETECT spr round 3 (radius: 15)
[00:00:12 -56493.686513] AUTODETECT spr round 4 (radius: 20)
[00:00:14 -56493.686473] SPR radius for FAST iterations: 15 (autodetect)
[00:00:14 -56493.686473] Model parameter optimization (eps = 3.000000)
[00:00:15 -56484.201150] FAST spr round 1 (radius: 15)
[00:00:21 -56376.013065] FAST spr round 2 (radius: 15)
[00:00:25 -56375.982066] Model parameter optimization (eps = 1.000000)
[00:00:31 -56355.629323] SLOW spr round 1 (radius: 5)
[00:00:37 -56355.619650] SLOW spr round 2 (radius: 10)
[00:00:45 -56355.619608] SLOW spr round 3 (radius: 15)
[00:00:52 -56355.619605] SLOW spr round 4 (radius: 20)
[00:00:57 -56355.619605] SLOW spr round 5 (radius: 25)
[00:01:01 -56355.619605] Model parameter optimization (eps = 0.100000)

[00:01:06] ML tree search #1, logLikelihood: -56353.859077

[00:01:06 -183862.841777] Initial branch length optimization
[00:01:06 -61101.655023] Model parameter optimization (eps = 10.000000)
[00:01:12 -57114.523834] AUTODETECT spr round 1 (radius: 5)
[00:01:13 -56873.984247] AUTODETECT spr round 2 (radius: 10)
[00:01:17 -56668.932379] AUTODETECT spr round 3 (radius: 15)
[00:01:19 -56610.361116] AUTODETECT spr round 4 (radius: 20)
[00:01:21 -56610.361110] SPR radius for FAST iterations: 15 (autodetect)
[00:01:21 -56610.361110] Model parameter optimization (eps = 3.000000)
[00:01:23 -56601.523201] FAST spr round 1 (radius: 15)
[00:01:29 -56375.284763] FAST spr round 2 (radius: 15)
[00:01:34 -56375.236834] Model parameter optimization (eps = 1.000000)
[00:01:42 -56353.658483] SLOW spr round 1 (radius: 5)
[00:01:49 -56353.648576] SLOW spr round 2 (radius: 10)
[00:01:58 -56353.245447] SLOW spr round 3 (radius: 5)
[00:02:04 -56353.243642] SLOW spr round 4 (radius: 10)
[00:02:12 -56353.243634] SLOW spr round 5 (radius: 15)
[00:02:19 -56353.243634] SLOW spr round 6 (radius: 20)
[00:02:24 -56353.243634] SLOW spr round 7 (radius: 25)
[00:02:27 -56353.243634] Model parameter optimization (eps = 0.100000)

[00:02:31] ML tree search #2, logLikelihood: -56351.966171

[00:02:31 -183837.575285] Initial branch length optimization
[00:02:31 -61035.504562] Model parameter optimization (eps = 10.000000)
[00:02:39 -57084.404271] AUTODETECT spr round 1 (radius: 5)
[00:02:41 -56825.720391] AUTODETECT spr round 2 (radius: 10)
[00:02:43 -56607.512682] AUTODETECT spr round 3 (radius: 15)
[00:02:46 -56532.317500] AUTODETECT spr round 4 (radius: 20)
[00:02:48 -56465.372929] AUTODETECT spr round 5 (radius: 25)
[00:02:49 -56465.342497] SPR radius for FAST iterations: 20 (autodetect)
[00:02:49 -56465.342497] Model parameter optimization (eps = 3.000000)
[00:02:52 -56452.654072] FAST spr round 1 (radius: 20)
[00:02:59 -56368.057429] FAST spr round 2 (radius: 20)
[00:03:04 -56368.044049] Model parameter optimization (eps = 1.000000)
[00:03:10 -56352.907423] SLOW spr round 1 (radius: 5)
[00:03:17 -56352.904632] SLOW spr round 2 (radius: 10)
[00:03:25 -56352.904583] SLOW spr round 3 (radius: 15)
[00:03:33 -56352.904580] SLOW spr round 4 (radius: 20)
[00:03:37 -56352.904580] SLOW spr round 5 (radius: 25)
[00:03:41 -56352.904580] Model parameter optimization (eps = 0.100000)

[00:03:44] ML tree search #3, logLikelihood: -56351.940675

[00:03:44 -183849.158826] Initial branch length optimization
[00:03:44 -61091.623544] Model parameter optimization (eps = 10.000000)
[00:03:50 -57111.029460] AUTODETECT spr round 1 (radius: 5)
[00:03:52 -56826.243161] AUTODETECT spr round 2 (radius: 10)
[00:03:55 -56673.563756] AUTODETECT spr round 3 (radius: 15)
[00:03:58 -56520.404891] AUTODETECT spr round 4 (radius: 20)
[00:04:00 -56520.375063] SPR radius for FAST iterations: 15 (autodetect)
[00:04:00 -56520.375063] Model parameter optimization (eps = 3.000000)
[00:04:02 -56505.563069] FAST spr round 1 (radius: 15)
[00:04:09 -56368.578255] FAST spr round 2 (radius: 15)
[00:04:13 -56368.540910] Model parameter optimization (eps = 1.000000)
[00:04:19 -56353.367045] SLOW spr round 1 (radius: 5)
[00:04:26 -56353.357643] SLOW spr round 2 (radius: 10)
[00:04:34 -56352.945697] SLOW spr round 3 (radius: 5)
[00:04:41 -56352.943484] SLOW spr round 4 (radius: 10)
[00:04:49 -56352.943473] SLOW spr round 5 (radius: 15)
[00:04:56 -56352.943473] SLOW spr round 6 (radius: 20)
[00:05:02 -56352.943473] SLOW spr round 7 (radius: 25)
[00:05:06 -56352.943473] Model parameter optimization (eps = 0.100000)

[00:05:09] ML tree search #4, logLikelihood: -56351.942994

[00:05:09 -181607.904854] Initial branch length optimization
[00:05:09 -60676.792187] Model parameter optimization (eps = 10.000000)
[00:05:15 -57021.588631] AUTODETECT spr round 1 (radius: 5)
[00:05:17 -56737.996570] AUTODETECT spr round 2 (radius: 10)
[00:05:20 -56532.861944] AUTODETECT spr round 3 (radius: 15)
[00:05:23 -56419.042581] AUTODETECT spr round 4 (radius: 20)
[00:05:26 -56419.042558] SPR radius for FAST iterations: 15 (autodetect)
[00:05:26 -56419.042558] Model parameter optimization (eps = 3.000000)
[00:05:29 -56405.720539] FAST spr round 1 (radius: 15)
[00:05:36 -56361.690040] FAST spr round 2 (radius: 15)
[00:05:41 -56361.687364] Model parameter optimization (eps = 1.000000)
[00:05:44 -56353.021685] SLOW spr round 1 (radius: 5)
[00:05:51 -56352.565736] SLOW spr round 2 (radius: 5)
[00:05:57 -56352.563930] SLOW spr round 3 (radius: 10)
[00:06:05 -56352.563919] SLOW spr round 4 (radius: 15)
[00:06:11 -56352.563918] SLOW spr round 5 (radius: 20)
[00:06:17 -56352.563918] SLOW spr round 6 (radius: 25)
[00:06:21 -56352.563918] Model parameter optimization (eps = 0.100000)

[00:06:23] ML tree search #5, logLikelihood: -56352.303992

[00:06:23 -183844.227441] Initial branch length optimization
[00:06:23 -61049.488891] Model parameter optimization (eps = 10.000000)
[00:06:29 -57085.068592] AUTODETECT spr round 1 (radius: 5)
[00:06:32 -56770.707151] AUTODETECT spr round 2 (radius: 10)
[00:06:35 -56501.764870] AUTODETECT spr round 3 (radius: 15)
[00:06:38 -56497.388806] AUTODETECT spr round 4 (radius: 20)
[00:06:41 -56496.910438] AUTODETECT spr round 5 (radius: 25)
[00:06:43 -56496.869942] SPR radius for FAST iterations: 20 (autodetect)
[00:06:43 -56496.869942] Model parameter optimization (eps = 3.000000)
[00:06:44 -56489.238251] FAST spr round 1 (radius: 20)
[00:06:53 -56440.713002] FAST spr round 2 (radius: 20)
[00:07:01 -56374.038518] FAST spr round 3 (radius: 20)
[00:07:09 -56374.030801] Model parameter optimization (eps = 1.000000)
[00:07:14 -56353.589869] SLOW spr round 1 (radius: 5)
[00:07:21 -56353.580375] SLOW spr round 2 (radius: 10)
[00:07:31 -56353.580338] SLOW spr round 3 (radius: 15)
[00:07:38 -56353.580336] SLOW spr round 4 (radius: 20)
[00:07:43 -56353.580336] SLOW spr round 5 (radius: 25)
[00:07:48 -56353.580336] Model parameter optimization (eps = 0.100000)

[00:07:53] ML tree search #6, logLikelihood: -56351.948556

[00:07:53 -183846.128490] Initial branch length optimization
[00:07:53 -61051.174357] Model parameter optimization (eps = 10.000000)
[00:08:00 -57088.461969] AUTODETECT spr round 1 (radius: 5)
[00:08:02 -56813.563748] AUTODETECT spr round 2 (radius: 10)
[00:08:05 -56623.352546] AUTODETECT spr round 3 (radius: 15)
[00:08:08 -56547.806199] AUTODETECT spr round 4 (radius: 20)
[00:08:11 -56547.765994] SPR radius for FAST iterations: 15 (autodetect)
[00:08:11 -56547.765994] Model parameter optimization (eps = 3.000000)
[00:08:13 -56539.116597] FAST spr round 1 (radius: 15)
[00:08:20 -56440.744332] FAST spr round 2 (radius: 15)
[00:08:27 -56440.737759] Model parameter optimization (eps = 1.000000)
[00:08:29 -56438.738854] SLOW spr round 1 (radius: 5)
[00:08:37 -56438.728728] SLOW spr round 2 (radius: 10)
[00:08:44 -56438.728728] SLOW spr round 3 (radius: 15)
[00:08:49 -56438.728728] SLOW spr round 4 (radius: 20)
[00:08:54 -56373.348463] SLOW spr round 5 (radius: 5)
[00:09:02 -56373.339834] SLOW spr round 6 (radius: 10)
[00:09:11 -56373.339367] SLOW spr round 7 (radius: 15)
[00:09:19 -56373.339322] SLOW spr round 8 (radius: 20)
[00:09:24 -56373.339318] SLOW spr round 9 (radius: 25)
[00:09:27 -56373.339318] Model parameter optimization (eps = 0.100000)

[00:09:37] ML tree search #7, logLikelihood: -56351.954025

[00:09:37 -183867.459127] Initial branch length optimization
[00:09:37 -61091.254859] Model parameter optimization (eps = 10.000000)
[00:09:43 -57112.316446] AUTODETECT spr round 1 (radius: 5)
[00:09:45 -56872.707590] AUTODETECT spr round 2 (radius: 10)
[00:09:48 -56721.129828] AUTODETECT spr round 3 (radius: 15)
[00:09:51 -56563.729228] AUTODETECT spr round 4 (radius: 20)
[00:09:54 -56525.040762] AUTODETECT spr round 5 (radius: 25)
[00:09:57 -56525.040557] SPR radius for FAST iterations: 20 (autodetect)
[00:09:57 -56525.040557] Model parameter optimization (eps = 3.000000)
[00:09:58 -56515.333551] FAST spr round 1 (radius: 20)
[00:10:06 -56374.466389] FAST spr round 2 (radius: 20)
[00:10:13 -56374.441855] Model parameter optimization (eps = 1.000000)
[00:10:19 -56353.151972] SLOW spr round 1 (radius: 5)
[00:10:26 -56353.142045] SLOW spr round 2 (radius: 10)
[00:10:34 -56353.141980] SLOW spr round 3 (radius: 15)
[00:10:42 -56353.141977] SLOW spr round 4 (radius: 20)
[00:10:47 -56353.141977] SLOW spr round 5 (radius: 25)
[00:10:51 -56353.141977] Model parameter optimization (eps = 0.100000)

[00:10:54] ML tree search #8, logLikelihood: -56351.955891

[00:10:55 -181190.256239] Initial branch length optimization
[00:10:55 -59726.736619] Model parameter optimization (eps = 10.000000)
[00:10:59 -56374.432874] AUTODETECT spr round 1 (radius: 5)
[00:11:01 -56365.371944] AUTODETECT spr round 2 (radius: 10)
[00:11:04 -56365.370570] SPR radius for FAST iterations: 5 (autodetect)
[00:11:04 -56365.370570] Model parameter optimization (eps = 3.000000)
[00:11:06 -56354.916924] FAST spr round 1 (radius: 5)
[00:11:09 -56354.848835] Model parameter optimization (eps = 1.000000)
[00:11:11 -56352.791333] SLOW spr round 1 (radius: 5)
[00:11:17 -56352.766429] SLOW spr round 2 (radius: 10)
[00:11:27 -56352.611073] SLOW spr round 3 (radius: 5)
[00:11:33 -56352.608054] SLOW spr round 4 (radius: 10)
[00:11:42 -56352.584764] SLOW spr round 5 (radius: 15)
[00:11:47 -56352.582857] SLOW spr round 6 (radius: 20)
[00:11:53 -56352.582853] SLOW spr round 7 (radius: 25)
[00:11:58 -56352.582853] Model parameter optimization (eps = 0.100000)

[00:12:03] ML tree search #9, logLikelihood: -56350.654984

[00:12:03 -181194.436564] Initial branch length optimization
[00:12:03 -59732.734902] Model parameter optimization (eps = 10.000000)
[00:12:07 -56376.702769] AUTODETECT spr round 1 (radius: 5)
[00:12:09 -56365.352406] AUTODETECT spr round 2 (radius: 10)
[00:12:12 -56365.352391] SPR radius for FAST iterations: 5 (autodetect)
[00:12:12 -56365.352391] Model parameter optimization (eps = 3.000000)
[00:12:14 -56354.899135] FAST spr round 1 (radius: 5)
[00:12:17 -56354.833464] Model parameter optimization (eps = 1.000000)
[00:12:19 -56352.783956] SLOW spr round 1 (radius: 5)
[00:12:25 -56352.763092] SLOW spr round 2 (radius: 10)
[00:12:34 -56352.616116] SLOW spr round 3 (radius: 5)
[00:12:41 -56352.586429] SLOW spr round 4 (radius: 10)
[00:12:49 -56352.584583] SLOW spr round 5 (radius: 15)
[00:12:55 -56352.584582] SLOW spr round 6 (radius: 20)
[00:13:00 -56352.584582] SLOW spr round 7 (radius: 25)
[00:13:03 -56352.584582] Model parameter optimization (eps = 0.100000)

[00:13:08] ML tree search #10, logLikelihood: -56350.677200

[00:13:08 -181193.291883] Initial branch length optimization
[00:13:08 -59720.486772] Model parameter optimization (eps = 10.000000)
[00:13:12 -56367.175125] AUTODETECT spr round 1 (radius: 5)
[00:13:14 -56364.918621] AUTODETECT spr round 2 (radius: 10)
[00:13:17 -56364.916509] SPR radius for FAST iterations: 5 (autodetect)
[00:13:17 -56364.916509] Model parameter optimization (eps = 3.000000)
[00:13:20 -56354.663395] FAST spr round 1 (radius: 5)
[00:13:23 -56354.600462] Model parameter optimization (eps = 1.000000)
[00:13:25 -56352.597073] SLOW spr round 1 (radius: 5)
[00:13:31 -56352.562160] SLOW spr round 2 (radius: 10)
[00:13:39 -56352.455156] SLOW spr round 3 (radius: 5)
[00:13:46 -56352.443676] SLOW spr round 4 (radius: 10)
[00:13:54 -56352.443672] SLOW spr round 5 (radius: 15)
[00:14:00 -56352.443672] SLOW spr round 6 (radius: 20)
[00:14:05 -56352.443672] SLOW spr round 7 (radius: 25)
[00:14:09 -56352.443672] Model parameter optimization (eps = 0.100000)

[00:14:13] ML tree search #11, logLikelihood: -56350.670575

[00:14:13 -181188.783447] Initial branch length optimization
[00:14:13 -59722.561278] Model parameter optimization (eps = 10.000000)
[00:14:18 -56369.060727] AUTODETECT spr round 1 (radius: 5)
[00:14:20 -56368.974587] SPR radius for FAST iterations: 5 (autodetect)
[00:14:20 -56368.974587] Model parameter optimization (eps = 3.000000)
[00:14:22 -56358.570586] FAST spr round 1 (radius: 5)
[00:14:26 -56354.646889] FAST spr round 2 (radius: 5)
[00:14:28 -56354.632993] Model parameter optimization (eps = 1.000000)
[00:14:30 -56352.435388] SLOW spr round 1 (radius: 5)
[00:14:36 -56352.417041] SLOW spr round 2 (radius: 10)
[00:14:43 -56352.413991] SLOW spr round 3 (radius: 15)
[00:14:49 -56352.412094] SLOW spr round 4 (radius: 20)
[00:14:55 -56352.411853] SLOW spr round 5 (radius: 25)
[00:15:00 -56352.411853] Model parameter optimization (eps = 0.100000)

[00:15:05] ML tree search #12, logLikelihood: -56350.682441

[00:15:05 -181187.889901] Initial branch length optimization
[00:15:05 -59718.133826] Model parameter optimization (eps = 10.000000)
[00:15:09 -56366.962063] AUTODETECT spr round 1 (radius: 5)
[00:15:11 -56366.872286] SPR radius for FAST iterations: 5 (autodetect)
[00:15:11 -56366.872286] Model parameter optimization (eps = 3.000000)
[00:15:14 -56356.569533] FAST spr round 1 (radius: 5)
[00:15:17 -56354.974931] FAST spr round 2 (radius: 5)
[00:15:20 -56354.972679] Model parameter optimization (eps = 1.000000)
[00:15:21 -56352.832494] SLOW spr round 1 (radius: 5)
[00:15:28 -56352.811437] SLOW spr round 2 (radius: 10)
[00:15:35 -56352.661543] SLOW spr round 3 (radius: 5)
[00:15:42 -56352.641882] SLOW spr round 4 (radius: 10)
[00:15:49 -56352.640000] SLOW spr round 5 (radius: 15)
[00:15:55 -56352.639993] SLOW spr round 6 (radius: 20)
[00:16:00 -56352.639993] SLOW spr round 7 (radius: 25)
[00:16:03 -56352.639993] Model parameter optimization (eps = 0.100000)

[00:16:08] ML tree search #13, logLikelihood: -56350.660107

[00:16:08 -181194.586262] Initial branch length optimization
[00:16:08 -59722.062047] Model parameter optimization (eps = 10.000000)
[00:16:12 -56368.443306] AUTODETECT spr round 1 (radius: 5)
[00:16:14 -56366.445737] AUTODETECT spr round 2 (radius: 10)
[00:16:17 -56366.242998] AUTODETECT spr round 3 (radius: 15)
[00:16:21 -56366.242985] SPR radius for FAST iterations: 10 (autodetect)
[00:16:21 -56366.242985] Model parameter optimization (eps = 3.000000)
[00:16:23 -56354.916740] FAST spr round 1 (radius: 10)
[00:16:28 -56354.845745] Model parameter optimization (eps = 1.000000)
[00:16:29 -56352.786766] SLOW spr round 1 (radius: 5)
[00:16:37 -56352.753390] SLOW spr round 2 (radius: 10)
[00:16:47 -56352.608947] SLOW spr round 3 (radius: 5)
[00:16:54 -56352.581069] SLOW spr round 4 (radius: 10)
[00:17:02 -56352.579187] SLOW spr round 5 (radius: 15)
[00:17:08 -56352.579181] SLOW spr round 6 (radius: 20)
[00:17:13 -56352.579181] SLOW spr round 7 (radius: 25)
[00:17:17 -56352.579181] Model parameter optimization (eps = 0.100000)

[00:17:21] ML tree search #14, logLikelihood: -56350.654842

[00:17:21 -181187.849047] Initial branch length optimization
[00:17:22 -59718.325398] Model parameter optimization (eps = 10.000000)
[00:17:26 -56366.969056] AUTODETECT spr round 1 (radius: 5)
[00:17:28 -56365.558530] AUTODETECT spr round 2 (radius: 10)
[00:17:31 -56365.557577] SPR radius for FAST iterations: 5 (autodetect)
[00:17:31 -56365.557577] Model parameter optimization (eps = 3.000000)
[00:17:34 -56354.951296] FAST spr round 1 (radius: 5)
[00:17:37 -56354.883274] Model parameter optimization (eps = 1.000000)
[00:17:39 -56352.805851] SLOW spr round 1 (radius: 5)
[00:17:46 -56352.766335] SLOW spr round 2 (radius: 10)
[00:17:55 -56352.632475] SLOW spr round 3 (radius: 5)
[00:18:02 -56352.612836] SLOW spr round 4 (radius: 10)
[00:18:12 -56352.610965] SLOW spr round 5 (radius: 15)
[00:18:18 -56352.610960] SLOW spr round 6 (radius: 20)
[00:18:23 -56352.610959] SLOW spr round 7 (radius: 25)
[00:18:26 -56352.610959] Model parameter optimization (eps = 0.100000)

[00:18:31] ML tree search #15, logLikelihood: -56350.657771

[00:18:31 -181188.487807] Initial branch length optimization
[00:18:32 -59718.138111] Model parameter optimization (eps = 10.000000)
[00:18:36 -56366.981265] AUTODETECT spr round 1 (radius: 5)
[00:18:38 -56365.556956] AUTODETECT spr round 2 (radius: 10)
[00:18:41 -56365.555621] SPR radius for FAST iterations: 5 (autodetect)
[00:18:41 -56365.555621] Model parameter optimization (eps = 3.000000)
[00:18:44 -56354.972482] FAST spr round 1 (radius: 5)
[00:18:48 -56354.905105] Model parameter optimization (eps = 1.000000)
[00:18:49 -56352.818491] SLOW spr round 1 (radius: 5)
[00:18:56 -56352.791829] SLOW spr round 2 (radius: 10)
[00:19:04 -56352.657857] SLOW spr round 3 (radius: 5)
[00:19:10 -56352.639596] SLOW spr round 4 (radius: 10)
[00:19:18 -56352.637772] SLOW spr round 5 (radius: 15)
[00:19:25 -56352.637620] SLOW spr round 6 (radius: 20)
[00:19:31 -56352.637620] SLOW spr round 7 (radius: 25)
[00:19:36 -56352.637620] Model parameter optimization (eps = 0.100000)

[00:19:41] ML tree search #16, logLikelihood: -56350.680218



Final LogLikelihood: -56350.654842

AIC score: 113247.309685 / AICc score: 113252.490955 / BIC score: 115507.788336
Free parameters (model + branch lengths): 273

Best ML tree saved to: /home/hikoyu/analysis/Genome/SARS-CoV-2/phylogeny/RAxML-NG/DNA/part/sep/SARS-CoV-2_200328.7.raxml.bestTree
All ML trees saved to: /home/hikoyu/analysis/Genome/SARS-CoV-2/phylogeny/RAxML-NG/DNA/part/sep/SARS-CoV-2_200328.7.raxml.mlTrees
Optimized model saved to: /home/hikoyu/analysis/Genome/SARS-CoV-2/phylogeny/RAxML-NG/DNA/part/sep/SARS-CoV-2_200328.7.raxml.bestModel

Execution log saved to: /home/hikoyu/analysis/Genome/SARS-CoV-2/phylogeny/RAxML-NG/DNA/part/sep/SARS-CoV-2_200328.7.raxml.log

Analysis started: 30-Mar-2020 10:17:30 / finished: 30-Mar-2020 10:37:12

Elapsed time: 1181.945 seconds

