
RAxML-NG v. 0.9.0 released on 20.05.2019 by The Exelixis Lab.
Developed by: Alexey M. Kozlov and Alexandros Stamatakis.
Contributors: Diego Darriba, Tomas Flouri, Benoit Morel, Sarah Lutteropp, Ben Bettisworth.
Latest version: https://github.com/amkozlov/raxml-ng
Questions/problems/suggestions? Please visit: https://groups.google.com/forum/#!forum/raxml

RAxML-NG was called at 12-Apr-2020 14:22:57 as follows:

raxml-ng --threads 1 --bootstrap --bs-trees 84 --seed 3122904178 --prefix phylogeny/RAxML-NG/DNA/part/sep/SARS-CoV-2_200407.0 --msa phylogeny/RAxML-NG/DNA/part/sep/SARS-CoV-2_200407.raxml.rba --outgroup MG772933.1

Analysis options:
  run mode: Bootstrapping
  start tree(s): 
  bootstrap replicates: 84
  random seed: 3122904178
  tip-inner: OFF
  pattern compression: ON
  per-rate scalers: OFF
  site repeats: ON
  branch lengths: proportional (ML estimate, algorithm: NR-FAST)
  SIMD kernels: AVX2
  parallelization: NONE/sequential

[00:00:00] Loading binary alignment from file: phylogeny/RAxML-NG/DNA/part/sep/SARS-CoV-2_200407.raxml.rba
[00:00:00] Alignment comprises 285 taxa, 33 partitions and 1014 patterns

Partition 0: orf1ab_U_p1
Model: TN93+FO+I+B
Alignment sites / patterns: 4404 / 86
Gaps: 0.07 %
Invariant sites: 94.73 %

Partition 1: orf1ab_U_p2
Model: TN93+FO+I+G4m+B
Alignment sites / patterns: 4404 / 102
Gaps: 0.07 %
Invariant sites: 96.25 %

Partition 2: orf1ab_U_p3
Model: TN93+FO+I+G4m+B
Alignment sites / patterns: 4404 / 127
Gaps: 0.07 %
Invariant sites: 73.41 %

Partition 3: orf1ab_D_p1
Model: TIM1+I+B
Alignment sites / patterns: 2697 / 54
Gaps: 0.04 %
Invariant sites: 92.81 %

Partition 4: orf1ab_D_p2
Model: TIM1+I+G4m+B
Alignment sites / patterns: 2697 / 45
Gaps: 0.04 %
Invariant sites: 97.78 %

Partition 5: orf1ab_D_p3
Model: GTR+FO+I+G4m+B
Alignment sites / patterns: 2697 / 86
Gaps: 0.04 %
Invariant sites: 62.22 %

Partition 6: S_p1
Model: TN93+FO+G4m+B
Alignment sites / patterns: 1274 / 51
Gaps: 0.01 %
Invariant sites: 82.50 %

Partition 7: S_p2
Model: TN93+FO+I+G4m+B
Alignment sites / patterns: 1274 / 44
Gaps: 0.01 %
Invariant sites: 90.35 %

Partition 8: S_p3
Model: HKY+FO+I+B
Alignment sites / patterns: 1274 / 86
Gaps: 0.01 %
Invariant sites: 49.92 %

Partition 9: ORF3a_p1
Model: JC+I+B
Alignment sites / patterns: 276 / 21
Gaps: 0.00 %
Invariant sites: 90.22 %

Partition 10: ORF3a_p2
Model: JC+I+G4m+B
Alignment sites / patterns: 276 / 19
Gaps: 0.00 %
Invariant sites: 93.84 %

Partition 11: ORF3a_p3
Model: TVM+FO+I+G4m+B
Alignment sites / patterns: 276 / 25
Gaps: 0.00 %
Invariant sites: 70.65 %

Partition 12: E_p1
Model: JC+B
Alignment sites / patterns: 76 / 6
Gaps: 0.00 %
Invariant sites: 97.37 %

Partition 13: E_p2
Model: JC+B
Alignment sites / patterns: 76 / 5
Gaps: 0.00 %
Invariant sites: 98.68 %

Partition 14: E_p3
Model: JC+B
Alignment sites / patterns: 76 / 7
Gaps: 0.00 %
Invariant sites: 96.05 %

Partition 15: M_p1
Model: K80+I+B
Alignment sites / patterns: 223 / 10
Gaps: 0.00 %
Invariant sites: 95.52 %

Partition 16: M_p2
Model: JC+B
Alignment sites / patterns: 223 / 9
Gaps: 0.00 %
Invariant sites: 98.21 %

Partition 17: M_p3
Model: K80+G4m+B
Alignment sites / patterns: 223 / 29
Gaps: 0.00 %
Invariant sites: 77.58 %

Partition 18: ORF6_p1
Model: JC+B
Alignment sites / patterns: 62 / 7
Gaps: 0.00 %
Invariant sites: 93.55 %

Partition 19: ORF6_p2
Model: JC+B
Alignment sites / patterns: 62 / 6
Gaps: 0.00 %
Invariant sites: 96.77 %

Partition 20: ORF6_p3
Model: TN93ef+G4m+B
Alignment sites / patterns: 62 / 12
Gaps: 0.00 %
Invariant sites: 83.87 %

Partition 21: ORF7a_p1
Model: K80+B
Alignment sites / patterns: 122 / 11
Gaps: 0.00 %
Invariant sites: 90.98 %

Partition 22: ORF7a_p2
Model: K80+B
Alignment sites / patterns: 122 / 12
Gaps: 0.00 %
Invariant sites: 90.98 %

Partition 23: ORF7a_p3
Model: HKY+FO+I+B
Alignment sites / patterns: 122 / 17
Gaps: 0.00 %
Invariant sites: 77.87 %

Partition 24: ORF8_p1
Model: JC+I+B
Alignment sites / patterns: 122 / 13
Gaps: 0.00 %
Invariant sites: 92.62 %

Partition 25: ORF8_p2
Model: TPM3uf+FO+I+G4m+B
Alignment sites / patterns: 122 / 11
Gaps: 0.00 %
Invariant sites: 94.26 %

Partition 26: ORF8_p3
Model: HKY+FO+B
Alignment sites / patterns: 122 / 17
Gaps: 0.00 %
Invariant sites: 68.85 %

Partition 27: N_p1
Model: F81+FO+I+G4m+B
Alignment sites / patterns: 420 / 19
Gaps: 0.00 %
Invariant sites: 94.29 %

Partition 28: N_p2
Model: HKY+FO+I+G4m+B
Alignment sites / patterns: 420 / 20
Gaps: 0.00 %
Invariant sites: 95.24 %

Partition 29: N_p3
Model: HKY+FO+G4m+B
Alignment sites / patterns: 420 / 40
Gaps: 0.00 %
Invariant sites: 74.76 %

Partition 30: ORF10_p1
Model: JC+B
Alignment sites / patterns: 39 / 8
Gaps: 0.00 %
Invariant sites: 89.74 %

Partition 31: ORF10_p2
Model: JC+B
Alignment sites / patterns: 39 / 4
Gaps: 0.00 %
Invariant sites: 100.00 %

Partition 32: ORF10_p3
Model: JC+B
Alignment sites / patterns: 39 / 5
Gaps: 0.00 %
Invariant sites: 97.44 %


[00:00:00] Data distribution: max. partitions/sites/weight per thread: 33 / 1014 / 11616
[00:00:00] Starting bootstrapping analysis with 84 replicates.

[00:10:39] Bootstrap tree #1, logLikelihood: -58705.090348
[00:26:40] Bootstrap tree #2, logLikelihood: -58001.227055
[00:38:31] Bootstrap tree #3, logLikelihood: -58707.036847
[00:50:12] Bootstrap tree #4, logLikelihood: -58386.014076
[01:04:32] Bootstrap tree #5, logLikelihood: -58375.027092
[01:16:16] Bootstrap tree #6, logLikelihood: -58208.460320
[01:27:48] Bootstrap tree #7, logLikelihood: -58386.321148
[01:39:46] Bootstrap tree #8, logLikelihood: -58089.473546
[01:52:04] Bootstrap tree #9, logLikelihood: -58395.559925
[02:03:27] Bootstrap tree #10, logLikelihood: -59041.742807
[02:16:43] Bootstrap tree #11, logLikelihood: -58308.820016
[02:28:56] Bootstrap tree #12, logLikelihood: -58847.967395
[02:41:39] Bootstrap tree #13, logLikelihood: -58534.360316
[02:53:30] Bootstrap tree #14, logLikelihood: -58206.756028
[03:06:22] Bootstrap tree #15, logLikelihood: -58703.720979
[03:25:07] Bootstrap tree #16, logLikelihood: -57922.154376
[03:40:03] Bootstrap tree #17, logLikelihood: -58408.146094
[03:54:09] Bootstrap tree #18, logLikelihood: -58381.763751
[04:09:10] Bootstrap tree #19, logLikelihood: -58407.204800
[04:23:16] Bootstrap tree #20, logLikelihood: -58176.660155
[04:36:51] Bootstrap tree #21, logLikelihood: -58244.121252
[04:48:45] Bootstrap tree #22, logLikelihood: -58038.894476
[05:05:48] Bootstrap tree #23, logLikelihood: -57831.822366
[05:19:58] Bootstrap tree #24, logLikelihood: -58552.114901
[05:32:27] Bootstrap tree #25, logLikelihood: -59155.336913
[05:45:12] Bootstrap tree #26, logLikelihood: -58683.464299
[05:58:11] Bootstrap tree #27, logLikelihood: -58187.341283
[06:10:02] Bootstrap tree #28, logLikelihood: -58183.374531
[06:27:01] Bootstrap tree #29, logLikelihood: -58527.563323
[06:40:40] Bootstrap tree #30, logLikelihood: -58571.783859
[06:54:13] Bootstrap tree #31, logLikelihood: -57471.779324
[07:07:52] Bootstrap tree #32, logLikelihood: -58137.177730
[07:31:36] Bootstrap tree #33, logLikelihood: -58203.908570
[07:43:32] Bootstrap tree #34, logLikelihood: -59058.242827
[07:58:27] Bootstrap tree #35, logLikelihood: -58337.714616
[08:10:27] Bootstrap tree #36, logLikelihood: -58176.964007
[08:25:33] Bootstrap tree #37, logLikelihood: -58445.673165
[08:38:20] Bootstrap tree #38, logLikelihood: -58504.221744
[08:51:59] Bootstrap tree #39, logLikelihood: -58977.602673
[09:06:08] Bootstrap tree #40, logLikelihood: -58209.621390
[09:20:04] Bootstrap tree #41, logLikelihood: -58458.577698
[09:33:33] Bootstrap tree #42, logLikelihood: -58386.158576
[09:50:26] Bootstrap tree #43, logLikelihood: -58520.447926
[10:06:29] Bootstrap tree #44, logLikelihood: -58302.474038
[10:22:14] Bootstrap tree #45, logLikelihood: -58754.111956
[10:35:54] Bootstrap tree #46, logLikelihood: -58289.137112
[10:49:26] Bootstrap tree #47, logLikelihood: -58780.006213
[11:05:08] Bootstrap tree #48, logLikelihood: -58673.987204
[11:24:28] Bootstrap tree #49, logLikelihood: -58507.777365
[11:36:45] Bootstrap tree #50, logLikelihood: -58595.085425
[11:48:51] Bootstrap tree #51, logLikelihood: -58258.612455
[12:03:11] Bootstrap tree #52, logLikelihood: -58554.624795
[12:16:31] Bootstrap tree #53, logLikelihood: -58249.086218
[12:30:13] Bootstrap tree #54, logLikelihood: -58566.791579
[12:43:43] Bootstrap tree #55, logLikelihood: -58072.189490
[12:58:05] Bootstrap tree #56, logLikelihood: -58766.337173
[13:10:12] Bootstrap tree #57, logLikelihood: -58249.513709
[13:24:04] Bootstrap tree #58, logLikelihood: -57964.358547
[13:40:04] Bootstrap tree #59, logLikelihood: -58555.465958
[13:52:45] Bootstrap tree #60, logLikelihood: -58230.965900
[14:04:08] Bootstrap tree #61, logLikelihood: -58355.320183
[14:17:41] Bootstrap tree #62, logLikelihood: -58034.628128
[14:34:39] Bootstrap tree #63, logLikelihood: -58261.801234
[14:52:32] Bootstrap tree #64, logLikelihood: -58034.859207
[15:04:48] Bootstrap tree #65, logLikelihood: -58354.709823
[15:17:51] Bootstrap tree #66, logLikelihood: -58015.309073
[15:30:52] Bootstrap tree #67, logLikelihood: -58164.950182
[15:46:02] Bootstrap tree #68, logLikelihood: -58702.546351
[16:05:32] Bootstrap tree #69, logLikelihood: -58099.224356
[16:19:41] Bootstrap tree #70, logLikelihood: -58449.514351
[16:36:03] Bootstrap tree #71, logLikelihood: -57944.981394
[17:00:12] Bootstrap tree #72, logLikelihood: -58630.980923
[17:15:10] Bootstrap tree #73, logLikelihood: -58428.447302
[17:30:55] Bootstrap tree #74, logLikelihood: -58612.369787
[17:44:23] Bootstrap tree #75, logLikelihood: -58371.748367
[18:02:54] Bootstrap tree #76, logLikelihood: -58257.378815
[18:18:31] Bootstrap tree #77, logLikelihood: -58607.282789
[18:32:53] Bootstrap tree #78, logLikelihood: -58577.118660
[18:56:28] Bootstrap tree #79, logLikelihood: -58134.962895
[19:09:48] Bootstrap tree #80, logLikelihood: -58771.269322
[19:23:23] Bootstrap tree #81, logLikelihood: -58076.913543
[19:35:49] Bootstrap tree #82, logLikelihood: -58741.075977
[19:54:02] Bootstrap tree #83, logLikelihood: -58252.185389
[20:15:11] Bootstrap tree #84, logLikelihood: -58814.811086

Bootstrap trees saved to: /home/hikoyu/analysis/Genome/SARS-CoV-2/phylogeny/RAxML-NG/DNA/part/sep/SARS-CoV-2_200407.0.raxml.bootstraps

Execution log saved to: /home/hikoyu/analysis/Genome/SARS-CoV-2/phylogeny/RAxML-NG/DNA/part/sep/SARS-CoV-2_200407.0.raxml.log

Analysis started: 12-Apr-2020 14:22:57 / finished: 13-Apr-2020 10:38:09

Elapsed time: 72911.661 seconds

