
RAxML-NG v. 0.9.0 released on 20.05.2019 by The Exelixis Lab.
Developed by: Alexey M. Kozlov and Alexandros Stamatakis.
Contributors: Diego Darriba, Tomas Flouri, Benoit Morel, Sarah Lutteropp, Ben Bettisworth.
Latest version: https://github.com/amkozlov/raxml-ng
Questions/problems/suggestions? Please visit: https://groups.google.com/forum/#!forum/raxml

RAxML-NG was called at 30-Mar-2020 12:43:19 as follows:

raxml-ng --threads 1 --bootstrap --bs-trees 83 --seed 3976092158 --prefix phylogeny/RAxML-NG/DNA/part/sep/SARS-CoV-2_200328.7 --msa phylogeny/RAxML-NG/DNA/part/sep/SARS-CoV-2_200328.raxml.rba --outgroup MG772933.1

Analysis options:
  run mode: Bootstrapping
  start tree(s): 
  bootstrap replicates: 83
  random seed: 3976092158
  tip-inner: OFF
  pattern compression: ON
  per-rate scalers: OFF
  site repeats: ON
  branch lengths: proportional (ML estimate, algorithm: NR-FAST)
  SIMD kernels: AVX2
  parallelization: NONE/sequential

[00:00:00] Loading binary alignment from file: phylogeny/RAxML-NG/DNA/part/sep/SARS-CoV-2_200328.raxml.rba
[00:00:00] Alignment comprises 80 taxa, 33 partitions and 791 patterns

Partition 0: orf1ab_U_p1
Model: TN93+FO+I+B
Alignment sites / patterns: 4405 / 63
Gaps: 0.10 %
Invariant sites: 95.07 %

Partition 1: orf1ab_U_p2
Model: HKY+FO+I+B
Alignment sites / patterns: 4405 / 69
Gaps: 0.10 %
Invariant sites: 96.71 %

Partition 2: orf1ab_U_p3
Model: TN93+FO+G4m+B
Alignment sites / patterns: 4405 / 91
Gaps: 0.10 %
Invariant sites: 73.83 %

Partition 3: orf1ab_D_p1
Model: TN93+FO+I+B
Alignment sites / patterns: 2697 / 36
Gaps: 0.04 %
Invariant sites: 93.29 %

Partition 4: orf1ab_D_p2
Model: HKY+FO+I+G4m+B
Alignment sites / patterns: 2697 / 33
Gaps: 0.04 %
Invariant sites: 98.07 %

Partition 5: orf1ab_D_p3
Model: TPM3uf+FO+G4m+B
Alignment sites / patterns: 2697 / 59
Gaps: 0.04 %
Invariant sites: 62.51 %

Partition 6: S_p1
Model: TN93+FO+G4m+B
Alignment sites / patterns: 1274 / 43
Gaps: 0.04 %
Invariant sites: 83.12 %

Partition 7: S_p2
Model: F81+FO+B
Alignment sites / patterns: 1274 / 39
Gaps: 0.04 %
Invariant sites: 90.19 %

Partition 8: S_p3
Model: HKY+FO+I+B
Alignment sites / patterns: 1274 / 70
Gaps: 0.04 %
Invariant sites: 50.24 %

Partition 9: ORF3a_p1
Model: JC+G4m+B
Alignment sites / patterns: 276 / 20
Gaps: 0.00 %
Invariant sites: 90.58 %

Partition 10: ORF3a_p2
Model: JC+I+G4m+B
Alignment sites / patterns: 276 / 15
Gaps: 0.00 %
Invariant sites: 95.29 %

Partition 11: ORF3a_p3
Model: HKY+FO+I+B
Alignment sites / patterns: 276 / 22
Gaps: 0.00 %
Invariant sites: 70.65 %

Partition 12: E_p1
Model: JC+B
Alignment sites / patterns: 76 / 5
Gaps: 0.00 %
Invariant sites: 98.68 %

Partition 13: E_p2
Model: JC+B
Alignment sites / patterns: 76 / 5
Gaps: 0.00 %
Invariant sites: 98.68 %

Partition 14: E_p3
Model: JC+B
Alignment sites / patterns: 76 / 6
Gaps: 0.00 %
Invariant sites: 97.37 %

Partition 15: M_p1
Model: TN93ef+B
Alignment sites / patterns: 223 / 9
Gaps: 0.01 %
Invariant sites: 95.52 %

Partition 16: M_p2
Model: JC+I+B
Alignment sites / patterns: 223 / 7
Gaps: 0.01 %
Invariant sites: 99.10 %

Partition 17: M_p3
Model: K80+I+B
Alignment sites / patterns: 223 / 28
Gaps: 0.01 %
Invariant sites: 78.03 %

Partition 18: ORF6_p1
Model: JC+B
Alignment sites / patterns: 62 / 6
Gaps: 0.00 %
Invariant sites: 95.16 %

Partition 19: ORF6_p2
Model: JC+B
Alignment sites / patterns: 62 / 6
Gaps: 0.00 %
Invariant sites: 96.77 %

Partition 20: ORF6_p3
Model: JC+B
Alignment sites / patterns: 62 / 9
Gaps: 0.00 %
Invariant sites: 88.71 %

Partition 21: ORF7a_p1
Model: K80+B
Alignment sites / patterns: 122 / 11
Gaps: 0.00 %
Invariant sites: 90.98 %

Partition 22: ORF7a_p2
Model: K80+B
Alignment sites / patterns: 122 / 10
Gaps: 0.00 %
Invariant sites: 92.62 %

Partition 23: ORF7a_p3
Model: HKY+FO+I+B
Alignment sites / patterns: 122 / 16
Gaps: 0.00 %
Invariant sites: 78.69 %

Partition 24: ORF8_p1
Model: JC+I+B
Alignment sites / patterns: 122 / 12
Gaps: 0.00 %
Invariant sites: 93.44 %

Partition 25: ORF8_p2
Model: K80+I+G4m+B
Alignment sites / patterns: 122 / 9
Gaps: 0.00 %
Invariant sites: 95.90 %

Partition 26: ORF8_p3
Model: HKY+FO+B
Alignment sites / patterns: 122 / 16
Gaps: 0.00 %
Invariant sites: 69.67 %

Partition 27: N_p1
Model: K80+I+B
Alignment sites / patterns: 420 / 15
Gaps: 0.00 %
Invariant sites: 95.24 %

Partition 28: N_p2
Model: JC+B
Alignment sites / patterns: 420 / 16
Gaps: 0.00 %
Invariant sites: 95.95 %

Partition 29: N_p3
Model: HKY+FO+G4m+B
Alignment sites / patterns: 420 / 30
Gaps: 0.00 %
Invariant sites: 76.67 %

Partition 30: ORF10_p1
Model: JC+B
Alignment sites / patterns: 39 / 6
Gaps: 0.00 %
Invariant sites: 94.87 %

Partition 31: ORF10_p2
Model: JC+B
Alignment sites / patterns: 39 / 4
Gaps: 0.00 %
Invariant sites: 100.00 %

Partition 32: ORF10_p3
Model: JC+B
Alignment sites / patterns: 39 / 5
Gaps: 0.00 %
Invariant sites: 97.44 %


[00:00:00] Data distribution: max. partitions/sites/weight per thread: 33 / 791 / 6764
[00:00:00] Starting bootstrapping analysis with 83 replicates.

[00:01:04] Bootstrap tree #1, logLikelihood: -56233.590218
[00:02:09] Bootstrap tree #2, logLikelihood: -56299.396718
[00:03:09] Bootstrap tree #3, logLikelihood: -56316.876308
[00:04:03] Bootstrap tree #4, logLikelihood: -56205.150370
[00:05:16] Bootstrap tree #5, logLikelihood: -55975.547493
[00:06:19] Bootstrap tree #6, logLikelihood: -56102.856962
[00:07:22] Bootstrap tree #7, logLikelihood: -56640.936961
[00:08:26] Bootstrap tree #8, logLikelihood: -56428.875737
[00:10:03] Bootstrap tree #9, logLikelihood: -56420.038293
[00:11:24] Bootstrap tree #10, logLikelihood: -56104.094085
[00:12:32] Bootstrap tree #11, logLikelihood: -55837.258026
[00:13:36] Bootstrap tree #12, logLikelihood: -56251.784957
[00:14:39] Bootstrap tree #13, logLikelihood: -55854.321977
[00:15:44] Bootstrap tree #14, logLikelihood: -56300.124723
[00:16:54] Bootstrap tree #15, logLikelihood: -56043.834667
[00:17:59] Bootstrap tree #16, logLikelihood: -55691.152660
[00:19:05] Bootstrap tree #17, logLikelihood: -56476.352069
[00:20:22] Bootstrap tree #18, logLikelihood: -56114.175279
[00:21:26] Bootstrap tree #19, logLikelihood: -55907.842834
[00:22:45] Bootstrap tree #20, logLikelihood: -56322.526606
[00:23:46] Bootstrap tree #21, logLikelihood: -55713.306764
[00:24:52] Bootstrap tree #22, logLikelihood: -55997.187319
[00:26:23] Bootstrap tree #23, logLikelihood: -56015.471273
[00:27:49] Bootstrap tree #24, logLikelihood: -56101.071574
[00:29:02] Bootstrap tree #25, logLikelihood: -55861.365039
[00:30:10] Bootstrap tree #26, logLikelihood: -56246.351442
[00:31:18] Bootstrap tree #27, logLikelihood: -56034.483175
[00:32:33] Bootstrap tree #28, logLikelihood: -56452.678105
[00:33:39] Bootstrap tree #29, logLikelihood: -56225.545417
[00:35:12] Bootstrap tree #30, logLikelihood: -56320.564257
[00:36:13] Bootstrap tree #31, logLikelihood: -56258.114928
[00:37:55] Bootstrap tree #32, logLikelihood: -56193.975979
[00:39:20] Bootstrap tree #33, logLikelihood: -56443.764546
[00:40:27] Bootstrap tree #34, logLikelihood: -56165.931000
[00:41:25] Bootstrap tree #35, logLikelihood: -56259.876877
[00:43:33] Bootstrap tree #36, logLikelihood: -56124.805945
[00:44:41] Bootstrap tree #37, logLikelihood: -55937.588745
[00:45:48] Bootstrap tree #38, logLikelihood: -56151.379670
[00:47:15] Bootstrap tree #39, logLikelihood: -56365.663385
[00:48:36] Bootstrap tree #40, logLikelihood: -56047.015800
[00:49:39] Bootstrap tree #41, logLikelihood: -55865.757173
[00:50:47] Bootstrap tree #42, logLikelihood: -56028.770481
[00:52:27] Bootstrap tree #43, logLikelihood: -56259.615803
[00:53:50] Bootstrap tree #44, logLikelihood: -56021.862707
[00:55:05] Bootstrap tree #45, logLikelihood: -56337.186781
[00:56:25] Bootstrap tree #46, logLikelihood: -55809.156044
[00:57:35] Bootstrap tree #47, logLikelihood: -56285.719366
[00:58:48] Bootstrap tree #48, logLikelihood: -56471.269542
[00:59:57] Bootstrap tree #49, logLikelihood: -56081.948717
[01:01:04] Bootstrap tree #50, logLikelihood: -56286.704919
[01:02:34] Bootstrap tree #51, logLikelihood: -56653.905445
[01:03:46] Bootstrap tree #52, logLikelihood: -56067.594239
[01:05:09] Bootstrap tree #53, logLikelihood: -56399.428702
[01:06:16] Bootstrap tree #54, logLikelihood: -55949.380315
[01:07:25] Bootstrap tree #55, logLikelihood: -56349.655072
[01:08:36] Bootstrap tree #56, logLikelihood: -56348.686928
[01:09:51] Bootstrap tree #57, logLikelihood: -56334.829744
[01:11:04] Bootstrap tree #58, logLikelihood: -56121.719973
[01:12:18] Bootstrap tree #59, logLikelihood: -56162.007873
[01:13:24] Bootstrap tree #60, logLikelihood: -56245.865385
[01:14:39] Bootstrap tree #61, logLikelihood: -56425.954610
[01:15:55] Bootstrap tree #62, logLikelihood: -56105.943788
[01:17:17] Bootstrap tree #63, logLikelihood: -56481.147329
[01:18:47] Bootstrap tree #64, logLikelihood: -56601.037117
[01:20:04] Bootstrap tree #65, logLikelihood: -56128.231347
[01:21:18] Bootstrap tree #66, logLikelihood: -56307.805368
[01:22:39] Bootstrap tree #67, logLikelihood: -55797.831359
[01:24:03] Bootstrap tree #68, logLikelihood: -56066.964181
[01:25:29] Bootstrap tree #69, logLikelihood: -56216.441213
[01:26:57] Bootstrap tree #70, logLikelihood: -56184.245816
[01:28:07] Bootstrap tree #71, logLikelihood: -56229.422831
[01:29:26] Bootstrap tree #72, logLikelihood: -56376.144333
[01:30:38] Bootstrap tree #73, logLikelihood: -56123.398201
[01:32:00] Bootstrap tree #74, logLikelihood: -56073.425034
[01:33:10] Bootstrap tree #75, logLikelihood: -55827.681518
[01:34:21] Bootstrap tree #76, logLikelihood: -56171.141911
[01:35:33] Bootstrap tree #77, logLikelihood: -56125.141407
[01:37:15] Bootstrap tree #78, logLikelihood: -56262.835179
[01:38:24] Bootstrap tree #79, logLikelihood: -56046.370481
[01:39:41] Bootstrap tree #80, logLikelihood: -55965.079206
[01:40:51] Bootstrap tree #81, logLikelihood: -56036.955075
[01:42:15] Bootstrap tree #82, logLikelihood: -55986.304577
[01:44:04] Bootstrap tree #83, logLikelihood: -56160.549972

Bootstrap trees saved to: /home/hikoyu/analysis/Genome/SARS-CoV-2/phylogeny/RAxML-NG/DNA/part/sep/SARS-CoV-2_200328.7.raxml.bootstraps

Execution log saved to: /home/hikoyu/analysis/Genome/SARS-CoV-2/phylogeny/RAxML-NG/DNA/part/sep/SARS-CoV-2_200328.7.raxml.log

Analysis started: 30-Mar-2020 12:43:19 / finished: 30-Mar-2020 14:27:24

Elapsed time: 6244.552 seconds

