
RAxML-NG v. 0.9.0 released on 20.05.2019 by The Exelixis Lab.
Developed by: Alexey M. Kozlov and Alexandros Stamatakis.
Contributors: Diego Darriba, Tomas Flouri, Benoit Morel, Sarah Lutteropp, Ben Bettisworth.
Latest version: https://github.com/amkozlov/raxml-ng
Questions/problems/suggestions? Please visit: https://groups.google.com/forum/#!forum/raxml

RAxML-NG was called at 11-Mar-2020 07:45:26 as follows:

raxml-ng --threads 1 --search --tree rand{9},pars{9} --seed 334048158 --prefix phylogeny/RAxML-NG/DNA/part/sep/SARS-CoV-2_200311.1 --msa phylogeny/RAxML-NG/DNA/part/sep/SARS-CoV-2_200311.raxml.rba --outgroup MG772933.1

Analysis options:
  run mode: ML tree search
  start tree(s): random (9) + parsimony (9)
  random seed: 334048158
  tip-inner: OFF
  pattern compression: ON
  per-rate scalers: OFF
  site repeats: ON
  fast spr radius: AUTO
  spr subtree cutoff: 1.000000
  branch lengths: proportional (ML estimate, algorithm: NR-FAST)
  SIMD kernels: AVX2
  parallelization: NONE/sequential

[00:00:00] Loading binary alignment from file: phylogeny/RAxML-NG/DNA/part/sep/SARS-CoV-2_200311.raxml.rba
[00:00:00] Alignment comprises 64 taxa, 33 partitions and 747 patterns

Partition 0: orf1ab_U_p1
Model: TIM3+I+B
Alignment sites / patterns: 4405 / 56
Gaps: 0.10 %
Invariant sites: 95.35 %

Partition 1: orf1ab_U_p2
Model: HKY+FO+I+B
Alignment sites / patterns: 4405 / 63
Gaps: 0.10 %
Invariant sites: 96.84 %

Partition 2: orf1ab_U_p3
Model: TN93+FO+G4m+B
Alignment sites / patterns: 4405 / 79
Gaps: 0.10 %
Invariant sites: 74.05 %

Partition 3: orf1ab_D_p1
Model: TN93+FO+I+B
Alignment sites / patterns: 2696 / 31
Gaps: 0.00 %
Invariant sites: 93.43 %

Partition 4: orf1ab_D_p2
Model: HKY+FO+I+B
Alignment sites / patterns: 2696 / 30
Gaps: 0.00 %
Invariant sites: 98.15 %

Partition 5: orf1ab_D_p3
Model: TPM3uf+FO+G4m+B
Alignment sites / patterns: 2696 / 56
Gaps: 0.00 %
Invariant sites: 62.54 %

Partition 6: S_p1
Model: TN93+FO+I+B
Alignment sites / patterns: 1274 / 42
Gaps: 0.05 %
Invariant sites: 83.12 %

Partition 7: S_p2
Model: F81+FO+B
Alignment sites / patterns: 1274 / 38
Gaps: 0.05 %
Invariant sites: 90.27 %

Partition 8: S_p3
Model: HKY+FO+I+B
Alignment sites / patterns: 1274 / 67
Gaps: 0.05 %
Invariant sites: 50.31 %

Partition 9: ORF3a_p1
Model: JC+I+B
Alignment sites / patterns: 276 / 20
Gaps: 0.00 %
Invariant sites: 90.58 %

Partition 10: ORF3a_p2
Model: JC+I+B
Alignment sites / patterns: 276 / 14
Gaps: 0.00 %
Invariant sites: 95.65 %

Partition 11: ORF3a_p3
Model: HKY+FO+I+B
Alignment sites / patterns: 276 / 22
Gaps: 0.00 %
Invariant sites: 70.65 %

Partition 12: E_p1
Model: JC+B
Alignment sites / patterns: 76 / 5
Gaps: 0.00 %
Invariant sites: 98.68 %

Partition 13: E_p2
Model: JC+B
Alignment sites / patterns: 76 / 5
Gaps: 0.00 %
Invariant sites: 98.68 %

Partition 14: E_p3
Model: JC+B
Alignment sites / patterns: 76 / 6
Gaps: 0.00 %
Invariant sites: 97.37 %

Partition 15: M_p1
Model: TN93ef+B
Alignment sites / patterns: 223 / 9
Gaps: 0.01 %
Invariant sites: 95.52 %

Partition 16: M_p2
Model: JC+I+B
Alignment sites / patterns: 223 / 7
Gaps: 0.01 %
Invariant sites: 99.10 %

Partition 17: M_p3
Model: K80+I+B
Alignment sites / patterns: 223 / 28
Gaps: 0.01 %
Invariant sites: 78.03 %

Partition 18: ORF6_p1
Model: JC+B
Alignment sites / patterns: 62 / 6
Gaps: 0.00 %
Invariant sites: 95.16 %

Partition 19: ORF6_p2
Model: JC+B
Alignment sites / patterns: 62 / 6
Gaps: 0.00 %
Invariant sites: 96.77 %

Partition 20: ORF6_p3
Model: JC+B
Alignment sites / patterns: 62 / 9
Gaps: 0.00 %
Invariant sites: 88.71 %

Partition 21: ORF7a_p1
Model: K80+B
Alignment sites / patterns: 122 / 11
Gaps: 0.00 %
Invariant sites: 90.98 %

Partition 22: ORF7a_p2
Model: K80+B
Alignment sites / patterns: 122 / 10
Gaps: 0.00 %
Invariant sites: 92.62 %

Partition 23: ORF7a_p3
Model: HKY+FO+I+B
Alignment sites / patterns: 122 / 16
Gaps: 0.00 %
Invariant sites: 78.69 %

Partition 24: ORF8_p1
Model: JC+I+B
Alignment sites / patterns: 122 / 12
Gaps: 0.00 %
Invariant sites: 93.44 %

Partition 25: ORF8_p2
Model: K80+I+G4m+B
Alignment sites / patterns: 122 / 9
Gaps: 0.00 %
Invariant sites: 95.90 %

Partition 26: ORF8_p3
Model: HKY+FO+B
Alignment sites / patterns: 122 / 16
Gaps: 0.00 %
Invariant sites: 69.67 %

Partition 27: N_p1
Model: JC+I+B
Alignment sites / patterns: 420 / 15
Gaps: 0.00 %
Invariant sites: 95.24 %

Partition 28: N_p2
Model: F81+FO+B
Alignment sites / patterns: 420 / 15
Gaps: 0.00 %
Invariant sites: 96.19 %

Partition 29: N_p3
Model: HKY+FO+I+B
Alignment sites / patterns: 420 / 29
Gaps: 0.00 %
Invariant sites: 76.67 %

Partition 30: ORF10_p1
Model: JC+B
Alignment sites / patterns: 39 / 6
Gaps: 0.00 %
Invariant sites: 94.87 %

Partition 31: ORF10_p2
Model: JC+B
Alignment sites / patterns: 39 / 4
Gaps: 0.00 %
Invariant sites: 100.00 %

Partition 32: ORF10_p3
Model: JC+B
Alignment sites / patterns: 39 / 5
Gaps: 0.00 %
Invariant sites: 97.44 %


[00:00:00] Generating 9 random starting tree(s) with 64 taxa
[00:00:00] Generating 9 parsimony starting tree(s) with 64 taxa
[00:00:00] Data distribution: max. partitions/sites/weight per thread: 33 / 747 / 4716

Starting ML tree search with 18 distinct starting trees

[00:00:00 -165676.942116] Initial branch length optimization
[00:00:00 -60164.333760] Model parameter optimization (eps = 10.000000)
[00:00:05 -56429.294077] AUTODETECT spr round 1 (radius: 5)
[00:00:06 -56145.972699] AUTODETECT spr round 2 (radius: 10)
[00:00:07 -56032.964359] AUTODETECT spr round 3 (radius: 15)
[00:00:08 -56029.600079] AUTODETECT spr round 4 (radius: 20)
[00:00:09 -56029.118494] AUTODETECT spr round 5 (radius: 25)
[00:00:10 -55967.154812] SPR radius for FAST iterations: 25 (autodetect)
[00:00:10 -55967.154812] Model parameter optimization (eps = 3.000000)
[00:00:11 -55954.072477] FAST spr round 1 (radius: 25)
[00:00:15 -55900.835927] FAST spr round 2 (radius: 25)
[00:00:18 -55900.828014] Model parameter optimization (eps = 1.000000)
[00:00:19 -55900.176163] SLOW spr round 1 (radius: 5)
[00:00:23 -55900.174422] SLOW spr round 2 (radius: 10)
[00:00:28 -55900.174405] SLOW spr round 3 (radius: 15)
[00:00:31 -55900.174404] SLOW spr round 4 (radius: 20)
[00:00:34 -55900.174404] SLOW spr round 5 (radius: 25)
[00:00:36 -55900.174404] Model parameter optimization (eps = 0.100000)

[00:00:38] ML tree search #1, logLikelihood: -55897.209338

[00:00:38 -165689.229226] Initial branch length optimization
[00:00:38 -60176.467910] Model parameter optimization (eps = 10.000000)
[00:00:44 -56422.772112] AUTODETECT spr round 1 (radius: 5)
[00:00:45 -56175.142319] AUTODETECT spr round 2 (radius: 10)
[00:00:46 -56037.954699] AUTODETECT spr round 3 (radius: 15)
[00:00:48 -55979.854547] AUTODETECT spr round 4 (radius: 20)
[00:00:49 -55972.832089] AUTODETECT spr round 5 (radius: 25)
[00:00:50 -55972.238999] SPR radius for FAST iterations: 25 (autodetect)
[00:00:50 -55972.238999] Model parameter optimization (eps = 3.000000)
[00:00:52 -55956.513204] FAST spr round 1 (radius: 25)
[00:00:56 -55899.465711] FAST spr round 2 (radius: 25)
[00:00:59 -55899.447873] Model parameter optimization (eps = 1.000000)
[00:01:00 -55899.168366] SLOW spr round 1 (radius: 5)
[00:01:04 -55899.167071] SLOW spr round 2 (radius: 10)
[00:01:09 -55899.167068] SLOW spr round 3 (radius: 15)
[00:01:12 -55899.167067] SLOW spr round 4 (radius: 20)
[00:01:15 -55899.167067] SLOW spr round 5 (radius: 25)
[00:01:18 -55899.167067] Model parameter optimization (eps = 0.100000)

[00:01:19] ML tree search #2, logLikelihood: -55898.980217

[00:01:19 -165665.242906] Initial branch length optimization
[00:01:19 -60145.927001] Model parameter optimization (eps = 10.000000)
[00:01:25 -56413.477208] AUTODETECT spr round 1 (radius: 5)
[00:01:26 -56140.782854] AUTODETECT spr round 2 (radius: 10)
[00:01:27 -56008.912963] AUTODETECT spr round 3 (radius: 15)
[00:01:29 -55990.212393] AUTODETECT spr round 4 (radius: 20)
[00:01:30 -55990.212392] SPR radius for FAST iterations: 15 (autodetect)
[00:01:30 -55990.212392] Model parameter optimization (eps = 3.000000)
[00:01:31 -55980.467104] FAST spr round 1 (radius: 15)
[00:01:34 -55909.761528] FAST spr round 2 (radius: 15)
[00:01:37 -55902.246781] FAST spr round 3 (radius: 15)
[00:01:39 -55902.244597] Model parameter optimization (eps = 1.000000)
[00:01:41 -55900.078889] SLOW spr round 1 (radius: 5)
[00:01:44 -55900.072548] SLOW spr round 2 (radius: 10)
[00:01:49 -55900.072530] SLOW spr round 3 (radius: 15)
[00:01:52 -55900.072528] SLOW spr round 4 (radius: 20)
[00:01:56 -55900.072528] SLOW spr round 5 (radius: 25)
[00:01:59 -55900.072528] Model parameter optimization (eps = 0.100000)

[00:02:01] ML tree search #3, logLikelihood: -55897.209864

[00:02:01 -165681.197683] Initial branch length optimization
[00:02:02 -60164.032645] Model parameter optimization (eps = 10.000000)
[00:02:06 -56415.244394] AUTODETECT spr round 1 (radius: 5)
[00:02:07 -56173.930207] AUTODETECT spr round 2 (radius: 10)
[00:02:09 -56087.379204] AUTODETECT spr round 3 (radius: 15)
[00:02:11 -55991.616392] AUTODETECT spr round 4 (radius: 20)
[00:02:12 -55991.078729] AUTODETECT spr round 5 (radius: 25)
[00:02:13 -55991.077665] SPR radius for FAST iterations: 20 (autodetect)
[00:02:13 -55991.077665] Model parameter optimization (eps = 3.000000)
[00:02:14 -55981.003307] FAST spr round 1 (radius: 20)
[00:02:18 -55901.918250] FAST spr round 2 (radius: 20)
[00:02:21 -55901.896914] Model parameter optimization (eps = 1.000000)
[00:02:22 -55900.015377] SLOW spr round 1 (radius: 5)
[00:02:26 -55900.008929] SLOW spr round 2 (radius: 10)
[00:02:31 -55900.008902] SLOW spr round 3 (radius: 15)
[00:02:34 -55900.008691] SLOW spr round 4 (radius: 20)
[00:02:37 -55900.008691] SLOW spr round 5 (radius: 25)
[00:02:40 -55900.008691] Model parameter optimization (eps = 0.100000)

[00:02:42] ML tree search #4, logLikelihood: -55897.214798

[00:02:42 -165688.347001] Initial branch length optimization
[00:02:42 -60201.977361] Model parameter optimization (eps = 10.000000)
[00:02:47 -56435.849580] AUTODETECT spr round 1 (radius: 5)
[00:02:48 -56212.495552] AUTODETECT spr round 2 (radius: 10)
[00:02:50 -56035.613721] AUTODETECT spr round 3 (radius: 15)
[00:02:51 -55978.630697] AUTODETECT spr round 4 (radius: 20)
[00:02:52 -55978.629474] SPR radius for FAST iterations: 15 (autodetect)
[00:02:52 -55978.629474] Model parameter optimization (eps = 3.000000)
[00:02:54 -55967.296177] FAST spr round 1 (radius: 15)
[00:02:57 -55901.182777] FAST spr round 2 (radius: 15)
[00:03:00 -55901.157879] Model parameter optimization (eps = 1.000000)
[00:03:01 -55900.282556] SLOW spr round 1 (radius: 5)
[00:03:05 -55900.280779] SLOW spr round 2 (radius: 10)
[00:03:12 -55900.280538] SLOW spr round 3 (radius: 15)
[00:03:16 -55900.280534] SLOW spr round 4 (radius: 20)
[00:03:19 -55900.280534] SLOW spr round 5 (radius: 25)
[00:03:19 -55900.280534] Model parameter optimization (eps = 0.100000)

[00:03:20] ML tree search #5, logLikelihood: -55899.988584

[00:03:20 -165654.337115] Initial branch length optimization
[00:03:21 -60092.410741] Model parameter optimization (eps = 10.000000)
[00:03:26 -56386.707472] AUTODETECT spr round 1 (radius: 5)
[00:03:27 -56151.697394] AUTODETECT spr round 2 (radius: 10)
[00:03:28 -56055.757091] AUTODETECT spr round 3 (radius: 15)
[00:03:29 -55975.555830] AUTODETECT spr round 4 (radius: 20)
[00:03:31 -55975.552562] SPR radius for FAST iterations: 15 (autodetect)
[00:03:31 -55975.552562] Model parameter optimization (eps = 3.000000)
[00:03:32 -55969.203745] FAST spr round 1 (radius: 15)
[00:03:35 -55908.246689] FAST spr round 2 (radius: 15)
[00:03:38 -55908.237635] Model parameter optimization (eps = 1.000000)
[00:03:41 -55897.739094] SLOW spr round 1 (radius: 5)
[00:03:45 -55897.723118] SLOW spr round 2 (radius: 10)
[00:03:50 -55897.722576] SLOW spr round 3 (radius: 15)
[00:03:54 -55897.722148] SLOW spr round 4 (radius: 20)
[00:03:57 -55897.722148] SLOW spr round 5 (radius: 25)
[00:03:57 -55897.722148] Model parameter optimization (eps = 0.100000)

[00:03:59] ML tree search #6, logLikelihood: -55897.371740

[00:03:59 -165700.279111] Initial branch length optimization
[00:03:59 -60189.139925] Model parameter optimization (eps = 10.000000)
[00:04:03 -56428.158654] AUTODETECT spr round 1 (radius: 5)
[00:04:05 -56188.654336] AUTODETECT spr round 2 (radius: 10)
[00:04:06 -55985.173023] AUTODETECT spr round 3 (radius: 15)
[00:04:08 -55934.100210] AUTODETECT spr round 4 (radius: 20)
[00:04:09 -55934.099057] SPR radius for FAST iterations: 15 (autodetect)
[00:04:09 -55934.099057] Model parameter optimization (eps = 3.000000)
[00:04:10 -55921.450626] FAST spr round 1 (radius: 15)
[00:04:14 -55901.159506] FAST spr round 2 (radius: 15)
[00:04:17 -55900.857698] FAST spr round 3 (radius: 15)
[00:04:19 -55900.853833] Model parameter optimization (eps = 1.000000)
[00:04:20 -55900.217470] SLOW spr round 1 (radius: 5)
[00:04:24 -55900.211419] SLOW spr round 2 (radius: 10)
[00:04:30 -55900.211412] SLOW spr round 3 (radius: 15)
[00:04:34 -55900.211412] SLOW spr round 4 (radius: 20)
[00:04:38 -55900.211412] SLOW spr round 5 (radius: 25)
[00:04:39 -55900.211412] Model parameter optimization (eps = 0.100000)

[00:04:41] ML tree search #7, logLikelihood: -55899.960048

[00:04:41 -165680.603577] Initial branch length optimization
[00:04:41 -60182.504778] Model parameter optimization (eps = 10.000000)
[00:04:46 -56422.106959] AUTODETECT spr round 1 (radius: 5)
[00:04:47 -56167.751842] AUTODETECT spr round 2 (radius: 10)
[00:04:48 -56073.691429] AUTODETECT spr round 3 (radius: 15)
[00:04:50 -56032.846310] AUTODETECT spr round 4 (radius: 20)
[00:04:51 -56032.845569] SPR radius for FAST iterations: 15 (autodetect)
[00:04:51 -56032.845569] Model parameter optimization (eps = 3.000000)
[00:04:52 -56024.964660] FAST spr round 1 (radius: 15)
[00:04:56 -55908.406774] FAST spr round 2 (radius: 15)
[00:04:59 -55908.398875] Model parameter optimization (eps = 1.000000)
[00:05:01 -55898.631576] SLOW spr round 1 (radius: 5)
[00:05:06 -55898.622203] SLOW spr round 2 (radius: 10)
[00:05:13 -55898.620670] SLOW spr round 3 (radius: 15)
[00:05:17 -55898.620670] SLOW spr round 4 (radius: 20)
[00:05:20 -55898.620670] SLOW spr round 5 (radius: 25)
[00:05:22 -55898.620670] Model parameter optimization (eps = 0.100000)

[00:05:25] ML tree search #8, logLikelihood: -55897.324277

[00:05:25 -165697.595872] Initial branch length optimization
[00:05:25 -60186.533478] Model parameter optimization (eps = 10.000000)
[00:05:30 -56426.034317] AUTODETECT spr round 1 (radius: 5)
[00:05:31 -56191.063459] AUTODETECT spr round 2 (radius: 10)
[00:05:33 -56060.402549] AUTODETECT spr round 3 (radius: 15)
[00:05:34 -56055.687245] AUTODETECT spr round 4 (radius: 20)
[00:05:35 -56055.660537] SPR radius for FAST iterations: 15 (autodetect)
[00:05:35 -56055.660537] Model parameter optimization (eps = 3.000000)
[00:05:37 -56049.328276] FAST spr round 1 (radius: 15)
[00:05:41 -55909.197516] FAST spr round 2 (radius: 15)
[00:05:44 -55909.188106] Model parameter optimization (eps = 1.000000)
[00:05:46 -55898.658368] SLOW spr round 1 (radius: 5)
[00:05:51 -55898.653674] SLOW spr round 2 (radius: 10)
[00:05:56 -55898.652174] SLOW spr round 3 (radius: 15)
[00:06:00 -55898.652174] SLOW spr round 4 (radius: 20)
[00:06:03 -55898.652174] SLOW spr round 5 (radius: 25)
[00:06:06 -55898.652174] Model parameter optimization (eps = 0.100000)

[00:06:08] ML tree search #9, logLikelihood: -55897.326622

[00:06:08 -163292.226234] Initial branch length optimization
[00:06:08 -59146.134418] Model parameter optimization (eps = 10.000000)
[00:06:12 -55916.865607] AUTODETECT spr round 1 (radius: 5)
[00:06:13 -55916.724517] AUTODETECT spr round 2 (radius: 10)
[00:06:14 -55916.724496] SPR radius for FAST iterations: 5 (autodetect)
[00:06:14 -55916.724496] Model parameter optimization (eps = 3.000000)
[00:06:16 -55905.867218] FAST spr round 1 (radius: 5)
[00:06:18 -55905.788775] Model parameter optimization (eps = 1.000000)
[00:06:21 -55900.845345] SLOW spr round 1 (radius: 5)
[00:06:26 -55900.785031] SLOW spr round 2 (radius: 10)
[00:06:32 -55900.783420] SLOW spr round 3 (radius: 15)
[00:06:35 -55900.783417] SLOW spr round 4 (radius: 20)
[00:06:38 -55900.783417] SLOW spr round 5 (radius: 25)
[00:06:40 -55900.783417] Model parameter optimization (eps = 0.100000)

[00:06:45] ML tree search #10, logLikelihood: -55896.456384

[00:06:45 -163293.577795] Initial branch length optimization
[00:06:46 -59159.802290] Model parameter optimization (eps = 10.000000)
[00:06:49 -55927.116748] AUTODETECT spr round 1 (radius: 5)
[00:06:50 -55917.553179] AUTODETECT spr round 2 (radius: 10)
[00:06:51 -55917.551610] SPR radius for FAST iterations: 5 (autodetect)
[00:06:51 -55917.551610] Model parameter optimization (eps = 3.000000)
[00:06:54 -55906.753171] FAST spr round 1 (radius: 5)
[00:06:55 -55906.673465] Model parameter optimization (eps = 1.000000)
[00:06:58 -55901.758525] SLOW spr round 1 (radius: 5)
[00:07:03 -55901.701317] SLOW spr round 2 (radius: 10)
[00:07:08 -55901.699042] SLOW spr round 3 (radius: 15)
[00:07:12 -55901.699038] SLOW spr round 4 (radius: 20)
[00:07:14 -55901.699037] SLOW spr round 5 (radius: 25)
[00:07:16 -55901.699037] Model parameter optimization (eps = 0.100000)

[00:07:22] ML tree search #11, logLikelihood: -55897.371760

[00:07:22 -163293.709315] Initial branch length optimization
[00:07:22 -59156.937119] Model parameter optimization (eps = 10.000000)
[00:07:25 -55927.284098] AUTODETECT spr round 1 (radius: 5)
[00:07:27 -55917.712990] AUTODETECT spr round 2 (radius: 10)
[00:07:28 -55917.712943] SPR radius for FAST iterations: 5 (autodetect)
[00:07:28 -55917.712943] Model parameter optimization (eps = 3.000000)
[00:07:30 -55906.816456] FAST spr round 1 (radius: 5)
[00:07:32 -55906.737048] Model parameter optimization (eps = 1.000000)
[00:07:35 -55901.782442] SLOW spr round 1 (radius: 5)
[00:07:39 -55901.724110] SLOW spr round 2 (radius: 10)
[00:07:44 -55901.722534] SLOW spr round 3 (radius: 15)
[00:07:48 -55901.722529] SLOW spr round 4 (radius: 20)
[00:07:51 -55901.722529] SLOW spr round 5 (radius: 25)
[00:07:53 -55901.722529] Model parameter optimization (eps = 0.100000)

[00:07:58] ML tree search #12, logLikelihood: -55897.376219

[00:07:58 -163293.452507] Initial branch length optimization
[00:07:59 -59149.962459] Model parameter optimization (eps = 10.000000)
[00:08:02 -55918.016613] AUTODETECT spr round 1 (radius: 5)
[00:08:03 -55916.830970] AUTODETECT spr round 2 (radius: 10)
[00:08:05 -55916.480646] AUTODETECT spr round 3 (radius: 15)
[00:08:06 -55916.480611] SPR radius for FAST iterations: 10 (autodetect)
[00:08:06 -55916.480611] Model parameter optimization (eps = 3.000000)
[00:08:08 -55905.828638] FAST spr round 1 (radius: 10)
[00:08:11 -55905.749335] Model parameter optimization (eps = 1.000000)
[00:08:14 -55900.851830] SLOW spr round 1 (radius: 5)
[00:08:18 -55900.796338] SLOW spr round 2 (radius: 10)
[00:08:24 -55900.795211] SLOW spr round 3 (radius: 15)
[00:08:28 -55900.795206] SLOW spr round 4 (radius: 20)
[00:08:30 -55900.795206] SLOW spr round 5 (radius: 25)
[00:08:31 -55900.795206] Model parameter optimization (eps = 0.100000)

[00:08:37] ML tree search #13, logLikelihood: -55896.456693

[00:08:37 -163299.620976] Initial branch length optimization
[00:08:37 -59170.040764] Model parameter optimization (eps = 10.000000)
[00:08:41 -55937.134596] AUTODETECT spr round 1 (radius: 5)
[00:08:42 -55917.583480] AUTODETECT spr round 2 (radius: 10)
[00:08:44 -55917.583304] SPR radius for FAST iterations: 5 (autodetect)
[00:08:44 -55917.583304] Model parameter optimization (eps = 3.000000)
[00:08:46 -55906.854960] FAST spr round 1 (radius: 5)
[00:08:48 -55906.771771] Model parameter optimization (eps = 1.000000)
[00:08:51 -55901.821088] SLOW spr round 1 (radius: 5)
[00:08:55 -55901.761930] SLOW spr round 2 (radius: 10)
[00:09:01 -55901.759563] SLOW spr round 3 (radius: 15)
[00:09:05 -55901.759558] SLOW spr round 4 (radius: 20)
[00:09:08 -55901.759558] SLOW spr round 5 (radius: 25)
[00:09:11 -55901.759558] Model parameter optimization (eps = 0.100000)

[00:09:17] ML tree search #14, logLikelihood: -55897.374372

[00:09:17 -163292.227569] Initial branch length optimization
[00:09:17 -59146.058665] Model parameter optimization (eps = 10.000000)
[00:09:21 -55916.928958] AUTODETECT spr round 1 (radius: 5)
[00:09:22 -55916.791064] AUTODETECT spr round 2 (radius: 10)
[00:09:24 -55916.788016] SPR radius for FAST iterations: 5 (autodetect)
[00:09:24 -55916.788016] Model parameter optimization (eps = 3.000000)
[00:09:26 -55905.942549] FAST spr round 1 (radius: 5)
[00:09:28 -55905.858540] Model parameter optimization (eps = 1.000000)
[00:09:31 -55900.889469] SLOW spr round 1 (radius: 5)
[00:09:36 -55900.831571] SLOW spr round 2 (radius: 10)
[00:09:43 -55900.829166] SLOW spr round 3 (radius: 15)
[00:09:46 -55900.829160] SLOW spr round 4 (radius: 20)
[00:09:49 -55900.829160] SLOW spr round 5 (radius: 25)
[00:09:51 -55900.829160] Model parameter optimization (eps = 0.100000)

[00:09:56] ML tree search #15, logLikelihood: -55896.463420

[00:09:56 -163289.193840] Initial branch length optimization
[00:09:57 -59151.088385] Model parameter optimization (eps = 10.000000)
[00:10:00 -55919.020492] AUTODETECT spr round 1 (radius: 5)
[00:10:01 -55917.564513] AUTODETECT spr round 2 (radius: 10)
[00:10:03 -55917.564494] SPR radius for FAST iterations: 5 (autodetect)
[00:10:03 -55917.564494] Model parameter optimization (eps = 3.000000)
[00:10:05 -55906.789549] FAST spr round 1 (radius: 5)
[00:10:07 -55906.710032] Model parameter optimization (eps = 1.000000)
[00:10:10 -55901.779016] SLOW spr round 1 (radius: 5)
[00:10:15 -55901.717509] SLOW spr round 2 (radius: 10)
[00:10:22 -55901.716622] SLOW spr round 3 (radius: 15)
[00:10:26 -55901.716617] SLOW spr round 4 (radius: 20)
[00:10:29 -55901.716617] SLOW spr round 5 (radius: 25)
[00:10:30 -55901.716617] Model parameter optimization (eps = 0.100000)

[00:10:36] ML tree search #16, logLikelihood: -55897.371324

[00:10:36 -163292.300159] Initial branch length optimization
[00:10:36 -59145.933992] Model parameter optimization (eps = 10.000000)
[00:10:40 -55916.948822] AUTODETECT spr round 1 (radius: 5)
[00:10:41 -55916.811623] AUTODETECT spr round 2 (radius: 10)
[00:10:43 -55916.799693] SPR radius for FAST iterations: 5 (autodetect)
[00:10:43 -55916.799693] Model parameter optimization (eps = 3.000000)
[00:10:46 -55905.951052] FAST spr round 1 (radius: 5)
[00:10:48 -55905.874079] Model parameter optimization (eps = 1.000000)
[00:10:51 -55900.896983] SLOW spr round 1 (radius: 5)
[00:10:55 -55900.838576] SLOW spr round 2 (radius: 10)
[00:11:03 -55900.837445] SLOW spr round 3 (radius: 15)
[00:11:07 -55900.837440] SLOW spr round 4 (radius: 20)
[00:11:10 -55900.837439] SLOW spr round 5 (radius: 25)
[00:11:11 -55900.837439] Model parameter optimization (eps = 0.100000)

[00:11:17] ML tree search #17, logLikelihood: -55896.465052

[00:11:17 -163292.212158] Initial branch length optimization
[00:11:17 -59145.936049] Model parameter optimization (eps = 10.000000)
[00:11:20 -55916.937136] AUTODETECT spr round 1 (radius: 5)
[00:11:22 -55916.788171] AUTODETECT spr round 2 (radius: 10)
[00:11:24 -55916.786736] SPR radius for FAST iterations: 5 (autodetect)
[00:11:24 -55916.786736] Model parameter optimization (eps = 3.000000)
[00:11:26 -55905.945095] FAST spr round 1 (radius: 5)
[00:11:28 -55905.865517] Model parameter optimization (eps = 1.000000)
[00:11:31 -55900.890921] SLOW spr round 1 (radius: 5)
[00:11:36 -55900.836032] SLOW spr round 2 (radius: 10)
[00:11:43 -55900.834275] SLOW spr round 3 (radius: 15)
[00:11:46 -55900.834270] SLOW spr round 4 (radius: 20)
[00:11:50 -55900.834270] SLOW spr round 5 (radius: 25)
[00:11:52 -55900.834270] Model parameter optimization (eps = 0.100000)

[00:11:57] ML tree search #18, logLikelihood: -55896.464786



Final LogLikelihood: -55896.456384

AIC score: 112270.912768 / AICc score: 112274.881631 / BIC score: 114249.842005
Free parameters (model + branch lengths): 239

Best ML tree saved to: /home/hikoyu/analysis/Genome/SARS-CoV-2/phylogeny/RAxML-NG/DNA/part/sep/SARS-CoV-2_200311.1.raxml.bestTree
All ML trees saved to: /home/hikoyu/analysis/Genome/SARS-CoV-2/phylogeny/RAxML-NG/DNA/part/sep/SARS-CoV-2_200311.1.raxml.mlTrees
Optimized model saved to: /home/hikoyu/analysis/Genome/SARS-CoV-2/phylogeny/RAxML-NG/DNA/part/sep/SARS-CoV-2_200311.1.raxml.bestModel

Execution log saved to: /home/hikoyu/analysis/Genome/SARS-CoV-2/phylogeny/RAxML-NG/DNA/part/sep/SARS-CoV-2_200311.1.raxml.log

Analysis started: 11-Mar-2020 07:45:26 / finished: 11-Mar-2020 07:57:24

Elapsed time: 717.994 seconds

