
RAxML-NG v. 0.9.0 released on 20.05.2019 by The Exelixis Lab.
Developed by: Alexey M. Kozlov and Alexandros Stamatakis.
Contributors: Diego Darriba, Tomas Flouri, Benoit Morel, Sarah Lutteropp, Ben Bettisworth.
Latest version: https://github.com/amkozlov/raxml-ng
Questions/problems/suggestions? Please visit: https://groups.google.com/forum/#!forum/raxml

RAxML-NG was called at 01-Apr-2020 22:23:34 as follows:

raxml-ng --threads 1 --search --tree rand{8},pars{8} --seed 3821211564 --prefix phylogeny/RAxML-NG/DNA/part/sep/SARS-CoV-2_200331.11 --msa phylogeny/RAxML-NG/DNA/part/sep/SARS-CoV-2_200331.raxml.rba --outgroup MG772933.1

Analysis options:
  run mode: ML tree search
  start tree(s): random (8) + parsimony (8)
  random seed: 3821211564
  tip-inner: OFF
  pattern compression: ON
  per-rate scalers: OFF
  site repeats: ON
  fast spr radius: AUTO
  spr subtree cutoff: 1.000000
  branch lengths: proportional (ML estimate, algorithm: NR-FAST)
  SIMD kernels: AVX2
  parallelization: NONE/sequential

[00:00:00] Loading binary alignment from file: phylogeny/RAxML-NG/DNA/part/sep/SARS-CoV-2_200331.raxml.rba
[00:00:00] Alignment comprises 117 taxa, 33 partitions and 839 patterns

Partition 0: orf1ab_U_p1
Model: TN93+FO+I+B
Alignment sites / patterns: 4405 / 71
Gaps: 0.10 %
Invariant sites: 94.91 %

Partition 1: orf1ab_U_p2
Model: HKY+FO+I+B
Alignment sites / patterns: 4405 / 76
Gaps: 0.10 %
Invariant sites: 96.57 %

Partition 2: orf1ab_U_p3
Model: TN93+FO+I+G4m+B
Alignment sites / patterns: 4405 / 99
Gaps: 0.10 %
Invariant sites: 73.71 %

Partition 3: orf1ab_D_p1
Model: TN93+FO+I+B
Alignment sites / patterns: 2697 / 39
Gaps: 0.04 %
Invariant sites: 93.18 %

Partition 4: orf1ab_D_p2
Model: HKY+FO+I+G4m+B
Alignment sites / patterns: 2697 / 36
Gaps: 0.04 %
Invariant sites: 97.96 %

Partition 5: orf1ab_D_p3
Model: TN93+FO+I+G4m+B
Alignment sites / patterns: 2697 / 62
Gaps: 0.04 %
Invariant sites: 62.48 %

Partition 6: S_p1
Model: TN93+FO+G4m+B
Alignment sites / patterns: 1274 / 45
Gaps: 0.03 %
Invariant sites: 83.05 %

Partition 7: S_p2
Model: TN93+FO+I+G4m+B
Alignment sites / patterns: 1274 / 39
Gaps: 0.03 %
Invariant sites: 90.19 %

Partition 8: S_p3
Model: HKY+FO+I+B
Alignment sites / patterns: 1274 / 71
Gaps: 0.03 %
Invariant sites: 50.24 %

Partition 9: ORF3a_p1
Model: JC+G4m+B
Alignment sites / patterns: 276 / 20
Gaps: 0.00 %
Invariant sites: 90.58 %

Partition 10: ORF3a_p2
Model: JC+I+G4m+B
Alignment sites / patterns: 276 / 15
Gaps: 0.00 %
Invariant sites: 95.29 %

Partition 11: ORF3a_p3
Model: TPM3uf+FO+G4m+B
Alignment sites / patterns: 276 / 24
Gaps: 0.00 %
Invariant sites: 70.65 %

Partition 12: E_p1
Model: JC+B
Alignment sites / patterns: 76 / 5
Gaps: 0.00 %
Invariant sites: 98.68 %

Partition 13: E_p2
Model: JC+B
Alignment sites / patterns: 76 / 5
Gaps: 0.00 %
Invariant sites: 98.68 %

Partition 14: E_p3
Model: JC+B
Alignment sites / patterns: 76 / 6
Gaps: 0.00 %
Invariant sites: 97.37 %

Partition 15: M_p1
Model: TN93ef+B
Alignment sites / patterns: 223 / 9
Gaps: 0.00 %
Invariant sites: 95.52 %

Partition 16: M_p2
Model: JC+B
Alignment sites / patterns: 223 / 8
Gaps: 0.00 %
Invariant sites: 98.65 %

Partition 17: M_p3
Model: K80+I+B
Alignment sites / patterns: 223 / 28
Gaps: 0.00 %
Invariant sites: 78.03 %

Partition 18: ORF6_p1
Model: JC+B
Alignment sites / patterns: 62 / 7
Gaps: 0.00 %
Invariant sites: 93.55 %

Partition 19: ORF6_p2
Model: JC+B
Alignment sites / patterns: 62 / 6
Gaps: 0.00 %
Invariant sites: 96.77 %

Partition 20: ORF6_p3
Model: TN93ef+B
Alignment sites / patterns: 62 / 12
Gaps: 0.00 %
Invariant sites: 83.87 %

Partition 21: ORF7a_p1
Model: K80+B
Alignment sites / patterns: 122 / 11
Gaps: 0.00 %
Invariant sites: 90.98 %

Partition 22: ORF7a_p2
Model: K80+B
Alignment sites / patterns: 122 / 10
Gaps: 0.00 %
Invariant sites: 92.62 %

Partition 23: ORF7a_p3
Model: HKY+FO+I+B
Alignment sites / patterns: 122 / 17
Gaps: 0.00 %
Invariant sites: 77.87 %

Partition 24: ORF8_p1
Model: JC+I+B
Alignment sites / patterns: 122 / 12
Gaps: 0.00 %
Invariant sites: 93.44 %

Partition 25: ORF8_p2
Model: K80+I+G4m+B
Alignment sites / patterns: 122 / 10
Gaps: 0.00 %
Invariant sites: 95.08 %

Partition 26: ORF8_p3
Model: HKY+FO+B
Alignment sites / patterns: 122 / 16
Gaps: 0.00 %
Invariant sites: 69.67 %

Partition 27: N_p1
Model: K80+I+B
Alignment sites / patterns: 420 / 16
Gaps: 0.00 %
Invariant sites: 95.00 %

Partition 28: N_p2
Model: F81+FO+B
Alignment sites / patterns: 420 / 17
Gaps: 0.00 %
Invariant sites: 95.71 %

Partition 29: N_p3
Model: HKY+FO+G4m+B
Alignment sites / patterns: 420 / 32
Gaps: 0.00 %
Invariant sites: 76.19 %

Partition 30: ORF10_p1
Model: JC+B
Alignment sites / patterns: 39 / 6
Gaps: 0.00 %
Invariant sites: 94.87 %

Partition 31: ORF10_p2
Model: JC+B
Alignment sites / patterns: 39 / 4
Gaps: 0.00 %
Invariant sites: 100.00 %

Partition 32: ORF10_p3
Model: JC+B
Alignment sites / patterns: 39 / 5
Gaps: 0.00 %
Invariant sites: 97.44 %


[00:00:00] Generating 8 random starting tree(s) with 117 taxa
[00:00:00] Generating 8 parsimony starting tree(s) with 117 taxa
[00:00:00] Data distribution: max. partitions/sites/weight per thread: 33 / 839 / 7940

Starting ML tree search with 16 distinct starting trees

[00:00:00 -193582.032829] Initial branch length optimization
[00:00:00 -63087.992871] Model parameter optimization (eps = 10.000000)
[00:00:09 -58566.312374] AUTODETECT spr round 1 (radius: 5)
[00:00:12 -57876.579828] AUTODETECT spr round 2 (radius: 10)
[00:00:17 -57321.696106] AUTODETECT spr round 3 (radius: 15)
[00:00:23 -57188.745669] AUTODETECT spr round 4 (radius: 20)
[00:00:28 -57185.469480] AUTODETECT spr round 5 (radius: 25)
[00:00:33 -57185.469093] SPR radius for FAST iterations: 20 (autodetect)
[00:00:33 -57185.469093] Model parameter optimization (eps = 3.000000)
[00:00:40 -57091.566071] FAST spr round 1 (radius: 20)
[00:00:53 -56933.775675] FAST spr round 2 (radius: 20)
[00:01:02 -56933.758030] Model parameter optimization (eps = 1.000000)
[00:01:06 -56927.502520] SLOW spr round 1 (radius: 5)
[00:01:17 -56927.494505] SLOW spr round 2 (radius: 10)
[00:01:29 -56927.004527] SLOW spr round 3 (radius: 5)
[00:01:39 -56927.001424] SLOW spr round 4 (radius: 10)
[00:01:52 -56927.001402] SLOW spr round 5 (radius: 15)
[00:02:04 -56927.001401] SLOW spr round 6 (radius: 20)
[00:02:15 -56927.001401] SLOW spr round 7 (radius: 25)
[00:02:24 -56927.001401] Model parameter optimization (eps = 0.100000)

[00:02:33] ML tree search #1, logLikelihood: -56921.688648

[00:02:33 -193587.449586] Initial branch length optimization
[00:02:34 -63103.127000] Model parameter optimization (eps = 10.000000)
[00:02:43 -58589.154666] AUTODETECT spr round 1 (radius: 5)
[00:02:47 -57741.866470] AUTODETECT spr round 2 (radius: 10)
[00:02:53 -57299.913974] AUTODETECT spr round 3 (radius: 15)
[00:02:59 -57108.883648] AUTODETECT spr round 4 (radius: 20)
[00:03:04 -57107.364034] AUTODETECT spr round 5 (radius: 25)
[00:03:09 -57107.361680] SPR radius for FAST iterations: 20 (autodetect)
[00:03:09 -57107.361680] Model parameter optimization (eps = 3.000000)
[00:03:16 -57015.382084] FAST spr round 1 (radius: 20)
[00:03:28 -56933.569888] FAST spr round 2 (radius: 20)
[00:03:36 -56933.564231] Model parameter optimization (eps = 1.000000)
[00:03:43 -56923.046111] SLOW spr round 1 (radius: 5)
[00:03:54 -56922.393062] SLOW spr round 2 (radius: 5)
[00:04:03 -56922.388805] SLOW spr round 3 (radius: 10)
[00:04:15 -56922.388737] SLOW spr round 4 (radius: 15)
[00:04:24 -56922.388734] SLOW spr round 5 (radius: 20)
[00:04:33 -56922.388733] SLOW spr round 6 (radius: 25)
[00:04:43 -56922.388733] Model parameter optimization (eps = 0.100000)

[00:04:47] ML tree search #2, logLikelihood: -56921.808759

[00:04:47 -193558.704189] Initial branch length optimization
[00:04:47 -63006.343505] Model parameter optimization (eps = 10.000000)
[00:04:57 -58507.685760] AUTODETECT spr round 1 (radius: 5)
[00:05:01 -57743.735539] AUTODETECT spr round 2 (radius: 10)
[00:05:07 -57350.319749] AUTODETECT spr round 3 (radius: 15)
[00:05:14 -57247.411910] AUTODETECT spr round 4 (radius: 20)
[00:05:20 -57240.917294] AUTODETECT spr round 5 (radius: 25)
[00:05:24 -57240.911074] SPR radius for FAST iterations: 20 (autodetect)
[00:05:24 -57240.911074] Model parameter optimization (eps = 3.000000)
[00:05:30 -57176.046237] FAST spr round 1 (radius: 20)
[00:05:45 -56954.836396] FAST spr round 2 (radius: 20)
[00:05:55 -56953.631118] FAST spr round 3 (radius: 20)
[00:06:02 -56953.631039] Model parameter optimization (eps = 1.000000)
[00:06:10 -56924.104416] SLOW spr round 1 (radius: 5)
[00:06:21 -56924.097232] SLOW spr round 2 (radius: 10)
[00:06:33 -56924.097113] SLOW spr round 3 (radius: 15)
[00:06:44 -56924.097106] SLOW spr round 4 (radius: 20)
[00:06:53 -56924.097106] SLOW spr round 5 (radius: 25)
[00:07:03 -56924.097106] Model parameter optimization (eps = 0.100000)

[00:07:11] ML tree search #3, logLikelihood: -56922.558827

[00:07:12 -193538.659201] Initial branch length optimization
[00:07:12 -62992.009949] Model parameter optimization (eps = 10.000000)
[00:07:23 -58501.924414] AUTODETECT spr round 1 (radius: 5)
[00:07:27 -57683.709599] AUTODETECT spr round 2 (radius: 10)
[00:07:33 -57405.282715] AUTODETECT spr round 3 (radius: 15)
[00:07:40 -57239.550918] AUTODETECT spr round 4 (radius: 20)
[00:07:47 -57226.346801] AUTODETECT spr round 5 (radius: 25)
[00:07:52 -57226.346800] SPR radius for FAST iterations: 20 (autodetect)
[00:07:52 -57226.346800] Model parameter optimization (eps = 3.000000)
[00:07:56 -57165.027485] FAST spr round 1 (radius: 20)
[00:08:10 -56957.735285] FAST spr round 2 (radius: 20)
[00:08:21 -56955.702064] FAST spr round 3 (radius: 20)
[00:08:28 -56955.702016] Model parameter optimization (eps = 1.000000)
[00:08:38 -56924.162718] SLOW spr round 1 (radius: 5)
[00:08:49 -56923.639470] SLOW spr round 2 (radius: 5)
[00:09:00 -56923.635404] SLOW spr round 3 (radius: 10)
[00:09:13 -56923.635352] SLOW spr round 4 (radius: 15)
[00:09:22 -56923.635349] SLOW spr round 5 (radius: 20)
[00:09:33 -56923.635349] SLOW spr round 6 (radius: 25)
[00:09:45 -56923.635349] Model parameter optimization (eps = 0.100000)

[00:09:53] ML tree search #4, logLikelihood: -56921.722946

[00:09:53 -193582.888721] Initial branch length optimization
[00:09:54 -63097.369477] Model parameter optimization (eps = 10.000000)
[00:10:04 -58575.598547] AUTODETECT spr round 1 (radius: 5)
[00:10:08 -57760.738922] AUTODETECT spr round 2 (radius: 10)
[00:10:14 -57303.032846] AUTODETECT spr round 3 (radius: 15)
[00:10:20 -57265.932036] AUTODETECT spr round 4 (radius: 20)
[00:10:26 -57240.019361] AUTODETECT spr round 5 (radius: 25)
[00:10:30 -57240.013626] SPR radius for FAST iterations: 20 (autodetect)
[00:10:30 -57240.013626] Model parameter optimization (eps = 3.000000)
[00:10:36 -57174.445066] FAST spr round 1 (radius: 20)
[00:10:50 -56954.846031] FAST spr round 2 (radius: 20)
[00:11:02 -56954.838173] Model parameter optimization (eps = 1.000000)
[00:11:10 -56924.030753] SLOW spr round 1 (radius: 5)
[00:11:22 -56924.023795] SLOW spr round 2 (radius: 10)
[00:11:37 -56924.023674] SLOW spr round 3 (radius: 15)
[00:11:49 -56923.543547] SLOW spr round 4 (radius: 5)
[00:12:03 -56923.539175] SLOW spr round 5 (radius: 10)
[00:12:18 -56923.539150] SLOW spr round 6 (radius: 15)
[00:12:30 -56923.539149] SLOW spr round 7 (radius: 20)
[00:12:42 -56923.539149] SLOW spr round 8 (radius: 25)
[00:12:53 -56923.539149] Model parameter optimization (eps = 0.100000)

[00:13:01] ML tree search #5, logLikelihood: -56921.744077

[00:13:01 -193589.967918] Initial branch length optimization
[00:13:01 -63139.362317] Model parameter optimization (eps = 10.000000)
[00:13:12 -58603.096703] AUTODETECT spr round 1 (radius: 5)
[00:13:16 -57864.471967] AUTODETECT spr round 2 (radius: 10)
[00:13:22 -57424.486500] AUTODETECT spr round 3 (radius: 15)
[00:13:28 -57221.411190] AUTODETECT spr round 4 (radius: 20)
[00:13:35 -57204.885302] AUTODETECT spr round 5 (radius: 25)
[00:13:41 -57204.884308] SPR radius for FAST iterations: 20 (autodetect)
[00:13:41 -57204.884308] Model parameter optimization (eps = 3.000000)
[00:13:49 -57110.946381] FAST spr round 1 (radius: 20)
[00:14:03 -56937.191008] FAST spr round 2 (radius: 20)
[00:14:14 -56935.821742] FAST spr round 3 (radius: 20)
[00:14:22 -56935.814413] Model parameter optimization (eps = 1.000000)
[00:14:27 -56926.915433] SLOW spr round 1 (radius: 5)
[00:14:40 -56926.906823] SLOW spr round 2 (radius: 10)
[00:14:54 -56926.377551] SLOW spr round 3 (radius: 5)
[00:15:06 -56926.374584] SLOW spr round 4 (radius: 10)
[00:15:19 -56926.374562] SLOW spr round 5 (radius: 15)
[00:15:31 -56926.374561] SLOW spr round 6 (radius: 20)
[00:15:41 -56926.374561] SLOW spr round 7 (radius: 25)
[00:15:54 -56926.374561] Model parameter optimization (eps = 0.100000)

[00:16:00] ML tree search #6, logLikelihood: -56921.765425

[00:16:00 -193532.135768] Initial branch length optimization
[00:16:01 -62967.352423] Model parameter optimization (eps = 10.000000)
[00:16:12 -58496.087819] AUTODETECT spr round 1 (radius: 5)
[00:16:16 -57942.388109] AUTODETECT spr round 2 (radius: 10)
[00:16:23 -57454.270680] AUTODETECT spr round 3 (radius: 15)
[00:16:31 -57253.153867] AUTODETECT spr round 4 (radius: 20)
[00:16:38 -57252.091107] AUTODETECT spr round 5 (radius: 25)
[00:16:44 -57189.314288] SPR radius for FAST iterations: 25 (autodetect)
[00:16:44 -57189.314288] Model parameter optimization (eps = 3.000000)
[00:16:51 -57109.164299] FAST spr round 1 (radius: 25)
[00:17:07 -56936.878160] FAST spr round 2 (radius: 25)
[00:17:17 -56936.856984] Model parameter optimization (eps = 1.000000)
[00:17:26 -56922.946024] SLOW spr round 1 (radius: 5)
[00:17:38 -56922.932350] SLOW spr round 2 (radius: 10)
[00:17:50 -56922.917449] SLOW spr round 3 (radius: 15)
[00:18:02 -56922.913116] SLOW spr round 4 (radius: 20)
[00:18:14 -56922.913058] SLOW spr round 5 (radius: 25)
[00:18:24 -56922.913055] Model parameter optimization (eps = 0.100000)

[00:18:30] ML tree search #7, logLikelihood: -56922.362571

[00:18:30 -193598.489629] Initial branch length optimization
[00:18:30 -63145.575046] Model parameter optimization (eps = 10.000000)
[00:18:42 -58591.206395] AUTODETECT spr round 1 (radius: 5)
[00:18:46 -57907.820370] AUTODETECT spr round 2 (radius: 10)
[00:18:52 -57369.087923] AUTODETECT spr round 3 (radius: 15)
[00:19:00 -57132.321275] AUTODETECT spr round 4 (radius: 20)
[00:19:06 -57132.319376] SPR radius for FAST iterations: 15 (autodetect)
[00:19:06 -57132.319376] Model parameter optimization (eps = 3.000000)
[00:19:14 -57040.685325] FAST spr round 1 (radius: 15)
[00:19:27 -56934.368165] FAST spr round 2 (radius: 15)
[00:19:37 -56934.330422] Model parameter optimization (eps = 1.000000)
[00:19:43 -56925.935889] SLOW spr round 1 (radius: 5)
[00:19:56 -56925.928267] SLOW spr round 2 (radius: 10)
[00:20:10 -56925.928203] SLOW spr round 3 (radius: 15)
[00:20:21 -56925.928199] SLOW spr round 4 (radius: 20)
[00:20:34 -56925.928199] SLOW spr round 5 (radius: 25)
[00:20:49 -56925.928199] Model parameter optimization (eps = 0.100000)

[00:20:56] ML tree search #8, logLikelihood: -56921.664577

[00:20:57 -190386.993766] Initial branch length optimization
[00:20:57 -60424.720077] Model parameter optimization (eps = 10.000000)
[00:21:03 -56930.453304] AUTODETECT spr round 1 (radius: 5)
[00:21:07 -56928.913730] AUTODETECT spr round 2 (radius: 10)
[00:21:13 -56928.907840] SPR radius for FAST iterations: 5 (autodetect)
[00:21:13 -56928.907840] Model parameter optimization (eps = 3.000000)
[00:21:14 -56926.204671] FAST spr round 1 (radius: 5)
[00:21:21 -56926.164417] Model parameter optimization (eps = 1.000000)
[00:21:24 -56924.006134] SLOW spr round 1 (radius: 5)
[00:21:36 -56923.970652] SLOW spr round 2 (radius: 10)
[00:21:50 -56923.967757] SLOW spr round 3 (radius: 15)
[00:21:59 -56923.952989] SLOW spr round 4 (radius: 20)
[00:22:11 -56923.952989] SLOW spr round 5 (radius: 25)
[00:22:25 -56923.952989] Model parameter optimization (eps = 0.100000)

[00:22:35] ML tree search #9, logLikelihood: -56922.245719

[00:22:35 -190392.228639] Initial branch length optimization
[00:22:35 -60429.716569] Model parameter optimization (eps = 10.000000)
[00:22:42 -56931.949341] AUTODETECT spr round 1 (radius: 5)
[00:22:46 -56929.636626] AUTODETECT spr round 2 (radius: 10)
[00:22:52 -56929.636512] SPR radius for FAST iterations: 5 (autodetect)
[00:22:52 -56929.636512] Model parameter optimization (eps = 3.000000)
[00:22:53 -56926.987020] FAST spr round 1 (radius: 5)
[00:23:00 -56926.699517] FAST spr round 2 (radius: 5)
[00:23:06 -56926.691154] Model parameter optimization (eps = 1.000000)
[00:23:09 -56923.717834] SLOW spr round 1 (radius: 5)
[00:23:20 -56923.682662] SLOW spr round 2 (radius: 10)
[00:23:34 -56923.678645] SLOW spr round 3 (radius: 15)
[00:23:46 -56923.678422] SLOW spr round 4 (radius: 20)
[00:23:56 -56923.678422] SLOW spr round 5 (radius: 25)
[00:24:05 -56923.678422] Model parameter optimization (eps = 0.100000)

[00:24:14] ML tree search #10, logLikelihood: -56921.870121

[00:24:14 -190387.577876] Initial branch length optimization
[00:24:15 -60430.118634] Model parameter optimization (eps = 10.000000)
[00:24:22 -56932.591485] AUTODETECT spr round 1 (radius: 5)
[00:24:26 -56928.646187] AUTODETECT spr round 2 (radius: 10)
[00:24:32 -56928.643009] SPR radius for FAST iterations: 5 (autodetect)
[00:24:32 -56928.643009] Model parameter optimization (eps = 3.000000)
[00:24:33 -56926.034155] FAST spr round 1 (radius: 5)
[00:24:39 -56925.995663] Model parameter optimization (eps = 1.000000)
[00:24:42 -56923.927910] SLOW spr round 1 (radius: 5)
[00:24:53 -56923.891782] SLOW spr round 2 (radius: 10)
[00:25:06 -56923.875798] SLOW spr round 3 (radius: 15)
[00:25:17 -56923.875798] SLOW spr round 4 (radius: 20)
[00:25:27 -56923.875798] SLOW spr round 5 (radius: 25)
[00:25:36 -56923.875798] Model parameter optimization (eps = 0.100000)

[00:25:47] ML tree search #11, logLikelihood: -56922.229833

[00:25:47 -190389.243057] Initial branch length optimization
[00:25:47 -60429.769186] Model parameter optimization (eps = 10.000000)
[00:25:54 -56932.971068] AUTODETECT spr round 1 (radius: 5)
[00:25:58 -56929.804962] AUTODETECT spr round 2 (radius: 10)
[00:26:05 -56929.801803] SPR radius for FAST iterations: 5 (autodetect)
[00:26:05 -56929.801803] Model parameter optimization (eps = 3.000000)
[00:26:06 -56927.157991] FAST spr round 1 (radius: 5)
[00:26:12 -56927.108155] Model parameter optimization (eps = 1.000000)
[00:26:15 -56925.003211] SLOW spr round 1 (radius: 5)
[00:26:27 -56924.969562] SLOW spr round 2 (radius: 10)
[00:26:41 -56924.673216] SLOW spr round 3 (radius: 5)
[00:26:52 -56924.667279] SLOW spr round 4 (radius: 10)
[00:27:05 -56924.666787] SLOW spr round 5 (radius: 15)
[00:27:16 -56924.666623] SLOW spr round 6 (radius: 20)
[00:27:28 -56924.666623] SLOW spr round 7 (radius: 25)
[00:27:39 -56924.666623] Model parameter optimization (eps = 0.100000)

[00:27:50] ML tree search #12, logLikelihood: -56922.205758

[00:27:50 -190387.375313] Initial branch length optimization
[00:27:50 -60424.748176] Model parameter optimization (eps = 10.000000)
[00:27:57 -56930.449502] AUTODETECT spr round 1 (radius: 5)
[00:28:01 -56928.907228] AUTODETECT spr round 2 (radius: 10)
[00:28:06 -56928.906281] SPR radius for FAST iterations: 5 (autodetect)
[00:28:06 -56928.906281] Model parameter optimization (eps = 3.000000)
[00:28:07 -56926.203134] FAST spr round 1 (radius: 5)
[00:28:13 -56926.163427] Model parameter optimization (eps = 1.000000)
[00:28:16 -56924.005761] SLOW spr round 1 (radius: 5)
[00:28:27 -56923.955896] SLOW spr round 2 (radius: 10)
[00:28:40 -56923.952989] SLOW spr round 3 (radius: 15)
[00:28:50 -56923.952391] SLOW spr round 4 (radius: 20)
[00:29:00 -56923.951606] SLOW spr round 5 (radius: 25)
[00:29:11 -56923.951606] Model parameter optimization (eps = 0.100000)

[00:29:20] ML tree search #13, logLikelihood: -56922.246161

[00:29:20 -190391.640578] Initial branch length optimization
[00:29:21 -60428.688107] Model parameter optimization (eps = 10.000000)
[00:29:27 -56931.919214] AUTODETECT spr round 1 (radius: 5)
[00:29:31 -56928.625605] AUTODETECT spr round 2 (radius: 10)
[00:29:37 -56928.609445] SPR radius for FAST iterations: 5 (autodetect)
[00:29:37 -56928.609445] Model parameter optimization (eps = 3.000000)
[00:29:38 -56926.005737] FAST spr round 1 (radius: 5)
[00:29:44 -56925.971923] Model parameter optimization (eps = 1.000000)
[00:29:47 -56923.935928] SLOW spr round 1 (radius: 5)
[00:29:58 -56923.900358] SLOW spr round 2 (radius: 10)
[00:30:09 -56923.898009] SLOW spr round 3 (radius: 15)
[00:30:19 -56923.897458] SLOW spr round 4 (radius: 20)
[00:30:29 -56923.897458] SLOW spr round 5 (radius: 25)
[00:30:38 -56923.897458] Model parameter optimization (eps = 0.100000)

[00:30:49] ML tree search #14, logLikelihood: -56922.242435

[00:30:49 -190391.541259] Initial branch length optimization
[00:30:49 -60429.708729] Model parameter optimization (eps = 10.000000)
[00:30:56 -56931.939424] AUTODETECT spr round 1 (radius: 5)
[00:31:00 -56930.173211] AUTODETECT spr round 2 (radius: 10)
[00:31:06 -56929.474890] AUTODETECT spr round 3 (radius: 15)
[00:31:12 -56929.474457] SPR radius for FAST iterations: 10 (autodetect)
[00:31:12 -56929.474457] Model parameter optimization (eps = 3.000000)
[00:31:15 -56924.722746] FAST spr round 1 (radius: 10)
[00:31:25 -56924.669576] Model parameter optimization (eps = 1.000000)
[00:31:26 -56923.875128] SLOW spr round 1 (radius: 5)
[00:31:40 -56923.855391] SLOW spr round 2 (radius: 10)
[00:31:53 -56923.851254] SLOW spr round 3 (radius: 15)
[00:32:04 -56923.851231] SLOW spr round 4 (radius: 20)
[00:32:13 -56923.851231] SLOW spr round 5 (radius: 25)
[00:32:22 -56923.851231] Model parameter optimization (eps = 0.100000)

[00:32:33] ML tree search #15, logLikelihood: -56922.223532

[00:32:33 -190397.074868] Initial branch length optimization
[00:32:34 -60445.975490] Model parameter optimization (eps = 10.000000)
[00:32:41 -56940.494669] AUTODETECT spr round 1 (radius: 5)
[00:32:45 -56930.209611] AUTODETECT spr round 2 (radius: 10)
[00:32:50 -56928.768466] AUTODETECT spr round 3 (radius: 15)
[00:32:56 -56928.768427] SPR radius for FAST iterations: 10 (autodetect)
[00:32:56 -56928.768427] Model parameter optimization (eps = 3.000000)
[00:32:59 -56924.207822] FAST spr round 1 (radius: 10)
[00:33:07 -56924.154421] Model parameter optimization (eps = 1.000000)
[00:33:08 -56923.286679] SLOW spr round 1 (radius: 5)
[00:33:20 -56923.246500] SLOW spr round 2 (radius: 10)
[00:33:31 -56923.242416] SLOW spr round 3 (radius: 15)
[00:33:43 -56922.936273] SLOW spr round 4 (radius: 5)
[00:33:54 -56922.932167] SLOW spr round 5 (radius: 10)
[00:34:05 -56922.932144] SLOW spr round 6 (radius: 15)
[00:34:16 -56922.932144] SLOW spr round 7 (radius: 20)
[00:34:26 -56922.932144] SLOW spr round 8 (radius: 25)
[00:34:35 -56922.932144] Model parameter optimization (eps = 0.100000)

[00:34:43] ML tree search #16, logLikelihood: -56920.329673



Final LogLikelihood: -56920.329673

AIC score: 114556.659346 / AICc score: 114565.587895 / BIC score: 117520.950031
Free parameters (model + branch lengths): 358

Best ML tree saved to: /home/hikoyu/analysis/Genome/SARS-CoV-2/phylogeny/RAxML-NG/DNA/part/sep/SARS-CoV-2_200331.11.raxml.bestTree
All ML trees saved to: /home/hikoyu/analysis/Genome/SARS-CoV-2/phylogeny/RAxML-NG/DNA/part/sep/SARS-CoV-2_200331.11.raxml.mlTrees
Optimized model saved to: /home/hikoyu/analysis/Genome/SARS-CoV-2/phylogeny/RAxML-NG/DNA/part/sep/SARS-CoV-2_200331.11.raxml.bestModel

Execution log saved to: /home/hikoyu/analysis/Genome/SARS-CoV-2/phylogeny/RAxML-NG/DNA/part/sep/SARS-CoV-2_200331.11.raxml.log

Analysis started: 01-Apr-2020 22:23:34 / finished: 01-Apr-2020 22:58:18

Elapsed time: 2083.817 seconds

