
RAxML-NG v. 0.9.0 released on 20.05.2019 by The Exelixis Lab.
Developed by: Alexey M. Kozlov and Alexandros Stamatakis.
Contributors: Diego Darriba, Tomas Flouri, Benoit Morel, Sarah Lutteropp, Ben Bettisworth.
Latest version: https://github.com/amkozlov/raxml-ng
Questions/problems/suggestions? Please visit: https://groups.google.com/forum/#!forum/raxml

RAxML-NG was called at 19-Mar-2020 11:09:47 as follows:

raxml-ng --threads 1 --search --tree rand{8},pars{8} --seed 1536571675 --prefix phylogeny/RAxML-NG/DNA/part/sep/SARS-CoV-2_200318.10 --msa phylogeny/RAxML-NG/DNA/part/sep/SARS-CoV-2_200318.raxml.rba --outgroup MG772933.1

Analysis options:
  run mode: ML tree search
  start tree(s): random (8) + parsimony (8)
  random seed: 1536571675
  tip-inner: OFF
  pattern compression: ON
  per-rate scalers: OFF
  site repeats: ON
  fast spr radius: AUTO
  spr subtree cutoff: 1.000000
  branch lengths: proportional (ML estimate, algorithm: NR-FAST)
  SIMD kernels: AVX2
  parallelization: NONE/sequential

[00:00:00] Loading binary alignment from file: phylogeny/RAxML-NG/DNA/part/sep/SARS-CoV-2_200318.raxml.rba
[00:00:00] Alignment comprises 74 taxa, 33 partitions and 767 patterns

Partition 0: orf1ab_U_p1
Model: TIM3+I+B
Alignment sites / patterns: 4405 / 59
Gaps: 0.10 %
Invariant sites: 95.30 %

Partition 1: orf1ab_U_p2
Model: HKY+FO+I+B
Alignment sites / patterns: 4405 / 64
Gaps: 0.10 %
Invariant sites: 96.82 %

Partition 2: orf1ab_U_p3
Model: TN93+FO+G4m+B
Alignment sites / patterns: 4405 / 84
Gaps: 0.10 %
Invariant sites: 73.94 %

Partition 3: orf1ab_D_p1
Model: TN93+FO+I+B
Alignment sites / patterns: 2697 / 34
Gaps: 0.04 %
Invariant sites: 93.36 %

Partition 4: orf1ab_D_p2
Model: HKY+FO+I+G4m+B
Alignment sites / patterns: 2697 / 32
Gaps: 0.04 %
Invariant sites: 98.11 %

Partition 5: orf1ab_D_p3
Model: TPM3uf+FO+G4m+B
Alignment sites / patterns: 2697 / 59
Gaps: 0.04 %
Invariant sites: 62.51 %

Partition 6: S_p1
Model: TN93+FO+I+B
Alignment sites / patterns: 1274 / 43
Gaps: 0.05 %
Invariant sites: 83.05 %

Partition 7: S_p2
Model: F81+FO+B
Alignment sites / patterns: 1274 / 38
Gaps: 0.05 %
Invariant sites: 90.27 %

Partition 8: S_p3
Model: HKY+FO+I+B
Alignment sites / patterns: 1274 / 69
Gaps: 0.05 %
Invariant sites: 50.24 %

Partition 9: ORF3a_p1
Model: JC+I+B
Alignment sites / patterns: 276 / 20
Gaps: 0.00 %
Invariant sites: 90.58 %

Partition 10: ORF3a_p2
Model: JC+I+G4m+B
Alignment sites / patterns: 276 / 14
Gaps: 0.00 %
Invariant sites: 95.65 %

Partition 11: ORF3a_p3
Model: HKY+FO+I+B
Alignment sites / patterns: 276 / 22
Gaps: 0.00 %
Invariant sites: 70.65 %

Partition 12: E_p1
Model: JC+B
Alignment sites / patterns: 76 / 5
Gaps: 0.00 %
Invariant sites: 98.68 %

Partition 13: E_p2
Model: JC+B
Alignment sites / patterns: 76 / 5
Gaps: 0.00 %
Invariant sites: 98.68 %

Partition 14: E_p3
Model: JC+B
Alignment sites / patterns: 76 / 6
Gaps: 0.00 %
Invariant sites: 97.37 %

Partition 15: M_p1
Model: TN93ef+B
Alignment sites / patterns: 223 / 9
Gaps: 0.01 %
Invariant sites: 95.52 %

Partition 16: M_p2
Model: JC+I+B
Alignment sites / patterns: 223 / 7
Gaps: 0.01 %
Invariant sites: 99.10 %

Partition 17: M_p3
Model: K80+I+B
Alignment sites / patterns: 223 / 28
Gaps: 0.01 %
Invariant sites: 78.03 %

Partition 18: ORF6_p1
Model: JC+B
Alignment sites / patterns: 62 / 6
Gaps: 0.00 %
Invariant sites: 95.16 %

Partition 19: ORF6_p2
Model: JC+B
Alignment sites / patterns: 62 / 6
Gaps: 0.00 %
Invariant sites: 96.77 %

Partition 20: ORF6_p3
Model: JC+B
Alignment sites / patterns: 62 / 9
Gaps: 0.00 %
Invariant sites: 88.71 %

Partition 21: ORF7a_p1
Model: K80+B
Alignment sites / patterns: 122 / 11
Gaps: 0.00 %
Invariant sites: 90.98 %

Partition 22: ORF7a_p2
Model: K80+B
Alignment sites / patterns: 122 / 10
Gaps: 0.00 %
Invariant sites: 92.62 %

Partition 23: ORF7a_p3
Model: HKY+FO+I+B
Alignment sites / patterns: 122 / 16
Gaps: 0.00 %
Invariant sites: 78.69 %

Partition 24: ORF8_p1
Model: JC+I+B
Alignment sites / patterns: 122 / 12
Gaps: 0.00 %
Invariant sites: 93.44 %

Partition 25: ORF8_p2
Model: K80+I+G4m+B
Alignment sites / patterns: 122 / 9
Gaps: 0.00 %
Invariant sites: 95.90 %

Partition 26: ORF8_p3
Model: HKY+FO+B
Alignment sites / patterns: 122 / 16
Gaps: 0.00 %
Invariant sites: 69.67 %

Partition 27: N_p1
Model: JC+I+B
Alignment sites / patterns: 420 / 15
Gaps: 0.00 %
Invariant sites: 95.24 %

Partition 28: N_p2
Model: F81+FO+B
Alignment sites / patterns: 420 / 15
Gaps: 0.00 %
Invariant sites: 96.19 %

Partition 29: N_p3
Model: HKY+FO+G4m+B
Alignment sites / patterns: 420 / 29
Gaps: 0.00 %
Invariant sites: 76.67 %

Partition 30: ORF10_p1
Model: JC+B
Alignment sites / patterns: 39 / 6
Gaps: 0.00 %
Invariant sites: 94.87 %

Partition 31: ORF10_p2
Model: JC+B
Alignment sites / patterns: 39 / 4
Gaps: 0.00 %
Invariant sites: 100.00 %

Partition 32: ORF10_p3
Model: JC+B
Alignment sites / patterns: 39 / 5
Gaps: 0.00 %
Invariant sites: 97.44 %


[00:00:00] Generating 8 random starting tree(s) with 74 taxa
[00:00:00] Generating 8 parsimony starting tree(s) with 74 taxa
[00:00:00] Data distribution: max. partitions/sites/weight per thread: 33 / 767 / 5792

Starting ML tree search with 16 distinct starting trees

[00:00:00 -177054.221726] Initial branch length optimization
[00:00:00 -60654.596461] Model parameter optimization (eps = 10.000000)
[00:00:06 -56797.679635] AUTODETECT spr round 1 (radius: 5)
[00:00:08 -56434.342102] AUTODETECT spr round 2 (radius: 10)
[00:00:10 -56230.493891] AUTODETECT spr round 3 (radius: 15)
[00:00:12 -56200.520590] AUTODETECT spr round 4 (radius: 20)
[00:00:13 -56200.519155] SPR radius for FAST iterations: 15 (autodetect)
[00:00:13 -56200.519155] Model parameter optimization (eps = 3.000000)
[00:00:15 -56185.152961] FAST spr round 1 (radius: 15)
[00:00:21 -56109.816665] FAST spr round 2 (radius: 15)
[00:00:25 -56109.809743] Model parameter optimization (eps = 1.000000)
[00:00:27 -56107.874568] SLOW spr round 1 (radius: 5)
[00:00:32 -56107.871704] SLOW spr round 2 (radius: 10)
[00:00:39 -56107.871657] SLOW spr round 3 (radius: 15)
[00:00:43 -56107.871653] SLOW spr round 4 (radius: 20)
[00:00:47 -56107.871653] SLOW spr round 5 (radius: 25)
[00:00:51 -56107.871653] Model parameter optimization (eps = 0.100000)

[00:01:02] ML tree search #1, logLikelihood: -56096.757367

[00:01:02 -177057.883573] Initial branch length optimization
[00:01:03 -60701.603619] Model parameter optimization (eps = 10.000000)
[00:01:10 -56838.872864] AUTODETECT spr round 1 (radius: 5)
[00:01:11 -56417.567970] AUTODETECT spr round 2 (radius: 10)
[00:01:13 -56230.179915] AUTODETECT spr round 3 (radius: 15)
[00:01:16 -56165.429832] AUTODETECT spr round 4 (radius: 20)
[00:01:17 -56165.428335] SPR radius for FAST iterations: 15 (autodetect)
[00:01:17 -56165.428335] Model parameter optimization (eps = 3.000000)
[00:01:19 -56148.706988] FAST spr round 1 (radius: 15)
[00:01:25 -56109.487805] FAST spr round 2 (radius: 15)
[00:01:29 -56109.447548] Model parameter optimization (eps = 1.000000)
[00:01:30 -56107.828707] SLOW spr round 1 (radius: 5)
[00:01:36 -56107.826371] SLOW spr round 2 (radius: 10)
[00:01:42 -56107.826358] SLOW spr round 3 (radius: 15)
[00:01:48 -56107.826357] SLOW spr round 4 (radius: 20)
[00:01:52 -56107.826357] SLOW spr round 5 (radius: 25)
[00:01:55 -56107.826357] Model parameter optimization (eps = 0.100000)

[00:02:06] ML tree search #2, logLikelihood: -56096.779008

[00:02:06 -177035.948286] Initial branch length optimization
[00:02:06 -60638.366162] Model parameter optimization (eps = 10.000000)
[00:02:14 -56792.359091] AUTODETECT spr round 1 (radius: 5)
[00:02:15 -56446.665692] AUTODETECT spr round 2 (radius: 10)
[00:02:18 -56201.212868] AUTODETECT spr round 3 (radius: 15)
[00:02:20 -56200.892438] AUTODETECT spr round 4 (radius: 20)
[00:02:22 -56200.835525] SPR radius for FAST iterations: 15 (autodetect)
[00:02:22 -56200.835525] Model parameter optimization (eps = 3.000000)
[00:02:24 -56192.259446] FAST spr round 1 (radius: 15)
[00:02:30 -56173.578362] FAST spr round 2 (radius: 15)
[00:02:36 -56115.730828] FAST spr round 3 (radius: 15)
[00:02:41 -56115.722335] Model parameter optimization (eps = 1.000000)
[00:02:43 -56106.236880] SLOW spr round 1 (radius: 5)
[00:02:49 -56106.233860] SLOW spr round 2 (radius: 10)
[00:02:57 -56106.233788] SLOW spr round 3 (radius: 15)
[00:03:03 -56106.233782] SLOW spr round 4 (radius: 20)
[00:03:08 -56106.233782] SLOW spr round 5 (radius: 25)
[00:03:10 -56106.233782] Model parameter optimization (eps = 0.100000)

[00:03:22] ML tree search #3, logLikelihood: -56096.792624

[00:03:22 -177045.887499] Initial branch length optimization
[00:03:22 -60659.325684] Model parameter optimization (eps = 10.000000)
[00:03:29 -56803.754632] AUTODETECT spr round 1 (radius: 5)
[00:03:31 -56536.896985] AUTODETECT spr round 2 (radius: 10)
[00:03:33 -56385.000051] AUTODETECT spr round 3 (radius: 15)
[00:03:35 -56301.330184] AUTODETECT spr round 4 (radius: 20)
[00:03:37 -56301.264969] SPR radius for FAST iterations: 15 (autodetect)
[00:03:37 -56301.264969] Model parameter optimization (eps = 3.000000)
[00:03:39 -56291.905318] FAST spr round 1 (radius: 15)
[00:03:44 -56117.409131] FAST spr round 2 (radius: 15)
[00:03:48 -56117.347517] Model parameter optimization (eps = 1.000000)
[00:03:51 -56106.200378] SLOW spr round 1 (radius: 5)
[00:03:57 -56106.197183] SLOW spr round 2 (radius: 10)
[00:04:04 -56106.196716] SLOW spr round 3 (radius: 15)
[00:04:10 -56106.196713] SLOW spr round 4 (radius: 20)
[00:04:14 -56106.196713] SLOW spr round 5 (radius: 25)
[00:04:19 -56106.196713] Model parameter optimization (eps = 0.100000)

[00:04:27] ML tree search #4, logLikelihood: -56096.761719

[00:04:27 -177029.971997] Initial branch length optimization
[00:04:27 -60597.354344] Model parameter optimization (eps = 10.000000)
[00:04:33 -56746.390841] AUTODETECT spr round 1 (radius: 5)
[00:04:35 -56442.213469] AUTODETECT spr round 2 (radius: 10)
[00:04:37 -56231.183139] AUTODETECT spr round 3 (radius: 15)
[00:04:40 -56230.813393] AUTODETECT spr round 4 (radius: 20)
[00:04:41 -56230.757112] SPR radius for FAST iterations: 15 (autodetect)
[00:04:41 -56230.757112] Model parameter optimization (eps = 3.000000)
[00:04:43 -56219.966782] FAST spr round 1 (radius: 15)
[00:04:50 -56116.326148] FAST spr round 2 (radius: 15)
[00:04:55 -56116.305656] Model parameter optimization (eps = 1.000000)
[00:04:58 -56105.873174] SLOW spr round 1 (radius: 5)
[00:05:04 -56105.871023] SLOW spr round 2 (radius: 10)
[00:05:11 -56105.871007] SLOW spr round 3 (radius: 15)
[00:05:17 -56105.871006] SLOW spr round 4 (radius: 20)
[00:05:22 -56105.871006] SLOW spr round 5 (radius: 25)
[00:05:26 -56105.871006] Model parameter optimization (eps = 0.100000)

[00:05:35] ML tree search #5, logLikelihood: -56096.775116

[00:05:35 -177016.115709] Initial branch length optimization
[00:05:36 -60597.194321] Model parameter optimization (eps = 10.000000)
[00:05:42 -56775.269180] AUTODETECT spr round 1 (radius: 5)
[00:05:44 -56334.815656] AUTODETECT spr round 2 (radius: 10)
[00:05:46 -56216.330849] AUTODETECT spr round 3 (radius: 15)
[00:05:48 -56191.671964] AUTODETECT spr round 4 (radius: 20)
[00:05:50 -56131.182157] AUTODETECT spr round 5 (radius: 25)
[00:05:52 -56130.797667] SPR radius for FAST iterations: 25 (autodetect)
[00:05:52 -56130.797667] Model parameter optimization (eps = 3.000000)
[00:05:53 -56116.496045] FAST spr round 1 (radius: 25)
[00:06:00 -56108.894570] FAST spr round 2 (radius: 25)
[00:06:05 -56108.885626] Model parameter optimization (eps = 1.000000)
[00:06:06 -56107.985008] SLOW spr round 1 (radius: 5)
[00:06:12 -56107.968444] SLOW spr round 2 (radius: 10)
[00:06:19 -56107.968381] SLOW spr round 3 (radius: 15)
[00:06:25 -56107.968377] SLOW spr round 4 (radius: 20)
[00:06:30 -56107.968377] SLOW spr round 5 (radius: 25)
[00:06:34 -56107.968377] Model parameter optimization (eps = 0.100000)

[00:06:45] ML tree search #6, logLikelihood: -56096.781285

[00:06:45 -177061.278646] Initial branch length optimization
[00:06:45 -60708.679586] Model parameter optimization (eps = 10.000000)
[00:06:53 -56825.197689] AUTODETECT spr round 1 (radius: 5)
[00:06:54 -56511.600324] AUTODETECT spr round 2 (radius: 10)
[00:06:57 -56355.588074] AUTODETECT spr round 3 (radius: 15)
[00:06:59 -56270.131490] AUTODETECT spr round 4 (radius: 20)
[00:07:01 -56255.254824] AUTODETECT spr round 5 (radius: 25)
[00:07:02 -56255.254824] SPR radius for FAST iterations: 20 (autodetect)
[00:07:02 -56255.254824] Model parameter optimization (eps = 3.000000)
[00:07:05 -56244.864940] FAST spr round 1 (radius: 20)
[00:07:12 -56117.216159] FAST spr round 2 (radius: 20)
[00:07:17 -56117.206374] Model parameter optimization (eps = 1.000000)
[00:07:20 -56105.828587] SLOW spr round 1 (radius: 5)
[00:07:26 -56105.825629] SLOW spr round 2 (radius: 10)
[00:07:35 -56105.825132] SLOW spr round 3 (radius: 15)
[00:07:42 -56105.825131] SLOW spr round 4 (radius: 20)
[00:07:47 -56105.825131] SLOW spr round 5 (radius: 25)
[00:07:50 -56105.825131] Model parameter optimization (eps = 0.100000)

[00:07:59] ML tree search #7, logLikelihood: -56096.802660

[00:07:59 -177072.668652] Initial branch length optimization
[00:07:59 -60743.736675] Model parameter optimization (eps = 10.000000)
[00:08:06 -56842.471166] AUTODETECT spr round 1 (radius: 5)
[00:08:08 -56476.310536] AUTODETECT spr round 2 (radius: 10)
[00:08:11 -56253.639853] AUTODETECT spr round 3 (radius: 15)
[00:08:13 -56246.684245] AUTODETECT spr round 4 (radius: 20)
[00:08:15 -56246.684236] SPR radius for FAST iterations: 15 (autodetect)
[00:08:15 -56246.684236] Model parameter optimization (eps = 3.000000)
[00:08:17 -56232.837278] FAST spr round 1 (radius: 15)
[00:08:23 -56110.113695] FAST spr round 2 (radius: 15)
[00:08:27 -56110.087369] Model parameter optimization (eps = 1.000000)
[00:08:28 -56108.288009] SLOW spr round 1 (radius: 5)
[00:08:34 -56108.283370] SLOW spr round 2 (radius: 10)
[00:08:42 -56108.283336] SLOW spr round 3 (radius: 15)
[00:08:49 -56108.283334] SLOW spr round 4 (radius: 20)
[00:08:52 -56108.283333] SLOW spr round 5 (radius: 25)
[00:08:55 -56108.283333] Model parameter optimization (eps = 0.100000)

[00:08:57] ML tree search #8, logLikelihood: -56108.017040

[00:08:57 -174440.993790] Initial branch length optimization
[00:08:57 -59355.098411] Model parameter optimization (eps = 10.000000)
[00:09:02 -56114.028488] AUTODETECT spr round 1 (radius: 5)
[00:09:04 -56113.424315] AUTODETECT spr round 2 (radius: 10)
[00:09:06 -56113.424044] SPR radius for FAST iterations: 5 (autodetect)
[00:09:06 -56113.424044] Model parameter optimization (eps = 3.000000)
[00:09:08 -56105.804522] FAST spr round 1 (radius: 5)
[00:09:10 -56105.751275] Model parameter optimization (eps = 1.000000)
[00:09:14 -56100.171818] SLOW spr round 1 (radius: 5)
[00:09:20 -56100.087098] SLOW spr round 2 (radius: 10)
[00:09:26 -56100.085707] SLOW spr round 3 (radius: 15)
[00:09:30 -56100.085701] SLOW spr round 4 (radius: 20)
[00:09:35 -56100.085701] SLOW spr round 5 (radius: 25)
[00:09:37 -56100.085701] Model parameter optimization (eps = 0.100000)

[00:09:47] ML tree search #9, logLikelihood: -56095.504117

[00:09:47 -174437.035262] Initial branch length optimization
[00:09:47 -59352.742223] Model parameter optimization (eps = 10.000000)
[00:09:51 -56114.056636] AUTODETECT spr round 1 (radius: 5)
[00:09:53 -56113.912143] AUTODETECT spr round 2 (radius: 10)
[00:09:56 -56113.911163] SPR radius for FAST iterations: 5 (autodetect)
[00:09:56 -56113.911163] Model parameter optimization (eps = 3.000000)
[00:09:59 -56103.977560] FAST spr round 1 (radius: 5)
[00:10:01 -56103.899071] Model parameter optimization (eps = 1.000000)
[00:10:04 -56100.289741] SLOW spr round 1 (radius: 5)
[00:10:10 -56100.250071] SLOW spr round 2 (radius: 10)
[00:10:18 -56100.233299] SLOW spr round 3 (radius: 15)
[00:10:23 -56100.233298] SLOW spr round 4 (radius: 20)
[00:10:27 -56100.233298] SLOW spr round 5 (radius: 25)
[00:10:29 -56100.233298] Model parameter optimization (eps = 0.100000)

[00:10:39] ML tree search #10, logLikelihood: -56095.506249

[00:10:39 -174437.076082] Initial branch length optimization
[00:10:40 -59352.750275] Model parameter optimization (eps = 10.000000)
[00:10:44 -56114.041730] AUTODETECT spr round 1 (radius: 5)
[00:10:46 -56113.902375] AUTODETECT spr round 2 (radius: 10)
[00:10:48 -56113.901286] SPR radius for FAST iterations: 5 (autodetect)
[00:10:48 -56113.901286] Model parameter optimization (eps = 3.000000)
[00:10:51 -56103.966875] FAST spr round 1 (radius: 5)
[00:10:54 -56103.888563] Model parameter optimization (eps = 1.000000)
[00:10:57 -56100.286797] SLOW spr round 1 (radius: 5)
[00:11:02 -56100.243727] SLOW spr round 2 (radius: 10)
[00:11:08 -56100.226970] SLOW spr round 3 (radius: 15)
[00:11:13 -56100.226968] SLOW spr round 4 (radius: 20)
[00:11:17 -56100.226968] SLOW spr round 5 (radius: 25)
[00:11:20 -56100.226968] Model parameter optimization (eps = 0.100000)

[00:11:30] ML tree search #11, logLikelihood: -56095.505102

[00:11:30 -174437.014168] Initial branch length optimization
[00:11:30 -59352.746650] Model parameter optimization (eps = 10.000000)
[00:11:35 -56114.049001] AUTODETECT spr round 1 (radius: 5)
[00:11:37 -56113.894850] AUTODETECT spr round 2 (radius: 10)
[00:11:39 -56113.893794] SPR radius for FAST iterations: 5 (autodetect)
[00:11:39 -56113.893794] Model parameter optimization (eps = 3.000000)
[00:11:42 -56103.958075] FAST spr round 1 (radius: 5)
[00:11:45 -56103.880207] Model parameter optimization (eps = 1.000000)
[00:11:48 -56100.275698] SLOW spr round 1 (radius: 5)
[00:11:54 -56100.233302] SLOW spr round 2 (radius: 10)
[00:12:02 -56100.229112] SLOW spr round 3 (radius: 15)
[00:12:08 -56100.229110] SLOW spr round 4 (radius: 20)
[00:12:13 -56100.229110] SLOW spr round 5 (radius: 25)
[00:12:16 -56100.229110] Model parameter optimization (eps = 0.100000)

[00:12:26] ML tree search #12, logLikelihood: -56095.506033

[00:12:26 -174440.353070] Initial branch length optimization
[00:12:27 -59355.098782] Model parameter optimization (eps = 10.000000)
[00:12:31 -56114.029049] AUTODETECT spr round 1 (radius: 5)
[00:12:33 -56113.426833] AUTODETECT spr round 2 (radius: 10)
[00:12:35 -56113.426574] SPR radius for FAST iterations: 5 (autodetect)
[00:12:35 -56113.426574] Model parameter optimization (eps = 3.000000)
[00:12:37 -56105.805503] FAST spr round 1 (radius: 5)
[00:12:40 -56105.747824] Model parameter optimization (eps = 1.000000)
[00:12:44 -56100.168493] SLOW spr round 1 (radius: 5)
[00:12:50 -56100.086461] SLOW spr round 2 (radius: 10)
[00:12:58 -56100.083663] SLOW spr round 3 (radius: 15)
[00:13:04 -56100.083657] SLOW spr round 4 (radius: 20)
[00:13:08 -56100.083656] SLOW spr round 5 (radius: 25)
[00:13:10 -56100.083656] Model parameter optimization (eps = 0.100000)

[00:13:19] ML tree search #13, logLikelihood: -56095.503055

[00:13:19 -174438.799061] Initial branch length optimization
[00:13:20 -59355.739729] Model parameter optimization (eps = 10.000000)
[00:13:24 -56115.154067] AUTODETECT spr round 1 (radius: 5)
[00:13:26 -56113.589466] AUTODETECT spr round 2 (radius: 10)
[00:13:28 -56113.575143] SPR radius for FAST iterations: 5 (autodetect)
[00:13:28 -56113.575143] Model parameter optimization (eps = 3.000000)
[00:13:30 -56105.877364] FAST spr round 1 (radius: 5)
[00:13:33 -56105.821472] Model parameter optimization (eps = 1.000000)
[00:13:37 -56100.193903] SLOW spr round 1 (radius: 5)
[00:13:42 -56100.132547] SLOW spr round 2 (radius: 10)
[00:13:50 -56100.130069] SLOW spr round 3 (radius: 15)
[00:13:55 -56100.130063] SLOW spr round 4 (radius: 20)
[00:13:59 -56100.130063] SLOW spr round 5 (radius: 25)
[00:14:01 -56100.130063] Model parameter optimization (eps = 0.100000)

[00:14:10] ML tree search #14, logLikelihood: -56095.504744

[00:14:11 -174443.025277] Initial branch length optimization
[00:14:11 -59355.104489] Model parameter optimization (eps = 10.000000)
[00:14:15 -56114.042527] AUTODETECT spr round 1 (radius: 5)
[00:14:17 -56113.887837] AUTODETECT spr round 2 (radius: 10)
[00:14:20 -56113.446985] AUTODETECT spr round 3 (radius: 15)
[00:14:22 -56113.446667] SPR radius for FAST iterations: 10 (autodetect)
[00:14:22 -56113.446667] Model parameter optimization (eps = 3.000000)
[00:14:24 -56105.827798] FAST spr round 1 (radius: 10)
[00:14:28 -56105.764701] Model parameter optimization (eps = 1.000000)
[00:14:32 -56100.186347] SLOW spr round 1 (radius: 5)
[00:14:38 -56100.123945] SLOW spr round 2 (radius: 10)
[00:14:45 -56100.107580] SLOW spr round 3 (radius: 15)
[00:14:49 -56100.107575] SLOW spr round 4 (radius: 20)
[00:14:54 -56100.107574] SLOW spr round 5 (radius: 25)
[00:14:56 -56100.107574] Model parameter optimization (eps = 0.100000)

[00:15:05] ML tree search #15, logLikelihood: -56095.500783

[00:15:05 -174437.026211] Initial branch length optimization
[00:15:05 -59352.742222] Model parameter optimization (eps = 10.000000)
[00:15:10 -56114.057754] AUTODETECT spr round 1 (radius: 5)
[00:15:12 -56113.905790] AUTODETECT spr round 2 (radius: 10)
[00:15:14 -56113.900617] SPR radius for FAST iterations: 5 (autodetect)
[00:15:14 -56113.900617] Model parameter optimization (eps = 3.000000)
[00:15:17 -56103.957373] FAST spr round 1 (radius: 5)
[00:15:20 -56103.883479] Model parameter optimization (eps = 1.000000)
[00:15:23 -56100.276196] SLOW spr round 1 (radius: 5)
[00:15:27 -56100.230139] SLOW spr round 2 (radius: 10)
[00:15:35 -56100.227455] SLOW spr round 3 (radius: 15)
[00:15:39 -56100.227454] SLOW spr round 4 (radius: 20)
[00:15:42 -56100.227454] SLOW spr round 5 (radius: 25)
[00:15:45 -56100.227454] Model parameter optimization (eps = 0.100000)

[00:15:52] ML tree search #16, logLikelihood: -56095.505999



Final LogLikelihood: -56095.500783

AIC score: 112713.001567 / AICc score: 112717.736179 / BIC score: 114874.118519
Free parameters (model + branch lengths): 261

Best ML tree saved to: /home/hikoyu/analysis/Genome/SARS-CoV-2/phylogeny/RAxML-NG/DNA/part/sep/SARS-CoV-2_200318.10.raxml.bestTree
All ML trees saved to: /home/hikoyu/analysis/Genome/SARS-CoV-2/phylogeny/RAxML-NG/DNA/part/sep/SARS-CoV-2_200318.10.raxml.mlTrees
Optimized model saved to: /home/hikoyu/analysis/Genome/SARS-CoV-2/phylogeny/RAxML-NG/DNA/part/sep/SARS-CoV-2_200318.10.raxml.bestModel

Execution log saved to: /home/hikoyu/analysis/Genome/SARS-CoV-2/phylogeny/RAxML-NG/DNA/part/sep/SARS-CoV-2_200318.10.raxml.log

Analysis started: 19-Mar-2020 11:09:47 / finished: 19-Mar-2020 11:25:39

Elapsed time: 952.898 seconds

