
RAxML-NG v. 0.9.0 released on 20.05.2019 by The Exelixis Lab.
Developed by: Alexey M. Kozlov and Alexandros Stamatakis.
Contributors: Diego Darriba, Tomas Flouri, Benoit Morel, Sarah Lutteropp, Ben Bettisworth.
Latest version: https://github.com/amkozlov/raxml-ng
Questions/problems/suggestions? Please visit: https://groups.google.com/forum/#!forum/raxml

RAxML-NG was called at 01-Apr-2020 22:58:29 as follows:

raxml-ng --threads 1 --bootstrap --bs-trees 84 --seed 3187666879 --prefix phylogeny/RAxML-NG/DNA/part/sep/SARS-CoV-2_200331.1 --msa phylogeny/RAxML-NG/DNA/part/sep/SARS-CoV-2_200331.raxml.rba --outgroup MG772933.1

Analysis options:
  run mode: Bootstrapping
  start tree(s): 
  bootstrap replicates: 84
  random seed: 3187666879
  tip-inner: OFF
  pattern compression: ON
  per-rate scalers: OFF
  site repeats: ON
  branch lengths: proportional (ML estimate, algorithm: NR-FAST)
  SIMD kernels: AVX2
  parallelization: NONE/sequential

[00:00:00] Loading binary alignment from file: phylogeny/RAxML-NG/DNA/part/sep/SARS-CoV-2_200331.raxml.rba
[00:00:00] Alignment comprises 117 taxa, 33 partitions and 839 patterns

Partition 0: orf1ab_U_p1
Model: TN93+FO+I+B
Alignment sites / patterns: 4405 / 71
Gaps: 0.10 %
Invariant sites: 94.91 %

Partition 1: orf1ab_U_p2
Model: HKY+FO+I+B
Alignment sites / patterns: 4405 / 76
Gaps: 0.10 %
Invariant sites: 96.57 %

Partition 2: orf1ab_U_p3
Model: TN93+FO+I+G4m+B
Alignment sites / patterns: 4405 / 99
Gaps: 0.10 %
Invariant sites: 73.71 %

Partition 3: orf1ab_D_p1
Model: TN93+FO+I+B
Alignment sites / patterns: 2697 / 39
Gaps: 0.04 %
Invariant sites: 93.18 %

Partition 4: orf1ab_D_p2
Model: HKY+FO+I+G4m+B
Alignment sites / patterns: 2697 / 36
Gaps: 0.04 %
Invariant sites: 97.96 %

Partition 5: orf1ab_D_p3
Model: TN93+FO+I+G4m+B
Alignment sites / patterns: 2697 / 62
Gaps: 0.04 %
Invariant sites: 62.48 %

Partition 6: S_p1
Model: TN93+FO+G4m+B
Alignment sites / patterns: 1274 / 45
Gaps: 0.03 %
Invariant sites: 83.05 %

Partition 7: S_p2
Model: TN93+FO+I+G4m+B
Alignment sites / patterns: 1274 / 39
Gaps: 0.03 %
Invariant sites: 90.19 %

Partition 8: S_p3
Model: HKY+FO+I+B
Alignment sites / patterns: 1274 / 71
Gaps: 0.03 %
Invariant sites: 50.24 %

Partition 9: ORF3a_p1
Model: JC+G4m+B
Alignment sites / patterns: 276 / 20
Gaps: 0.00 %
Invariant sites: 90.58 %

Partition 10: ORF3a_p2
Model: JC+I+G4m+B
Alignment sites / patterns: 276 / 15
Gaps: 0.00 %
Invariant sites: 95.29 %

Partition 11: ORF3a_p3
Model: TPM3uf+FO+G4m+B
Alignment sites / patterns: 276 / 24
Gaps: 0.00 %
Invariant sites: 70.65 %

Partition 12: E_p1
Model: JC+B
Alignment sites / patterns: 76 / 5
Gaps: 0.00 %
Invariant sites: 98.68 %

Partition 13: E_p2
Model: JC+B
Alignment sites / patterns: 76 / 5
Gaps: 0.00 %
Invariant sites: 98.68 %

Partition 14: E_p3
Model: JC+B
Alignment sites / patterns: 76 / 6
Gaps: 0.00 %
Invariant sites: 97.37 %

Partition 15: M_p1
Model: TN93ef+B
Alignment sites / patterns: 223 / 9
Gaps: 0.00 %
Invariant sites: 95.52 %

Partition 16: M_p2
Model: JC+B
Alignment sites / patterns: 223 / 8
Gaps: 0.00 %
Invariant sites: 98.65 %

Partition 17: M_p3
Model: K80+I+B
Alignment sites / patterns: 223 / 28
Gaps: 0.00 %
Invariant sites: 78.03 %

Partition 18: ORF6_p1
Model: JC+B
Alignment sites / patterns: 62 / 7
Gaps: 0.00 %
Invariant sites: 93.55 %

Partition 19: ORF6_p2
Model: JC+B
Alignment sites / patterns: 62 / 6
Gaps: 0.00 %
Invariant sites: 96.77 %

Partition 20: ORF6_p3
Model: TN93ef+B
Alignment sites / patterns: 62 / 12
Gaps: 0.00 %
Invariant sites: 83.87 %

Partition 21: ORF7a_p1
Model: K80+B
Alignment sites / patterns: 122 / 11
Gaps: 0.00 %
Invariant sites: 90.98 %

Partition 22: ORF7a_p2
Model: K80+B
Alignment sites / patterns: 122 / 10
Gaps: 0.00 %
Invariant sites: 92.62 %

Partition 23: ORF7a_p3
Model: HKY+FO+I+B
Alignment sites / patterns: 122 / 17
Gaps: 0.00 %
Invariant sites: 77.87 %

Partition 24: ORF8_p1
Model: JC+I+B
Alignment sites / patterns: 122 / 12
Gaps: 0.00 %
Invariant sites: 93.44 %

Partition 25: ORF8_p2
Model: K80+I+G4m+B
Alignment sites / patterns: 122 / 10
Gaps: 0.00 %
Invariant sites: 95.08 %

Partition 26: ORF8_p3
Model: HKY+FO+B
Alignment sites / patterns: 122 / 16
Gaps: 0.00 %
Invariant sites: 69.67 %

Partition 27: N_p1
Model: K80+I+B
Alignment sites / patterns: 420 / 16
Gaps: 0.00 %
Invariant sites: 95.00 %

Partition 28: N_p2
Model: F81+FO+B
Alignment sites / patterns: 420 / 17
Gaps: 0.00 %
Invariant sites: 95.71 %

Partition 29: N_p3
Model: HKY+FO+G4m+B
Alignment sites / patterns: 420 / 32
Gaps: 0.00 %
Invariant sites: 76.19 %

Partition 30: ORF10_p1
Model: JC+B
Alignment sites / patterns: 39 / 6
Gaps: 0.00 %
Invariant sites: 94.87 %

Partition 31: ORF10_p2
Model: JC+B
Alignment sites / patterns: 39 / 4
Gaps: 0.00 %
Invariant sites: 100.00 %

Partition 32: ORF10_p3
Model: JC+B
Alignment sites / patterns: 39 / 5
Gaps: 0.00 %
Invariant sites: 97.44 %


[00:00:00] Data distribution: max. partitions/sites/weight per thread: 33 / 839 / 7940
[00:00:00] Starting bootstrapping analysis with 84 replicates.

[00:01:56] Bootstrap tree #1, logLikelihood: -56692.287998
[00:04:22] Bootstrap tree #2, logLikelihood: -56960.750378
[00:06:42] Bootstrap tree #3, logLikelihood: -56588.080291
[00:08:43] Bootstrap tree #4, logLikelihood: -57065.935450
[00:11:06] Bootstrap tree #5, logLikelihood: -56967.982110
[00:14:22] Bootstrap tree #6, logLikelihood: -56689.902847
[00:16:33] Bootstrap tree #7, logLikelihood: -56823.918764
[00:18:48] Bootstrap tree #8, logLikelihood: -56856.694419
[00:21:00] Bootstrap tree #9, logLikelihood: -56401.029132
[00:24:06] Bootstrap tree #10, logLikelihood: -56966.360698
[00:26:13] Bootstrap tree #11, logLikelihood: -56973.872123
[00:28:56] Bootstrap tree #12, logLikelihood: -57017.955174
[00:32:01] Bootstrap tree #13, logLikelihood: -56883.780900
[00:34:20] Bootstrap tree #14, logLikelihood: -56656.284808
[00:36:28] Bootstrap tree #15, logLikelihood: -56813.522796
[00:38:40] Bootstrap tree #16, logLikelihood: -56839.975748
[00:41:10] Bootstrap tree #17, logLikelihood: -56519.540148
[00:43:37] Bootstrap tree #18, logLikelihood: -56710.711181
[00:45:49] Bootstrap tree #19, logLikelihood: -56759.315621
[00:48:07] Bootstrap tree #20, logLikelihood: -56558.666337
[00:51:28] Bootstrap tree #21, logLikelihood: -56951.826380
[00:53:51] Bootstrap tree #22, logLikelihood: -56633.249320
[00:57:21] Bootstrap tree #23, logLikelihood: -56868.669971
[01:00:17] Bootstrap tree #24, logLikelihood: -57040.152561
[01:04:16] Bootstrap tree #25, logLikelihood: -56371.455683
[01:07:29] Bootstrap tree #26, logLikelihood: -56726.702872
[01:10:10] Bootstrap tree #27, logLikelihood: -57167.235552
[01:12:40] Bootstrap tree #28, logLikelihood: -56445.386361
[01:14:53] Bootstrap tree #29, logLikelihood: -56193.620676
[01:16:57] Bootstrap tree #30, logLikelihood: -56699.377867
[01:18:55] Bootstrap tree #31, logLikelihood: -57118.004876
[01:22:54] Bootstrap tree #32, logLikelihood: -56963.671995
[01:25:07] Bootstrap tree #33, logLikelihood: -56633.825131
[01:27:18] Bootstrap tree #34, logLikelihood: -57090.756397
[01:29:41] Bootstrap tree #35, logLikelihood: -57142.973154
[01:32:28] Bootstrap tree #36, logLikelihood: -56897.782729
[01:34:40] Bootstrap tree #37, logLikelihood: -57009.846117
[01:38:04] Bootstrap tree #38, logLikelihood: -57134.929645
[01:40:45] Bootstrap tree #39, logLikelihood: -57078.285902
[01:43:06] Bootstrap tree #40, logLikelihood: -56826.409477
[01:45:31] Bootstrap tree #41, logLikelihood: -56835.383166
[01:47:54] Bootstrap tree #42, logLikelihood: -56491.718073
[01:50:31] Bootstrap tree #43, logLikelihood: -57192.881813
[01:52:54] Bootstrap tree #44, logLikelihood: -57033.980091
[01:55:04] Bootstrap tree #45, logLikelihood: -56882.593052
[01:57:20] Bootstrap tree #46, logLikelihood: -56340.479285
[01:59:54] Bootstrap tree #47, logLikelihood: -57031.412196
[02:02:06] Bootstrap tree #48, logLikelihood: -56698.158103
[02:04:28] Bootstrap tree #49, logLikelihood: -56736.877695
[02:07:07] Bootstrap tree #50, logLikelihood: -56266.333467
[02:09:19] Bootstrap tree #51, logLikelihood: -56701.566853
[02:11:24] Bootstrap tree #52, logLikelihood: -56866.924690
[02:15:36] Bootstrap tree #53, logLikelihood: -57038.178497
[02:17:52] Bootstrap tree #54, logLikelihood: -56919.698369
[02:20:00] Bootstrap tree #55, logLikelihood: -56711.754204
[02:23:09] Bootstrap tree #56, logLikelihood: -56615.989471
[02:25:44] Bootstrap tree #57, logLikelihood: -56815.929267
[02:28:32] Bootstrap tree #58, logLikelihood: -57098.711448
[02:30:58] Bootstrap tree #59, logLikelihood: -56831.770091
[02:34:12] Bootstrap tree #60, logLikelihood: -56600.743923
[02:36:40] Bootstrap tree #61, logLikelihood: -57083.065170
[02:39:21] Bootstrap tree #62, logLikelihood: -56876.529869
[02:41:45] Bootstrap tree #63, logLikelihood: -56708.748487
[02:43:55] Bootstrap tree #64, logLikelihood: -57066.238789
[02:46:10] Bootstrap tree #65, logLikelihood: -56693.447066
[02:48:33] Bootstrap tree #66, logLikelihood: -56922.515600
[02:51:01] Bootstrap tree #67, logLikelihood: -56208.824276
[02:53:12] Bootstrap tree #68, logLikelihood: -57336.783273
[02:55:39] Bootstrap tree #69, logLikelihood: -56799.515887
[02:58:00] Bootstrap tree #70, logLikelihood: -56226.878892
[03:00:19] Bootstrap tree #71, logLikelihood: -56575.593560
[03:02:56] Bootstrap tree #72, logLikelihood: -56862.911465
[03:05:25] Bootstrap tree #73, logLikelihood: -56524.941881
[03:09:39] Bootstrap tree #74, logLikelihood: -56894.125389
[03:12:02] Bootstrap tree #75, logLikelihood: -56769.317304
[03:14:21] Bootstrap tree #76, logLikelihood: -56698.970413
[03:16:52] Bootstrap tree #77, logLikelihood: -56953.119220
[03:19:14] Bootstrap tree #78, logLikelihood: -56741.345625
[03:21:56] Bootstrap tree #79, logLikelihood: -56847.011722
[03:24:27] Bootstrap tree #80, logLikelihood: -56747.642423
[03:26:43] Bootstrap tree #81, logLikelihood: -56533.748853
[03:30:06] Bootstrap tree #82, logLikelihood: -56456.232320
[03:32:32] Bootstrap tree #83, logLikelihood: -56599.156191
[03:35:56] Bootstrap tree #84, logLikelihood: -56758.548738

Bootstrap trees saved to: /home/hikoyu/analysis/Genome/SARS-CoV-2/phylogeny/RAxML-NG/DNA/part/sep/SARS-CoV-2_200331.1.raxml.bootstraps

Execution log saved to: /home/hikoyu/analysis/Genome/SARS-CoV-2/phylogeny/RAxML-NG/DNA/part/sep/SARS-CoV-2_200331.1.raxml.log

Analysis started: 01-Apr-2020 22:58:29 / finished: 02-Apr-2020 02:34:26

Elapsed time: 12957.129 seconds

