
RAxML-NG v. 0.9.0 released on 20.05.2019 by The Exelixis Lab.
Developed by: Alexey M. Kozlov and Alexandros Stamatakis.
Contributors: Diego Darriba, Tomas Flouri, Benoit Morel, Sarah Lutteropp, Ben Bettisworth.
Latest version: https://github.com/amkozlov/raxml-ng
Questions/problems/suggestions? Please visit: https://groups.google.com/forum/#!forum/raxml

RAxML-NG was called at 22-Mar-2020 03:21:53 as follows:

raxml-ng --threads 1 --parse --prefix phylogeny/RAxML-NG/DNA/part/sep/SARS-CoV-2_200320 --msa phylogeny/SARS-CoV-2_200320.aln.concat.fna --msa-format FASTA --data-type DNA --model phylogeny/ModelTest-NG/DNA/part/sep/SARS-CoV-2_200320.part.bic

Analysis options:
  run mode: Alignment parsing and compression
  start tree(s): 
  random seed: 1584814913
  tip-inner: OFF
  pattern compression: ON
  per-rate scalers: OFF
  site repeats: ON
  branch lengths: proportional (ML estimate, algorithm: NR-FAST)
  SIMD kernels: AVX2
  parallelization: NONE/sequential

[00:00:00] Reading alignment from file: phylogeny/SARS-CoV-2_200320.aln.concat.fna
[00:00:00] Loaded alignment with 78 taxa and 29148 sites

WARNING: Sequences LC522974.1 and LC522975.1 are exactly identical!
WARNING: Sequences LR757995.1 and MT066175.1 are exactly identical!
WARNING: Sequences LR757996.1 and MN908947.3 are exactly identical!
WARNING: Sequences LR757996.1 and MN988668.1 are exactly identical!
WARNING: Sequences LR757996.1 and MN988669.1 are exactly identical!
WARNING: Sequences LR757996.1 and MN996528.1 are exactly identical!
WARNING: Sequences LR757996.1 and MN996530.1 are exactly identical!
WARNING: Sequences LR757996.1 and MT019530.1 are exactly identical!
WARNING: Sequences LR757996.1 and MT019532.1 are exactly identical!
WARNING: Sequences LR757996.1 and MT039873.1 are exactly identical!
WARNING: Sequences LR757996.1 and MT093631.2 are exactly identical!
WARNING: Sequences LR757996.1 and MT192759.1 are exactly identical!
WARNING: Sequences MN985325.1 and MT020880.1 are exactly identical!
WARNING: Sequences MN985325.1 and MT020881.1 are exactly identical!
WARNING: Sequences MT027062.1 and MT027063.1 are exactly identical!
WARNING: Sequences MT135041.1 and MT135042.1 are exactly identical!
WARNING: Sequences MT135041.1 and MT135044.1 are exactly identical!
WARNING: Sequences MT163717.1 and MT163718.1 are exactly identical!
WARNING: Sequences MT192772.1 and MT192773.1 are exactly identical!
WARNING: Duplicate sequences found: 19

NOTE: Reduced alignment (with duplicates and gap-only sites/taxa removed) 
NOTE: was saved to: /home/hikoyu/analysis/Genome/SARS-CoV-2/phylogeny/RAxML-NG/DNA/part/sep/SARS-CoV-2_200320.raxml.reduced.phy

NOTE: The corresponding reduced partition file was saved to:
/home/hikoyu/analysis/Genome/SARS-CoV-2/phylogeny/RAxML-NG/DNA/part/sep/SARS-CoV-2_200320.raxml.reduced.partition

Alignment comprises 33 partitions and 772 patterns

Partition 0: orf1ab_U_p1
Model: TIM3+I+B
Alignment sites / patterns: 4405 / 60
Gaps: 0.10 %
Invariant sites: 95.28 %

Partition 1: orf1ab_U_p2
Model: HKY+FO+I+B
Alignment sites / patterns: 4405 / 64
Gaps: 0.10 %
Invariant sites: 96.82 %

Partition 2: orf1ab_U_p3
Model: TN93+FO+G4m+B
Alignment sites / patterns: 4405 / 85
Gaps: 0.10 %
Invariant sites: 73.96 %

Partition 3: orf1ab_D_p1
Model: TN93+FO+I+B
Alignment sites / patterns: 2697 / 35
Gaps: 0.04 %
Invariant sites: 93.33 %

Partition 4: orf1ab_D_p2
Model: HKY+FO+I+G4m+B
Alignment sites / patterns: 2697 / 33
Gaps: 0.04 %
Invariant sites: 98.07 %

Partition 5: orf1ab_D_p3
Model: TPM3uf+FO+G4m+B
Alignment sites / patterns: 2697 / 59
Gaps: 0.04 %
Invariant sites: 62.51 %

Partition 6: S_p1
Model: TN93+FO+I+B
Alignment sites / patterns: 1274 / 43
Gaps: 0.04 %
Invariant sites: 83.05 %

Partition 7: S_p2
Model: F81+FO+B
Alignment sites / patterns: 1274 / 39
Gaps: 0.04 %
Invariant sites: 90.19 %

Partition 8: S_p3
Model: HKY+FO+I+B
Alignment sites / patterns: 1274 / 69
Gaps: 0.04 %
Invariant sites: 50.24 %

Partition 9: ORF3a_p1
Model: JC+G4m+B
Alignment sites / patterns: 276 / 20
Gaps: 0.00 %
Invariant sites: 90.58 %

Partition 10: ORF3a_p2
Model: JC+I+G4m+B
Alignment sites / patterns: 276 / 14
Gaps: 0.00 %
Invariant sites: 95.65 %

Partition 11: ORF3a_p3
Model: HKY+FO+I+B
Alignment sites / patterns: 276 / 22
Gaps: 0.00 %
Invariant sites: 70.65 %

Partition 12: E_p1
Model: JC+B
Alignment sites / patterns: 76 / 5
Gaps: 0.00 %
Invariant sites: 98.68 %

Partition 13: E_p2
Model: JC+B
Alignment sites / patterns: 76 / 5
Gaps: 0.00 %
Invariant sites: 98.68 %

Partition 14: E_p3
Model: JC+B
Alignment sites / patterns: 76 / 6
Gaps: 0.00 %
Invariant sites: 97.37 %

Partition 15: M_p1
Model: TN93ef+B
Alignment sites / patterns: 223 / 9
Gaps: 0.01 %
Invariant sites: 95.52 %

Partition 16: M_p2
Model: JC+I+B
Alignment sites / patterns: 223 / 7
Gaps: 0.01 %
Invariant sites: 99.10 %

Partition 17: M_p3
Model: K80+I+B
Alignment sites / patterns: 223 / 28
Gaps: 0.01 %
Invariant sites: 78.03 %

Partition 18: ORF6_p1
Model: JC+B
Alignment sites / patterns: 62 / 6
Gaps: 0.00 %
Invariant sites: 95.16 %

Partition 19: ORF6_p2
Model: JC+B
Alignment sites / patterns: 62 / 6
Gaps: 0.00 %
Invariant sites: 96.77 %

Partition 20: ORF6_p3
Model: JC+B
Alignment sites / patterns: 62 / 9
Gaps: 0.00 %
Invariant sites: 88.71 %

Partition 21: ORF7a_p1
Model: K80+B
Alignment sites / patterns: 122 / 11
Gaps: 0.00 %
Invariant sites: 90.98 %

Partition 22: ORF7a_p2
Model: K80+B
Alignment sites / patterns: 122 / 10
Gaps: 0.00 %
Invariant sites: 92.62 %

Partition 23: ORF7a_p3
Model: HKY+FO+I+B
Alignment sites / patterns: 122 / 16
Gaps: 0.00 %
Invariant sites: 78.69 %

Partition 24: ORF8_p1
Model: JC+I+B
Alignment sites / patterns: 122 / 12
Gaps: 0.00 %
Invariant sites: 93.44 %

Partition 25: ORF8_p2
Model: K80+I+G4m+B
Alignment sites / patterns: 122 / 9
Gaps: 0.00 %
Invariant sites: 95.90 %

Partition 26: ORF8_p3
Model: HKY+FO+B
Alignment sites / patterns: 122 / 16
Gaps: 0.00 %
Invariant sites: 69.67 %

Partition 27: N_p1
Model: K80+I+B
Alignment sites / patterns: 420 / 15
Gaps: 0.00 %
Invariant sites: 95.24 %

Partition 28: N_p2
Model: F81+FO+B
Alignment sites / patterns: 420 / 15
Gaps: 0.00 %
Invariant sites: 96.19 %

Partition 29: N_p3
Model: HKY+FO+G4m+B
Alignment sites / patterns: 420 / 29
Gaps: 0.00 %
Invariant sites: 76.67 %

Partition 30: ORF10_p1
Model: JC+B
Alignment sites / patterns: 39 / 6
Gaps: 0.00 %
Invariant sites: 94.87 %

Partition 31: ORF10_p2
Model: JC+B
Alignment sites / patterns: 39 / 4
Gaps: 0.00 %
Invariant sites: 100.00 %

Partition 32: ORF10_p3
Model: JC+B
Alignment sites / patterns: 39 / 5
Gaps: 0.00 %
Invariant sites: 97.44 %


NOTE: Binary MSA file created: phylogeny/RAxML-NG/DNA/part/sep/SARS-CoV-2_200320.raxml.rba

* Estimated memory requirements                : 8 MB

* Recommended number of threads / MPI processes: 2

Please note that numbers given above are rough estimates only. 
Actual memory consumption and parallel performance on your system may differ!

Alignment can be successfully read by RAxML-NG.


Execution log saved to: /home/hikoyu/analysis/Genome/SARS-CoV-2/phylogeny/RAxML-NG/DNA/part/sep/SARS-CoV-2_200320.raxml.log

Analysis started: 22-Mar-2020 03:21:53 / finished: 22-Mar-2020 03:21:53

Elapsed time: 0.097 seconds

