
RAxML-NG v. 0.9.0 released on 20.05.2019 by The Exelixis Lab.
Developed by: Alexey M. Kozlov and Alexandros Stamatakis.
Contributors: Diego Darriba, Tomas Flouri, Benoit Morel, Sarah Lutteropp, Ben Bettisworth.
Latest version: https://github.com/amkozlov/raxml-ng
Questions/problems/suggestions? Please visit: https://groups.google.com/forum/#!forum/raxml

RAxML-NG was called at 19-Mar-2020 11:26:18 as follows:

raxml-ng --threads 1 --bootstrap --bs-trees 84 --seed 4089608 --prefix phylogeny/RAxML-NG/DNA/part/sep/SARS-CoV-2_200318.2 --msa phylogeny/RAxML-NG/DNA/part/sep/SARS-CoV-2_200318.raxml.rba --outgroup MG772933.1

Analysis options:
  run mode: Bootstrapping
  start tree(s): 
  bootstrap replicates: 84
  random seed: 4089608
  tip-inner: OFF
  pattern compression: ON
  per-rate scalers: OFF
  site repeats: ON
  branch lengths: proportional (ML estimate, algorithm: NR-FAST)
  SIMD kernels: AVX2
  parallelization: NONE/sequential

[00:00:00] Loading binary alignment from file: phylogeny/RAxML-NG/DNA/part/sep/SARS-CoV-2_200318.raxml.rba
[00:00:00] Alignment comprises 74 taxa, 33 partitions and 767 patterns

Partition 0: orf1ab_U_p1
Model: TIM3+I+B
Alignment sites / patterns: 4405 / 59
Gaps: 0.10 %
Invariant sites: 95.30 %

Partition 1: orf1ab_U_p2
Model: HKY+FO+I+B
Alignment sites / patterns: 4405 / 64
Gaps: 0.10 %
Invariant sites: 96.82 %

Partition 2: orf1ab_U_p3
Model: TN93+FO+G4m+B
Alignment sites / patterns: 4405 / 84
Gaps: 0.10 %
Invariant sites: 73.94 %

Partition 3: orf1ab_D_p1
Model: TN93+FO+I+B
Alignment sites / patterns: 2697 / 34
Gaps: 0.04 %
Invariant sites: 93.36 %

Partition 4: orf1ab_D_p2
Model: HKY+FO+I+G4m+B
Alignment sites / patterns: 2697 / 32
Gaps: 0.04 %
Invariant sites: 98.11 %

Partition 5: orf1ab_D_p3
Model: TPM3uf+FO+G4m+B
Alignment sites / patterns: 2697 / 59
Gaps: 0.04 %
Invariant sites: 62.51 %

Partition 6: S_p1
Model: TN93+FO+I+B
Alignment sites / patterns: 1274 / 43
Gaps: 0.05 %
Invariant sites: 83.05 %

Partition 7: S_p2
Model: F81+FO+B
Alignment sites / patterns: 1274 / 38
Gaps: 0.05 %
Invariant sites: 90.27 %

Partition 8: S_p3
Model: HKY+FO+I+B
Alignment sites / patterns: 1274 / 69
Gaps: 0.05 %
Invariant sites: 50.24 %

Partition 9: ORF3a_p1
Model: JC+I+B
Alignment sites / patterns: 276 / 20
Gaps: 0.00 %
Invariant sites: 90.58 %

Partition 10: ORF3a_p2
Model: JC+I+G4m+B
Alignment sites / patterns: 276 / 14
Gaps: 0.00 %
Invariant sites: 95.65 %

Partition 11: ORF3a_p3
Model: HKY+FO+I+B
Alignment sites / patterns: 276 / 22
Gaps: 0.00 %
Invariant sites: 70.65 %

Partition 12: E_p1
Model: JC+B
Alignment sites / patterns: 76 / 5
Gaps: 0.00 %
Invariant sites: 98.68 %

Partition 13: E_p2
Model: JC+B
Alignment sites / patterns: 76 / 5
Gaps: 0.00 %
Invariant sites: 98.68 %

Partition 14: E_p3
Model: JC+B
Alignment sites / patterns: 76 / 6
Gaps: 0.00 %
Invariant sites: 97.37 %

Partition 15: M_p1
Model: TN93ef+B
Alignment sites / patterns: 223 / 9
Gaps: 0.01 %
Invariant sites: 95.52 %

Partition 16: M_p2
Model: JC+I+B
Alignment sites / patterns: 223 / 7
Gaps: 0.01 %
Invariant sites: 99.10 %

Partition 17: M_p3
Model: K80+I+B
Alignment sites / patterns: 223 / 28
Gaps: 0.01 %
Invariant sites: 78.03 %

Partition 18: ORF6_p1
Model: JC+B
Alignment sites / patterns: 62 / 6
Gaps: 0.00 %
Invariant sites: 95.16 %

Partition 19: ORF6_p2
Model: JC+B
Alignment sites / patterns: 62 / 6
Gaps: 0.00 %
Invariant sites: 96.77 %

Partition 20: ORF6_p3
Model: JC+B
Alignment sites / patterns: 62 / 9
Gaps: 0.00 %
Invariant sites: 88.71 %

Partition 21: ORF7a_p1
Model: K80+B
Alignment sites / patterns: 122 / 11
Gaps: 0.00 %
Invariant sites: 90.98 %

Partition 22: ORF7a_p2
Model: K80+B
Alignment sites / patterns: 122 / 10
Gaps: 0.00 %
Invariant sites: 92.62 %

Partition 23: ORF7a_p3
Model: HKY+FO+I+B
Alignment sites / patterns: 122 / 16
Gaps: 0.00 %
Invariant sites: 78.69 %

Partition 24: ORF8_p1
Model: JC+I+B
Alignment sites / patterns: 122 / 12
Gaps: 0.00 %
Invariant sites: 93.44 %

Partition 25: ORF8_p2
Model: K80+I+G4m+B
Alignment sites / patterns: 122 / 9
Gaps: 0.00 %
Invariant sites: 95.90 %

Partition 26: ORF8_p3
Model: HKY+FO+B
Alignment sites / patterns: 122 / 16
Gaps: 0.00 %
Invariant sites: 69.67 %

Partition 27: N_p1
Model: JC+I+B
Alignment sites / patterns: 420 / 15
Gaps: 0.00 %
Invariant sites: 95.24 %

Partition 28: N_p2
Model: F81+FO+B
Alignment sites / patterns: 420 / 15
Gaps: 0.00 %
Invariant sites: 96.19 %

Partition 29: N_p3
Model: HKY+FO+G4m+B
Alignment sites / patterns: 420 / 29
Gaps: 0.00 %
Invariant sites: 76.67 %

Partition 30: ORF10_p1
Model: JC+B
Alignment sites / patterns: 39 / 6
Gaps: 0.00 %
Invariant sites: 94.87 %

Partition 31: ORF10_p2
Model: JC+B
Alignment sites / patterns: 39 / 4
Gaps: 0.00 %
Invariant sites: 100.00 %

Partition 32: ORF10_p3
Model: JC+B
Alignment sites / patterns: 39 / 5
Gaps: 0.00 %
Invariant sites: 97.44 %


[00:00:00] Data distribution: max. partitions/sites/weight per thread: 33 / 767 / 5792
[00:00:00] Starting bootstrapping analysis with 84 replicates.

[00:00:49] Bootstrap tree #1, logLikelihood: -55965.287502
[00:01:54] Bootstrap tree #2, logLikelihood: -55953.020727
[00:02:45] Bootstrap tree #3, logLikelihood: -56157.073614
[00:03:41] Bootstrap tree #4, logLikelihood: -56000.193883
[00:04:38] Bootstrap tree #5, logLikelihood: -56029.929926
[00:05:28] Bootstrap tree #6, logLikelihood: -56138.147401
[00:06:24] Bootstrap tree #7, logLikelihood: -55800.265648
[00:07:40] Bootstrap tree #8, logLikelihood: -56095.493065
[00:08:34] Bootstrap tree #9, logLikelihood: -55886.321826
[00:09:25] Bootstrap tree #10, logLikelihood: -56300.812194
[00:10:22] Bootstrap tree #11, logLikelihood: -56003.954984
[00:11:22] Bootstrap tree #12, logLikelihood: -55901.926298
[00:12:15] Bootstrap tree #13, logLikelihood: -55897.038907
[00:13:12] Bootstrap tree #14, logLikelihood: -56224.066837
[00:14:12] Bootstrap tree #15, logLikelihood: -56250.615586
[00:15:07] Bootstrap tree #16, logLikelihood: -55551.865490
[00:16:17] Bootstrap tree #17, logLikelihood: -55807.338003
[00:17:19] Bootstrap tree #18, logLikelihood: -55834.420029
[00:18:11] Bootstrap tree #19, logLikelihood: -56167.211822
[00:20:07] Bootstrap tree #20, logLikelihood: -56020.185757
[00:21:30] Bootstrap tree #21, logLikelihood: -56076.301686
[00:22:22] Bootstrap tree #22, logLikelihood: -55751.201854
[00:23:18] Bootstrap tree #23, logLikelihood: -55787.200372
[00:24:22] Bootstrap tree #24, logLikelihood: -56052.838007
[00:25:15] Bootstrap tree #25, logLikelihood: -56158.077347
[00:26:30] Bootstrap tree #26, logLikelihood: -56144.785470
[00:27:29] Bootstrap tree #27, logLikelihood: -55922.903093
[00:28:29] Bootstrap tree #28, logLikelihood: -55925.305874
[00:29:20] Bootstrap tree #29, logLikelihood: -56335.894889
[00:30:54] Bootstrap tree #30, logLikelihood: -56053.004984
[00:32:20] Bootstrap tree #31, logLikelihood: -55969.004244
[00:33:19] Bootstrap tree #32, logLikelihood: -55567.221415
[00:34:40] Bootstrap tree #33, logLikelihood: -56135.647121
[00:35:35] Bootstrap tree #34, logLikelihood: -55693.083194
[00:36:35] Bootstrap tree #35, logLikelihood: -55818.123741
[00:37:38] Bootstrap tree #36, logLikelihood: -56179.207278
[00:38:36] Bootstrap tree #37, logLikelihood: -55771.989021
[00:39:32] Bootstrap tree #38, logLikelihood: -55601.169315
[00:40:35] Bootstrap tree #39, logLikelihood: -55905.447386
[00:41:49] Bootstrap tree #40, logLikelihood: -55923.440867
[00:42:49] Bootstrap tree #41, logLikelihood: -55809.694581
[00:43:49] Bootstrap tree #42, logLikelihood: -56234.002780
[00:44:42] Bootstrap tree #43, logLikelihood: -55859.156441
[00:46:05] Bootstrap tree #44, logLikelihood: -55706.367910
[00:47:07] Bootstrap tree #45, logLikelihood: -55931.736558
[00:48:04] Bootstrap tree #46, logLikelihood: -56172.993611
[00:49:06] Bootstrap tree #47, logLikelihood: -55669.827204
[00:50:32] Bootstrap tree #48, logLikelihood: -55831.583270
[00:51:34] Bootstrap tree #49, logLikelihood: -56205.546201
[00:52:40] Bootstrap tree #50, logLikelihood: -55990.571138
[00:53:58] Bootstrap tree #51, logLikelihood: -56013.924540
[00:55:18] Bootstrap tree #52, logLikelihood: -56072.772316
[00:56:20] Bootstrap tree #53, logLikelihood: -55950.626757
[00:57:22] Bootstrap tree #54, logLikelihood: -55703.557634
[00:58:22] Bootstrap tree #55, logLikelihood: -55863.829868
[01:00:03] Bootstrap tree #56, logLikelihood: -55814.503177
[01:01:16] Bootstrap tree #57, logLikelihood: -55989.412267
[01:02:12] Bootstrap tree #58, logLikelihood: -56047.107673
[01:03:12] Bootstrap tree #59, logLikelihood: -55941.768608
[01:04:26] Bootstrap tree #60, logLikelihood: -55941.181122
[01:05:28] Bootstrap tree #61, logLikelihood: -56003.823972
[01:06:30] Bootstrap tree #62, logLikelihood: -56147.798435
[01:07:26] Bootstrap tree #63, logLikelihood: -55567.740645
[01:08:21] Bootstrap tree #64, logLikelihood: -56313.870528
[01:09:30] Bootstrap tree #65, logLikelihood: -55950.498881
[01:10:30] Bootstrap tree #66, logLikelihood: -55552.281491
[01:11:30] Bootstrap tree #67, logLikelihood: -55728.326684
[01:12:25] Bootstrap tree #68, logLikelihood: -56048.375922
[01:13:23] Bootstrap tree #69, logLikelihood: -55620.239076
[01:14:28] Bootstrap tree #70, logLikelihood: -55409.260804
[01:15:30] Bootstrap tree #71, logLikelihood: -55772.687378
[01:16:27] Bootstrap tree #72, logLikelihood: -56041.840712
[01:17:27] Bootstrap tree #73, logLikelihood: -56156.208206
[01:18:47] Bootstrap tree #74, logLikelihood: -55851.289938
[01:19:57] Bootstrap tree #75, logLikelihood: -56107.090802
[01:21:07] Bootstrap tree #76, logLikelihood: -56296.942095
[01:22:19] Bootstrap tree #77, logLikelihood: -55635.373824
[01:23:22] Bootstrap tree #78, logLikelihood: -55789.525542
[01:24:31] Bootstrap tree #79, logLikelihood: -56056.445552
[01:25:28] Bootstrap tree #80, logLikelihood: -56256.422363
[01:26:29] Bootstrap tree #81, logLikelihood: -55951.516239
[01:27:37] Bootstrap tree #82, logLikelihood: -55579.124449
[01:28:41] Bootstrap tree #83, logLikelihood: -55843.510634
[01:30:29] Bootstrap tree #84, logLikelihood: -55949.752390

Bootstrap trees saved to: /home/hikoyu/analysis/Genome/SARS-CoV-2/phylogeny/RAxML-NG/DNA/part/sep/SARS-CoV-2_200318.2.raxml.bootstraps

Execution log saved to: /home/hikoyu/analysis/Genome/SARS-CoV-2/phylogeny/RAxML-NG/DNA/part/sep/SARS-CoV-2_200318.2.raxml.log

Analysis started: 19-Mar-2020 11:26:18 / finished: 19-Mar-2020 12:56:48

Elapsed time: 5429.829 seconds

