
RAxML-NG v. 0.9.0 released on 20.05.2019 by The Exelixis Lab.
Developed by: Alexey M. Kozlov and Alexandros Stamatakis.
Contributors: Diego Darriba, Tomas Flouri, Benoit Morel, Sarah Lutteropp, Ben Bettisworth.
Latest version: https://github.com/amkozlov/raxml-ng
Questions/problems/suggestions? Please visit: https://groups.google.com/forum/#!forum/raxml

RAxML-NG was called at 12-Apr-2020 03:51:41 as follows:

raxml-ng --threads 1 --search --tree rand{9},pars{9} --seed 3520284572 --prefix phylogeny/RAxML-NG/DNA/part/sep/SARS-CoV-2_200407.1 --msa phylogeny/RAxML-NG/DNA/part/sep/SARS-CoV-2_200407.raxml.rba --outgroup MG772933.1

Analysis options:
  run mode: ML tree search
  start tree(s): random (9) + parsimony (9)
  random seed: 3520284572
  tip-inner: OFF
  pattern compression: ON
  per-rate scalers: OFF
  site repeats: ON
  fast spr radius: AUTO
  spr subtree cutoff: 1.000000
  branch lengths: proportional (ML estimate, algorithm: NR-FAST)
  SIMD kernels: AVX2
  parallelization: NONE/sequential

[00:00:00] Loading binary alignment from file: phylogeny/RAxML-NG/DNA/part/sep/SARS-CoV-2_200407.raxml.rba
[00:00:00] Alignment comprises 285 taxa, 33 partitions and 1014 patterns

Partition 0: orf1ab_U_p1
Model: TN93+FO+I+B
Alignment sites / patterns: 4404 / 86
Gaps: 0.07 %
Invariant sites: 94.73 %

Partition 1: orf1ab_U_p2
Model: TN93+FO+I+G4m+B
Alignment sites / patterns: 4404 / 102
Gaps: 0.07 %
Invariant sites: 96.25 %

Partition 2: orf1ab_U_p3
Model: TN93+FO+I+G4m+B
Alignment sites / patterns: 4404 / 127
Gaps: 0.07 %
Invariant sites: 73.41 %

Partition 3: orf1ab_D_p1
Model: TIM1+I+B
Alignment sites / patterns: 2697 / 54
Gaps: 0.04 %
Invariant sites: 92.81 %

Partition 4: orf1ab_D_p2
Model: TIM1+I+G4m+B
Alignment sites / patterns: 2697 / 45
Gaps: 0.04 %
Invariant sites: 97.78 %

Partition 5: orf1ab_D_p3
Model: GTR+FO+I+G4m+B
Alignment sites / patterns: 2697 / 86
Gaps: 0.04 %
Invariant sites: 62.22 %

Partition 6: S_p1
Model: TN93+FO+G4m+B
Alignment sites / patterns: 1274 / 51
Gaps: 0.01 %
Invariant sites: 82.50 %

Partition 7: S_p2
Model: TN93+FO+I+G4m+B
Alignment sites / patterns: 1274 / 44
Gaps: 0.01 %
Invariant sites: 90.35 %

Partition 8: S_p3
Model: HKY+FO+I+B
Alignment sites / patterns: 1274 / 86
Gaps: 0.01 %
Invariant sites: 49.92 %

Partition 9: ORF3a_p1
Model: JC+I+B
Alignment sites / patterns: 276 / 21
Gaps: 0.00 %
Invariant sites: 90.22 %

Partition 10: ORF3a_p2
Model: JC+I+G4m+B
Alignment sites / patterns: 276 / 19
Gaps: 0.00 %
Invariant sites: 93.84 %

Partition 11: ORF3a_p3
Model: TVM+FO+I+G4m+B
Alignment sites / patterns: 276 / 25
Gaps: 0.00 %
Invariant sites: 70.65 %

Partition 12: E_p1
Model: JC+B
Alignment sites / patterns: 76 / 6
Gaps: 0.00 %
Invariant sites: 97.37 %

Partition 13: E_p2
Model: JC+B
Alignment sites / patterns: 76 / 5
Gaps: 0.00 %
Invariant sites: 98.68 %

Partition 14: E_p3
Model: JC+B
Alignment sites / patterns: 76 / 7
Gaps: 0.00 %
Invariant sites: 96.05 %

Partition 15: M_p1
Model: K80+I+B
Alignment sites / patterns: 223 / 10
Gaps: 0.00 %
Invariant sites: 95.52 %

Partition 16: M_p2
Model: JC+B
Alignment sites / patterns: 223 / 9
Gaps: 0.00 %
Invariant sites: 98.21 %

Partition 17: M_p3
Model: K80+G4m+B
Alignment sites / patterns: 223 / 29
Gaps: 0.00 %
Invariant sites: 77.58 %

Partition 18: ORF6_p1
Model: JC+B
Alignment sites / patterns: 62 / 7
Gaps: 0.00 %
Invariant sites: 93.55 %

Partition 19: ORF6_p2
Model: JC+B
Alignment sites / patterns: 62 / 6
Gaps: 0.00 %
Invariant sites: 96.77 %

Partition 20: ORF6_p3
Model: TN93ef+G4m+B
Alignment sites / patterns: 62 / 12
Gaps: 0.00 %
Invariant sites: 83.87 %

Partition 21: ORF7a_p1
Model: K80+B
Alignment sites / patterns: 122 / 11
Gaps: 0.00 %
Invariant sites: 90.98 %

Partition 22: ORF7a_p2
Model: K80+B
Alignment sites / patterns: 122 / 12
Gaps: 0.00 %
Invariant sites: 90.98 %

Partition 23: ORF7a_p3
Model: HKY+FO+I+B
Alignment sites / patterns: 122 / 17
Gaps: 0.00 %
Invariant sites: 77.87 %

Partition 24: ORF8_p1
Model: JC+I+B
Alignment sites / patterns: 122 / 13
Gaps: 0.00 %
Invariant sites: 92.62 %

Partition 25: ORF8_p2
Model: TPM3uf+FO+I+G4m+B
Alignment sites / patterns: 122 / 11
Gaps: 0.00 %
Invariant sites: 94.26 %

Partition 26: ORF8_p3
Model: HKY+FO+B
Alignment sites / patterns: 122 / 17
Gaps: 0.00 %
Invariant sites: 68.85 %

Partition 27: N_p1
Model: F81+FO+I+G4m+B
Alignment sites / patterns: 420 / 19
Gaps: 0.00 %
Invariant sites: 94.29 %

Partition 28: N_p2
Model: HKY+FO+I+G4m+B
Alignment sites / patterns: 420 / 20
Gaps: 0.00 %
Invariant sites: 95.24 %

Partition 29: N_p3
Model: HKY+FO+G4m+B
Alignment sites / patterns: 420 / 40
Gaps: 0.00 %
Invariant sites: 74.76 %

Partition 30: ORF10_p1
Model: JC+B
Alignment sites / patterns: 39 / 8
Gaps: 0.00 %
Invariant sites: 89.74 %

Partition 31: ORF10_p2
Model: JC+B
Alignment sites / patterns: 39 / 4
Gaps: 0.00 %
Invariant sites: 100.00 %

Partition 32: ORF10_p3
Model: JC+B
Alignment sites / patterns: 39 / 5
Gaps: 0.00 %
Invariant sites: 97.44 %


[00:00:00] Generating 9 random starting tree(s) with 285 taxa
[00:00:00] Generating 9 parsimony starting tree(s) with 285 taxa
[00:00:01] Data distribution: max. partitions/sites/weight per thread: 33 / 1014 / 11616

Starting ML tree search with 18 distinct starting trees

[00:00:01 -297616.153483] Initial branch length optimization
[00:00:03 -70171.438951] Model parameter optimization (eps = 10.000000)
[00:00:59 -63236.183836] AUTODETECT spr round 1 (radius: 5)
[00:01:17 -61197.078923] AUTODETECT spr round 2 (radius: 10)
[00:01:43 -60273.985890] AUTODETECT spr round 3 (radius: 15)
[00:02:15 -59883.690735] AUTODETECT spr round 4 (radius: 20)
[00:02:52 -59690.681760] AUTODETECT spr round 5 (radius: 25)
[00:03:28 -59607.947645] SPR radius for FAST iterations: 25 (autodetect)
[00:03:28 -59607.947645] Model parameter optimization (eps = 3.000000)
[00:04:37 -59189.399155] FAST spr round 1 (radius: 25)
[00:05:58 -58713.002157] FAST spr round 2 (radius: 25)
[00:06:51 -58677.034055] FAST spr round 3 (radius: 25)
[00:07:31 -58677.032864] Model parameter optimization (eps = 1.000000)
[00:07:56 -58657.154284] SLOW spr round 1 (radius: 5)
[00:08:35 -58657.114877] SLOW spr round 2 (radius: 10)
[00:09:21 -58657.111662] SLOW spr round 3 (radius: 15)
[00:10:08 -58656.576692] SLOW spr round 4 (radius: 5)
[00:10:51 -58656.482852] SLOW spr round 5 (radius: 10)
[00:11:36 -58656.475518] SLOW spr round 6 (radius: 15)
[00:12:26 -58656.475516] SLOW spr round 7 (radius: 20)
[00:13:20 -58656.475509] SLOW spr round 8 (radius: 25)
[00:14:14 -58656.475509] Model parameter optimization (eps = 0.100000)

[00:14:45] ML tree search #1, logLikelihood: -58654.953399

[00:14:45 -297553.266991] Initial branch length optimization
[00:14:47 -70110.328910] Model parameter optimization (eps = 10.000000)
[00:15:41 -63266.692267] AUTODETECT spr round 1 (radius: 5)
[00:16:03 -61073.990362] AUTODETECT spr round 2 (radius: 10)
[00:16:34 -60240.589793] AUTODETECT spr round 3 (radius: 15)
[00:17:15 -59793.435196] AUTODETECT spr round 4 (radius: 20)
[00:17:54 -59630.009507] AUTODETECT spr round 5 (radius: 25)
[00:18:40 -59605.840559] SPR radius for FAST iterations: 25 (autodetect)
[00:18:40 -59605.840559] Model parameter optimization (eps = 3.000000)
[00:19:33 -59201.547232] FAST spr round 1 (radius: 25)
[00:21:04 -58764.161448] FAST spr round 2 (radius: 25)
[00:22:08 -58664.601828] FAST spr round 3 (radius: 25)
[00:22:58 -58664.547969] Model parameter optimization (eps = 1.000000)
[00:23:38 -58606.530852] SLOW spr round 1 (radius: 5)
[00:24:20 -58605.821273] SLOW spr round 2 (radius: 5)
[00:24:58 -58605.795518] SLOW spr round 3 (radius: 10)
[00:25:43 -58605.309807] SLOW spr round 4 (radius: 5)
[00:26:20 -58605.309079] SLOW spr round 5 (radius: 10)
[00:27:05 -58605.309079] SLOW spr round 6 (radius: 15)
[00:27:53 -58605.309079] SLOW spr round 7 (radius: 20)
[00:28:47 -58605.309079] SLOW spr round 8 (radius: 25)
[00:29:41 -58605.308909] Model parameter optimization (eps = 0.100000)

[00:30:08] ML tree search #2, logLikelihood: -58603.348393

[00:30:08 -297585.882662] Initial branch length optimization
[00:30:09 -70208.726216] Model parameter optimization (eps = 10.000000)
[00:31:10 -63290.950568] AUTODETECT spr round 1 (radius: 5)
[00:31:32 -61011.516876] AUTODETECT spr round 2 (radius: 10)
[00:32:01 -60222.253703] AUTODETECT spr round 3 (radius: 15)
[00:32:37 -59806.573234] AUTODETECT spr round 4 (radius: 20)
[00:33:18 -59540.988318] AUTODETECT spr round 5 (radius: 25)
[00:33:57 -59535.146831] SPR radius for FAST iterations: 25 (autodetect)
[00:33:57 -59535.146831] Model parameter optimization (eps = 3.000000)
[00:34:51 -59114.528765] FAST spr round 1 (radius: 25)
[00:36:16 -58681.897627] FAST spr round 2 (radius: 25)
[00:37:11 -58663.672177] FAST spr round 3 (radius: 25)
[00:37:53 -58663.635678] Model parameter optimization (eps = 1.000000)
[00:38:37 -58606.492293] SLOW spr round 1 (radius: 5)
[00:39:16 -58606.464288] SLOW spr round 2 (radius: 10)
[00:39:59 -58605.777452] SLOW spr round 3 (radius: 5)
[00:40:38 -58605.752835] SLOW spr round 4 (radius: 10)
[00:41:20 -58605.752729] SLOW spr round 5 (radius: 15)
[00:42:04 -58605.752726] SLOW spr round 6 (radius: 20)
[00:42:55 -58605.752725] SLOW spr round 7 (radius: 25)
[00:43:45 -58605.752725] Model parameter optimization (eps = 0.100000)

[00:44:11] ML tree search #3, logLikelihood: -58603.731959

[00:44:11 -297573.637018] Initial branch length optimization
[00:44:13 -70150.797998] Model parameter optimization (eps = 10.000000)
[00:45:08 -63297.126514] AUTODETECT spr round 1 (radius: 5)
[00:45:31 -61049.623057] AUTODETECT spr round 2 (radius: 10)
[00:46:01 -60246.911108] AUTODETECT spr round 3 (radius: 15)
[00:46:40 -59786.200090] AUTODETECT spr round 4 (radius: 20)
[00:47:19 -59594.571774] AUTODETECT spr round 5 (radius: 25)
[00:47:59 -59580.011751] SPR radius for FAST iterations: 25 (autodetect)
[00:47:59 -59580.011751] Model parameter optimization (eps = 3.000000)
[00:49:05 -59101.805993] FAST spr round 1 (radius: 25)
[00:50:28 -58625.861914] FAST spr round 2 (radius: 25)
[00:51:23 -58625.804936] Model parameter optimization (eps = 1.000000)
[00:51:53 -58605.490332] SLOW spr round 1 (radius: 5)
[00:52:39 -58605.454965] SLOW spr round 2 (radius: 10)
[00:53:27 -58605.454425] SLOW spr round 3 (radius: 15)
[00:54:18 -58605.454409] SLOW spr round 4 (radius: 20)
[00:55:12 -58605.090889] SLOW spr round 5 (radius: 5)
[00:55:59 -58605.066163] SLOW spr round 6 (radius: 10)
[00:56:47 -58605.066104] SLOW spr round 7 (radius: 15)
[00:57:35 -58605.066102] SLOW spr round 8 (radius: 20)
[00:58:29 -58605.066102] SLOW spr round 9 (radius: 25)
[00:59:19 -58605.066102] Model parameter optimization (eps = 0.100000)

[00:59:47] ML tree search #4, logLikelihood: -58603.420034

[00:59:47 -297583.386684] Initial branch length optimization
[00:59:49 -70052.770980] Model parameter optimization (eps = 10.000000)
[01:00:43 -63190.855466] AUTODETECT spr round 1 (radius: 5)
[01:01:07 -61179.373166] AUTODETECT spr round 2 (radius: 10)
[01:01:37 -60449.486024] AUTODETECT spr round 3 (radius: 15)
[01:02:13 -59859.832277] AUTODETECT spr round 4 (radius: 20)
[01:02:55 -59444.400012] AUTODETECT spr round 5 (radius: 25)
[01:03:37 -59399.483997] SPR radius for FAST iterations: 25 (autodetect)
[01:03:37 -59399.483997] Model parameter optimization (eps = 3.000000)
[01:04:25 -59005.709826] FAST spr round 1 (radius: 25)
[01:05:47 -58725.254428] FAST spr round 2 (radius: 25)
[01:06:42 -58703.500683] FAST spr round 3 (radius: 25)
[01:07:28 -58701.319652] FAST spr round 4 (radius: 25)
[01:08:07 -58701.318638] Model parameter optimization (eps = 1.000000)
[01:08:41 -58658.485149] SLOW spr round 1 (radius: 5)
[01:09:21 -58658.386055] SLOW spr round 2 (radius: 10)
[01:10:14 -58658.163458] SLOW spr round 3 (radius: 5)
[01:10:56 -58658.159189] SLOW spr round 4 (radius: 10)
[01:11:46 -58657.606270] SLOW spr round 5 (radius: 5)
[01:12:27 -58657.533813] SLOW spr round 6 (radius: 10)
[01:13:18 -58657.533390] SLOW spr round 7 (radius: 15)
[01:14:12 -58657.532978] SLOW spr round 8 (radius: 20)
[01:15:08 -58656.648030] SLOW spr round 9 (radius: 5)
[01:15:56 -58656.566566] SLOW spr round 10 (radius: 10)
[01:16:57 -58656.562075] SLOW spr round 11 (radius: 15)
[01:18:00 -58656.561400] SLOW spr round 12 (radius: 20)
[01:19:01 -58656.561397] SLOW spr round 13 (radius: 25)
[01:19:52 -58656.561397] Model parameter optimization (eps = 0.100000)

[01:20:23] ML tree search #5, logLikelihood: -58653.805940

[01:20:23 -297542.090376] Initial branch length optimization
[01:20:24 -69964.608632] Model parameter optimization (eps = 10.000000)
[01:21:26 -63158.027012] AUTODETECT spr round 1 (radius: 5)
[01:21:50 -61105.638430] AUTODETECT spr round 2 (radius: 10)
[01:22:19 -60116.527697] AUTODETECT spr round 3 (radius: 15)
[01:22:58 -59595.704306] AUTODETECT spr round 4 (radius: 20)
[01:23:35 -59427.936699] AUTODETECT spr round 5 (radius: 25)
[01:24:23 -59388.086950] SPR radius for FAST iterations: 25 (autodetect)
[01:24:23 -59388.086950] Model parameter optimization (eps = 3.000000)
[01:25:19 -58955.131255] FAST spr round 1 (radius: 25)
[01:26:32 -58677.905636] FAST spr round 2 (radius: 25)
[01:27:23 -58671.122843] FAST spr round 3 (radius: 25)
[01:28:04 -58671.120443] Model parameter optimization (eps = 1.000000)
[01:28:28 -58657.334849] SLOW spr round 1 (radius: 5)
[01:29:07 -58657.305779] SLOW spr round 2 (radius: 10)
[01:29:54 -58657.302959] SLOW spr round 3 (radius: 15)
[01:30:49 -58657.302935] SLOW spr round 4 (radius: 20)
[01:31:47 -58656.437050] SLOW spr round 5 (radius: 5)
[01:32:33 -58656.345742] SLOW spr round 6 (radius: 10)
[01:33:26 -58656.338522] SLOW spr round 7 (radius: 15)
[01:34:18 -58656.338266] SLOW spr round 8 (radius: 20)
[01:35:20 -58656.338266] SLOW spr round 9 (radius: 25)
[01:36:19 -58656.338266] Model parameter optimization (eps = 0.100000)

[01:36:50] ML tree search #6, logLikelihood: -58653.818337

[01:36:50 -297493.398829] Initial branch length optimization
[01:36:52 -69925.959788] Model parameter optimization (eps = 10.000000)
[01:37:47 -63183.730214] AUTODETECT spr round 1 (radius: 5)
[01:38:11 -61271.147451] AUTODETECT spr round 2 (radius: 10)
[01:38:43 -60269.914138] AUTODETECT spr round 3 (radius: 15)
[01:39:21 -59590.907173] AUTODETECT spr round 4 (radius: 20)
[01:40:03 -59410.081308] AUTODETECT spr round 5 (radius: 25)
[01:40:48 -59386.660633] SPR radius for FAST iterations: 25 (autodetect)
[01:40:48 -59386.660633] Model parameter optimization (eps = 3.000000)
[01:41:38 -59002.833401] FAST spr round 1 (radius: 25)
[01:42:56 -58809.510132] FAST spr round 2 (radius: 25)
[01:43:56 -58698.572416] FAST spr round 3 (radius: 25)
[01:44:43 -58698.549680] Model parameter optimization (eps = 1.000000)
[01:45:21 -58657.651288] SLOW spr round 1 (radius: 5)
[01:46:07 -58657.532466] SLOW spr round 2 (radius: 5)
[01:46:51 -58657.519753] SLOW spr round 3 (radius: 10)
[01:47:40 -58657.516706] SLOW spr round 4 (radius: 15)
[01:48:32 -58657.516697] SLOW spr round 5 (radius: 20)
[01:49:27 -58657.003467] SLOW spr round 6 (radius: 5)
[01:50:18 -58656.534410] SLOW spr round 7 (radius: 5)
[01:51:01 -58656.521992] SLOW spr round 8 (radius: 10)
[01:51:52 -58656.520560] SLOW spr round 9 (radius: 15)
[01:52:48 -58656.520558] SLOW spr round 10 (radius: 20)
[01:53:48 -58656.520558] SLOW spr round 11 (radius: 25)
[01:54:43 -58656.520558] Model parameter optimization (eps = 0.100000)

[01:55:13] ML tree search #7, logLikelihood: -58653.967681

[01:55:14 -297643.677818] Initial branch length optimization
[01:55:15 -70411.972835] Model parameter optimization (eps = 10.000000)
[01:56:13 -63380.698471] AUTODETECT spr round 1 (radius: 5)
[01:56:39 -61319.304275] AUTODETECT spr round 2 (radius: 10)
[01:57:10 -60350.062875] AUTODETECT spr round 3 (radius: 15)
[01:57:48 -59936.419652] AUTODETECT spr round 4 (radius: 20)
[01:58:29 -59707.953376] AUTODETECT spr round 5 (radius: 25)
[01:59:11 -59607.173225] SPR radius for FAST iterations: 25 (autodetect)
[01:59:11 -59607.173225] Model parameter optimization (eps = 3.000000)
[02:00:09 -59182.911387] FAST spr round 1 (radius: 25)
[02:01:36 -58674.920868] FAST spr round 2 (radius: 25)
[02:02:31 -58659.643768] FAST spr round 3 (radius: 25)
[02:03:17 -58659.643616] Model parameter optimization (eps = 1.000000)
[02:03:59 -58606.318054] SLOW spr round 1 (radius: 5)
[02:04:42 -58606.281268] SLOW spr round 2 (radius: 10)
[02:05:34 -58605.961140] SLOW spr round 3 (radius: 5)
[02:06:13 -58605.961011] SLOW spr round 4 (radius: 10)
[02:07:02 -58605.961007] SLOW spr round 5 (radius: 15)
[02:07:49 -58605.961007] SLOW spr round 6 (radius: 20)
[02:08:41 -58605.580418] SLOW spr round 7 (radius: 5)
[02:09:28 -58605.555789] SLOW spr round 8 (radius: 10)
[02:10:17 -58605.555722] SLOW spr round 9 (radius: 15)
[02:11:10 -58605.555720] SLOW spr round 10 (radius: 20)
[02:12:04 -58605.555720] SLOW spr round 11 (radius: 25)
[02:12:50 -58605.555720] Model parameter optimization (eps = 0.100000)

[02:13:17] ML tree search #8, logLikelihood: -58603.706516

[02:13:17 -297659.451895] Initial branch length optimization
[02:13:19 -70433.694661] Model parameter optimization (eps = 10.000000)
[02:14:17 -63389.184361] AUTODETECT spr round 1 (radius: 5)
[02:14:40 -60986.435221] AUTODETECT spr round 2 (radius: 10)
[02:15:09 -60165.765580] AUTODETECT spr round 3 (radius: 15)
[02:15:46 -59570.204426] AUTODETECT spr round 4 (radius: 20)
[02:16:29 -59467.212690] AUTODETECT spr round 5 (radius: 25)
[02:17:09 -59377.264062] SPR radius for FAST iterations: 25 (autodetect)
[02:17:09 -59377.264062] Model parameter optimization (eps = 3.000000)
[02:18:11 -58876.545249] FAST spr round 1 (radius: 25)
[02:19:31 -58622.122824] FAST spr round 2 (radius: 25)
[02:20:24 -58622.048396] Model parameter optimization (eps = 1.000000)
[02:20:51 -58605.325707] SLOW spr round 1 (radius: 5)
[02:21:32 -58605.299825] SLOW spr round 2 (radius: 10)
[02:22:18 -58605.299344] SLOW spr round 3 (radius: 15)
[02:23:07 -58605.299330] SLOW spr round 4 (radius: 20)
[02:24:08 -58605.299329] SLOW spr round 5 (radius: 25)
[02:25:08 -58604.935384] SLOW spr round 6 (radius: 5)
[02:25:59 -58604.910770] SLOW spr round 7 (radius: 10)
[02:26:51 -58604.910710] SLOW spr round 8 (radius: 15)
[02:27:42 -58604.910708] SLOW spr round 9 (radius: 20)
[02:28:43 -58604.910708] SLOW spr round 10 (radius: 25)
[02:29:44 -58604.910708] Model parameter optimization (eps = 0.100000)

[02:30:03] ML tree search #9, logLikelihood: -58603.465329

[02:30:03 -291934.445216] Initial branch length optimization
[02:30:05 -62069.013264] Model parameter optimization (eps = 10.000000)
[02:30:29 -58618.610326] AUTODETECT spr round 1 (radius: 5)
[02:30:52 -58608.586032] AUTODETECT spr round 2 (radius: 10)
[02:31:20 -58608.369684] AUTODETECT spr round 3 (radius: 15)
[02:31:53 -58608.363352] SPR radius for FAST iterations: 10 (autodetect)
[02:31:53 -58608.363352] Model parameter optimization (eps = 3.000000)
[02:31:58 -58607.028212] FAST spr round 1 (radius: 10)
[02:32:35 -58605.266692] FAST spr round 2 (radius: 10)
[02:33:09 -58605.242256] Model parameter optimization (eps = 1.000000)
[02:33:15 -58604.684454] SLOW spr round 1 (radius: 5)
[02:33:55 -58604.657651] SLOW spr round 2 (radius: 10)
[02:34:37 -58604.657396] SLOW spr round 3 (radius: 15)
[02:35:22 -58604.657396] SLOW spr round 4 (radius: 20)
[02:36:14 -58604.657396] SLOW spr round 5 (radius: 25)
[02:37:02 -58604.657396] Model parameter optimization (eps = 0.100000)

[02:37:19] ML tree search #10, logLikelihood: -58604.083064

[02:37:19 -291936.241734] Initial branch length optimization
[02:37:21 -62074.919920] Model parameter optimization (eps = 10.000000)
[02:37:45 -58626.646576] AUTODETECT spr round 1 (radius: 5)
[02:38:09 -58623.841770] AUTODETECT spr round 2 (radius: 10)
[02:38:36 -58618.848032] AUTODETECT spr round 3 (radius: 15)
[02:39:10 -58610.755753] AUTODETECT spr round 4 (radius: 20)
[02:39:51 -58610.755753] SPR radius for FAST iterations: 15 (autodetect)
[02:39:51 -58610.755753] Model parameter optimization (eps = 3.000000)
[02:39:56 -58609.430056] FAST spr round 1 (radius: 15)
[02:40:50 -58609.388922] Model parameter optimization (eps = 1.000000)
[02:40:55 -58608.850151] SLOW spr round 1 (radius: 5)
[02:41:42 -58608.821192] SLOW spr round 2 (radius: 10)
[02:42:30 -58608.820635] SLOW spr round 3 (radius: 15)
[02:43:19 -58608.820634] SLOW spr round 4 (radius: 20)
[02:44:13 -58608.820634] SLOW spr round 5 (radius: 25)
[02:45:05 -58604.980978] SLOW spr round 6 (radius: 5)
[02:45:53 -58604.957876] SLOW spr round 7 (radius: 10)
[02:46:44 -58604.948311] SLOW spr round 8 (radius: 15)
[02:47:35 -58604.948310] SLOW spr round 9 (radius: 20)
[02:48:32 -58604.948310] SLOW spr round 10 (radius: 25)
[02:49:25 -58604.948310] Model parameter optimization (eps = 0.100000)

[02:49:53] ML tree search #11, logLikelihood: -58603.771097

[02:49:53 -291935.587240] Initial branch length optimization
[02:49:54 -62071.070160] Model parameter optimization (eps = 10.000000)
[02:50:17 -58626.174652] AUTODETECT spr round 1 (radius: 5)
[02:50:41 -58624.301457] AUTODETECT spr round 2 (radius: 10)
[02:51:11 -58623.657324] AUTODETECT spr round 3 (radius: 15)
[02:51:48 -58619.563118] AUTODETECT spr round 4 (radius: 20)
[02:52:29 -58608.508163] AUTODETECT spr round 5 (radius: 25)
[02:53:09 -58607.889526] SPR radius for FAST iterations: 25 (autodetect)
[02:53:09 -58607.889526] Model parameter optimization (eps = 3.000000)
[02:53:16 -58605.523932] FAST spr round 1 (radius: 25)
[02:54:31 -58605.475380] Model parameter optimization (eps = 1.000000)
[02:54:36 -58604.721983] SLOW spr round 1 (radius: 5)
[02:55:23 -58604.686858] SLOW spr round 2 (radius: 10)
[02:56:09 -58604.686721] SLOW spr round 3 (radius: 15)
[02:56:53 -58604.686720] SLOW spr round 4 (radius: 20)
[02:57:46 -58604.686720] SLOW spr round 5 (radius: 25)
[02:58:37 -58604.686720] Model parameter optimization (eps = 0.100000)

[02:59:04] ML tree search #12, logLikelihood: -58603.696442

[02:59:05 -291933.066131] Initial branch length optimization
[02:59:06 -62058.271422] Model parameter optimization (eps = 10.000000)
[02:59:33 -58613.227819] AUTODETECT spr round 1 (radius: 5)
[02:59:55 -58611.702963] AUTODETECT spr round 2 (radius: 10)
[03:00:22 -58610.755078] AUTODETECT spr round 3 (radius: 15)
[03:00:56 -58610.748341] SPR radius for FAST iterations: 10 (autodetect)
[03:00:56 -58610.748341] Model parameter optimization (eps = 3.000000)
[03:01:02 -58609.453485] FAST spr round 1 (radius: 10)
[03:01:39 -58609.412340] Model parameter optimization (eps = 1.000000)
[03:01:44 -58608.876269] SLOW spr round 1 (radius: 5)
[03:02:30 -58608.845383] SLOW spr round 2 (radius: 10)
[03:03:17 -58608.830747] SLOW spr round 3 (radius: 15)
[03:04:07 -58608.830746] SLOW spr round 4 (radius: 20)
[03:04:56 -58608.830746] SLOW spr round 5 (radius: 25)
[03:05:46 -58604.982119] SLOW spr round 6 (radius: 5)
[03:06:36 -58604.958717] SLOW spr round 7 (radius: 10)
[03:07:27 -58604.958632] SLOW spr round 8 (radius: 15)
[03:08:16 -58604.958631] SLOW spr round 9 (radius: 20)
[03:09:06 -58604.958631] SLOW spr round 10 (radius: 25)
[03:09:57 -58604.958631] Model parameter optimization (eps = 0.100000)

[03:10:16] ML tree search #13, logLikelihood: -58604.126152

[03:10:16 -291933.543336] Initial branch length optimization
[03:10:18 -62059.523135] Model parameter optimization (eps = 10.000000)
[03:10:45 -58609.092484] AUTODETECT spr round 1 (radius: 5)
[03:11:09 -58607.168007] AUTODETECT spr round 2 (radius: 10)
[03:11:38 -58606.515738] AUTODETECT spr round 3 (radius: 15)
[03:12:14 -58606.510279] SPR radius for FAST iterations: 10 (autodetect)
[03:12:14 -58606.510279] Model parameter optimization (eps = 3.000000)
[03:12:19 -58605.200549] FAST spr round 1 (radius: 10)
[03:12:59 -58605.158021] Model parameter optimization (eps = 1.000000)
[03:13:03 -58604.626500] SLOW spr round 1 (radius: 5)
[03:13:52 -58604.593954] SLOW spr round 2 (radius: 10)
[03:14:38 -58604.593833] SLOW spr round 3 (radius: 15)
[03:15:23 -58604.593831] SLOW spr round 4 (radius: 20)
[03:16:19 -58604.579480] SLOW spr round 5 (radius: 25)
[03:17:14 -58604.579480] Model parameter optimization (eps = 0.100000)

[03:17:44] ML tree search #14, logLikelihood: -58603.676682

[03:17:44 -291933.826848] Initial branch length optimization
[03:17:46 -62070.919274] Model parameter optimization (eps = 10.000000)
[03:18:10 -58625.497369] AUTODETECT spr round 1 (radius: 5)
[03:18:34 -58612.261634] AUTODETECT spr round 2 (radius: 10)
[03:19:04 -58611.573811] AUTODETECT spr round 3 (radius: 15)
[03:19:42 -58611.570349] SPR radius for FAST iterations: 10 (autodetect)
[03:19:42 -58611.570349] Model parameter optimization (eps = 3.000000)
[03:19:48 -58609.506404] FAST spr round 1 (radius: 10)
[03:20:29 -58609.447422] Model parameter optimization (eps = 1.000000)
[03:20:33 -58608.915400] SLOW spr round 1 (radius: 5)
[03:21:22 -58608.883980] SLOW spr round 2 (radius: 10)
[03:22:13 -58608.883860] SLOW spr round 3 (radius: 15)
[03:23:01 -58608.883858] SLOW spr round 4 (radius: 20)
[03:23:55 -58608.883858] SLOW spr round 5 (radius: 25)
[03:24:49 -58608.883858] Model parameter optimization (eps = 0.100000)

[03:25:01] ML tree search #15, logLikelihood: -58608.377868

[03:25:01 -291927.689993] Initial branch length optimization
[03:25:02 -62058.224853] Model parameter optimization (eps = 10.000000)
[03:25:26 -58613.857788] AUTODETECT spr round 1 (radius: 5)
[03:25:49 -58612.352252] AUTODETECT spr round 2 (radius: 10)
[03:26:18 -58612.338332] SPR radius for FAST iterations: 5 (autodetect)
[03:26:18 -58612.338332] Model parameter optimization (eps = 3.000000)
[03:26:23 -58610.987599] FAST spr round 1 (radius: 5)
[03:26:53 -58610.219109] FAST spr round 2 (radius: 5)
[03:27:20 -58610.192893] Model parameter optimization (eps = 1.000000)
[03:27:30 -58608.648983] SLOW spr round 1 (radius: 5)
[03:28:09 -58608.625929] SLOW spr round 2 (radius: 10)
[03:28:53 -58608.625402] SLOW spr round 3 (radius: 15)
[03:29:37 -58608.625152] SLOW spr round 4 (radius: 20)
[03:30:24 -58608.625152] SLOW spr round 5 (radius: 25)
[03:31:10 -58608.625152] Model parameter optimization (eps = 0.100000)

[03:31:19] ML tree search #16, logLikelihood: -58608.378782

[03:31:19 -291927.997004] Initial branch length optimization
[03:31:21 -62056.256578] Model parameter optimization (eps = 10.000000)
[03:31:45 -58612.450338] AUTODETECT spr round 1 (radius: 5)
[03:32:08 -58610.945620] AUTODETECT spr round 2 (radius: 10)
[03:32:36 -58610.931347] SPR radius for FAST iterations: 5 (autodetect)
[03:32:36 -58610.931347] Model parameter optimization (eps = 3.000000)
[03:32:41 -58609.565338] FAST spr round 1 (radius: 5)
[03:33:08 -58609.519651] Model parameter optimization (eps = 1.000000)
[03:33:13 -58608.935815] SLOW spr round 1 (radius: 5)
[03:33:57 -58608.900638] SLOW spr round 2 (radius: 10)
[03:34:40 -58608.899785] SLOW spr round 3 (radius: 15)
[03:35:30 -58608.899703] SLOW spr round 4 (radius: 20)
[03:36:25 -58608.899703] SLOW spr round 5 (radius: 25)
[03:37:16 -58608.899389] Model parameter optimization (eps = 0.100000)

[03:37:32] ML tree search #17, logLikelihood: -58608.407067

[03:37:32 -291933.097400] Initial branch length optimization
[03:37:33 -62058.257056] Model parameter optimization (eps = 10.000000)
[03:38:00 -58613.227479] AUTODETECT spr round 1 (radius: 5)
[03:38:24 -58610.780089] AUTODETECT spr round 2 (radius: 10)
[03:38:52 -58610.757465] SPR radius for FAST iterations: 5 (autodetect)
[03:38:52 -58610.757465] Model parameter optimization (eps = 3.000000)
[03:38:57 -58609.462663] FAST spr round 1 (radius: 5)
[03:39:26 -58609.416330] Model parameter optimization (eps = 1.000000)
[03:39:32 -58608.880564] SLOW spr round 1 (radius: 5)
[03:40:17 -58608.845451] SLOW spr round 2 (radius: 10)
[03:41:04 -58608.829129] SLOW spr round 3 (radius: 15)
[03:41:52 -58608.829128] SLOW spr round 4 (radius: 20)
[03:42:46 -58608.829128] SLOW spr round 5 (radius: 25)
[03:43:43 -58604.981266] SLOW spr round 6 (radius: 5)
[03:44:35 -58604.958141] SLOW spr round 7 (radius: 10)
[03:45:24 -58604.958057] SLOW spr round 8 (radius: 15)
[03:46:16 -58604.958056] SLOW spr round 9 (radius: 20)
[03:47:14 -58604.958056] SLOW spr round 10 (radius: 25)
[03:48:10 -58604.958056] Model parameter optimization (eps = 0.100000)

[03:48:31] ML tree search #18, logLikelihood: -58604.125920



Final LogLikelihood: -58603.348393

AIC score: 118626.696787 / AICc score: 118662.204278 / BIC score: 124505.524229
Free parameters (model + branch lengths): 710

Best ML tree saved to: /home/hikoyu/analysis/Genome/SARS-CoV-2/phylogeny/RAxML-NG/DNA/part/sep/SARS-CoV-2_200407.1.raxml.bestTree
All ML trees saved to: /home/hikoyu/analysis/Genome/SARS-CoV-2/phylogeny/RAxML-NG/DNA/part/sep/SARS-CoV-2_200407.1.raxml.mlTrees
Optimized model saved to: /home/hikoyu/analysis/Genome/SARS-CoV-2/phylogeny/RAxML-NG/DNA/part/sep/SARS-CoV-2_200407.1.raxml.bestModel

Execution log saved to: /home/hikoyu/analysis/Genome/SARS-CoV-2/phylogeny/RAxML-NG/DNA/part/sep/SARS-CoV-2_200407.1.raxml.log

Analysis started: 12-Apr-2020 03:51:41 / finished: 12-Apr-2020 07:40:12

Elapsed time: 13711.513 seconds

