
RAxML-NG v. 0.9.0 released on 20.05.2019 by The Exelixis Lab.
Developed by: Alexey M. Kozlov and Alexandros Stamatakis.
Contributors: Diego Darriba, Tomas Flouri, Benoit Morel, Sarah Lutteropp, Ben Bettisworth.
Latest version: https://github.com/amkozlov/raxml-ng
Questions/problems/suggestions? Please visit: https://groups.google.com/forum/#!forum/raxml

RAxML-NG was called at 19-Mar-2020 11:26:18 as follows:

raxml-ng --threads 1 --bootstrap --bs-trees 84 --seed 1628193011 --prefix phylogeny/RAxML-NG/DNA/part/sep/SARS-CoV-2_200318.0 --msa phylogeny/RAxML-NG/DNA/part/sep/SARS-CoV-2_200318.raxml.rba --outgroup MG772933.1

Analysis options:
  run mode: Bootstrapping
  start tree(s): 
  bootstrap replicates: 84
  random seed: 1628193011
  tip-inner: OFF
  pattern compression: ON
  per-rate scalers: OFF
  site repeats: ON
  branch lengths: proportional (ML estimate, algorithm: NR-FAST)
  SIMD kernels: AVX2
  parallelization: NONE/sequential

[00:00:00] Loading binary alignment from file: phylogeny/RAxML-NG/DNA/part/sep/SARS-CoV-2_200318.raxml.rba
[00:00:00] Alignment comprises 74 taxa, 33 partitions and 767 patterns

Partition 0: orf1ab_U_p1
Model: TIM3+I+B
Alignment sites / patterns: 4405 / 59
Gaps: 0.10 %
Invariant sites: 95.30 %

Partition 1: orf1ab_U_p2
Model: HKY+FO+I+B
Alignment sites / patterns: 4405 / 64
Gaps: 0.10 %
Invariant sites: 96.82 %

Partition 2: orf1ab_U_p3
Model: TN93+FO+G4m+B
Alignment sites / patterns: 4405 / 84
Gaps: 0.10 %
Invariant sites: 73.94 %

Partition 3: orf1ab_D_p1
Model: TN93+FO+I+B
Alignment sites / patterns: 2697 / 34
Gaps: 0.04 %
Invariant sites: 93.36 %

Partition 4: orf1ab_D_p2
Model: HKY+FO+I+G4m+B
Alignment sites / patterns: 2697 / 32
Gaps: 0.04 %
Invariant sites: 98.11 %

Partition 5: orf1ab_D_p3
Model: TPM3uf+FO+G4m+B
Alignment sites / patterns: 2697 / 59
Gaps: 0.04 %
Invariant sites: 62.51 %

Partition 6: S_p1
Model: TN93+FO+I+B
Alignment sites / patterns: 1274 / 43
Gaps: 0.05 %
Invariant sites: 83.05 %

Partition 7: S_p2
Model: F81+FO+B
Alignment sites / patterns: 1274 / 38
Gaps: 0.05 %
Invariant sites: 90.27 %

Partition 8: S_p3
Model: HKY+FO+I+B
Alignment sites / patterns: 1274 / 69
Gaps: 0.05 %
Invariant sites: 50.24 %

Partition 9: ORF3a_p1
Model: JC+I+B
Alignment sites / patterns: 276 / 20
Gaps: 0.00 %
Invariant sites: 90.58 %

Partition 10: ORF3a_p2
Model: JC+I+G4m+B
Alignment sites / patterns: 276 / 14
Gaps: 0.00 %
Invariant sites: 95.65 %

Partition 11: ORF3a_p3
Model: HKY+FO+I+B
Alignment sites / patterns: 276 / 22
Gaps: 0.00 %
Invariant sites: 70.65 %

Partition 12: E_p1
Model: JC+B
Alignment sites / patterns: 76 / 5
Gaps: 0.00 %
Invariant sites: 98.68 %

Partition 13: E_p2
Model: JC+B
Alignment sites / patterns: 76 / 5
Gaps: 0.00 %
Invariant sites: 98.68 %

Partition 14: E_p3
Model: JC+B
Alignment sites / patterns: 76 / 6
Gaps: 0.00 %
Invariant sites: 97.37 %

Partition 15: M_p1
Model: TN93ef+B
Alignment sites / patterns: 223 / 9
Gaps: 0.01 %
Invariant sites: 95.52 %

Partition 16: M_p2
Model: JC+I+B
Alignment sites / patterns: 223 / 7
Gaps: 0.01 %
Invariant sites: 99.10 %

Partition 17: M_p3
Model: K80+I+B
Alignment sites / patterns: 223 / 28
Gaps: 0.01 %
Invariant sites: 78.03 %

Partition 18: ORF6_p1
Model: JC+B
Alignment sites / patterns: 62 / 6
Gaps: 0.00 %
Invariant sites: 95.16 %

Partition 19: ORF6_p2
Model: JC+B
Alignment sites / patterns: 62 / 6
Gaps: 0.00 %
Invariant sites: 96.77 %

Partition 20: ORF6_p3
Model: JC+B
Alignment sites / patterns: 62 / 9
Gaps: 0.00 %
Invariant sites: 88.71 %

Partition 21: ORF7a_p1
Model: K80+B
Alignment sites / patterns: 122 / 11
Gaps: 0.00 %
Invariant sites: 90.98 %

Partition 22: ORF7a_p2
Model: K80+B
Alignment sites / patterns: 122 / 10
Gaps: 0.00 %
Invariant sites: 92.62 %

Partition 23: ORF7a_p3
Model: HKY+FO+I+B
Alignment sites / patterns: 122 / 16
Gaps: 0.00 %
Invariant sites: 78.69 %

Partition 24: ORF8_p1
Model: JC+I+B
Alignment sites / patterns: 122 / 12
Gaps: 0.00 %
Invariant sites: 93.44 %

Partition 25: ORF8_p2
Model: K80+I+G4m+B
Alignment sites / patterns: 122 / 9
Gaps: 0.00 %
Invariant sites: 95.90 %

Partition 26: ORF8_p3
Model: HKY+FO+B
Alignment sites / patterns: 122 / 16
Gaps: 0.00 %
Invariant sites: 69.67 %

Partition 27: N_p1
Model: JC+I+B
Alignment sites / patterns: 420 / 15
Gaps: 0.00 %
Invariant sites: 95.24 %

Partition 28: N_p2
Model: F81+FO+B
Alignment sites / patterns: 420 / 15
Gaps: 0.00 %
Invariant sites: 96.19 %

Partition 29: N_p3
Model: HKY+FO+G4m+B
Alignment sites / patterns: 420 / 29
Gaps: 0.00 %
Invariant sites: 76.67 %

Partition 30: ORF10_p1
Model: JC+B
Alignment sites / patterns: 39 / 6
Gaps: 0.00 %
Invariant sites: 94.87 %

Partition 31: ORF10_p2
Model: JC+B
Alignment sites / patterns: 39 / 4
Gaps: 0.00 %
Invariant sites: 100.00 %

Partition 32: ORF10_p3
Model: JC+B
Alignment sites / patterns: 39 / 5
Gaps: 0.00 %
Invariant sites: 97.44 %


[00:00:00] Data distribution: max. partitions/sites/weight per thread: 33 / 767 / 5792
[00:00:00] Starting bootstrapping analysis with 84 replicates.

[00:00:48] Bootstrap tree #1, logLikelihood: -55749.353183
[00:01:35] Bootstrap tree #2, logLikelihood: -55963.202059
[00:02:39] Bootstrap tree #3, logLikelihood: -56116.828756
[00:03:39] Bootstrap tree #4, logLikelihood: -56438.878534
[00:04:31] Bootstrap tree #5, logLikelihood: -56103.595041
[00:05:21] Bootstrap tree #6, logLikelihood: -55663.188339
[00:06:21] Bootstrap tree #7, logLikelihood: -56075.910439
[00:07:44] Bootstrap tree #8, logLikelihood: -56007.695776
[00:08:32] Bootstrap tree #9, logLikelihood: -55899.599450
[00:09:30] Bootstrap tree #10, logLikelihood: -55881.269681
[00:10:22] Bootstrap tree #11, logLikelihood: -56124.572739
[00:11:16] Bootstrap tree #12, logLikelihood: -55953.043078
[00:12:52] Bootstrap tree #13, logLikelihood: -56131.590150
[00:13:46] Bootstrap tree #14, logLikelihood: -55889.727120
[00:14:45] Bootstrap tree #15, logLikelihood: -55919.182554
[00:15:40] Bootstrap tree #16, logLikelihood: -55965.225842
[00:16:26] Bootstrap tree #17, logLikelihood: -55634.652348
[00:17:36] Bootstrap tree #18, logLikelihood: -56004.868624
[00:18:28] Bootstrap tree #19, logLikelihood: -55823.949261
[00:19:19] Bootstrap tree #20, logLikelihood: -55830.419499
[00:20:13] Bootstrap tree #21, logLikelihood: -55998.509784
[00:21:11] Bootstrap tree #22, logLikelihood: -56203.490522
[00:22:05] Bootstrap tree #23, logLikelihood: -56077.846667
[00:23:17] Bootstrap tree #24, logLikelihood: -56179.135992
[00:24:10] Bootstrap tree #25, logLikelihood: -55989.814176
[00:25:12] Bootstrap tree #26, logLikelihood: -55984.432378
[00:26:09] Bootstrap tree #27, logLikelihood: -55694.219782
[00:27:08] Bootstrap tree #28, logLikelihood: -55816.075925
[00:28:08] Bootstrap tree #29, logLikelihood: -56098.633893
[00:29:04] Bootstrap tree #30, logLikelihood: -56014.308480
[00:29:59] Bootstrap tree #31, logLikelihood: -55647.674706
[00:30:59] Bootstrap tree #32, logLikelihood: -55720.427295
[00:32:12] Bootstrap tree #33, logLikelihood: -56182.557831
[00:33:10] Bootstrap tree #34, logLikelihood: -56309.392684
[00:34:10] Bootstrap tree #35, logLikelihood: -56067.910961
[00:35:08] Bootstrap tree #36, logLikelihood: -56133.945892
[00:36:06] Bootstrap tree #37, logLikelihood: -56089.725667
[00:37:08] Bootstrap tree #38, logLikelihood: -56117.233322
[00:38:11] Bootstrap tree #39, logLikelihood: -55997.078046
[00:39:33] Bootstrap tree #40, logLikelihood: -56145.216837
[00:40:35] Bootstrap tree #41, logLikelihood: -56137.609129
[00:41:41] Bootstrap tree #42, logLikelihood: -56041.837490
[00:42:44] Bootstrap tree #43, logLikelihood: -56016.099166
[00:43:38] Bootstrap tree #44, logLikelihood: -55717.492266
[00:44:34] Bootstrap tree #45, logLikelihood: -56010.396544
[00:45:22] Bootstrap tree #46, logLikelihood: -55952.384429
[00:46:16] Bootstrap tree #47, logLikelihood: -55594.356228
[00:47:11] Bootstrap tree #48, logLikelihood: -56028.687245
[00:48:13] Bootstrap tree #49, logLikelihood: -56077.688462
[00:49:08] Bootstrap tree #50, logLikelihood: -55781.924770
[00:50:07] Bootstrap tree #51, logLikelihood: -55981.534691
[00:51:04] Bootstrap tree #52, logLikelihood: -55933.461116
[00:52:24] Bootstrap tree #53, logLikelihood: -55813.937139
[00:53:28] Bootstrap tree #54, logLikelihood: -56162.810876
[00:54:59] Bootstrap tree #55, logLikelihood: -55692.522948
[00:56:05] Bootstrap tree #56, logLikelihood: -55763.276308
[00:57:05] Bootstrap tree #57, logLikelihood: -55867.808263
[00:58:29] Bootstrap tree #58, logLikelihood: -55907.139286
[00:59:34] Bootstrap tree #59, logLikelihood: -56104.651635
[01:00:30] Bootstrap tree #60, logLikelihood: -55793.258808
[01:01:31] Bootstrap tree #61, logLikelihood: -55760.106187
[01:02:31] Bootstrap tree #62, logLikelihood: -56058.040464
[01:03:28] Bootstrap tree #63, logLikelihood: -56005.393375
[01:04:27] Bootstrap tree #64, logLikelihood: -55945.211960
[01:05:24] Bootstrap tree #65, logLikelihood: -55652.247523
[01:06:25] Bootstrap tree #66, logLikelihood: -55875.883394
[01:07:41] Bootstrap tree #67, logLikelihood: -56286.696402
[01:08:32] Bootstrap tree #68, logLikelihood: -56064.709575
[01:09:29] Bootstrap tree #69, logLikelihood: -55932.318149
[01:10:34] Bootstrap tree #70, logLikelihood: -56099.986130
[01:11:37] Bootstrap tree #71, logLikelihood: -55804.084713
[01:12:57] Bootstrap tree #72, logLikelihood: -55894.244141
[01:14:00] Bootstrap tree #73, logLikelihood: -56281.308637
[01:15:04] Bootstrap tree #74, logLikelihood: -56179.573886
[01:16:12] Bootstrap tree #75, logLikelihood: -56096.915440
[01:17:11] Bootstrap tree #76, logLikelihood: -56095.629894
[01:18:16] Bootstrap tree #77, logLikelihood: -55824.123488
[01:19:16] Bootstrap tree #78, logLikelihood: -55702.591094
[01:20:15] Bootstrap tree #79, logLikelihood: -56234.891154
[01:21:15] Bootstrap tree #80, logLikelihood: -56061.216358
[01:22:11] Bootstrap tree #81, logLikelihood: -55654.104574
[01:23:12] Bootstrap tree #82, logLikelihood: -56176.872441
[01:24:11] Bootstrap tree #83, logLikelihood: -56345.908090
[01:25:13] Bootstrap tree #84, logLikelihood: -55886.659392

Bootstrap trees saved to: /home/hikoyu/analysis/Genome/SARS-CoV-2/phylogeny/RAxML-NG/DNA/part/sep/SARS-CoV-2_200318.0.raxml.bootstraps

Execution log saved to: /home/hikoyu/analysis/Genome/SARS-CoV-2/phylogeny/RAxML-NG/DNA/part/sep/SARS-CoV-2_200318.0.raxml.log

Analysis started: 19-Mar-2020 11:26:18 / finished: 19-Mar-2020 12:51:32

Elapsed time: 5113.617 seconds

