
RAxML-NG v. 0.9.0 released on 20.05.2019 by The Exelixis Lab.
Developed by: Alexey M. Kozlov and Alexandros Stamatakis.
Contributors: Diego Darriba, Tomas Flouri, Benoit Morel, Sarah Lutteropp, Ben Bettisworth.
Latest version: https://github.com/amkozlov/raxml-ng
Questions/problems/suggestions? Please visit: https://groups.google.com/forum/#!forum/raxml

RAxML-NG was called at 16-Mar-2020 17:50:12 as follows:

raxml-ng --threads 1 --bootstrap --bs-trees 83 --seed 3230963377 --prefix phylogeny/RAxML-NG/DNA/part/sep/SARS-CoV-2_200314.10 --msa phylogeny/RAxML-NG/DNA/part/sep/SARS-CoV-2_200314.raxml.rba --outgroup MG772933.1

Analysis options:
  run mode: Bootstrapping
  start tree(s): 
  bootstrap replicates: 83
  random seed: 3230963377
  tip-inner: OFF
  pattern compression: ON
  per-rate scalers: OFF
  site repeats: ON
  branch lengths: proportional (ML estimate, algorithm: NR-FAST)
  SIMD kernels: AVX2
  parallelization: NONE/sequential

[00:00:00] Loading binary alignment from file: phylogeny/RAxML-NG/DNA/part/sep/SARS-CoV-2_200314.raxml.rba
[00:00:00] Alignment comprises 89 taxa, 33 partitions and 777 patterns

Partition 0: orf1ab_U_p1
Model: TIM3+I+B
Alignment sites / patterns: 4405 / 61
Gaps: 0.10 %
Invariant sites: 95.28 %

Partition 1: orf1ab_U_p2
Model: HKY+FO+I+B
Alignment sites / patterns: 4405 / 70
Gaps: 0.10 %
Invariant sites: 96.73 %

Partition 2: orf1ab_U_p3
Model: TN93+FO+G4m+B
Alignment sites / patterns: 4405 / 89
Gaps: 0.10 %
Invariant sites: 73.92 %

Partition 3: orf1ab_D_p1
Model: TN93+FO+I+B
Alignment sites / patterns: 2696 / 32
Gaps: 0.00 %
Invariant sites: 93.40 %

Partition 4: orf1ab_D_p2
Model: HKY+FO+I+G4m+B
Alignment sites / patterns: 2696 / 30
Gaps: 0.00 %
Invariant sites: 98.15 %

Partition 5: orf1ab_D_p3
Model: TPM3uf+FO+G4m+B
Alignment sites / patterns: 2696 / 56
Gaps: 0.00 %
Invariant sites: 62.54 %

Partition 6: S_p1
Model: TN93+FO+I+B
Alignment sites / patterns: 1274 / 43
Gaps: 0.04 %
Invariant sites: 83.05 %

Partition 7: S_p2
Model: F81+FO+B
Alignment sites / patterns: 1274 / 38
Gaps: 0.04 %
Invariant sites: 90.27 %

Partition 8: S_p3
Model: HKY+FO+I+B
Alignment sites / patterns: 1274 / 69
Gaps: 0.04 %
Invariant sites: 50.24 %

Partition 9: ORF3a_p1
Model: JC+G4m+B
Alignment sites / patterns: 276 / 20
Gaps: 0.00 %
Invariant sites: 90.58 %

Partition 10: ORF3a_p2
Model: JC+I+G4m+B
Alignment sites / patterns: 276 / 14
Gaps: 0.00 %
Invariant sites: 95.65 %

Partition 11: ORF3a_p3
Model: HKY+FO+I+B
Alignment sites / patterns: 276 / 22
Gaps: 0.00 %
Invariant sites: 70.65 %

Partition 12: E_p1
Model: JC+B
Alignment sites / patterns: 76 / 6
Gaps: 0.00 %
Invariant sites: 97.37 %

Partition 13: E_p2
Model: JC+B
Alignment sites / patterns: 76 / 5
Gaps: 0.00 %
Invariant sites: 98.68 %

Partition 14: E_p3
Model: JC+B
Alignment sites / patterns: 76 / 6
Gaps: 0.00 %
Invariant sites: 97.37 %

Partition 15: M_p1
Model: TN93ef+B
Alignment sites / patterns: 223 / 9
Gaps: 0.01 %
Invariant sites: 95.52 %

Partition 16: M_p2
Model: JC+I+B
Alignment sites / patterns: 223 / 7
Gaps: 0.01 %
Invariant sites: 99.10 %

Partition 17: M_p3
Model: K80+I+B
Alignment sites / patterns: 223 / 28
Gaps: 0.01 %
Invariant sites: 78.03 %

Partition 18: ORF6_p1
Model: JC+B
Alignment sites / patterns: 62 / 6
Gaps: 0.00 %
Invariant sites: 95.16 %

Partition 19: ORF6_p2
Model: JC+B
Alignment sites / patterns: 62 / 6
Gaps: 0.00 %
Invariant sites: 96.77 %

Partition 20: ORF6_p3
Model: JC+B
Alignment sites / patterns: 62 / 9
Gaps: 0.00 %
Invariant sites: 88.71 %

Partition 21: ORF7a_p1
Model: K80+B
Alignment sites / patterns: 122 / 11
Gaps: 0.00 %
Invariant sites: 90.98 %

Partition 22: ORF7a_p2
Model: K80+B
Alignment sites / patterns: 122 / 10
Gaps: 0.00 %
Invariant sites: 92.62 %

Partition 23: ORF7a_p3
Model: HKY+FO+I+B
Alignment sites / patterns: 122 / 16
Gaps: 0.00 %
Invariant sites: 78.69 %

Partition 24: ORF8_p1
Model: JC+I+B
Alignment sites / patterns: 122 / 12
Gaps: 0.00 %
Invariant sites: 93.44 %

Partition 25: ORF8_p2
Model: K80+I+G4m+B
Alignment sites / patterns: 122 / 9
Gaps: 0.00 %
Invariant sites: 95.90 %

Partition 26: ORF8_p3
Model: HKY+FO+B
Alignment sites / patterns: 122 / 16
Gaps: 0.00 %
Invariant sites: 69.67 %

Partition 27: N_p1
Model: K80+I+B
Alignment sites / patterns: 420 / 16
Gaps: 0.00 %
Invariant sites: 95.00 %

Partition 28: N_p2
Model: F81+FO+B
Alignment sites / patterns: 420 / 15
Gaps: 0.00 %
Invariant sites: 96.19 %

Partition 29: N_p3
Model: HKY+FO+G4m+B
Alignment sites / patterns: 420 / 31
Gaps: 0.00 %
Invariant sites: 76.43 %

Partition 30: ORF10_p1
Model: JC+B
Alignment sites / patterns: 39 / 6
Gaps: 0.00 %
Invariant sites: 94.87 %

Partition 31: ORF10_p2
Model: JC+B
Alignment sites / patterns: 39 / 4
Gaps: 0.00 %
Invariant sites: 100.00 %

Partition 32: ORF10_p3
Model: JC+B
Alignment sites / patterns: 39 / 5
Gaps: 0.00 %
Invariant sites: 97.44 %


[00:00:00] Data distribution: max. partitions/sites/weight per thread: 33 / 777 / 6096
[00:00:00] Starting bootstrapping analysis with 83 replicates.

[00:00:58] Bootstrap tree #1, logLikelihood: -56099.028308
[00:02:02] Bootstrap tree #2, logLikelihood: -56004.453189
[00:04:03] Bootstrap tree #3, logLikelihood: -55629.889357
[00:05:41] Bootstrap tree #4, logLikelihood: -56211.619159
[00:06:53] Bootstrap tree #5, logLikelihood: -56207.216659
[00:08:09] Bootstrap tree #6, logLikelihood: -55978.922000
[00:09:24] Bootstrap tree #7, logLikelihood: -56100.154832
[00:10:37] Bootstrap tree #8, logLikelihood: -55554.873377
[00:11:40] Bootstrap tree #9, logLikelihood: -55917.293926
[00:12:51] Bootstrap tree #10, logLikelihood: -56105.875405
[00:14:10] Bootstrap tree #11, logLikelihood: -55975.215612
[00:15:57] Bootstrap tree #12, logLikelihood: -55974.546408
[00:17:50] Bootstrap tree #13, logLikelihood: -56370.049709
[00:19:06] Bootstrap tree #14, logLikelihood: -55877.103136
[00:20:10] Bootstrap tree #15, logLikelihood: -56376.838471
[00:21:42] Bootstrap tree #16, logLikelihood: -56071.947612
[00:22:55] Bootstrap tree #17, logLikelihood: -55862.268382
[00:24:09] Bootstrap tree #18, logLikelihood: -55897.764301
[00:25:34] Bootstrap tree #19, logLikelihood: -55818.601712
[00:27:18] Bootstrap tree #20, logLikelihood: -55957.652036
[00:28:33] Bootstrap tree #21, logLikelihood: -56027.743445
[00:29:49] Bootstrap tree #22, logLikelihood: -56089.058868
[00:31:27] Bootstrap tree #23, logLikelihood: -56085.061247
[00:32:50] Bootstrap tree #24, logLikelihood: -56222.365162
[00:34:47] Bootstrap tree #25, logLikelihood: -56064.935606
[00:36:12] Bootstrap tree #26, logLikelihood: -56253.156487
[00:37:38] Bootstrap tree #27, logLikelihood: -55674.601815
[00:39:10] Bootstrap tree #28, logLikelihood: -56050.554799
[00:40:49] Bootstrap tree #29, logLikelihood: -55955.312389
[00:42:05] Bootstrap tree #30, logLikelihood: -55984.626427
[00:44:04] Bootstrap tree #31, logLikelihood: -56119.804684
[00:45:24] Bootstrap tree #32, logLikelihood: -55949.175716
[00:46:44] Bootstrap tree #33, logLikelihood: -56025.103384
[00:48:40] Bootstrap tree #34, logLikelihood: -56415.819817
[00:50:48] Bootstrap tree #35, logLikelihood: -56041.688219
[00:52:19] Bootstrap tree #36, logLikelihood: -56145.580244
[00:53:35] Bootstrap tree #37, logLikelihood: -55925.847482
[00:54:52] Bootstrap tree #38, logLikelihood: -56328.829990
[00:56:06] Bootstrap tree #39, logLikelihood: -55736.076969
[00:57:25] Bootstrap tree #40, logLikelihood: -55780.223175
[00:58:42] Bootstrap tree #41, logLikelihood: -56131.803801
[01:00:51] Bootstrap tree #42, logLikelihood: -56157.912189
[01:02:10] Bootstrap tree #43, logLikelihood: -56171.528541
[01:03:31] Bootstrap tree #44, logLikelihood: -56402.500789
[01:05:01] Bootstrap tree #45, logLikelihood: -56242.816756
[01:06:15] Bootstrap tree #46, logLikelihood: -56326.636352
[01:08:02] Bootstrap tree #47, logLikelihood: -56389.577010
[01:09:58] Bootstrap tree #48, logLikelihood: -55804.011676
[01:11:17] Bootstrap tree #49, logLikelihood: -56254.502339
[01:13:27] Bootstrap tree #50, logLikelihood: -56294.138895
[01:14:51] Bootstrap tree #51, logLikelihood: -55839.918956
[01:16:39] Bootstrap tree #52, logLikelihood: -56575.643597
[01:18:39] Bootstrap tree #53, logLikelihood: -55945.806253
[01:19:59] Bootstrap tree #54, logLikelihood: -55716.235028
[01:21:38] Bootstrap tree #55, logLikelihood: -56224.917096
[01:23:06] Bootstrap tree #56, logLikelihood: -55857.727275
[01:25:17] Bootstrap tree #57, logLikelihood: -56285.452168
[01:27:21] Bootstrap tree #58, logLikelihood: -55984.568634
[01:29:18] Bootstrap tree #59, logLikelihood: -56141.097996
[01:30:32] Bootstrap tree #60, logLikelihood: -55908.551404
[01:32:02] Bootstrap tree #61, logLikelihood: -55363.426018
[01:33:25] Bootstrap tree #62, logLikelihood: -55792.840490
[01:34:49] Bootstrap tree #63, logLikelihood: -56004.979932
[01:37:05] Bootstrap tree #64, logLikelihood: -56216.900381
[01:38:27] Bootstrap tree #65, logLikelihood: -56193.255690
[01:39:48] Bootstrap tree #66, logLikelihood: -56197.492588
[01:41:11] Bootstrap tree #67, logLikelihood: -56122.984840
[01:42:31] Bootstrap tree #68, logLikelihood: -55842.727512
[01:44:10] Bootstrap tree #69, logLikelihood: -56082.655340
[01:45:38] Bootstrap tree #70, logLikelihood: -56014.394690
[01:46:52] Bootstrap tree #71, logLikelihood: -55786.729525
[01:48:16] Bootstrap tree #72, logLikelihood: -56260.938974
[01:49:33] Bootstrap tree #73, logLikelihood: -56113.763498
[01:51:08] Bootstrap tree #74, logLikelihood: -55813.387282
[01:53:36] Bootstrap tree #75, logLikelihood: -56060.775989
[01:54:44] Bootstrap tree #76, logLikelihood: -55884.846167
[01:55:59] Bootstrap tree #77, logLikelihood: -56065.598864
[01:57:22] Bootstrap tree #78, logLikelihood: -55857.934086
[01:58:37] Bootstrap tree #79, logLikelihood: -56169.732437
[01:59:55] Bootstrap tree #80, logLikelihood: -55748.549785
[02:01:01] Bootstrap tree #81, logLikelihood: -56104.158159
[02:02:05] Bootstrap tree #82, logLikelihood: -56088.474343
[02:03:15] Bootstrap tree #83, logLikelihood: -56168.837658

Bootstrap trees saved to: /home/hikoyu/analysis/Genome/SARS-CoV-2/phylogeny/RAxML-NG/DNA/part/sep/SARS-CoV-2_200314.10.raxml.bootstraps

Execution log saved to: /home/hikoyu/analysis/Genome/SARS-CoV-2/phylogeny/RAxML-NG/DNA/part/sep/SARS-CoV-2_200314.10.raxml.log

Analysis started: 16-Mar-2020 17:50:12 / finished: 16-Mar-2020 19:53:28

Elapsed time: 7395.785 seconds

