
RAxML-NG v. 0.9.0 released on 20.05.2019 by The Exelixis Lab.
Developed by: Alexey M. Kozlov and Alexandros Stamatakis.
Contributors: Diego Darriba, Tomas Flouri, Benoit Morel, Sarah Lutteropp, Ben Bettisworth.
Latest version: https://github.com/amkozlov/raxml-ng
Questions/problems/suggestions? Please visit: https://groups.google.com/forum/#!forum/raxml

RAxML-NG was called at 12-Apr-2020 07:40:12 as follows:

raxml-ng --threads 1 --search --tree rand{8},pars{8} --seed 798449582 --prefix phylogeny/RAxML-NG/DNA/part/sep/SARS-CoV-2_200407.6 --msa phylogeny/RAxML-NG/DNA/part/sep/SARS-CoV-2_200407.raxml.rba --outgroup MG772933.1

Analysis options:
  run mode: ML tree search
  start tree(s): random (8) + parsimony (8)
  random seed: 798449582
  tip-inner: OFF
  pattern compression: ON
  per-rate scalers: OFF
  site repeats: ON
  fast spr radius: AUTO
  spr subtree cutoff: 1.000000
  branch lengths: proportional (ML estimate, algorithm: NR-FAST)
  SIMD kernels: AVX2
  parallelization: NONE/sequential

[00:00:00] Loading binary alignment from file: phylogeny/RAxML-NG/DNA/part/sep/SARS-CoV-2_200407.raxml.rba
[00:00:00] Alignment comprises 285 taxa, 33 partitions and 1014 patterns

Partition 0: orf1ab_U_p1
Model: TN93+FO+I+B
Alignment sites / patterns: 4404 / 86
Gaps: 0.07 %
Invariant sites: 94.73 %

Partition 1: orf1ab_U_p2
Model: TN93+FO+I+G4m+B
Alignment sites / patterns: 4404 / 102
Gaps: 0.07 %
Invariant sites: 96.25 %

Partition 2: orf1ab_U_p3
Model: TN93+FO+I+G4m+B
Alignment sites / patterns: 4404 / 127
Gaps: 0.07 %
Invariant sites: 73.41 %

Partition 3: orf1ab_D_p1
Model: TIM1+I+B
Alignment sites / patterns: 2697 / 54
Gaps: 0.04 %
Invariant sites: 92.81 %

Partition 4: orf1ab_D_p2
Model: TIM1+I+G4m+B
Alignment sites / patterns: 2697 / 45
Gaps: 0.04 %
Invariant sites: 97.78 %

Partition 5: orf1ab_D_p3
Model: GTR+FO+I+G4m+B
Alignment sites / patterns: 2697 / 86
Gaps: 0.04 %
Invariant sites: 62.22 %

Partition 6: S_p1
Model: TN93+FO+G4m+B
Alignment sites / patterns: 1274 / 51
Gaps: 0.01 %
Invariant sites: 82.50 %

Partition 7: S_p2
Model: TN93+FO+I+G4m+B
Alignment sites / patterns: 1274 / 44
Gaps: 0.01 %
Invariant sites: 90.35 %

Partition 8: S_p3
Model: HKY+FO+I+B
Alignment sites / patterns: 1274 / 86
Gaps: 0.01 %
Invariant sites: 49.92 %

Partition 9: ORF3a_p1
Model: JC+I+B
Alignment sites / patterns: 276 / 21
Gaps: 0.00 %
Invariant sites: 90.22 %

Partition 10: ORF3a_p2
Model: JC+I+G4m+B
Alignment sites / patterns: 276 / 19
Gaps: 0.00 %
Invariant sites: 93.84 %

Partition 11: ORF3a_p3
Model: TVM+FO+I+G4m+B
Alignment sites / patterns: 276 / 25
Gaps: 0.00 %
Invariant sites: 70.65 %

Partition 12: E_p1
Model: JC+B
Alignment sites / patterns: 76 / 6
Gaps: 0.00 %
Invariant sites: 97.37 %

Partition 13: E_p2
Model: JC+B
Alignment sites / patterns: 76 / 5
Gaps: 0.00 %
Invariant sites: 98.68 %

Partition 14: E_p3
Model: JC+B
Alignment sites / patterns: 76 / 7
Gaps: 0.00 %
Invariant sites: 96.05 %

Partition 15: M_p1
Model: K80+I+B
Alignment sites / patterns: 223 / 10
Gaps: 0.00 %
Invariant sites: 95.52 %

Partition 16: M_p2
Model: JC+B
Alignment sites / patterns: 223 / 9
Gaps: 0.00 %
Invariant sites: 98.21 %

Partition 17: M_p3
Model: K80+G4m+B
Alignment sites / patterns: 223 / 29
Gaps: 0.00 %
Invariant sites: 77.58 %

Partition 18: ORF6_p1
Model: JC+B
Alignment sites / patterns: 62 / 7
Gaps: 0.00 %
Invariant sites: 93.55 %

Partition 19: ORF6_p2
Model: JC+B
Alignment sites / patterns: 62 / 6
Gaps: 0.00 %
Invariant sites: 96.77 %

Partition 20: ORF6_p3
Model: TN93ef+G4m+B
Alignment sites / patterns: 62 / 12
Gaps: 0.00 %
Invariant sites: 83.87 %

Partition 21: ORF7a_p1
Model: K80+B
Alignment sites / patterns: 122 / 11
Gaps: 0.00 %
Invariant sites: 90.98 %

Partition 22: ORF7a_p2
Model: K80+B
Alignment sites / patterns: 122 / 12
Gaps: 0.00 %
Invariant sites: 90.98 %

Partition 23: ORF7a_p3
Model: HKY+FO+I+B
Alignment sites / patterns: 122 / 17
Gaps: 0.00 %
Invariant sites: 77.87 %

Partition 24: ORF8_p1
Model: JC+I+B
Alignment sites / patterns: 122 / 13
Gaps: 0.00 %
Invariant sites: 92.62 %

Partition 25: ORF8_p2
Model: TPM3uf+FO+I+G4m+B
Alignment sites / patterns: 122 / 11
Gaps: 0.00 %
Invariant sites: 94.26 %

Partition 26: ORF8_p3
Model: HKY+FO+B
Alignment sites / patterns: 122 / 17
Gaps: 0.00 %
Invariant sites: 68.85 %

Partition 27: N_p1
Model: F81+FO+I+G4m+B
Alignment sites / patterns: 420 / 19
Gaps: 0.00 %
Invariant sites: 94.29 %

Partition 28: N_p2
Model: HKY+FO+I+G4m+B
Alignment sites / patterns: 420 / 20
Gaps: 0.00 %
Invariant sites: 95.24 %

Partition 29: N_p3
Model: HKY+FO+G4m+B
Alignment sites / patterns: 420 / 40
Gaps: 0.00 %
Invariant sites: 74.76 %

Partition 30: ORF10_p1
Model: JC+B
Alignment sites / patterns: 39 / 8
Gaps: 0.00 %
Invariant sites: 89.74 %

Partition 31: ORF10_p2
Model: JC+B
Alignment sites / patterns: 39 / 4
Gaps: 0.00 %
Invariant sites: 100.00 %

Partition 32: ORF10_p3
Model: JC+B
Alignment sites / patterns: 39 / 5
Gaps: 0.00 %
Invariant sites: 97.44 %


[00:00:00] Generating 8 random starting tree(s) with 285 taxa
[00:00:00] Generating 8 parsimony starting tree(s) with 285 taxa
[00:00:01] Data distribution: max. partitions/sites/weight per thread: 33 / 1014 / 11616

Starting ML tree search with 16 distinct starting trees

[00:00:01 -297506.862887] Initial branch length optimization
[00:00:03 -69959.988498] Model parameter optimization (eps = 10.000000)
[00:01:03 -63244.189974] AUTODETECT spr round 1 (radius: 5)
[00:01:20 -61204.928700] AUTODETECT spr round 2 (radius: 10)
[00:01:44 -60289.415665] AUTODETECT spr round 3 (radius: 15)
[00:02:15 -59734.704919] AUTODETECT spr round 4 (radius: 20)
[00:02:45 -59401.340023] AUTODETECT spr round 5 (radius: 25)
[00:03:15 -59344.998307] SPR radius for FAST iterations: 25 (autodetect)
[00:03:15 -59344.998307] Model parameter optimization (eps = 3.000000)
[00:04:11 -58912.230477] FAST spr round 1 (radius: 25)
[00:05:24 -58668.820065] FAST spr round 2 (radius: 25)
[00:06:11 -58668.752633] Model parameter optimization (eps = 1.000000)
[00:06:35 -58657.218022] SLOW spr round 1 (radius: 5)
[00:07:14 -58657.188184] SLOW spr round 2 (radius: 10)
[00:07:59 -58656.671956] SLOW spr round 3 (radius: 5)
[00:08:36 -58656.221355] SLOW spr round 4 (radius: 5)
[00:09:12 -58656.213116] SLOW spr round 5 (radius: 10)
[00:09:55 -58656.211380] SLOW spr round 6 (radius: 15)
[00:10:42 -58656.211378] SLOW spr round 7 (radius: 20)
[00:11:35 -58656.211378] SLOW spr round 8 (radius: 25)
[00:12:30 -58656.211378] Model parameter optimization (eps = 0.100000)

[00:13:04] ML tree search #1, logLikelihood: -58653.783561

[00:13:04 -297556.813634] Initial branch length optimization
[00:13:06 -70004.110947] Model parameter optimization (eps = 10.000000)
[00:14:04 -63193.733629] AUTODETECT spr round 1 (radius: 5)
[00:14:25 -61093.188144] AUTODETECT spr round 2 (radius: 10)
[00:14:55 -60312.122289] AUTODETECT spr round 3 (radius: 15)
[00:15:26 -59790.167057] AUTODETECT spr round 4 (radius: 20)
[00:16:05 -59565.484631] AUTODETECT spr round 5 (radius: 25)
[00:16:42 -59565.463245] SPR radius for FAST iterations: 20 (autodetect)
[00:16:42 -59565.463245] Model parameter optimization (eps = 3.000000)
[00:17:30 -59176.908850] FAST spr round 1 (radius: 20)
[00:18:38 -58784.891293] FAST spr round 2 (radius: 20)
[00:19:34 -58777.162861] FAST spr round 3 (radius: 20)
[00:20:23 -58776.439890] FAST spr round 4 (radius: 20)
[00:21:05 -58710.503157] FAST spr round 5 (radius: 20)
[00:21:38 -58710.485223] Model parameter optimization (eps = 1.000000)
[00:22:20 -58657.567514] SLOW spr round 1 (radius: 5)
[00:22:58 -58657.463714] SLOW spr round 2 (radius: 5)
[00:23:36 -58657.451521] SLOW spr round 3 (radius: 10)
[00:24:21 -58657.450856] SLOW spr round 4 (radius: 15)
[00:25:09 -58657.450851] SLOW spr round 5 (radius: 20)
[00:26:03 -58657.450851] SLOW spr round 6 (radius: 25)
[00:26:54 -58657.059993] SLOW spr round 7 (radius: 5)
[00:27:42 -58657.057145] SLOW spr round 8 (radius: 10)
[00:28:29 -58656.232655] SLOW spr round 9 (radius: 5)
[00:29:08 -58656.230668] SLOW spr round 10 (radius: 10)
[00:29:53 -58656.230208] SLOW spr round 11 (radius: 15)
[00:30:42 -58656.230206] SLOW spr round 12 (radius: 20)
[00:31:37 -58656.230206] SLOW spr round 13 (radius: 25)
[00:32:26 -58656.230206] Model parameter optimization (eps = 0.100000)

[00:32:51] ML tree search #2, logLikelihood: -58654.090834

[00:32:52 -297617.877745] Initial branch length optimization
[00:32:53 -70303.013643] Model parameter optimization (eps = 10.000000)
[00:33:49 -63335.820862] AUTODETECT spr round 1 (radius: 5)
[00:34:11 -61087.803881] AUTODETECT spr round 2 (radius: 10)
[00:34:41 -59997.612161] AUTODETECT spr round 3 (radius: 15)
[00:35:17 -59560.555689] AUTODETECT spr round 4 (radius: 20)
[00:35:57 -59412.841224] AUTODETECT spr round 5 (radius: 25)
[00:36:34 -59412.839029] SPR radius for FAST iterations: 20 (autodetect)
[00:36:34 -59412.839029] Model parameter optimization (eps = 3.000000)
[00:37:32 -58980.380063] FAST spr round 1 (radius: 20)
[00:38:45 -58650.895810] FAST spr round 2 (radius: 20)
[00:39:36 -58650.835777] Model parameter optimization (eps = 1.000000)
[00:40:11 -58606.733392] SLOW spr round 1 (radius: 5)
[00:40:53 -58605.913417] SLOW spr round 2 (radius: 5)
[00:41:29 -58605.912754] SLOW spr round 3 (radius: 10)
[00:42:14 -58605.894879] SLOW spr round 4 (radius: 15)
[00:43:08 -58605.533388] SLOW spr round 5 (radius: 5)
[00:43:52 -58605.509489] SLOW spr round 6 (radius: 10)
[00:44:39 -58605.509415] SLOW spr round 7 (radius: 15)
[00:45:31 -58605.509413] SLOW spr round 8 (radius: 20)
[00:46:29 -58605.509413] SLOW spr round 9 (radius: 25)
[00:47:20 -58605.509413] Model parameter optimization (eps = 0.100000)

[00:47:43] ML tree search #3, logLikelihood: -58603.371001

[00:47:43 -297673.636651] Initial branch length optimization
[00:47:45 -70453.166976] Model parameter optimization (eps = 10.000000)
[00:48:38 -63372.602926] AUTODETECT spr round 1 (radius: 5)
[00:48:59 -61105.089720] AUTODETECT spr round 2 (radius: 10)
[00:49:27 -60137.436618] AUTODETECT spr round 3 (radius: 15)
[00:49:59 -59615.535918] AUTODETECT spr round 4 (radius: 20)
[00:50:36 -59473.212231] AUTODETECT spr round 5 (radius: 25)
[00:51:18 -59456.278021] SPR radius for FAST iterations: 25 (autodetect)
[00:51:18 -59456.278021] Model parameter optimization (eps = 3.000000)
[00:52:16 -58956.436192] FAST spr round 1 (radius: 25)
[00:53:47 -58627.302163] FAST spr round 2 (radius: 25)
[00:54:46 -58624.260896] FAST spr round 3 (radius: 25)
[00:55:31 -58624.231088] Model parameter optimization (eps = 1.000000)
[00:55:59 -58605.400530] SLOW spr round 1 (radius: 5)
[00:56:41 -58605.374414] SLOW spr round 2 (radius: 10)
[00:57:29 -58605.373924] SLOW spr round 3 (radius: 15)
[00:58:21 -58605.373910] SLOW spr round 4 (radius: 20)
[00:59:20 -58605.010607] SLOW spr round 5 (radius: 5)
[01:00:07 -58604.985865] SLOW spr round 6 (radius: 10)
[01:00:55 -58604.985803] SLOW spr round 7 (radius: 15)
[01:01:45 -58604.985802] SLOW spr round 8 (radius: 20)
[01:02:43 -58604.985802] SLOW spr round 9 (radius: 25)
[01:03:32 -58604.985802] Model parameter optimization (eps = 0.100000)

[01:03:51] ML tree search #4, logLikelihood: -58603.479052

[01:03:51 -297629.772918] Initial branch length optimization
[01:03:53 -70267.504058] Model parameter optimization (eps = 10.000000)
[01:04:45 -63319.389460] AUTODETECT spr round 1 (radius: 5)
[01:05:07 -61117.928807] AUTODETECT spr round 2 (radius: 10)
[01:05:37 -60122.522173] AUTODETECT spr round 3 (radius: 15)
[01:06:16 -59622.284356] AUTODETECT spr round 4 (radius: 20)
[01:06:59 -59523.781894] AUTODETECT spr round 5 (radius: 25)
[01:07:39 -59478.842049] SPR radius for FAST iterations: 25 (autodetect)
[01:07:39 -59478.842049] Model parameter optimization (eps = 3.000000)
[01:08:40 -59044.630902] FAST spr round 1 (radius: 25)
[01:10:12 -58661.090144] FAST spr round 2 (radius: 25)
[01:11:19 -58658.513003] FAST spr round 3 (radius: 25)
[01:12:05 -58658.512926] Model parameter optimization (eps = 1.000000)
[01:12:46 -58605.543041] SLOW spr round 1 (radius: 5)
[01:13:28 -58605.515160] SLOW spr round 2 (radius: 10)
[01:14:16 -58605.514555] SLOW spr round 3 (radius: 15)
[01:15:07 -58605.514537] SLOW spr round 4 (radius: 20)
[01:15:53 -58605.151318] SLOW spr round 5 (radius: 5)
[01:16:42 -58605.126378] SLOW spr round 6 (radius: 10)
[01:17:36 -58605.126315] SLOW spr round 7 (radius: 15)
[01:18:27 -58605.126313] SLOW spr round 8 (radius: 20)
[01:19:13 -58605.126313] SLOW spr round 9 (radius: 25)
[01:19:57 -58605.126313] Model parameter optimization (eps = 0.100000)

[01:20:24] ML tree search #5, logLikelihood: -58603.427396

[01:20:24 -297678.138228] Initial branch length optimization
[01:20:26 -70388.573259] Model parameter optimization (eps = 10.000000)
[01:21:20 -63359.537441] AUTODETECT spr round 1 (radius: 5)
[01:21:43 -61053.815743] AUTODETECT spr round 2 (radius: 10)
[01:22:15 -60147.343896] AUTODETECT spr round 3 (radius: 15)
[01:22:51 -59781.716756] AUTODETECT spr round 4 (radius: 20)
[01:23:29 -59643.531838] AUTODETECT spr round 5 (radius: 25)
[01:24:09 -59487.978815] SPR radius for FAST iterations: 25 (autodetect)
[01:24:09 -59487.978815] Model parameter optimization (eps = 3.000000)
[01:25:07 -59017.407149] FAST spr round 1 (radius: 25)
[01:26:27 -58725.876145] FAST spr round 2 (radius: 25)
[01:27:32 -58653.472367] FAST spr round 3 (radius: 25)
[01:28:25 -58653.424023] Model parameter optimization (eps = 1.000000)
[01:29:08 -58606.344354] SLOW spr round 1 (radius: 5)
[01:29:52 -58605.126254] SLOW spr round 2 (radius: 5)
[01:30:32 -58605.100446] SLOW spr round 3 (radius: 10)
[01:31:22 -58605.085930] SLOW spr round 4 (radius: 15)
[01:32:16 -58605.085924] SLOW spr round 5 (radius: 20)
[01:33:09 -58605.085924] SLOW spr round 6 (radius: 25)
[01:33:56 -58605.085924] Model parameter optimization (eps = 0.100000)

[01:34:21] ML tree search #6, logLikelihood: -58603.338107

[01:34:21 -297685.644640] Initial branch length optimization
[01:34:23 -70414.813760] Model parameter optimization (eps = 10.000000)
[01:35:13 -63394.808520] AUTODETECT spr round 1 (radius: 5)
[01:35:38 -61217.403481] AUTODETECT spr round 2 (radius: 10)
[01:36:08 -60268.885475] AUTODETECT spr round 3 (radius: 15)
[01:36:46 -59591.257747] AUTODETECT spr round 4 (radius: 20)
[01:37:27 -59452.839206] AUTODETECT spr round 5 (radius: 25)
[01:38:04 -59434.028257] SPR radius for FAST iterations: 25 (autodetect)
[01:38:04 -59434.028257] Model parameter optimization (eps = 3.000000)
[01:39:02 -58987.202842] FAST spr round 1 (radius: 25)
[01:40:22 -58659.261693] FAST spr round 2 (radius: 25)
[01:41:25 -58652.660909] FAST spr round 3 (radius: 25)
[01:42:11 -58652.660350] Model parameter optimization (eps = 1.000000)
[01:42:54 -58606.291040] SLOW spr round 1 (radius: 5)
[01:43:35 -58606.263725] SLOW spr round 2 (radius: 10)
[01:44:23 -58605.433177] SLOW spr round 3 (radius: 5)
[01:45:02 -58605.433051] SLOW spr round 4 (radius: 10)
[01:45:49 -58605.433048] SLOW spr round 5 (radius: 15)
[01:46:40 -58605.433047] SLOW spr round 6 (radius: 20)
[01:47:44 -58605.433047] SLOW spr round 7 (radius: 25)
[01:48:45 -58605.433047] Model parameter optimization (eps = 0.100000)

[01:49:13] ML tree search #7, logLikelihood: -58604.443269

[01:49:13 -297631.093249] Initial branch length optimization
[01:49:14 -70272.414314] Model parameter optimization (eps = 10.000000)
[01:50:13 -63306.911977] AUTODETECT spr round 1 (radius: 5)
[01:50:38 -61139.747066] AUTODETECT spr round 2 (radius: 10)
[01:51:09 -60090.869502] AUTODETECT spr round 3 (radius: 15)
[01:51:45 -59603.247197] AUTODETECT spr round 4 (radius: 20)
[01:52:26 -59486.989704] AUTODETECT spr round 5 (radius: 25)
[01:53:07 -59421.995595] SPR radius for FAST iterations: 25 (autodetect)
[01:53:07 -59421.995595] Model parameter optimization (eps = 3.000000)
[01:54:14 -58954.158404] FAST spr round 1 (radius: 25)
[01:55:30 -58707.817920] FAST spr round 2 (radius: 25)
[01:56:29 -58668.583978] FAST spr round 3 (radius: 25)
[01:57:13 -58668.578252] Model parameter optimization (eps = 1.000000)
[01:57:37 -58656.893197] SLOW spr round 1 (radius: 5)
[01:58:17 -58656.864336] SLOW spr round 2 (radius: 10)
[01:59:10 -58656.336863] SLOW spr round 3 (radius: 5)
[01:59:53 -58656.248285] SLOW spr round 4 (radius: 10)
[02:00:45 -58656.238866] SLOW spr round 5 (radius: 15)
[02:01:37 -58656.238864] SLOW spr round 6 (radius: 20)
[02:02:35 -58655.874072] SLOW spr round 7 (radius: 5)
[02:03:26 -58655.872727] SLOW spr round 8 (radius: 10)
[02:04:15 -58655.872426] SLOW spr round 9 (radius: 15)
[02:05:08 -58655.872132] SLOW spr round 10 (radius: 20)
[02:06:07 -58655.872131] SLOW spr round 11 (radius: 25)
[02:07:05 -58655.872131] Model parameter optimization (eps = 0.100000)

[02:07:29] ML tree search #8, logLikelihood: -58653.823936

[02:07:30 -291927.716066] Initial branch length optimization
[02:07:31 -62058.234014] Model parameter optimization (eps = 10.000000)
[02:07:53 -58613.857544] AUTODETECT spr round 1 (radius: 5)
[02:08:15 -58610.193760] AUTODETECT spr round 2 (radius: 10)
[02:08:42 -58608.157407] AUTODETECT spr round 3 (radius: 15)
[02:09:18 -58608.151309] SPR radius for FAST iterations: 10 (autodetect)
[02:09:18 -58608.151309] Model parameter optimization (eps = 3.000000)
[02:09:22 -58605.744532] FAST spr round 1 (radius: 10)
[02:10:00 -58605.678468] Model parameter optimization (eps = 1.000000)
[02:10:04 -58604.890486] SLOW spr round 1 (radius: 5)
[02:10:52 -58604.859275] SLOW spr round 2 (radius: 10)
[02:11:39 -58604.858677] SLOW spr round 3 (radius: 15)
[02:12:31 -58604.858677] SLOW spr round 4 (radius: 20)
[02:13:26 -58604.858677] SLOW spr round 5 (radius: 25)
[02:14:21 -58604.858677] Model parameter optimization (eps = 0.100000)

[02:14:40] ML tree search #9, logLikelihood: -58604.113017

[02:14:40 -291933.494480] Initial branch length optimization
[02:14:41 -62059.520205] Model parameter optimization (eps = 10.000000)
[02:15:09 -58609.091902] AUTODETECT spr round 1 (radius: 5)
[02:15:33 -58606.586571] AUTODETECT spr round 2 (radius: 10)
[02:16:02 -58606.558069] SPR radius for FAST iterations: 5 (autodetect)
[02:16:02 -58606.558069] Model parameter optimization (eps = 3.000000)
[02:16:08 -58605.272721] FAST spr round 1 (radius: 5)
[02:16:40 -58605.228706] Model parameter optimization (eps = 1.000000)
[02:16:44 -58604.723697] SLOW spr round 1 (radius: 5)
[02:17:28 -58604.692985] SLOW spr round 2 (radius: 10)
[02:18:13 -58604.691512] SLOW spr round 3 (radius: 15)
[02:18:58 -58604.691510] SLOW spr round 4 (radius: 20)
[02:19:46 -58604.691510] SLOW spr round 5 (radius: 25)
[02:20:41 -58604.691510] Model parameter optimization (eps = 0.100000)

[02:21:02] ML tree search #10, logLikelihood: -58604.084968

[02:21:02 -291930.503552] Initial branch length optimization
[02:21:04 -62061.524147] Model parameter optimization (eps = 10.000000)
[02:21:27 -58611.912202] AUTODETECT spr round 1 (radius: 5)
[02:21:50 -58609.990367] AUTODETECT spr round 2 (radius: 10)
[02:22:19 -58608.587249] AUTODETECT spr round 3 (radius: 15)
[02:22:53 -58608.582292] SPR radius for FAST iterations: 10 (autodetect)
[02:22:53 -58608.582292] Model parameter optimization (eps = 3.000000)
[02:22:58 -58607.251103] FAST spr round 1 (radius: 10)
[02:23:37 -58607.208057] Model parameter optimization (eps = 1.000000)
[02:23:41 -58606.679948] SLOW spr round 1 (radius: 5)
[02:24:28 -58606.651493] SLOW spr round 2 (radius: 10)
[02:25:11 -58606.651449] SLOW spr round 3 (radius: 15)
[02:25:59 -58606.651449] SLOW spr round 4 (radius: 20)
[02:26:52 -58604.747479] SLOW spr round 5 (radius: 5)
[02:27:37 -58604.746192] SLOW spr round 6 (radius: 10)
[02:28:21 -58604.745756] SLOW spr round 7 (radius: 15)
[02:29:07 -58604.745756] SLOW spr round 8 (radius: 20)
[02:29:59 -58604.745756] SLOW spr round 9 (radius: 25)
[02:30:52 -58604.745756] Model parameter optimization (eps = 0.100000)

[02:31:12] ML tree search #11, logLikelihood: -58604.102811

[02:31:12 -291929.902516] Initial branch length optimization
[02:31:14 -62066.585821] Model parameter optimization (eps = 10.000000)
[02:31:38 -58621.734461] AUTODETECT spr round 1 (radius: 5)
[02:32:02 -58611.602524] AUTODETECT spr round 2 (radius: 10)
[02:32:32 -58611.586382] SPR radius for FAST iterations: 5 (autodetect)
[02:32:32 -58611.586382] Model parameter optimization (eps = 3.000000)
[02:32:37 -58609.520498] FAST spr round 1 (radius: 5)
[02:33:09 -58609.472099] Model parameter optimization (eps = 1.000000)
[02:33:13 -58608.928019] SLOW spr round 1 (radius: 5)
[02:33:59 -58608.897115] SLOW spr round 2 (radius: 10)
[02:34:44 -58608.896178] SLOW spr round 3 (radius: 15)
[02:35:35 -58608.896177] SLOW spr round 4 (radius: 20)
[02:36:24 -58605.048345] SLOW spr round 5 (radius: 5)
[02:37:10 -58605.026285] SLOW spr round 6 (radius: 10)
[02:37:53 -58605.026234] SLOW spr round 7 (radius: 15)
[02:38:40 -58605.026234] SLOW spr round 8 (radius: 20)
[02:39:31 -58605.026234] SLOW spr round 9 (radius: 25)
[02:40:20 -58605.026234] Model parameter optimization (eps = 0.100000)

[02:40:39] ML tree search #12, logLikelihood: -58604.119632

[02:40:40 -291934.407270] Initial branch length optimization
[02:40:41 -62066.667631] Model parameter optimization (eps = 10.000000)
[02:41:05 -58617.819871] AUTODETECT spr round 1 (radius: 5)
[02:41:27 -58606.668872] AUTODETECT spr round 2 (radius: 10)
[02:41:55 -58606.642377] SPR radius for FAST iterations: 5 (autodetect)
[02:41:55 -58606.642377] Model parameter optimization (eps = 3.000000)
[02:42:00 -58605.312879] FAST spr round 1 (radius: 5)
[02:42:29 -58605.266666] Model parameter optimization (eps = 1.000000)
[02:42:32 -58604.741839] SLOW spr round 1 (radius: 5)
[02:43:15 -58604.709651] SLOW spr round 2 (radius: 10)
[02:44:00 -58604.708622] SLOW spr round 3 (radius: 15)
[02:44:45 -58604.708621] SLOW spr round 4 (radius: 20)
[02:45:35 -58604.708621] SLOW spr round 5 (radius: 25)
[02:46:24 -58604.708621] Model parameter optimization (eps = 0.100000)

[02:46:41] ML tree search #13, logLikelihood: -58604.099537

[02:46:41 -291934.111870] Initial branch length optimization
[02:46:42 -62076.758321] Model parameter optimization (eps = 10.000000)
[02:47:05 -58633.087731] AUTODETECT spr round 1 (radius: 5)
[02:47:27 -58620.410357] AUTODETECT spr round 2 (radius: 10)
[02:47:55 -58611.647993] AUTODETECT spr round 3 (radius: 15)
[02:48:25 -58611.645357] SPR radius for FAST iterations: 10 (autodetect)
[02:48:25 -58611.645357] Model parameter optimization (eps = 3.000000)
[02:48:30 -58609.543869] FAST spr round 1 (radius: 10)
[02:49:07 -58609.493903] Model parameter optimization (eps = 1.000000)
[02:49:11 -58608.934104] SLOW spr round 1 (radius: 5)
[02:49:56 -58608.905707] SLOW spr round 2 (radius: 10)
[02:50:40 -58608.904942] SLOW spr round 3 (radius: 15)
[02:51:24 -58608.890564] SLOW spr round 4 (radius: 20)
[02:52:09 -58605.043497] SLOW spr round 5 (radius: 5)
[02:52:54 -58605.021649] SLOW spr round 6 (radius: 10)
[02:53:38 -58605.021567] SLOW spr round 7 (radius: 15)
[02:54:22 -58605.021566] SLOW spr round 8 (radius: 20)
[02:55:05 -58605.021277] SLOW spr round 9 (radius: 25)
[02:55:51 -58605.021277] Model parameter optimization (eps = 0.100000)

[02:56:11] ML tree search #14, logLikelihood: -58604.114491

[02:56:11 -291928.259556] Initial branch length optimization
[02:56:12 -62059.482241] Model parameter optimization (eps = 10.000000)
[02:56:34 -58609.655087] AUTODETECT spr round 1 (radius: 5)
[02:56:58 -58608.120105] AUTODETECT spr round 2 (radius: 10)
[02:57:27 -58608.095614] SPR radius for FAST iterations: 5 (autodetect)
[02:57:27 -58608.095614] Model parameter optimization (eps = 3.000000)
[02:57:32 -58606.747680] FAST spr round 1 (radius: 5)
[02:58:02 -58606.698839] Model parameter optimization (eps = 1.000000)
[02:58:06 -58606.136019] SLOW spr round 1 (radius: 5)
[02:58:50 -58606.093252] SLOW spr round 2 (radius: 10)
[02:59:35 -58606.091601] SLOW spr round 3 (radius: 15)
[03:00:21 -58606.091601] SLOW spr round 4 (radius: 20)
[03:01:08 -58605.452836] SLOW spr round 5 (radius: 5)
[03:01:58 -58605.413046] SLOW spr round 6 (radius: 10)
[03:02:46 -58605.413012] SLOW spr round 7 (radius: 15)
[03:03:35 -58605.413011] SLOW spr round 8 (radius: 20)
[03:04:23 -58605.413011] SLOW spr round 9 (radius: 25)
[03:05:11 -58605.412876] Model parameter optimization (eps = 0.100000)

[03:05:29] ML tree search #15, logLikelihood: -58604.058414

[03:05:29 -291927.730793] Initial branch length optimization
[03:05:30 -62059.580969] Model parameter optimization (eps = 10.000000)
[03:05:54 -58615.780263] AUTODETECT spr round 1 (radius: 5)
[03:06:18 -58610.736136] AUTODETECT spr round 2 (radius: 10)
[03:06:47 -58610.721519] SPR radius for FAST iterations: 5 (autodetect)
[03:06:47 -58610.721519] Model parameter optimization (eps = 3.000000)
[03:06:52 -58609.035402] FAST spr round 1 (radius: 5)
[03:07:21 -58608.969967] Model parameter optimization (eps = 1.000000)
[03:07:26 -58608.185052] SLOW spr round 1 (radius: 5)
[03:08:11 -58608.154237] SLOW spr round 2 (radius: 10)
[03:09:00 -58606.247274] SLOW spr round 3 (radius: 5)
[03:09:41 -58606.246020] SLOW spr round 4 (radius: 10)
[03:10:29 -58606.246020] SLOW spr round 5 (radius: 15)
[03:11:16 -58606.246020] SLOW spr round 6 (radius: 20)
[03:12:04 -58606.246020] SLOW spr round 7 (radius: 25)
[03:12:49 -58606.246020] Model parameter optimization (eps = 0.100000)

[03:13:19] ML tree search #16, logLikelihood: -58605.207030



Final LogLikelihood: -58603.338107

AIC score: 118626.676214 / AICc score: 118662.183705 / BIC score: 124505.503656
Free parameters (model + branch lengths): 710

Best ML tree saved to: /home/hikoyu/analysis/Genome/SARS-CoV-2/phylogeny/RAxML-NG/DNA/part/sep/SARS-CoV-2_200407.6.raxml.bestTree
All ML trees saved to: /home/hikoyu/analysis/Genome/SARS-CoV-2/phylogeny/RAxML-NG/DNA/part/sep/SARS-CoV-2_200407.6.raxml.mlTrees
Optimized model saved to: /home/hikoyu/analysis/Genome/SARS-CoV-2/phylogeny/RAxML-NG/DNA/part/sep/SARS-CoV-2_200407.6.raxml.bestModel

Execution log saved to: /home/hikoyu/analysis/Genome/SARS-CoV-2/phylogeny/RAxML-NG/DNA/part/sep/SARS-CoV-2_200407.6.raxml.log

Analysis started: 12-Apr-2020 07:40:12 / finished: 12-Apr-2020 10:53:32

Elapsed time: 11599.671 seconds

