
RAxML-NG v. 0.9.0 released on 20.05.2019 by The Exelixis Lab.
Developed by: Alexey M. Kozlov and Alexandros Stamatakis.
Contributors: Diego Darriba, Tomas Flouri, Benoit Morel, Sarah Lutteropp, Ben Bettisworth.
Latest version: https://github.com/amkozlov/raxml-ng
Questions/problems/suggestions? Please visit: https://groups.google.com/forum/#!forum/raxml

RAxML-NG was called at 19-Mar-2020 12:50:17 as follows:

raxml-ng --threads 1 --bootstrap --bs-trees 83 --seed 1671061347 --prefix phylogeny/RAxML-NG/DNA/part/sep/SARS-CoV-2_200318.4 --msa phylogeny/RAxML-NG/DNA/part/sep/SARS-CoV-2_200318.raxml.rba --outgroup MG772933.1

Analysis options:
  run mode: Bootstrapping
  start tree(s): 
  bootstrap replicates: 83
  random seed: 1671061347
  tip-inner: OFF
  pattern compression: ON
  per-rate scalers: OFF
  site repeats: ON
  branch lengths: proportional (ML estimate, algorithm: NR-FAST)
  SIMD kernels: AVX2
  parallelization: NONE/sequential

[00:00:00] Loading binary alignment from file: phylogeny/RAxML-NG/DNA/part/sep/SARS-CoV-2_200318.raxml.rba
[00:00:00] Alignment comprises 74 taxa, 33 partitions and 767 patterns

Partition 0: orf1ab_U_p1
Model: TIM3+I+B
Alignment sites / patterns: 4405 / 59
Gaps: 0.10 %
Invariant sites: 95.30 %

Partition 1: orf1ab_U_p2
Model: HKY+FO+I+B
Alignment sites / patterns: 4405 / 64
Gaps: 0.10 %
Invariant sites: 96.82 %

Partition 2: orf1ab_U_p3
Model: TN93+FO+G4m+B
Alignment sites / patterns: 4405 / 84
Gaps: 0.10 %
Invariant sites: 73.94 %

Partition 3: orf1ab_D_p1
Model: TN93+FO+I+B
Alignment sites / patterns: 2697 / 34
Gaps: 0.04 %
Invariant sites: 93.36 %

Partition 4: orf1ab_D_p2
Model: HKY+FO+I+G4m+B
Alignment sites / patterns: 2697 / 32
Gaps: 0.04 %
Invariant sites: 98.11 %

Partition 5: orf1ab_D_p3
Model: TPM3uf+FO+G4m+B
Alignment sites / patterns: 2697 / 59
Gaps: 0.04 %
Invariant sites: 62.51 %

Partition 6: S_p1
Model: TN93+FO+I+B
Alignment sites / patterns: 1274 / 43
Gaps: 0.05 %
Invariant sites: 83.05 %

Partition 7: S_p2
Model: F81+FO+B
Alignment sites / patterns: 1274 / 38
Gaps: 0.05 %
Invariant sites: 90.27 %

Partition 8: S_p3
Model: HKY+FO+I+B
Alignment sites / patterns: 1274 / 69
Gaps: 0.05 %
Invariant sites: 50.24 %

Partition 9: ORF3a_p1
Model: JC+I+B
Alignment sites / patterns: 276 / 20
Gaps: 0.00 %
Invariant sites: 90.58 %

Partition 10: ORF3a_p2
Model: JC+I+G4m+B
Alignment sites / patterns: 276 / 14
Gaps: 0.00 %
Invariant sites: 95.65 %

Partition 11: ORF3a_p3
Model: HKY+FO+I+B
Alignment sites / patterns: 276 / 22
Gaps: 0.00 %
Invariant sites: 70.65 %

Partition 12: E_p1
Model: JC+B
Alignment sites / patterns: 76 / 5
Gaps: 0.00 %
Invariant sites: 98.68 %

Partition 13: E_p2
Model: JC+B
Alignment sites / patterns: 76 / 5
Gaps: 0.00 %
Invariant sites: 98.68 %

Partition 14: E_p3
Model: JC+B
Alignment sites / patterns: 76 / 6
Gaps: 0.00 %
Invariant sites: 97.37 %

Partition 15: M_p1
Model: TN93ef+B
Alignment sites / patterns: 223 / 9
Gaps: 0.01 %
Invariant sites: 95.52 %

Partition 16: M_p2
Model: JC+I+B
Alignment sites / patterns: 223 / 7
Gaps: 0.01 %
Invariant sites: 99.10 %

Partition 17: M_p3
Model: K80+I+B
Alignment sites / patterns: 223 / 28
Gaps: 0.01 %
Invariant sites: 78.03 %

Partition 18: ORF6_p1
Model: JC+B
Alignment sites / patterns: 62 / 6
Gaps: 0.00 %
Invariant sites: 95.16 %

Partition 19: ORF6_p2
Model: JC+B
Alignment sites / patterns: 62 / 6
Gaps: 0.00 %
Invariant sites: 96.77 %

Partition 20: ORF6_p3
Model: JC+B
Alignment sites / patterns: 62 / 9
Gaps: 0.00 %
Invariant sites: 88.71 %

Partition 21: ORF7a_p1
Model: K80+B
Alignment sites / patterns: 122 / 11
Gaps: 0.00 %
Invariant sites: 90.98 %

Partition 22: ORF7a_p2
Model: K80+B
Alignment sites / patterns: 122 / 10
Gaps: 0.00 %
Invariant sites: 92.62 %

Partition 23: ORF7a_p3
Model: HKY+FO+I+B
Alignment sites / patterns: 122 / 16
Gaps: 0.00 %
Invariant sites: 78.69 %

Partition 24: ORF8_p1
Model: JC+I+B
Alignment sites / patterns: 122 / 12
Gaps: 0.00 %
Invariant sites: 93.44 %

Partition 25: ORF8_p2
Model: K80+I+G4m+B
Alignment sites / patterns: 122 / 9
Gaps: 0.00 %
Invariant sites: 95.90 %

Partition 26: ORF8_p3
Model: HKY+FO+B
Alignment sites / patterns: 122 / 16
Gaps: 0.00 %
Invariant sites: 69.67 %

Partition 27: N_p1
Model: JC+I+B
Alignment sites / patterns: 420 / 15
Gaps: 0.00 %
Invariant sites: 95.24 %

Partition 28: N_p2
Model: F81+FO+B
Alignment sites / patterns: 420 / 15
Gaps: 0.00 %
Invariant sites: 96.19 %

Partition 29: N_p3
Model: HKY+FO+G4m+B
Alignment sites / patterns: 420 / 29
Gaps: 0.00 %
Invariant sites: 76.67 %

Partition 30: ORF10_p1
Model: JC+B
Alignment sites / patterns: 39 / 6
Gaps: 0.00 %
Invariant sites: 94.87 %

Partition 31: ORF10_p2
Model: JC+B
Alignment sites / patterns: 39 / 4
Gaps: 0.00 %
Invariant sites: 100.00 %

Partition 32: ORF10_p3
Model: JC+B
Alignment sites / patterns: 39 / 5
Gaps: 0.00 %
Invariant sites: 97.44 %


[00:00:00] Data distribution: max. partitions/sites/weight per thread: 33 / 767 / 5792
[00:00:00] Starting bootstrapping analysis with 83 replicates.

[00:00:41] Bootstrap tree #1, logLikelihood: -55644.286235
[00:01:27] Bootstrap tree #2, logLikelihood: -55641.894057
[00:02:15] Bootstrap tree #3, logLikelihood: -56237.272241
[00:03:23] Bootstrap tree #4, logLikelihood: -55984.477795
[00:04:27] Bootstrap tree #5, logLikelihood: -56467.022812
[00:05:28] Bootstrap tree #6, logLikelihood: -56113.046020
[00:06:30] Bootstrap tree #7, logLikelihood: -56206.685450
[00:07:24] Bootstrap tree #8, logLikelihood: -56055.979805
[00:08:29] Bootstrap tree #9, logLikelihood: -56114.686071
[00:09:32] Bootstrap tree #10, logLikelihood: -55773.808405
[00:10:20] Bootstrap tree #11, logLikelihood: -55710.508494
[00:11:19] Bootstrap tree #12, logLikelihood: -55789.982924
[00:12:14] Bootstrap tree #13, logLikelihood: -56003.270384
[00:13:04] Bootstrap tree #14, logLikelihood: -56280.020561
[00:14:01] Bootstrap tree #15, logLikelihood: -56306.087732
[00:15:03] Bootstrap tree #16, logLikelihood: -55787.226683
[00:15:58] Bootstrap tree #17, logLikelihood: -56230.553568
[00:16:54] Bootstrap tree #18, logLikelihood: -55740.774902
[00:17:47] Bootstrap tree #19, logLikelihood: -55773.577004
[00:18:44] Bootstrap tree #20, logLikelihood: -55710.825455
[00:19:40] Bootstrap tree #21, logLikelihood: -56101.729126
[00:20:38] Bootstrap tree #22, logLikelihood: -55893.077850
[00:21:29] Bootstrap tree #23, logLikelihood: -55895.232986
[00:22:29] Bootstrap tree #24, logLikelihood: -56339.959320
[00:23:26] Bootstrap tree #25, logLikelihood: -56103.816730
[00:24:26] Bootstrap tree #26, logLikelihood: -56120.962008
[00:25:40] Bootstrap tree #27, logLikelihood: -55640.943643
[00:26:33] Bootstrap tree #28, logLikelihood: -55858.901679
[00:27:30] Bootstrap tree #29, logLikelihood: -55912.637367
[00:28:28] Bootstrap tree #30, logLikelihood: -56111.286216
[00:29:21] Bootstrap tree #31, logLikelihood: -56148.502845
[00:30:19] Bootstrap tree #32, logLikelihood: -56014.960250
[00:31:23] Bootstrap tree #33, logLikelihood: -55820.703905
[00:32:16] Bootstrap tree #34, logLikelihood: -55918.540426
[00:33:09] Bootstrap tree #35, logLikelihood: -55706.875962
[00:34:12] Bootstrap tree #36, logLikelihood: -55852.358618
[00:35:11] Bootstrap tree #37, logLikelihood: -56130.006581
[00:36:11] Bootstrap tree #38, logLikelihood: -55981.411637
[00:37:09] Bootstrap tree #39, logLikelihood: -55848.310943
[00:38:20] Bootstrap tree #40, logLikelihood: -56060.636851
[00:39:19] Bootstrap tree #41, logLikelihood: -56083.179368
[00:40:23] Bootstrap tree #42, logLikelihood: -56157.696151
[00:41:18] Bootstrap tree #43, logLikelihood: -56072.436973
[00:42:24] Bootstrap tree #44, logLikelihood: -55656.652703
[00:43:19] Bootstrap tree #45, logLikelihood: -56262.263398
[00:44:20] Bootstrap tree #46, logLikelihood: -56117.243589
[00:45:25] Bootstrap tree #47, logLikelihood: -55980.911874
[00:46:39] Bootstrap tree #48, logLikelihood: -55966.480161
[00:47:36] Bootstrap tree #49, logLikelihood: -56285.758725
[00:48:52] Bootstrap tree #50, logLikelihood: -55713.222473
[00:49:51] Bootstrap tree #51, logLikelihood: -55856.750836
[00:50:54] Bootstrap tree #52, logLikelihood: -55434.111775
[00:51:48] Bootstrap tree #53, logLikelihood: -55446.911074
[00:52:52] Bootstrap tree #54, logLikelihood: -56055.875247
[00:53:51] Bootstrap tree #55, logLikelihood: -55945.725769
[00:54:57] Bootstrap tree #56, logLikelihood: -55938.459581
[00:55:59] Bootstrap tree #57, logLikelihood: -56102.208060
[00:57:06] Bootstrap tree #58, logLikelihood: -56084.595312
[00:58:01] Bootstrap tree #59, logLikelihood: -55594.765623
[00:59:11] Bootstrap tree #60, logLikelihood: -55850.034411
[01:00:06] Bootstrap tree #61, logLikelihood: -55545.492339
[01:01:03] Bootstrap tree #62, logLikelihood: -56226.823828
[01:02:05] Bootstrap tree #63, logLikelihood: -55932.676417
[01:03:05] Bootstrap tree #64, logLikelihood: -56073.442651
[01:03:58] Bootstrap tree #65, logLikelihood: -55963.120676
[01:05:11] Bootstrap tree #66, logLikelihood: -55437.667992
[01:06:14] Bootstrap tree #67, logLikelihood: -55990.645195
[01:07:19] Bootstrap tree #68, logLikelihood: -55790.611117
[01:08:20] Bootstrap tree #69, logLikelihood: -55718.982825
[01:09:49] Bootstrap tree #70, logLikelihood: -55772.595496
[01:10:46] Bootstrap tree #71, logLikelihood: -55589.714033
[01:11:44] Bootstrap tree #72, logLikelihood: -55710.299152
[01:12:43] Bootstrap tree #73, logLikelihood: -56130.364243
[01:13:56] Bootstrap tree #74, logLikelihood: -56206.771655
[01:14:50] Bootstrap tree #75, logLikelihood: -55964.402314
[01:16:02] Bootstrap tree #76, logLikelihood: -56289.709373
[01:17:00] Bootstrap tree #77, logLikelihood: -55871.852493
[01:17:56] Bootstrap tree #78, logLikelihood: -56200.019976
[01:19:05] Bootstrap tree #79, logLikelihood: -56281.145781
[01:20:05] Bootstrap tree #80, logLikelihood: -56045.478866
[01:21:21] Bootstrap tree #81, logLikelihood: -56026.674621
[01:22:16] Bootstrap tree #82, logLikelihood: -55870.640838
[01:23:13] Bootstrap tree #83, logLikelihood: -56533.183331

Bootstrap trees saved to: /home/hikoyu/analysis/Genome/SARS-CoV-2/phylogeny/RAxML-NG/DNA/part/sep/SARS-CoV-2_200318.4.raxml.bootstraps

Execution log saved to: /home/hikoyu/analysis/Genome/SARS-CoV-2/phylogeny/RAxML-NG/DNA/part/sep/SARS-CoV-2_200318.4.raxml.log

Analysis started: 19-Mar-2020 12:50:17 / finished: 19-Mar-2020 14:13:30

Elapsed time: 4993.203 seconds

