
RAxML-NG v. 0.9.0 released on 20.05.2019 by The Exelixis Lab.
Developed by: Alexey M. Kozlov and Alexandros Stamatakis.
Contributors: Diego Darriba, Tomas Flouri, Benoit Morel, Sarah Lutteropp, Ben Bettisworth.
Latest version: https://github.com/amkozlov/raxml-ng
Questions/problems/suggestions? Please visit: https://groups.google.com/forum/#!forum/raxml

RAxML-NG was called at 22-Mar-2020 03:56:24 as follows:

raxml-ng --threads 1 --search --tree rand{8},pars{8} --seed 4169387267 --prefix phylogeny/RAxML-NG/DNA/part/sep/SARS-CoV-2_200320.8 --msa phylogeny/RAxML-NG/DNA/part/sep/SARS-CoV-2_200320.raxml.rba --outgroup MG772933.1

Analysis options:
  run mode: ML tree search
  start tree(s): random (8) + parsimony (8)
  random seed: 4169387267
  tip-inner: OFF
  pattern compression: ON
  per-rate scalers: OFF
  site repeats: ON
  fast spr radius: AUTO
  spr subtree cutoff: 1.000000
  branch lengths: proportional (ML estimate, algorithm: NR-FAST)
  SIMD kernels: AVX2
  parallelization: NONE/sequential

[00:00:00] Loading binary alignment from file: phylogeny/RAxML-NG/DNA/part/sep/SARS-CoV-2_200320.raxml.rba
[00:00:00] Alignment comprises 78 taxa, 33 partitions and 772 patterns

Partition 0: orf1ab_U_p1
Model: TIM3+I+B
Alignment sites / patterns: 4405 / 60
Gaps: 0.10 %
Invariant sites: 95.28 %

Partition 1: orf1ab_U_p2
Model: HKY+FO+I+B
Alignment sites / patterns: 4405 / 64
Gaps: 0.10 %
Invariant sites: 96.82 %

Partition 2: orf1ab_U_p3
Model: TN93+FO+G4m+B
Alignment sites / patterns: 4405 / 85
Gaps: 0.10 %
Invariant sites: 73.94 %

Partition 3: orf1ab_D_p1
Model: TN93+FO+I+B
Alignment sites / patterns: 2697 / 35
Gaps: 0.04 %
Invariant sites: 93.33 %

Partition 4: orf1ab_D_p2
Model: HKY+FO+I+G4m+B
Alignment sites / patterns: 2697 / 33
Gaps: 0.04 %
Invariant sites: 98.07 %

Partition 5: orf1ab_D_p3
Model: TPM3uf+FO+G4m+B
Alignment sites / patterns: 2697 / 59
Gaps: 0.04 %
Invariant sites: 62.51 %

Partition 6: S_p1
Model: TN93+FO+I+B
Alignment sites / patterns: 1274 / 43
Gaps: 0.04 %
Invariant sites: 83.05 %

Partition 7: S_p2
Model: F81+FO+B
Alignment sites / patterns: 1274 / 39
Gaps: 0.04 %
Invariant sites: 90.19 %

Partition 8: S_p3
Model: HKY+FO+I+B
Alignment sites / patterns: 1274 / 69
Gaps: 0.04 %
Invariant sites: 50.24 %

Partition 9: ORF3a_p1
Model: JC+G4m+B
Alignment sites / patterns: 276 / 20
Gaps: 0.00 %
Invariant sites: 90.58 %

Partition 10: ORF3a_p2
Model: JC+I+G4m+B
Alignment sites / patterns: 276 / 14
Gaps: 0.00 %
Invariant sites: 95.65 %

Partition 11: ORF3a_p3
Model: HKY+FO+I+B
Alignment sites / patterns: 276 / 22
Gaps: 0.00 %
Invariant sites: 70.65 %

Partition 12: E_p1
Model: JC+B
Alignment sites / patterns: 76 / 5
Gaps: 0.00 %
Invariant sites: 98.68 %

Partition 13: E_p2
Model: JC+B
Alignment sites / patterns: 76 / 5
Gaps: 0.00 %
Invariant sites: 98.68 %

Partition 14: E_p3
Model: JC+B
Alignment sites / patterns: 76 / 6
Gaps: 0.00 %
Invariant sites: 97.37 %

Partition 15: M_p1
Model: TN93ef+B
Alignment sites / patterns: 223 / 9
Gaps: 0.01 %
Invariant sites: 95.52 %

Partition 16: M_p2
Model: JC+I+B
Alignment sites / patterns: 223 / 7
Gaps: 0.01 %
Invariant sites: 99.10 %

Partition 17: M_p3
Model: K80+I+B
Alignment sites / patterns: 223 / 28
Gaps: 0.01 %
Invariant sites: 78.03 %

Partition 18: ORF6_p1
Model: JC+B
Alignment sites / patterns: 62 / 6
Gaps: 0.00 %
Invariant sites: 95.16 %

Partition 19: ORF6_p2
Model: JC+B
Alignment sites / patterns: 62 / 6
Gaps: 0.00 %
Invariant sites: 96.77 %

Partition 20: ORF6_p3
Model: JC+B
Alignment sites / patterns: 62 / 9
Gaps: 0.00 %
Invariant sites: 88.71 %

Partition 21: ORF7a_p1
Model: K80+B
Alignment sites / patterns: 122 / 11
Gaps: 0.00 %
Invariant sites: 90.98 %

Partition 22: ORF7a_p2
Model: K80+B
Alignment sites / patterns: 122 / 10
Gaps: 0.00 %
Invariant sites: 92.62 %

Partition 23: ORF7a_p3
Model: HKY+FO+I+B
Alignment sites / patterns: 122 / 16
Gaps: 0.00 %
Invariant sites: 78.69 %

Partition 24: ORF8_p1
Model: JC+I+B
Alignment sites / patterns: 122 / 12
Gaps: 0.00 %
Invariant sites: 93.44 %

Partition 25: ORF8_p2
Model: K80+I+G4m+B
Alignment sites / patterns: 122 / 9
Gaps: 0.00 %
Invariant sites: 95.90 %

Partition 26: ORF8_p3
Model: HKY+FO+B
Alignment sites / patterns: 122 / 16
Gaps: 0.00 %
Invariant sites: 69.67 %

Partition 27: N_p1
Model: K80+I+B
Alignment sites / patterns: 420 / 15
Gaps: 0.00 %
Invariant sites: 95.24 %

Partition 28: N_p2
Model: F81+FO+B
Alignment sites / patterns: 420 / 15
Gaps: 0.00 %
Invariant sites: 96.19 %

Partition 29: N_p3
Model: HKY+FO+G4m+B
Alignment sites / patterns: 420 / 29
Gaps: 0.00 %
Invariant sites: 76.67 %

Partition 30: ORF10_p1
Model: JC+B
Alignment sites / patterns: 39 / 6
Gaps: 0.00 %
Invariant sites: 94.87 %

Partition 31: ORF10_p2
Model: JC+B
Alignment sites / patterns: 39 / 4
Gaps: 0.00 %
Invariant sites: 100.00 %

Partition 32: ORF10_p3
Model: JC+B
Alignment sites / patterns: 39 / 5
Gaps: 0.00 %
Invariant sites: 97.44 %


[00:00:00] Generating 8 random starting tree(s) with 78 taxa
[00:00:00] Generating 8 parsimony starting tree(s) with 78 taxa
[00:00:00] Data distribution: max. partitions/sites/weight per thread: 33 / 772 / 6076

Starting ML tree search with 16 distinct starting trees

[00:00:00 -182357.711102] Initial branch length optimization
[00:00:00 -60803.584285] Model parameter optimization (eps = 10.000000)
[00:00:06 -56901.990422] AUTODETECT spr round 1 (radius: 5)
[00:00:08 -56607.185736] AUTODETECT spr round 2 (radius: 10)
[00:00:10 -56364.174794] AUTODETECT spr round 3 (radius: 15)
[00:00:12 -56284.498707] AUTODETECT spr round 4 (radius: 20)
[00:00:14 -56283.638028] AUTODETECT spr round 5 (radius: 25)
[00:00:15 -56283.612516] SPR radius for FAST iterations: 20 (autodetect)
[00:00:15 -56283.612516] Model parameter optimization (eps = 3.000000)
[00:00:17 -56273.839540] FAST spr round 1 (radius: 20)
[00:00:24 -56170.068116] FAST spr round 2 (radius: 20)
[00:00:29 -56168.905342] FAST spr round 3 (radius: 20)
[00:00:33 -56168.904982] Model parameter optimization (eps = 1.000000)
[00:00:37 -56160.102671] SLOW spr round 1 (radius: 5)
[00:00:42 -56160.100888] SLOW spr round 2 (radius: 10)
[00:00:47 -56160.100888] SLOW spr round 3 (radius: 15)
[00:00:53 -56160.100439] SLOW spr round 4 (radius: 20)
[00:00:58 -56160.100439] SLOW spr round 5 (radius: 25)
[00:01:01 -56160.100439] Model parameter optimization (eps = 0.100000)

[00:01:05] ML tree search #1, logLikelihood: -56158.725613

[00:01:05 -182328.271865] Initial branch length optimization
[00:01:05 -60732.482792] Model parameter optimization (eps = 10.000000)
[00:01:13 -56868.812601] AUTODETECT spr round 1 (radius: 5)
[00:01:15 -56619.936679] AUTODETECT spr round 2 (radius: 10)
[00:01:17 -56385.208581] AUTODETECT spr round 3 (radius: 15)
[00:01:20 -56320.651091] AUTODETECT spr round 4 (radius: 20)
[00:01:21 -56320.645902] SPR radius for FAST iterations: 15 (autodetect)
[00:01:21 -56320.645902] Model parameter optimization (eps = 3.000000)
[00:01:23 -56311.141503] FAST spr round 1 (radius: 15)
[00:01:30 -56169.484316] FAST spr round 2 (radius: 15)
[00:01:35 -56169.209841] FAST spr round 3 (radius: 15)
[00:01:38 -56169.196147] Model parameter optimization (eps = 1.000000)
[00:01:41 -56159.969595] SLOW spr round 1 (radius: 5)
[00:01:47 -56159.967452] SLOW spr round 2 (radius: 10)
[00:01:55 -56159.967451] SLOW spr round 3 (radius: 15)
[00:02:00 -56159.967451] SLOW spr round 4 (radius: 20)
[00:02:06 -56159.967451] SLOW spr round 5 (radius: 25)
[00:02:09 -56159.967451] Model parameter optimization (eps = 0.100000)

[00:02:21] ML tree search #2, logLikelihood: -56151.164479

[00:02:21 -182357.261852] Initial branch length optimization
[00:02:21 -60795.756476] Model parameter optimization (eps = 10.000000)
[00:02:29 -56905.538173] AUTODETECT spr round 1 (radius: 5)
[00:02:31 -56574.155082] AUTODETECT spr round 2 (radius: 10)
[00:02:33 -56450.550602] AUTODETECT spr round 3 (radius: 15)
[00:02:36 -56202.625303] AUTODETECT spr round 4 (radius: 20)
[00:02:38 -56202.614383] SPR radius for FAST iterations: 15 (autodetect)
[00:02:38 -56202.614383] Model parameter optimization (eps = 3.000000)
[00:02:40 -56190.664794] FAST spr round 1 (radius: 15)
[00:02:47 -56163.366958] FAST spr round 2 (radius: 15)
[00:02:51 -56163.361018] Model parameter optimization (eps = 1.000000)
[00:02:52 -56162.565637] SLOW spr round 1 (radius: 5)
[00:02:58 -56162.561403] SLOW spr round 2 (radius: 10)
[00:03:05 -56162.561393] SLOW spr round 3 (radius: 15)
[00:03:12 -56162.561392] SLOW spr round 4 (radius: 20)
[00:03:16 -56162.561392] SLOW spr round 5 (radius: 25)
[00:03:20 -56162.561392] Model parameter optimization (eps = 0.100000)

[00:03:24] ML tree search #3, logLikelihood: -56159.277607

[00:03:24 -182337.682810] Initial branch length optimization
[00:03:24 -60741.905332] Model parameter optimization (eps = 10.000000)
[00:03:31 -56859.046049] AUTODETECT spr round 1 (radius: 5)
[00:03:33 -56527.931555] AUTODETECT spr round 2 (radius: 10)
[00:03:35 -56276.080332] AUTODETECT spr round 3 (radius: 15)
[00:03:38 -56250.300933] AUTODETECT spr round 4 (radius: 20)
[00:03:40 -56248.923857] AUTODETECT spr round 5 (radius: 25)
[00:03:42 -56248.923823] SPR radius for FAST iterations: 20 (autodetect)
[00:03:42 -56248.923823] Model parameter optimization (eps = 3.000000)
[00:03:44 -56236.043475] FAST spr round 1 (radius: 20)
[00:03:51 -56164.253942] FAST spr round 2 (radius: 20)
[00:03:56 -56164.248183] Model parameter optimization (eps = 1.000000)
[00:03:57 -56162.384059] SLOW spr round 1 (radius: 5)
[00:04:04 -56162.381423] SLOW spr round 2 (radius: 10)
[00:04:12 -56162.381423] SLOW spr round 3 (radius: 15)
[00:04:18 -56162.381423] SLOW spr round 4 (radius: 20)
[00:04:23 -56162.381423] SLOW spr round 5 (radius: 25)
[00:04:27 -56162.381423] Model parameter optimization (eps = 0.100000)

[00:04:32] ML tree search #4, logLikelihood: -56158.659953

[00:04:32 -182347.271207] Initial branch length optimization
[00:04:32 -60780.667767] Model parameter optimization (eps = 10.000000)
[00:04:39 -56890.722916] AUTODETECT spr round 1 (radius: 5)
[00:04:41 -56602.523429] AUTODETECT spr round 2 (radius: 10)
[00:04:44 -56386.258237] AUTODETECT spr round 3 (radius: 15)
[00:04:47 -56304.122204] AUTODETECT spr round 4 (radius: 20)
[00:04:48 -56289.439368] AUTODETECT spr round 5 (radius: 25)
[00:04:50 -56289.439368] SPR radius for FAST iterations: 20 (autodetect)
[00:04:50 -56289.439368] Model parameter optimization (eps = 3.000000)
[00:04:52 -56280.125106] FAST spr round 1 (radius: 20)
[00:04:59 -56168.900807] FAST spr round 2 (radius: 20)
[00:05:05 -56168.886537] Model parameter optimization (eps = 1.000000)
[00:05:08 -56160.048762] SLOW spr round 1 (radius: 5)
[00:05:16 -56160.046853] SLOW spr round 2 (radius: 10)
[00:05:24 -56160.046852] SLOW spr round 3 (radius: 15)
[00:05:30 -56160.046852] SLOW spr round 4 (radius: 20)
[00:05:34 -56160.046852] SLOW spr round 5 (radius: 25)
[00:05:37 -56160.046852] Model parameter optimization (eps = 0.100000)

[00:05:41] ML tree search #5, logLikelihood: -56158.727227

[00:05:41 -182344.563201] Initial branch length optimization
[00:05:42 -60755.412694] Model parameter optimization (eps = 10.000000)
[00:05:49 -56872.658753] AUTODETECT spr round 1 (radius: 5)
[00:05:51 -56513.375577] AUTODETECT spr round 2 (radius: 10)
[00:05:53 -56360.065328] AUTODETECT spr round 3 (radius: 15)
[00:05:56 -56292.516151] AUTODETECT spr round 4 (radius: 20)
[00:05:57 -56291.231473] AUTODETECT spr round 5 (radius: 25)
[00:06:00 -56291.187016] SPR radius for FAST iterations: 20 (autodetect)
[00:06:00 -56291.187016] Model parameter optimization (eps = 3.000000)
[00:06:02 -56282.421995] FAST spr round 1 (radius: 20)
[00:06:08 -56168.885085] FAST spr round 2 (radius: 20)
[00:06:13 -56168.871490] Model parameter optimization (eps = 1.000000)
[00:06:17 -56160.039994] SLOW spr round 1 (radius: 5)
[00:06:23 -56160.037263] SLOW spr round 2 (radius: 10)
[00:06:31 -56160.037262] SLOW spr round 3 (radius: 15)
[00:06:37 -56160.037262] SLOW spr round 4 (radius: 20)
[00:06:42 -56160.037262] SLOW spr round 5 (radius: 25)
[00:06:46 -56160.037262] Model parameter optimization (eps = 0.100000)

[00:06:49] ML tree search #6, logLikelihood: -56158.688020

[00:06:49 -182350.201239] Initial branch length optimization
[00:06:49 -60788.788763] Model parameter optimization (eps = 10.000000)
[00:06:57 -56901.303193] AUTODETECT spr round 1 (radius: 5)
[00:06:59 -56453.988596] AUTODETECT spr round 2 (radius: 10)
[00:07:01 -56359.450490] AUTODETECT spr round 3 (radius: 15)
[00:07:04 -56297.003435] AUTODETECT spr round 4 (radius: 20)
[00:07:07 -56285.428582] AUTODETECT spr round 5 (radius: 25)
[00:07:09 -56278.499730] SPR radius for FAST iterations: 25 (autodetect)
[00:07:09 -56278.499730] Model parameter optimization (eps = 3.000000)
[00:07:11 -56258.011864] FAST spr round 1 (radius: 25)
[00:07:17 -56162.717116] FAST spr round 2 (radius: 25)
[00:07:22 -56162.678116] Model parameter optimization (eps = 1.000000)
[00:07:24 -56160.884558] SLOW spr round 1 (radius: 5)
[00:07:30 -56160.867427] SLOW spr round 2 (radius: 10)
[00:07:39 -56160.867422] SLOW spr round 3 (radius: 15)
[00:07:46 -56160.867422] SLOW spr round 4 (radius: 20)
[00:07:51 -56160.867422] SLOW spr round 5 (radius: 25)
[00:07:54 -56160.867422] Model parameter optimization (eps = 0.100000)

[00:07:58] ML tree search #7, logLikelihood: -56157.513877

[00:07:58 -182360.458216] Initial branch length optimization
[00:07:59 -60807.581600] Model parameter optimization (eps = 10.000000)
[00:08:06 -56894.946475] AUTODETECT spr round 1 (radius: 5)
[00:08:08 -56608.610636] AUTODETECT spr round 2 (radius: 10)
[00:08:11 -56346.821596] AUTODETECT spr round 3 (radius: 15)
[00:08:13 -56287.653068] AUTODETECT spr round 4 (radius: 20)
[00:08:15 -56225.849734] AUTODETECT spr round 5 (radius: 25)
[00:08:17 -56225.838569] SPR radius for FAST iterations: 20 (autodetect)
[00:08:17 -56225.838569] Model parameter optimization (eps = 3.000000)
[00:08:19 -56212.037815] FAST spr round 1 (radius: 20)
[00:08:27 -56163.372433] FAST spr round 2 (radius: 20)
[00:08:33 -56163.354154] Model parameter optimization (eps = 1.000000)
[00:08:34 -56162.582061] SLOW spr round 1 (radius: 5)
[00:08:40 -56162.578792] SLOW spr round 2 (radius: 10)
[00:08:49 -56162.578570] SLOW spr round 3 (radius: 15)
[00:08:54 -56162.578569] SLOW spr round 4 (radius: 20)
[00:09:00 -56162.578569] SLOW spr round 5 (radius: 25)
[00:09:04 -56162.578569] Model parameter optimization (eps = 0.100000)

[00:09:09] ML tree search #8, logLikelihood: -56158.698215

[00:09:09 -179703.585825] Initial branch length optimization
[00:09:09 -59422.333413] Model parameter optimization (eps = 10.000000)
[00:09:14 -56174.978979] AUTODETECT spr round 1 (radius: 5)
[00:09:16 -56167.191145] AUTODETECT spr round 2 (radius: 10)
[00:09:18 -56167.191138] SPR radius for FAST iterations: 5 (autodetect)
[00:09:18 -56167.191138] Model parameter optimization (eps = 3.000000)
[00:09:20 -56159.686535] FAST spr round 1 (radius: 5)
[00:09:23 -56159.627482] Model parameter optimization (eps = 1.000000)
[00:09:27 -56154.199880] SLOW spr round 1 (radius: 5)
[00:09:34 -56154.134236] SLOW spr round 2 (radius: 10)
[00:09:40 -56154.134235] SLOW spr round 3 (radius: 15)
[00:09:45 -56154.134235] SLOW spr round 4 (radius: 20)
[00:09:50 -56154.134235] SLOW spr round 5 (radius: 25)
[00:09:53 -56154.134235] Model parameter optimization (eps = 0.100000)

[00:10:04] ML tree search #9, logLikelihood: -56149.631430

[00:10:04 -179702.785772] Initial branch length optimization
[00:10:04 -59416.170808] Model parameter optimization (eps = 10.000000)
[00:10:09 -56168.684018] AUTODETECT spr round 1 (radius: 5)
[00:10:11 -56167.097602] AUTODETECT spr round 2 (radius: 10)
[00:10:13 -56167.097578] SPR radius for FAST iterations: 5 (autodetect)
[00:10:13 -56167.097578] Model parameter optimization (eps = 3.000000)
[00:10:15 -56159.629480] FAST spr round 1 (radius: 5)
[00:10:18 -56159.573061] Model parameter optimization (eps = 1.000000)
[00:10:22 -56154.181471] SLOW spr round 1 (radius: 5)
[00:10:28 -56154.115510] SLOW spr round 2 (radius: 10)
[00:10:34 -56154.115510] SLOW spr round 3 (radius: 15)
[00:10:40 -56154.115510] SLOW spr round 4 (radius: 20)
[00:10:44 -56154.115510] SLOW spr round 5 (radius: 25)
[00:10:47 -56154.115510] Model parameter optimization (eps = 0.100000)

[00:10:58] ML tree search #10, logLikelihood: -56149.652298

[00:10:58 -179706.933958] Initial branch length optimization
[00:10:59 -59421.556577] Model parameter optimization (eps = 10.000000)
[00:11:03 -56175.565613] AUTODETECT spr round 1 (radius: 5)
[00:11:05 -56167.305722] AUTODETECT spr round 2 (radius: 10)
[00:11:08 -56167.305711] SPR radius for FAST iterations: 5 (autodetect)
[00:11:08 -56167.305711] Model parameter optimization (eps = 3.000000)
[00:11:10 -56159.727768] FAST spr round 1 (radius: 5)
[00:11:13 -56159.670119] Model parameter optimization (eps = 1.000000)
[00:11:17 -56154.217834] SLOW spr round 1 (radius: 5)
[00:11:23 -56154.150806] SLOW spr round 2 (radius: 10)
[00:11:32 -56154.136502] SLOW spr round 3 (radius: 15)
[00:11:36 -56154.136502] SLOW spr round 4 (radius: 20)
[00:11:41 -56154.136502] SLOW spr round 5 (radius: 25)
[00:11:45 -56154.136502] Model parameter optimization (eps = 0.100000)

[00:11:56] ML tree search #11, logLikelihood: -56149.624494

[00:11:56 -179701.744994] Initial branch length optimization
[00:11:56 -59413.833923] Model parameter optimization (eps = 10.000000)
[00:12:01 -56167.606023] AUTODETECT spr round 1 (radius: 5)
[00:12:02 -56167.447398] AUTODETECT spr round 2 (radius: 10)
[00:12:05 -56167.446335] SPR radius for FAST iterations: 5 (autodetect)
[00:12:05 -56167.446335] Model parameter optimization (eps = 3.000000)
[00:12:07 -56159.852645] FAST spr round 1 (radius: 5)
[00:12:10 -56159.790642] Model parameter optimization (eps = 1.000000)
[00:12:14 -56154.274329] SLOW spr round 1 (radius: 5)
[00:12:20 -56154.209313] SLOW spr round 2 (radius: 10)
[00:12:27 -56154.207538] SLOW spr round 3 (radius: 15)
[00:12:32 -56154.207536] SLOW spr round 4 (radius: 20)
[00:12:36 -56154.207536] SLOW spr round 5 (radius: 25)
[00:12:39 -56154.207536] Model parameter optimization (eps = 0.100000)

[00:12:50] ML tree search #12, logLikelihood: -56149.640567

[00:12:50 -179706.218312] Initial branch length optimization
[00:12:50 -59417.670783] Model parameter optimization (eps = 10.000000)
[00:12:55 -56168.692134] AUTODETECT spr round 1 (radius: 5)
[00:12:57 -56168.532797] AUTODETECT spr round 2 (radius: 10)
[00:12:59 -56168.077544] AUTODETECT spr round 3 (radius: 15)
[00:13:02 -56168.077188] SPR radius for FAST iterations: 10 (autodetect)
[00:13:02 -56168.077188] Model parameter optimization (eps = 3.000000)
[00:13:04 -56160.631138] FAST spr round 1 (radius: 10)
[00:13:08 -56160.558155] Model parameter optimization (eps = 1.000000)
[00:13:12 -56155.152768] SLOW spr round 1 (radius: 5)
[00:13:19 -56155.089400] SLOW spr round 2 (radius: 10)
[00:13:27 -56155.088352] SLOW spr round 3 (radius: 15)
[00:13:31 -56155.088352] SLOW spr round 4 (radius: 20)
[00:13:36 -56155.088352] SLOW spr round 5 (radius: 25)
[00:13:40 -56155.088352] Model parameter optimization (eps = 0.100000)

[00:13:50] ML tree search #13, logLikelihood: -56150.621370

[00:13:50 -179703.457373] Initial branch length optimization
[00:13:51 -59416.711224] Model parameter optimization (eps = 10.000000)
[00:13:56 -56168.736656] AUTODETECT spr round 1 (radius: 5)
[00:13:57 -56167.164616] AUTODETECT spr round 2 (radius: 10)
[00:14:00 -56167.164591] SPR radius for FAST iterations: 5 (autodetect)
[00:14:00 -56167.164591] Model parameter optimization (eps = 3.000000)
[00:14:02 -56159.669244] FAST spr round 1 (radius: 5)
[00:14:05 -56159.605559] Model parameter optimization (eps = 1.000000)
[00:14:09 -56154.207881] SLOW spr round 1 (radius: 5)
[00:14:15 -56154.128766] SLOW spr round 2 (radius: 10)
[00:14:22 -56154.127258] SLOW spr round 3 (radius: 15)
[00:14:27 -56154.127251] SLOW spr round 4 (radius: 20)
[00:14:32 -56154.127251] SLOW spr round 5 (radius: 25)
[00:14:35 -56154.127251] Model parameter optimization (eps = 0.100000)

[00:14:46] ML tree search #14, logLikelihood: -56149.626700

[00:14:46 -179703.568689] Initial branch length optimization
[00:14:47 -59416.711045] Model parameter optimization (eps = 10.000000)
[00:14:52 -56168.738944] AUTODETECT spr round 1 (radius: 5)
[00:14:54 -56167.152312] AUTODETECT spr round 2 (radius: 10)
[00:14:57 -56167.152294] SPR radius for FAST iterations: 5 (autodetect)
[00:14:57 -56167.152294] Model parameter optimization (eps = 3.000000)
[00:14:59 -56159.664121] FAST spr round 1 (radius: 5)
[00:15:02 -56159.600946] Model parameter optimization (eps = 1.000000)
[00:15:06 -56154.197141] SLOW spr round 1 (radius: 5)
[00:15:13 -56154.133807] SLOW spr round 2 (radius: 10)
[00:15:21 -56154.131994] SLOW spr round 3 (radius: 15)
[00:15:27 -56154.131987] SLOW spr round 4 (radius: 20)
[00:15:31 -56154.131986] SLOW spr round 5 (radius: 25)
[00:15:35 -56154.131986] Model parameter optimization (eps = 0.100000)

[00:15:47] ML tree search #15, logLikelihood: -56149.629328

[00:15:47 -179703.466671] Initial branch length optimization
[00:15:47 -59416.710735] Model parameter optimization (eps = 10.000000)
[00:15:52 -56168.736390] AUTODETECT spr round 1 (radius: 5)
[00:15:54 -56167.619847] AUTODETECT spr round 2 (radius: 10)
[00:15:56 -56167.161766] AUTODETECT spr round 3 (radius: 15)
[00:15:59 -56167.147285] SPR radius for FAST iterations: 10 (autodetect)
[00:15:59 -56167.147285] Model parameter optimization (eps = 3.000000)
[00:16:01 -56159.652882] FAST spr round 1 (radius: 10)
[00:16:05 -56159.593855] Model parameter optimization (eps = 1.000000)
[00:16:09 -56154.189003] SLOW spr round 1 (radius: 5)
[00:16:16 -56154.125483] SLOW spr round 2 (radius: 10)
[00:16:25 -56154.125483] SLOW spr round 3 (radius: 15)
[00:16:30 -56154.125483] SLOW spr round 4 (radius: 20)
[00:16:33 -56154.125483] SLOW spr round 5 (radius: 25)
[00:16:35 -56154.125483] Model parameter optimization (eps = 0.100000)

[00:16:46] ML tree search #16, logLikelihood: -56149.631157



Final LogLikelihood: -56149.624494

AIC score: 112839.248987 / AICc score: 112844.316688 / BIC score: 115074.887214
Free parameters (model + branch lengths): 270

Best ML tree saved to: /home/hikoyu/analysis/Genome/SARS-CoV-2/phylogeny/RAxML-NG/DNA/part/sep/SARS-CoV-2_200320.8.raxml.bestTree
All ML trees saved to: /home/hikoyu/analysis/Genome/SARS-CoV-2/phylogeny/RAxML-NG/DNA/part/sep/SARS-CoV-2_200320.8.raxml.mlTrees
Optimized model saved to: /home/hikoyu/analysis/Genome/SARS-CoV-2/phylogeny/RAxML-NG/DNA/part/sep/SARS-CoV-2_200320.8.raxml.bestModel

Execution log saved to: /home/hikoyu/analysis/Genome/SARS-CoV-2/phylogeny/RAxML-NG/DNA/part/sep/SARS-CoV-2_200320.8.raxml.log

Analysis started: 22-Mar-2020 03:56:24 / finished: 22-Mar-2020 04:13:10

Elapsed time: 1006.110 seconds

