
RAxML-NG v. 0.9.0 released on 20.05.2019 by The Exelixis Lab.
Developed by: Alexey M. Kozlov and Alexandros Stamatakis.
Contributors: Diego Darriba, Tomas Flouri, Benoit Morel, Sarah Lutteropp, Ben Bettisworth.
Latest version: https://github.com/amkozlov/raxml-ng
Questions/problems/suggestions? Please visit: https://groups.google.com/forum/#!forum/raxml

RAxML-NG was called at 01-Apr-2020 21:47:38 as follows:

raxml-ng --threads 1 --search --tree rand{8},pars{8} --seed 94397833 --prefix phylogeny/RAxML-NG/DNA/part/sep/SARS-CoV-2_200331.5 --msa phylogeny/RAxML-NG/DNA/part/sep/SARS-CoV-2_200331.raxml.rba --outgroup MG772933.1

Analysis options:
  run mode: ML tree search
  start tree(s): random (8) + parsimony (8)
  random seed: 94397833
  tip-inner: OFF
  pattern compression: ON
  per-rate scalers: OFF
  site repeats: ON
  fast spr radius: AUTO
  spr subtree cutoff: 1.000000
  branch lengths: proportional (ML estimate, algorithm: NR-FAST)
  SIMD kernels: AVX2
  parallelization: NONE/sequential

[00:00:00] Loading binary alignment from file: phylogeny/RAxML-NG/DNA/part/sep/SARS-CoV-2_200331.raxml.rba
[00:00:00] Alignment comprises 117 taxa, 33 partitions and 839 patterns

Partition 0: orf1ab_U_p1
Model: TN93+FO+I+B
Alignment sites / patterns: 4405 / 71
Gaps: 0.10 %
Invariant sites: 94.91 %

Partition 1: orf1ab_U_p2
Model: HKY+FO+I+B
Alignment sites / patterns: 4405 / 76
Gaps: 0.10 %
Invariant sites: 96.57 %

Partition 2: orf1ab_U_p3
Model: TN93+FO+I+G4m+B
Alignment sites / patterns: 4405 / 99
Gaps: 0.10 %
Invariant sites: 73.71 %

Partition 3: orf1ab_D_p1
Model: TN93+FO+I+B
Alignment sites / patterns: 2697 / 39
Gaps: 0.04 %
Invariant sites: 93.18 %

Partition 4: orf1ab_D_p2
Model: HKY+FO+I+G4m+B
Alignment sites / patterns: 2697 / 36
Gaps: 0.04 %
Invariant sites: 97.96 %

Partition 5: orf1ab_D_p3
Model: TN93+FO+I+G4m+B
Alignment sites / patterns: 2697 / 62
Gaps: 0.04 %
Invariant sites: 62.48 %

Partition 6: S_p1
Model: TN93+FO+G4m+B
Alignment sites / patterns: 1274 / 45
Gaps: 0.03 %
Invariant sites: 83.05 %

Partition 7: S_p2
Model: TN93+FO+I+G4m+B
Alignment sites / patterns: 1274 / 39
Gaps: 0.03 %
Invariant sites: 90.19 %

Partition 8: S_p3
Model: HKY+FO+I+B
Alignment sites / patterns: 1274 / 71
Gaps: 0.03 %
Invariant sites: 50.24 %

Partition 9: ORF3a_p1
Model: JC+G4m+B
Alignment sites / patterns: 276 / 20
Gaps: 0.00 %
Invariant sites: 90.58 %

Partition 10: ORF3a_p2
Model: JC+I+G4m+B
Alignment sites / patterns: 276 / 15
Gaps: 0.00 %
Invariant sites: 95.29 %

Partition 11: ORF3a_p3
Model: TPM3uf+FO+G4m+B
Alignment sites / patterns: 276 / 24
Gaps: 0.00 %
Invariant sites: 70.65 %

Partition 12: E_p1
Model: JC+B
Alignment sites / patterns: 76 / 5
Gaps: 0.00 %
Invariant sites: 98.68 %

Partition 13: E_p2
Model: JC+B
Alignment sites / patterns: 76 / 5
Gaps: 0.00 %
Invariant sites: 98.68 %

Partition 14: E_p3
Model: JC+B
Alignment sites / patterns: 76 / 6
Gaps: 0.00 %
Invariant sites: 97.37 %

Partition 15: M_p1
Model: TN93ef+B
Alignment sites / patterns: 223 / 9
Gaps: 0.00 %
Invariant sites: 95.52 %

Partition 16: M_p2
Model: JC+B
Alignment sites / patterns: 223 / 8
Gaps: 0.00 %
Invariant sites: 98.65 %

Partition 17: M_p3
Model: K80+I+B
Alignment sites / patterns: 223 / 28
Gaps: 0.00 %
Invariant sites: 78.03 %

Partition 18: ORF6_p1
Model: JC+B
Alignment sites / patterns: 62 / 7
Gaps: 0.00 %
Invariant sites: 93.55 %

Partition 19: ORF6_p2
Model: JC+B
Alignment sites / patterns: 62 / 6
Gaps: 0.00 %
Invariant sites: 96.77 %

Partition 20: ORF6_p3
Model: TN93ef+B
Alignment sites / patterns: 62 / 12
Gaps: 0.00 %
Invariant sites: 83.87 %

Partition 21: ORF7a_p1
Model: K80+B
Alignment sites / patterns: 122 / 11
Gaps: 0.00 %
Invariant sites: 90.98 %

Partition 22: ORF7a_p2
Model: K80+B
Alignment sites / patterns: 122 / 10
Gaps: 0.00 %
Invariant sites: 92.62 %

Partition 23: ORF7a_p3
Model: HKY+FO+I+B
Alignment sites / patterns: 122 / 17
Gaps: 0.00 %
Invariant sites: 77.87 %

Partition 24: ORF8_p1
Model: JC+I+B
Alignment sites / patterns: 122 / 12
Gaps: 0.00 %
Invariant sites: 93.44 %

Partition 25: ORF8_p2
Model: K80+I+G4m+B
Alignment sites / patterns: 122 / 10
Gaps: 0.00 %
Invariant sites: 95.08 %

Partition 26: ORF8_p3
Model: HKY+FO+B
Alignment sites / patterns: 122 / 16
Gaps: 0.00 %
Invariant sites: 69.67 %

Partition 27: N_p1
Model: K80+I+B
Alignment sites / patterns: 420 / 16
Gaps: 0.00 %
Invariant sites: 95.00 %

Partition 28: N_p2
Model: F81+FO+B
Alignment sites / patterns: 420 / 17
Gaps: 0.00 %
Invariant sites: 95.71 %

Partition 29: N_p3
Model: HKY+FO+G4m+B
Alignment sites / patterns: 420 / 32
Gaps: 0.00 %
Invariant sites: 76.19 %

Partition 30: ORF10_p1
Model: JC+B
Alignment sites / patterns: 39 / 6
Gaps: 0.00 %
Invariant sites: 94.87 %

Partition 31: ORF10_p2
Model: JC+B
Alignment sites / patterns: 39 / 4
Gaps: 0.00 %
Invariant sites: 100.00 %

Partition 32: ORF10_p3
Model: JC+B
Alignment sites / patterns: 39 / 5
Gaps: 0.00 %
Invariant sites: 97.44 %


[00:00:00] Generating 8 random starting tree(s) with 117 taxa
[00:00:00] Generating 8 parsimony starting tree(s) with 117 taxa
[00:00:00] Data distribution: max. partitions/sites/weight per thread: 33 / 839 / 7940

Starting ML tree search with 16 distinct starting trees

[00:00:00 -193537.465815] Initial branch length optimization
[00:00:00 -62975.850575] Model parameter optimization (eps = 10.000000)
[00:00:09 -58509.523843] AUTODETECT spr round 1 (radius: 5)
[00:00:12 -57734.890783] AUTODETECT spr round 2 (radius: 10)
[00:00:18 -57388.224447] AUTODETECT spr round 3 (radius: 15)
[00:00:23 -57211.223017] AUTODETECT spr round 4 (radius: 20)
[00:00:29 -57181.621855] AUTODETECT spr round 5 (radius: 25)
[00:00:33 -57181.621847] SPR radius for FAST iterations: 20 (autodetect)
[00:00:33 -57181.621847] Model parameter optimization (eps = 3.000000)
[00:00:40 -57109.753728] FAST spr round 1 (radius: 20)
[00:00:53 -56944.414118] FAST spr round 2 (radius: 20)
[00:01:01 -56944.342934] Model parameter optimization (eps = 1.000000)
[00:01:09 -56923.191640] SLOW spr round 1 (radius: 5)
[00:01:20 -56923.177763] SLOW spr round 2 (radius: 10)
[00:01:33 -56922.560498] SLOW spr round 3 (radius: 5)
[00:01:43 -56922.556310] SLOW spr round 4 (radius: 10)
[00:01:54 -56922.556282] SLOW spr round 5 (radius: 15)
[00:02:04 -56922.556280] SLOW spr round 6 (radius: 20)
[00:02:14 -56922.556280] SLOW spr round 7 (radius: 25)
[00:02:23 -56922.556280] Model parameter optimization (eps = 0.100000)

[00:02:28] ML tree search #1, logLikelihood: -56921.769709

[00:02:28 -193566.384361] Initial branch length optimization
[00:02:29 -63034.178802] Model parameter optimization (eps = 10.000000)
[00:02:38 -58547.704924] AUTODETECT spr round 1 (radius: 5)
[00:02:42 -57800.599348] AUTODETECT spr round 2 (radius: 10)
[00:02:47 -57287.886970] AUTODETECT spr round 3 (radius: 15)
[00:02:54 -57247.707053] AUTODETECT spr round 4 (radius: 20)
[00:03:00 -57231.986901] AUTODETECT spr round 5 (radius: 25)
[00:03:04 -57170.885275] SPR radius for FAST iterations: 25 (autodetect)
[00:03:04 -57170.885275] Model parameter optimization (eps = 3.000000)
[00:03:10 -57092.663767] FAST spr round 1 (radius: 25)
[00:03:26 -56942.502832] FAST spr round 2 (radius: 25)
[00:03:36 -56942.489658] Model parameter optimization (eps = 1.000000)
[00:03:43 -56926.849340] SLOW spr round 1 (radius: 5)
[00:03:55 -56926.312653] SLOW spr round 2 (radius: 5)
[00:04:06 -56926.309231] SLOW spr round 3 (radius: 10)
[00:04:18 -56926.309190] SLOW spr round 4 (radius: 15)
[00:04:31 -56926.232288] SLOW spr round 5 (radius: 20)
[00:04:44 -56926.229106] SLOW spr round 6 (radius: 25)
[00:04:54 -56926.229104] Model parameter optimization (eps = 0.100000)

[00:05:01] ML tree search #2, logLikelihood: -56920.982517

[00:05:01 -193616.988082] Initial branch length optimization
[00:05:01 -63170.436664] Model parameter optimization (eps = 10.000000)
[00:05:12 -58612.704810] AUTODETECT spr round 1 (radius: 5)
[00:05:16 -57890.674866] AUTODETECT spr round 2 (radius: 10)
[00:05:22 -57549.472537] AUTODETECT spr round 3 (radius: 15)
[00:05:27 -57393.028986] AUTODETECT spr round 4 (radius: 20)
[00:05:32 -57194.856242] AUTODETECT spr round 5 (radius: 25)
[00:05:36 -57192.880307] SPR radius for FAST iterations: 25 (autodetect)
[00:05:36 -57192.880307] Model parameter optimization (eps = 3.000000)
[00:05:42 -57112.874088] FAST spr round 1 (radius: 25)
[00:05:56 -56942.194047] FAST spr round 2 (radius: 25)
[00:06:06 -56942.179170] Model parameter optimization (eps = 1.000000)
[00:06:14 -56926.823270] SLOW spr round 1 (radius: 5)
[00:06:26 -56926.815421] SLOW spr round 2 (radius: 10)
[00:06:38 -56926.251866] SLOW spr round 3 (radius: 5)
[00:06:49 -56926.248878] SLOW spr round 4 (radius: 10)
[00:07:02 -56926.248856] SLOW spr round 5 (radius: 15)
[00:07:14 -56926.248854] SLOW spr round 6 (radius: 20)
[00:07:26 -56926.248854] SLOW spr round 7 (radius: 25)
[00:07:34 -56926.248854] Model parameter optimization (eps = 0.100000)

[00:07:43] ML tree search #3, logLikelihood: -56921.685274

[00:07:43 -193535.862352] Initial branch length optimization
[00:07:43 -62960.611534] Model parameter optimization (eps = 10.000000)
[00:07:53 -58508.868916] AUTODETECT spr round 1 (radius: 5)
[00:07:57 -57720.401393] AUTODETECT spr round 2 (radius: 10)
[00:08:03 -57453.121731] AUTODETECT spr round 3 (radius: 15)
[00:08:11 -57315.931558] AUTODETECT spr round 4 (radius: 20)
[00:08:16 -57315.928355] SPR radius for FAST iterations: 15 (autodetect)
[00:08:16 -57315.928355] Model parameter optimization (eps = 3.000000)
[00:08:21 -57257.027105] FAST spr round 1 (radius: 15)
[00:08:35 -56958.152590] FAST spr round 2 (radius: 15)
[00:08:45 -56958.131930] Model parameter optimization (eps = 1.000000)
[00:08:54 -56922.791058] SLOW spr round 1 (radius: 5)
[00:09:06 -56922.784055] SLOW spr round 2 (radius: 10)
[00:09:20 -56922.783942] SLOW spr round 3 (radius: 15)
[00:09:32 -56922.783935] SLOW spr round 4 (radius: 20)
[00:09:43 -56922.783935] SLOW spr round 5 (radius: 25)
[00:09:55 -56922.783935] Model parameter optimization (eps = 0.100000)

[00:10:01] ML tree search #4, logLikelihood: -56921.758641

[00:10:01 -193587.789892] Initial branch length optimization
[00:10:01 -63184.961315] Model parameter optimization (eps = 10.000000)
[00:10:12 -58604.104293] AUTODETECT spr round 1 (radius: 5)
[00:10:15 -57890.650384] AUTODETECT spr round 2 (radius: 10)
[00:10:22 -57413.921472] AUTODETECT spr round 3 (radius: 15)
[00:10:28 -57157.253720] AUTODETECT spr round 4 (radius: 20)
[00:10:34 -57157.253587] SPR radius for FAST iterations: 15 (autodetect)
[00:10:34 -57157.253587] Model parameter optimization (eps = 3.000000)
[00:10:42 -57064.504294] FAST spr round 1 (radius: 15)
[00:10:54 -56939.704644] FAST spr round 2 (radius: 15)
[00:11:03 -56935.757765] FAST spr round 3 (radius: 15)
[00:11:10 -56935.755360] Model parameter optimization (eps = 1.000000)
[00:11:16 -56923.162265] SLOW spr round 1 (radius: 5)
[00:11:28 -56923.156400] SLOW spr round 2 (radius: 10)
[00:11:42 -56922.571838] SLOW spr round 3 (radius: 5)
[00:11:54 -56922.567684] SLOW spr round 4 (radius: 10)
[00:12:08 -56922.567655] SLOW spr round 5 (radius: 15)
[00:12:19 -56922.567654] SLOW spr round 6 (radius: 20)
[00:12:32 -56922.567653] SLOW spr round 7 (radius: 25)
[00:12:42 -56922.567653] Model parameter optimization (eps = 0.100000)

[00:12:47] ML tree search #5, logLikelihood: -56921.733346

[00:12:47 -193565.020918] Initial branch length optimization
[00:12:47 -63052.289910] Model parameter optimization (eps = 10.000000)
[00:12:57 -58548.812561] AUTODETECT spr round 1 (radius: 5)
[00:13:01 -57874.032367] AUTODETECT spr round 2 (radius: 10)
[00:13:08 -57483.048673] AUTODETECT spr round 3 (radius: 15)
[00:13:16 -57255.037204] AUTODETECT spr round 4 (radius: 20)
[00:13:22 -57254.792648] AUTODETECT spr round 5 (radius: 25)
[00:13:27 -57254.784536] SPR radius for FAST iterations: 20 (autodetect)
[00:13:27 -57254.784536] Model parameter optimization (eps = 3.000000)
[00:13:35 -57161.905040] FAST spr round 1 (radius: 20)
[00:13:51 -56933.322585] FAST spr round 2 (radius: 20)
[00:14:01 -56931.671933] FAST spr round 3 (radius: 20)
[00:14:09 -56931.667398] Model parameter optimization (eps = 1.000000)
[00:14:13 -56924.050483] SLOW spr round 1 (radius: 5)
[00:14:24 -56924.035774] SLOW spr round 2 (radius: 10)
[00:14:37 -56923.466146] SLOW spr round 3 (radius: 5)
[00:14:49 -56923.462364] SLOW spr round 4 (radius: 10)
[00:15:02 -56923.462353] SLOW spr round 5 (radius: 15)
[00:15:12 -56923.462352] SLOW spr round 6 (radius: 20)
[00:15:23 -56923.462352] SLOW spr round 7 (radius: 25)
[00:15:33 -56923.462352] Model parameter optimization (eps = 0.100000)

[00:15:40] ML tree search #6, logLikelihood: -56921.062663

[00:15:40 -193571.669310] Initial branch length optimization
[00:15:41 -63077.247013] Model parameter optimization (eps = 10.000000)
[00:15:52 -58575.309930] AUTODETECT spr round 1 (radius: 5)
[00:15:56 -57703.656474] AUTODETECT spr round 2 (radius: 10)
[00:16:01 -57287.772774] AUTODETECT spr round 3 (radius: 15)
[00:16:08 -57202.162525] AUTODETECT spr round 4 (radius: 20)
[00:16:14 -57202.162525] SPR radius for FAST iterations: 15 (autodetect)
[00:16:14 -57202.162525] Model parameter optimization (eps = 3.000000)
[00:16:21 -57107.638206] FAST spr round 1 (radius: 15)
[00:16:35 -56942.413589] FAST spr round 2 (radius: 15)
[00:16:44 -56934.981554] FAST spr round 3 (radius: 15)
[00:16:51 -56934.981483] Model parameter optimization (eps = 1.000000)
[00:16:58 -56923.296458] SLOW spr round 1 (radius: 5)
[00:17:08 -56923.291029] SLOW spr round 2 (radius: 10)
[00:17:21 -56923.290834] SLOW spr round 3 (radius: 15)
[00:17:33 -56922.674208] SLOW spr round 4 (radius: 5)
[00:17:46 -56922.669906] SLOW spr round 5 (radius: 10)
[00:17:59 -56922.669897] SLOW spr round 6 (radius: 15)
[00:18:11 -56922.669897] SLOW spr round 7 (radius: 20)
[00:18:23 -56922.669897] SLOW spr round 8 (radius: 25)
[00:18:33 -56922.669897] Model parameter optimization (eps = 0.100000)

[00:18:40] ML tree search #7, logLikelihood: -56920.956755

[00:18:40 -193568.791517] Initial branch length optimization
[00:18:40 -63116.354263] Model parameter optimization (eps = 10.000000)
[00:18:50 -58589.837757] AUTODETECT spr round 1 (radius: 5)
[00:18:54 -57644.548913] AUTODETECT spr round 2 (radius: 10)
[00:18:59 -57290.806351] AUTODETECT spr round 3 (radius: 15)
[00:19:05 -57170.241595] AUTODETECT spr round 4 (radius: 20)
[00:19:11 -57141.763546] AUTODETECT spr round 5 (radius: 25)
[00:19:16 -57141.763534] SPR radius for FAST iterations: 20 (autodetect)
[00:19:16 -57141.763534] Model parameter optimization (eps = 3.000000)
[00:19:24 -57042.478564] FAST spr round 1 (radius: 20)
[00:19:39 -56934.042834] FAST spr round 2 (radius: 20)
[00:19:50 -56934.029884] Model parameter optimization (eps = 1.000000)
[00:19:56 -56926.003493] SLOW spr round 1 (radius: 5)
[00:20:09 -56925.994625] SLOW spr round 2 (radius: 10)
[00:20:22 -56925.994588] SLOW spr round 3 (radius: 15)
[00:20:35 -56925.994586] SLOW spr round 4 (radius: 20)
[00:20:47 -56925.994585] SLOW spr round 5 (radius: 25)
[00:20:59 -56925.994585] Model parameter optimization (eps = 0.100000)

[00:21:06] ML tree search #8, logLikelihood: -56921.763221

[00:21:06 -190387.384327] Initial branch length optimization
[00:21:06 -60424.781967] Model parameter optimization (eps = 10.000000)
[00:21:13 -56930.449670] AUTODETECT spr round 1 (radius: 5)
[00:21:16 -56928.908314] AUTODETECT spr round 2 (radius: 10)
[00:21:22 -56928.906997] SPR radius for FAST iterations: 5 (autodetect)
[00:21:22 -56928.906997] Model parameter optimization (eps = 3.000000)
[00:21:23 -56926.203537] FAST spr round 1 (radius: 5)
[00:21:29 -56926.163192] Model parameter optimization (eps = 1.000000)
[00:21:31 -56924.005278] SLOW spr round 1 (radius: 5)
[00:21:42 -56923.956145] SLOW spr round 2 (radius: 10)
[00:21:55 -56923.953130] SLOW spr round 3 (radius: 15)
[00:22:06 -56923.952929] SLOW spr round 4 (radius: 20)
[00:22:15 -56923.952929] SLOW spr round 5 (radius: 25)
[00:22:23 -56923.952929] Model parameter optimization (eps = 0.100000)

[00:22:32] ML tree search #9, logLikelihood: -56922.245833

[00:22:32 -190392.197660] Initial branch length optimization
[00:22:33 -60429.737392] Model parameter optimization (eps = 10.000000)
[00:22:39 -56931.945804] AUTODETECT spr round 1 (radius: 5)
[00:22:43 -56929.689627] AUTODETECT spr round 2 (radius: 10)
[00:22:50 -56929.672865] SPR radius for FAST iterations: 5 (autodetect)
[00:22:50 -56929.672865] Model parameter optimization (eps = 3.000000)
[00:22:51 -56927.083146] FAST spr round 1 (radius: 5)
[00:22:58 -56927.049790] Model parameter optimization (eps = 1.000000)
[00:23:00 -56924.983699] SLOW spr round 1 (radius: 5)
[00:23:12 -56924.949192] SLOW spr round 2 (radius: 10)
[00:23:25 -56924.946382] SLOW spr round 3 (radius: 15)
[00:23:36 -56924.933969] SLOW spr round 4 (radius: 20)
[00:23:46 -56924.930276] SLOW spr round 5 (radius: 25)
[00:23:58 -56924.930257] Model parameter optimization (eps = 0.100000)

[00:24:10] ML tree search #10, logLikelihood: -56922.517079

[00:24:11 -190392.396473] Initial branch length optimization
[00:24:11 -60427.494061] Model parameter optimization (eps = 10.000000)
[00:24:18 -56930.860029] AUTODETECT spr round 1 (radius: 5)
[00:24:22 -56930.048189] AUTODETECT spr round 2 (radius: 10)
[00:24:27 -56928.604308] AUTODETECT spr round 3 (radius: 15)
[00:24:34 -56928.604297] SPR radius for FAST iterations: 10 (autodetect)
[00:24:34 -56928.604297] Model parameter optimization (eps = 3.000000)
[00:24:36 -56925.958199] FAST spr round 1 (radius: 10)
[00:24:44 -56925.923379] Model parameter optimization (eps = 1.000000)
[00:24:46 -56923.818727] SLOW spr round 1 (radius: 5)
[00:24:57 -56923.777884] SLOW spr round 2 (radius: 10)
[00:25:10 -56923.760827] SLOW spr round 3 (radius: 15)
[00:25:19 -56923.760826] SLOW spr round 4 (radius: 20)
[00:25:29 -56923.760826] SLOW spr round 5 (radius: 25)
[00:25:40 -56923.760826] Model parameter optimization (eps = 0.100000)

[00:25:51] ML tree search #11, logLikelihood: -56921.816138

[00:25:51 -190393.435517] Initial branch length optimization
[00:25:51 -60436.818699] Model parameter optimization (eps = 10.000000)
[00:25:58 -56939.943876] AUTODETECT spr round 1 (radius: 5)
[00:26:03 -56939.837461] AUTODETECT spr round 2 (radius: 10)
[00:26:09 -56930.132717] AUTODETECT spr round 3 (radius: 15)
[00:26:16 -56928.720102] AUTODETECT spr round 4 (radius: 20)
[00:26:22 -56928.720102] SPR radius for FAST iterations: 15 (autodetect)
[00:26:22 -56928.720102] Model parameter optimization (eps = 3.000000)
[00:26:23 -56926.024559] FAST spr round 1 (radius: 15)
[00:26:34 -56925.975734] Model parameter optimization (eps = 1.000000)
[00:26:37 -56923.825849] SLOW spr round 1 (radius: 5)
[00:26:49 -56923.789057] SLOW spr round 2 (radius: 10)
[00:27:01 -56923.786753] SLOW spr round 3 (radius: 15)
[00:27:11 -56923.786753] SLOW spr round 4 (radius: 20)
[00:27:22 -56923.786753] SLOW spr round 5 (radius: 25)
[00:27:34 -56923.786753] Model parameter optimization (eps = 0.100000)

[00:27:46] ML tree search #12, logLikelihood: -56921.818576

[00:27:46 -190392.749601] Initial branch length optimization
[00:27:46 -60434.782057] Model parameter optimization (eps = 10.000000)
[00:27:54 -56933.611738] AUTODETECT spr round 1 (radius: 5)
[00:27:57 -56930.502308] AUTODETECT spr round 2 (radius: 10)
[00:28:03 -56929.394444] AUTODETECT spr round 3 (radius: 15)
[00:28:09 -56929.394438] SPR radius for FAST iterations: 10 (autodetect)
[00:28:09 -56929.394438] Model parameter optimization (eps = 3.000000)
[00:28:11 -56924.636295] FAST spr round 1 (radius: 10)
[00:28:19 -56924.587691] Model parameter optimization (eps = 1.000000)
[00:28:21 -56923.807448] SLOW spr round 1 (radius: 5)
[00:28:33 -56923.786249] SLOW spr round 2 (radius: 10)
[00:28:45 -56923.782551] SLOW spr round 3 (radius: 15)
[00:28:56 -56923.782529] SLOW spr round 4 (radius: 20)
[00:29:07 -56923.782528] SLOW spr round 5 (radius: 25)
[00:29:17 -56923.782528] Model parameter optimization (eps = 0.100000)

[00:29:27] ML tree search #13, logLikelihood: -56922.206141

[00:29:27 -190387.268091] Initial branch length optimization
[00:29:28 -60426.967665] Model parameter optimization (eps = 10.000000)
[00:29:34 -56931.533442] AUTODETECT spr round 1 (radius: 5)
[00:29:38 -56929.990117] AUTODETECT spr round 2 (radius: 10)
[00:29:44 -56929.786416] AUTODETECT spr round 3 (radius: 15)
[00:29:50 -56929.772005] SPR radius for FAST iterations: 10 (autodetect)
[00:29:50 -56929.772005] Model parameter optimization (eps = 3.000000)
[00:29:53 -56924.839539] FAST spr round 1 (radius: 10)
[00:30:01 -56924.787906] Model parameter optimization (eps = 1.000000)
[00:30:03 -56923.958167] SLOW spr round 1 (radius: 5)
[00:30:15 -56923.937630] SLOW spr round 2 (radius: 10)
[00:30:28 -56923.933373] SLOW spr round 3 (radius: 15)
[00:30:40 -56923.933366] SLOW spr round 4 (radius: 20)
[00:30:50 -56923.933366] SLOW spr round 5 (radius: 25)
[00:31:01 -56923.933366] Model parameter optimization (eps = 0.100000)

[00:31:11] ML tree search #14, logLikelihood: -56922.229143

[00:31:11 -190396.518662] Initial branch length optimization
[00:31:11 -60446.893349] Model parameter optimization (eps = 10.000000)
[00:31:18 -56949.028776] AUTODETECT spr round 1 (radius: 5)
[00:31:22 -56929.779245] AUTODETECT spr round 2 (radius: 10)
[00:31:27 -56929.778866] SPR radius for FAST iterations: 5 (autodetect)
[00:31:27 -56929.778866] Model parameter optimization (eps = 3.000000)
[00:31:29 -56927.134393] FAST spr round 1 (radius: 5)
[00:31:35 -56927.095022] Model parameter optimization (eps = 1.000000)
[00:31:37 -56924.991062] SLOW spr round 1 (radius: 5)
[00:31:48 -56924.956283] SLOW spr round 2 (radius: 10)
[00:32:01 -56924.955149] SLOW spr round 3 (radius: 15)
[00:32:12 -56924.660149] SLOW spr round 4 (radius: 5)
[00:32:26 -56924.653654] SLOW spr round 5 (radius: 10)
[00:32:39 -56924.653324] SLOW spr round 6 (radius: 15)
[00:32:50 -56924.653324] SLOW spr round 7 (radius: 20)
[00:33:00 -56924.653324] SLOW spr round 8 (radius: 25)
[00:33:09 -56924.653324] Model parameter optimization (eps = 0.100000)

[00:33:19] ML tree search #15, logLikelihood: -56922.205264

[00:33:19 -190387.449143] Initial branch length optimization
[00:33:19 -60424.743432] Model parameter optimization (eps = 10.000000)
[00:33:26 -56930.449817] AUTODETECT spr round 1 (radius: 5)
[00:33:29 -56928.908173] AUTODETECT spr round 2 (radius: 10)
[00:33:35 -56928.905803] SPR radius for FAST iterations: 5 (autodetect)
[00:33:35 -56928.905803] Model parameter optimization (eps = 3.000000)
[00:33:37 -56926.202750] FAST spr round 1 (radius: 5)
[00:33:42 -56926.162766] Model parameter optimization (eps = 1.000000)
[00:33:45 -56924.006053] SLOW spr round 1 (radius: 5)
[00:33:57 -56923.970691] SLOW spr round 2 (radius: 10)
[00:34:10 -56923.954386] SLOW spr round 3 (radius: 15)
[00:34:21 -56923.954386] SLOW spr round 4 (radius: 20)
[00:34:33 -56923.954386] SLOW spr round 5 (radius: 25)
[00:34:48 -56923.954386] Model parameter optimization (eps = 0.100000)

[00:34:57] ML tree search #16, logLikelihood: -56922.245812



Final LogLikelihood: -56920.956755

AIC score: 114557.913510 / AICc score: 114566.842059 / BIC score: 117522.204195
Free parameters (model + branch lengths): 358

Best ML tree saved to: /home/hikoyu/analysis/Genome/SARS-CoV-2/phylogeny/RAxML-NG/DNA/part/sep/SARS-CoV-2_200331.5.raxml.bestTree
All ML trees saved to: /home/hikoyu/analysis/Genome/SARS-CoV-2/phylogeny/RAxML-NG/DNA/part/sep/SARS-CoV-2_200331.5.raxml.mlTrees
Optimized model saved to: /home/hikoyu/analysis/Genome/SARS-CoV-2/phylogeny/RAxML-NG/DNA/part/sep/SARS-CoV-2_200331.5.raxml.bestModel

Execution log saved to: /home/hikoyu/analysis/Genome/SARS-CoV-2/phylogeny/RAxML-NG/DNA/part/sep/SARS-CoV-2_200331.5.raxml.log

Analysis started: 01-Apr-2020 21:47:38 / finished: 01-Apr-2020 22:22:36

Elapsed time: 2098.051 seconds

