
RAxML-NG v. 0.9.0 released on 20.05.2019 by The Exelixis Lab.
Developed by: Alexey M. Kozlov and Alexandros Stamatakis.
Contributors: Diego Darriba, Tomas Flouri, Benoit Morel, Sarah Lutteropp, Ben Bettisworth.
Latest version: https://github.com/amkozlov/raxml-ng
Questions/problems/suggestions? Please visit: https://groups.google.com/forum/#!forum/raxml

RAxML-NG was called at 30-Mar-2020 10:35:09 as follows:

raxml-ng --threads 1 --search --tree rand{8},pars{8} --seed 2094229425 --prefix phylogeny/RAxML-NG/DNA/part/sep/SARS-CoV-2_200328.8 --msa phylogeny/RAxML-NG/DNA/part/sep/SARS-CoV-2_200328.raxml.rba --outgroup MG772933.1

Analysis options:
  run mode: ML tree search
  start tree(s): random (8) + parsimony (8)
  random seed: 2094229425
  tip-inner: OFF
  pattern compression: ON
  per-rate scalers: OFF
  site repeats: ON
  fast spr radius: AUTO
  spr subtree cutoff: 1.000000
  branch lengths: proportional (ML estimate, algorithm: NR-FAST)
  SIMD kernels: AVX2
  parallelization: NONE/sequential

[00:00:00] Loading binary alignment from file: phylogeny/RAxML-NG/DNA/part/sep/SARS-CoV-2_200328.raxml.rba
[00:00:00] Alignment comprises 80 taxa, 33 partitions and 791 patterns

Partition 0: orf1ab_U_p1
Model: TN93+FO+I+B
Alignment sites / patterns: 4405 / 63
Gaps: 0.10 %
Invariant sites: 95.07 %

Partition 1: orf1ab_U_p2
Model: HKY+FO+I+B
Alignment sites / patterns: 4405 / 69
Gaps: 0.10 %
Invariant sites: 96.71 %

Partition 2: orf1ab_U_p3
Model: TN93+FO+G4m+B
Alignment sites / patterns: 4405 / 91
Gaps: 0.10 %
Invariant sites: 73.83 %

Partition 3: orf1ab_D_p1
Model: TN93+FO+I+B
Alignment sites / patterns: 2697 / 36
Gaps: 0.04 %
Invariant sites: 93.29 %

Partition 4: orf1ab_D_p2
Model: HKY+FO+I+G4m+B
Alignment sites / patterns: 2697 / 33
Gaps: 0.04 %
Invariant sites: 98.07 %

Partition 5: orf1ab_D_p3
Model: TPM3uf+FO+G4m+B
Alignment sites / patterns: 2697 / 59
Gaps: 0.04 %
Invariant sites: 62.51 %

Partition 6: S_p1
Model: TN93+FO+G4m+B
Alignment sites / patterns: 1274 / 43
Gaps: 0.04 %
Invariant sites: 83.12 %

Partition 7: S_p2
Model: F81+FO+B
Alignment sites / patterns: 1274 / 39
Gaps: 0.04 %
Invariant sites: 90.19 %

Partition 8: S_p3
Model: HKY+FO+I+B
Alignment sites / patterns: 1274 / 70
Gaps: 0.04 %
Invariant sites: 50.24 %

Partition 9: ORF3a_p1
Model: JC+G4m+B
Alignment sites / patterns: 276 / 20
Gaps: 0.00 %
Invariant sites: 90.58 %

Partition 10: ORF3a_p2
Model: JC+I+G4m+B
Alignment sites / patterns: 276 / 15
Gaps: 0.00 %
Invariant sites: 95.29 %

Partition 11: ORF3a_p3
Model: HKY+FO+I+B
Alignment sites / patterns: 276 / 22
Gaps: 0.00 %
Invariant sites: 70.65 %

Partition 12: E_p1
Model: JC+B
Alignment sites / patterns: 76 / 5
Gaps: 0.00 %
Invariant sites: 98.68 %

Partition 13: E_p2
Model: JC+B
Alignment sites / patterns: 76 / 5
Gaps: 0.00 %
Invariant sites: 98.68 %

Partition 14: E_p3
Model: JC+B
Alignment sites / patterns: 76 / 6
Gaps: 0.00 %
Invariant sites: 97.37 %

Partition 15: M_p1
Model: TN93ef+B
Alignment sites / patterns: 223 / 9
Gaps: 0.01 %
Invariant sites: 95.52 %

Partition 16: M_p2
Model: JC+I+B
Alignment sites / patterns: 223 / 7
Gaps: 0.01 %
Invariant sites: 99.10 %

Partition 17: M_p3
Model: K80+I+B
Alignment sites / patterns: 223 / 28
Gaps: 0.01 %
Invariant sites: 78.03 %

Partition 18: ORF6_p1
Model: JC+B
Alignment sites / patterns: 62 / 6
Gaps: 0.00 %
Invariant sites: 95.16 %

Partition 19: ORF6_p2
Model: JC+B
Alignment sites / patterns: 62 / 6
Gaps: 0.00 %
Invariant sites: 96.77 %

Partition 20: ORF6_p3
Model: JC+B
Alignment sites / patterns: 62 / 9
Gaps: 0.00 %
Invariant sites: 88.71 %

Partition 21: ORF7a_p1
Model: K80+B
Alignment sites / patterns: 122 / 11
Gaps: 0.00 %
Invariant sites: 90.98 %

Partition 22: ORF7a_p2
Model: K80+B
Alignment sites / patterns: 122 / 10
Gaps: 0.00 %
Invariant sites: 92.62 %

Partition 23: ORF7a_p3
Model: HKY+FO+I+B
Alignment sites / patterns: 122 / 16
Gaps: 0.00 %
Invariant sites: 78.69 %

Partition 24: ORF8_p1
Model: JC+I+B
Alignment sites / patterns: 122 / 12
Gaps: 0.00 %
Invariant sites: 93.44 %

Partition 25: ORF8_p2
Model: K80+I+G4m+B
Alignment sites / patterns: 122 / 9
Gaps: 0.00 %
Invariant sites: 95.90 %

Partition 26: ORF8_p3
Model: HKY+FO+B
Alignment sites / patterns: 122 / 16
Gaps: 0.00 %
Invariant sites: 69.67 %

Partition 27: N_p1
Model: K80+I+B
Alignment sites / patterns: 420 / 15
Gaps: 0.00 %
Invariant sites: 95.24 %

Partition 28: N_p2
Model: JC+B
Alignment sites / patterns: 420 / 16
Gaps: 0.00 %
Invariant sites: 95.95 %

Partition 29: N_p3
Model: HKY+FO+G4m+B
Alignment sites / patterns: 420 / 30
Gaps: 0.00 %
Invariant sites: 76.67 %

Partition 30: ORF10_p1
Model: JC+B
Alignment sites / patterns: 39 / 6
Gaps: 0.00 %
Invariant sites: 94.87 %

Partition 31: ORF10_p2
Model: JC+B
Alignment sites / patterns: 39 / 4
Gaps: 0.00 %
Invariant sites: 100.00 %

Partition 32: ORF10_p3
Model: JC+B
Alignment sites / patterns: 39 / 5
Gaps: 0.00 %
Invariant sites: 97.44 %


[00:00:00] Generating 8 random starting tree(s) with 80 taxa
[00:00:00] Generating 8 parsimony starting tree(s) with 80 taxa
[00:00:00] Data distribution: max. partitions/sites/weight per thread: 33 / 791 / 6764

Starting ML tree search with 16 distinct starting trees

[00:00:00 -183850.033753] Initial branch length optimization
[00:00:00 -61018.563600] Model parameter optimization (eps = 10.000000)
[00:00:05 -57068.715290] AUTODETECT spr round 1 (radius: 5)
[00:00:07 -56844.015342] AUTODETECT spr round 2 (radius: 10)
[00:00:09 -56627.694022] AUTODETECT spr round 3 (radius: 15)
[00:00:11 -56550.141322] AUTODETECT spr round 4 (radius: 20)
[00:00:12 -56532.897343] AUTODETECT spr round 5 (radius: 25)
[00:00:14 -56532.897293] SPR radius for FAST iterations: 20 (autodetect)
[00:00:14 -56532.897293] Model parameter optimization (eps = 3.000000)
[00:00:15 -56520.213790] FAST spr round 1 (radius: 20)
[00:00:22 -56368.577197] FAST spr round 2 (radius: 20)
[00:00:27 -56368.560561] Model parameter optimization (eps = 1.000000)
[00:00:32 -56354.264049] SLOW spr round 1 (radius: 5)
[00:00:38 -56354.252776] SLOW spr round 2 (radius: 10)
[00:00:47 -56354.252772] SLOW spr round 3 (radius: 15)
[00:00:54 -56354.252772] SLOW spr round 4 (radius: 20)
[00:00:59 -56354.252772] SLOW spr round 5 (radius: 25)
[00:01:01 -56354.252772] Model parameter optimization (eps = 0.100000)

[00:01:06] ML tree search #1, logLikelihood: -56351.439625

[00:01:06 -181574.125523] Initial branch length optimization
[00:01:06 -60592.704041] Model parameter optimization (eps = 10.000000)
[00:01:12 -56973.331604] AUTODETECT spr round 1 (radius: 5)
[00:01:13 -56717.577105] AUTODETECT spr round 2 (radius: 10)
[00:01:16 -56476.210861] AUTODETECT spr round 3 (radius: 15)
[00:01:18 -56424.966492] AUTODETECT spr round 4 (radius: 20)
[00:01:20 -56424.966490] SPR radius for FAST iterations: 15 (autodetect)
[00:01:20 -56424.966490] Model parameter optimization (eps = 3.000000)
[00:01:21 -56414.200507] FAST spr round 1 (radius: 15)
[00:01:27 -56367.364075] FAST spr round 2 (radius: 15)
[00:01:32 -56367.358268] Model parameter optimization (eps = 1.000000)
[00:01:36 -56351.264389] SLOW spr round 1 (radius: 5)
[00:01:42 -56351.253765] SLOW spr round 2 (radius: 10)
[00:01:49 -56351.253734] SLOW spr round 3 (radius: 15)
[00:01:56 -56351.072938] SLOW spr round 4 (radius: 5)
[00:02:03 -56351.071191] SLOW spr round 5 (radius: 10)
[00:02:11 -56351.071186] SLOW spr round 6 (radius: 15)
[00:02:18 -56351.071186] SLOW spr round 7 (radius: 20)
[00:02:24 -56351.071186] SLOW spr round 8 (radius: 25)
[00:02:27 -56351.071186] Model parameter optimization (eps = 0.100000)

[00:02:29] ML tree search #2, logLikelihood: -56349.847039

[00:02:29 -183833.141739] Initial branch length optimization
[00:02:29 -61009.711682] Model parameter optimization (eps = 10.000000)
[00:02:36 -57070.940931] AUTODETECT spr round 1 (radius: 5)
[00:02:38 -56737.423526] AUTODETECT spr round 2 (radius: 10)
[00:02:41 -56550.666656] AUTODETECT spr round 3 (radius: 15)
[00:02:44 -56520.420326] AUTODETECT spr round 4 (radius: 20)
[00:02:46 -56520.392947] SPR radius for FAST iterations: 15 (autodetect)
[00:02:46 -56520.392947] Model parameter optimization (eps = 3.000000)
[00:02:48 -56511.209700] FAST spr round 1 (radius: 15)
[00:02:54 -56376.569744] FAST spr round 2 (radius: 15)
[00:02:59 -56376.557638] Model parameter optimization (eps = 1.000000)
[00:03:06 -56354.758551] SLOW spr round 1 (radius: 5)
[00:03:12 -56354.755909] SLOW spr round 2 (radius: 10)
[00:03:20 -56354.755828] SLOW spr round 3 (radius: 15)
[00:03:27 -56354.755824] SLOW spr round 4 (radius: 20)
[00:03:33 -56354.755824] SLOW spr round 5 (radius: 25)
[00:03:38 -56354.755824] Model parameter optimization (eps = 0.100000)

[00:03:42] ML tree search #3, logLikelihood: -56353.863850

[00:03:42 -183843.051932] Initial branch length optimization
[00:03:43 -61064.250797] Model parameter optimization (eps = 10.000000)
[00:03:49 -57102.975163] AUTODETECT spr round 1 (radius: 5)
[00:03:51 -56794.960009] AUTODETECT spr round 2 (radius: 10)
[00:03:54 -56672.822814] AUTODETECT spr round 3 (radius: 15)
[00:03:57 -56625.342627] AUTODETECT spr round 4 (radius: 20)
[00:04:00 -56594.780857] AUTODETECT spr round 5 (radius: 25)
[00:04:01 -56594.757972] SPR radius for FAST iterations: 20 (autodetect)
[00:04:01 -56594.757972] Model parameter optimization (eps = 3.000000)
[00:04:04 -56577.822509] FAST spr round 1 (radius: 20)
[00:04:13 -56371.638897] FAST spr round 2 (radius: 20)
[00:04:21 -56371.628436] Model parameter optimization (eps = 1.000000)
[00:04:27 -56353.410496] SLOW spr round 1 (radius: 5)
[00:04:34 -56353.009987] SLOW spr round 2 (radius: 5)
[00:04:41 -56353.007810] SLOW spr round 3 (radius: 10)
[00:04:50 -56353.007783] SLOW spr round 4 (radius: 15)
[00:04:57 -56353.007358] SLOW spr round 5 (radius: 20)
[00:05:03 -56353.007358] SLOW spr round 6 (radius: 25)
[00:05:07 -56353.007358] Model parameter optimization (eps = 0.100000)

[00:05:13] ML tree search #4, logLikelihood: -56350.712537

[00:05:13 -183844.479080] Initial branch length optimization
[00:05:14 -61032.531093] Model parameter optimization (eps = 10.000000)
[00:05:20 -57084.737827] AUTODETECT spr round 1 (radius: 5)
[00:05:22 -56727.447788] AUTODETECT spr round 2 (radius: 10)
[00:05:25 -56487.360814] AUTODETECT spr round 3 (radius: 15)
[00:05:29 -56439.119426] AUTODETECT spr round 4 (radius: 20)
[00:05:31 -56426.735465] AUTODETECT spr round 5 (radius: 25)
[00:05:33 -56426.735244] SPR radius for FAST iterations: 20 (autodetect)
[00:05:33 -56426.735244] Model parameter optimization (eps = 3.000000)
[00:05:36 -56411.621996] FAST spr round 1 (radius: 20)
[00:05:43 -56368.332972] FAST spr round 2 (radius: 20)
[00:05:49 -56367.926927] FAST spr round 3 (radius: 20)
[00:05:54 -56367.926913] Model parameter optimization (eps = 1.000000)
[00:05:59 -56353.751216] SLOW spr round 1 (radius: 5)
[00:06:06 -56353.742215] SLOW spr round 2 (radius: 10)
[00:06:14 -56353.331076] SLOW spr round 3 (radius: 5)
[00:06:21 -56353.328978] SLOW spr round 4 (radius: 10)
[00:06:29 -56353.328969] SLOW spr round 5 (radius: 15)
[00:06:36 -56353.328968] SLOW spr round 6 (radius: 20)
[00:06:42 -56353.328968] SLOW spr round 7 (radius: 25)
[00:06:46 -56353.328968] Model parameter optimization (eps = 0.100000)

[00:06:49] ML tree search #5, logLikelihood: -56351.921051

[00:06:49 -183830.841329] Initial branch length optimization
[00:06:49 -61033.557012] Model parameter optimization (eps = 10.000000)
[00:06:56 -57067.665971] AUTODETECT spr round 1 (radius: 5)
[00:06:58 -56764.601667] AUTODETECT spr round 2 (radius: 10)
[00:07:02 -56650.703293] AUTODETECT spr round 3 (radius: 15)
[00:07:05 -56513.136819] AUTODETECT spr round 4 (radius: 20)
[00:07:08 -56511.730353] AUTODETECT spr round 5 (radius: 25)
[00:07:10 -56511.727561] SPR radius for FAST iterations: 20 (autodetect)
[00:07:10 -56511.727561] Model parameter optimization (eps = 3.000000)
[00:07:12 -56500.880245] FAST spr round 1 (radius: 20)
[00:07:20 -56368.054044] FAST spr round 2 (radius: 20)
[00:07:26 -56368.036305] Model parameter optimization (eps = 1.000000)
[00:07:32 -56352.932190] SLOW spr round 1 (radius: 5)
[00:07:39 -56352.921985] SLOW spr round 2 (radius: 10)
[00:07:47 -56352.921933] SLOW spr round 3 (radius: 15)
[00:07:55 -56352.921931] SLOW spr round 4 (radius: 20)
[00:08:00 -56352.921930] SLOW spr round 5 (radius: 25)
[00:08:05 -56352.921930] Model parameter optimization (eps = 0.100000)

[00:08:08] ML tree search #6, logLikelihood: -56351.895906

[00:08:09 -183860.661200] Initial branch length optimization
[00:08:09 -61073.426136] Model parameter optimization (eps = 10.000000)
[00:08:15 -57100.664566] AUTODETECT spr round 1 (radius: 5)
[00:08:17 -56777.714519] AUTODETECT spr round 2 (radius: 10)
[00:08:20 -56616.904368] AUTODETECT spr round 3 (radius: 15)
[00:08:24 -56533.440587] AUTODETECT spr round 4 (radius: 20)
[00:08:26 -56531.098822] AUTODETECT spr round 5 (radius: 25)
[00:08:28 -56531.098554] SPR radius for FAST iterations: 20 (autodetect)
[00:08:28 -56531.098554] Model parameter optimization (eps = 3.000000)
[00:08:29 -56522.791647] FAST spr round 1 (radius: 20)
[00:08:37 -56374.756622] FAST spr round 2 (radius: 20)
[00:08:42 -56374.727635] Model parameter optimization (eps = 1.000000)
[00:08:49 -56353.291724] SLOW spr round 1 (radius: 5)
[00:08:57 -56353.289243] SLOW spr round 2 (radius: 10)
[00:09:06 -56353.289193] SLOW spr round 3 (radius: 15)
[00:09:13 -56353.289190] SLOW spr round 4 (radius: 20)
[00:09:17 -56353.289190] SLOW spr round 5 (radius: 25)
[00:09:20 -56353.289190] Model parameter optimization (eps = 0.100000)

[00:09:24] ML tree search #7, logLikelihood: -56351.914372

[00:09:25 -183858.754773] Initial branch length optimization
[00:09:25 -61081.424150] Model parameter optimization (eps = 10.000000)
[00:09:31 -57107.525252] AUTODETECT spr round 1 (radius: 5)
[00:09:33 -56775.410239] AUTODETECT spr round 2 (radius: 10)
[00:09:36 -56571.751716] AUTODETECT spr round 3 (radius: 15)
[00:09:40 -56485.003167] AUTODETECT spr round 4 (radius: 20)
[00:09:42 -56485.001946] SPR radius for FAST iterations: 15 (autodetect)
[00:09:42 -56485.001946] Model parameter optimization (eps = 3.000000)
[00:09:44 -56475.463393] FAST spr round 1 (radius: 15)
[00:09:52 -56373.642614] FAST spr round 2 (radius: 15)
[00:09:57 -56373.628737] Model parameter optimization (eps = 1.000000)
[00:10:04 -56353.340617] SLOW spr round 1 (radius: 5)
[00:10:11 -56353.328765] SLOW spr round 2 (radius: 10)
[00:10:19 -56353.328707] SLOW spr round 3 (radius: 15)
[00:10:27 -56353.328704] SLOW spr round 4 (radius: 20)
[00:10:32 -56353.328704] SLOW spr round 5 (radius: 25)
[00:10:37 -56353.328704] Model parameter optimization (eps = 0.100000)

[00:10:41] ML tree search #8, logLikelihood: -56351.996256

[00:10:41 -181188.611028] Initial branch length optimization
[00:10:41 -59719.833026] Model parameter optimization (eps = 10.000000)
[00:10:45 -56368.258187] AUTODETECT spr round 1 (radius: 5)
[00:10:47 -56366.833015] AUTODETECT spr round 2 (radius: 10)
[00:10:50 -56366.832327] SPR radius for FAST iterations: 5 (autodetect)
[00:10:50 -56366.832327] Model parameter optimization (eps = 3.000000)
[00:10:52 -56356.209630] FAST spr round 1 (radius: 5)
[00:10:56 -56356.145161] Model parameter optimization (eps = 1.000000)
[00:10:57 -56354.035683] SLOW spr round 1 (radius: 5)
[00:11:04 -56353.839728] SLOW spr round 2 (radius: 5)
[00:11:11 -56353.821929] SLOW spr round 3 (radius: 10)
[00:11:22 -56353.538430] SLOW spr round 4 (radius: 5)
[00:11:28 -56353.536870] SLOW spr round 5 (radius: 10)
[00:11:36 -56353.536868] SLOW spr round 6 (radius: 15)
[00:11:42 -56353.536868] SLOW spr round 7 (radius: 20)
[00:11:47 -56353.536868] SLOW spr round 8 (radius: 25)
[00:11:51 -56353.536868] Model parameter optimization (eps = 0.100000)

[00:11:56] ML tree search #9, logLikelihood: -56350.666346

[00:11:56 -181194.592930] Initial branch length optimization
[00:11:56 -59722.062016] Model parameter optimization (eps = 10.000000)
[00:12:01 -56368.443142] AUTODETECT spr round 1 (radius: 5)
[00:12:03 -56366.446608] AUTODETECT spr round 2 (radius: 10)
[00:12:06 -56366.243614] AUTODETECT spr round 3 (radius: 15)
[00:12:09 -56366.243478] SPR radius for FAST iterations: 10 (autodetect)
[00:12:09 -56366.243478] Model parameter optimization (eps = 3.000000)
[00:12:12 -56354.916224] FAST spr round 1 (radius: 10)
[00:12:17 -56354.848083] Model parameter optimization (eps = 1.000000)
[00:12:18 -56352.790209] SLOW spr round 1 (radius: 5)
[00:12:25 -56352.750554] SLOW spr round 2 (radius: 10)
[00:12:33 -56352.608461] SLOW spr round 3 (radius: 5)
[00:12:39 -56352.605435] SLOW spr round 4 (radius: 10)
[00:12:46 -56352.590293] SLOW spr round 5 (radius: 15)
[00:12:53 -56352.588376] SLOW spr round 6 (radius: 20)
[00:12:58 -56352.588372] SLOW spr round 7 (radius: 25)
[00:13:02 -56352.588372] Model parameter optimization (eps = 0.100000)

[00:13:06] ML tree search #10, logLikelihood: -56350.664757

[00:13:06 -181190.416159] Initial branch length optimization
[00:13:07 -59720.920084] Model parameter optimization (eps = 10.000000)
[00:13:11 -56368.233696] AUTODETECT spr round 1 (radius: 5)
[00:13:13 -56365.947400] AUTODETECT spr round 2 (radius: 10)
[00:13:16 -56365.364057] AUTODETECT spr round 3 (radius: 15)
[00:13:19 -56365.364021] SPR radius for FAST iterations: 10 (autodetect)
[00:13:19 -56365.364021] Model parameter optimization (eps = 3.000000)
[00:13:21 -56354.934468] FAST spr round 1 (radius: 10)
[00:13:26 -56354.866122] Model parameter optimization (eps = 1.000000)
[00:13:28 -56352.809072] SLOW spr round 1 (radius: 5)
[00:13:34 -56352.781948] SLOW spr round 2 (radius: 10)
[00:13:43 -56352.639353] SLOW spr round 3 (radius: 5)
[00:13:50 -56352.614002] SLOW spr round 4 (radius: 10)
[00:13:58 -56352.611972] SLOW spr round 5 (radius: 15)
[00:14:04 -56352.597430] SLOW spr round 6 (radius: 20)
[00:14:09 -56352.597430] SLOW spr round 7 (radius: 25)
[00:14:13 -56352.597430] Model parameter optimization (eps = 0.100000)

[00:14:18] ML tree search #11, logLikelihood: -56350.675549

[00:14:18 -181190.315393] Initial branch length optimization
[00:14:18 -59726.736573] Model parameter optimization (eps = 10.000000)
[00:14:22 -56374.432802] AUTODETECT spr round 1 (radius: 5)
[00:14:24 -56365.372683] AUTODETECT spr round 2 (radius: 10)
[00:14:27 -56365.371319] SPR radius for FAST iterations: 5 (autodetect)
[00:14:27 -56365.371319] Model parameter optimization (eps = 3.000000)
[00:14:30 -56354.909602] FAST spr round 1 (radius: 5)
[00:14:34 -56354.839560] Model parameter optimization (eps = 1.000000)
[00:14:35 -56352.788112] SLOW spr round 1 (radius: 5)
[00:14:41 -56352.765182] SLOW spr round 2 (radius: 10)
[00:14:51 -56352.609512] SLOW spr round 3 (radius: 5)
[00:14:57 -56352.582887] SLOW spr round 4 (radius: 10)
[00:15:04 -56352.580811] SLOW spr round 5 (radius: 15)
[00:15:09 -56352.580805] SLOW spr round 6 (radius: 20)
[00:15:13 -56352.580805] SLOW spr round 7 (radius: 25)
[00:15:18 -56352.580805] Model parameter optimization (eps = 0.100000)

[00:15:22] ML tree search #12, logLikelihood: -56350.657061

[00:15:22 -181193.134847] Initial branch length optimization
[00:15:23 -59728.944677] Model parameter optimization (eps = 10.000000)
[00:15:27 -56377.041653] AUTODETECT spr round 1 (radius: 5)
[00:15:29 -56365.603113] AUTODETECT spr round 2 (radius: 10)
[00:15:33 -56365.588665] SPR radius for FAST iterations: 5 (autodetect)
[00:15:33 -56365.588665] Model parameter optimization (eps = 3.000000)
[00:15:35 -56354.948079] FAST spr round 1 (radius: 5)
[00:15:39 -56354.877601] Model parameter optimization (eps = 1.000000)
[00:15:40 -56352.795414] SLOW spr round 1 (radius: 5)
[00:15:46 -56352.772027] SLOW spr round 2 (radius: 10)
[00:15:55 -56352.638948] SLOW spr round 3 (radius: 5)
[00:16:02 -56352.619118] SLOW spr round 4 (radius: 10)
[00:16:11 -56352.617273] SLOW spr round 5 (radius: 15)
[00:16:16 -56352.617268] SLOW spr round 6 (radius: 20)
[00:16:20 -56352.617267] SLOW spr round 7 (radius: 25)
[00:16:21 -56352.617267] Model parameter optimization (eps = 0.100000)

[00:16:26] ML tree search #13, logLikelihood: -56350.658021

[00:16:26 -181197.086063] Initial branch length optimization
[00:16:26 -59729.204652] Model parameter optimization (eps = 10.000000)
[00:16:30 -56375.339639] AUTODETECT spr round 1 (radius: 5)
[00:16:32 -56365.225983] AUTODETECT spr round 2 (radius: 10)
[00:16:35 -56365.225196] SPR radius for FAST iterations: 5 (autodetect)
[00:16:35 -56365.225196] Model parameter optimization (eps = 3.000000)
[00:16:38 -56354.859010] FAST spr round 1 (radius: 5)
[00:16:42 -56354.790609] Model parameter optimization (eps = 1.000000)
[00:16:43 -56352.764555] SLOW spr round 1 (radius: 5)
[00:16:50 -56352.597381] SLOW spr round 2 (radius: 5)
[00:16:57 -56352.593752] SLOW spr round 3 (radius: 10)
[00:17:05 -56352.552961] SLOW spr round 4 (radius: 15)
[00:17:11 -56352.551146] SLOW spr round 5 (radius: 20)
[00:17:15 -56352.551142] SLOW spr round 6 (radius: 25)
[00:17:19 -56352.551142] Model parameter optimization (eps = 0.100000)

[00:17:23] ML tree search #14, logLikelihood: -56350.668476

[00:17:23 -181195.588969] Initial branch length optimization
[00:17:24 -59730.832242] Model parameter optimization (eps = 10.000000)
[00:17:28 -56377.060803] AUTODETECT spr round 1 (radius: 5)
[00:17:30 -56374.579804] AUTODETECT spr round 2 (radius: 10)
[00:17:32 -56366.437358] AUTODETECT spr round 3 (radius: 15)
[00:17:35 -56366.437340] SPR radius for FAST iterations: 10 (autodetect)
[00:17:35 -56366.437340] Model parameter optimization (eps = 3.000000)
[00:17:38 -56354.957338] FAST spr round 1 (radius: 10)
[00:17:42 -56354.884850] Model parameter optimization (eps = 1.000000)
[00:17:44 -56352.801739] SLOW spr round 1 (radius: 5)
[00:17:52 -56352.782038] SLOW spr round 2 (radius: 10)
[00:18:00 -56352.625116] SLOW spr round 3 (radius: 5)
[00:18:06 -56352.598513] SLOW spr round 4 (radius: 10)
[00:18:13 -56352.596735] SLOW spr round 5 (radius: 15)
[00:18:18 -56352.596729] SLOW spr round 6 (radius: 20)
[00:18:22 -56352.596729] SLOW spr round 7 (radius: 25)
[00:18:26 -56352.596729] Model parameter optimization (eps = 0.100000)

[00:18:31] ML tree search #15, logLikelihood: -56350.658235

[00:18:31 -181189.151892] Initial branch length optimization
[00:18:31 -59718.326470] Model parameter optimization (eps = 10.000000)
[00:18:35 -56366.976724] AUTODETECT spr round 1 (radius: 5)
[00:18:37 -56365.563153] AUTODETECT spr round 2 (radius: 10)
[00:18:40 -56365.559668] SPR radius for FAST iterations: 5 (autodetect)
[00:18:40 -56365.559668] Model parameter optimization (eps = 3.000000)
[00:18:42 -56354.941601] FAST spr round 1 (radius: 5)
[00:18:45 -56354.873019] Model parameter optimization (eps = 1.000000)
[00:18:46 -56352.797364] SLOW spr round 1 (radius: 5)
[00:18:53 -56352.772804] SLOW spr round 2 (radius: 10)
[00:19:01 -56352.625069] SLOW spr round 3 (radius: 5)
[00:19:08 -56352.605089] SLOW spr round 4 (radius: 10)
[00:19:15 -56352.603212] SLOW spr round 5 (radius: 15)
[00:19:20 -56352.603206] SLOW spr round 6 (radius: 20)
[00:19:24 -56352.603206] SLOW spr round 7 (radius: 25)
[00:19:28 -56352.603206] Model parameter optimization (eps = 0.100000)

[00:19:33] ML tree search #16, logLikelihood: -56350.658111



Final LogLikelihood: -56349.847039

AIC score: 113245.694078 / AICc score: 113250.875349 / BIC score: 115506.172729
Free parameters (model + branch lengths): 273

Best ML tree saved to: /home/hikoyu/analysis/Genome/SARS-CoV-2/phylogeny/RAxML-NG/DNA/part/sep/SARS-CoV-2_200328.8.raxml.bestTree
All ML trees saved to: /home/hikoyu/analysis/Genome/SARS-CoV-2/phylogeny/RAxML-NG/DNA/part/sep/SARS-CoV-2_200328.8.raxml.mlTrees
Optimized model saved to: /home/hikoyu/analysis/Genome/SARS-CoV-2/phylogeny/RAxML-NG/DNA/part/sep/SARS-CoV-2_200328.8.raxml.bestModel

Execution log saved to: /home/hikoyu/analysis/Genome/SARS-CoV-2/phylogeny/RAxML-NG/DNA/part/sep/SARS-CoV-2_200328.8.raxml.log

Analysis started: 30-Mar-2020 10:35:09 / finished: 30-Mar-2020 10:54:42

Elapsed time: 1173.609 seconds

