
RAxML-NG v. 0.9.0 released on 20.05.2019 by The Exelixis Lab.
Developed by: Alexey M. Kozlov and Alexandros Stamatakis.
Contributors: Diego Darriba, Tomas Flouri, Benoit Morel, Sarah Lutteropp, Ben Bettisworth.
Latest version: https://github.com/amkozlov/raxml-ng
Questions/problems/suggestions? Please visit: https://groups.google.com/forum/#!forum/raxml

RAxML-NG was called at 24-Apr-2020 03:46:55 as follows:

raxml-ng --threads 1 --search --tree rand{9},pars{9} --seed 997567097 --prefix phylogeny/RAxML-NG/DNA/part/sep/SARS-CoV-2_200414.2 --msa phylogeny/RAxML-NG/DNA/part/sep/SARS-CoV-2_200414.raxml.rba --outgroup MG772933.1

Analysis options:
  run mode: ML tree search
  start tree(s): random (9) + parsimony (9)
  random seed: 997567097
  tip-inner: OFF
  pattern compression: ON
  per-rate scalers: OFF
  site repeats: ON
  fast spr radius: AUTO
  spr subtree cutoff: 1.000000
  branch lengths: proportional (ML estimate, algorithm: NR-FAST)
  SIMD kernels: AVX2
  parallelization: NONE/sequential

[00:00:00] Loading binary alignment from file: phylogeny/RAxML-NG/DNA/part/sep/SARS-CoV-2_200414.raxml.rba
[00:00:00] Alignment comprises 376 taxa, 33 partitions and 1139 patterns

Partition 0: orf1ab_U_p1
Model: TN93+FO+I+B
Alignment sites / patterns: 4404 / 101
Gaps: 0.07 %
Invariant sites: 94.60 %

Partition 1: orf1ab_U_p2
Model: TIM3+I+G4m+B
Alignment sites / patterns: 4404 / 124
Gaps: 0.07 %
Invariant sites: 96.05 %

Partition 2: orf1ab_U_p3
Model: GTR+FO+I+G4m+B
Alignment sites / patterns: 4404 / 152
Gaps: 0.07 %
Invariant sites: 73.14 %

Partition 3: orf1ab_D_p1
Model: TIM1+I+B
Alignment sites / patterns: 2699 / 60
Gaps: 0.11 %
Invariant sites: 92.66 %

Partition 4: orf1ab_D_p2
Model: TIM1+I+G4m+B
Alignment sites / patterns: 2699 / 50
Gaps: 0.11 %
Invariant sites: 97.63 %

Partition 5: orf1ab_D_p3
Model: GTR+FO+G4m+B
Alignment sites / patterns: 2699 / 99
Gaps: 0.11 %
Invariant sites: 62.13 %

Partition 6: S_p1
Model: TN93+FO+G4m+B
Alignment sites / patterns: 1274 / 52
Gaps: 0.01 %
Invariant sites: 82.50 %

Partition 7: S_p2
Model: TIM3+I+G4m+B
Alignment sites / patterns: 1274 / 47
Gaps: 0.01 %
Invariant sites: 90.19 %

Partition 8: S_p3
Model: HKY+FO+G4m+B
Alignment sites / patterns: 1274 / 93
Gaps: 0.01 %
Invariant sites: 49.76 %

Partition 9: ORF3a_p1
Model: JC+G4m+B
Alignment sites / patterns: 276 / 24
Gaps: 0.00 %
Invariant sites: 89.86 %

Partition 10: ORF3a_p2
Model: F81+FO+I+G4m+B
Alignment sites / patterns: 276 / 23
Gaps: 0.00 %
Invariant sites: 93.84 %

Partition 11: ORF3a_p3
Model: GTR+FO+I+G4m+B
Alignment sites / patterns: 276 / 30
Gaps: 0.00 %
Invariant sites: 69.93 %

Partition 12: E_p1
Model: JC+B
Alignment sites / patterns: 76 / 6
Gaps: 0.00 %
Invariant sites: 97.37 %

Partition 13: E_p2
Model: JC+B
Alignment sites / patterns: 76 / 6
Gaps: 0.00 %
Invariant sites: 97.37 %

Partition 14: E_p3
Model: JC+B
Alignment sites / patterns: 76 / 7
Gaps: 0.00 %
Invariant sites: 96.05 %

Partition 15: M_p1
Model: K80+I+B
Alignment sites / patterns: 223 / 11
Gaps: 0.00 %
Invariant sites: 95.07 %

Partition 16: M_p2
Model: JC+B
Alignment sites / patterns: 223 / 9
Gaps: 0.00 %
Invariant sites: 98.21 %

Partition 17: M_p3
Model: K80+I+G4m+B
Alignment sites / patterns: 223 / 29
Gaps: 0.00 %
Invariant sites: 77.58 %

Partition 18: ORF6_p1
Model: JC+B
Alignment sites / patterns: 62 / 7
Gaps: 0.00 %
Invariant sites: 93.55 %

Partition 19: ORF6_p2
Model: JC+B
Alignment sites / patterns: 62 / 6
Gaps: 0.00 %
Invariant sites: 96.77 %

Partition 20: ORF6_p3
Model: TN93ef+G4m+B
Alignment sites / patterns: 62 / 13
Gaps: 0.00 %
Invariant sites: 82.26 %

Partition 21: ORF7a_p1
Model: K80+B
Alignment sites / patterns: 122 / 11
Gaps: 0.00 %
Invariant sites: 90.98 %

Partition 22: ORF7a_p2
Model: K80+B
Alignment sites / patterns: 122 / 13
Gaps: 0.00 %
Invariant sites: 90.16 %

Partition 23: ORF7a_p3
Model: HKY+FO+G4m+B
Alignment sites / patterns: 122 / 19
Gaps: 0.00 %
Invariant sites: 76.23 %

Partition 24: ORF8_p1
Model: JC+I+G4m+B
Alignment sites / patterns: 122 / 14
Gaps: 0.00 %
Invariant sites: 92.62 %

Partition 25: ORF8_p2
Model: TIM3+I+G4m+B
Alignment sites / patterns: 122 / 12
Gaps: 0.00 %
Invariant sites: 94.26 %

Partition 26: ORF8_p3
Model: HKY+FO+B
Alignment sites / patterns: 122 / 18
Gaps: 0.00 %
Invariant sites: 68.85 %

Partition 27: N_p1
Model: F81+FO+I+G4m+B
Alignment sites / patterns: 420 / 21
Gaps: 0.00 %
Invariant sites: 93.81 %

Partition 28: N_p2
Model: HKY+FO+I+G4m+B
Alignment sites / patterns: 420 / 24
Gaps: 0.00 %
Invariant sites: 94.29 %

Partition 29: N_p3
Model: HKY+FO+G4m+B
Alignment sites / patterns: 420 / 41
Gaps: 0.00 %
Invariant sites: 74.52 %

Partition 30: ORF10_p1
Model: JC+B
Alignment sites / patterns: 39 / 8
Gaps: 0.00 %
Invariant sites: 89.74 %

Partition 31: ORF10_p2
Model: JC+B
Alignment sites / patterns: 39 / 4
Gaps: 0.00 %
Invariant sites: 100.00 %

Partition 32: ORF10_p3
Model: JC+B
Alignment sites / patterns: 39 / 5
Gaps: 0.00 %
Invariant sites: 97.44 %


[00:00:00] Generating 9 random starting tree(s) with 376 taxa
[00:00:00] Generating 9 parsimony starting tree(s) with 376 taxa
[00:00:03] Data distribution: max. partitions/sites/weight per thread: 33 / 1139 / 14960

Starting ML tree search with 18 distinct starting trees

[00:00:03 -329018.304506] Initial branch length optimization
[00:00:06 -74517.790952] Model parameter optimization (eps = 10.000000)
[00:01:44 -66350.422532] AUTODETECT spr round 1 (radius: 5)
[00:02:18 -63208.825360] AUTODETECT spr round 2 (radius: 10)
[00:03:02 -62008.813182] AUTODETECT spr round 3 (radius: 15)
[00:03:59 -61292.276755] AUTODETECT spr round 4 (radius: 20)
[00:05:10 -60966.777267] AUTODETECT spr round 5 (radius: 25)
[00:06:17 -60912.326858] SPR radius for FAST iterations: 25 (autodetect)
[00:06:17 -60912.326858] Model parameter optimization (eps = 3.000000)
[00:08:27 -60246.652947] FAST spr round 1 (radius: 25)
[00:10:50 -59848.172187] FAST spr round 2 (radius: 25)
[00:12:23 -59843.823794] FAST spr round 3 (radius: 25)
[00:13:36 -59836.627378] FAST spr round 4 (radius: 25)
[00:14:40 -59836.627290] Model parameter optimization (eps = 1.000000)
[00:15:30 -59816.899204] SLOW spr round 1 (radius: 5)
[00:16:31 -59816.855504] SLOW spr round 2 (radius: 10)
[00:17:42 -59816.855211] SLOW spr round 3 (radius: 15)
[00:19:03 -59816.855207] SLOW spr round 4 (radius: 20)
[00:20:38 -59816.855207] SLOW spr round 5 (radius: 25)
[00:22:12 -59816.855207] Model parameter optimization (eps = 0.100000)

[00:22:29] ML tree search #1, logLikelihood: -59816.634445

[00:22:29 -328924.293359] Initial branch length optimization
[00:22:32 -74345.280500] Model parameter optimization (eps = 10.000000)
[00:24:06 -66291.368833] AUTODETECT spr round 1 (radius: 5)
[00:24:45 -63492.413673] AUTODETECT spr round 2 (radius: 10)
[00:25:38 -62260.667680] AUTODETECT spr round 3 (radius: 15)
[00:26:40 -61731.103876] AUTODETECT spr round 4 (radius: 20)
[00:27:53 -61285.013819] AUTODETECT spr round 5 (radius: 25)
[00:29:15 -61139.589604] SPR radius for FAST iterations: 25 (autodetect)
[00:29:15 -61139.589604] Model parameter optimization (eps = 3.000000)
[00:31:23 -60511.850660] FAST spr round 1 (radius: 25)
[00:33:54 -59865.740193] FAST spr round 2 (radius: 25)
[00:35:28 -59851.906269] FAST spr round 3 (radius: 25)
[00:36:45 -59851.870274] Model parameter optimization (eps = 1.000000)
[00:37:57 -59816.774115] SLOW spr round 1 (radius: 5)
[00:39:01 -59816.459763] SLOW spr round 2 (radius: 5)
[00:40:02 -59816.458894] SLOW spr round 3 (radius: 10)
[00:41:14 -59816.458890] SLOW spr round 4 (radius: 15)
[00:42:34 -59816.458890] SLOW spr round 5 (radius: 20)
[00:44:14 -59816.458890] SLOW spr round 6 (radius: 25)
[00:45:57 -59816.458890] Model parameter optimization (eps = 0.100000)

[00:46:07] ML tree search #2, logLikelihood: -59816.369396

[00:46:07 -329103.222132] Initial branch length optimization
[00:46:10 -74784.525174] Model parameter optimization (eps = 10.000000)
[00:47:46 -66424.497850] AUTODETECT spr round 1 (radius: 5)
[00:48:28 -63663.744100] AUTODETECT spr round 2 (radius: 10)
[00:49:20 -61852.229446] AUTODETECT spr round 3 (radius: 15)
[00:50:23 -61312.962083] AUTODETECT spr round 4 (radius: 20)
[00:51:44 -61081.058533] AUTODETECT spr round 5 (radius: 25)
[00:53:08 -61040.082255] SPR radius for FAST iterations: 25 (autodetect)
[00:53:08 -61040.082255] Model parameter optimization (eps = 3.000000)
[00:55:07 -60431.049062] FAST spr round 1 (radius: 25)
[00:57:32 -59877.160698] FAST spr round 2 (radius: 25)
[00:59:14 -59871.974514] FAST spr round 3 (radius: 25)
[01:00:40 -59871.922336] Model parameter optimization (eps = 1.000000)
[01:01:54 -59818.010354] SLOW spr round 1 (radius: 5)
[01:03:00 -59816.943907] SLOW spr round 2 (radius: 5)
[01:04:02 -59816.942994] SLOW spr round 3 (radius: 10)
[01:05:20 -59816.913689] SLOW spr round 4 (radius: 15)
[01:06:47 -59816.913671] SLOW spr round 5 (radius: 20)
[01:08:27 -59816.913671] SLOW spr round 6 (radius: 25)
[01:10:11 -59816.913671] Model parameter optimization (eps = 0.100000)

[01:10:37] ML tree search #3, logLikelihood: -59816.351280

[01:10:37 -328944.672849] Initial branch length optimization
[01:10:39 -74368.872935] Model parameter optimization (eps = 10.000000)
[01:12:19 -66264.262778] AUTODETECT spr round 1 (radius: 5)
[01:13:03 -63318.367286] AUTODETECT spr round 2 (radius: 10)
[01:13:55 -62040.776889] AUTODETECT spr round 3 (radius: 15)
[01:15:02 -61337.219261] AUTODETECT spr round 4 (radius: 20)
[01:16:17 -61106.689248] AUTODETECT spr round 5 (radius: 25)
[01:17:51 -61066.652272] SPR radius for FAST iterations: 25 (autodetect)
[01:17:51 -61066.652272] Model parameter optimization (eps = 3.000000)
[01:19:45 -60479.852240] FAST spr round 1 (radius: 25)
[01:22:26 -59909.169743] FAST spr round 2 (radius: 25)
[01:24:13 -59882.154887] FAST spr round 3 (radius: 25)
[01:25:40 -59882.087817] Model parameter optimization (eps = 1.000000)
[01:26:54 -59817.228591] SLOW spr round 1 (radius: 5)
[01:28:02 -59817.188793] SLOW spr round 2 (radius: 10)
[01:29:22 -59817.188384] SLOW spr round 3 (radius: 15)
[01:30:48 -59817.188377] SLOW spr round 4 (radius: 20)
[01:32:29 -59817.188376] SLOW spr round 5 (radius: 25)
[01:34:12 -59817.188376] Model parameter optimization (eps = 0.100000)

[01:34:44] ML tree search #4, logLikelihood: -59816.584327

[01:34:44 -329061.458463] Initial branch length optimization
[01:34:46 -74698.663074] Model parameter optimization (eps = 10.000000)
[01:36:20 -66398.443029] AUTODETECT spr round 1 (radius: 5)
[01:37:04 -63356.448662] AUTODETECT spr round 2 (radius: 10)
[01:37:58 -62065.828144] AUTODETECT spr round 3 (radius: 15)
[01:39:00 -61321.452088] AUTODETECT spr round 4 (radius: 20)
[01:40:07 -61083.975885] AUTODETECT spr round 5 (radius: 25)
[01:41:19 -61023.558306] SPR radius for FAST iterations: 25 (autodetect)
[01:41:19 -61023.558306] Model parameter optimization (eps = 3.000000)
[01:43:09 -60417.878859] FAST spr round 1 (radius: 25)
[01:45:41 -59908.680721] FAST spr round 2 (radius: 25)
[01:47:24 -59889.504482] FAST spr round 3 (radius: 25)
[01:48:43 -59889.504319] Model parameter optimization (eps = 1.000000)
[01:49:56 -59827.724335] SLOW spr round 1 (radius: 5)
[01:51:01 -59827.680138] SLOW spr round 2 (radius: 10)
[01:52:15 -59827.679725] SLOW spr round 3 (radius: 15)
[01:53:33 -59827.679723] SLOW spr round 4 (radius: 20)
[01:54:56 -59827.679723] SLOW spr round 5 (radius: 25)
[01:56:27 -59827.679723] Model parameter optimization (eps = 0.100000)

[01:56:58] ML tree search #5, logLikelihood: -59827.020716

[01:56:58 -329019.556569] Initial branch length optimization
[01:57:00 -74496.885213] Model parameter optimization (eps = 10.000000)
[01:58:33 -66295.000677] AUTODETECT spr round 1 (radius: 5)
[01:59:15 -63218.083116] AUTODETECT spr round 2 (radius: 10)
[02:00:11 -62115.753584] AUTODETECT spr round 3 (radius: 15)
[02:01:16 -61561.886167] AUTODETECT spr round 4 (radius: 20)
[02:02:33 -61258.706506] AUTODETECT spr round 5 (radius: 25)
[02:03:51 -61094.672788] SPR radius for FAST iterations: 25 (autodetect)
[02:03:51 -61094.672788] Model parameter optimization (eps = 3.000000)
[02:05:51 -60437.535825] FAST spr round 1 (radius: 25)
[02:08:44 -59866.599869] FAST spr round 2 (radius: 25)
[02:10:32 -59850.539847] FAST spr round 3 (radius: 25)
[02:11:58 -59850.491408] Model parameter optimization (eps = 1.000000)
[02:12:53 -59817.318752] SLOW spr round 1 (radius: 5)
[02:14:00 -59817.051198] SLOW spr round 2 (radius: 5)
[02:15:04 -59817.050247] SLOW spr round 3 (radius: 10)
[02:16:21 -59817.050236] SLOW spr round 4 (radius: 15)
[02:17:45 -59817.050236] SLOW spr round 5 (radius: 20)
[02:19:23 -59817.050236] SLOW spr round 6 (radius: 25)
[02:21:01 -59817.050236] Model parameter optimization (eps = 0.100000)

[02:21:26] ML tree search #6, logLikelihood: -59816.360755

[02:21:26 -329078.926099] Initial branch length optimization
[02:21:29 -74749.882627] Model parameter optimization (eps = 10.000000)
[02:23:01 -66428.382088] AUTODETECT spr round 1 (radius: 5)
[02:23:43 -63177.082023] AUTODETECT spr round 2 (radius: 10)
[02:24:37 -61889.949589] AUTODETECT spr round 3 (radius: 15)
[02:25:44 -61241.200213] AUTODETECT spr round 4 (radius: 20)
[02:27:00 -60923.590243] AUTODETECT spr round 5 (radius: 25)
[02:28:23 -60796.810486] SPR radius for FAST iterations: 25 (autodetect)
[02:28:23 -60796.810486] Model parameter optimization (eps = 3.000000)
[02:30:19 -60167.347433] FAST spr round 1 (radius: 25)
[02:32:47 -59944.922243] FAST spr round 2 (radius: 25)
[02:34:37 -59866.935997] FAST spr round 3 (radius: 25)
[02:36:12 -59866.872230] Model parameter optimization (eps = 1.000000)
[02:37:28 -59817.924079] SLOW spr round 1 (radius: 5)
[02:38:36 -59816.791961] SLOW spr round 2 (radius: 5)
[02:39:39 -59816.791136] SLOW spr round 3 (radius: 10)
[02:40:54 -59816.791130] SLOW spr round 4 (radius: 15)
[02:42:23 -59816.790833] SLOW spr round 5 (radius: 20)
[02:44:10 -59816.790833] SLOW spr round 6 (radius: 25)
[02:45:54 -59816.790833] Model parameter optimization (eps = 0.100000)

[02:46:15] ML tree search #7, logLikelihood: -59816.325096

[02:46:16 -328997.953638] Initial branch length optimization
[02:46:18 -74464.930405] Model parameter optimization (eps = 10.000000)
[02:47:50 -66314.054244] AUTODETECT spr round 1 (radius: 5)
[02:48:33 -63308.044772] AUTODETECT spr round 2 (radius: 10)
[02:49:27 -61879.709862] AUTODETECT spr round 3 (radius: 15)
[02:50:32 -61287.684428] AUTODETECT spr round 4 (radius: 20)
[02:51:48 -60995.363999] AUTODETECT spr round 5 (radius: 25)
[02:53:06 -60868.082061] SPR radius for FAST iterations: 25 (autodetect)
[02:53:06 -60868.082061] Model parameter optimization (eps = 3.000000)
[02:55:29 -60201.645359] FAST spr round 1 (radius: 25)
[02:57:53 -59847.082029] FAST spr round 2 (radius: 25)
[02:59:36 -59837.787865] FAST spr round 3 (radius: 25)
[03:00:52 -59837.787424] Model parameter optimization (eps = 1.000000)
[03:01:53 -59816.690187] SLOW spr round 1 (radius: 5)
[03:03:00 -59816.402985] SLOW spr round 2 (radius: 5)
[03:04:04 -59816.402514] SLOW spr round 3 (radius: 10)
[03:05:25 -59816.402513] SLOW spr round 4 (radius: 15)
[03:06:52 -59816.402513] SLOW spr round 5 (radius: 20)
[03:08:31 -59816.402513] SLOW spr round 6 (radius: 25)
[03:10:02 -59816.402513] Model parameter optimization (eps = 0.100000)

[03:10:08] ML tree search #8, logLikelihood: -59816.358706

[03:10:08 -328963.518402] Initial branch length optimization
[03:10:11 -74389.544266] Model parameter optimization (eps = 10.000000)
[03:11:41 -66259.230025] AUTODETECT spr round 1 (radius: 5)
[03:12:24 -63298.755067] AUTODETECT spr round 2 (radius: 10)
[03:13:19 -62038.440975] AUTODETECT spr round 3 (radius: 15)
[03:14:26 -61168.281243] AUTODETECT spr round 4 (radius: 20)
[03:15:43 -60906.682302] AUTODETECT spr round 5 (radius: 25)
[03:17:00 -60831.855322] SPR radius for FAST iterations: 25 (autodetect)
[03:17:00 -60831.855322] Model parameter optimization (eps = 3.000000)
[03:19:15 -60178.318675] FAST spr round 1 (radius: 25)
[03:21:42 -59839.644771] FAST spr round 2 (radius: 25)
[03:23:19 -59839.550888] Model parameter optimization (eps = 1.000000)
[03:24:11 -59817.052234] SLOW spr round 1 (radius: 5)
[03:25:23 -59816.758157] SLOW spr round 2 (radius: 5)
[03:26:27 -59816.757583] SLOW spr round 3 (radius: 10)
[03:27:40 -59816.757574] SLOW spr round 4 (radius: 15)
[03:29:00 -59816.757573] SLOW spr round 5 (radius: 20)
[03:30:31 -59816.757573] SLOW spr round 6 (radius: 25)
[03:32:01 -59816.757573] Model parameter optimization (eps = 0.100000)

[03:32:27] ML tree search #9, logLikelihood: -59816.315180

[03:32:27 -321524.733128] Initial branch length optimization
[03:32:29 -63059.727566] Model parameter optimization (eps = 10.000000)
[03:33:13 -59843.059005] AUTODETECT spr round 1 (radius: 5)
[03:33:56 -59838.380760] AUTODETECT spr round 2 (radius: 10)
[03:34:48 -59828.573621] AUTODETECT spr round 3 (radius: 15)
[03:35:48 -59828.573621] SPR radius for FAST iterations: 10 (autodetect)
[03:35:48 -59828.573621] Model parameter optimization (eps = 3.000000)
[03:35:58 -59826.802613] FAST spr round 1 (radius: 10)
[03:37:02 -59826.726512] Model parameter optimization (eps = 1.000000)
[03:37:19 -59824.592536] SLOW spr round 1 (radius: 5)
[03:38:33 -59824.526361] SLOW spr round 2 (radius: 10)
[03:39:48 -59824.526349] SLOW spr round 3 (radius: 15)
[03:41:14 -59820.859705] SLOW spr round 4 (radius: 5)
[03:42:31 -59820.816812] SLOW spr round 5 (radius: 10)
[03:43:49 -59820.816744] SLOW spr round 6 (radius: 15)
[03:45:15 -59820.813880] SLOW spr round 7 (radius: 20)
[03:47:00 -59820.813880] SLOW spr round 8 (radius: 25)
[03:48:28 -59820.813880] Model parameter optimization (eps = 0.100000)

[03:49:33] ML tree search #10, logLikelihood: -59817.605335

[03:49:33 -321517.795372] Initial branch length optimization
[03:49:35 -63050.263185] Model parameter optimization (eps = 10.000000)
[03:50:19 -59831.959190] AUTODETECT spr round 1 (radius: 5)
[03:51:01 -59828.841854] AUTODETECT spr round 2 (radius: 10)
[03:51:52 -59828.789161] SPR radius for FAST iterations: 5 (autodetect)
[03:51:52 -59828.789161] Model parameter optimization (eps = 3.000000)
[03:52:02 -59826.962235] FAST spr round 1 (radius: 5)
[03:52:52 -59826.896600] Model parameter optimization (eps = 1.000000)
[03:53:13 -59824.748071] SLOW spr round 1 (radius: 5)
[03:54:25 -59824.675204] SLOW spr round 2 (radius: 10)
[03:55:35 -59824.675192] SLOW spr round 3 (radius: 15)
[03:56:50 -59824.675191] SLOW spr round 4 (radius: 20)
[03:58:17 -59824.660801] SLOW spr round 5 (radius: 25)
[03:59:48 -59824.660801] Model parameter optimization (eps = 0.100000)

[04:00:52] ML tree search #11, logLikelihood: -59821.735608

[04:00:52 -321520.316018] Initial branch length optimization
[04:00:54 -63056.186501] Model parameter optimization (eps = 10.000000)
[04:01:40 -59831.309113] AUTODETECT spr round 1 (radius: 5)
[04:02:22 -59828.640406] AUTODETECT spr round 2 (radius: 10)
[04:03:16 -59826.690941] AUTODETECT spr round 3 (radius: 15)
[04:04:17 -59826.690933] SPR radius for FAST iterations: 10 (autodetect)
[04:04:17 -59826.690933] Model parameter optimization (eps = 3.000000)
[04:04:28 -59825.009773] FAST spr round 1 (radius: 10)
[04:05:35 -59824.931656] Model parameter optimization (eps = 1.000000)
[04:05:54 -59822.795844] SLOW spr round 1 (radius: 5)
[04:07:12 -59822.731913] SLOW spr round 2 (radius: 10)
[04:08:27 -59822.728475] SLOW spr round 3 (radius: 15)
[04:09:52 -59820.618874] SLOW spr round 4 (radius: 5)
[04:11:09 -59820.613533] SLOW spr round 5 (radius: 10)
[04:12:29 -59820.613533] SLOW spr round 6 (radius: 15)
[04:13:51 -59820.613533] SLOW spr round 7 (radius: 20)
[04:15:23 -59820.613533] SLOW spr round 8 (radius: 25)
[04:16:42 -59820.613533] Model parameter optimization (eps = 0.100000)

[04:17:48] ML tree search #12, logLikelihood: -59817.593015

[04:17:48 -321525.813569] Initial branch length optimization
[04:17:50 -63057.284853] Model parameter optimization (eps = 10.000000)
[04:18:32 -59834.274127] AUTODETECT spr round 1 (radius: 5)
[04:19:14 -59828.611991] AUTODETECT spr round 2 (radius: 10)
[04:20:06 -59828.550019] SPR radius for FAST iterations: 5 (autodetect)
[04:20:06 -59828.550019] Model parameter optimization (eps = 3.000000)
[04:20:15 -59826.882073] FAST spr round 1 (radius: 5)
[04:21:06 -59826.786227] Model parameter optimization (eps = 1.000000)
[04:21:22 -59824.655152] SLOW spr round 1 (radius: 5)
[04:22:36 -59824.582751] SLOW spr round 2 (radius: 10)
[04:23:53 -59824.580048] SLOW spr round 3 (radius: 15)
[04:25:13 -59824.580047] SLOW spr round 4 (radius: 20)
[04:26:40 -59824.580047] SLOW spr round 5 (radius: 25)
[04:28:07 -59824.580047] Model parameter optimization (eps = 0.100000)

[04:29:10] ML tree search #13, logLikelihood: -59821.649609

[04:29:10 -321520.297068] Initial branch length optimization
[04:29:12 -63049.645730] Model parameter optimization (eps = 10.000000)
[04:29:55 -59827.296749] AUTODETECT spr round 1 (radius: 5)
[04:30:38 -59824.694045] AUTODETECT spr round 2 (radius: 10)
[04:31:32 -59824.640049] SPR radius for FAST iterations: 5 (autodetect)
[04:31:32 -59824.640049] Model parameter optimization (eps = 3.000000)
[04:31:43 -59822.882824] FAST spr round 1 (radius: 5)
[04:32:32 -59822.799023] Model parameter optimization (eps = 1.000000)
[04:32:49 -59820.619068] SLOW spr round 1 (radius: 5)
[04:34:00 -59820.547608] SLOW spr round 2 (radius: 10)
[04:35:18 -59820.547596] SLOW spr round 3 (radius: 15)
[04:36:44 -59820.544731] SLOW spr round 4 (radius: 20)
[04:38:19 -59820.544731] SLOW spr round 5 (radius: 25)
[04:39:58 -59820.544731] Model parameter optimization (eps = 0.100000)

[04:41:08] ML tree search #14, logLikelihood: -59817.584511

[04:41:08 -321523.385445] Initial branch length optimization
[04:41:10 -63054.767893] Model parameter optimization (eps = 10.000000)
[04:41:55 -59839.204945] AUTODETECT spr round 1 (radius: 5)
[04:42:38 -59828.031751] AUTODETECT spr round 2 (radius: 10)
[04:43:29 -59826.621495] AUTODETECT spr round 3 (radius: 15)
[04:44:25 -59826.621441] SPR radius for FAST iterations: 10 (autodetect)
[04:44:25 -59826.621441] Model parameter optimization (eps = 3.000000)
[04:44:36 -59824.470872] FAST spr round 1 (radius: 10)
[04:45:40 -59823.036345] FAST spr round 2 (radius: 10)
[04:46:38 -59823.022541] Model parameter optimization (eps = 1.000000)
[04:47:17 -59818.777515] SLOW spr round 1 (radius: 5)
[04:48:22 -59818.718075] SLOW spr round 2 (radius: 10)
[04:49:33 -59818.717875] SLOW spr round 3 (radius: 15)
[04:50:47 -59818.717874] SLOW spr round 4 (radius: 20)
[04:52:15 -59818.717874] SLOW spr round 5 (radius: 25)
[04:53:46 -59818.717874] Model parameter optimization (eps = 0.100000)

[04:54:31] ML tree search #15, logLikelihood: -59817.570010

[04:54:31 -321523.173091] Initial branch length optimization
[04:54:33 -63056.678478] Model parameter optimization (eps = 10.000000)
[04:55:16 -59839.299911] AUTODETECT spr round 1 (radius: 5)
[04:55:59 -59829.253951] AUTODETECT spr round 2 (radius: 10)
[04:56:51 -59828.633224] AUTODETECT spr round 3 (radius: 15)
[04:57:52 -59828.633192] SPR radius for FAST iterations: 10 (autodetect)
[04:57:52 -59828.633192] Model parameter optimization (eps = 3.000000)
[04:58:02 -59826.860037] FAST spr round 1 (radius: 10)
[04:59:07 -59826.797287] Model parameter optimization (eps = 1.000000)
[04:59:26 -59824.666230] SLOW spr round 1 (radius: 5)
[05:00:43 -59824.600879] SLOW spr round 2 (radius: 10)
[05:02:01 -59824.600806] SLOW spr round 3 (radius: 15)
[05:03:21 -59824.600805] SLOW spr round 4 (radius: 20)
[05:04:46 -59824.600805] SLOW spr round 5 (radius: 25)
[05:06:20 -59824.597840] Model parameter optimization (eps = 0.100000)

[05:07:22] ML tree search #16, logLikelihood: -59821.726225

[05:07:22 -321519.167420] Initial branch length optimization
[05:07:24 -63054.851617] Model parameter optimization (eps = 10.000000)
[05:08:06 -59833.666274] AUTODETECT spr round 1 (radius: 5)
[05:08:48 -59825.357785] AUTODETECT spr round 2 (radius: 10)
[05:09:39 -59824.707797] AUTODETECT spr round 3 (radius: 15)
[05:10:38 -59824.702015] SPR radius for FAST iterations: 10 (autodetect)
[05:10:38 -59824.702015] Model parameter optimization (eps = 3.000000)
[05:10:48 -59822.869004] FAST spr round 1 (radius: 10)
[05:11:52 -59822.772480] Model parameter optimization (eps = 1.000000)
[05:12:10 -59820.602548] SLOW spr round 1 (radius: 5)
[05:13:28 -59820.531315] SLOW spr round 2 (radius: 10)
[05:14:41 -59820.531302] SLOW spr round 3 (radius: 15)
[05:16:02 -59820.531302] SLOW spr round 4 (radius: 20)
[05:17:29 -59820.531302] SLOW spr round 5 (radius: 25)
[05:18:48 -59820.531302] Model parameter optimization (eps = 0.100000)

[05:19:53] ML tree search #17, logLikelihood: -59817.586310

[05:19:53 -321523.754717] Initial branch length optimization
[05:19:55 -63050.385793] Model parameter optimization (eps = 10.000000)
[05:20:34 -59832.243291] AUTODETECT spr round 1 (radius: 5)
[05:21:15 -59825.152032] AUTODETECT spr round 2 (radius: 10)
[05:22:06 -59825.110120] SPR radius for FAST iterations: 5 (autodetect)
[05:22:06 -59825.110120] Model parameter optimization (eps = 3.000000)
[05:22:16 -59823.096287] FAST spr round 1 (radius: 5)
[05:23:06 -59823.024280] Model parameter optimization (eps = 1.000000)
[05:23:43 -59818.777346] SLOW spr round 1 (radius: 5)
[05:24:53 -59818.709357] SLOW spr round 2 (radius: 10)
[05:26:04 -59818.709163] SLOW spr round 3 (radius: 15)
[05:27:18 -59818.709162] SLOW spr round 4 (radius: 20)
[05:28:46 -59818.694653] SLOW spr round 5 (radius: 25)
[05:30:16 -59818.694653] Model parameter optimization (eps = 0.100000)

[05:31:01] ML tree search #18, logLikelihood: -59817.518102



Final LogLikelihood: -59816.315180

AIC score: 121420.630359 / AICc score: 121477.264703 / BIC score: 128823.168939
Free parameters (model + branch lengths): 894

Best ML tree saved to: /home/hikoyu/analysis/Genome/SARS-CoV-2/phylogeny/RAxML-NG/DNA/part/sep/SARS-CoV-2_200414.2.raxml.bestTree
All ML trees saved to: /home/hikoyu/analysis/Genome/SARS-CoV-2/phylogeny/RAxML-NG/DNA/part/sep/SARS-CoV-2_200414.2.raxml.mlTrees
Optimized model saved to: /home/hikoyu/analysis/Genome/SARS-CoV-2/phylogeny/RAxML-NG/DNA/part/sep/SARS-CoV-2_200414.2.raxml.bestModel

Execution log saved to: /home/hikoyu/analysis/Genome/SARS-CoV-2/phylogeny/RAxML-NG/DNA/part/sep/SARS-CoV-2_200414.2.raxml.log

Analysis started: 24-Apr-2020 03:46:55 / finished: 24-Apr-2020 09:17:57

Elapsed time: 19861.794 seconds

