
RAxML-NG v. 0.9.0 released on 20.05.2019 by The Exelixis Lab.
Developed by: Alexey M. Kozlov and Alexandros Stamatakis.
Contributors: Diego Darriba, Tomas Flouri, Benoit Morel, Sarah Lutteropp, Ben Bettisworth.
Latest version: https://github.com/amkozlov/raxml-ng
Questions/problems/suggestions? Please visit: https://groups.google.com/forum/#!forum/raxml

RAxML-NG was called at 02-Apr-2020 06:08:49 as follows:

raxml-ng --threads 1 --bootstrap --bs-trees 83 --seed 1887652560 --prefix phylogeny/RAxML-NG/DNA/part/sep/SARS-CoV-2_200331.10 --msa phylogeny/RAxML-NG/DNA/part/sep/SARS-CoV-2_200331.raxml.rba --outgroup MG772933.1

Analysis options:
  run mode: Bootstrapping
  start tree(s): 
  bootstrap replicates: 83
  random seed: 1887652560
  tip-inner: OFF
  pattern compression: ON
  per-rate scalers: OFF
  site repeats: ON
  branch lengths: proportional (ML estimate, algorithm: NR-FAST)
  SIMD kernels: AVX2
  parallelization: NONE/sequential

[00:00:00] Loading binary alignment from file: phylogeny/RAxML-NG/DNA/part/sep/SARS-CoV-2_200331.raxml.rba
[00:00:00] Alignment comprises 117 taxa, 33 partitions and 839 patterns

Partition 0: orf1ab_U_p1
Model: TN93+FO+I+B
Alignment sites / patterns: 4405 / 71
Gaps: 0.10 %
Invariant sites: 94.91 %

Partition 1: orf1ab_U_p2
Model: HKY+FO+I+B
Alignment sites / patterns: 4405 / 76
Gaps: 0.10 %
Invariant sites: 96.57 %

Partition 2: orf1ab_U_p3
Model: TN93+FO+I+G4m+B
Alignment sites / patterns: 4405 / 99
Gaps: 0.10 %
Invariant sites: 73.71 %

Partition 3: orf1ab_D_p1
Model: TN93+FO+I+B
Alignment sites / patterns: 2697 / 39
Gaps: 0.04 %
Invariant sites: 93.18 %

Partition 4: orf1ab_D_p2
Model: HKY+FO+I+G4m+B
Alignment sites / patterns: 2697 / 36
Gaps: 0.04 %
Invariant sites: 97.96 %

Partition 5: orf1ab_D_p3
Model: TN93+FO+I+G4m+B
Alignment sites / patterns: 2697 / 62
Gaps: 0.04 %
Invariant sites: 62.48 %

Partition 6: S_p1
Model: TN93+FO+G4m+B
Alignment sites / patterns: 1274 / 45
Gaps: 0.03 %
Invariant sites: 83.05 %

Partition 7: S_p2
Model: TN93+FO+I+G4m+B
Alignment sites / patterns: 1274 / 39
Gaps: 0.03 %
Invariant sites: 90.19 %

Partition 8: S_p3
Model: HKY+FO+I+B
Alignment sites / patterns: 1274 / 71
Gaps: 0.03 %
Invariant sites: 50.24 %

Partition 9: ORF3a_p1
Model: JC+G4m+B
Alignment sites / patterns: 276 / 20
Gaps: 0.00 %
Invariant sites: 90.58 %

Partition 10: ORF3a_p2
Model: JC+I+G4m+B
Alignment sites / patterns: 276 / 15
Gaps: 0.00 %
Invariant sites: 95.29 %

Partition 11: ORF3a_p3
Model: TPM3uf+FO+G4m+B
Alignment sites / patterns: 276 / 24
Gaps: 0.00 %
Invariant sites: 70.65 %

Partition 12: E_p1
Model: JC+B
Alignment sites / patterns: 76 / 5
Gaps: 0.00 %
Invariant sites: 98.68 %

Partition 13: E_p2
Model: JC+B
Alignment sites / patterns: 76 / 5
Gaps: 0.00 %
Invariant sites: 98.68 %

Partition 14: E_p3
Model: JC+B
Alignment sites / patterns: 76 / 6
Gaps: 0.00 %
Invariant sites: 97.37 %

Partition 15: M_p1
Model: TN93ef+B
Alignment sites / patterns: 223 / 9
Gaps: 0.00 %
Invariant sites: 95.52 %

Partition 16: M_p2
Model: JC+B
Alignment sites / patterns: 223 / 8
Gaps: 0.00 %
Invariant sites: 98.65 %

Partition 17: M_p3
Model: K80+I+B
Alignment sites / patterns: 223 / 28
Gaps: 0.00 %
Invariant sites: 78.03 %

Partition 18: ORF6_p1
Model: JC+B
Alignment sites / patterns: 62 / 7
Gaps: 0.00 %
Invariant sites: 93.55 %

Partition 19: ORF6_p2
Model: JC+B
Alignment sites / patterns: 62 / 6
Gaps: 0.00 %
Invariant sites: 96.77 %

Partition 20: ORF6_p3
Model: TN93ef+B
Alignment sites / patterns: 62 / 12
Gaps: 0.00 %
Invariant sites: 83.87 %

Partition 21: ORF7a_p1
Model: K80+B
Alignment sites / patterns: 122 / 11
Gaps: 0.00 %
Invariant sites: 90.98 %

Partition 22: ORF7a_p2
Model: K80+B
Alignment sites / patterns: 122 / 10
Gaps: 0.00 %
Invariant sites: 92.62 %

Partition 23: ORF7a_p3
Model: HKY+FO+I+B
Alignment sites / patterns: 122 / 17
Gaps: 0.00 %
Invariant sites: 77.87 %

Partition 24: ORF8_p1
Model: JC+I+B
Alignment sites / patterns: 122 / 12
Gaps: 0.00 %
Invariant sites: 93.44 %

Partition 25: ORF8_p2
Model: K80+I+G4m+B
Alignment sites / patterns: 122 / 10
Gaps: 0.00 %
Invariant sites: 95.08 %

Partition 26: ORF8_p3
Model: HKY+FO+B
Alignment sites / patterns: 122 / 16
Gaps: 0.00 %
Invariant sites: 69.67 %

Partition 27: N_p1
Model: K80+I+B
Alignment sites / patterns: 420 / 16
Gaps: 0.00 %
Invariant sites: 95.00 %

Partition 28: N_p2
Model: F81+FO+B
Alignment sites / patterns: 420 / 17
Gaps: 0.00 %
Invariant sites: 95.71 %

Partition 29: N_p3
Model: HKY+FO+G4m+B
Alignment sites / patterns: 420 / 32
Gaps: 0.00 %
Invariant sites: 76.19 %

Partition 30: ORF10_p1
Model: JC+B
Alignment sites / patterns: 39 / 6
Gaps: 0.00 %
Invariant sites: 94.87 %

Partition 31: ORF10_p2
Model: JC+B
Alignment sites / patterns: 39 / 4
Gaps: 0.00 %
Invariant sites: 100.00 %

Partition 32: ORF10_p3
Model: JC+B
Alignment sites / patterns: 39 / 5
Gaps: 0.00 %
Invariant sites: 97.44 %


[00:00:00] Data distribution: max. partitions/sites/weight per thread: 33 / 839 / 7940
[00:00:00] Starting bootstrapping analysis with 83 replicates.

[00:02:13] Bootstrap tree #1, logLikelihood: -56850.846089
[00:04:46] Bootstrap tree #2, logLikelihood: -56624.029384
[00:07:10] Bootstrap tree #3, logLikelihood: -57086.515772
[00:09:10] Bootstrap tree #4, logLikelihood: -56754.491669
[00:11:48] Bootstrap tree #5, logLikelihood: -56803.983393
[00:13:54] Bootstrap tree #6, logLikelihood: -56426.504519
[00:16:11] Bootstrap tree #7, logLikelihood: -56589.445512
[00:18:40] Bootstrap tree #8, logLikelihood: -56679.682786
[00:20:49] Bootstrap tree #9, logLikelihood: -56483.498950
[00:22:44] Bootstrap tree #10, logLikelihood: -56593.466875
[00:24:48] Bootstrap tree #11, logLikelihood: -56615.959363
[00:27:02] Bootstrap tree #12, logLikelihood: -56760.713743
[00:29:04] Bootstrap tree #13, logLikelihood: -56527.297263
[00:31:15] Bootstrap tree #14, logLikelihood: -56785.893515
[00:33:25] Bootstrap tree #15, logLikelihood: -56876.459287
[00:35:46] Bootstrap tree #16, logLikelihood: -56649.071391
[00:38:09] Bootstrap tree #17, logLikelihood: -56565.133773
[00:40:26] Bootstrap tree #18, logLikelihood: -56779.583581
[00:42:47] Bootstrap tree #19, logLikelihood: -56734.422607
[00:44:43] Bootstrap tree #20, logLikelihood: -57004.357330
[00:47:59] Bootstrap tree #21, logLikelihood: -56857.153769
[00:50:20] Bootstrap tree #22, logLikelihood: -56855.863479
[00:52:32] Bootstrap tree #23, logLikelihood: -56806.667573
[00:54:51] Bootstrap tree #24, logLikelihood: -56934.976224
[00:57:31] Bootstrap tree #25, logLikelihood: -56664.766107
[00:59:42] Bootstrap tree #26, logLikelihood: -56493.513973
[01:03:11] Bootstrap tree #27, logLikelihood: -57008.228359
[01:05:31] Bootstrap tree #28, logLikelihood: -56500.922162
[01:08:09] Bootstrap tree #29, logLikelihood: -57030.269175
[01:10:29] Bootstrap tree #30, logLikelihood: -56275.392979
[01:12:57] Bootstrap tree #31, logLikelihood: -56902.192977
[01:15:28] Bootstrap tree #32, logLikelihood: -56612.315413
[01:17:54] Bootstrap tree #33, logLikelihood: -56995.735161
[01:20:26] Bootstrap tree #34, logLikelihood: -57060.971786
[01:22:39] Bootstrap tree #35, logLikelihood: -56680.261702
[01:24:47] Bootstrap tree #36, logLikelihood: -56989.243237
[01:27:08] Bootstrap tree #37, logLikelihood: -57040.610622
[01:30:23] Bootstrap tree #38, logLikelihood: -57430.919218
[01:32:58] Bootstrap tree #39, logLikelihood: -56459.362311
[01:35:38] Bootstrap tree #40, logLikelihood: -56964.568151
[01:37:56] Bootstrap tree #41, logLikelihood: -56614.777526
[01:40:05] Bootstrap tree #42, logLikelihood: -56715.467446
[01:43:29] Bootstrap tree #43, logLikelihood: -56625.851663
[01:46:11] Bootstrap tree #44, logLikelihood: -56071.935785
[01:49:23] Bootstrap tree #45, logLikelihood: -56737.594464
[01:52:04] Bootstrap tree #46, logLikelihood: -56986.153140
[01:55:25] Bootstrap tree #47, logLikelihood: -57000.592259
[01:57:52] Bootstrap tree #48, logLikelihood: -56971.777386
[02:00:07] Bootstrap tree #49, logLikelihood: -56636.708844
[02:02:56] Bootstrap tree #50, logLikelihood: -56883.992535
[02:05:05] Bootstrap tree #51, logLikelihood: -56398.032395
[02:07:50] Bootstrap tree #52, logLikelihood: -56492.579342
[02:10:10] Bootstrap tree #53, logLikelihood: -57153.326887
[02:13:24] Bootstrap tree #54, logLikelihood: -57142.554841
[02:16:51] Bootstrap tree #55, logLikelihood: -56996.219099
[02:19:25] Bootstrap tree #56, logLikelihood: -56812.269589
[02:22:14] Bootstrap tree #57, logLikelihood: -56454.135773
[02:24:41] Bootstrap tree #58, logLikelihood: -56739.999175
[02:27:20] Bootstrap tree #59, logLikelihood: -56847.521793
[02:30:03] Bootstrap tree #60, logLikelihood: -56815.358628
[02:32:24] Bootstrap tree #61, logLikelihood: -56963.539324
[02:35:03] Bootstrap tree #62, logLikelihood: -56954.838335
[02:37:33] Bootstrap tree #63, logLikelihood: -56677.111075
[02:40:00] Bootstrap tree #64, logLikelihood: -56733.818776
[02:42:15] Bootstrap tree #65, logLikelihood: -56802.636960
[02:44:37] Bootstrap tree #66, logLikelihood: -56747.597518
[02:48:02] Bootstrap tree #67, logLikelihood: -57199.280441
[02:50:38] Bootstrap tree #68, logLikelihood: -56285.940252
[02:53:46] Bootstrap tree #69, logLikelihood: -56571.698187
[02:56:53] Bootstrap tree #70, logLikelihood: -56548.904721
[02:59:17] Bootstrap tree #71, logLikelihood: -56973.225629
[03:02:26] Bootstrap tree #72, logLikelihood: -56740.725238
[03:04:40] Bootstrap tree #73, logLikelihood: -56685.886756
[03:06:52] Bootstrap tree #74, logLikelihood: -56837.632074
[03:09:29] Bootstrap tree #75, logLikelihood: -56764.604971
[03:12:06] Bootstrap tree #76, logLikelihood: -56728.586597
[03:14:28] Bootstrap tree #77, logLikelihood: -56638.778861
[03:16:36] Bootstrap tree #78, logLikelihood: -56788.233773
[03:19:13] Bootstrap tree #79, logLikelihood: -56760.325951
[03:21:57] Bootstrap tree #80, logLikelihood: -56915.420745
[03:24:55] Bootstrap tree #81, logLikelihood: -56441.502613
[03:27:19] Bootstrap tree #82, logLikelihood: -56603.064874
[03:30:32] Bootstrap tree #83, logLikelihood: -56582.920610

Bootstrap trees saved to: /home/hikoyu/analysis/Genome/SARS-CoV-2/phylogeny/RAxML-NG/DNA/part/sep/SARS-CoV-2_200331.10.raxml.bootstraps

Execution log saved to: /home/hikoyu/analysis/Genome/SARS-CoV-2/phylogeny/RAxML-NG/DNA/part/sep/SARS-CoV-2_200331.10.raxml.log

Analysis started: 02-Apr-2020 06:08:49 / finished: 02-Apr-2020 09:39:22

Elapsed time: 12632.771 seconds

