
RAxML-NG v. 0.9.0 released on 20.05.2019 by The Exelixis Lab.
Developed by: Alexey M. Kozlov and Alexandros Stamatakis.
Contributors: Diego Darriba, Tomas Flouri, Benoit Morel, Sarah Lutteropp, Ben Bettisworth.
Latest version: https://github.com/amkozlov/raxml-ng
Questions/problems/suggestions? Please visit: https://groups.google.com/forum/#!forum/raxml

RAxML-NG was called at 22-Mar-2020 03:21:53 as follows:

raxml-ng --threads 1 --search --tree rand{9},pars{9} --seed 1447825659 --prefix phylogeny/RAxML-NG/DNA/part/sep/SARS-CoV-2_200320.3 --msa phylogeny/RAxML-NG/DNA/part/sep/SARS-CoV-2_200320.raxml.rba --outgroup MG772933.1

Analysis options:
  run mode: ML tree search
  start tree(s): random (9) + parsimony (9)
  random seed: 1447825659
  tip-inner: OFF
  pattern compression: ON
  per-rate scalers: OFF
  site repeats: ON
  fast spr radius: AUTO
  spr subtree cutoff: 1.000000
  branch lengths: proportional (ML estimate, algorithm: NR-FAST)
  SIMD kernels: AVX2
  parallelization: NONE/sequential

[00:00:00] Loading binary alignment from file: phylogeny/RAxML-NG/DNA/part/sep/SARS-CoV-2_200320.raxml.rba
[00:00:00] Alignment comprises 78 taxa, 33 partitions and 772 patterns

Partition 0: orf1ab_U_p1
Model: TIM3+I+B
Alignment sites / patterns: 4405 / 60
Gaps: 0.10 %
Invariant sites: 95.28 %

Partition 1: orf1ab_U_p2
Model: HKY+FO+I+B
Alignment sites / patterns: 4405 / 64
Gaps: 0.10 %
Invariant sites: 96.82 %

Partition 2: orf1ab_U_p3
Model: TN93+FO+G4m+B
Alignment sites / patterns: 4405 / 85
Gaps: 0.10 %
Invariant sites: 73.94 %

Partition 3: orf1ab_D_p1
Model: TN93+FO+I+B
Alignment sites / patterns: 2697 / 35
Gaps: 0.04 %
Invariant sites: 93.33 %

Partition 4: orf1ab_D_p2
Model: HKY+FO+I+G4m+B
Alignment sites / patterns: 2697 / 33
Gaps: 0.04 %
Invariant sites: 98.07 %

Partition 5: orf1ab_D_p3
Model: TPM3uf+FO+G4m+B
Alignment sites / patterns: 2697 / 59
Gaps: 0.04 %
Invariant sites: 62.51 %

Partition 6: S_p1
Model: TN93+FO+I+B
Alignment sites / patterns: 1274 / 43
Gaps: 0.04 %
Invariant sites: 83.05 %

Partition 7: S_p2
Model: F81+FO+B
Alignment sites / patterns: 1274 / 39
Gaps: 0.04 %
Invariant sites: 90.19 %

Partition 8: S_p3
Model: HKY+FO+I+B
Alignment sites / patterns: 1274 / 69
Gaps: 0.04 %
Invariant sites: 50.24 %

Partition 9: ORF3a_p1
Model: JC+G4m+B
Alignment sites / patterns: 276 / 20
Gaps: 0.00 %
Invariant sites: 90.58 %

Partition 10: ORF3a_p2
Model: JC+I+G4m+B
Alignment sites / patterns: 276 / 14
Gaps: 0.00 %
Invariant sites: 95.65 %

Partition 11: ORF3a_p3
Model: HKY+FO+I+B
Alignment sites / patterns: 276 / 22
Gaps: 0.00 %
Invariant sites: 70.65 %

Partition 12: E_p1
Model: JC+B
Alignment sites / patterns: 76 / 5
Gaps: 0.00 %
Invariant sites: 98.68 %

Partition 13: E_p2
Model: JC+B
Alignment sites / patterns: 76 / 5
Gaps: 0.00 %
Invariant sites: 98.68 %

Partition 14: E_p3
Model: JC+B
Alignment sites / patterns: 76 / 6
Gaps: 0.00 %
Invariant sites: 97.37 %

Partition 15: M_p1
Model: TN93ef+B
Alignment sites / patterns: 223 / 9
Gaps: 0.01 %
Invariant sites: 95.52 %

Partition 16: M_p2
Model: JC+I+B
Alignment sites / patterns: 223 / 7
Gaps: 0.01 %
Invariant sites: 99.10 %

Partition 17: M_p3
Model: K80+I+B
Alignment sites / patterns: 223 / 28
Gaps: 0.01 %
Invariant sites: 78.03 %

Partition 18: ORF6_p1
Model: JC+B
Alignment sites / patterns: 62 / 6
Gaps: 0.00 %
Invariant sites: 95.16 %

Partition 19: ORF6_p2
Model: JC+B
Alignment sites / patterns: 62 / 6
Gaps: 0.00 %
Invariant sites: 96.77 %

Partition 20: ORF6_p3
Model: JC+B
Alignment sites / patterns: 62 / 9
Gaps: 0.00 %
Invariant sites: 88.71 %

Partition 21: ORF7a_p1
Model: K80+B
Alignment sites / patterns: 122 / 11
Gaps: 0.00 %
Invariant sites: 90.98 %

Partition 22: ORF7a_p2
Model: K80+B
Alignment sites / patterns: 122 / 10
Gaps: 0.00 %
Invariant sites: 92.62 %

Partition 23: ORF7a_p3
Model: HKY+FO+I+B
Alignment sites / patterns: 122 / 16
Gaps: 0.00 %
Invariant sites: 78.69 %

Partition 24: ORF8_p1
Model: JC+I+B
Alignment sites / patterns: 122 / 12
Gaps: 0.00 %
Invariant sites: 93.44 %

Partition 25: ORF8_p2
Model: K80+I+G4m+B
Alignment sites / patterns: 122 / 9
Gaps: 0.00 %
Invariant sites: 95.90 %

Partition 26: ORF8_p3
Model: HKY+FO+B
Alignment sites / patterns: 122 / 16
Gaps: 0.00 %
Invariant sites: 69.67 %

Partition 27: N_p1
Model: K80+I+B
Alignment sites / patterns: 420 / 15
Gaps: 0.00 %
Invariant sites: 95.24 %

Partition 28: N_p2
Model: F81+FO+B
Alignment sites / patterns: 420 / 15
Gaps: 0.00 %
Invariant sites: 96.19 %

Partition 29: N_p3
Model: HKY+FO+G4m+B
Alignment sites / patterns: 420 / 29
Gaps: 0.00 %
Invariant sites: 76.67 %

Partition 30: ORF10_p1
Model: JC+B
Alignment sites / patterns: 39 / 6
Gaps: 0.00 %
Invariant sites: 94.87 %

Partition 31: ORF10_p2
Model: JC+B
Alignment sites / patterns: 39 / 4
Gaps: 0.00 %
Invariant sites: 100.00 %

Partition 32: ORF10_p3
Model: JC+B
Alignment sites / patterns: 39 / 5
Gaps: 0.00 %
Invariant sites: 97.44 %


[00:00:00] Generating 9 random starting tree(s) with 78 taxa
[00:00:00] Generating 9 parsimony starting tree(s) with 78 taxa
[00:00:00] Data distribution: max. partitions/sites/weight per thread: 33 / 772 / 6076

Starting ML tree search with 18 distinct starting trees

[00:00:00 -182341.304634] Initial branch length optimization
[00:00:00 -60805.764122] Model parameter optimization (eps = 10.000000)
[00:00:07 -56904.518676] AUTODETECT spr round 1 (radius: 5)
[00:00:09 -56605.405189] AUTODETECT spr round 2 (radius: 10)
[00:00:11 -56454.596258] AUTODETECT spr round 3 (radius: 15)
[00:00:14 -56273.647304] AUTODETECT spr round 4 (radius: 20)
[00:00:15 -56273.636302] SPR radius for FAST iterations: 15 (autodetect)
[00:00:15 -56273.636302] Model parameter optimization (eps = 3.000000)
[00:00:17 -56262.563411] FAST spr round 1 (radius: 15)
[00:00:23 -56164.059373] FAST spr round 2 (radius: 15)
[00:00:28 -56164.013493] Model parameter optimization (eps = 1.000000)
[00:00:29 -56162.166243] SLOW spr round 1 (radius: 5)
[00:00:35 -56162.162118] SLOW spr round 2 (radius: 10)
[00:00:42 -56162.162101] SLOW spr round 3 (radius: 15)
[00:00:47 -56162.161996] SLOW spr round 4 (radius: 20)
[00:00:51 -56162.161996] SLOW spr round 5 (radius: 25)
[00:00:55 -56162.161996] Model parameter optimization (eps = 0.100000)

[00:01:00] ML tree search #1, logLikelihood: -56158.658743

[00:01:00 -182323.031855] Initial branch length optimization
[00:01:00 -60724.795311] Model parameter optimization (eps = 10.000000)
[00:01:08 -56852.078794] AUTODETECT spr round 1 (radius: 5)
[00:01:10 -56587.558547] AUTODETECT spr round 2 (radius: 10)
[00:01:12 -56405.503808] AUTODETECT spr round 3 (radius: 15)
[00:01:14 -56333.928180] AUTODETECT spr round 4 (radius: 20)
[00:01:17 -56333.557335] AUTODETECT spr round 5 (radius: 25)
[00:01:18 -56333.508079] SPR radius for FAST iterations: 20 (autodetect)
[00:01:18 -56333.508079] Model parameter optimization (eps = 3.000000)
[00:01:20 -56326.524757] FAST spr round 1 (radius: 20)
[00:01:28 -56169.452817] FAST spr round 2 (radius: 20)
[00:01:33 -56169.435288] Model parameter optimization (eps = 1.000000)
[00:01:37 -56160.205012] SLOW spr round 1 (radius: 5)
[00:01:43 -56160.187213] SLOW spr round 2 (radius: 10)
[00:01:52 -56160.186796] SLOW spr round 3 (radius: 15)
[00:01:57 -56160.186796] SLOW spr round 4 (radius: 20)
[00:02:01 -56160.186796] SLOW spr round 5 (radius: 25)
[00:02:04 -56160.186796] Model parameter optimization (eps = 0.100000)

[00:02:08] ML tree search #2, logLikelihood: -56158.721778

[00:02:08 -182353.554434] Initial branch length optimization
[00:02:08 -60797.165096] Model parameter optimization (eps = 10.000000)
[00:02:16 -56895.214924] AUTODETECT spr round 1 (radius: 5)
[00:02:18 -56610.155674] AUTODETECT spr round 2 (radius: 10)
[00:02:20 -56333.314824] AUTODETECT spr round 3 (radius: 15)
[00:02:23 -56269.643987] AUTODETECT spr round 4 (radius: 20)
[00:02:25 -56253.857225] AUTODETECT spr round 5 (radius: 25)
[00:02:27 -56253.857225] SPR radius for FAST iterations: 20 (autodetect)
[00:02:27 -56253.857225] Model parameter optimization (eps = 3.000000)
[00:02:30 -56239.287778] FAST spr round 1 (radius: 20)
[00:02:39 -56168.963501] FAST spr round 2 (radius: 20)
[00:02:45 -56168.954210] Model parameter optimization (eps = 1.000000)
[00:02:47 -56160.601983] SLOW spr round 1 (radius: 5)
[00:02:53 -56160.599712] SLOW spr round 2 (radius: 10)
[00:03:00 -56160.599708] SLOW spr round 3 (radius: 15)
[00:03:06 -56160.599708] SLOW spr round 4 (radius: 20)
[00:03:10 -56160.599708] SLOW spr round 5 (radius: 25)
[00:03:13 -56160.599708] Model parameter optimization (eps = 0.100000)

[00:03:28] ML tree search #3, logLikelihood: -56150.669749

[00:03:28 -182330.874593] Initial branch length optimization
[00:03:28 -60741.627088] Model parameter optimization (eps = 10.000000)
[00:03:36 -56869.096633] AUTODETECT spr round 1 (radius: 5)
[00:03:38 -56608.306961] AUTODETECT spr round 2 (radius: 10)
[00:03:40 -56433.691372] AUTODETECT spr round 3 (radius: 15)
[00:03:43 -56368.314639] AUTODETECT spr round 4 (radius: 20)
[00:03:44 -56361.999532] AUTODETECT spr round 5 (radius: 25)
[00:03:46 -56299.961866] SPR radius for FAST iterations: 25 (autodetect)
[00:03:46 -56299.961866] Model parameter optimization (eps = 3.000000)
[00:03:48 -56286.039283] FAST spr round 1 (radius: 25)
[00:03:55 -56163.759674] FAST spr round 2 (radius: 25)
[00:04:00 -56163.725372] Model parameter optimization (eps = 1.000000)
[00:04:00 -56162.774055] SLOW spr round 1 (radius: 5)
[00:04:06 -56162.771398] SLOW spr round 2 (radius: 10)
[00:04:13 -56162.771396] SLOW spr round 3 (radius: 15)
[00:04:18 -56162.771396] SLOW spr round 4 (radius: 20)
[00:04:22 -56162.771396] SLOW spr round 5 (radius: 25)
[00:04:26 -56162.771396] Model parameter optimization (eps = 0.100000)

[00:04:31] ML tree search #4, logLikelihood: -56159.251110

[00:04:31 -182348.541464] Initial branch length optimization
[00:04:31 -60780.405792] Model parameter optimization (eps = 10.000000)
[00:04:39 -56895.783096] AUTODETECT spr round 1 (radius: 5)
[00:04:41 -56538.605212] AUTODETECT spr round 2 (radius: 10)
[00:04:43 -56391.107948] AUTODETECT spr round 3 (radius: 15)
[00:04:46 -56353.159729] AUTODETECT spr round 4 (radius: 20)
[00:04:48 -56343.791230] AUTODETECT spr round 5 (radius: 25)
[00:04:49 -56343.791230] SPR radius for FAST iterations: 20 (autodetect)
[00:04:49 -56343.791230] Model parameter optimization (eps = 3.000000)
[00:04:51 -56335.716717] FAST spr round 1 (radius: 20)
[00:04:58 -56169.097438] FAST spr round 2 (radius: 20)
[00:05:03 -56169.074649] Model parameter optimization (eps = 1.000000)
[00:05:06 -56160.100770] SLOW spr round 1 (radius: 5)
[00:05:12 -56160.098707] SLOW spr round 2 (radius: 10)
[00:05:20 -56160.098707] SLOW spr round 3 (radius: 15)
[00:05:27 -56160.098707] SLOW spr round 4 (radius: 20)
[00:05:32 -56160.098707] SLOW spr round 5 (radius: 25)
[00:05:34 -56160.098707] Model parameter optimization (eps = 0.100000)

[00:05:37] ML tree search #5, logLikelihood: -56158.704954

[00:05:37 -182319.324829] Initial branch length optimization
[00:05:37 -60731.267569] Model parameter optimization (eps = 10.000000)
[00:05:45 -56854.722534] AUTODETECT spr round 1 (radius: 5)
[00:05:47 -56546.667271] AUTODETECT spr round 2 (radius: 10)
[00:05:50 -56442.596578] AUTODETECT spr round 3 (radius: 15)
[00:05:52 -56306.407034] AUTODETECT spr round 4 (radius: 20)
[00:05:54 -56306.407034] SPR radius for FAST iterations: 15 (autodetect)
[00:05:54 -56306.407034] Model parameter optimization (eps = 3.000000)
[00:05:57 -56291.464283] FAST spr round 1 (radius: 15)
[00:06:03 -56169.300071] FAST spr round 2 (radius: 15)
[00:06:08 -56169.266358] Model parameter optimization (eps = 1.000000)
[00:06:10 -56160.568792] SLOW spr round 1 (radius: 5)
[00:06:16 -56160.566504] SLOW spr round 2 (radius: 10)
[00:06:23 -56160.566504] SLOW spr round 3 (radius: 15)
[00:06:29 -56160.566504] SLOW spr round 4 (radius: 20)
[00:06:33 -56160.566504] SLOW spr round 5 (radius: 25)
[00:06:36 -56160.566504] Model parameter optimization (eps = 0.100000)

[00:06:49] ML tree search #6, logLikelihood: -56150.701409

[00:06:49 -182344.922259] Initial branch length optimization
[00:06:50 -60761.371850] Model parameter optimization (eps = 10.000000)
[00:06:58 -56883.134486] AUTODETECT spr round 1 (radius: 5)
[00:06:59 -56600.834880] AUTODETECT spr round 2 (radius: 10)
[00:07:02 -56452.232030] AUTODETECT spr round 3 (radius: 15)
[00:07:05 -56298.372824] AUTODETECT spr round 4 (radius: 20)
[00:07:08 -56298.361827] SPR radius for FAST iterations: 15 (autodetect)
[00:07:08 -56298.361827] Model parameter optimization (eps = 3.000000)
[00:07:09 -56283.744774] FAST spr round 1 (radius: 15)
[00:07:16 -56163.686709] FAST spr round 2 (radius: 15)
[00:07:20 -56163.657001] Model parameter optimization (eps = 1.000000)
[00:07:21 -56162.805634] SLOW spr round 1 (radius: 5)
[00:07:28 -56162.803010] SLOW spr round 2 (radius: 10)
[00:07:36 -56162.802758] SLOW spr round 3 (radius: 15)
[00:07:42 -56162.802758] SLOW spr round 4 (radius: 20)
[00:07:47 -56162.802758] SLOW spr round 5 (radius: 25)
[00:07:50 -56162.802758] Model parameter optimization (eps = 0.100000)

[00:07:56] ML tree search #7, logLikelihood: -56158.638353

[00:07:56 -182317.076145] Initial branch length optimization
[00:07:56 -60692.068511] Model parameter optimization (eps = 10.000000)
[00:08:04 -56832.026117] AUTODETECT spr round 1 (radius: 5)
[00:08:06 -56616.728339] AUTODETECT spr round 2 (radius: 10)
[00:08:09 -56360.448970] AUTODETECT spr round 3 (radius: 15)
[00:08:12 -56325.013603] AUTODETECT spr round 4 (radius: 20)
[00:08:14 -56325.011671] SPR radius for FAST iterations: 15 (autodetect)
[00:08:14 -56325.011671] Model parameter optimization (eps = 3.000000)
[00:08:15 -56315.493804] FAST spr round 1 (radius: 15)
[00:08:22 -56169.096943] FAST spr round 2 (radius: 15)
[00:08:26 -56169.077155] Model parameter optimization (eps = 1.000000)
[00:08:30 -56160.071031] SLOW spr round 1 (radius: 5)
[00:08:36 -56160.068876] SLOW spr round 2 (radius: 10)
[00:08:42 -56160.068876] SLOW spr round 3 (radius: 15)
[00:08:48 -56160.068876] SLOW spr round 4 (radius: 20)
[00:08:52 -56160.068876] SLOW spr round 5 (radius: 25)
[00:08:56 -56160.068876] Model parameter optimization (eps = 0.100000)

[00:09:00] ML tree search #8, logLikelihood: -56158.713541

[00:09:00 -182349.729600] Initial branch length optimization
[00:09:00 -60778.948254] Model parameter optimization (eps = 10.000000)
[00:09:08 -56887.495656] AUTODETECT spr round 1 (radius: 5)
[00:09:10 -56619.996537] AUTODETECT spr round 2 (radius: 10)
[00:09:13 -56340.888835] AUTODETECT spr round 3 (radius: 15)
[00:09:16 -56330.077651] AUTODETECT spr round 4 (radius: 20)
[00:09:18 -56329.989858] SPR radius for FAST iterations: 15 (autodetect)
[00:09:18 -56329.989858] Model parameter optimization (eps = 3.000000)
[00:09:20 -56320.730397] FAST spr round 1 (radius: 15)
[00:09:27 -56172.937321] FAST spr round 2 (radius: 15)
[00:09:32 -56170.170103] FAST spr round 3 (radius: 15)
[00:09:36 -56168.801860] FAST spr round 4 (radius: 15)
[00:09:39 -56168.801856] Model parameter optimization (eps = 1.000000)
[00:09:42 -56160.022907] SLOW spr round 1 (radius: 5)
[00:09:47 -56160.021126] SLOW spr round 2 (radius: 10)
[00:09:52 -56160.021126] SLOW spr round 3 (radius: 15)
[00:09:57 -56160.021126] SLOW spr round 4 (radius: 20)
[00:10:01 -56160.021126] SLOW spr round 5 (radius: 25)
[00:10:05 -56160.021126] Model parameter optimization (eps = 0.100000)

[00:10:09] ML tree search #9, logLikelihood: -56158.707636

[00:10:09 -179712.633546] Initial branch length optimization
[00:10:09 -59433.776974] Model parameter optimization (eps = 10.000000)
[00:10:13 -56184.033455] AUTODETECT spr round 1 (radius: 5)
[00:10:15 -56168.189658] AUTODETECT spr round 2 (radius: 10)
[00:10:18 -56168.188656] SPR radius for FAST iterations: 5 (autodetect)
[00:10:18 -56168.188656] Model parameter optimization (eps = 3.000000)
[00:10:20 -56160.664934] FAST spr round 1 (radius: 5)
[00:10:23 -56160.587131] Model parameter optimization (eps = 1.000000)
[00:10:27 -56155.156902] SLOW spr round 1 (radius: 5)
[00:10:33 -56155.091014] SLOW spr round 2 (radius: 10)
[00:10:42 -56155.089989] SLOW spr round 3 (radius: 15)
[00:10:47 -56155.089989] SLOW spr round 4 (radius: 20)
[00:10:50 -56155.089989] SLOW spr round 5 (radius: 25)
[00:10:53 -56155.089989] Model parameter optimization (eps = 0.100000)

[00:11:03] ML tree search #10, logLikelihood: -56150.617284

[00:11:03 -179706.999978] Initial branch length optimization
[00:11:03 -59417.634585] Model parameter optimization (eps = 10.000000)
[00:11:08 -56168.784860] AUTODETECT spr round 1 (radius: 5)
[00:11:09 -56167.123608] AUTODETECT spr round 2 (radius: 10)
[00:11:12 -56167.122383] SPR radius for FAST iterations: 5 (autodetect)
[00:11:12 -56167.122383] Model parameter optimization (eps = 3.000000)
[00:11:14 -56159.693432] FAST spr round 1 (radius: 5)
[00:11:17 -56159.620233] Model parameter optimization (eps = 1.000000)
[00:11:22 -56154.225363] SLOW spr round 1 (radius: 5)
[00:11:28 -56154.162664] SLOW spr round 2 (radius: 10)
[00:11:36 -56154.160933] SLOW spr round 3 (radius: 15)
[00:11:42 -56154.160931] SLOW spr round 4 (radius: 20)
[00:11:44 -56154.160931] SLOW spr round 5 (radius: 25)
[00:11:45 -56154.160931] Model parameter optimization (eps = 0.100000)

[00:11:55] ML tree search #11, logLikelihood: -56149.658259

[00:11:55 -179706.704719] Initial branch length optimization
[00:11:56 -59425.917663] Model parameter optimization (eps = 10.000000)
[00:12:01 -56178.671888] AUTODETECT spr round 1 (radius: 5)
[00:12:02 -56178.533033] AUTODETECT spr round 2 (radius: 10)
[00:12:05 -56168.514906] AUTODETECT spr round 3 (radius: 15)
[00:12:07 -56168.514892] SPR radius for FAST iterations: 10 (autodetect)
[00:12:07 -56168.514892] Model parameter optimization (eps = 3.000000)
[00:12:09 -56160.876922] FAST spr round 1 (radius: 10)
[00:12:14 -56160.793838] Model parameter optimization (eps = 1.000000)
[00:12:18 -56155.246769] SLOW spr round 1 (radius: 5)
[00:12:24 -56155.184471] SLOW spr round 2 (radius: 10)
[00:12:30 -56155.182669] SLOW spr round 3 (radius: 15)
[00:12:35 -56155.182668] SLOW spr round 4 (radius: 20)
[00:12:40 -56155.182668] SLOW spr round 5 (radius: 25)
[00:12:43 -56155.182668] Model parameter optimization (eps = 0.100000)

[00:12:53] ML tree search #12, logLikelihood: -56150.610259

[00:12:53 -179701.466472] Initial branch length optimization
[00:12:53 -59415.509942] Model parameter optimization (eps = 10.000000)
[00:12:59 -56168.678006] AUTODETECT spr round 1 (radius: 5)
[00:13:00 -56168.534938] AUTODETECT spr round 2 (radius: 10)
[00:13:03 -56168.532665] SPR radius for FAST iterations: 5 (autodetect)
[00:13:03 -56168.532665] Model parameter optimization (eps = 3.000000)
[00:13:05 -56160.897572] FAST spr round 1 (radius: 5)
[00:13:08 -56160.836012] Model parameter optimization (eps = 1.000000)
[00:13:13 -56155.277083] SLOW spr round 1 (radius: 5)
[00:13:19 -56155.211751] SLOW spr round 2 (radius: 10)
[00:13:26 -56155.195669] SLOW spr round 3 (radius: 15)
[00:13:30 -56155.195668] SLOW spr round 4 (radius: 20)
[00:13:35 -56155.195668] SLOW spr round 5 (radius: 25)
[00:13:38 -56155.195668] Model parameter optimization (eps = 0.100000)

[00:13:48] ML tree search #13, logLikelihood: -56150.612487

[00:13:48 -179701.692997] Initial branch length optimization
[00:13:48 -59413.708408] Model parameter optimization (eps = 10.000000)
[00:13:53 -56167.609562] AUTODETECT spr round 1 (radius: 5)
[00:13:55 -56167.462557] AUTODETECT spr round 2 (radius: 10)
[00:13:58 -56167.447289] SPR radius for FAST iterations: 5 (autodetect)
[00:13:58 -56167.447289] Model parameter optimization (eps = 3.000000)
[00:14:00 -56159.863224] FAST spr round 1 (radius: 5)
[00:14:03 -56159.803760] Model parameter optimization (eps = 1.000000)
[00:14:07 -56154.285740] SLOW spr round 1 (radius: 5)
[00:14:13 -56154.223205] SLOW spr round 2 (radius: 10)
[00:14:20 -56154.220748] SLOW spr round 3 (radius: 15)
[00:14:25 -56154.220746] SLOW spr round 4 (radius: 20)
[00:14:29 -56154.220746] SLOW spr round 5 (radius: 25)
[00:14:33 -56154.220746] Model parameter optimization (eps = 0.100000)

[00:14:44] ML tree search #14, logLikelihood: -56149.643170

[00:14:44 -179706.353829] Initial branch length optimization
[00:14:44 -59417.657627] Model parameter optimization (eps = 10.000000)
[00:14:49 -56168.771659] AUTODETECT spr round 1 (radius: 5)
[00:14:51 -56167.109007] AUTODETECT spr round 2 (radius: 10)
[00:14:54 -56167.107416] SPR radius for FAST iterations: 5 (autodetect)
[00:14:54 -56167.107416] Model parameter optimization (eps = 3.000000)
[00:14:56 -56159.689866] FAST spr round 1 (radius: 5)
[00:14:59 -56159.630972] Model parameter optimization (eps = 1.000000)
[00:15:04 -56154.244351] SLOW spr round 1 (radius: 5)
[00:15:09 -56154.180027] SLOW spr round 2 (radius: 10)
[00:15:16 -56154.178271] SLOW spr round 3 (radius: 15)
[00:15:21 -56154.178270] SLOW spr round 4 (radius: 20)
[00:15:25 -56154.178270] SLOW spr round 5 (radius: 25)
[00:15:29 -56154.178270] Model parameter optimization (eps = 0.100000)

[00:15:39] ML tree search #15, logLikelihood: -56149.672515

[00:15:39 -179700.844864] Initial branch length optimization
[00:15:39 -59415.310807] Model parameter optimization (eps = 10.000000)
[00:15:44 -56168.678465] AUTODETECT spr round 1 (radius: 5)
[00:15:46 -56168.535734] AUTODETECT spr round 2 (radius: 10)
[00:15:49 -56168.534861] SPR radius for FAST iterations: 5 (autodetect)
[00:15:49 -56168.534861] Model parameter optimization (eps = 3.000000)
[00:15:51 -56160.901627] FAST spr round 1 (radius: 5)
[00:15:54 -56160.821718] Model parameter optimization (eps = 1.000000)
[00:15:59 -56155.257275] SLOW spr round 1 (radius: 5)
[00:16:05 -56155.195655] SLOW spr round 2 (radius: 10)
[00:16:12 -56155.193575] SLOW spr round 3 (radius: 15)
[00:16:18 -56155.193574] SLOW spr round 4 (radius: 20)
[00:16:23 -56155.193574] SLOW spr round 5 (radius: 25)
[00:16:26 -56155.193574] Model parameter optimization (eps = 0.100000)

[00:16:37] ML tree search #16, logLikelihood: -56150.614098

[00:16:37 -179703.474401] Initial branch length optimization
[00:16:37 -59416.516908] Model parameter optimization (eps = 10.000000)
[00:16:42 -56168.796947] AUTODETECT spr round 1 (radius: 5)
[00:16:44 -56167.219368] AUTODETECT spr round 2 (radius: 10)
[00:16:46 -56167.218218] SPR radius for FAST iterations: 5 (autodetect)
[00:16:46 -56167.218218] Model parameter optimization (eps = 3.000000)
[00:16:48 -56159.740843] FAST spr round 1 (radius: 5)
[00:16:52 -56159.677522] Model parameter optimization (eps = 1.000000)
[00:16:57 -56154.256464] SLOW spr round 1 (radius: 5)
[00:17:03 -56154.194795] SLOW spr round 2 (radius: 10)
[00:17:10 -56154.191828] SLOW spr round 3 (radius: 15)
[00:17:15 -56154.191827] SLOW spr round 4 (radius: 20)
[00:17:19 -56154.177511] SLOW spr round 5 (radius: 25)
[00:17:23 -56154.177511] Model parameter optimization (eps = 0.100000)

[00:17:33] ML tree search #17, logLikelihood: -56149.660804

[00:17:33 -179707.995696] Initial branch length optimization
[00:17:33 -59423.606627] Model parameter optimization (eps = 10.000000)
[00:17:38 -56176.416878] AUTODETECT spr round 1 (radius: 5)
[00:17:40 -56167.522984] AUTODETECT spr round 2 (radius: 10)
[00:17:43 -56167.064905] AUTODETECT spr round 3 (radius: 15)
[00:17:45 -56167.064642] SPR radius for FAST iterations: 10 (autodetect)
[00:17:45 -56167.064642] Model parameter optimization (eps = 3.000000)
[00:17:48 -56159.610257] FAST spr round 1 (radius: 10)
[00:17:53 -56159.530049] Model parameter optimization (eps = 1.000000)
[00:17:57 -56154.168089] SLOW spr round 1 (radius: 5)
[00:18:03 -56154.106631] SLOW spr round 2 (radius: 10)
[00:18:12 -56154.104791] SLOW spr round 3 (radius: 15)
[00:18:18 -56154.104784] SLOW spr round 4 (radius: 20)
[00:18:21 -56154.104784] SLOW spr round 5 (radius: 25)
[00:18:24 -56154.104784] Model parameter optimization (eps = 0.100000)

[00:18:35] ML tree search #18, logLikelihood: -56149.628086



Final LogLikelihood: -56149.628086

AIC score: 112839.256171 / AICc score: 112844.323872 / BIC score: 115074.894398
Free parameters (model + branch lengths): 270

Best ML tree saved to: /home/hikoyu/analysis/Genome/SARS-CoV-2/phylogeny/RAxML-NG/DNA/part/sep/SARS-CoV-2_200320.3.raxml.bestTree
All ML trees saved to: /home/hikoyu/analysis/Genome/SARS-CoV-2/phylogeny/RAxML-NG/DNA/part/sep/SARS-CoV-2_200320.3.raxml.mlTrees
Optimized model saved to: /home/hikoyu/analysis/Genome/SARS-CoV-2/phylogeny/RAxML-NG/DNA/part/sep/SARS-CoV-2_200320.3.raxml.bestModel

Execution log saved to: /home/hikoyu/analysis/Genome/SARS-CoV-2/phylogeny/RAxML-NG/DNA/part/sep/SARS-CoV-2_200320.3.raxml.log

Analysis started: 22-Mar-2020 03:21:53 / finished: 22-Mar-2020 03:40:28

Elapsed time: 1115.137 seconds

