
RAxML-NG v. 0.9.0 released on 20.05.2019 by The Exelixis Lab.
Developed by: Alexey M. Kozlov and Alexandros Stamatakis.
Contributors: Diego Darriba, Tomas Flouri, Benoit Morel, Sarah Lutteropp, Ben Bettisworth.
Latest version: https://github.com/amkozlov/raxml-ng
Questions/problems/suggestions? Please visit: https://groups.google.com/forum/#!forum/raxml

RAxML-NG was called at 11-Mar-2020 07:57:48 as follows:

raxml-ng --threads 1 --search --tree rand{8},pars{8} --seed 2276099457 --prefix phylogeny/RAxML-NG/DNA/part/sep/SARS-CoV-2_200311.6 --msa phylogeny/RAxML-NG/DNA/part/sep/SARS-CoV-2_200311.raxml.rba --outgroup MG772933.1

Analysis options:
  run mode: ML tree search
  start tree(s): random (8) + parsimony (8)
  random seed: 2276099457
  tip-inner: OFF
  pattern compression: ON
  per-rate scalers: OFF
  site repeats: ON
  fast spr radius: AUTO
  spr subtree cutoff: 1.000000
  branch lengths: proportional (ML estimate, algorithm: NR-FAST)
  SIMD kernels: AVX2
  parallelization: NONE/sequential

[00:00:00] Loading binary alignment from file: phylogeny/RAxML-NG/DNA/part/sep/SARS-CoV-2_200311.raxml.rba
[00:00:00] Alignment comprises 64 taxa, 33 partitions and 747 patterns

Partition 0: orf1ab_U_p1
Model: TIM3+I+B
Alignment sites / patterns: 4405 / 56
Gaps: 0.10 %
Invariant sites: 95.35 %

Partition 1: orf1ab_U_p2
Model: HKY+FO+I+B
Alignment sites / patterns: 4405 / 63
Gaps: 0.10 %
Invariant sites: 96.84 %

Partition 2: orf1ab_U_p3
Model: TN93+FO+G4m+B
Alignment sites / patterns: 4405 / 79
Gaps: 0.10 %
Invariant sites: 74.05 %

Partition 3: orf1ab_D_p1
Model: TN93+FO+I+B
Alignment sites / patterns: 2696 / 31
Gaps: 0.00 %
Invariant sites: 93.43 %

Partition 4: orf1ab_D_p2
Model: HKY+FO+I+B
Alignment sites / patterns: 2696 / 30
Gaps: 0.00 %
Invariant sites: 98.15 %

Partition 5: orf1ab_D_p3
Model: TPM3uf+FO+G4m+B
Alignment sites / patterns: 2696 / 56
Gaps: 0.00 %
Invariant sites: 62.54 %

Partition 6: S_p1
Model: TN93+FO+I+B
Alignment sites / patterns: 1274 / 42
Gaps: 0.05 %
Invariant sites: 83.12 %

Partition 7: S_p2
Model: F81+FO+B
Alignment sites / patterns: 1274 / 38
Gaps: 0.05 %
Invariant sites: 90.27 %

Partition 8: S_p3
Model: HKY+FO+I+B
Alignment sites / patterns: 1274 / 67
Gaps: 0.05 %
Invariant sites: 50.31 %

Partition 9: ORF3a_p1
Model: JC+I+B
Alignment sites / patterns: 276 / 20
Gaps: 0.00 %
Invariant sites: 90.58 %

Partition 10: ORF3a_p2
Model: JC+I+B
Alignment sites / patterns: 276 / 14
Gaps: 0.00 %
Invariant sites: 95.65 %

Partition 11: ORF3a_p3
Model: HKY+FO+I+B
Alignment sites / patterns: 276 / 22
Gaps: 0.00 %
Invariant sites: 70.65 %

Partition 12: E_p1
Model: JC+B
Alignment sites / patterns: 76 / 5
Gaps: 0.00 %
Invariant sites: 98.68 %

Partition 13: E_p2
Model: JC+B
Alignment sites / patterns: 76 / 5
Gaps: 0.00 %
Invariant sites: 98.68 %

Partition 14: E_p3
Model: JC+B
Alignment sites / patterns: 76 / 6
Gaps: 0.00 %
Invariant sites: 97.37 %

Partition 15: M_p1
Model: TN93ef+B
Alignment sites / patterns: 223 / 9
Gaps: 0.01 %
Invariant sites: 95.52 %

Partition 16: M_p2
Model: JC+I+B
Alignment sites / patterns: 223 / 7
Gaps: 0.01 %
Invariant sites: 99.10 %

Partition 17: M_p3
Model: K80+I+B
Alignment sites / patterns: 223 / 28
Gaps: 0.01 %
Invariant sites: 78.03 %

Partition 18: ORF6_p1
Model: JC+B
Alignment sites / patterns: 62 / 6
Gaps: 0.00 %
Invariant sites: 95.16 %

Partition 19: ORF6_p2
Model: JC+B
Alignment sites / patterns: 62 / 6
Gaps: 0.00 %
Invariant sites: 96.77 %

Partition 20: ORF6_p3
Model: JC+B
Alignment sites / patterns: 62 / 9
Gaps: 0.00 %
Invariant sites: 88.71 %

Partition 21: ORF7a_p1
Model: K80+B
Alignment sites / patterns: 122 / 11
Gaps: 0.00 %
Invariant sites: 90.98 %

Partition 22: ORF7a_p2
Model: K80+B
Alignment sites / patterns: 122 / 10
Gaps: 0.00 %
Invariant sites: 92.62 %

Partition 23: ORF7a_p3
Model: HKY+FO+I+B
Alignment sites / patterns: 122 / 16
Gaps: 0.00 %
Invariant sites: 78.69 %

Partition 24: ORF8_p1
Model: JC+I+B
Alignment sites / patterns: 122 / 12
Gaps: 0.00 %
Invariant sites: 93.44 %

Partition 25: ORF8_p2
Model: K80+I+G4m+B
Alignment sites / patterns: 122 / 9
Gaps: 0.00 %
Invariant sites: 95.90 %

Partition 26: ORF8_p3
Model: HKY+FO+B
Alignment sites / patterns: 122 / 16
Gaps: 0.00 %
Invariant sites: 69.67 %

Partition 27: N_p1
Model: JC+I+B
Alignment sites / patterns: 420 / 15
Gaps: 0.00 %
Invariant sites: 95.24 %

Partition 28: N_p2
Model: F81+FO+B
Alignment sites / patterns: 420 / 15
Gaps: 0.00 %
Invariant sites: 96.19 %

Partition 29: N_p3
Model: HKY+FO+I+B
Alignment sites / patterns: 420 / 29
Gaps: 0.00 %
Invariant sites: 76.67 %

Partition 30: ORF10_p1
Model: JC+B
Alignment sites / patterns: 39 / 6
Gaps: 0.00 %
Invariant sites: 94.87 %

Partition 31: ORF10_p2
Model: JC+B
Alignment sites / patterns: 39 / 4
Gaps: 0.00 %
Invariant sites: 100.00 %

Partition 32: ORF10_p3
Model: JC+B
Alignment sites / patterns: 39 / 5
Gaps: 0.00 %
Invariant sites: 97.44 %


[00:00:00] Generating 8 random starting tree(s) with 64 taxa
[00:00:00] Generating 8 parsimony starting tree(s) with 64 taxa
[00:00:00] Data distribution: max. partitions/sites/weight per thread: 33 / 747 / 4716

Starting ML tree search with 16 distinct starting trees

[00:00:00 -165666.304775] Initial branch length optimization
[00:00:00 -60130.366044] Model parameter optimization (eps = 10.000000)
[00:00:04 -56406.140965] AUTODETECT spr round 1 (radius: 5)
[00:00:05 -56216.738236] AUTODETECT spr round 2 (radius: 10)
[00:00:06 -56016.720610] AUTODETECT spr round 3 (radius: 15)
[00:00:08 -56016.720528] SPR radius for FAST iterations: 10 (autodetect)
[00:00:08 -56016.720528] Model parameter optimization (eps = 3.000000)
[00:00:09 -56010.825780] FAST spr round 1 (radius: 10)
[00:00:12 -55908.709417] FAST spr round 2 (radius: 10)
[00:00:14 -55908.696191] Model parameter optimization (eps = 1.000000)
[00:00:16 -55898.606819] SLOW spr round 1 (radius: 5)
[00:00:20 -55898.602202] SLOW spr round 2 (radius: 10)
[00:00:25 -55898.600729] SLOW spr round 3 (radius: 15)
[00:00:29 -55898.600729] SLOW spr round 4 (radius: 20)
[00:00:31 -55898.600729] SLOW spr round 5 (radius: 25)
[00:00:32 -55898.600729] Model parameter optimization (eps = 0.100000)

[00:00:35] ML tree search #1, logLikelihood: -55897.298058

[00:00:35 -165687.332656] Initial branch length optimization
[00:00:35 -60192.561497] Model parameter optimization (eps = 10.000000)
[00:00:40 -56434.344853] AUTODETECT spr round 1 (radius: 5)
[00:00:41 -56219.571035] AUTODETECT spr round 2 (radius: 10)
[00:00:42 -56041.767629] AUTODETECT spr round 3 (radius: 15)
[00:00:44 -55995.106900] AUTODETECT spr round 4 (radius: 20)
[00:00:45 -55995.106153] SPR radius for FAST iterations: 15 (autodetect)
[00:00:45 -55995.106153] Model parameter optimization (eps = 3.000000)
[00:00:46 -55988.389314] FAST spr round 1 (radius: 15)
[00:00:50 -55908.372890] FAST spr round 2 (radius: 15)
[00:00:53 -55908.365596] Model parameter optimization (eps = 1.000000)
[00:00:54 -55898.648055] SLOW spr round 1 (radius: 5)
[00:00:58 -55898.643471] SLOW spr round 2 (radius: 10)
[00:01:03 -55898.642015] SLOW spr round 3 (radius: 15)
[00:01:07 -55898.642015] SLOW spr round 4 (radius: 20)
[00:01:09 -55898.642015] SLOW spr round 5 (radius: 25)
[00:01:11 -55898.642015] Model parameter optimization (eps = 0.100000)

[00:01:14] ML tree search #2, logLikelihood: -55897.329991

[00:01:14 -165678.884230] Initial branch length optimization
[00:01:14 -60164.922543] Model parameter optimization (eps = 10.000000)
[00:01:19 -56422.657688] AUTODETECT spr round 1 (radius: 5)
[00:01:20 -56248.552097] AUTODETECT spr round 2 (radius: 10)
[00:01:21 -56128.681745] AUTODETECT spr round 3 (radius: 15)
[00:01:22 -56098.762018] AUTODETECT spr round 4 (radius: 20)
[00:01:23 -56098.673719] SPR radius for FAST iterations: 15 (autodetect)
[00:01:23 -56098.673719] Model parameter optimization (eps = 3.000000)
[00:01:25 -56092.546783] FAST spr round 1 (radius: 15)
[00:01:28 -55909.104220] FAST spr round 2 (radius: 15)
[00:01:31 -55909.079517] Model parameter optimization (eps = 1.000000)
[00:01:33 -55898.661694] SLOW spr round 1 (radius: 5)
[00:01:37 -55898.651761] SLOW spr round 2 (radius: 10)
[00:01:42 -55898.650263] SLOW spr round 3 (radius: 15)
[00:01:46 -55898.650263] SLOW spr round 4 (radius: 20)
[00:01:49 -55898.650263] SLOW spr round 5 (radius: 25)
[00:01:52 -55898.650263] Model parameter optimization (eps = 0.100000)

[00:01:54] ML tree search #3, logLikelihood: -55897.332399

[00:01:54 -165687.501893] Initial branch length optimization
[00:01:54 -60187.455886] Model parameter optimization (eps = 10.000000)
[00:01:59 -56417.018541] AUTODETECT spr round 1 (radius: 5)
[00:02:01 -56165.043636] AUTODETECT spr round 2 (radius: 10)
[00:02:02 -56074.713281] AUTODETECT spr round 3 (radius: 15)
[00:02:03 -55973.474871] AUTODETECT spr round 4 (radius: 20)
[00:02:04 -55973.463389] SPR radius for FAST iterations: 15 (autodetect)
[00:02:04 -55973.463389] Model parameter optimization (eps = 3.000000)
[00:02:06 -55955.463977] FAST spr round 1 (radius: 15)
[00:02:09 -55900.893604] FAST spr round 2 (radius: 15)
[00:02:12 -55897.465529] FAST spr round 3 (radius: 15)
[00:02:14 -55897.462307] Model parameter optimization (eps = 1.000000)
[00:02:15 -55896.571632] SLOW spr round 1 (radius: 5)
[00:02:18 -55896.568878] SLOW spr round 2 (radius: 10)
[00:02:23 -55896.567514] SLOW spr round 3 (radius: 15)
[00:02:28 -55896.567503] SLOW spr round 4 (radius: 20)
[00:02:32 -55896.567502] SLOW spr round 5 (radius: 25)
[00:02:34 -55896.567502] Model parameter optimization (eps = 0.100000)

[00:02:35] ML tree search #4, logLikelihood: -55896.354928

[00:02:35 -165674.887400] Initial branch length optimization
[00:02:35 -60156.231121] Model parameter optimization (eps = 10.000000)
[00:02:40 -56405.740706] AUTODETECT spr round 1 (radius: 5)
[00:02:41 -56188.211934] AUTODETECT spr round 2 (radius: 10)
[00:02:43 -56103.600694] AUTODETECT spr round 3 (radius: 15)
[00:02:44 -55974.122037] AUTODETECT spr round 4 (radius: 20)
[00:02:46 -55974.110542] SPR radius for FAST iterations: 15 (autodetect)
[00:02:46 -55974.110542] Model parameter optimization (eps = 3.000000)
[00:02:47 -55961.976034] FAST spr round 1 (radius: 15)
[00:02:50 -55900.920465] FAST spr round 2 (radius: 15)
[00:02:53 -55900.907694] Model parameter optimization (eps = 1.000000)
[00:02:54 -55900.248440] SLOW spr round 1 (radius: 5)
[00:02:58 -55900.246802] SLOW spr round 2 (radius: 10)
[00:03:03 -55900.246791] SLOW spr round 3 (radius: 15)
[00:03:08 -55900.246791] SLOW spr round 4 (radius: 20)
[00:03:11 -55900.246790] SLOW spr round 5 (radius: 25)
[00:03:12 -55900.246790] Model parameter optimization (eps = 0.100000)

[00:03:15] ML tree search #5, logLikelihood: -55897.186935

[00:03:15 -165687.577991] Initial branch length optimization
[00:03:15 -60180.811124] Model parameter optimization (eps = 10.000000)
[00:03:20 -56427.354146] AUTODETECT spr round 1 (radius: 5)
[00:03:21 -56236.852605] AUTODETECT spr round 2 (radius: 10)
[00:03:23 -56071.517825] AUTODETECT spr round 3 (radius: 15)
[00:03:25 -55956.671668] AUTODETECT spr round 4 (radius: 20)
[00:03:25 -55952.365564] AUTODETECT spr round 5 (radius: 25)
[00:03:26 -55952.364789] SPR radius for FAST iterations: 20 (autodetect)
[00:03:26 -55952.364789] Model parameter optimization (eps = 3.000000)
[00:03:28 -55939.844424] FAST spr round 1 (radius: 20)
[00:03:32 -55900.838388] FAST spr round 2 (radius: 20)
[00:03:35 -55900.828818] Model parameter optimization (eps = 1.000000)
[00:03:35 -55900.202489] SLOW spr round 1 (radius: 5)
[00:03:40 -55900.196147] SLOW spr round 2 (radius: 10)
[00:03:45 -55900.196117] SLOW spr round 3 (radius: 15)
[00:03:49 -55900.196115] SLOW spr round 4 (radius: 20)
[00:03:51 -55900.196114] SLOW spr round 5 (radius: 25)
[00:03:54 -55900.196114] Model parameter optimization (eps = 0.100000)

[00:03:55] ML tree search #6, logLikelihood: -55899.954027

[00:03:55 -165693.238234] Initial branch length optimization
[00:03:55 -60183.412965] Model parameter optimization (eps = 10.000000)
[00:04:01 -56435.159006] AUTODETECT spr round 1 (radius: 5)
[00:04:02 -56171.201846] AUTODETECT spr round 2 (radius: 10)
[00:04:04 -55973.371021] AUTODETECT spr round 3 (radius: 15)
[00:04:05 -55948.460858] AUTODETECT spr round 4 (radius: 20)
[00:04:06 -55946.556623] AUTODETECT spr round 5 (radius: 25)
[00:04:07 -55946.556273] SPR radius for FAST iterations: 20 (autodetect)
[00:04:07 -55946.556273] Model parameter optimization (eps = 3.000000)
[00:04:08 -55934.438317] FAST spr round 1 (radius: 20)
[00:04:13 -55900.851859] FAST spr round 2 (radius: 20)
[00:04:17 -55900.845247] Model parameter optimization (eps = 1.000000)
[00:04:17 -55900.211165] SLOW spr round 1 (radius: 5)
[00:04:22 -55900.209303] SLOW spr round 2 (radius: 10)
[00:04:28 -55900.209280] SLOW spr round 3 (radius: 15)
[00:04:32 -55900.209279] SLOW spr round 4 (radius: 20)
[00:04:35 -55900.209279] SLOW spr round 5 (radius: 25)
[00:04:37 -55900.209279] Model parameter optimization (eps = 0.100000)

[00:04:38] ML tree search #7, logLikelihood: -55899.961155

[00:04:38 -165670.922935] Initial branch length optimization
[00:04:38 -60150.173236] Model parameter optimization (eps = 10.000000)
[00:04:43 -56407.781236] AUTODETECT spr round 1 (radius: 5)
[00:04:44 -56211.544283] AUTODETECT spr round 2 (radius: 10)
[00:04:46 -55942.891615] AUTODETECT spr round 3 (radius: 15)
[00:04:48 -55929.053888] AUTODETECT spr round 4 (radius: 20)
[00:04:49 -55929.052729] SPR radius for FAST iterations: 15 (autodetect)
[00:04:49 -55929.052729] Model parameter optimization (eps = 3.000000)
[00:04:51 -55916.737992] FAST spr round 1 (radius: 15)
[00:04:55 -55900.786464] FAST spr round 2 (radius: 15)
[00:04:58 -55900.784548] Model parameter optimization (eps = 1.000000)
[00:04:58 -55900.183938] SLOW spr round 1 (radius: 5)
[00:05:03 -55900.182270] SLOW spr round 2 (radius: 10)
[00:05:08 -55900.182258] SLOW spr round 3 (radius: 15)
[00:05:12 -55900.182257] SLOW spr round 4 (radius: 20)
[00:05:15 -55900.182257] SLOW spr round 5 (radius: 25)
[00:05:18 -55900.182257] Model parameter optimization (eps = 0.100000)

[00:05:19] ML tree search #8, logLikelihood: -55899.948838

[00:05:19 -163291.326924] Initial branch length optimization
[00:05:19 -59154.427041] Model parameter optimization (eps = 10.000000)
[00:05:22 -55924.275553] AUTODETECT spr round 1 (radius: 5)
[00:05:23 -55916.618126] AUTODETECT spr round 2 (radius: 10)
[00:05:25 -55916.617910] SPR radius for FAST iterations: 5 (autodetect)
[00:05:25 -55916.617910] Model parameter optimization (eps = 3.000000)
[00:05:27 -55905.884694] FAST spr round 1 (radius: 5)
[00:05:29 -55905.805628] Model parameter optimization (eps = 1.000000)
[00:05:32 -55900.873204] SLOW spr round 1 (radius: 5)
[00:05:37 -55900.815011] SLOW spr round 2 (radius: 10)
[00:05:42 -55900.812626] SLOW spr round 3 (radius: 15)
[00:05:46 -55900.812619] SLOW spr round 4 (radius: 20)
[00:05:49 -55900.812619] SLOW spr round 5 (radius: 25)
[00:05:52 -55900.812619] Model parameter optimization (eps = 0.100000)

[00:05:58] ML tree search #9, logLikelihood: -55896.460975

[00:05:58 -163291.404952] Initial branch length optimization
[00:05:58 -59146.136531] Model parameter optimization (eps = 10.000000)
[00:06:02 -55916.859970] AUTODETECT spr round 1 (radius: 5)
[00:06:03 -55916.717809] AUTODETECT spr round 2 (radius: 10)
[00:06:04 -55916.717788] SPR radius for FAST iterations: 5 (autodetect)
[00:06:04 -55916.717788] Model parameter optimization (eps = 3.000000)
[00:06:07 -55905.860472] FAST spr round 1 (radius: 5)
[00:06:09 -55905.781257] Model parameter optimization (eps = 1.000000)
[00:06:12 -55900.843298] SLOW spr round 1 (radius: 5)
[00:06:17 -55900.789503] SLOW spr round 2 (radius: 10)
[00:06:23 -55900.787879] SLOW spr round 3 (radius: 15)
[00:06:28 -55900.787875] SLOW spr round 4 (radius: 20)
[00:06:31 -55900.787875] SLOW spr round 5 (radius: 25)
[00:06:33 -55900.787875] Model parameter optimization (eps = 0.100000)

[00:06:39] ML tree search #10, logLikelihood: -55896.458866

[00:06:39 -163292.231052] Initial branch length optimization
[00:06:39 -59145.937314] Model parameter optimization (eps = 10.000000)
[00:06:43 -55916.930374] AUTODETECT spr round 1 (radius: 5)
[00:06:44 -55916.793422] AUTODETECT spr round 2 (radius: 10)
[00:06:46 -55916.782839] SPR radius for FAST iterations: 5 (autodetect)
[00:06:46 -55916.782839] Model parameter optimization (eps = 3.000000)
[00:06:48 -55905.939141] FAST spr round 1 (radius: 5)
[00:06:50 -55905.863473] Model parameter optimization (eps = 1.000000)
[00:06:54 -55900.896695] SLOW spr round 1 (radius: 5)
[00:06:58 -55900.835541] SLOW spr round 2 (radius: 10)
[00:07:06 -55900.834416] SLOW spr round 3 (radius: 15)
[00:07:09 -55900.834411] SLOW spr round 4 (radius: 20)
[00:07:11 -55900.834411] SLOW spr round 5 (radius: 25)
[00:07:12 -55900.834411] Model parameter optimization (eps = 0.100000)

[00:07:18] ML tree search #11, logLikelihood: -55896.463886

[00:07:18 -163296.569102] Initial branch length optimization
[00:07:18 -59154.786367] Model parameter optimization (eps = 10.000000)
[00:07:22 -55925.002366] AUTODETECT spr round 1 (radius: 5)
[00:07:24 -55924.862985] AUTODETECT spr round 2 (radius: 10)
[00:07:26 -55916.751634] AUTODETECT spr round 3 (radius: 15)
[00:07:28 -55916.751610] SPR radius for FAST iterations: 10 (autodetect)
[00:07:28 -55916.751610] Model parameter optimization (eps = 3.000000)
[00:07:31 -55905.909424] FAST spr round 1 (radius: 10)
[00:07:34 -55905.824638] Model parameter optimization (eps = 1.000000)
[00:07:37 -55900.876466] SLOW spr round 1 (radius: 5)
[00:07:42 -55900.819083] SLOW spr round 2 (radius: 10)
[00:07:48 -55900.817954] SLOW spr round 3 (radius: 15)
[00:07:51 -55900.817949] SLOW spr round 4 (radius: 20)
[00:07:54 -55900.817948] SLOW spr round 5 (radius: 25)
[00:07:55 -55900.817948] Model parameter optimization (eps = 0.100000)

[00:08:01] ML tree search #12, logLikelihood: -55896.464045

[00:08:01 -163292.228696] Initial branch length optimization
[00:08:02 -59146.137348] Model parameter optimization (eps = 10.000000)
[00:08:05 -55916.936274] AUTODETECT spr round 1 (radius: 5)
[00:08:06 -55916.792855] AUTODETECT spr round 2 (radius: 10)
[00:08:08 -55916.791329] SPR radius for FAST iterations: 5 (autodetect)
[00:08:08 -55916.791329] Model parameter optimization (eps = 3.000000)
[00:08:10 -55905.940123] FAST spr round 1 (radius: 5)
[00:08:12 -55905.860246] Model parameter optimization (eps = 1.000000)
[00:08:15 -55900.894010] SLOW spr round 1 (radius: 5)
[00:08:19 -55900.836641] SLOW spr round 2 (radius: 10)
[00:08:25 -55900.834893] SLOW spr round 3 (radius: 15)
[00:08:29 -55900.834888] SLOW spr round 4 (radius: 20)
[00:08:31 -55900.834888] SLOW spr round 5 (radius: 25)
[00:08:32 -55900.834888] Model parameter optimization (eps = 0.100000)

[00:08:39] ML tree search #13, logLikelihood: -55896.464944

[00:08:39 -163291.487800] Initial branch length optimization
[00:08:39 -59146.137809] Model parameter optimization (eps = 10.000000)
[00:08:43 -55916.867370] AUTODETECT spr round 1 (radius: 5)
[00:08:44 -55916.719889] AUTODETECT spr round 2 (radius: 10)
[00:08:46 -55916.718293] SPR radius for FAST iterations: 5 (autodetect)
[00:08:46 -55916.718293] Model parameter optimization (eps = 3.000000)
[00:08:48 -55905.858635] FAST spr round 1 (radius: 5)
[00:08:50 -55905.784251] Model parameter optimization (eps = 1.000000)
[00:08:54 -55900.846933] SLOW spr round 1 (radius: 5)
[00:08:58 -55900.787753] SLOW spr round 2 (radius: 10)
[00:09:04 -55900.786065] SLOW spr round 3 (radius: 15)
[00:09:07 -55900.786061] SLOW spr round 4 (radius: 20)
[00:09:10 -55900.786061] SLOW spr round 5 (radius: 25)
[00:09:11 -55900.786061] Model parameter optimization (eps = 0.100000)

[00:09:17] ML tree search #14, logLikelihood: -55896.458411

[00:09:17 -163295.715958] Initial branch length optimization
[00:09:17 -59147.784352] Model parameter optimization (eps = 10.000000)
[00:09:21 -55916.795097] AUTODETECT spr round 1 (radius: 5)
[00:09:22 -55916.307812] AUTODETECT spr round 2 (radius: 10)
[00:09:24 -55916.306047] SPR radius for FAST iterations: 5 (autodetect)
[00:09:24 -55916.306047] Model parameter optimization (eps = 3.000000)
[00:09:26 -55905.698724] FAST spr round 1 (radius: 5)
[00:09:29 -55905.627508] Model parameter optimization (eps = 1.000000)
[00:09:32 -55900.791290] SLOW spr round 1 (radius: 5)
[00:09:37 -55900.731740] SLOW spr round 2 (radius: 10)
[00:09:44 -55900.729451] SLOW spr round 3 (radius: 15)
[00:09:47 -55900.729447] SLOW spr round 4 (radius: 20)
[00:09:50 -55900.729447] SLOW spr round 5 (radius: 25)
[00:09:52 -55900.729447] Model parameter optimization (eps = 0.100000)

[00:09:59] ML tree search #15, logLikelihood: -55896.455698

[00:09:59 -163293.783720] Initial branch length optimization
[00:09:59 -59156.643250] Model parameter optimization (eps = 10.000000)
[00:10:03 -55927.245200] AUTODETECT spr round 1 (radius: 5)
[00:10:04 -55917.677117] AUTODETECT spr round 2 (radius: 10)
[00:10:06 -55917.677075] SPR radius for FAST iterations: 5 (autodetect)
[00:10:06 -55917.677075] Model parameter optimization (eps = 3.000000)
[00:10:09 -55906.805630] FAST spr round 1 (radius: 5)
[00:10:11 -55906.724397] Model parameter optimization (eps = 1.000000)
[00:10:14 -55901.782056] SLOW spr round 1 (radius: 5)
[00:10:19 -55901.722693] SLOW spr round 2 (radius: 10)
[00:10:27 -55901.721790] SLOW spr round 3 (radius: 15)
[00:10:33 -55901.721785] SLOW spr round 4 (radius: 20)
[00:10:34 -55901.721785] SLOW spr round 5 (radius: 25)
[00:10:35 -55901.721785] Model parameter optimization (eps = 0.100000)

[00:10:42] ML tree search #16, logLikelihood: -55897.374179



Final LogLikelihood: -55896.354928

AIC score: 112270.709857 / AICc score: 112274.678720 / BIC score: 114249.639094
Free parameters (model + branch lengths): 239

Best ML tree saved to: /home/hikoyu/analysis/Genome/SARS-CoV-2/phylogeny/RAxML-NG/DNA/part/sep/SARS-CoV-2_200311.6.raxml.bestTree
All ML trees saved to: /home/hikoyu/analysis/Genome/SARS-CoV-2/phylogeny/RAxML-NG/DNA/part/sep/SARS-CoV-2_200311.6.raxml.mlTrees
Optimized model saved to: /home/hikoyu/analysis/Genome/SARS-CoV-2/phylogeny/RAxML-NG/DNA/part/sep/SARS-CoV-2_200311.6.raxml.bestModel

Execution log saved to: /home/hikoyu/analysis/Genome/SARS-CoV-2/phylogeny/RAxML-NG/DNA/part/sep/SARS-CoV-2_200311.6.raxml.log

Analysis started: 11-Mar-2020 07:57:48 / finished: 11-Mar-2020 08:08:30

Elapsed time: 642.311 seconds

