
RAxML-NG v. 0.9.0 released on 20.05.2019 by The Exelixis Lab.
Developed by: Alexey M. Kozlov and Alexandros Stamatakis.
Contributors: Diego Darriba, Tomas Flouri, Benoit Morel, Sarah Lutteropp, Ben Bettisworth.
Latest version: https://github.com/amkozlov/raxml-ng
Questions/problems/suggestions? Please visit: https://groups.google.com/forum/#!forum/raxml

RAxML-NG was called at 22-Mar-2020 03:40:53 as follows:

raxml-ng --threads 1 --search --tree rand{8},pars{8} --seed 1630610142 --prefix phylogeny/RAxML-NG/DNA/part/sep/SARS-CoV-2_200320.7 --msa phylogeny/RAxML-NG/DNA/part/sep/SARS-CoV-2_200320.raxml.rba --outgroup MG772933.1

Analysis options:
  run mode: ML tree search
  start tree(s): random (8) + parsimony (8)
  random seed: 1630610142
  tip-inner: OFF
  pattern compression: ON
  per-rate scalers: OFF
  site repeats: ON
  fast spr radius: AUTO
  spr subtree cutoff: 1.000000
  branch lengths: proportional (ML estimate, algorithm: NR-FAST)
  SIMD kernels: AVX2
  parallelization: NONE/sequential

[00:00:00] Loading binary alignment from file: phylogeny/RAxML-NG/DNA/part/sep/SARS-CoV-2_200320.raxml.rba
[00:00:00] Alignment comprises 78 taxa, 33 partitions and 772 patterns

Partition 0: orf1ab_U_p1
Model: TIM3+I+B
Alignment sites / patterns: 4405 / 60
Gaps: 0.10 %
Invariant sites: 95.28 %

Partition 1: orf1ab_U_p2
Model: HKY+FO+I+B
Alignment sites / patterns: 4405 / 64
Gaps: 0.10 %
Invariant sites: 96.82 %

Partition 2: orf1ab_U_p3
Model: TN93+FO+G4m+B
Alignment sites / patterns: 4405 / 85
Gaps: 0.10 %
Invariant sites: 73.94 %

Partition 3: orf1ab_D_p1
Model: TN93+FO+I+B
Alignment sites / patterns: 2697 / 35
Gaps: 0.04 %
Invariant sites: 93.33 %

Partition 4: orf1ab_D_p2
Model: HKY+FO+I+G4m+B
Alignment sites / patterns: 2697 / 33
Gaps: 0.04 %
Invariant sites: 98.07 %

Partition 5: orf1ab_D_p3
Model: TPM3uf+FO+G4m+B
Alignment sites / patterns: 2697 / 59
Gaps: 0.04 %
Invariant sites: 62.51 %

Partition 6: S_p1
Model: TN93+FO+I+B
Alignment sites / patterns: 1274 / 43
Gaps: 0.04 %
Invariant sites: 83.05 %

Partition 7: S_p2
Model: F81+FO+B
Alignment sites / patterns: 1274 / 39
Gaps: 0.04 %
Invariant sites: 90.19 %

Partition 8: S_p3
Model: HKY+FO+I+B
Alignment sites / patterns: 1274 / 69
Gaps: 0.04 %
Invariant sites: 50.24 %

Partition 9: ORF3a_p1
Model: JC+G4m+B
Alignment sites / patterns: 276 / 20
Gaps: 0.00 %
Invariant sites: 90.58 %

Partition 10: ORF3a_p2
Model: JC+I+G4m+B
Alignment sites / patterns: 276 / 14
Gaps: 0.00 %
Invariant sites: 95.65 %

Partition 11: ORF3a_p3
Model: HKY+FO+I+B
Alignment sites / patterns: 276 / 22
Gaps: 0.00 %
Invariant sites: 70.65 %

Partition 12: E_p1
Model: JC+B
Alignment sites / patterns: 76 / 5
Gaps: 0.00 %
Invariant sites: 98.68 %

Partition 13: E_p2
Model: JC+B
Alignment sites / patterns: 76 / 5
Gaps: 0.00 %
Invariant sites: 98.68 %

Partition 14: E_p3
Model: JC+B
Alignment sites / patterns: 76 / 6
Gaps: 0.00 %
Invariant sites: 97.37 %

Partition 15: M_p1
Model: TN93ef+B
Alignment sites / patterns: 223 / 9
Gaps: 0.01 %
Invariant sites: 95.52 %

Partition 16: M_p2
Model: JC+I+B
Alignment sites / patterns: 223 / 7
Gaps: 0.01 %
Invariant sites: 99.10 %

Partition 17: M_p3
Model: K80+I+B
Alignment sites / patterns: 223 / 28
Gaps: 0.01 %
Invariant sites: 78.03 %

Partition 18: ORF6_p1
Model: JC+B
Alignment sites / patterns: 62 / 6
Gaps: 0.00 %
Invariant sites: 95.16 %

Partition 19: ORF6_p2
Model: JC+B
Alignment sites / patterns: 62 / 6
Gaps: 0.00 %
Invariant sites: 96.77 %

Partition 20: ORF6_p3
Model: JC+B
Alignment sites / patterns: 62 / 9
Gaps: 0.00 %
Invariant sites: 88.71 %

Partition 21: ORF7a_p1
Model: K80+B
Alignment sites / patterns: 122 / 11
Gaps: 0.00 %
Invariant sites: 90.98 %

Partition 22: ORF7a_p2
Model: K80+B
Alignment sites / patterns: 122 / 10
Gaps: 0.00 %
Invariant sites: 92.62 %

Partition 23: ORF7a_p3
Model: HKY+FO+I+B
Alignment sites / patterns: 122 / 16
Gaps: 0.00 %
Invariant sites: 78.69 %

Partition 24: ORF8_p1
Model: JC+I+B
Alignment sites / patterns: 122 / 12
Gaps: 0.00 %
Invariant sites: 93.44 %

Partition 25: ORF8_p2
Model: K80+I+G4m+B
Alignment sites / patterns: 122 / 9
Gaps: 0.00 %
Invariant sites: 95.90 %

Partition 26: ORF8_p3
Model: HKY+FO+B
Alignment sites / patterns: 122 / 16
Gaps: 0.00 %
Invariant sites: 69.67 %

Partition 27: N_p1
Model: K80+I+B
Alignment sites / patterns: 420 / 15
Gaps: 0.00 %
Invariant sites: 95.24 %

Partition 28: N_p2
Model: F81+FO+B
Alignment sites / patterns: 420 / 15
Gaps: 0.00 %
Invariant sites: 96.19 %

Partition 29: N_p3
Model: HKY+FO+G4m+B
Alignment sites / patterns: 420 / 29
Gaps: 0.00 %
Invariant sites: 76.67 %

Partition 30: ORF10_p1
Model: JC+B
Alignment sites / patterns: 39 / 6
Gaps: 0.00 %
Invariant sites: 94.87 %

Partition 31: ORF10_p2
Model: JC+B
Alignment sites / patterns: 39 / 4
Gaps: 0.00 %
Invariant sites: 100.00 %

Partition 32: ORF10_p3
Model: JC+B
Alignment sites / patterns: 39 / 5
Gaps: 0.00 %
Invariant sites: 97.44 %


[00:00:00] Generating 8 random starting tree(s) with 78 taxa
[00:00:00] Generating 8 parsimony starting tree(s) with 78 taxa
[00:00:00] Data distribution: max. partitions/sites/weight per thread: 33 / 772 / 6076

Starting ML tree search with 16 distinct starting trees

[00:00:00 -182344.420560] Initial branch length optimization
[00:00:00 -60770.899275] Model parameter optimization (eps = 10.000000)
[00:00:07 -56882.519450] AUTODETECT spr round 1 (radius: 5)
[00:00:08 -56613.979083] AUTODETECT spr round 2 (radius: 10)
[00:00:10 -56396.239211] AUTODETECT spr round 3 (radius: 15)
[00:00:13 -56280.093098] AUTODETECT spr round 4 (radius: 20)
[00:00:14 -56280.092171] SPR radius for FAST iterations: 15 (autodetect)
[00:00:14 -56280.092171] Model parameter optimization (eps = 3.000000)
[00:00:16 -56267.915049] FAST spr round 1 (radius: 15)
[00:00:21 -56164.537221] FAST spr round 2 (radius: 15)
[00:00:26 -56164.523802] Model parameter optimization (eps = 1.000000)
[00:00:28 -56162.421966] SLOW spr round 1 (radius: 5)
[00:00:34 -56162.420206] SLOW spr round 2 (radius: 10)
[00:00:41 -56162.420037] SLOW spr round 3 (radius: 15)
[00:00:47 -56162.420037] SLOW spr round 4 (radius: 20)
[00:00:51 -56162.420037] SLOW spr round 5 (radius: 25)
[00:00:52 -56162.420037] Model parameter optimization (eps = 0.100000)

[00:00:57] ML tree search #1, logLikelihood: -56158.636194

[00:00:57 -182341.406909] Initial branch length optimization
[00:00:57 -60759.043408] Model parameter optimization (eps = 10.000000)
[00:01:04 -56876.328455] AUTODETECT spr round 1 (radius: 5)
[00:01:06 -56647.352106] AUTODETECT spr round 2 (radius: 10)
[00:01:08 -56355.591399] AUTODETECT spr round 3 (radius: 15)
[00:01:11 -56314.660223] AUTODETECT spr round 4 (radius: 20)
[00:01:13 -56252.771434] AUTODETECT spr round 5 (radius: 25)
[00:01:14 -56252.721846] SPR radius for FAST iterations: 20 (autodetect)
[00:01:14 -56252.721846] Model parameter optimization (eps = 3.000000)
[00:01:15 -56238.187872] FAST spr round 1 (radius: 20)
[00:01:22 -56163.990499] FAST spr round 2 (radius: 20)
[00:01:27 -56163.973347] Model parameter optimization (eps = 1.000000)
[00:01:28 -56163.092748] SLOW spr round 1 (radius: 5)
[00:01:34 -56163.089853] SLOW spr round 2 (radius: 10)
[00:01:41 -56163.089853] SLOW spr round 3 (radius: 15)
[00:01:47 -56163.089853] SLOW spr round 4 (radius: 20)
[00:01:52 -56163.089853] SLOW spr round 5 (radius: 25)
[00:01:55 -56163.089853] Model parameter optimization (eps = 0.100000)

[00:02:01] ML tree search #2, logLikelihood: -56158.607838

[00:02:01 -182300.909239] Initial branch length optimization
[00:02:02 -60689.548786] Model parameter optimization (eps = 10.000000)
[00:02:09 -56843.936428] AUTODETECT spr round 1 (radius: 5)
[00:02:11 -56459.358936] AUTODETECT spr round 2 (radius: 10)
[00:02:13 -56362.841462] AUTODETECT spr round 3 (radius: 15)
[00:02:16 -56297.528116] AUTODETECT spr round 4 (radius: 20)
[00:02:18 -56297.527620] SPR radius for FAST iterations: 15 (autodetect)
[00:02:18 -56297.527620] Model parameter optimization (eps = 3.000000)
[00:02:20 -56287.300222] FAST spr round 1 (radius: 15)
[00:02:26 -56163.962046] FAST spr round 2 (radius: 15)
[00:02:30 -56163.908010] Model parameter optimization (eps = 1.000000)
[00:02:32 -56162.217955] SLOW spr round 1 (radius: 5)
[00:02:38 -56162.215836] SLOW spr round 2 (radius: 10)
[00:02:46 -56162.215724] SLOW spr round 3 (radius: 15)
[00:02:52 -56162.215724] SLOW spr round 4 (radius: 20)
[00:02:57 -56162.215724] SLOW spr round 5 (radius: 25)
[00:02:59 -56162.215724] Model parameter optimization (eps = 0.100000)

[00:03:03] ML tree search #3, logLikelihood: -56158.658088

[00:03:03 -182316.859655] Initial branch length optimization
[00:03:03 -60729.635696] Model parameter optimization (eps = 10.000000)
[00:03:11 -56860.727586] AUTODETECT spr round 1 (radius: 5)
[00:03:12 -56587.044483] AUTODETECT spr round 2 (radius: 10)
[00:03:14 -56390.516541] AUTODETECT spr round 3 (radius: 15)
[00:03:17 -56319.816397] AUTODETECT spr round 4 (radius: 20)
[00:03:19 -56230.723182] AUTODETECT spr round 5 (radius: 25)
[00:03:20 -56230.712009] SPR radius for FAST iterations: 20 (autodetect)
[00:03:20 -56230.712009] Model parameter optimization (eps = 3.000000)
[00:03:22 -56215.897921] FAST spr round 1 (radius: 20)
[00:03:29 -56163.684931] FAST spr round 2 (radius: 20)
[00:03:34 -56163.675528] Model parameter optimization (eps = 1.000000)
[00:03:35 -56162.870457] SLOW spr round 1 (radius: 5)
[00:03:42 -56162.867771] SLOW spr round 2 (radius: 10)
[00:03:49 -56162.867435] SLOW spr round 3 (radius: 15)
[00:03:56 -56162.867435] SLOW spr round 4 (radius: 20)
[00:04:00 -56162.867435] SLOW spr round 5 (radius: 25)
[00:04:02 -56162.867435] Model parameter optimization (eps = 0.100000)

[00:04:07] ML tree search #4, logLikelihood: -56158.682638

[00:04:08 -181970.724707] Initial branch length optimization
[00:04:08 -60732.621878] Model parameter optimization (eps = 10.000000)
[00:04:15 -56858.224671] AUTODETECT spr round 1 (radius: 5)
[00:04:16 -56520.760904] AUTODETECT spr round 2 (radius: 10)
[00:04:19 -56291.387203] AUTODETECT spr round 3 (radius: 15)
[00:04:21 -56216.053519] AUTODETECT spr round 4 (radius: 20)
[00:04:23 -56216.053490] SPR radius for FAST iterations: 15 (autodetect)
[00:04:23 -56216.053490] Model parameter optimization (eps = 3.000000)
[00:04:25 -56202.982738] FAST spr round 1 (radius: 15)
[00:04:31 -56164.754934] FAST spr round 2 (radius: 15)
[00:04:36 -56164.737746] Model parameter optimization (eps = 1.000000)
[00:04:38 -56163.077059] SLOW spr round 1 (radius: 5)
[00:04:44 -56163.073522] SLOW spr round 2 (radius: 10)
[00:04:51 -56163.073518] SLOW spr round 3 (radius: 15)
[00:04:57 -56163.073518] SLOW spr round 4 (radius: 20)
[00:05:02 -56162.332222] SLOW spr round 5 (radius: 5)
[00:05:09 -56162.332218] SLOW spr round 6 (radius: 10)
[00:05:18 -56162.332218] SLOW spr round 7 (radius: 15)
[00:05:25 -56162.332218] SLOW spr round 8 (radius: 20)
[00:05:29 -56162.332218] SLOW spr round 9 (radius: 25)
[00:05:32 -56162.332218] Model parameter optimization (eps = 0.100000)

[00:05:37] ML tree search #5, logLikelihood: -56158.673317

[00:05:37 -182327.706178] Initial branch length optimization
[00:05:37 -60740.948937] Model parameter optimization (eps = 10.000000)
[00:05:44 -56874.707457] AUTODETECT spr round 1 (radius: 5)
[00:05:46 -56624.559327] AUTODETECT spr round 2 (radius: 10)
[00:05:49 -56437.318217] AUTODETECT spr round 3 (radius: 15)
[00:05:52 -56297.942033] AUTODETECT spr round 4 (radius: 20)
[00:05:54 -56249.981326] AUTODETECT spr round 5 (radius: 25)
[00:05:55 -56249.981292] SPR radius for FAST iterations: 20 (autodetect)
[00:05:55 -56249.981292] Model parameter optimization (eps = 3.000000)
[00:05:58 -56236.845439] FAST spr round 1 (radius: 20)
[00:06:05 -56163.982628] FAST spr round 2 (radius: 20)
[00:06:10 -56163.962714] Model parameter optimization (eps = 1.000000)
[00:06:12 -56162.202536] SLOW spr round 1 (radius: 5)
[00:06:18 -56162.200627] SLOW spr round 2 (radius: 10)
[00:06:26 -56162.200455] SLOW spr round 3 (radius: 15)
[00:06:32 -56162.200454] SLOW spr round 4 (radius: 20)
[00:06:37 -56162.200454] SLOW spr round 5 (radius: 25)
[00:06:40 -56162.200454] Model parameter optimization (eps = 0.100000)

[00:06:43] ML tree search #6, logLikelihood: -56159.250780

[00:06:43 -182321.287986] Initial branch length optimization
[00:06:43 -60749.435600] Model parameter optimization (eps = 10.000000)
[00:06:51 -56871.719814] AUTODETECT spr round 1 (radius: 5)
[00:06:52 -56628.981142] AUTODETECT spr round 2 (radius: 10)
[00:06:55 -56278.161955] AUTODETECT spr round 3 (radius: 15)
[00:06:57 -56233.729638] AUTODETECT spr round 4 (radius: 20)
[00:06:59 -56233.728741] SPR radius for FAST iterations: 15 (autodetect)
[00:06:59 -56233.728741] Model parameter optimization (eps = 3.000000)
[00:07:01 -56222.536389] FAST spr round 1 (radius: 15)
[00:07:07 -56163.478756] FAST spr round 2 (radius: 15)
[00:07:12 -56163.460617] Model parameter optimization (eps = 1.000000)
[00:07:13 -56162.577801] SLOW spr round 1 (radius: 5)
[00:07:20 -56162.573952] SLOW spr round 2 (radius: 10)
[00:07:28 -56162.573920] SLOW spr round 3 (radius: 15)
[00:07:34 -56162.573917] SLOW spr round 4 (radius: 20)
[00:07:38 -56162.573917] SLOW spr round 5 (radius: 25)
[00:07:40 -56162.573917] Model parameter optimization (eps = 0.100000)

[00:07:44] ML tree search #7, logLikelihood: -56159.258823

[00:07:44 -182328.879495] Initial branch length optimization
[00:07:44 -60743.425262] Model parameter optimization (eps = 10.000000)
[00:07:51 -56861.243357] AUTODETECT spr round 1 (radius: 5)
[00:07:53 -56537.423949] AUTODETECT spr round 2 (radius: 10)
[00:07:56 -56416.633042] AUTODETECT spr round 3 (radius: 15)
[00:07:58 -56297.735891] AUTODETECT spr round 4 (radius: 20)
[00:08:00 -56297.217630] AUTODETECT spr round 5 (radius: 25)
[00:08:02 -56297.217004] SPR radius for FAST iterations: 20 (autodetect)
[00:08:02 -56297.217004] Model parameter optimization (eps = 3.000000)
[00:08:04 -56284.484428] FAST spr round 1 (radius: 20)
[00:08:11 -56163.745547] FAST spr round 2 (radius: 20)
[00:08:16 -56163.732911] Model parameter optimization (eps = 1.000000)
[00:08:17 -56162.875038] SLOW spr round 1 (radius: 5)
[00:08:23 -56162.871458] SLOW spr round 2 (radius: 10)
[00:08:31 -56162.871456] SLOW spr round 3 (radius: 15)
[00:08:36 -56162.871455] SLOW spr round 4 (radius: 20)
[00:08:41 -56162.871455] SLOW spr round 5 (radius: 25)
[00:08:44 -56162.871455] Model parameter optimization (eps = 0.100000)

[00:08:58] ML tree search #8, logLikelihood: -56151.120246

[00:08:58 -179701.803558] Initial branch length optimization
[00:08:59 -59413.709821] Model parameter optimization (eps = 10.000000)
[00:09:03 -56167.606708] AUTODETECT spr round 1 (radius: 5)
[00:09:05 -56167.459988] AUTODETECT spr round 2 (radius: 10)
[00:09:08 -56167.458977] SPR radius for FAST iterations: 5 (autodetect)
[00:09:08 -56167.458977] Model parameter optimization (eps = 3.000000)
[00:09:10 -56159.868414] FAST spr round 1 (radius: 5)
[00:09:13 -56159.806841] Model parameter optimization (eps = 1.000000)
[00:09:17 -56154.294540] SLOW spr round 1 (radius: 5)
[00:09:23 -56154.217926] SLOW spr round 2 (radius: 10)
[00:09:30 -56154.216163] SLOW spr round 3 (radius: 15)
[00:09:36 -56154.216162] SLOW spr round 4 (radius: 20)
[00:09:40 -56154.216162] SLOW spr round 5 (radius: 25)
[00:09:43 -56154.216162] Model parameter optimization (eps = 0.100000)

[00:09:54] ML tree search #9, logLikelihood: -56149.641477

[00:09:54 -179701.472891] Initial branch length optimization
[00:09:54 -59415.309303] Model parameter optimization (eps = 10.000000)
[00:09:59 -56168.677516] AUTODETECT spr round 1 (radius: 5)
[00:10:01 -56168.538633] AUTODETECT spr round 2 (radius: 10)
[00:10:04 -56168.535138] SPR radius for FAST iterations: 5 (autodetect)
[00:10:04 -56168.535138] Model parameter optimization (eps = 3.000000)
[00:10:06 -56160.908174] FAST spr round 1 (radius: 5)
[00:10:09 -56160.844299] Model parameter optimization (eps = 1.000000)
[00:10:13 -56155.279010] SLOW spr round 1 (radius: 5)
[00:10:19 -56155.215236] SLOW spr round 2 (radius: 10)
[00:10:28 -56155.197310] SLOW spr round 3 (radius: 15)
[00:10:33 -56155.197309] SLOW spr round 4 (radius: 20)
[00:10:37 -56155.197309] SLOW spr round 5 (radius: 25)
[00:10:39 -56155.197309] Model parameter optimization (eps = 0.100000)

[00:10:49] ML tree search #10, logLikelihood: -56150.613433

[00:10:49 -179701.712753] Initial branch length optimization
[00:10:50 -59413.728715] Model parameter optimization (eps = 10.000000)
[00:10:55 -56167.592211] AUTODETECT spr round 1 (radius: 5)
[00:10:57 -56167.450437] AUTODETECT spr round 2 (radius: 10)
[00:10:59 -56167.449423] SPR radius for FAST iterations: 5 (autodetect)
[00:10:59 -56167.449423] Model parameter optimization (eps = 3.000000)
[00:11:01 -56159.870825] FAST spr round 1 (radius: 5)
[00:11:04 -56159.791009] Model parameter optimization (eps = 1.000000)
[00:11:09 -56154.279331] SLOW spr round 1 (radius: 5)
[00:11:14 -56154.216189] SLOW spr round 2 (radius: 10)
[00:11:22 -56154.214100] SLOW spr round 3 (radius: 15)
[00:11:27 -56154.214099] SLOW spr round 4 (radius: 20)
[00:11:31 -56154.214099] SLOW spr round 5 (radius: 25)
[00:11:34 -56154.214099] Model parameter optimization (eps = 0.100000)

[00:11:45] ML tree search #11, logLikelihood: -56149.641366

[00:11:45 -179703.569939] Initial branch length optimization
[00:11:45 -59416.710552] Model parameter optimization (eps = 10.000000)
[00:11:50 -56168.737753] AUTODETECT spr round 1 (radius: 5)
[00:11:53 -56167.165590] AUTODETECT spr round 2 (radius: 10)
[00:11:55 -56167.151241] SPR radius for FAST iterations: 5 (autodetect)
[00:11:55 -56167.151241] Model parameter optimization (eps = 3.000000)
[00:11:58 -56159.656402] FAST spr round 1 (radius: 5)
[00:12:01 -56159.592449] Model parameter optimization (eps = 1.000000)
[00:12:05 -56154.187420] SLOW spr round 1 (radius: 5)
[00:12:11 -56154.126841] SLOW spr round 2 (radius: 10)
[00:12:17 -56154.125445] SLOW spr round 3 (radius: 15)
[00:12:23 -56154.125445] SLOW spr round 4 (radius: 20)
[00:12:27 -56154.125445] SLOW spr round 5 (radius: 25)
[00:12:31 -56154.125445] Model parameter optimization (eps = 0.100000)

[00:12:42] ML tree search #12, logLikelihood: -56149.630205

[00:12:42 -179706.374616] Initial branch length optimization
[00:12:42 -59416.068202] Model parameter optimization (eps = 10.000000)
[00:12:48 -56167.612615] AUTODETECT spr round 1 (radius: 5)
[00:12:50 -56167.000157] AUTODETECT spr round 2 (radius: 10)
[00:12:52 -56166.999931] SPR radius for FAST iterations: 5 (autodetect)
[00:12:52 -56166.999931] Model parameter optimization (eps = 3.000000)
[00:12:55 -56159.588755] FAST spr round 1 (radius: 5)
[00:12:58 -56159.527812] Model parameter optimization (eps = 1.000000)
[00:13:02 -56154.176941] SLOW spr round 1 (radius: 5)
[00:13:08 -56154.113941] SLOW spr round 2 (radius: 10)
[00:13:15 -56154.110561] SLOW spr round 3 (radius: 15)
[00:13:20 -56154.110561] SLOW spr round 4 (radius: 20)
[00:13:25 -56154.110561] SLOW spr round 5 (radius: 25)
[00:13:27 -56154.110561] Model parameter optimization (eps = 0.100000)

[00:13:39] ML tree search #13, logLikelihood: -56149.656855

[00:13:39 -179706.890688] Initial branch length optimization
[00:13:39 -59421.993015] Model parameter optimization (eps = 10.000000)
[00:13:44 -56175.126994] AUTODETECT spr round 1 (radius: 5)
[00:13:46 -56174.975913] AUTODETECT spr round 2 (radius: 10)
[00:13:49 -56174.974200] SPR radius for FAST iterations: 5 (autodetect)
[00:13:49 -56174.974200] Model parameter optimization (eps = 3.000000)
[00:13:51 -56167.262998] FAST spr round 1 (radius: 5)
[00:13:55 -56167.201435] Model parameter optimization (eps = 1.000000)
[00:13:59 -56161.591333] SLOW spr round 1 (radius: 5)
[00:14:06 -56161.531633] SLOW spr round 2 (radius: 10)
[00:14:13 -56154.113120] SLOW spr round 3 (radius: 5)
[00:14:18 -56154.107356] SLOW spr round 4 (radius: 10)
[00:14:25 -56154.107356] SLOW spr round 5 (radius: 15)
[00:14:31 -56154.107356] SLOW spr round 6 (radius: 20)
[00:14:36 -56154.107356] SLOW spr round 7 (radius: 25)
[00:14:39 -56154.107356] Model parameter optimization (eps = 0.100000)

[00:14:50] ML tree search #14, logLikelihood: -56149.655198

[00:14:50 -179701.756124] Initial branch length optimization
[00:14:50 -59413.904019] Model parameter optimization (eps = 10.000000)
[00:14:55 -56167.556773] AUTODETECT spr round 1 (radius: 5)
[00:14:56 -56167.414274] AUTODETECT spr round 2 (radius: 10)
[00:14:59 -56167.412838] SPR radius for FAST iterations: 5 (autodetect)
[00:14:59 -56167.412838] Model parameter optimization (eps = 3.000000)
[00:15:01 -56159.812798] FAST spr round 1 (radius: 5)
[00:15:04 -56159.748775] Model parameter optimization (eps = 1.000000)
[00:15:08 -56154.249712] SLOW spr round 1 (radius: 5)
[00:15:14 -56154.173437] SLOW spr round 2 (radius: 10)
[00:15:22 -56154.171940] SLOW spr round 3 (radius: 15)
[00:15:27 -56154.171933] SLOW spr round 4 (radius: 20)
[00:15:30 -56154.171932] SLOW spr round 5 (radius: 25)
[00:15:33 -56154.171932] Model parameter optimization (eps = 0.100000)

[00:15:44] ML tree search #15, logLikelihood: -56149.631783

[00:15:44 -179703.572063] Initial branch length optimization
[00:15:44 -59416.517214] Model parameter optimization (eps = 10.000000)
[00:15:49 -56168.797224] AUTODETECT spr round 1 (radius: 5)
[00:15:51 -56167.216893] AUTODETECT spr round 2 (radius: 10)
[00:15:53 -56167.216739] SPR radius for FAST iterations: 5 (autodetect)
[00:15:53 -56167.216739] Model parameter optimization (eps = 3.000000)
[00:15:56 -56159.735333] FAST spr round 1 (radius: 5)
[00:15:59 -56159.676296] Model parameter optimization (eps = 1.000000)
[00:16:03 -56154.252220] SLOW spr round 1 (radius: 5)
[00:16:09 -56154.188970] SLOW spr round 2 (radius: 10)
[00:16:16 -56154.185991] SLOW spr round 3 (radius: 15)
[00:16:22 -56154.185989] SLOW spr round 4 (radius: 20)
[00:16:26 -56154.185989] SLOW spr round 5 (radius: 25)
[00:16:30 -56154.185989] Model parameter optimization (eps = 0.100000)

[00:16:41] ML tree search #16, logLikelihood: -56149.675778



Final LogLikelihood: -56149.630205

AIC score: 112839.260409 / AICc score: 112844.328110 / BIC score: 115074.898636
Free parameters (model + branch lengths): 270

Best ML tree saved to: /home/hikoyu/analysis/Genome/SARS-CoV-2/phylogeny/RAxML-NG/DNA/part/sep/SARS-CoV-2_200320.7.raxml.bestTree
All ML trees saved to: /home/hikoyu/analysis/Genome/SARS-CoV-2/phylogeny/RAxML-NG/DNA/part/sep/SARS-CoV-2_200320.7.raxml.mlTrees
Optimized model saved to: /home/hikoyu/analysis/Genome/SARS-CoV-2/phylogeny/RAxML-NG/DNA/part/sep/SARS-CoV-2_200320.7.raxml.bestModel

Execution log saved to: /home/hikoyu/analysis/Genome/SARS-CoV-2/phylogeny/RAxML-NG/DNA/part/sep/SARS-CoV-2_200320.7.raxml.log

Analysis started: 22-Mar-2020 03:40:53 / finished: 22-Mar-2020 03:57:34

Elapsed time: 1001.479 seconds

