
RAxML-NG v. 0.9.0 released on 20.05.2019 by The Exelixis Lab.
Developed by: Alexey M. Kozlov and Alexandros Stamatakis.
Contributors: Diego Darriba, Tomas Flouri, Benoit Morel, Sarah Lutteropp, Ben Bettisworth.
Latest version: https://github.com/amkozlov/raxml-ng
Questions/problems/suggestions? Please visit: https://groups.google.com/forum/#!forum/raxml

RAxML-NG was called at 30-Mar-2020 09:54:25 as follows:

raxml-ng --threads 1 --search --tree rand{9},pars{9} --seed 349021889 --prefix phylogeny/RAxML-NG/DNA/part/sep/SARS-CoV-2_200328.3 --msa phylogeny/RAxML-NG/DNA/part/sep/SARS-CoV-2_200328.raxml.rba --outgroup MG772933.1

Analysis options:
  run mode: ML tree search
  start tree(s): random (9) + parsimony (9)
  random seed: 349021889
  tip-inner: OFF
  pattern compression: ON
  per-rate scalers: OFF
  site repeats: ON
  fast spr radius: AUTO
  spr subtree cutoff: 1.000000
  branch lengths: proportional (ML estimate, algorithm: NR-FAST)
  SIMD kernels: AVX2
  parallelization: NONE/sequential

[00:00:00] Loading binary alignment from file: phylogeny/RAxML-NG/DNA/part/sep/SARS-CoV-2_200328.raxml.rba
[00:00:00] Alignment comprises 80 taxa, 33 partitions and 791 patterns

Partition 0: orf1ab_U_p1
Model: TN93+FO+I+B
Alignment sites / patterns: 4405 / 63
Gaps: 0.10 %
Invariant sites: 95.07 %

Partition 1: orf1ab_U_p2
Model: HKY+FO+I+B
Alignment sites / patterns: 4405 / 69
Gaps: 0.10 %
Invariant sites: 96.71 %

Partition 2: orf1ab_U_p3
Model: TN93+FO+G4m+B
Alignment sites / patterns: 4405 / 91
Gaps: 0.10 %
Invariant sites: 73.83 %

Partition 3: orf1ab_D_p1
Model: TN93+FO+I+B
Alignment sites / patterns: 2697 / 36
Gaps: 0.04 %
Invariant sites: 93.29 %

Partition 4: orf1ab_D_p2
Model: HKY+FO+I+G4m+B
Alignment sites / patterns: 2697 / 33
Gaps: 0.04 %
Invariant sites: 98.07 %

Partition 5: orf1ab_D_p3
Model: TPM3uf+FO+G4m+B
Alignment sites / patterns: 2697 / 59
Gaps: 0.04 %
Invariant sites: 62.51 %

Partition 6: S_p1
Model: TN93+FO+G4m+B
Alignment sites / patterns: 1274 / 43
Gaps: 0.04 %
Invariant sites: 83.12 %

Partition 7: S_p2
Model: F81+FO+B
Alignment sites / patterns: 1274 / 39
Gaps: 0.04 %
Invariant sites: 90.19 %

Partition 8: S_p3
Model: HKY+FO+I+B
Alignment sites / patterns: 1274 / 70
Gaps: 0.04 %
Invariant sites: 50.24 %

Partition 9: ORF3a_p1
Model: JC+G4m+B
Alignment sites / patterns: 276 / 20
Gaps: 0.00 %
Invariant sites: 90.58 %

Partition 10: ORF3a_p2
Model: JC+I+G4m+B
Alignment sites / patterns: 276 / 15
Gaps: 0.00 %
Invariant sites: 95.29 %

Partition 11: ORF3a_p3
Model: HKY+FO+I+B
Alignment sites / patterns: 276 / 22
Gaps: 0.00 %
Invariant sites: 70.65 %

Partition 12: E_p1
Model: JC+B
Alignment sites / patterns: 76 / 5
Gaps: 0.00 %
Invariant sites: 98.68 %

Partition 13: E_p2
Model: JC+B
Alignment sites / patterns: 76 / 5
Gaps: 0.00 %
Invariant sites: 98.68 %

Partition 14: E_p3
Model: JC+B
Alignment sites / patterns: 76 / 6
Gaps: 0.00 %
Invariant sites: 97.37 %

Partition 15: M_p1
Model: TN93ef+B
Alignment sites / patterns: 223 / 9
Gaps: 0.01 %
Invariant sites: 95.52 %

Partition 16: M_p2
Model: JC+I+B
Alignment sites / patterns: 223 / 7
Gaps: 0.01 %
Invariant sites: 99.10 %

Partition 17: M_p3
Model: K80+I+B
Alignment sites / patterns: 223 / 28
Gaps: 0.01 %
Invariant sites: 78.03 %

Partition 18: ORF6_p1
Model: JC+B
Alignment sites / patterns: 62 / 6
Gaps: 0.00 %
Invariant sites: 95.16 %

Partition 19: ORF6_p2
Model: JC+B
Alignment sites / patterns: 62 / 6
Gaps: 0.00 %
Invariant sites: 96.77 %

Partition 20: ORF6_p3
Model: JC+B
Alignment sites / patterns: 62 / 9
Gaps: 0.00 %
Invariant sites: 88.71 %

Partition 21: ORF7a_p1
Model: K80+B
Alignment sites / patterns: 122 / 11
Gaps: 0.00 %
Invariant sites: 90.98 %

Partition 22: ORF7a_p2
Model: K80+B
Alignment sites / patterns: 122 / 10
Gaps: 0.00 %
Invariant sites: 92.62 %

Partition 23: ORF7a_p3
Model: HKY+FO+I+B
Alignment sites / patterns: 122 / 16
Gaps: 0.00 %
Invariant sites: 78.69 %

Partition 24: ORF8_p1
Model: JC+I+B
Alignment sites / patterns: 122 / 12
Gaps: 0.00 %
Invariant sites: 93.44 %

Partition 25: ORF8_p2
Model: K80+I+G4m+B
Alignment sites / patterns: 122 / 9
Gaps: 0.00 %
Invariant sites: 95.90 %

Partition 26: ORF8_p3
Model: HKY+FO+B
Alignment sites / patterns: 122 / 16
Gaps: 0.00 %
Invariant sites: 69.67 %

Partition 27: N_p1
Model: K80+I+B
Alignment sites / patterns: 420 / 15
Gaps: 0.00 %
Invariant sites: 95.24 %

Partition 28: N_p2
Model: JC+B
Alignment sites / patterns: 420 / 16
Gaps: 0.00 %
Invariant sites: 95.95 %

Partition 29: N_p3
Model: HKY+FO+G4m+B
Alignment sites / patterns: 420 / 30
Gaps: 0.00 %
Invariant sites: 76.67 %

Partition 30: ORF10_p1
Model: JC+B
Alignment sites / patterns: 39 / 6
Gaps: 0.00 %
Invariant sites: 94.87 %

Partition 31: ORF10_p2
Model: JC+B
Alignment sites / patterns: 39 / 4
Gaps: 0.00 %
Invariant sites: 100.00 %

Partition 32: ORF10_p3
Model: JC+B
Alignment sites / patterns: 39 / 5
Gaps: 0.00 %
Invariant sites: 97.44 %


[00:00:00] Generating 9 random starting tree(s) with 80 taxa
[00:00:00] Generating 9 parsimony starting tree(s) with 80 taxa
[00:00:00] Data distribution: max. partitions/sites/weight per thread: 33 / 791 / 6764

Starting ML tree search with 18 distinct starting trees

[00:00:00 -183846.446451] Initial branch length optimization
[00:00:00 -61045.044341] Model parameter optimization (eps = 10.000000)
[00:00:05 -57082.870277] AUTODETECT spr round 1 (radius: 5)
[00:00:07 -56739.892761] AUTODETECT spr round 2 (radius: 10)
[00:00:09 -56490.181459] AUTODETECT spr round 3 (radius: 15)
[00:00:11 -56489.885886] AUTODETECT spr round 4 (radius: 20)
[00:00:13 -56489.875382] SPR radius for FAST iterations: 15 (autodetect)
[00:00:13 -56489.875382] Model parameter optimization (eps = 3.000000)
[00:00:15 -56476.092159] FAST spr round 1 (radius: 15)
[00:00:21 -56370.187031] FAST spr round 2 (radius: 15)
[00:00:25 -56370.177441] Model parameter optimization (eps = 1.000000)
[00:00:30 -56354.831351] SLOW spr round 1 (radius: 5)
[00:00:36 -56354.821246] SLOW spr round 2 (radius: 10)
[00:00:44 -56354.820806] SLOW spr round 3 (radius: 15)
[00:00:48 -56354.820804] SLOW spr round 4 (radius: 20)
[00:00:54 -56354.820804] SLOW spr round 5 (radius: 25)
[00:00:59 -56354.820804] Model parameter optimization (eps = 0.100000)

[00:01:01] ML tree search #1, logLikelihood: -56353.853641

[00:01:01 -183860.209960] Initial branch length optimization
[00:01:02 -61092.130382] Model parameter optimization (eps = 10.000000)
[00:01:07 -57106.415804] AUTODETECT spr round 1 (radius: 5)
[00:01:09 -56766.276809] AUTODETECT spr round 2 (radius: 10)
[00:01:11 -56583.195626] AUTODETECT spr round 3 (radius: 15)
[00:01:14 -56465.388161] AUTODETECT spr round 4 (radius: 20)
[00:01:16 -56455.545894] AUTODETECT spr round 5 (radius: 25)
[00:01:18 -56455.545892] SPR radius for FAST iterations: 20 (autodetect)
[00:01:18 -56455.545892] Model parameter optimization (eps = 3.000000)
[00:01:20 -56433.538227] FAST spr round 1 (radius: 20)
[00:01:27 -56369.350110] FAST spr round 2 (radius: 20)
[00:01:33 -56366.067652] FAST spr round 3 (radius: 20)
[00:01:37 -56366.066140] Model parameter optimization (eps = 1.000000)
[00:01:42 -56351.070649] SLOW spr round 1 (radius: 5)
[00:01:48 -56351.068404] SLOW spr round 2 (radius: 10)
[00:01:56 -56351.068341] SLOW spr round 3 (radius: 15)
[00:02:02 -56351.068337] SLOW spr round 4 (radius: 20)
[00:02:08 -56351.068337] SLOW spr round 5 (radius: 25)
[00:02:10 -56351.068337] Model parameter optimization (eps = 0.100000)

[00:02:13] ML tree search #2, logLikelihood: -56349.567667

[00:02:14 -183868.447498] Initial branch length optimization
[00:02:14 -61090.523608] Model parameter optimization (eps = 10.000000)
[00:02:20 -57108.783333] AUTODETECT spr round 1 (radius: 5)
[00:02:22 -56854.140198] AUTODETECT spr round 2 (radius: 10)
[00:02:24 -56681.751068] AUTODETECT spr round 3 (radius: 15)
[00:02:26 -56583.536052] AUTODETECT spr round 4 (radius: 20)
[00:02:28 -56583.479193] SPR radius for FAST iterations: 15 (autodetect)
[00:02:28 -56583.479193] Model parameter optimization (eps = 3.000000)
[00:02:30 -56571.325243] FAST spr round 1 (radius: 15)
[00:02:36 -56439.004066] FAST spr round 2 (radius: 15)
[00:02:43 -56372.440235] FAST spr round 3 (radius: 15)
[00:02:48 -56372.430240] Model parameter optimization (eps = 1.000000)
[00:02:54 -56353.049014] SLOW spr round 1 (radius: 5)
[00:03:00 -56353.039150] SLOW spr round 2 (radius: 10)
[00:03:08 -56353.039084] SLOW spr round 3 (radius: 15)
[00:03:13 -56353.039080] SLOW spr round 4 (radius: 20)
[00:03:19 -56353.039080] SLOW spr round 5 (radius: 25)
[00:03:23 -56353.039080] Model parameter optimization (eps = 0.100000)

[00:03:27] ML tree search #3, logLikelihood: -56352.020048

[00:03:27 -183845.920867] Initial branch length optimization
[00:03:27 -61040.016769] Model parameter optimization (eps = 10.000000)
[00:03:33 -57079.136759] AUTODETECT spr round 1 (radius: 5)
[00:03:35 -56779.948209] AUTODETECT spr round 2 (radius: 10)
[00:03:37 -56559.832919] AUTODETECT spr round 3 (radius: 15)
[00:03:40 -56541.388928] AUTODETECT spr round 4 (radius: 20)
[00:03:42 -56448.617507] AUTODETECT spr round 5 (radius: 25)
[00:03:43 -56448.587247] SPR radius for FAST iterations: 20 (autodetect)
[00:03:43 -56448.587247] Model parameter optimization (eps = 3.000000)
[00:03:46 -56430.838640] FAST spr round 1 (radius: 20)
[00:03:53 -56364.522057] FAST spr round 2 (radius: 20)
[00:03:58 -56364.506361] Model parameter optimization (eps = 1.000000)
[00:04:02 -56352.890945] SLOW spr round 1 (radius: 5)
[00:04:09 -56352.881127] SLOW spr round 2 (radius: 10)
[00:04:18 -56352.881070] SLOW spr round 3 (radius: 15)
[00:04:26 -56352.880653] SLOW spr round 4 (radius: 20)
[00:04:31 -56352.880653] SLOW spr round 5 (radius: 25)
[00:04:35 -56352.880653] Model parameter optimization (eps = 0.100000)

[00:04:38] ML tree search #4, logLikelihood: -56351.903194

[00:04:38 -183846.334676] Initial branch length optimization
[00:04:39 -61064.397284] Model parameter optimization (eps = 10.000000)
[00:04:45 -57102.067257] AUTODETECT spr round 1 (radius: 5)
[00:04:47 -56823.907947] AUTODETECT spr round 2 (radius: 10)
[00:04:49 -56602.409649] AUTODETECT spr round 3 (radius: 15)
[00:04:52 -56546.915082] AUTODETECT spr round 4 (radius: 20)
[00:04:54 -56546.912446] SPR radius for FAST iterations: 15 (autodetect)
[00:04:54 -56546.912446] Model parameter optimization (eps = 3.000000)
[00:04:56 -56535.490503] FAST spr round 1 (radius: 15)
[00:05:02 -56369.885560] FAST spr round 2 (radius: 15)
[00:05:07 -56369.820522] Model parameter optimization (eps = 1.000000)
[00:05:13 -56353.477069] SLOW spr round 1 (radius: 5)
[00:05:19 -56353.055594] SLOW spr round 2 (radius: 5)
[00:05:25 -56353.053626] SLOW spr round 3 (radius: 10)
[00:05:32 -56353.053609] SLOW spr round 4 (radius: 15)
[00:05:39 -56353.053608] SLOW spr round 5 (radius: 20)
[00:05:45 -56353.053608] SLOW spr round 6 (radius: 25)
[00:05:49 -56353.053608] Model parameter optimization (eps = 0.100000)

[00:05:53] ML tree search #5, logLikelihood: -56351.903533

[00:05:53 -183862.259037] Initial branch length optimization
[00:05:53 -61085.519647] Model parameter optimization (eps = 10.000000)
[00:05:59 -57106.221476] AUTODETECT spr round 1 (radius: 5)
[00:06:01 -56879.366705] AUTODETECT spr round 2 (radius: 10)
[00:06:04 -56701.645784] AUTODETECT spr round 3 (radius: 15)
[00:06:07 -56508.593966] AUTODETECT spr round 4 (radius: 20)
[00:06:09 -56508.593910] SPR radius for FAST iterations: 15 (autodetect)
[00:06:09 -56508.593910] Model parameter optimization (eps = 3.000000)
[00:06:12 -56498.223426] FAST spr round 1 (radius: 15)
[00:06:18 -56374.603448] FAST spr round 2 (radius: 15)
[00:06:24 -56374.579823] Model parameter optimization (eps = 1.000000)
[00:06:29 -56353.356718] SLOW spr round 1 (radius: 5)
[00:06:36 -56353.347066] SLOW spr round 2 (radius: 10)
[00:06:45 -56353.347011] SLOW spr round 3 (radius: 15)
[00:06:50 -56353.347008] SLOW spr round 4 (radius: 20)
[00:06:55 -56353.347008] SLOW spr round 5 (radius: 25)
[00:07:00 -56353.347008] Model parameter optimization (eps = 0.100000)

[00:07:05] ML tree search #6, logLikelihood: -56351.930691

[00:07:05 -183843.678052] Initial branch length optimization
[00:07:05 -61030.797652] Model parameter optimization (eps = 10.000000)
[00:07:13 -57082.467178] AUTODETECT spr round 1 (radius: 5)
[00:07:15 -56755.777156] AUTODETECT spr round 2 (radius: 10)
[00:07:18 -56569.282845] AUTODETECT spr round 3 (radius: 15)
[00:07:21 -56434.035746] AUTODETECT spr round 4 (radius: 20)
[00:07:23 -56434.006072] SPR radius for FAST iterations: 15 (autodetect)
[00:07:23 -56434.006072] Model parameter optimization (eps = 3.000000)
[00:07:25 -56422.011488] FAST spr round 1 (radius: 15)
[00:07:32 -56368.108544] FAST spr round 2 (radius: 15)
[00:07:37 -56368.074288] Model parameter optimization (eps = 1.000000)
[00:07:43 -56353.390655] SLOW spr round 1 (radius: 5)
[00:07:50 -56353.380597] SLOW spr round 2 (radius: 10)
[00:07:57 -56352.968681] SLOW spr round 3 (radius: 5)
[00:08:04 -56352.966643] SLOW spr round 4 (radius: 10)
[00:08:11 -56352.966633] SLOW spr round 5 (radius: 15)
[00:08:18 -56352.966632] SLOW spr round 6 (radius: 20)
[00:08:23 -56352.966632] SLOW spr round 7 (radius: 25)
[00:08:27 -56352.966632] Model parameter optimization (eps = 0.100000)

[00:08:30] ML tree search #7, logLikelihood: -56351.941343

[00:08:30 -183857.105580] Initial branch length optimization
[00:08:30 -61065.778530] Model parameter optimization (eps = 10.000000)
[00:08:36 -57095.489762] AUTODETECT spr round 1 (radius: 5)
[00:08:38 -56840.200366] AUTODETECT spr round 2 (radius: 10)
[00:08:41 -56511.517326] AUTODETECT spr round 3 (radius: 15)
[00:08:45 -56487.143409] AUTODETECT spr round 4 (radius: 20)
[00:08:47 -56487.112759] SPR radius for FAST iterations: 15 (autodetect)
[00:08:47 -56487.112759] Model parameter optimization (eps = 3.000000)
[00:08:49 -56477.521598] FAST spr round 1 (radius: 15)
[00:08:56 -56387.233889] FAST spr round 2 (radius: 15)
[00:09:02 -56374.921451] FAST spr round 3 (radius: 15)
[00:09:06 -56374.916593] Model parameter optimization (eps = 1.000000)
[00:09:13 -56354.221155] SLOW spr round 1 (radius: 5)
[00:09:19 -56354.211080] SLOW spr round 2 (radius: 10)
[00:09:27 -56353.813029] SLOW spr round 3 (radius: 5)
[00:09:33 -56353.811263] SLOW spr round 4 (radius: 10)
[00:09:41 -56353.811255] SLOW spr round 5 (radius: 15)
[00:09:46 -56353.811254] SLOW spr round 6 (radius: 20)
[00:09:51 -56353.811254] SLOW spr round 7 (radius: 25)
[00:09:56 -56353.811254] Model parameter optimization (eps = 0.100000)

[00:10:01] ML tree search #8, logLikelihood: -56351.957390

[00:10:01 -183847.030518] Initial branch length optimization
[00:10:02 -61043.169960] Model parameter optimization (eps = 10.000000)
[00:10:08 -57076.331593] AUTODETECT spr round 1 (radius: 5)
[00:10:10 -56813.768096] AUTODETECT spr round 2 (radius: 10)
[00:10:13 -56636.010153] AUTODETECT spr round 3 (radius: 15)
[00:10:16 -56563.973368] AUTODETECT spr round 4 (radius: 20)
[00:10:18 -56563.973364] SPR radius for FAST iterations: 15 (autodetect)
[00:10:18 -56563.973364] Model parameter optimization (eps = 3.000000)
[00:10:19 -56553.430652] FAST spr round 1 (radius: 15)
[00:10:26 -56441.043132] FAST spr round 2 (radius: 15)
[00:10:31 -56441.025964] Model parameter optimization (eps = 1.000000)
[00:10:35 -56431.011088] SLOW spr round 1 (radius: 5)
[00:10:42 -56431.008793] SLOW spr round 2 (radius: 10)
[00:10:48 -56431.008793] SLOW spr round 3 (radius: 15)
[00:10:53 -56431.008793] SLOW spr round 4 (radius: 20)
[00:10:57 -56431.008793] SLOW spr round 5 (radius: 25)
[00:11:01 -56431.008793] Model parameter optimization (eps = 0.100000)

[00:11:03] ML tree search #9, logLikelihood: -56430.700350

[00:11:03 -181192.696654] Initial branch length optimization
[00:11:03 -59722.055315] Model parameter optimization (eps = 10.000000)
[00:11:08 -56368.445374] AUTODETECT spr round 1 (radius: 5)
[00:11:10 -56366.461905] AUTODETECT spr round 2 (radius: 10)
[00:11:12 -56366.459603] SPR radius for FAST iterations: 5 (autodetect)
[00:11:12 -56366.459603] Model parameter optimization (eps = 3.000000)
[00:11:15 -56356.090756] FAST spr round 1 (radius: 5)
[00:11:18 -56356.031620] Model parameter optimization (eps = 1.000000)
[00:11:19 -56353.989446] SLOW spr round 1 (radius: 5)
[00:11:26 -56353.777023] SLOW spr round 2 (radius: 5)
[00:11:33 -56353.749896] SLOW spr round 3 (radius: 10)
[00:11:41 -56353.748056] SLOW spr round 4 (radius: 15)
[00:11:46 -56353.452184] SLOW spr round 5 (radius: 5)
[00:11:53 -56353.450791] SLOW spr round 6 (radius: 10)
[00:12:01 -56353.450788] SLOW spr round 7 (radius: 15)
[00:12:06 -56353.450788] SLOW spr round 8 (radius: 20)
[00:12:11 -56353.450788] SLOW spr round 9 (radius: 25)
[00:12:14 -56353.450788] Model parameter optimization (eps = 0.100000)

[00:12:18] ML tree search #10, logLikelihood: -56350.656116

[00:12:19 -181189.135537] Initial branch length optimization
[00:12:19 -59718.325475] Model parameter optimization (eps = 10.000000)
[00:12:23 -56366.976382] AUTODETECT spr round 1 (radius: 5)
[00:12:25 -56365.566601] AUTODETECT spr round 2 (radius: 10)
[00:12:28 -56365.565281] SPR radius for FAST iterations: 5 (autodetect)
[00:12:28 -56365.565281] Model parameter optimization (eps = 3.000000)
[00:12:30 -56354.960662] FAST spr round 1 (radius: 5)
[00:12:33 -56354.877629] Model parameter optimization (eps = 1.000000)
[00:12:35 -56352.797578] SLOW spr round 1 (radius: 5)
[00:12:41 -56352.765413] SLOW spr round 2 (radius: 10)
[00:12:47 -56352.632272] SLOW spr round 3 (radius: 5)
[00:12:53 -56352.612829] SLOW spr round 4 (radius: 10)
[00:13:00 -56352.610974] SLOW spr round 5 (radius: 15)
[00:13:05 -56352.610967] SLOW spr round 6 (radius: 20)
[00:13:11 -56352.610967] SLOW spr round 7 (radius: 25)
[00:13:15 -56352.610967] Model parameter optimization (eps = 0.100000)

[00:13:20] ML tree search #11, logLikelihood: -56350.657174

[00:13:20 -181193.428719] Initial branch length optimization
[00:13:21 -59722.061448] Model parameter optimization (eps = 10.000000)
[00:13:26 -56368.442159] AUTODETECT spr round 1 (radius: 5)
[00:13:27 -56367.767310] AUTODETECT spr round 2 (radius: 10)
[00:13:30 -56366.241390] AUTODETECT spr round 3 (radius: 15)
[00:13:33 -56366.241341] SPR radius for FAST iterations: 10 (autodetect)
[00:13:33 -56366.241341] Model parameter optimization (eps = 3.000000)
[00:13:36 -56354.913927] FAST spr round 1 (radius: 10)
[00:13:40 -56354.833839] Model parameter optimization (eps = 1.000000)
[00:13:41 -56352.776546] SLOW spr round 1 (radius: 5)
[00:13:48 -56352.754270] SLOW spr round 2 (radius: 10)
[00:13:55 -56352.751530] SLOW spr round 3 (radius: 15)
[00:14:01 -56352.749804] SLOW spr round 4 (radius: 20)
[00:14:07 -56352.749797] SLOW spr round 5 (radius: 25)
[00:14:11 -56352.749797] Model parameter optimization (eps = 0.100000)

[00:14:16] ML tree search #12, logLikelihood: -56351.073686

[00:14:16 -181194.004885] Initial branch length optimization
[00:14:17 -59724.936989] Model parameter optimization (eps = 10.000000)
[00:14:21 -56368.957170] AUTODETECT spr round 1 (radius: 5)
[00:14:23 -56365.030321] AUTODETECT spr round 2 (radius: 10)
[00:14:25 -56364.868459] AUTODETECT spr round 3 (radius: 15)
[00:14:28 -56364.868412] SPR radius for FAST iterations: 10 (autodetect)
[00:14:28 -56364.868412] Model parameter optimization (eps = 3.000000)
[00:14:31 -56354.667330] FAST spr round 1 (radius: 10)
[00:14:36 -56354.562606] FAST spr round 2 (radius: 10)
[00:14:39 -56354.533389] Model parameter optimization (eps = 1.000000)
[00:14:41 -56352.394856] SLOW spr round 1 (radius: 5)
[00:14:47 -56352.375555] SLOW spr round 2 (radius: 10)
[00:14:54 -56352.374040] SLOW spr round 3 (radius: 15)
[00:15:01 -56352.373805] SLOW spr round 4 (radius: 20)
[00:15:05 -56352.372415] SLOW spr round 5 (radius: 25)
[00:15:08 -56352.372409] Model parameter optimization (eps = 0.100000)

[00:15:13] ML tree search #13, logLikelihood: -56350.664743

[00:15:13 -181189.195175] Initial branch length optimization
[00:15:14 -59723.079644] Model parameter optimization (eps = 10.000000)
[00:15:19 -56369.160037] AUTODETECT spr round 1 (radius: 5)
[00:15:21 -56365.487707] AUTODETECT spr round 2 (radius: 10)
[00:15:23 -56365.486945] SPR radius for FAST iterations: 5 (autodetect)
[00:15:23 -56365.486945] Model parameter optimization (eps = 3.000000)
[00:15:26 -56354.971321] FAST spr round 1 (radius: 5)
[00:15:29 -56354.904085] Model parameter optimization (eps = 1.000000)
[00:15:30 -56352.824520] SLOW spr round 1 (radius: 5)
[00:15:37 -56352.786987] SLOW spr round 2 (radius: 10)
[00:15:45 -56352.782431] SLOW spr round 3 (radius: 15)
[00:15:50 -56352.644339] SLOW spr round 4 (radius: 5)
[00:15:56 -56352.620274] SLOW spr round 5 (radius: 10)
[00:16:03 -56352.618513] SLOW spr round 6 (radius: 15)
[00:16:09 -56352.618512] SLOW spr round 7 (radius: 20)
[00:16:13 -56352.618512] SLOW spr round 8 (radius: 25)
[00:16:17 -56352.618512] Model parameter optimization (eps = 0.100000)

[00:16:22] ML tree search #14, logLikelihood: -56350.678951

[00:16:22 -181188.517456] Initial branch length optimization
[00:16:22 -59719.708326] Model parameter optimization (eps = 10.000000)
[00:16:27 -56368.256656] AUTODETECT spr round 1 (radius: 5)
[00:16:29 -56366.650982] AUTODETECT spr round 2 (radius: 10)
[00:16:31 -56366.633553] SPR radius for FAST iterations: 5 (autodetect)
[00:16:31 -56366.633553] Model parameter optimization (eps = 3.000000)
[00:16:34 -56355.039319] FAST spr round 1 (radius: 5)
[00:16:37 -56354.976138] Model parameter optimization (eps = 1.000000)
[00:16:38 -56352.850050] SLOW spr round 1 (radius: 5)
[00:16:45 -56352.817958] SLOW spr round 2 (radius: 10)
[00:16:53 -56352.814244] SLOW spr round 3 (radius: 15)
[00:16:59 -56352.682297] SLOW spr round 4 (radius: 5)
[00:17:06 -56352.665209] SLOW spr round 5 (radius: 10)
[00:17:14 -56352.663406] SLOW spr round 6 (radius: 15)
[00:17:20 -56352.663405] SLOW spr round 7 (radius: 20)
[00:17:24 -56352.663405] SLOW spr round 8 (radius: 25)
[00:17:27 -56352.663405] Model parameter optimization (eps = 0.100000)

[00:17:32] ML tree search #15, logLikelihood: -56350.665601

[00:17:32 -181188.379330] Initial branch length optimization
[00:17:33 -59718.133779] Model parameter optimization (eps = 10.000000)
[00:17:37 -56366.986464] AUTODETECT spr round 1 (radius: 5)
[00:17:39 -56365.576590] AUTODETECT spr round 2 (radius: 10)
[00:17:42 -56365.572840] SPR radius for FAST iterations: 5 (autodetect)
[00:17:42 -56365.572840] Model parameter optimization (eps = 3.000000)
[00:17:44 -56354.986046] FAST spr round 1 (radius: 5)
[00:17:47 -56354.919583] Model parameter optimization (eps = 1.000000)
[00:17:49 -56352.831005] SLOW spr round 1 (radius: 5)
[00:17:55 -56352.805628] SLOW spr round 2 (radius: 10)
[00:18:03 -56352.670741] SLOW spr round 3 (radius: 5)
[00:18:09 -56352.652174] SLOW spr round 4 (radius: 10)
[00:18:16 -56352.650312] SLOW spr round 5 (radius: 15)
[00:18:23 -56352.650311] SLOW spr round 6 (radius: 20)
[00:18:27 -56352.650310] SLOW spr round 7 (radius: 25)
[00:18:31 -56352.650310] Model parameter optimization (eps = 0.100000)

[00:18:36] ML tree search #16, logLikelihood: -56350.694209

[00:18:37 -181188.413562] Initial branch length optimization
[00:18:37 -59718.138948] Model parameter optimization (eps = 10.000000)
[00:18:41 -56366.981105] AUTODETECT spr round 1 (radius: 5)
[00:18:43 -56366.881701] SPR radius for FAST iterations: 5 (autodetect)
[00:18:43 -56366.881701] Model parameter optimization (eps = 3.000000)
[00:18:45 -56356.587543] FAST spr round 1 (radius: 5)
[00:18:49 -56354.993623] FAST spr round 2 (radius: 5)
[00:18:51 -56354.989973] Model parameter optimization (eps = 1.000000)
[00:18:53 -56352.850444] SLOW spr round 1 (radius: 5)
[00:18:58 -56352.827805] SLOW spr round 2 (radius: 10)
[00:19:07 -56352.823369] SLOW spr round 3 (radius: 15)
[00:19:13 -56352.690966] SLOW spr round 4 (radius: 5)
[00:19:20 -56352.688274] SLOW spr round 5 (radius: 10)
[00:19:28 -56352.673852] SLOW spr round 6 (radius: 15)
[00:19:35 -56352.671992] SLOW spr round 7 (radius: 20)
[00:19:42 -56352.671991] SLOW spr round 8 (radius: 25)
[00:19:46 -56352.671991] Model parameter optimization (eps = 0.100000)

[00:19:51] ML tree search #17, logLikelihood: -56350.666791

[00:19:51 -181187.809286] Initial branch length optimization
[00:19:51 -59717.818660] Model parameter optimization (eps = 10.000000)
[00:19:55 -56366.919706] AUTODETECT spr round 1 (radius: 5)
[00:19:57 -56365.504467] AUTODETECT spr round 2 (radius: 10)
[00:19:59 -56365.503524] SPR radius for FAST iterations: 5 (autodetect)
[00:19:59 -56365.503524] Model parameter optimization (eps = 3.000000)
[00:20:02 -56354.939644] FAST spr round 1 (radius: 5)
[00:20:05 -56354.874629] Model parameter optimization (eps = 1.000000)
[00:20:06 -56352.803953] SLOW spr round 1 (radius: 5)
[00:20:13 -56352.774196] SLOW spr round 2 (radius: 10)
[00:20:22 -56352.625993] SLOW spr round 3 (radius: 5)
[00:20:28 -56352.606595] SLOW spr round 4 (radius: 10)
[00:20:38 -56352.604715] SLOW spr round 5 (radius: 15)
[00:20:43 -56352.604709] SLOW spr round 6 (radius: 20)
[00:20:48 -56352.604709] SLOW spr round 7 (radius: 25)
[00:20:51 -56352.604709] Model parameter optimization (eps = 0.100000)

[00:20:56] ML tree search #18, logLikelihood: -56350.658068



Final LogLikelihood: -56349.567667

AIC score: 113245.135334 / AICc score: 113250.316605 / BIC score: 115505.613985
Free parameters (model + branch lengths): 273

Best ML tree saved to: /home/hikoyu/analysis/Genome/SARS-CoV-2/phylogeny/RAxML-NG/DNA/part/sep/SARS-CoV-2_200328.3.raxml.bestTree
All ML trees saved to: /home/hikoyu/analysis/Genome/SARS-CoV-2/phylogeny/RAxML-NG/DNA/part/sep/SARS-CoV-2_200328.3.raxml.mlTrees
Optimized model saved to: /home/hikoyu/analysis/Genome/SARS-CoV-2/phylogeny/RAxML-NG/DNA/part/sep/SARS-CoV-2_200328.3.raxml.bestModel

Execution log saved to: /home/hikoyu/analysis/Genome/SARS-CoV-2/phylogeny/RAxML-NG/DNA/part/sep/SARS-CoV-2_200328.3.raxml.log

Analysis started: 30-Mar-2020 09:54:25 / finished: 30-Mar-2020 10:15:22

Elapsed time: 1256.740 seconds

