
RAxML-NG v. 0.9.0 released on 20.05.2019 by The Exelixis Lab.
Developed by: Alexey M. Kozlov and Alexandros Stamatakis.
Contributors: Diego Darriba, Tomas Flouri, Benoit Morel, Sarah Lutteropp, Ben Bettisworth.
Latest version: https://github.com/amkozlov/raxml-ng
Questions/problems/suggestions? Please visit: https://groups.google.com/forum/#!forum/raxml

RAxML-NG was called at 22-Mar-2020 03:21:53 as follows:

raxml-ng --threads 1 --search --tree rand{9},pars{9} --seed 2203669618 --prefix phylogeny/RAxML-NG/DNA/part/sep/SARS-CoV-2_200320.1 --msa phylogeny/RAxML-NG/DNA/part/sep/SARS-CoV-2_200320.raxml.rba --outgroup MG772933.1

Analysis options:
  run mode: ML tree search
  start tree(s): random (9) + parsimony (9)
  random seed: 2203669618
  tip-inner: OFF
  pattern compression: ON
  per-rate scalers: OFF
  site repeats: ON
  fast spr radius: AUTO
  spr subtree cutoff: 1.000000
  branch lengths: proportional (ML estimate, algorithm: NR-FAST)
  SIMD kernels: AVX2
  parallelization: NONE/sequential

[00:00:00] Loading binary alignment from file: phylogeny/RAxML-NG/DNA/part/sep/SARS-CoV-2_200320.raxml.rba
[00:00:00] Alignment comprises 78 taxa, 33 partitions and 772 patterns

Partition 0: orf1ab_U_p1
Model: TIM3+I+B
Alignment sites / patterns: 4405 / 60
Gaps: 0.10 %
Invariant sites: 95.28 %

Partition 1: orf1ab_U_p2
Model: HKY+FO+I+B
Alignment sites / patterns: 4405 / 64
Gaps: 0.10 %
Invariant sites: 96.82 %

Partition 2: orf1ab_U_p3
Model: TN93+FO+G4m+B
Alignment sites / patterns: 4405 / 85
Gaps: 0.10 %
Invariant sites: 73.94 %

Partition 3: orf1ab_D_p1
Model: TN93+FO+I+B
Alignment sites / patterns: 2697 / 35
Gaps: 0.04 %
Invariant sites: 93.33 %

Partition 4: orf1ab_D_p2
Model: HKY+FO+I+G4m+B
Alignment sites / patterns: 2697 / 33
Gaps: 0.04 %
Invariant sites: 98.07 %

Partition 5: orf1ab_D_p3
Model: TPM3uf+FO+G4m+B
Alignment sites / patterns: 2697 / 59
Gaps: 0.04 %
Invariant sites: 62.51 %

Partition 6: S_p1
Model: TN93+FO+I+B
Alignment sites / patterns: 1274 / 43
Gaps: 0.04 %
Invariant sites: 83.05 %

Partition 7: S_p2
Model: F81+FO+B
Alignment sites / patterns: 1274 / 39
Gaps: 0.04 %
Invariant sites: 90.19 %

Partition 8: S_p3
Model: HKY+FO+I+B
Alignment sites / patterns: 1274 / 69
Gaps: 0.04 %
Invariant sites: 50.24 %

Partition 9: ORF3a_p1
Model: JC+G4m+B
Alignment sites / patterns: 276 / 20
Gaps: 0.00 %
Invariant sites: 90.58 %

Partition 10: ORF3a_p2
Model: JC+I+G4m+B
Alignment sites / patterns: 276 / 14
Gaps: 0.00 %
Invariant sites: 95.65 %

Partition 11: ORF3a_p3
Model: HKY+FO+I+B
Alignment sites / patterns: 276 / 22
Gaps: 0.00 %
Invariant sites: 70.65 %

Partition 12: E_p1
Model: JC+B
Alignment sites / patterns: 76 / 5
Gaps: 0.00 %
Invariant sites: 98.68 %

Partition 13: E_p2
Model: JC+B
Alignment sites / patterns: 76 / 5
Gaps: 0.00 %
Invariant sites: 98.68 %

Partition 14: E_p3
Model: JC+B
Alignment sites / patterns: 76 / 6
Gaps: 0.00 %
Invariant sites: 97.37 %

Partition 15: M_p1
Model: TN93ef+B
Alignment sites / patterns: 223 / 9
Gaps: 0.01 %
Invariant sites: 95.52 %

Partition 16: M_p2
Model: JC+I+B
Alignment sites / patterns: 223 / 7
Gaps: 0.01 %
Invariant sites: 99.10 %

Partition 17: M_p3
Model: K80+I+B
Alignment sites / patterns: 223 / 28
Gaps: 0.01 %
Invariant sites: 78.03 %

Partition 18: ORF6_p1
Model: JC+B
Alignment sites / patterns: 62 / 6
Gaps: 0.00 %
Invariant sites: 95.16 %

Partition 19: ORF6_p2
Model: JC+B
Alignment sites / patterns: 62 / 6
Gaps: 0.00 %
Invariant sites: 96.77 %

Partition 20: ORF6_p3
Model: JC+B
Alignment sites / patterns: 62 / 9
Gaps: 0.00 %
Invariant sites: 88.71 %

Partition 21: ORF7a_p1
Model: K80+B
Alignment sites / patterns: 122 / 11
Gaps: 0.00 %
Invariant sites: 90.98 %

Partition 22: ORF7a_p2
Model: K80+B
Alignment sites / patterns: 122 / 10
Gaps: 0.00 %
Invariant sites: 92.62 %

Partition 23: ORF7a_p3
Model: HKY+FO+I+B
Alignment sites / patterns: 122 / 16
Gaps: 0.00 %
Invariant sites: 78.69 %

Partition 24: ORF8_p1
Model: JC+I+B
Alignment sites / patterns: 122 / 12
Gaps: 0.00 %
Invariant sites: 93.44 %

Partition 25: ORF8_p2
Model: K80+I+G4m+B
Alignment sites / patterns: 122 / 9
Gaps: 0.00 %
Invariant sites: 95.90 %

Partition 26: ORF8_p3
Model: HKY+FO+B
Alignment sites / patterns: 122 / 16
Gaps: 0.00 %
Invariant sites: 69.67 %

Partition 27: N_p1
Model: K80+I+B
Alignment sites / patterns: 420 / 15
Gaps: 0.00 %
Invariant sites: 95.24 %

Partition 28: N_p2
Model: F81+FO+B
Alignment sites / patterns: 420 / 15
Gaps: 0.00 %
Invariant sites: 96.19 %

Partition 29: N_p3
Model: HKY+FO+G4m+B
Alignment sites / patterns: 420 / 29
Gaps: 0.00 %
Invariant sites: 76.67 %

Partition 30: ORF10_p1
Model: JC+B
Alignment sites / patterns: 39 / 6
Gaps: 0.00 %
Invariant sites: 94.87 %

Partition 31: ORF10_p2
Model: JC+B
Alignment sites / patterns: 39 / 4
Gaps: 0.00 %
Invariant sites: 100.00 %

Partition 32: ORF10_p3
Model: JC+B
Alignment sites / patterns: 39 / 5
Gaps: 0.00 %
Invariant sites: 97.44 %


[00:00:00] Generating 9 random starting tree(s) with 78 taxa
[00:00:00] Generating 9 parsimony starting tree(s) with 78 taxa
[00:00:00] Data distribution: max. partitions/sites/weight per thread: 33 / 772 / 6076

Starting ML tree search with 18 distinct starting trees

[00:00:00 -182329.859576] Initial branch length optimization
[00:00:00 -60764.422000] Model parameter optimization (eps = 10.000000)
[00:00:07 -56873.443971] AUTODETECT spr round 1 (radius: 5)
[00:00:08 -56580.923913] AUTODETECT spr round 2 (radius: 10)
[00:00:11 -56297.957687] AUTODETECT spr round 3 (radius: 15)
[00:00:13 -56276.204015] AUTODETECT spr round 4 (radius: 20)
[00:00:15 -56276.178770] SPR radius for FAST iterations: 15 (autodetect)
[00:00:15 -56276.178770] Model parameter optimization (eps = 3.000000)
[00:00:17 -56266.885166] FAST spr round 1 (radius: 15)
[00:00:23 -56168.768642] FAST spr round 2 (radius: 15)
[00:00:28 -56168.732996] Model parameter optimization (eps = 1.000000)
[00:00:31 -56160.082330] SLOW spr round 1 (radius: 5)
[00:00:37 -56160.080168] SLOW spr round 2 (radius: 10)
[00:00:46 -56160.080167] SLOW spr round 3 (radius: 15)
[00:00:51 -56160.080167] SLOW spr round 4 (radius: 20)
[00:00:54 -56160.080167] SLOW spr round 5 (radius: 25)
[00:00:55 -56160.080167] Model parameter optimization (eps = 0.100000)

[00:00:58] ML tree search #1, logLikelihood: -56158.721152

[00:00:59 -182348.340719] Initial branch length optimization
[00:00:59 -60776.688388] Model parameter optimization (eps = 10.000000)
[00:01:07 -56890.077144] AUTODETECT spr round 1 (radius: 5)
[00:01:08 -56575.683960] AUTODETECT spr round 2 (radius: 10)
[00:01:11 -56296.162678] AUTODETECT spr round 3 (radius: 15)
[00:01:13 -56267.364488] AUTODETECT spr round 4 (radius: 20)
[00:01:15 -56267.364409] SPR radius for FAST iterations: 15 (autodetect)
[00:01:15 -56267.364409] Model parameter optimization (eps = 3.000000)
[00:01:17 -56255.393363] FAST spr round 1 (radius: 15)
[00:01:23 -56163.847532] FAST spr round 2 (radius: 15)
[00:01:27 -56163.836949] Model parameter optimization (eps = 1.000000)
[00:01:29 -56162.272986] SLOW spr round 1 (radius: 5)
[00:01:35 -56162.270374] SLOW spr round 2 (radius: 10)
[00:01:43 -56162.270371] SLOW spr round 3 (radius: 15)
[00:01:49 -56162.270371] SLOW spr round 4 (radius: 20)
[00:01:52 -56162.270371] SLOW spr round 5 (radius: 25)
[00:01:54 -56162.270371] Model parameter optimization (eps = 0.100000)

[00:01:58] ML tree search #2, logLikelihood: -56158.687642

[00:01:58 -182337.130580] Initial branch length optimization
[00:01:59 -60767.180759] Model parameter optimization (eps = 10.000000)
[00:02:07 -56881.695855] AUTODETECT spr round 1 (radius: 5)
[00:02:08 -56614.645719] AUTODETECT spr round 2 (radius: 10)
[00:02:11 -56367.046964] AUTODETECT spr round 3 (radius: 15)
[00:02:14 -56346.283855] AUTODETECT spr round 4 (radius: 20)
[00:02:16 -56330.563268] AUTODETECT spr round 5 (radius: 25)
[00:02:17 -56330.552465] SPR radius for FAST iterations: 20 (autodetect)
[00:02:17 -56330.552465] Model parameter optimization (eps = 3.000000)
[00:02:19 -56323.564182] FAST spr round 1 (radius: 20)
[00:02:27 -56170.040480] FAST spr round 2 (radius: 20)
[00:02:32 -56169.969895] Model parameter optimization (eps = 1.000000)
[00:02:36 -56160.577748] SLOW spr round 1 (radius: 5)
[00:02:43 -56160.575744] SLOW spr round 2 (radius: 10)
[00:02:50 -56160.575744] SLOW spr round 3 (radius: 15)
[00:02:56 -56160.575634] SLOW spr round 4 (radius: 20)
[00:03:01 -56160.575634] SLOW spr round 5 (radius: 25)
[00:03:06 -56160.575634] Model parameter optimization (eps = 0.100000)

[00:03:19] ML tree search #3, logLikelihood: -56151.140357

[00:03:19 -182329.424309] Initial branch length optimization
[00:03:19 -60765.395047] Model parameter optimization (eps = 10.000000)
[00:03:27 -56879.358908] AUTODETECT spr round 1 (radius: 5)
[00:03:29 -56549.296160] AUTODETECT spr round 2 (radius: 10)
[00:03:31 -56371.050536] AUTODETECT spr round 3 (radius: 15)
[00:03:34 -56280.351862] AUTODETECT spr round 4 (radius: 20)
[00:03:35 -56280.335223] SPR radius for FAST iterations: 15 (autodetect)
[00:03:36 -56280.335223] Model parameter optimization (eps = 3.000000)
[00:03:38 -56269.982037] FAST spr round 1 (radius: 15)
[00:03:44 -56169.059907] FAST spr round 2 (radius: 15)
[00:03:49 -56169.040951] Model parameter optimization (eps = 1.000000)
[00:03:52 -56160.052384] SLOW spr round 1 (radius: 5)
[00:03:58 -56160.050232] SLOW spr round 2 (radius: 10)
[00:04:05 -56160.050228] SLOW spr round 3 (radius: 15)
[00:04:11 -56160.050228] SLOW spr round 4 (radius: 20)
[00:04:15 -56160.050228] SLOW spr round 5 (radius: 25)
[00:04:18 -56160.050228] Model parameter optimization (eps = 0.100000)

[00:04:22] ML tree search #4, logLikelihood: -56158.733951

[00:04:22 -182334.594162] Initial branch length optimization
[00:04:22 -60752.186782] Model parameter optimization (eps = 10.000000)
[00:04:30 -56872.640485] AUTODETECT spr round 1 (radius: 5)
[00:04:32 -56567.938213] AUTODETECT spr round 2 (radius: 10)
[00:04:35 -56350.884688] AUTODETECT spr round 3 (radius: 15)
[00:04:38 -56333.831245] AUTODETECT spr round 4 (radius: 20)
[00:04:40 -56333.830162] SPR radius for FAST iterations: 15 (autodetect)
[00:04:40 -56333.830162] Model parameter optimization (eps = 3.000000)
[00:04:42 -56320.566828] FAST spr round 1 (radius: 15)
[00:04:48 -56179.965716] FAST spr round 2 (radius: 15)
[00:04:52 -56164.061674] FAST spr round 3 (radius: 15)
[00:04:56 -56164.054840] Model parameter optimization (eps = 1.000000)
[00:04:58 -56162.236180] SLOW spr round 1 (radius: 5)
[00:05:03 -56162.233993] SLOW spr round 2 (radius: 10)
[00:05:10 -56162.233993] SLOW spr round 3 (radius: 15)
[00:05:15 -56162.233993] SLOW spr round 4 (radius: 20)
[00:05:19 -56162.233993] SLOW spr round 5 (radius: 25)
[00:05:23 -56162.233993] Model parameter optimization (eps = 0.100000)

[00:05:27] ML tree search #5, logLikelihood: -56159.205919

[00:05:27 -182333.699345] Initial branch length optimization
[00:05:28 -60767.656665] Model parameter optimization (eps = 10.000000)
[00:05:36 -56885.543437] AUTODETECT spr round 1 (radius: 5)
[00:05:38 -56615.966506] AUTODETECT spr round 2 (radius: 10)
[00:05:41 -56335.962880] AUTODETECT spr round 3 (radius: 15)
[00:05:43 -56308.738621] AUTODETECT spr round 4 (radius: 20)
[00:05:46 -56247.721352] AUTODETECT spr round 5 (radius: 25)
[00:05:47 -56247.709990] SPR radius for FAST iterations: 20 (autodetect)
[00:05:47 -56247.709990] Model parameter optimization (eps = 3.000000)
[00:05:49 -56233.215619] FAST spr round 1 (radius: 20)
[00:05:57 -56163.689906] FAST spr round 2 (radius: 20)
[00:06:02 -56163.682187] Model parameter optimization (eps = 1.000000)
[00:06:03 -56162.750384] SLOW spr round 1 (radius: 5)
[00:06:10 -56162.747682] SLOW spr round 2 (radius: 10)
[00:06:19 -56162.747424] SLOW spr round 3 (radius: 15)
[00:06:24 -56162.747424] SLOW spr round 4 (radius: 20)
[00:06:28 -56162.747424] SLOW spr round 5 (radius: 25)
[00:06:30 -56162.747424] Model parameter optimization (eps = 0.100000)

[00:06:36] ML tree search #6, logLikelihood: -56158.689758

[00:06:36 -182335.654615] Initial branch length optimization
[00:06:36 -60763.639774] Model parameter optimization (eps = 10.000000)
[00:06:44 -56876.060308] AUTODETECT spr round 1 (radius: 5)
[00:06:45 -56537.047950] AUTODETECT spr round 2 (radius: 10)
[00:06:48 -56323.411386] AUTODETECT spr round 3 (radius: 15)
[00:06:51 -56319.485692] AUTODETECT spr round 4 (radius: 20)
[00:06:54 -56319.139134] AUTODETECT spr round 5 (radius: 25)
[00:06:55 -56318.619094] SPR radius for FAST iterations: 25 (autodetect)
[00:06:55 -56318.619094] Model parameter optimization (eps = 3.000000)
[00:06:57 -56310.202861] FAST spr round 1 (radius: 25)
[00:07:05 -56169.391061] FAST spr round 2 (radius: 25)
[00:07:12 -56169.359158] Model parameter optimization (eps = 1.000000)
[00:07:15 -56160.163931] SLOW spr round 1 (radius: 5)
[00:07:22 -56160.162178] SLOW spr round 2 (radius: 10)
[00:07:28 -56160.162178] SLOW spr round 3 (radius: 15)
[00:07:34 -56160.162178] SLOW spr round 4 (radius: 20)
[00:07:39 -56160.162178] SLOW spr round 5 (radius: 25)
[00:07:43 -56160.162178] Model parameter optimization (eps = 0.100000)

[00:07:46] ML tree search #7, logLikelihood: -56158.746125

[00:07:46 -182332.432834] Initial branch length optimization
[00:07:46 -60744.948797] Model parameter optimization (eps = 10.000000)
[00:07:54 -56873.585579] AUTODETECT spr round 1 (radius: 5)
[00:07:56 -56493.506910] AUTODETECT spr round 2 (radius: 10)
[00:07:58 -56375.025299] AUTODETECT spr round 3 (radius: 15)
[00:08:01 -56284.138067] AUTODETECT spr round 4 (radius: 20)
[00:08:03 -56278.191962] AUTODETECT spr round 5 (radius: 25)
[00:08:05 -56277.432861] SPR radius for FAST iterations: 25 (autodetect)
[00:08:05 -56277.432861] Model parameter optimization (eps = 3.000000)
[00:08:08 -56265.936022] FAST spr round 1 (radius: 25)
[00:08:16 -56166.997503] FAST spr round 2 (radius: 25)
[00:08:21 -56166.977515] Model parameter optimization (eps = 1.000000)
[00:08:24 -56159.962604] SLOW spr round 1 (radius: 5)
[00:08:31 -56159.960183] SLOW spr round 2 (radius: 10)
[00:08:39 -56159.960183] SLOW spr round 3 (radius: 15)
[00:08:44 -56159.960183] SLOW spr round 4 (radius: 20)
[00:08:48 -56159.960183] SLOW spr round 5 (radius: 25)
[00:08:51 -56159.960183] Model parameter optimization (eps = 0.100000)

[00:08:55] ML tree search #8, logLikelihood: -56158.695414

[00:08:55 -182353.776003] Initial branch length optimization
[00:08:55 -60776.803204] Model parameter optimization (eps = 10.000000)
[00:09:03 -56889.620656] AUTODETECT spr round 1 (radius: 5)
[00:09:05 -56483.527790] AUTODETECT spr round 2 (radius: 10)
[00:09:08 -56413.450207] AUTODETECT spr round 3 (radius: 15)
[00:09:11 -56342.264706] AUTODETECT spr round 4 (radius: 20)
[00:09:14 -56325.030981] AUTODETECT spr round 5 (radius: 25)
[00:09:15 -56325.022777] SPR radius for FAST iterations: 20 (autodetect)
[00:09:15 -56325.022777] Model parameter optimization (eps = 3.000000)
[00:09:18 -56315.634874] FAST spr round 1 (radius: 20)
[00:09:25 -56169.354695] FAST spr round 2 (radius: 20)
[00:09:31 -56169.335175] Model parameter optimization (eps = 1.000000)
[00:09:35 -56160.139062] SLOW spr round 1 (radius: 5)
[00:09:40 -56160.136985] SLOW spr round 2 (radius: 10)
[00:09:47 -56160.136985] SLOW spr round 3 (radius: 15)
[00:09:53 -56160.136984] SLOW spr round 4 (radius: 20)
[00:09:58 -56160.136984] SLOW spr round 5 (radius: 25)
[00:10:01 -56160.136984] Model parameter optimization (eps = 0.100000)

[00:10:04] ML tree search #9, logLikelihood: -56158.712550

[00:10:04 -179701.090888] Initial branch length optimization
[00:10:05 -59413.904251] Model parameter optimization (eps = 10.000000)
[00:10:09 -56167.557429] AUTODETECT spr round 1 (radius: 5)
[00:10:11 -56167.411961] AUTODETECT spr round 2 (radius: 10)
[00:10:13 -56167.397608] SPR radius for FAST iterations: 5 (autodetect)
[00:10:13 -56167.397608] Model parameter optimization (eps = 3.000000)
[00:10:15 -56159.796308] FAST spr round 1 (radius: 5)
[00:10:18 -56159.730136] Model parameter optimization (eps = 1.000000)
[00:10:22 -56154.230785] SLOW spr round 1 (radius: 5)
[00:10:28 -56154.172668] SLOW spr round 2 (radius: 10)
[00:10:35 -56154.168494] SLOW spr round 3 (radius: 15)
[00:10:40 -56154.168487] SLOW spr round 4 (radius: 20)
[00:10:44 -56154.168487] SLOW spr round 5 (radius: 25)
[00:10:46 -56154.168487] Model parameter optimization (eps = 0.100000)

[00:10:56] ML tree search #10, logLikelihood: -56149.629219

[00:10:56 -179701.037396] Initial branch length optimization
[00:10:57 -59413.710550] Model parameter optimization (eps = 10.000000)
[00:11:01 -56167.605528] AUTODETECT spr round 1 (radius: 5)
[00:11:03 -56167.458638] AUTODETECT spr round 2 (radius: 10)
[00:11:06 -56167.457636] SPR radius for FAST iterations: 5 (autodetect)
[00:11:06 -56167.457636] Model parameter optimization (eps = 3.000000)
[00:11:08 -56159.865608] FAST spr round 1 (radius: 5)
[00:11:11 -56159.802774] Model parameter optimization (eps = 1.000000)
[00:11:15 -56154.283853] SLOW spr round 1 (radius: 5)
[00:11:21 -56154.225721] SLOW spr round 2 (radius: 10)
[00:11:27 -56154.223939] SLOW spr round 3 (radius: 15)
[00:11:33 -56154.223938] SLOW spr round 4 (radius: 20)
[00:11:37 -56154.223938] SLOW spr round 5 (radius: 25)
[00:11:41 -56154.223938] Model parameter optimization (eps = 0.100000)

[00:11:52] ML tree search #11, logLikelihood: -56149.657883

[00:11:52 -179706.809952] Initial branch length optimization
[00:11:52 -59426.797256] Model parameter optimization (eps = 10.000000)
[00:11:57 -56177.929099] AUTODETECT spr round 1 (radius: 5)
[00:11:59 -56168.253312] AUTODETECT spr round 2 (radius: 10)
[00:12:01 -56168.253180] SPR radius for FAST iterations: 5 (autodetect)
[00:12:01 -56168.253180] Model parameter optimization (eps = 3.000000)
[00:12:03 -56160.751225] FAST spr round 1 (radius: 5)
[00:12:06 -56160.691961] Model parameter optimization (eps = 1.000000)
[00:12:11 -56155.224121] SLOW spr round 1 (radius: 5)
[00:12:16 -56155.164568] SLOW spr round 2 (radius: 10)
[00:12:24 -56155.161628] SLOW spr round 3 (radius: 15)
[00:12:30 -56155.161627] SLOW spr round 4 (radius: 20)
[00:12:33 -56155.161627] SLOW spr round 5 (radius: 25)
[00:12:38 -56155.161627] Model parameter optimization (eps = 0.100000)

[00:12:47] ML tree search #12, logLikelihood: -56150.608801

[00:12:47 -179705.683705] Initial branch length optimization
[00:12:48 -59423.422886] Model parameter optimization (eps = 10.000000)
[00:12:53 -56175.519299] AUTODETECT spr round 1 (radius: 5)
[00:12:54 -56167.099696] AUTODETECT spr round 2 (radius: 10)
[00:12:57 -56167.085341] SPR radius for FAST iterations: 5 (autodetect)
[00:12:57 -56167.085341] Model parameter optimization (eps = 3.000000)
[00:12:59 -56159.629970] FAST spr round 1 (radius: 5)
[00:13:02 -56159.571066] Model parameter optimization (eps = 1.000000)
[00:13:06 -56154.183081] SLOW spr round 1 (radius: 5)
[00:13:12 -56154.123500] SLOW spr round 2 (radius: 10)
[00:13:18 -56154.121683] SLOW spr round 3 (radius: 15)
[00:13:24 -56154.121676] SLOW spr round 4 (radius: 20)
[00:13:28 -56154.121676] SLOW spr round 5 (radius: 25)
[00:13:31 -56154.121676] Model parameter optimization (eps = 0.100000)

[00:13:41] ML tree search #13, logLikelihood: -56149.631847

[00:13:41 -179706.464459] Initial branch length optimization
[00:13:42 -59415.987140] Model parameter optimization (eps = 10.000000)
[00:13:47 -56167.594652] AUTODETECT spr round 1 (radius: 5)
[00:13:48 -56166.979969] AUTODETECT spr round 2 (radius: 10)
[00:13:51 -56166.979769] SPR radius for FAST iterations: 5 (autodetect)
[00:13:51 -56166.979769] Model parameter optimization (eps = 3.000000)
[00:13:53 -56159.575138] FAST spr round 1 (radius: 5)
[00:13:56 -56159.519536] Model parameter optimization (eps = 1.000000)
[00:14:01 -56154.172750] SLOW spr round 1 (radius: 5)
[00:14:07 -56154.110444] SLOW spr round 2 (radius: 10)
[00:14:14 -56154.095453] SLOW spr round 3 (radius: 15)
[00:14:18 -56154.095453] SLOW spr round 4 (radius: 20)
[00:14:23 -56154.095453] SLOW spr round 5 (radius: 25)
[00:14:28 -56154.095453] Model parameter optimization (eps = 0.100000)

[00:14:39] ML tree search #14, logLikelihood: -56149.647428

[00:14:39 -179706.478663] Initial branch length optimization
[00:14:39 -59425.071597] Model parameter optimization (eps = 10.000000)
[00:14:44 -56176.807706] AUTODETECT spr round 1 (radius: 5)
[00:14:46 -56167.246246] AUTODETECT spr round 2 (radius: 10)
[00:14:48 -56167.246108] SPR radius for FAST iterations: 5 (autodetect)
[00:14:48 -56167.246108] Model parameter optimization (eps = 3.000000)
[00:14:50 -56159.765554] FAST spr round 1 (radius: 5)
[00:14:53 -56159.704810] Model parameter optimization (eps = 1.000000)
[00:14:58 -56154.257149] SLOW spr round 1 (radius: 5)
[00:15:04 -56154.194192] SLOW spr round 2 (radius: 10)
[00:15:10 -56154.192121] SLOW spr round 3 (radius: 15)
[00:15:16 -56154.192120] SLOW spr round 4 (radius: 20)
[00:15:20 -56154.192120] SLOW spr round 5 (radius: 25)
[00:15:23 -56154.192120] Model parameter optimization (eps = 0.100000)

[00:15:33] ML tree search #15, logLikelihood: -56149.665561

[00:15:33 -179704.980377] Initial branch length optimization
[00:15:33 -59416.063795] Model parameter optimization (eps = 10.000000)
[00:15:38 -56167.604994] AUTODETECT spr round 1 (radius: 5)
[00:15:40 -56167.000980] AUTODETECT spr round 2 (radius: 10)
[00:15:43 -56167.000731] SPR radius for FAST iterations: 5 (autodetect)
[00:15:43 -56167.000731] Model parameter optimization (eps = 3.000000)
[00:15:45 -56159.592359] FAST spr round 1 (radius: 5)
[00:15:48 -56159.532701] Model parameter optimization (eps = 1.000000)
[00:15:52 -56154.179786] SLOW spr round 1 (radius: 5)
[00:15:58 -56154.115328] SLOW spr round 2 (radius: 10)
[00:16:09 -56154.099498] SLOW spr round 3 (radius: 15)
[00:16:16 -56154.099491] SLOW spr round 4 (radius: 20)
[00:16:18 -56154.099490] SLOW spr round 5 (radius: 25)
[00:16:19 -56154.099490] Model parameter optimization (eps = 0.100000)

[00:16:30] ML tree search #16, logLikelihood: -56149.646397

[00:16:30 -179700.863241] Initial branch length optimization
[00:16:31 -59414.978768] Model parameter optimization (eps = 10.000000)
[00:16:35 -56168.575056] AUTODETECT spr round 1 (radius: 5)
[00:16:37 -56168.430245] AUTODETECT spr round 2 (radius: 10)
[00:16:40 -56168.427406] SPR radius for FAST iterations: 5 (autodetect)
[00:16:40 -56168.427406] Model parameter optimization (eps = 3.000000)
[00:16:42 -56160.808046] FAST spr round 1 (radius: 5)
[00:16:46 -56160.750226] Model parameter optimization (eps = 1.000000)
[00:16:50 -56155.217908] SLOW spr round 1 (radius: 5)
[00:16:56 -56155.150482] SLOW spr round 2 (radius: 10)
[00:17:02 -56155.136181] SLOW spr round 3 (radius: 15)
[00:17:07 -56155.136181] SLOW spr round 4 (radius: 20)
[00:17:12 -56155.136181] SLOW spr round 5 (radius: 25)
[00:17:15 -56155.136181] Model parameter optimization (eps = 0.100000)

[00:17:25] ML tree search #17, logLikelihood: -56150.605437

[00:17:25 -179701.664612] Initial branch length optimization
[00:17:25 -59413.711226] Model parameter optimization (eps = 10.000000)
[00:17:30 -56167.607523] AUTODETECT spr round 1 (radius: 5)
[00:17:32 -56167.459512] AUTODETECT spr round 2 (radius: 10)
[00:17:34 -56167.458508] SPR radius for FAST iterations: 5 (autodetect)
[00:17:34 -56167.458508] Model parameter optimization (eps = 3.000000)
[00:17:36 -56159.868946] FAST spr round 1 (radius: 5)
[00:17:39 -56159.808331] Model parameter optimization (eps = 1.000000)
[00:17:44 -56154.291791] SLOW spr round 1 (radius: 5)
[00:17:50 -56154.212617] SLOW spr round 2 (radius: 10)
[00:17:57 -56154.210822] SLOW spr round 3 (radius: 15)
[00:18:03 -56154.210821] SLOW spr round 4 (radius: 20)
[00:18:07 -56154.210821] SLOW spr round 5 (radius: 25)
[00:18:09 -56154.210821] Model parameter optimization (eps = 0.100000)

[00:18:20] ML tree search #18, logLikelihood: -56149.642366



Final LogLikelihood: -56149.629219

AIC score: 112839.258439 / AICc score: 112844.326140 / BIC score: 115074.896665
Free parameters (model + branch lengths): 270

Best ML tree saved to: /home/hikoyu/analysis/Genome/SARS-CoV-2/phylogeny/RAxML-NG/DNA/part/sep/SARS-CoV-2_200320.1.raxml.bestTree
All ML trees saved to: /home/hikoyu/analysis/Genome/SARS-CoV-2/phylogeny/RAxML-NG/DNA/part/sep/SARS-CoV-2_200320.1.raxml.mlTrees
Optimized model saved to: /home/hikoyu/analysis/Genome/SARS-CoV-2/phylogeny/RAxML-NG/DNA/part/sep/SARS-CoV-2_200320.1.raxml.bestModel

Execution log saved to: /home/hikoyu/analysis/Genome/SARS-CoV-2/phylogeny/RAxML-NG/DNA/part/sep/SARS-CoV-2_200320.1.raxml.log

Analysis started: 22-Mar-2020 03:21:53 / finished: 22-Mar-2020 03:40:14

Elapsed time: 1100.738 seconds

