
RAxML-NG v. 0.9.0 released on 20.05.2019 by The Exelixis Lab.
Developed by: Alexey M. Kozlov and Alexandros Stamatakis.
Contributors: Diego Darriba, Tomas Flouri, Benoit Morel, Sarah Lutteropp, Ben Bettisworth.
Latest version: https://github.com/amkozlov/raxml-ng
Questions/problems/suggestions? Please visit: https://groups.google.com/forum/#!forum/raxml

RAxML-NG was called at 30-Mar-2020 10:58:17 as follows:

raxml-ng --threads 1 --bootstrap --bs-trees 84 --seed 4169891149 --prefix phylogeny/RAxML-NG/DNA/part/sep/SARS-CoV-2_200328.2 --msa phylogeny/RAxML-NG/DNA/part/sep/SARS-CoV-2_200328.raxml.rba --outgroup MG772933.1

Analysis options:
  run mode: Bootstrapping
  start tree(s): 
  bootstrap replicates: 84
  random seed: 4169891149
  tip-inner: OFF
  pattern compression: ON
  per-rate scalers: OFF
  site repeats: ON
  branch lengths: proportional (ML estimate, algorithm: NR-FAST)
  SIMD kernels: AVX2
  parallelization: NONE/sequential

[00:00:00] Loading binary alignment from file: phylogeny/RAxML-NG/DNA/part/sep/SARS-CoV-2_200328.raxml.rba
[00:00:00] Alignment comprises 80 taxa, 33 partitions and 791 patterns

Partition 0: orf1ab_U_p1
Model: TN93+FO+I+B
Alignment sites / patterns: 4405 / 63
Gaps: 0.10 %
Invariant sites: 95.07 %

Partition 1: orf1ab_U_p2
Model: HKY+FO+I+B
Alignment sites / patterns: 4405 / 69
Gaps: 0.10 %
Invariant sites: 96.71 %

Partition 2: orf1ab_U_p3
Model: TN93+FO+G4m+B
Alignment sites / patterns: 4405 / 91
Gaps: 0.10 %
Invariant sites: 73.83 %

Partition 3: orf1ab_D_p1
Model: TN93+FO+I+B
Alignment sites / patterns: 2697 / 36
Gaps: 0.04 %
Invariant sites: 93.29 %

Partition 4: orf1ab_D_p2
Model: HKY+FO+I+G4m+B
Alignment sites / patterns: 2697 / 33
Gaps: 0.04 %
Invariant sites: 98.07 %

Partition 5: orf1ab_D_p3
Model: TPM3uf+FO+G4m+B
Alignment sites / patterns: 2697 / 59
Gaps: 0.04 %
Invariant sites: 62.51 %

Partition 6: S_p1
Model: TN93+FO+G4m+B
Alignment sites / patterns: 1274 / 43
Gaps: 0.04 %
Invariant sites: 83.12 %

Partition 7: S_p2
Model: F81+FO+B
Alignment sites / patterns: 1274 / 39
Gaps: 0.04 %
Invariant sites: 90.19 %

Partition 8: S_p3
Model: HKY+FO+I+B
Alignment sites / patterns: 1274 / 70
Gaps: 0.04 %
Invariant sites: 50.24 %

Partition 9: ORF3a_p1
Model: JC+G4m+B
Alignment sites / patterns: 276 / 20
Gaps: 0.00 %
Invariant sites: 90.58 %

Partition 10: ORF3a_p2
Model: JC+I+G4m+B
Alignment sites / patterns: 276 / 15
Gaps: 0.00 %
Invariant sites: 95.29 %

Partition 11: ORF3a_p3
Model: HKY+FO+I+B
Alignment sites / patterns: 276 / 22
Gaps: 0.00 %
Invariant sites: 70.65 %

Partition 12: E_p1
Model: JC+B
Alignment sites / patterns: 76 / 5
Gaps: 0.00 %
Invariant sites: 98.68 %

Partition 13: E_p2
Model: JC+B
Alignment sites / patterns: 76 / 5
Gaps: 0.00 %
Invariant sites: 98.68 %

Partition 14: E_p3
Model: JC+B
Alignment sites / patterns: 76 / 6
Gaps: 0.00 %
Invariant sites: 97.37 %

Partition 15: M_p1
Model: TN93ef+B
Alignment sites / patterns: 223 / 9
Gaps: 0.01 %
Invariant sites: 95.52 %

Partition 16: M_p2
Model: JC+I+B
Alignment sites / patterns: 223 / 7
Gaps: 0.01 %
Invariant sites: 99.10 %

Partition 17: M_p3
Model: K80+I+B
Alignment sites / patterns: 223 / 28
Gaps: 0.01 %
Invariant sites: 78.03 %

Partition 18: ORF6_p1
Model: JC+B
Alignment sites / patterns: 62 / 6
Gaps: 0.00 %
Invariant sites: 95.16 %

Partition 19: ORF6_p2
Model: JC+B
Alignment sites / patterns: 62 / 6
Gaps: 0.00 %
Invariant sites: 96.77 %

Partition 20: ORF6_p3
Model: JC+B
Alignment sites / patterns: 62 / 9
Gaps: 0.00 %
Invariant sites: 88.71 %

Partition 21: ORF7a_p1
Model: K80+B
Alignment sites / patterns: 122 / 11
Gaps: 0.00 %
Invariant sites: 90.98 %

Partition 22: ORF7a_p2
Model: K80+B
Alignment sites / patterns: 122 / 10
Gaps: 0.00 %
Invariant sites: 92.62 %

Partition 23: ORF7a_p3
Model: HKY+FO+I+B
Alignment sites / patterns: 122 / 16
Gaps: 0.00 %
Invariant sites: 78.69 %

Partition 24: ORF8_p1
Model: JC+I+B
Alignment sites / patterns: 122 / 12
Gaps: 0.00 %
Invariant sites: 93.44 %

Partition 25: ORF8_p2
Model: K80+I+G4m+B
Alignment sites / patterns: 122 / 9
Gaps: 0.00 %
Invariant sites: 95.90 %

Partition 26: ORF8_p3
Model: HKY+FO+B
Alignment sites / patterns: 122 / 16
Gaps: 0.00 %
Invariant sites: 69.67 %

Partition 27: N_p1
Model: K80+I+B
Alignment sites / patterns: 420 / 15
Gaps: 0.00 %
Invariant sites: 95.24 %

Partition 28: N_p2
Model: JC+B
Alignment sites / patterns: 420 / 16
Gaps: 0.00 %
Invariant sites: 95.95 %

Partition 29: N_p3
Model: HKY+FO+G4m+B
Alignment sites / patterns: 420 / 30
Gaps: 0.00 %
Invariant sites: 76.67 %

Partition 30: ORF10_p1
Model: JC+B
Alignment sites / patterns: 39 / 6
Gaps: 0.00 %
Invariant sites: 94.87 %

Partition 31: ORF10_p2
Model: JC+B
Alignment sites / patterns: 39 / 4
Gaps: 0.00 %
Invariant sites: 100.00 %

Partition 32: ORF10_p3
Model: JC+B
Alignment sites / patterns: 39 / 5
Gaps: 0.00 %
Invariant sites: 97.44 %


[00:00:00] Data distribution: max. partitions/sites/weight per thread: 33 / 791 / 6764
[00:00:00] Starting bootstrapping analysis with 84 replicates.

[00:01:01] Bootstrap tree #1, logLikelihood: -55981.681870
[00:02:16] Bootstrap tree #2, logLikelihood: -55775.410288
[00:03:26] Bootstrap tree #3, logLikelihood: -56508.218977
[00:04:30] Bootstrap tree #4, logLikelihood: -56381.872351
[00:05:33] Bootstrap tree #5, logLikelihood: -56292.514205
[00:07:02] Bootstrap tree #6, logLikelihood: -56071.384973
[00:08:12] Bootstrap tree #7, logLikelihood: -56263.417486
[00:09:32] Bootstrap tree #8, logLikelihood: -55927.191462
[00:10:44] Bootstrap tree #9, logLikelihood: -55954.673697
[00:12:14] Bootstrap tree #10, logLikelihood: -56532.339372
[00:13:20] Bootstrap tree #11, logLikelihood: -56462.447950
[00:14:26] Bootstrap tree #12, logLikelihood: -56474.702013
[00:15:31] Bootstrap tree #13, logLikelihood: -56206.984882
[00:16:33] Bootstrap tree #14, logLikelihood: -56098.847544
[00:17:49] Bootstrap tree #15, logLikelihood: -55885.920422
[00:18:48] Bootstrap tree #16, logLikelihood: -56459.546018
[00:19:58] Bootstrap tree #17, logLikelihood: -56447.951628
[00:21:12] Bootstrap tree #18, logLikelihood: -56418.061552
[00:22:23] Bootstrap tree #19, logLikelihood: -55948.541363
[00:23:22] Bootstrap tree #20, logLikelihood: -56569.044925
[00:24:27] Bootstrap tree #21, logLikelihood: -56460.054852
[00:25:31] Bootstrap tree #22, logLikelihood: -55820.595386
[00:26:37] Bootstrap tree #23, logLikelihood: -56100.201627
[00:27:47] Bootstrap tree #24, logLikelihood: -56101.690649
[00:29:07] Bootstrap tree #25, logLikelihood: -56460.281276
[00:30:12] Bootstrap tree #26, logLikelihood: -56433.953199
[00:31:32] Bootstrap tree #27, logLikelihood: -56057.065342
[00:32:43] Bootstrap tree #28, logLikelihood: -55998.172011
[00:34:29] Bootstrap tree #29, logLikelihood: -56246.047271
[00:36:10] Bootstrap tree #30, logLikelihood: -56222.203967
[00:37:23] Bootstrap tree #31, logLikelihood: -56213.620786
[00:38:33] Bootstrap tree #32, logLikelihood: -56115.841371
[00:39:49] Bootstrap tree #33, logLikelihood: -56090.585318
[00:41:06] Bootstrap tree #34, logLikelihood: -56487.162234
[00:42:25] Bootstrap tree #35, logLikelihood: -56580.236371
[00:43:41] Bootstrap tree #36, logLikelihood: -56835.110489
[00:44:47] Bootstrap tree #37, logLikelihood: -56329.493620
[00:45:55] Bootstrap tree #38, logLikelihood: -56226.221568
[00:47:08] Bootstrap tree #39, logLikelihood: -55983.350396
[00:48:24] Bootstrap tree #40, logLikelihood: -56356.085104
[00:49:36] Bootstrap tree #41, logLikelihood: -56071.067868
[00:50:48] Bootstrap tree #42, logLikelihood: -55667.612405
[00:51:55] Bootstrap tree #43, logLikelihood: -55919.267176
[00:52:56] Bootstrap tree #44, logLikelihood: -56171.984899
[00:54:06] Bootstrap tree #45, logLikelihood: -56135.391907
[00:55:23] Bootstrap tree #46, logLikelihood: -56105.712400
[00:56:44] Bootstrap tree #47, logLikelihood: -55818.262049
[00:57:53] Bootstrap tree #48, logLikelihood: -56700.522137
[00:59:06] Bootstrap tree #49, logLikelihood: -55923.066541
[01:00:19] Bootstrap tree #50, logLikelihood: -56074.904135
[01:01:21] Bootstrap tree #51, logLikelihood: -56264.021183
[01:02:35] Bootstrap tree #52, logLikelihood: -55929.987486
[01:04:21] Bootstrap tree #53, logLikelihood: -56576.753772
[01:05:29] Bootstrap tree #54, logLikelihood: -55842.088438
[01:06:47] Bootstrap tree #55, logLikelihood: -55828.213220
[01:07:56] Bootstrap tree #56, logLikelihood: -56182.732993
[01:09:03] Bootstrap tree #57, logLikelihood: -56088.012748
[01:10:23] Bootstrap tree #58, logLikelihood: -56473.482028
[01:11:34] Bootstrap tree #59, logLikelihood: -56053.409971
[01:12:41] Bootstrap tree #60, logLikelihood: -56398.284848
[01:14:24] Bootstrap tree #61, logLikelihood: -56529.215102
[01:15:33] Bootstrap tree #62, logLikelihood: -56137.625186
[01:16:45] Bootstrap tree #63, logLikelihood: -56317.091036
[01:17:51] Bootstrap tree #64, logLikelihood: -56523.590654
[01:19:02] Bootstrap tree #65, logLikelihood: -56523.584673
[01:20:32] Bootstrap tree #66, logLikelihood: -56499.881832
[01:21:37] Bootstrap tree #67, logLikelihood: -56588.419249
[01:22:42] Bootstrap tree #68, logLikelihood: -56029.866981
[01:24:28] Bootstrap tree #69, logLikelihood: -56326.072221
[01:25:42] Bootstrap tree #70, logLikelihood: -56375.707028
[01:27:15] Bootstrap tree #71, logLikelihood: -55892.618215
[01:28:32] Bootstrap tree #72, logLikelihood: -56187.477871
[01:29:47] Bootstrap tree #73, logLikelihood: -56130.855949
[01:31:22] Bootstrap tree #74, logLikelihood: -56081.167118
[01:32:29] Bootstrap tree #75, logLikelihood: -56036.175630
[01:33:56] Bootstrap tree #76, logLikelihood: -55974.796609
[01:35:13] Bootstrap tree #77, logLikelihood: -56258.464837
[01:36:31] Bootstrap tree #78, logLikelihood: -56546.680558
[01:37:44] Bootstrap tree #79, logLikelihood: -56571.795087
[01:39:03] Bootstrap tree #80, logLikelihood: -55948.905086
[01:40:10] Bootstrap tree #81, logLikelihood: -55904.221232
[01:41:49] Bootstrap tree #82, logLikelihood: -56310.336893
[01:43:05] Bootstrap tree #83, logLikelihood: -56315.530002
[01:44:34] Bootstrap tree #84, logLikelihood: -56526.175100

Bootstrap trees saved to: /home/hikoyu/analysis/Genome/SARS-CoV-2/phylogeny/RAxML-NG/DNA/part/sep/SARS-CoV-2_200328.2.raxml.bootstraps

Execution log saved to: /home/hikoyu/analysis/Genome/SARS-CoV-2/phylogeny/RAxML-NG/DNA/part/sep/SARS-CoV-2_200328.2.raxml.log

Analysis started: 30-Mar-2020 10:58:17 / finished: 30-Mar-2020 12:42:51

Elapsed time: 6274.303 seconds

