
RAxML-NG v. 0.9.0 released on 20.05.2019 by The Exelixis Lab.
Developed by: Alexey M. Kozlov and Alexandros Stamatakis.
Contributors: Diego Darriba, Tomas Flouri, Benoit Morel, Sarah Lutteropp, Ben Bettisworth.
Latest version: https://github.com/amkozlov/raxml-ng
Questions/problems/suggestions? Please visit: https://groups.google.com/forum/#!forum/raxml

RAxML-NG was called at 24-Apr-2020 03:46:55 as follows:

raxml-ng --threads 1 --search --tree rand{9},pars{9} --seed 2311809919 --prefix phylogeny/RAxML-NG/DNA/part/sep/SARS-CoV-2_200414.0 --msa phylogeny/RAxML-NG/DNA/part/sep/SARS-CoV-2_200414.raxml.rba --outgroup MG772933.1

Analysis options:
  run mode: ML tree search
  start tree(s): random (9) + parsimony (9)
  random seed: 2311809919
  tip-inner: OFF
  pattern compression: ON
  per-rate scalers: OFF
  site repeats: ON
  fast spr radius: AUTO
  spr subtree cutoff: 1.000000
  branch lengths: proportional (ML estimate, algorithm: NR-FAST)
  SIMD kernels: AVX2
  parallelization: NONE/sequential

[00:00:00] Loading binary alignment from file: phylogeny/RAxML-NG/DNA/part/sep/SARS-CoV-2_200414.raxml.rba
[00:00:00] Alignment comprises 376 taxa, 33 partitions and 1139 patterns

Partition 0: orf1ab_U_p1
Model: TN93+FO+I+B
Alignment sites / patterns: 4404 / 101
Gaps: 0.07 %
Invariant sites: 94.60 %

Partition 1: orf1ab_U_p2
Model: TIM3+I+G4m+B
Alignment sites / patterns: 4404 / 124
Gaps: 0.07 %
Invariant sites: 96.05 %

Partition 2: orf1ab_U_p3
Model: GTR+FO+I+G4m+B
Alignment sites / patterns: 4404 / 152
Gaps: 0.07 %
Invariant sites: 73.14 %

Partition 3: orf1ab_D_p1
Model: TIM1+I+B
Alignment sites / patterns: 2699 / 60
Gaps: 0.11 %
Invariant sites: 92.66 %

Partition 4: orf1ab_D_p2
Model: TIM1+I+G4m+B
Alignment sites / patterns: 2699 / 50
Gaps: 0.11 %
Invariant sites: 97.63 %

Partition 5: orf1ab_D_p3
Model: GTR+FO+G4m+B
Alignment sites / patterns: 2699 / 99
Gaps: 0.11 %
Invariant sites: 62.13 %

Partition 6: S_p1
Model: TN93+FO+G4m+B
Alignment sites / patterns: 1274 / 52
Gaps: 0.01 %
Invariant sites: 82.50 %

Partition 7: S_p2
Model: TIM3+I+G4m+B
Alignment sites / patterns: 1274 / 47
Gaps: 0.01 %
Invariant sites: 90.19 %

Partition 8: S_p3
Model: HKY+FO+G4m+B
Alignment sites / patterns: 1274 / 93
Gaps: 0.01 %
Invariant sites: 49.76 %

Partition 9: ORF3a_p1
Model: JC+G4m+B
Alignment sites / patterns: 276 / 24
Gaps: 0.00 %
Invariant sites: 89.86 %

Partition 10: ORF3a_p2
Model: F81+FO+I+G4m+B
Alignment sites / patterns: 276 / 23
Gaps: 0.00 %
Invariant sites: 93.84 %

Partition 11: ORF3a_p3
Model: GTR+FO+I+G4m+B
Alignment sites / patterns: 276 / 30
Gaps: 0.00 %
Invariant sites: 69.93 %

Partition 12: E_p1
Model: JC+B
Alignment sites / patterns: 76 / 6
Gaps: 0.00 %
Invariant sites: 97.37 %

Partition 13: E_p2
Model: JC+B
Alignment sites / patterns: 76 / 6
Gaps: 0.00 %
Invariant sites: 97.37 %

Partition 14: E_p3
Model: JC+B
Alignment sites / patterns: 76 / 7
Gaps: 0.00 %
Invariant sites: 96.05 %

Partition 15: M_p1
Model: K80+I+B
Alignment sites / patterns: 223 / 11
Gaps: 0.00 %
Invariant sites: 95.07 %

Partition 16: M_p2
Model: JC+B
Alignment sites / patterns: 223 / 9
Gaps: 0.00 %
Invariant sites: 98.21 %

Partition 17: M_p3
Model: K80+I+G4m+B
Alignment sites / patterns: 223 / 29
Gaps: 0.00 %
Invariant sites: 77.58 %

Partition 18: ORF6_p1
Model: JC+B
Alignment sites / patterns: 62 / 7
Gaps: 0.00 %
Invariant sites: 93.55 %

Partition 19: ORF6_p2
Model: JC+B
Alignment sites / patterns: 62 / 6
Gaps: 0.00 %
Invariant sites: 96.77 %

Partition 20: ORF6_p3
Model: TN93ef+G4m+B
Alignment sites / patterns: 62 / 13
Gaps: 0.00 %
Invariant sites: 82.26 %

Partition 21: ORF7a_p1
Model: K80+B
Alignment sites / patterns: 122 / 11
Gaps: 0.00 %
Invariant sites: 90.98 %

Partition 22: ORF7a_p2
Model: K80+B
Alignment sites / patterns: 122 / 13
Gaps: 0.00 %
Invariant sites: 90.16 %

Partition 23: ORF7a_p3
Model: HKY+FO+G4m+B
Alignment sites / patterns: 122 / 19
Gaps: 0.00 %
Invariant sites: 76.23 %

Partition 24: ORF8_p1
Model: JC+I+G4m+B
Alignment sites / patterns: 122 / 14
Gaps: 0.00 %
Invariant sites: 92.62 %

Partition 25: ORF8_p2
Model: TIM3+I+G4m+B
Alignment sites / patterns: 122 / 12
Gaps: 0.00 %
Invariant sites: 94.26 %

Partition 26: ORF8_p3
Model: HKY+FO+B
Alignment sites / patterns: 122 / 18
Gaps: 0.00 %
Invariant sites: 68.85 %

Partition 27: N_p1
Model: F81+FO+I+G4m+B
Alignment sites / patterns: 420 / 21
Gaps: 0.00 %
Invariant sites: 93.81 %

Partition 28: N_p2
Model: HKY+FO+I+G4m+B
Alignment sites / patterns: 420 / 24
Gaps: 0.00 %
Invariant sites: 94.29 %

Partition 29: N_p3
Model: HKY+FO+G4m+B
Alignment sites / patterns: 420 / 41
Gaps: 0.00 %
Invariant sites: 74.52 %

Partition 30: ORF10_p1
Model: JC+B
Alignment sites / patterns: 39 / 8
Gaps: 0.00 %
Invariant sites: 89.74 %

Partition 31: ORF10_p2
Model: JC+B
Alignment sites / patterns: 39 / 4
Gaps: 0.00 %
Invariant sites: 100.00 %

Partition 32: ORF10_p3
Model: JC+B
Alignment sites / patterns: 39 / 5
Gaps: 0.00 %
Invariant sites: 97.44 %


[00:00:00] Generating 9 random starting tree(s) with 376 taxa
[00:00:00] Generating 9 parsimony starting tree(s) with 376 taxa
[00:00:03] Data distribution: max. partitions/sites/weight per thread: 33 / 1139 / 14960

Starting ML tree search with 18 distinct starting trees

[00:00:03 -329032.040514] Initial branch length optimization
[00:00:05 -74580.756463] Model parameter optimization (eps = 10.000000)
[00:01:50 -66359.473260] AUTODETECT spr round 1 (radius: 5)
[00:02:22 -63205.847126] AUTODETECT spr round 2 (radius: 10)
[00:03:04 -62128.150774] AUTODETECT spr round 3 (radius: 15)
[00:03:59 -61359.923971] AUTODETECT spr round 4 (radius: 20)
[00:05:07 -61059.429610] AUTODETECT spr round 5 (radius: 25)
[00:06:14 -61031.044828] SPR radius for FAST iterations: 25 (autodetect)
[00:06:14 -61031.044828] Model parameter optimization (eps = 3.000000)
[00:08:11 -60437.707947] FAST spr round 1 (radius: 25)
[00:10:21 -60005.350925] FAST spr round 2 (radius: 25)
[00:12:00 -59884.664365] FAST spr round 3 (radius: 25)
[00:13:22 -59884.620073] Model parameter optimization (eps = 1.000000)
[00:14:34 -59822.935161] SLOW spr round 1 (radius: 5)
[00:15:36 -59821.886895] SLOW spr round 2 (radius: 5)
[00:16:32 -59821.886603] SLOW spr round 3 (radius: 10)
[00:17:41 -59821.886594] SLOW spr round 4 (radius: 15)
[00:18:59 -59821.886594] SLOW spr round 5 (radius: 20)
[00:20:29 -59821.886594] SLOW spr round 6 (radius: 25)
[00:21:54 -59821.886594] Model parameter optimization (eps = 0.100000)

[00:22:21] ML tree search #1, logLikelihood: -59821.193596

[00:22:21 -329040.318990] Initial branch length optimization
[00:22:23 -74689.641382] Model parameter optimization (eps = 10.000000)
[00:23:55 -66377.663795] AUTODETECT spr round 1 (radius: 5)
[00:24:32 -63115.565322] AUTODETECT spr round 2 (radius: 10)
[00:25:23 -61996.780386] AUTODETECT spr round 3 (radius: 15)
[00:26:22 -61291.543959] AUTODETECT spr round 4 (radius: 20)
[00:27:36 -61102.113958] AUTODETECT spr round 5 (radius: 25)
[00:28:57 -60988.274120] SPR radius for FAST iterations: 25 (autodetect)
[00:28:57 -60988.274120] Model parameter optimization (eps = 3.000000)
[00:30:54 -60379.477181] FAST spr round 1 (radius: 25)
[00:33:37 -59954.191624] FAST spr round 2 (radius: 25)
[00:35:30 -59872.851869] FAST spr round 3 (radius: 25)
[00:37:02 -59872.781736] Model parameter optimization (eps = 1.000000)
[00:38:13 -59817.754825] SLOW spr round 1 (radius: 5)
[00:39:18 -59817.479398] SLOW spr round 2 (radius: 5)
[00:40:18 -59817.478766] SLOW spr round 3 (radius: 10)
[00:41:33 -59817.478099] SLOW spr round 4 (radius: 15)
[00:43:04 -59817.478098] SLOW spr round 5 (radius: 20)
[00:44:52 -59817.478098] SLOW spr round 6 (radius: 25)
[00:46:32 -59817.478098] Model parameter optimization (eps = 0.100000)

[00:46:56] ML tree search #2, logLikelihood: -59816.950611

[00:46:57 -329087.196935] Initial branch length optimization
[00:46:59 -74762.190401] Model parameter optimization (eps = 10.000000)
[00:48:34 -66405.305732] AUTODETECT spr round 1 (radius: 5)
[00:49:16 -63391.729372] AUTODETECT spr round 2 (radius: 10)
[00:50:09 -62204.075220] AUTODETECT spr round 3 (radius: 15)
[00:51:11 -61778.013649] AUTODETECT spr round 4 (radius: 20)
[00:52:25 -61248.350219] AUTODETECT spr round 5 (radius: 25)
[00:53:38 -61110.975302] SPR radius for FAST iterations: 25 (autodetect)
[00:53:38 -61110.975302] Model parameter optimization (eps = 3.000000)
[00:55:27 -60624.286953] FAST spr round 1 (radius: 25)
[00:57:53 -60000.993266] FAST spr round 2 (radius: 25)
[00:59:28 -60000.276163] FAST spr round 3 (radius: 25)
[01:00:52 -60000.234919] Model parameter optimization (eps = 1.000000)
[01:02:02 -59939.517485] SLOW spr round 1 (radius: 5)
[01:03:06 -59938.871244] SLOW spr round 2 (radius: 5)
[01:04:11 -59938.854770] SLOW spr round 3 (radius: 10)
[01:05:26 -59938.853397] SLOW spr round 4 (radius: 15)
[01:06:43 -59938.853396] SLOW spr round 5 (radius: 20)
[01:08:12 -59938.853396] SLOW spr round 6 (radius: 25)
[01:09:40 -59938.853396] Model parameter optimization (eps = 0.100000)

[01:10:21] ML tree search #3, logLikelihood: -59937.484313

[01:10:21 -328876.603196] Initial branch length optimization
[01:10:23 -74212.737111] Model parameter optimization (eps = 10.000000)
[01:11:51 -66220.855310] AUTODETECT spr round 1 (radius: 5)
[01:12:34 -63578.984523] AUTODETECT spr round 2 (radius: 10)
[01:13:28 -62128.526030] AUTODETECT spr round 3 (radius: 15)
[01:14:31 -61391.976574] AUTODETECT spr round 4 (radius: 20)
[01:15:38 -61089.974221] AUTODETECT spr round 5 (radius: 25)
[01:16:51 -60934.742344] SPR radius for FAST iterations: 25 (autodetect)
[01:16:51 -60934.742344] Model parameter optimization (eps = 3.000000)
[01:19:02 -60286.032656] FAST spr round 1 (radius: 25)
[01:21:32 -59837.604034] FAST spr round 2 (radius: 25)
[01:23:16 -59837.536121] Model parameter optimization (eps = 1.000000)
[01:24:07 -59816.956977] SLOW spr round 1 (radius: 5)
[01:25:21 -59816.654799] SLOW spr round 2 (radius: 5)
[01:26:26 -59816.654511] SLOW spr round 3 (radius: 10)
[01:27:48 -59816.654506] SLOW spr round 4 (radius: 15)
[01:29:19 -59816.654506] SLOW spr round 5 (radius: 20)
[01:30:58 -59816.654506] SLOW spr round 6 (radius: 25)
[01:32:29 -59816.654506] Model parameter optimization (eps = 0.100000)

[01:32:51] ML tree search #4, logLikelihood: -59816.302645

[01:32:51 -329141.578425] Initial branch length optimization
[01:32:54 -74800.659101] Model parameter optimization (eps = 10.000000)
[01:34:17 -66427.874818] AUTODETECT spr round 1 (radius: 5)
[01:35:01 -63450.975023] AUTODETECT spr round 2 (radius: 10)
[01:35:58 -62104.440850] AUTODETECT spr round 3 (radius: 15)
[01:37:03 -61640.710237] AUTODETECT spr round 4 (radius: 20)
[01:38:13 -61263.448870] AUTODETECT spr round 5 (radius: 25)
[01:39:30 -61170.708932] SPR radius for FAST iterations: 25 (autodetect)
[01:39:30 -61170.708932] Model parameter optimization (eps = 3.000000)
[01:41:21 -60591.164918] FAST spr round 1 (radius: 25)
[01:44:03 -59968.273120] FAST spr round 2 (radius: 25)
[01:46:01 -59961.660844] FAST spr round 3 (radius: 25)
[01:47:34 -59961.648836] Model parameter optimization (eps = 1.000000)
[01:48:14 -59942.762149] SLOW spr round 1 (radius: 5)
[01:49:23 -59942.757717] SLOW spr round 2 (radius: 10)
[01:50:43 -59942.757716] SLOW spr round 3 (radius: 15)
[01:52:11 -59942.757716] SLOW spr round 4 (radius: 20)
[01:53:50 -59942.757716] SLOW spr round 5 (radius: 25)
[01:55:21 -59942.757716] Model parameter optimization (eps = 0.100000)

[01:55:44] ML tree search #5, logLikelihood: -59942.077587

[01:55:44 -329003.469386] Initial branch length optimization
[01:55:46 -74510.421356] Model parameter optimization (eps = 10.000000)
[01:57:13 -66271.454488] AUTODETECT spr round 1 (radius: 5)
[01:57:55 -63552.798488] AUTODETECT spr round 2 (radius: 10)
[01:58:47 -62320.813046] AUTODETECT spr round 3 (radius: 15)
[01:59:56 -61439.197895] AUTODETECT spr round 4 (radius: 20)
[02:01:15 -60999.621470] AUTODETECT spr round 5 (radius: 25)
[02:02:28 -60861.317575] SPR radius for FAST iterations: 25 (autodetect)
[02:02:28 -60861.317575] Model parameter optimization (eps = 3.000000)
[02:04:33 -60242.277260] FAST spr round 1 (radius: 25)
[02:07:07 -59953.613323] FAST spr round 2 (radius: 25)
[02:09:02 -59945.111525] FAST spr round 3 (radius: 25)
[02:10:32 -59868.854099] FAST spr round 4 (radius: 25)
[02:11:45 -59868.790514] Model parameter optimization (eps = 1.000000)
[02:12:57 -59817.710628] SLOW spr round 1 (radius: 5)
[02:14:05 -59817.660080] SLOW spr round 2 (radius: 10)
[02:15:24 -59817.418833] SLOW spr round 3 (radius: 5)
[02:16:30 -59817.418772] SLOW spr round 4 (radius: 10)
[02:17:49 -59817.418771] SLOW spr round 5 (radius: 15)
[02:19:19 -59817.418355] SLOW spr round 6 (radius: 20)
[02:20:56 -59817.418355] SLOW spr round 7 (radius: 25)
[02:22:27 -59817.418355] Model parameter optimization (eps = 0.100000)

[02:22:53] ML tree search #6, logLikelihood: -59816.936210

[02:22:53 -329127.696089] Initial branch length optimization
[02:22:55 -74747.484553] Model parameter optimization (eps = 10.000000)
[02:24:23 -66374.416656] AUTODETECT spr round 1 (radius: 5)
[02:25:03 -63369.748140] AUTODETECT spr round 2 (radius: 10)
[02:25:56 -62166.337068] AUTODETECT spr round 3 (radius: 15)
[02:27:02 -61428.001653] AUTODETECT spr round 4 (radius: 20)
[02:28:19 -61086.086632] AUTODETECT spr round 5 (radius: 25)
[02:29:36 -61086.084015] SPR radius for FAST iterations: 20 (autodetect)
[02:29:36 -61086.084015] Model parameter optimization (eps = 3.000000)
[02:32:02 -60407.655096] FAST spr round 1 (radius: 20)
[02:34:22 -59840.952561] FAST spr round 2 (radius: 20)
[02:35:58 -59840.824404] FAST spr round 3 (radius: 20)
[02:37:16 -59840.818546] Model parameter optimization (eps = 1.000000)
[02:38:11 -59817.072353] SLOW spr round 1 (radius: 5)
[02:39:23 -59816.783734] SLOW spr round 2 (radius: 5)
[02:40:30 -59816.782166] SLOW spr round 3 (radius: 10)
[02:41:57 -59816.782156] SLOW spr round 4 (radius: 15)
[02:43:27 -59816.782156] SLOW spr round 5 (radius: 20)
[02:44:57 -59816.782156] SLOW spr round 6 (radius: 25)
[02:46:21 -59816.782156] Model parameter optimization (eps = 0.100000)

[02:46:46] ML tree search #7, logLikelihood: -59816.314826

[02:46:47 -328941.640541] Initial branch length optimization
[02:46:49 -74406.582287] Model parameter optimization (eps = 10.000000)
[02:48:21 -66264.909708] AUTODETECT spr round 1 (radius: 5)
[02:49:03 -63327.923711] AUTODETECT spr round 2 (radius: 10)
[02:49:55 -62071.135105] AUTODETECT spr round 3 (radius: 15)
[02:51:00 -61427.297034] AUTODETECT spr round 4 (radius: 20)
[02:52:15 -61075.845710] AUTODETECT spr round 5 (radius: 25)
[02:53:36 -60959.265054] SPR radius for FAST iterations: 25 (autodetect)
[02:53:36 -60959.265054] Model parameter optimization (eps = 3.000000)
[02:55:17 -60370.639784] FAST spr round 1 (radius: 25)
[02:57:56 -59878.792265] FAST spr round 2 (radius: 25)
[02:59:48 -59878.557650] FAST spr round 3 (radius: 25)
[03:01:08 -59878.557554] Model parameter optimization (eps = 1.000000)
[03:02:20 -59817.299071] SLOW spr round 1 (radius: 5)
[03:03:29 -59817.258506] SLOW spr round 2 (radius: 10)
[03:04:45 -59816.971264] SLOW spr round 3 (radius: 5)
[03:05:51 -59816.971257] SLOW spr round 4 (radius: 10)
[03:07:06 -59816.971257] SLOW spr round 5 (radius: 15)
[03:08:30 -59816.971257] SLOW spr round 6 (radius: 20)
[03:10:08 -59816.971257] SLOW spr round 7 (radius: 25)
[03:11:49 -59816.971257] Model parameter optimization (eps = 0.100000)

[03:12:13] ML tree search #8, logLikelihood: -59816.367621

[03:12:13 -328923.292735] Initial branch length optimization
[03:12:16 -74333.208279] Model parameter optimization (eps = 10.000000)
[03:13:45 -66286.658398] AUTODETECT spr round 1 (radius: 5)
[03:14:28 -63199.702995] AUTODETECT spr round 2 (radius: 10)
[03:15:23 -61883.038731] AUTODETECT spr round 3 (radius: 15)
[03:16:28 -61326.295561] AUTODETECT spr round 4 (radius: 20)
[03:17:48 -61000.513412] AUTODETECT spr round 5 (radius: 25)
[03:19:08 -60956.114068] SPR radius for FAST iterations: 25 (autodetect)
[03:19:08 -60956.114068] Model parameter optimization (eps = 3.000000)
[03:20:58 -60376.714167] FAST spr round 1 (radius: 25)
[03:23:27 -59952.959722] FAST spr round 2 (radius: 25)
[03:25:08 -59951.959987] FAST spr round 3 (radius: 25)
[03:26:39 -59949.414495] FAST spr round 4 (radius: 25)
[03:28:14 -59948.851906] FAST spr round 5 (radius: 25)
[03:29:37 -59875.695185] FAST spr round 6 (radius: 25)
[03:30:51 -59875.628252] Model parameter optimization (eps = 1.000000)
[03:32:00 -59817.195768] SLOW spr round 1 (radius: 5)
[03:33:10 -59816.869715] SLOW spr round 2 (radius: 5)
[03:34:17 -59816.869301] SLOW spr round 3 (radius: 10)
[03:35:39 -59816.869294] SLOW spr round 4 (radius: 15)
[03:37:06 -59816.869294] SLOW spr round 5 (radius: 20)
[03:38:38 -59816.869294] SLOW spr round 6 (radius: 25)
[03:40:04 -59816.869294] Model parameter optimization (eps = 0.100000)

[03:40:26] ML tree search #9, logLikelihood: -59816.343567

[03:40:26 -321525.742159] Initial branch length optimization
[03:40:28 -63055.035534] Model parameter optimization (eps = 10.000000)
[03:41:10 -59830.487851] AUTODETECT spr round 1 (radius: 5)
[03:41:53 -59829.203412] AUTODETECT spr round 2 (radius: 10)
[03:42:43 -59824.496484] AUTODETECT spr round 3 (radius: 15)
[03:43:43 -59824.496463] SPR radius for FAST iterations: 10 (autodetect)
[03:43:43 -59824.496463] Model parameter optimization (eps = 3.000000)
[03:43:52 -59822.801716] FAST spr round 1 (radius: 10)
[03:44:58 -59822.699902] FAST spr round 2 (radius: 10)
[03:45:55 -59822.677413] Model parameter optimization (eps = 1.000000)
[03:46:30 -59818.666762] SLOW spr round 1 (radius: 5)
[03:47:36 -59818.608373] SLOW spr round 2 (radius: 10)
[03:48:48 -59818.608262] SLOW spr round 3 (radius: 15)
[03:50:08 -59818.608261] SLOW spr round 4 (radius: 20)
[03:51:28 -59818.608261] SLOW spr round 5 (radius: 25)
[03:52:56 -59818.605394] Model parameter optimization (eps = 0.100000)

[03:53:37] ML tree search #10, logLikelihood: -59817.373275

[03:53:38 -321519.908472] Initial branch length optimization
[03:53:39 -63051.775992] Model parameter optimization (eps = 10.000000)
[03:54:18 -59833.486967] AUTODETECT spr round 1 (radius: 5)
[03:54:59 -59828.762106] AUTODETECT spr round 2 (radius: 10)
[03:55:49 -59827.402609] AUTODETECT spr round 3 (radius: 15)
[03:56:47 -59827.402608] SPR radius for FAST iterations: 10 (autodetect)
[03:56:47 -59827.402608] Model parameter optimization (eps = 3.000000)
[03:56:55 -59825.372202] FAST spr round 1 (radius: 10)
[03:57:58 -59825.300511] Model parameter optimization (eps = 1.000000)
[03:58:26 -59821.896638] SLOW spr round 1 (radius: 5)
[03:59:39 -59821.832390] SLOW spr round 2 (radius: 10)
[04:00:53 -59821.831623] SLOW spr round 3 (radius: 15)
[04:02:09 -59821.831457] SLOW spr round 4 (radius: 20)
[04:03:36 -59821.816883] SLOW spr round 5 (radius: 25)
[04:05:03 -59819.704181] SLOW spr round 6 (radius: 5)
[04:06:16 -59819.697993] SLOW spr round 7 (radius: 10)
[04:07:27 -59819.697838] SLOW spr round 8 (radius: 15)
[04:08:41 -59819.694698] SLOW spr round 9 (radius: 20)
[04:10:03 -59819.694698] SLOW spr round 10 (radius: 25)
[04:11:26 -59819.694698] Model parameter optimization (eps = 0.100000)

[04:12:21] ML tree search #11, logLikelihood: -59817.593723

[04:12:21 -321525.281581] Initial branch length optimization
[04:12:23 -63052.298483] Model parameter optimization (eps = 10.000000)
[04:13:03 -59832.374893] AUTODETECT spr round 1 (radius: 5)
[04:13:45 -59829.720910] AUTODETECT spr round 2 (radius: 10)
[04:14:36 -59828.580498] AUTODETECT spr round 3 (radius: 15)
[04:15:34 -59828.580438] SPR radius for FAST iterations: 10 (autodetect)
[04:15:34 -59828.580438] Model parameter optimization (eps = 3.000000)
[04:15:44 -59826.895976] FAST spr round 1 (radius: 10)
[04:16:49 -59826.813816] Model parameter optimization (eps = 1.000000)
[04:17:06 -59824.690186] SLOW spr round 1 (radius: 5)
[04:18:23 -59824.616477] SLOW spr round 2 (radius: 10)
[04:19:35 -59824.602021] SLOW spr round 3 (radius: 15)
[04:20:49 -59824.602021] SLOW spr round 4 (radius: 20)
[04:22:12 -59824.602021] SLOW spr round 5 (radius: 25)
[04:23:36 -59820.875959] SLOW spr round 6 (radius: 5)
[04:24:56 -59820.833061] SLOW spr round 7 (radius: 10)
[04:26:09 -59820.832949] SLOW spr round 8 (radius: 15)
[04:27:25 -59820.832948] SLOW spr round 9 (radius: 20)
[04:28:49 -59820.832541] SLOW spr round 10 (radius: 25)
[04:30:15 -59820.832541] Model parameter optimization (eps = 0.100000)

[04:31:15] ML tree search #12, logLikelihood: -59817.617634

[04:31:15 -321525.031683] Initial branch length optimization
[04:31:17 -63061.597510] Model parameter optimization (eps = 10.000000)
[04:31:55 -59840.757818] AUTODETECT spr round 1 (radius: 5)
[04:32:37 -59829.758649] AUTODETECT spr round 2 (radius: 10)
[04:33:28 -59828.584879] AUTODETECT spr round 3 (radius: 15)
[04:34:28 -59826.524350] AUTODETECT spr round 4 (radius: 20)
[04:35:28 -59825.197254] AUTODETECT spr round 5 (radius: 25)
[04:36:28 -59825.197254] SPR radius for FAST iterations: 20 (autodetect)
[04:36:28 -59825.197254] Model parameter optimization (eps = 3.000000)
[04:36:36 -59823.168472] FAST spr round 1 (radius: 20)
[04:38:21 -59823.077859] Model parameter optimization (eps = 1.000000)
[04:38:56 -59818.846361] SLOW spr round 1 (radius: 5)
[04:40:16 -59818.772694] SLOW spr round 2 (radius: 10)
[04:41:31 -59818.772389] SLOW spr round 3 (radius: 15)
[04:42:50 -59818.772387] SLOW spr round 4 (radius: 20)
[04:44:12 -59818.769411] SLOW spr round 5 (radius: 25)
[04:45:34 -59818.769411] Model parameter optimization (eps = 0.100000)

[04:46:16] ML tree search #13, logLikelihood: -59817.593142

[04:46:16 -321525.216409] Initial branch length optimization
[04:46:18 -63053.123866] Model parameter optimization (eps = 10.000000)
[04:46:56 -59830.431501] AUTODETECT spr round 1 (radius: 5)
[04:47:38 -59826.598424] AUTODETECT spr round 2 (radius: 10)
[04:48:29 -59826.569627] SPR radius for FAST iterations: 5 (autodetect)
[04:48:29 -59826.569627] Model parameter optimization (eps = 3.000000)
[04:48:38 -59824.887180] FAST spr round 1 (radius: 5)
[04:49:25 -59824.805538] Model parameter optimization (eps = 1.000000)
[04:49:42 -59822.673493] SLOW spr round 1 (radius: 5)
[04:50:54 -59822.609804] SLOW spr round 2 (radius: 10)
[04:52:06 -59822.609734] SLOW spr round 3 (radius: 15)
[04:53:25 -59820.499865] SLOW spr round 4 (radius: 5)
[04:54:40 -59820.494150] SLOW spr round 5 (radius: 10)
[04:55:52 -59820.494150] SLOW spr round 6 (radius: 15)
[04:57:08 -59820.494150] SLOW spr round 7 (radius: 20)
[04:58:36 -59820.494150] SLOW spr round 8 (radius: 25)
[04:59:57 -59820.494150] Model parameter optimization (eps = 0.100000)

[05:00:55] ML tree search #14, logLikelihood: -59817.568017

[05:00:55 -321526.207538] Initial branch length optimization
[05:00:57 -63058.441266] Model parameter optimization (eps = 10.000000)
[05:01:35 -59830.133148] AUTODETECT spr round 1 (radius: 5)
[05:02:16 -59825.605157] AUTODETECT spr round 2 (radius: 10)
[05:03:07 -59824.583875] AUTODETECT spr round 3 (radius: 15)
[05:04:06 -59824.580678] SPR radius for FAST iterations: 10 (autodetect)
[05:04:06 -59824.580678] Model parameter optimization (eps = 3.000000)
[05:04:15 -59822.833254] FAST spr round 1 (radius: 10)
[05:05:20 -59822.747791] Model parameter optimization (eps = 1.000000)
[05:05:46 -59819.575366] SLOW spr round 1 (radius: 5)
[05:07:03 -59819.501320] SLOW spr round 2 (radius: 10)
[05:08:17 -59819.501234] SLOW spr round 3 (radius: 15)
[05:09:34 -59819.486879] SLOW spr round 4 (radius: 20)
[05:11:03 -59819.486879] SLOW spr round 5 (radius: 25)
[05:12:32 -59819.486879] Model parameter optimization (eps = 0.100000)

[05:13:25] ML tree search #15, logLikelihood: -59817.553341

[05:13:25 -321525.820468] Initial branch length optimization
[05:13:27 -63057.281711] Model parameter optimization (eps = 10.000000)
[05:14:08 -59834.274005] AUTODETECT spr round 1 (radius: 5)
[05:14:51 -59830.148814] AUTODETECT spr round 2 (radius: 10)
[05:15:42 -59828.548078] AUTODETECT spr round 3 (radius: 15)
[05:16:39 -59828.548077] SPR radius for FAST iterations: 10 (autodetect)
[05:16:39 -59828.548077] Model parameter optimization (eps = 3.000000)
[05:16:47 -59826.881992] FAST spr round 1 (radius: 10)
[05:17:54 -59826.800141] Model parameter optimization (eps = 1.000000)
[05:18:13 -59824.673219] SLOW spr round 1 (radius: 5)
[05:19:31 -59824.603752] SLOW spr round 2 (radius: 10)
[05:20:43 -59824.603674] SLOW spr round 3 (radius: 15)
[05:21:58 -59824.603673] SLOW spr round 4 (radius: 20)
[05:23:20 -59824.603673] SLOW spr round 5 (radius: 25)
[05:24:46 -59820.821254] SLOW spr round 6 (radius: 5)
[05:26:06 -59820.782050] SLOW spr round 7 (radius: 10)
[05:27:19 -59820.781937] SLOW spr round 8 (radius: 15)
[05:28:36 -59820.781936] SLOW spr round 9 (radius: 20)
[05:29:59 -59820.779098] SLOW spr round 10 (radius: 25)
[05:31:25 -59820.779098] Model parameter optimization (eps = 0.100000)

[05:32:29] ML tree search #16, logLikelihood: -59817.417118

[05:32:29 -321518.489951] Initial branch length optimization
[05:32:31 -63050.275801] Model parameter optimization (eps = 10.000000)
[05:33:14 -59831.958413] AUTODETECT spr round 1 (radius: 5)
[05:33:57 -59828.803495] AUTODETECT spr round 2 (radius: 10)
[05:34:49 -59828.774493] SPR radius for FAST iterations: 5 (autodetect)
[05:34:49 -59828.774493] Model parameter optimization (eps = 3.000000)
[05:34:58 -59826.979876] FAST spr round 1 (radius: 5)
[05:35:47 -59826.911270] Model parameter optimization (eps = 1.000000)
[05:36:07 -59824.760078] SLOW spr round 1 (radius: 5)
[05:37:19 -59824.690739] SLOW spr round 2 (radius: 10)
[05:38:36 -59824.685555] SLOW spr round 3 (radius: 15)
[05:39:57 -59824.682696] SLOW spr round 4 (radius: 20)
[05:41:30 -59824.682696] SLOW spr round 5 (radius: 25)
[05:43:07 -59824.679819] Model parameter optimization (eps = 0.100000)

[05:44:10] ML tree search #17, logLikelihood: -59821.685127

[05:44:10 -321523.157037] Initial branch length optimization
[05:44:12 -63056.681550] Model parameter optimization (eps = 10.000000)
[05:44:56 -59839.299680] AUTODETECT spr round 1 (radius: 5)
[05:45:38 -59829.801849] AUTODETECT spr round 2 (radius: 10)
[05:46:30 -59825.236932] AUTODETECT spr round 3 (radius: 15)
[05:47:30 -59825.236650] SPR radius for FAST iterations: 10 (autodetect)
[05:47:30 -59825.236650] Model parameter optimization (eps = 3.000000)
[05:47:39 -59823.132159] FAST spr round 1 (radius: 10)
[05:48:44 -59823.073880] Model parameter optimization (eps = 1.000000)
[05:49:20 -59818.840113] SLOW spr round 1 (radius: 5)
[05:50:35 -59818.774468] SLOW spr round 2 (radius: 10)
[05:51:50 -59818.771202] SLOW spr round 3 (radius: 15)
[05:53:14 -59818.771055] SLOW spr round 4 (radius: 20)
[05:54:57 -59818.771055] SLOW spr round 5 (radius: 25)
[05:56:37 -59818.771055] Model parameter optimization (eps = 0.100000)

[05:57:28] ML tree search #18, logLikelihood: -59817.593083



Final LogLikelihood: -59816.302645

AIC score: 121420.605291 / AICc score: 121477.239634 / BIC score: 128823.143870
Free parameters (model + branch lengths): 894

Best ML tree saved to: /home/hikoyu/analysis/Genome/SARS-CoV-2/phylogeny/RAxML-NG/DNA/part/sep/SARS-CoV-2_200414.0.raxml.bestTree
All ML trees saved to: /home/hikoyu/analysis/Genome/SARS-CoV-2/phylogeny/RAxML-NG/DNA/part/sep/SARS-CoV-2_200414.0.raxml.mlTrees
Optimized model saved to: /home/hikoyu/analysis/Genome/SARS-CoV-2/phylogeny/RAxML-NG/DNA/part/sep/SARS-CoV-2_200414.0.raxml.bestModel

Execution log saved to: /home/hikoyu/analysis/Genome/SARS-CoV-2/phylogeny/RAxML-NG/DNA/part/sep/SARS-CoV-2_200414.0.raxml.log

Analysis started: 24-Apr-2020 03:46:55 / finished: 24-Apr-2020 09:44:24

Elapsed time: 21448.511 seconds

