
RAxML-NG v. 0.9.0 released on 20.05.2019 by The Exelixis Lab.
Developed by: Alexey M. Kozlov and Alexandros Stamatakis.
Contributors: Diego Darriba, Tomas Flouri, Benoit Morel, Sarah Lutteropp, Ben Bettisworth.
Latest version: https://github.com/amkozlov/raxml-ng
Questions/problems/suggestions? Please visit: https://groups.google.com/forum/#!forum/raxml

RAxML-NG was called at 22-Mar-2020 03:40:28 as follows:

raxml-ng --threads 1 --search --tree rand{8},pars{8} --seed 562329377 --prefix phylogeny/RAxML-NG/DNA/part/sep/SARS-CoV-2_200320.5 --msa phylogeny/RAxML-NG/DNA/part/sep/SARS-CoV-2_200320.raxml.rba --outgroup MG772933.1

Analysis options:
  run mode: ML tree search
  start tree(s): random (8) + parsimony (8)
  random seed: 562329377
  tip-inner: OFF
  pattern compression: ON
  per-rate scalers: OFF
  site repeats: ON
  fast spr radius: AUTO
  spr subtree cutoff: 1.000000
  branch lengths: proportional (ML estimate, algorithm: NR-FAST)
  SIMD kernels: AVX2
  parallelization: NONE/sequential

[00:00:00] Loading binary alignment from file: phylogeny/RAxML-NG/DNA/part/sep/SARS-CoV-2_200320.raxml.rba
[00:00:00] Alignment comprises 78 taxa, 33 partitions and 772 patterns

Partition 0: orf1ab_U_p1
Model: TIM3+I+B
Alignment sites / patterns: 4405 / 60
Gaps: 0.10 %
Invariant sites: 95.28 %

Partition 1: orf1ab_U_p2
Model: HKY+FO+I+B
Alignment sites / patterns: 4405 / 64
Gaps: 0.10 %
Invariant sites: 96.82 %

Partition 2: orf1ab_U_p3
Model: TN93+FO+G4m+B
Alignment sites / patterns: 4405 / 85
Gaps: 0.10 %
Invariant sites: 73.94 %

Partition 3: orf1ab_D_p1
Model: TN93+FO+I+B
Alignment sites / patterns: 2697 / 35
Gaps: 0.04 %
Invariant sites: 93.33 %

Partition 4: orf1ab_D_p2
Model: HKY+FO+I+G4m+B
Alignment sites / patterns: 2697 / 33
Gaps: 0.04 %
Invariant sites: 98.07 %

Partition 5: orf1ab_D_p3
Model: TPM3uf+FO+G4m+B
Alignment sites / patterns: 2697 / 59
Gaps: 0.04 %
Invariant sites: 62.51 %

Partition 6: S_p1
Model: TN93+FO+I+B
Alignment sites / patterns: 1274 / 43
Gaps: 0.04 %
Invariant sites: 83.05 %

Partition 7: S_p2
Model: F81+FO+B
Alignment sites / patterns: 1274 / 39
Gaps: 0.04 %
Invariant sites: 90.19 %

Partition 8: S_p3
Model: HKY+FO+I+B
Alignment sites / patterns: 1274 / 69
Gaps: 0.04 %
Invariant sites: 50.24 %

Partition 9: ORF3a_p1
Model: JC+G4m+B
Alignment sites / patterns: 276 / 20
Gaps: 0.00 %
Invariant sites: 90.58 %

Partition 10: ORF3a_p2
Model: JC+I+G4m+B
Alignment sites / patterns: 276 / 14
Gaps: 0.00 %
Invariant sites: 95.65 %

Partition 11: ORF3a_p3
Model: HKY+FO+I+B
Alignment sites / patterns: 276 / 22
Gaps: 0.00 %
Invariant sites: 70.65 %

Partition 12: E_p1
Model: JC+B
Alignment sites / patterns: 76 / 5
Gaps: 0.00 %
Invariant sites: 98.68 %

Partition 13: E_p2
Model: JC+B
Alignment sites / patterns: 76 / 5
Gaps: 0.00 %
Invariant sites: 98.68 %

Partition 14: E_p3
Model: JC+B
Alignment sites / patterns: 76 / 6
Gaps: 0.00 %
Invariant sites: 97.37 %

Partition 15: M_p1
Model: TN93ef+B
Alignment sites / patterns: 223 / 9
Gaps: 0.01 %
Invariant sites: 95.52 %

Partition 16: M_p2
Model: JC+I+B
Alignment sites / patterns: 223 / 7
Gaps: 0.01 %
Invariant sites: 99.10 %

Partition 17: M_p3
Model: K80+I+B
Alignment sites / patterns: 223 / 28
Gaps: 0.01 %
Invariant sites: 78.03 %

Partition 18: ORF6_p1
Model: JC+B
Alignment sites / patterns: 62 / 6
Gaps: 0.00 %
Invariant sites: 95.16 %

Partition 19: ORF6_p2
Model: JC+B
Alignment sites / patterns: 62 / 6
Gaps: 0.00 %
Invariant sites: 96.77 %

Partition 20: ORF6_p3
Model: JC+B
Alignment sites / patterns: 62 / 9
Gaps: 0.00 %
Invariant sites: 88.71 %

Partition 21: ORF7a_p1
Model: K80+B
Alignment sites / patterns: 122 / 11
Gaps: 0.00 %
Invariant sites: 90.98 %

Partition 22: ORF7a_p2
Model: K80+B
Alignment sites / patterns: 122 / 10
Gaps: 0.00 %
Invariant sites: 92.62 %

Partition 23: ORF7a_p3
Model: HKY+FO+I+B
Alignment sites / patterns: 122 / 16
Gaps: 0.00 %
Invariant sites: 78.69 %

Partition 24: ORF8_p1
Model: JC+I+B
Alignment sites / patterns: 122 / 12
Gaps: 0.00 %
Invariant sites: 93.44 %

Partition 25: ORF8_p2
Model: K80+I+G4m+B
Alignment sites / patterns: 122 / 9
Gaps: 0.00 %
Invariant sites: 95.90 %

Partition 26: ORF8_p3
Model: HKY+FO+B
Alignment sites / patterns: 122 / 16
Gaps: 0.00 %
Invariant sites: 69.67 %

Partition 27: N_p1
Model: K80+I+B
Alignment sites / patterns: 420 / 15
Gaps: 0.00 %
Invariant sites: 95.24 %

Partition 28: N_p2
Model: F81+FO+B
Alignment sites / patterns: 420 / 15
Gaps: 0.00 %
Invariant sites: 96.19 %

Partition 29: N_p3
Model: HKY+FO+G4m+B
Alignment sites / patterns: 420 / 29
Gaps: 0.00 %
Invariant sites: 76.67 %

Partition 30: ORF10_p1
Model: JC+B
Alignment sites / patterns: 39 / 6
Gaps: 0.00 %
Invariant sites: 94.87 %

Partition 31: ORF10_p2
Model: JC+B
Alignment sites / patterns: 39 / 4
Gaps: 0.00 %
Invariant sites: 100.00 %

Partition 32: ORF10_p3
Model: JC+B
Alignment sites / patterns: 39 / 5
Gaps: 0.00 %
Invariant sites: 97.44 %


[00:00:00] Generating 8 random starting tree(s) with 78 taxa
[00:00:00] Generating 8 parsimony starting tree(s) with 78 taxa
[00:00:00] Data distribution: max. partitions/sites/weight per thread: 33 / 772 / 6076

Starting ML tree search with 16 distinct starting trees

[00:00:00 -182320.903031] Initial branch length optimization
[00:00:00 -60769.062815] Model parameter optimization (eps = 10.000000)
[00:00:07 -56888.424975] AUTODETECT spr round 1 (radius: 5)
[00:00:08 -56456.056914] AUTODETECT spr round 2 (radius: 10)
[00:00:10 -56276.865151] AUTODETECT spr round 3 (radius: 15)
[00:00:12 -56228.716752] AUTODETECT spr round 4 (radius: 20)
[00:00:14 -56228.716463] SPR radius for FAST iterations: 15 (autodetect)
[00:00:14 -56228.716463] Model parameter optimization (eps = 3.000000)
[00:00:16 -56214.890971] FAST spr round 1 (radius: 15)
[00:00:22 -56163.792061] FAST spr round 2 (radius: 15)
[00:00:27 -56163.786866] Model parameter optimization (eps = 1.000000)
[00:00:28 -56162.194379] SLOW spr round 1 (radius: 5)
[00:00:35 -56162.190998] SLOW spr round 2 (radius: 10)
[00:00:43 -56162.190970] SLOW spr round 3 (radius: 15)
[00:00:49 -56162.190968] SLOW spr round 4 (radius: 20)
[00:00:52 -56162.190968] SLOW spr round 5 (radius: 25)
[00:00:54 -56162.190968] Model parameter optimization (eps = 0.100000)

[00:00:57] ML tree search #1, logLikelihood: -56159.263577

[00:00:57 -182348.404081] Initial branch length optimization
[00:00:58 -60797.640564] Model parameter optimization (eps = 10.000000)
[00:01:04 -56893.928214] AUTODETECT spr round 1 (radius: 5)
[00:01:06 -56529.617041] AUTODETECT spr round 2 (radius: 10)
[00:01:08 -56308.559592] AUTODETECT spr round 3 (radius: 15)
[00:01:11 -56252.511634] AUTODETECT spr round 4 (radius: 20)
[00:01:12 -56249.327689] AUTODETECT spr round 5 (radius: 25)
[00:01:14 -56249.327677] SPR radius for FAST iterations: 20 (autodetect)
[00:01:14 -56249.327677] Model parameter optimization (eps = 3.000000)
[00:01:16 -56236.392580] FAST spr round 1 (radius: 20)
[00:01:22 -56163.480672] FAST spr round 2 (radius: 20)
[00:01:26 -56163.474489] Model parameter optimization (eps = 1.000000)
[00:01:27 -56162.596696] SLOW spr round 1 (radius: 5)
[00:01:33 -56162.593531] SLOW spr round 2 (radius: 10)
[00:01:40 -56162.593519] SLOW spr round 3 (radius: 15)
[00:01:45 -56162.593518] SLOW spr round 4 (radius: 20)
[00:01:49 -56162.593518] SLOW spr round 5 (radius: 25)
[00:01:52 -56162.593518] Model parameter optimization (eps = 0.100000)

[00:01:58] ML tree search #2, logLikelihood: -56158.645779

[00:01:58 -182349.475188] Initial branch length optimization
[00:01:59 -60793.708244] Model parameter optimization (eps = 10.000000)
[00:02:05 -56893.470123] AUTODETECT spr round 1 (radius: 5)
[00:02:07 -56553.963502] AUTODETECT spr round 2 (radius: 10)
[00:02:10 -56198.513824] AUTODETECT spr round 3 (radius: 15)
[00:02:13 -56198.477553] SPR radius for FAST iterations: 10 (autodetect)
[00:02:13 -56198.477553] Model parameter optimization (eps = 3.000000)
[00:02:16 -56183.145754] FAST spr round 1 (radius: 10)
[00:02:20 -56162.515337] FAST spr round 2 (radius: 10)
[00:02:24 -56162.514115] Model parameter optimization (eps = 1.000000)
[00:02:25 -56162.088845] SLOW spr round 1 (radius: 5)
[00:02:31 -56162.086180] SLOW spr round 2 (radius: 10)
[00:02:38 -56162.085900] SLOW spr round 3 (radius: 15)
[00:02:44 -56162.085900] SLOW spr round 4 (radius: 20)
[00:02:48 -56162.085900] SLOW spr round 5 (radius: 25)
[00:02:51 -56162.085900] Model parameter optimization (eps = 0.100000)

[00:02:56] ML tree search #3, logLikelihood: -56158.675586

[00:02:56 -182333.327548] Initial branch length optimization
[00:02:56 -60783.341306] Model parameter optimization (eps = 10.000000)
[00:03:03 -56893.931567] AUTODETECT spr round 1 (radius: 5)
[00:03:05 -56486.046769] AUTODETECT spr round 2 (radius: 10)
[00:03:07 -56344.187453] AUTODETECT spr round 3 (radius: 15)
[00:03:10 -56233.165429] AUTODETECT spr round 4 (radius: 20)
[00:03:12 -56233.154290] SPR radius for FAST iterations: 15 (autodetect)
[00:03:12 -56233.154290] Model parameter optimization (eps = 3.000000)
[00:03:14 -56217.812179] FAST spr round 1 (radius: 15)
[00:03:20 -56163.472507] FAST spr round 2 (radius: 15)
[00:03:26 -56163.462540] Model parameter optimization (eps = 1.000000)
[00:03:26 -56162.808836] SLOW spr round 1 (radius: 5)
[00:03:33 -56162.806288] SLOW spr round 2 (radius: 10)
[00:03:41 -56162.806286] SLOW spr round 3 (radius: 15)
[00:03:46 -56162.806286] SLOW spr round 4 (radius: 20)
[00:03:51 -56162.806286] SLOW spr round 5 (radius: 25)
[00:03:53 -56162.806286] Model parameter optimization (eps = 0.100000)

[00:03:58] ML tree search #4, logLikelihood: -56158.653508

[00:03:58 -182323.289232] Initial branch length optimization
[00:03:58 -60735.949365] Model parameter optimization (eps = 10.000000)
[00:04:06 -56867.277193] AUTODETECT spr round 1 (radius: 5)
[00:04:07 -56624.281407] AUTODETECT spr round 2 (radius: 10)
[00:04:10 -56319.985152] AUTODETECT spr round 3 (radius: 15)
[00:04:13 -56291.384038] AUTODETECT spr round 4 (radius: 20)
[00:04:15 -56290.719624] AUTODETECT spr round 5 (radius: 25)
[00:04:16 -56290.708055] SPR radius for FAST iterations: 20 (autodetect)
[00:04:16 -56290.708055] Model parameter optimization (eps = 3.000000)
[00:04:18 -56280.815450] FAST spr round 1 (radius: 20)
[00:04:25 -56169.009823] FAST spr round 2 (radius: 20)
[00:04:31 -56168.997815] Model parameter optimization (eps = 1.000000)
[00:04:35 -56160.002467] SLOW spr round 1 (radius: 5)
[00:04:41 -56160.000481] SLOW spr round 2 (radius: 10)
[00:04:49 -56160.000480] SLOW spr round 3 (radius: 15)
[00:04:56 -56160.000480] SLOW spr round 4 (radius: 20)
[00:05:00 -56160.000480] SLOW spr round 5 (radius: 25)
[00:05:02 -56160.000480] Model parameter optimization (eps = 0.100000)

[00:05:05] ML tree search #5, logLikelihood: -56158.668924

[00:05:05 -182328.761012] Initial branch length optimization
[00:05:05 -60745.083273] Model parameter optimization (eps = 10.000000)
[00:05:13 -56881.667716] AUTODETECT spr round 1 (radius: 5)
[00:05:14 -56604.905600] AUTODETECT spr round 2 (radius: 10)
[00:05:17 -56462.793766] AUTODETECT spr round 3 (radius: 15)
[00:05:19 -56357.913659] AUTODETECT spr round 4 (radius: 20)
[00:05:21 -56325.771242] AUTODETECT spr round 5 (radius: 25)
[00:05:23 -56325.771241] SPR radius for FAST iterations: 20 (autodetect)
[00:05:23 -56325.771241] Model parameter optimization (eps = 3.000000)
[00:05:25 -56315.994621] FAST spr round 1 (radius: 20)
[00:05:32 -56175.419886] FAST spr round 2 (radius: 20)
[00:05:39 -56168.960201] FAST spr round 3 (radius: 20)
[00:05:44 -56168.958886] Model parameter optimization (eps = 1.000000)
[00:05:47 -56159.999560] SLOW spr round 1 (radius: 5)
[00:05:53 -56159.997730] SLOW spr round 2 (radius: 10)
[00:06:01 -56159.997730] SLOW spr round 3 (radius: 15)
[00:06:08 -56159.997730] SLOW spr round 4 (radius: 20)
[00:06:12 -56159.997730] SLOW spr round 5 (radius: 25)
[00:06:15 -56159.997730] Model parameter optimization (eps = 0.100000)

[00:06:19] ML tree search #6, logLikelihood: -56158.700968

[00:06:19 -182362.220362] Initial branch length optimization
[00:06:19 -60798.813779] Model parameter optimization (eps = 10.000000)
[00:06:26 -56897.163232] AUTODETECT spr round 1 (radius: 5)
[00:06:28 -56592.640830] AUTODETECT spr round 2 (radius: 10)
[00:06:30 -56373.760975] AUTODETECT spr round 3 (radius: 15)
[00:06:33 -56241.839242] AUTODETECT spr round 4 (radius: 20)
[00:06:35 -56241.838369] SPR radius for FAST iterations: 15 (autodetect)
[00:06:35 -56241.838369] Model parameter optimization (eps = 3.000000)
[00:06:37 -56228.928829] FAST spr round 1 (radius: 15)
[00:06:43 -56163.470804] FAST spr round 2 (radius: 15)
[00:06:47 -56163.462559] Model parameter optimization (eps = 1.000000)
[00:06:48 -56162.576083] SLOW spr round 1 (radius: 5)
[00:06:55 -56162.572193] SLOW spr round 2 (radius: 10)
[00:07:03 -56162.572175] SLOW spr round 3 (radius: 15)
[00:07:08 -56162.572174] SLOW spr round 4 (radius: 20)
[00:07:13 -56162.572174] SLOW spr round 5 (radius: 25)
[00:07:15 -56162.572174] Model parameter optimization (eps = 0.100000)

[00:07:19] ML tree search #7, logLikelihood: -56159.269445

[00:07:19 -182339.450313] Initial branch length optimization
[00:07:19 -60771.369819] Model parameter optimization (eps = 10.000000)
[00:07:27 -56891.627851] AUTODETECT spr round 1 (radius: 5)
[00:07:28 -56613.216211] AUTODETECT spr round 2 (radius: 10)
[00:07:31 -56375.959063] AUTODETECT spr round 3 (radius: 15)
[00:07:33 -56314.627803] AUTODETECT spr round 4 (radius: 20)
[00:07:35 -56314.627803] SPR radius for FAST iterations: 15 (autodetect)
[00:07:35 -56314.627803] Model parameter optimization (eps = 3.000000)
[00:07:38 -56304.132950] FAST spr round 1 (radius: 15)
[00:07:44 -56170.119876] FAST spr round 2 (radius: 15)
[00:07:50 -56169.013072] FAST spr round 3 (radius: 15)
[00:07:54 -56169.005240] Model parameter optimization (eps = 1.000000)
[00:07:57 -56160.034226] SLOW spr round 1 (radius: 5)
[00:08:02 -56160.016780] SLOW spr round 2 (radius: 10)
[00:08:09 -56160.016780] SLOW spr round 3 (radius: 15)
[00:08:15 -56160.016780] SLOW spr round 4 (radius: 20)
[00:08:20 -56160.016780] SLOW spr round 5 (radius: 25)
[00:08:23 -56160.016780] Model parameter optimization (eps = 0.100000)

[00:08:26] ML tree search #8, logLikelihood: -56158.722287

[00:08:26 -179702.355450] Initial branch length optimization
[00:08:26 -59413.665878] Model parameter optimization (eps = 10.000000)
[00:08:31 -56167.549370] AUTODETECT spr round 1 (radius: 5)
[00:08:33 -56167.397845] AUTODETECT spr round 2 (radius: 10)
[00:08:36 -56167.396408] SPR radius for FAST iterations: 5 (autodetect)
[00:08:36 -56167.396408] Model parameter optimization (eps = 3.000000)
[00:08:38 -56159.794379] FAST spr round 1 (radius: 5)
[00:08:41 -56159.728937] Model parameter optimization (eps = 1.000000)
[00:08:45 -56154.234329] SLOW spr round 1 (radius: 5)
[00:08:51 -56154.167325] SLOW spr round 2 (radius: 10)
[00:08:59 -56154.164788] SLOW spr round 3 (radius: 15)
[00:09:04 -56154.164781] SLOW spr round 4 (radius: 20)
[00:09:08 -56154.164780] SLOW spr round 5 (radius: 25)
[00:09:11 -56154.164780] Model parameter optimization (eps = 0.100000)

[00:09:21] ML tree search #9, logLikelihood: -56149.626430

[00:09:21 -179706.251118] Initial branch length optimization
[00:09:22 -59417.670591] Model parameter optimization (eps = 10.000000)
[00:09:27 -56168.690825] AUTODETECT spr round 1 (radius: 5)
[00:09:29 -56168.530818] AUTODETECT spr round 2 (radius: 10)
[00:09:31 -56168.075582] AUTODETECT spr round 3 (radius: 15)
[00:09:34 -56168.075221] SPR radius for FAST iterations: 10 (autodetect)
[00:09:34 -56168.075221] Model parameter optimization (eps = 3.000000)
[00:09:36 -56160.624843] FAST spr round 1 (radius: 10)
[00:09:41 -56160.550323] Model parameter optimization (eps = 1.000000)
[00:09:45 -56155.146639] SLOW spr round 1 (radius: 5)
[00:09:51 -56155.085222] SLOW spr round 2 (radius: 10)
[00:10:01 -56155.084212] SLOW spr round 3 (radius: 15)
[00:10:07 -56155.084212] SLOW spr round 4 (radius: 20)
[00:10:10 -56155.084212] SLOW spr round 5 (radius: 25)
[00:10:12 -56155.084212] Model parameter optimization (eps = 0.100000)

[00:10:22] ML tree search #10, logLikelihood: -56150.618608

[00:10:22 -179701.129357] Initial branch length optimization
[00:10:22 -59413.903803] Model parameter optimization (eps = 10.000000)
[00:10:27 -56167.549232] AUTODETECT spr round 1 (radius: 5)
[00:10:29 -56167.406383] AUTODETECT spr round 2 (radius: 10)
[00:10:32 -56167.392042] SPR radius for FAST iterations: 5 (autodetect)
[00:10:32 -56167.392042] Model parameter optimization (eps = 3.000000)
[00:10:33 -56159.786722] FAST spr round 1 (radius: 5)
[00:10:36 -56159.726882] Model parameter optimization (eps = 1.000000)
[00:10:41 -56154.226298] SLOW spr round 1 (radius: 5)
[00:10:47 -56154.162026] SLOW spr round 2 (radius: 10)
[00:10:55 -56154.160546] SLOW spr round 3 (radius: 15)
[00:11:00 -56154.160540] SLOW spr round 4 (radius: 20)
[00:11:05 -56154.160539] SLOW spr round 5 (radius: 25)
[00:11:09 -56154.160539] Model parameter optimization (eps = 0.100000)

[00:11:21] ML tree search #11, logLikelihood: -56149.626383

[00:11:21 -179702.558569] Initial branch length optimization
[00:11:21 -59418.307877] Model parameter optimization (eps = 10.000000)
[00:11:26 -56169.801382] AUTODETECT spr round 1 (radius: 5)
[00:11:28 -56168.229733] AUTODETECT spr round 2 (radius: 10)
[00:11:31 -56168.229711] SPR radius for FAST iterations: 5 (autodetect)
[00:11:31 -56168.229711] Model parameter optimization (eps = 3.000000)
[00:11:34 -56160.702030] FAST spr round 1 (radius: 5)
[00:11:36 -56160.636929] Model parameter optimization (eps = 1.000000)
[00:11:41 -56155.187114] SLOW spr round 1 (radius: 5)
[00:11:47 -56155.122593] SLOW spr round 2 (radius: 10)
[00:11:56 -56155.121098] SLOW spr round 3 (radius: 15)
[00:12:01 -56155.106773] SLOW spr round 4 (radius: 20)
[00:12:06 -56155.106773] SLOW spr round 5 (radius: 25)
[00:12:10 -56155.106773] Model parameter optimization (eps = 0.100000)

[00:12:21] ML tree search #12, logLikelihood: -56150.619090

[00:12:21 -179701.634839] Initial branch length optimization
[00:12:21 -59413.710692] Model parameter optimization (eps = 10.000000)
[00:12:26 -56167.608479] AUTODETECT spr round 1 (radius: 5)
[00:12:28 -56167.463734] AUTODETECT spr round 2 (radius: 10)
[00:12:31 -56167.462775] SPR radius for FAST iterations: 5 (autodetect)
[00:12:31 -56167.462775] Model parameter optimization (eps = 3.000000)
[00:12:33 -56159.877595] FAST spr round 1 (radius: 5)
[00:12:36 -56159.814547] Model parameter optimization (eps = 1.000000)
[00:12:40 -56154.300156] SLOW spr round 1 (radius: 5)
[00:12:45 -56154.233819] SLOW spr round 2 (radius: 10)
[00:12:52 -56154.217746] SLOW spr round 3 (radius: 15)
[00:12:58 -56154.217745] SLOW spr round 4 (radius: 20)
[00:13:03 -56154.217745] SLOW spr round 5 (radius: 25)
[00:13:06 -56154.217745] Model parameter optimization (eps = 0.100000)

[00:13:18] ML tree search #13, logLikelihood: -56149.638527

[00:13:18 -179701.671227] Initial branch length optimization
[00:13:18 -59413.708243] Model parameter optimization (eps = 10.000000)
[00:13:23 -56167.611471] AUTODETECT spr round 1 (radius: 5)
[00:13:25 -56167.469272] AUTODETECT spr round 2 (radius: 10)
[00:13:28 -56167.468265] SPR radius for FAST iterations: 5 (autodetect)
[00:13:28 -56167.468265] Model parameter optimization (eps = 3.000000)
[00:13:29 -56159.877782] FAST spr round 1 (radius: 5)
[00:13:32 -56159.797603] Model parameter optimization (eps = 1.000000)
[00:13:36 -56154.278756] SLOW spr round 1 (radius: 5)
[00:13:42 -56154.214985] SLOW spr round 2 (radius: 10)
[00:13:49 -56154.212306] SLOW spr round 3 (radius: 15)
[00:13:55 -56154.212304] SLOW spr round 4 (radius: 20)
[00:14:01 -56154.212304] SLOW spr round 5 (radius: 25)
[00:14:05 -56154.212304] Model parameter optimization (eps = 0.100000)

[00:14:17] ML tree search #14, logLikelihood: -56149.641578

[00:14:17 -179701.753010] Initial branch length optimization
[00:14:17 -59413.711064] Model parameter optimization (eps = 10.000000)
[00:14:22 -56167.606053] AUTODETECT spr round 1 (radius: 5)
[00:14:24 -56167.462164] AUTODETECT spr round 2 (radius: 10)
[00:14:26 -56167.461158] SPR radius for FAST iterations: 5 (autodetect)
[00:14:26 -56167.461158] Model parameter optimization (eps = 3.000000)
[00:14:28 -56159.872454] FAST spr round 1 (radius: 5)
[00:14:31 -56159.809677] Model parameter optimization (eps = 1.000000)
[00:14:36 -56154.291904] SLOW spr round 1 (radius: 5)
[00:14:42 -56154.223293] SLOW spr round 2 (radius: 10)
[00:14:50 -56154.207171] SLOW spr round 3 (radius: 15)
[00:14:55 -56154.207170] SLOW spr round 4 (radius: 20)
[00:15:00 -56154.207170] SLOW spr round 5 (radius: 25)
[00:15:03 -56154.207170] Model parameter optimization (eps = 0.100000)

[00:15:14] ML tree search #15, logLikelihood: -56149.639216

[00:15:14 -179706.258888] Initial branch length optimization
[00:15:15 -59422.432108] Model parameter optimization (eps = 10.000000)
[00:15:20 -56175.692465] AUTODETECT spr round 1 (radius: 5)
[00:15:22 -56167.434376] AUTODETECT spr round 2 (radius: 10)
[00:15:25 -56167.434246] SPR radius for FAST iterations: 5 (autodetect)
[00:15:25 -56167.434246] Model parameter optimization (eps = 3.000000)
[00:15:27 -56159.841310] FAST spr round 1 (radius: 5)
[00:15:30 -56159.773681] Model parameter optimization (eps = 1.000000)
[00:15:34 -56154.279095] SLOW spr round 1 (radius: 5)
[00:15:40 -56154.216738] SLOW spr round 2 (radius: 10)
[00:15:49 -56154.214302] SLOW spr round 3 (radius: 15)
[00:15:54 -56154.214301] SLOW spr round 4 (radius: 20)
[00:15:59 -56154.214301] SLOW spr round 5 (radius: 25)
[00:16:03 -56154.214301] Model parameter optimization (eps = 0.100000)

[00:16:15] ML tree search #16, logLikelihood: -56149.653873



Final LogLikelihood: -56149.626383

AIC score: 112839.252766 / AICc score: 112844.320467 / BIC score: 115074.890992
Free parameters (model + branch lengths): 270

Best ML tree saved to: /home/hikoyu/analysis/Genome/SARS-CoV-2/phylogeny/RAxML-NG/DNA/part/sep/SARS-CoV-2_200320.5.raxml.bestTree
All ML trees saved to: /home/hikoyu/analysis/Genome/SARS-CoV-2/phylogeny/RAxML-NG/DNA/part/sep/SARS-CoV-2_200320.5.raxml.mlTrees
Optimized model saved to: /home/hikoyu/analysis/Genome/SARS-CoV-2/phylogeny/RAxML-NG/DNA/part/sep/SARS-CoV-2_200320.5.raxml.bestModel

Execution log saved to: /home/hikoyu/analysis/Genome/SARS-CoV-2/phylogeny/RAxML-NG/DNA/part/sep/SARS-CoV-2_200320.5.raxml.log

Analysis started: 22-Mar-2020 03:40:28 / finished: 22-Mar-2020 03:56:44

Elapsed time: 975.479 seconds

