
RAxML-NG v. 0.9.0 released on 20.05.2019 by The Exelixis Lab.
Developed by: Alexey M. Kozlov and Alexandros Stamatakis.
Contributors: Diego Darriba, Tomas Flouri, Benoit Morel, Sarah Lutteropp, Ben Bettisworth.
Latest version: https://github.com/amkozlov/raxml-ng
Questions/problems/suggestions? Please visit: https://groups.google.com/forum/#!forum/raxml

RAxML-NG was called at 30-Mar-2020 01:07:54 as follows:

raxml-ng --threads 1 --search --tree rand{9},pars{9} --seed 2051218440 --prefix phylogeny/RAxML-NG/DNA/univ/sep/SARS-CoV-2_200328.0 --msa phylogeny/RAxML-NG/DNA/univ/sep/SARS-CoV-2_200328.raxml.rba --outgroup MG772933.1

Analysis options:
  run mode: ML tree search
  start tree(s): random (9) + parsimony (9)
  random seed: 2051218440
  tip-inner: OFF
  pattern compression: ON
  per-rate scalers: OFF
  site repeats: ON
  fast spr radius: AUTO
  spr subtree cutoff: 1.000000
  branch lengths: proportional (ML estimate, algorithm: NR-FAST)
  SIMD kernels: AVX2
  parallelization: NONE/sequential

[00:00:00] Loading binary alignment from file: phylogeny/RAxML-NG/DNA/univ/sep/SARS-CoV-2_200328.raxml.rba
[00:00:00] Alignment comprises 80 taxa, 3 partitions and 342 patterns

Partition 0: p1
Model: GTR+FO+B
Alignment sites / patterns: 9716 / 91
Gaps: 0.06 %
Invariant sites: 92.86 %

Partition 1: p2
Model: HKY+FO+I+G4m+B
Alignment sites / patterns: 9716 / 111
Gaps: 0.06 %
Invariant sites: 96.18 %

Partition 2: p3
Model: GTR+FO+I+G4m+B
Alignment sites / patterns: 9716 / 140
Gaps: 0.06 %
Invariant sites: 68.10 %


[00:00:00] Generating 9 random starting tree(s) with 80 taxa
[00:00:00] Generating 9 parsimony starting tree(s) with 80 taxa
[00:00:00] Data distribution: max. partitions/sites/weight per thread: 3 / 342 / 4380

Starting ML tree search with 18 distinct starting trees

[00:00:00 -244838.383500] Initial branch length optimization
[00:00:00 -61497.915702] Model parameter optimization (eps = 10.000000)
[00:00:01 -57849.701047] AUTODETECT spr round 1 (radius: 5)
[00:00:01 -57399.907973] AUTODETECT spr round 2 (radius: 10)
[00:00:02 -57227.060161] AUTODETECT spr round 3 (radius: 15)
[00:00:02 -56919.653505] AUTODETECT spr round 4 (radius: 20)
[00:00:03 -56919.648507] SPR radius for FAST iterations: 15 (autodetect)
[00:00:03 -56919.648507] Model parameter optimization (eps = 3.000000)
[00:00:04 -56877.067849] FAST spr round 1 (radius: 15)
[00:00:05 -56801.231161] FAST spr round 2 (radius: 15)
[00:00:06 -56801.230064] Model parameter optimization (eps = 1.000000)
[00:00:07 -56799.086437] SLOW spr round 1 (radius: 5)
[00:00:08 -56799.080341] SLOW spr round 2 (radius: 10)
[00:00:10 -56799.080325] SLOW spr round 3 (radius: 15)
[00:00:12 -56798.854301] SLOW spr round 4 (radius: 5)
[00:00:13 -56798.854301] SLOW spr round 5 (radius: 10)
[00:00:15 -56798.854301] SLOW spr round 6 (radius: 15)
[00:00:17 -56798.854301] SLOW spr round 7 (radius: 20)
[00:00:18 -56798.854301] SLOW spr round 8 (radius: 25)
[00:00:19 -56798.854301] Model parameter optimization (eps = 0.100000)

[00:00:19] ML tree search #1, logLikelihood: -56798.609365

[00:00:19 -244833.632639] Initial branch length optimization
[00:00:19 -61456.283620] Model parameter optimization (eps = 10.000000)
[00:00:20 -57815.669779] AUTODETECT spr round 1 (radius: 5)
[00:00:21 -57394.954997] AUTODETECT spr round 2 (radius: 10)
[00:00:21 -57183.650097] AUTODETECT spr round 3 (radius: 15)
[00:00:22 -57109.208221] AUTODETECT spr round 4 (radius: 20)
[00:00:22 -57109.208220] SPR radius for FAST iterations: 15 (autodetect)
[00:00:22 -57109.208220] Model parameter optimization (eps = 3.000000)
[00:00:23 -57094.152390] FAST spr round 1 (radius: 15)
[00:00:25 -56825.992186] FAST spr round 2 (radius: 15)
[00:00:26 -56825.914282] Model parameter optimization (eps = 1.000000)
[00:00:27 -56799.204288] SLOW spr round 1 (radius: 5)
[00:00:29 -56799.196776] SLOW spr round 2 (radius: 10)
[00:00:31 -56799.196710] SLOW spr round 3 (radius: 15)
[00:00:33 -56798.983205] SLOW spr round 4 (radius: 5)
[00:00:35 -56798.983205] SLOW spr round 5 (radius: 10)
[00:00:37 -56798.983205] SLOW spr round 6 (radius: 15)
[00:00:39 -56798.983205] SLOW spr round 7 (radius: 20)
[00:00:40 -56798.983205] SLOW spr round 8 (radius: 25)
[00:00:40 -56798.983205] Model parameter optimization (eps = 0.100000)

[00:00:41] ML tree search #2, logLikelihood: -56798.601317

[00:00:41 -244816.406266] Initial branch length optimization
[00:00:41 -61428.559714] Model parameter optimization (eps = 10.000000)
[00:00:42 -57803.612903] AUTODETECT spr round 1 (radius: 5)
[00:00:42 -57403.792118] AUTODETECT spr round 2 (radius: 10)
[00:00:43 -57145.073015] AUTODETECT spr round 3 (radius: 15)
[00:00:43 -57111.789477] AUTODETECT spr round 4 (radius: 20)
[00:00:44 -57111.789477] SPR radius for FAST iterations: 15 (autodetect)
[00:00:44 -57111.789477] Model parameter optimization (eps = 3.000000)
[00:00:44 -57099.329756] FAST spr round 1 (radius: 15)
[00:00:46 -56825.390942] FAST spr round 2 (radius: 15)
[00:00:47 -56825.384064] Model parameter optimization (eps = 1.000000)
[00:00:48 -56799.210085] SLOW spr round 1 (radius: 5)
[00:00:50 -56799.201269] SLOW spr round 2 (radius: 10)
[00:00:52 -56798.987663] SLOW spr round 3 (radius: 5)
[00:00:54 -56798.987663] SLOW spr round 4 (radius: 10)
[00:00:56 -56798.987663] SLOW spr round 5 (radius: 15)
[00:00:57 -56798.987663] SLOW spr round 6 (radius: 20)
[00:00:58 -56798.987663] SLOW spr round 7 (radius: 25)
[00:01:00 -56798.987663] Model parameter optimization (eps = 0.100000)

[00:01:00] ML tree search #3, logLikelihood: -56798.602410

[00:01:00 -244829.659620] Initial branch length optimization
[00:01:00 -61490.082328] Model parameter optimization (eps = 10.000000)
[00:01:01 -57837.404152] AUTODETECT spr round 1 (radius: 5)
[00:01:02 -57380.953130] AUTODETECT spr round 2 (radius: 10)
[00:01:02 -56985.901917] AUTODETECT spr round 3 (radius: 15)
[00:01:03 -56948.704858] AUTODETECT spr round 4 (radius: 20)
[00:01:03 -56927.684834] AUTODETECT spr round 5 (radius: 25)
[00:01:03 -56927.684828] SPR radius for FAST iterations: 20 (autodetect)
[00:01:03 -56927.684828] Model parameter optimization (eps = 3.000000)
[00:01:04 -56886.383033] FAST spr round 1 (radius: 20)
[00:01:06 -56801.231065] FAST spr round 2 (radius: 20)
[00:01:07 -56801.229783] Model parameter optimization (eps = 1.000000)
[00:01:08 -56799.086314] SLOW spr round 1 (radius: 5)
[00:01:09 -56799.084167] SLOW spr round 2 (radius: 10)
[00:01:11 -56798.872354] SLOW spr round 3 (radius: 5)
[00:01:13 -56798.872354] SLOW spr round 4 (radius: 10)
[00:01:15 -56798.872354] SLOW spr round 5 (radius: 15)
[00:01:17 -56798.872354] SLOW spr round 6 (radius: 20)
[00:01:19 -56798.872354] SLOW spr round 7 (radius: 25)
[00:01:19 -56798.872354] Model parameter optimization (eps = 0.100000)

[00:01:19] ML tree search #4, logLikelihood: -56798.613514

[00:01:19 -244817.209249] Initial branch length optimization
[00:01:19 -61417.051775] Model parameter optimization (eps = 10.000000)
[00:01:20 -57780.265710] AUTODETECT spr round 1 (radius: 5)
[00:01:21 -57376.323368] AUTODETECT spr round 2 (radius: 10)
[00:01:22 -56936.964517] AUTODETECT spr round 3 (radius: 15)
[00:01:22 -56927.220387] AUTODETECT spr round 4 (radius: 20)
[00:01:23 -56926.341817] AUTODETECT spr round 5 (radius: 25)
[00:01:23 -56926.341815] SPR radius for FAST iterations: 20 (autodetect)
[00:01:23 -56926.341815] Model parameter optimization (eps = 3.000000)
[00:01:24 -56885.235163] FAST spr round 1 (radius: 20)
[00:01:26 -56800.686971] FAST spr round 2 (radius: 20)
[00:01:27 -56800.684107] Model parameter optimization (eps = 1.000000)
[00:01:28 -56798.996983] SLOW spr round 1 (radius: 5)
[00:01:29 -56798.990158] SLOW spr round 2 (radius: 10)
[00:01:31 -56798.779235] SLOW spr round 3 (radius: 5)
[00:01:33 -56798.779234] SLOW spr round 4 (radius: 10)
[00:01:35 -56798.779234] SLOW spr round 5 (radius: 15)
[00:01:37 -56798.779234] SLOW spr round 6 (radius: 20)
[00:01:38 -56798.779234] SLOW spr round 7 (radius: 25)
[00:01:39 -56798.779234] Model parameter optimization (eps = 0.100000)

[00:01:39] ML tree search #5, logLikelihood: -56798.596046

[00:01:39 -244788.954955] Initial branch length optimization
[00:01:39 -61365.745371] Model parameter optimization (eps = 10.000000)
[00:01:40 -57754.270469] AUTODETECT spr round 1 (radius: 5)
[00:01:40 -57372.573453] AUTODETECT spr round 2 (radius: 10)
[00:01:41 -57193.934220] AUTODETECT spr round 3 (radius: 15)
[00:01:41 -56945.843742] AUTODETECT spr round 4 (radius: 20)
[00:01:42 -56936.019269] AUTODETECT spr round 5 (radius: 25)
[00:01:42 -56924.123604] SPR radius for FAST iterations: 25 (autodetect)
[00:01:42 -56924.123604] Model parameter optimization (eps = 3.000000)
[00:01:43 -56896.183803] FAST spr round 1 (radius: 25)
[00:01:45 -56801.983256] FAST spr round 2 (radius: 25)
[00:01:46 -56801.980320] Model parameter optimization (eps = 1.000000)
[00:01:46 -56799.264501] SLOW spr round 1 (radius: 5)
[00:01:48 -56799.257665] SLOW spr round 2 (radius: 10)
[00:01:50 -56799.257658] SLOW spr round 3 (radius: 15)
[00:01:52 -56799.257658] SLOW spr round 4 (radius: 20)
[00:01:53 -56799.257658] SLOW spr round 5 (radius: 25)
[00:01:54 -56799.257658] Model parameter optimization (eps = 0.100000)

[00:01:54] ML tree search #6, logLikelihood: -56799.022826

[00:01:54 -244805.968048] Initial branch length optimization
[00:01:54 -61400.513497] Model parameter optimization (eps = 10.000000)
[00:01:55 -57779.815518] AUTODETECT spr round 1 (radius: 5)
[00:01:55 -57246.843963] AUTODETECT spr round 2 (radius: 10)
[00:01:56 -57078.374030] AUTODETECT spr round 3 (radius: 15)
[00:01:57 -57000.103611] AUTODETECT spr round 4 (radius: 20)
[00:01:57 -57000.103590] SPR radius for FAST iterations: 15 (autodetect)
[00:01:57 -57000.103590] Model parameter optimization (eps = 3.000000)
[00:01:58 -56967.162076] FAST spr round 1 (radius: 15)
[00:01:59 -56802.928455] FAST spr round 2 (radius: 15)
[00:02:00 -56802.918446] Model parameter optimization (eps = 1.000000)
[00:02:01 -56799.236220] SLOW spr round 1 (radius: 5)
[00:02:02 -56799.234043] SLOW spr round 2 (radius: 10)
[00:02:04 -56799.020928] SLOW spr round 3 (radius: 5)
[00:02:06 -56799.020927] SLOW spr round 4 (radius: 10)
[00:02:08 -56799.020927] SLOW spr round 5 (radius: 15)
[00:02:10 -56799.020927] SLOW spr round 6 (radius: 20)
[00:02:11 -56799.020927] SLOW spr round 7 (radius: 25)
[00:02:12 -56799.020927] Model parameter optimization (eps = 0.100000)

[00:02:13] ML tree search #7, logLikelihood: -56798.596775

[00:02:13 -244819.672256] Initial branch length optimization
[00:02:13 -61425.994469] Model parameter optimization (eps = 10.000000)
[00:02:14 -57790.839668] AUTODETECT spr round 1 (radius: 5)
[00:02:14 -57301.554063] AUTODETECT spr round 2 (radius: 10)
[00:02:15 -56926.261633] AUTODETECT spr round 3 (radius: 15)
[00:02:15 -56922.325860] AUTODETECT spr round 4 (radius: 20)
[00:02:16 -56922.325819] SPR radius for FAST iterations: 15 (autodetect)
[00:02:16 -56922.325819] Model parameter optimization (eps = 3.000000)
[00:02:17 -56884.139550] FAST spr round 1 (radius: 15)
[00:02:18 -56800.919985] FAST spr round 2 (radius: 15)
[00:02:19 -56800.916867] Model parameter optimization (eps = 1.000000)
[00:02:20 -56798.979897] SLOW spr round 1 (radius: 5)
[00:02:21 -56798.978026] SLOW spr round 2 (radius: 10)
[00:02:24 -56798.767475] SLOW spr round 3 (radius: 5)
[00:02:25 -56798.767475] SLOW spr round 4 (radius: 10)
[00:02:28 -56798.767475] SLOW spr round 5 (radius: 15)
[00:02:30 -56798.767475] SLOW spr round 6 (radius: 20)
[00:02:31 -56798.767475] SLOW spr round 7 (radius: 25)
[00:02:31 -56798.767475] Model parameter optimization (eps = 0.100000)

[00:02:32] ML tree search #8, logLikelihood: -56798.588755

[00:02:32 -244820.333719] Initial branch length optimization
[00:02:32 -61484.309843] Model parameter optimization (eps = 10.000000)
[00:02:33 -57829.747928] AUTODETECT spr round 1 (radius: 5)
[00:02:33 -57449.125757] AUTODETECT spr round 2 (radius: 10)
[00:02:34 -57151.841760] AUTODETECT spr round 3 (radius: 15)
[00:02:34 -57151.827328] SPR radius for FAST iterations: 10 (autodetect)
[00:02:34 -57151.827328] Model parameter optimization (eps = 3.000000)
[00:02:35 -57138.391254] FAST spr round 1 (radius: 10)
[00:02:36 -56848.990879] FAST spr round 2 (radius: 10)
[00:02:37 -56839.640718] FAST spr round 3 (radius: 10)
[00:02:38 -56839.640706] Model parameter optimization (eps = 1.000000)
[00:02:39 -56809.746581] SLOW spr round 1 (radius: 5)
[00:02:40 -56809.533910] SLOW spr round 2 (radius: 5)
[00:02:42 -56809.533843] SLOW spr round 3 (radius: 10)
[00:02:44 -56809.533843] SLOW spr round 4 (radius: 15)
[00:02:46 -56809.533843] SLOW spr round 5 (radius: 20)
[00:02:47 -56799.047514] SLOW spr round 6 (radius: 5)
[00:02:49 -56799.047514] SLOW spr round 7 (radius: 10)
[00:02:51 -56799.047514] SLOW spr round 8 (radius: 15)
[00:02:52 -56799.047514] SLOW spr round 9 (radius: 20)
[00:02:53 -56799.047514] SLOW spr round 10 (radius: 25)
[00:02:55 -56799.047514] Model parameter optimization (eps = 0.100000)

[00:02:55] ML tree search #9, logLikelihood: -56798.603634

[00:02:55 -241967.262216] Initial branch length optimization
[00:02:55 -60213.630337] Model parameter optimization (eps = 10.000000)
[00:02:56 -56802.702508] AUTODETECT spr round 1 (radius: 5)
[00:02:56 -56800.149012] AUTODETECT spr round 2 (radius: 10)
[00:02:57 -56800.146974] SPR radius for FAST iterations: 5 (autodetect)
[00:02:57 -56800.146974] Model parameter optimization (eps = 3.000000)
[00:02:57 -56799.542956] FAST spr round 1 (radius: 5)
[00:02:57 -56799.535946] Model parameter optimization (eps = 1.000000)
[00:02:58 -56799.200440] SLOW spr round 1 (radius: 5)
[00:02:59 -56799.188155] SLOW spr round 2 (radius: 10)
[00:03:01 -56798.973192] SLOW spr round 3 (radius: 5)
[00:03:03 -56798.972694] SLOW spr round 4 (radius: 10)
[00:03:05 -56798.972496] SLOW spr round 5 (radius: 15)
[00:03:06 -56798.972496] SLOW spr round 6 (radius: 20)
[00:03:08 -56798.972496] SLOW spr round 7 (radius: 25)
[00:03:08 -56798.972496] Model parameter optimization (eps = 0.100000)

[00:03:08] ML tree search #10, logLikelihood: -56798.700016

[00:03:08 -241966.680299] Initial branch length optimization
[00:03:08 -60211.962984] Model parameter optimization (eps = 10.000000)
[00:03:09 -56801.402343] AUTODETECT spr round 1 (radius: 5)
[00:03:10 -56800.201421] AUTODETECT spr round 2 (radius: 10)
[00:03:10 -56800.184268] SPR radius for FAST iterations: 5 (autodetect)
[00:03:10 -56800.184268] Model parameter optimization (eps = 3.000000)
[00:03:11 -56799.570801] FAST spr round 1 (radius: 5)
[00:03:11 -56799.561184] Model parameter optimization (eps = 1.000000)
[00:03:11 -56799.199472] SLOW spr round 1 (radius: 5)
[00:03:13 -56799.190146] SLOW spr round 2 (radius: 10)
[00:03:15 -56798.990107] SLOW spr round 3 (radius: 5)
[00:03:17 -56798.989846] SLOW spr round 4 (radius: 10)
[00:03:19 -56798.989846] SLOW spr round 5 (radius: 15)
[00:03:21 -56798.989846] SLOW spr round 6 (radius: 20)
[00:03:22 -56798.989846] SLOW spr round 7 (radius: 25)
[00:03:23 -56798.989846] Model parameter optimization (eps = 0.100000)

[00:03:23] ML tree search #11, logLikelihood: -56798.705505

[00:03:23 -241972.156509] Initial branch length optimization
[00:03:23 -60212.661526] Model parameter optimization (eps = 10.000000)
[00:03:24 -56801.913271] AUTODETECT spr round 1 (radius: 5)
[00:03:24 -56800.112631] AUTODETECT spr round 2 (radius: 10)
[00:03:25 -56800.110509] SPR radius for FAST iterations: 5 (autodetect)
[00:03:25 -56800.110509] Model parameter optimization (eps = 3.000000)
[00:03:25 -56799.518021] FAST spr round 1 (radius: 5)
[00:03:26 -56799.511036] Model parameter optimization (eps = 1.000000)
[00:03:26 -56799.180982] SLOW spr round 1 (radius: 5)
[00:03:28 -56799.171622] SLOW spr round 2 (radius: 10)
[00:03:30 -56798.957059] SLOW spr round 3 (radius: 5)
[00:03:31 -56798.957050] SLOW spr round 4 (radius: 10)
[00:03:34 -56798.957050] SLOW spr round 5 (radius: 15)
[00:03:35 -56798.957050] SLOW spr round 6 (radius: 20)
[00:03:36 -56798.957050] SLOW spr round 7 (radius: 25)
[00:03:38 -56798.957050] Model parameter optimization (eps = 0.100000)

[00:03:38] ML tree search #12, logLikelihood: -56798.694446

[00:03:38 -241966.607882] Initial branch length optimization
[00:03:38 -60214.563695] Model parameter optimization (eps = 10.000000)
[00:03:39 -56802.220733] AUTODETECT spr round 1 (radius: 5)
[00:03:39 -56801.009542] AUTODETECT spr round 2 (radius: 10)
[00:03:40 -56800.165362] AUTODETECT spr round 3 (radius: 15)
[00:03:40 -56800.164530] SPR radius for FAST iterations: 10 (autodetect)
[00:03:40 -56800.164530] Model parameter optimization (eps = 3.000000)
[00:03:40 -56799.552764] FAST spr round 1 (radius: 10)
[00:03:41 -56799.542853] Model parameter optimization (eps = 1.000000)
[00:03:41 -56799.202552] SLOW spr round 1 (radius: 5)
[00:03:43 -56798.993446] SLOW spr round 2 (radius: 5)
[00:03:45 -56798.990556] SLOW spr round 3 (radius: 10)
[00:03:47 -56798.975960] SLOW spr round 4 (radius: 15)
[00:03:49 -56798.975960] SLOW spr round 5 (radius: 20)
[00:03:50 -56798.975960] SLOW spr round 6 (radius: 25)
[00:03:51 -56798.975960] Model parameter optimization (eps = 0.100000)

[00:03:51] ML tree search #13, logLikelihood: -56798.701807

[00:03:51 -241966.599123] Initial branch length optimization
[00:03:51 -60214.568262] Model parameter optimization (eps = 10.000000)
[00:03:52 -56802.221702] AUTODETECT spr round 1 (radius: 5)
[00:03:52 -56801.371749] AUTODETECT spr round 2 (radius: 10)
[00:03:53 -56801.369770] SPR radius for FAST iterations: 5 (autodetect)
[00:03:53 -56801.369770] Model parameter optimization (eps = 3.000000)
[00:03:53 -56800.797356] FAST spr round 1 (radius: 5)
[00:03:54 -56799.569592] FAST spr round 2 (radius: 5)
[00:03:54 -56799.565310] Model parameter optimization (eps = 1.000000)
[00:03:54 -56799.206420] SLOW spr round 1 (radius: 5)
[00:03:56 -56798.999493] SLOW spr round 2 (radius: 5)
[00:03:58 -56798.997145] SLOW spr round 3 (radius: 10)
[00:03:59 -56798.982628] SLOW spr round 4 (radius: 15)
[00:04:01 -56798.982468] SLOW spr round 5 (radius: 20)
[00:04:02 -56798.982468] SLOW spr round 6 (radius: 25)
[00:04:03 -56798.982468] Model parameter optimization (eps = 0.100000)

[00:04:03] ML tree search #14, logLikelihood: -56798.704159

[00:04:03 -241966.603573] Initial branch length optimization
[00:04:03 -60214.573325] Model parameter optimization (eps = 10.000000)
[00:04:04 -56802.221014] AUTODETECT spr round 1 (radius: 5)
[00:04:05 -56801.009922] AUTODETECT spr round 2 (radius: 10)
[00:04:05 -56800.993183] SPR radius for FAST iterations: 5 (autodetect)
[00:04:05 -56800.993183] Model parameter optimization (eps = 3.000000)
[00:04:05 -56800.374540] FAST spr round 1 (radius: 5)
[00:04:06 -56800.365456] Model parameter optimization (eps = 1.000000)
[00:04:06 -56800.046248] SLOW spr round 1 (radius: 5)
[00:04:08 -56800.036523] SLOW spr round 2 (radius: 10)
[00:04:10 -56799.219013] SLOW spr round 3 (radius: 5)
[00:04:12 -56799.017626] SLOW spr round 4 (radius: 5)
[00:04:14 -56799.017626] SLOW spr round 5 (radius: 10)
[00:04:16 -56799.017625] SLOW spr round 6 (radius: 15)
[00:04:18 -56799.017625] SLOW spr round 7 (radius: 20)
[00:04:19 -56799.017625] SLOW spr round 8 (radius: 25)
[00:04:19 -56799.017625] Model parameter optimization (eps = 0.100000)

[00:04:20] ML tree search #15, logLikelihood: -56798.701748

[00:04:20 -241967.130772] Initial branch length optimization
[00:04:20 -60214.632124] Model parameter optimization (eps = 10.000000)
[00:04:21 -56802.221769] AUTODETECT spr round 1 (radius: 5)
[00:04:21 -56800.167682] AUTODETECT spr round 2 (radius: 10)
[00:04:21 -56800.167244] SPR radius for FAST iterations: 5 (autodetect)
[00:04:21 -56800.167244] Model parameter optimization (eps = 3.000000)
[00:04:22 -56799.555460] FAST spr round 1 (radius: 5)
[00:04:22 -56799.542865] Model parameter optimization (eps = 1.000000)
[00:04:22 -56799.202559] SLOW spr round 1 (radius: 5)
[00:04:24 -56799.190876] SLOW spr round 2 (radius: 10)
[00:04:27 -56798.990391] SLOW spr round 3 (radius: 5)
[00:04:29 -56798.990058] SLOW spr round 4 (radius: 10)
[00:04:32 -56798.990058] SLOW spr round 5 (radius: 15)
[00:04:33 -56798.990058] SLOW spr round 6 (radius: 20)
[00:04:34 -56798.990058] SLOW spr round 7 (radius: 25)
[00:04:34 -56798.990058] Model parameter optimization (eps = 0.100000)

[00:04:35] ML tree search #16, logLikelihood: -56798.715751

[00:04:35 -241971.487657] Initial branch length optimization
[00:04:35 -60220.899332] Model parameter optimization (eps = 10.000000)
[00:04:36 -56809.882215] AUTODETECT spr round 1 (radius: 5)
[00:04:36 -56800.126982] AUTODETECT spr round 2 (radius: 10)
[00:04:37 -56800.125241] SPR radius for FAST iterations: 5 (autodetect)
[00:04:37 -56800.125241] Model parameter optimization (eps = 3.000000)
[00:04:37 -56799.528435] FAST spr round 1 (radius: 5)
[00:04:38 -56799.519768] Model parameter optimization (eps = 1.000000)
[00:04:38 -56799.180311] SLOW spr round 1 (radius: 5)
[00:04:39 -56798.972822] SLOW spr round 2 (radius: 5)
[00:04:41 -56798.969965] SLOW spr round 3 (radius: 10)
[00:04:43 -56798.969962] SLOW spr round 4 (radius: 15)
[00:04:44 -56798.969962] SLOW spr round 5 (radius: 20)
[00:04:46 -56798.969962] SLOW spr round 6 (radius: 25)
[00:04:47 -56798.969962] Model parameter optimization (eps = 0.100000)

[00:04:47] ML tree search #17, logLikelihood: -56798.699359

[00:04:47 -241967.178870] Initial branch length optimization
[00:04:47 -60219.267504] Model parameter optimization (eps = 10.000000)
[00:04:48 -56803.944077] AUTODETECT spr round 1 (radius: 5)
[00:04:49 -56800.714786] AUTODETECT spr round 2 (radius: 10)
[00:04:49 -56800.712983] SPR radius for FAST iterations: 5 (autodetect)
[00:04:49 -56800.712983] Model parameter optimization (eps = 3.000000)
[00:04:49 -56800.123521] FAST spr round 1 (radius: 5)
[00:04:50 -56800.114673] Model parameter optimization (eps = 1.000000)
[00:04:50 -56799.811345] SLOW spr round 1 (radius: 5)
[00:04:52 -56799.801339] SLOW spr round 2 (radius: 10)
[00:04:54 -56799.798600] SLOW spr round 3 (radius: 15)
[00:04:56 -56799.798375] SLOW spr round 4 (radius: 20)
[00:04:57 -56798.993966] SLOW spr round 5 (radius: 5)
[00:04:59 -56798.992662] SLOW spr round 6 (radius: 10)
[00:05:01 -56798.992661] SLOW spr round 7 (radius: 15)
[00:05:04 -56798.992555] SLOW spr round 8 (radius: 20)
[00:05:05 -56798.992555] SLOW spr round 9 (radius: 25)
[00:05:05 -56798.992555] Model parameter optimization (eps = 0.100000)

[00:05:05] ML tree search #18, logLikelihood: -56798.693141



Final LogLikelihood: -56798.588755

AIC score: 113963.177510 / AICc score: 113965.502603 / BIC score: 115478.443419
Free parameters (model + branch lengths): 183

Best ML tree saved to: /home/hikoyu/analysis/Genome/SARS-CoV-2/phylogeny/RAxML-NG/DNA/univ/sep/SARS-CoV-2_200328.0.raxml.bestTree
All ML trees saved to: /home/hikoyu/analysis/Genome/SARS-CoV-2/phylogeny/RAxML-NG/DNA/univ/sep/SARS-CoV-2_200328.0.raxml.mlTrees
Optimized model saved to: /home/hikoyu/analysis/Genome/SARS-CoV-2/phylogeny/RAxML-NG/DNA/univ/sep/SARS-CoV-2_200328.0.raxml.bestModel

Execution log saved to: /home/hikoyu/analysis/Genome/SARS-CoV-2/phylogeny/RAxML-NG/DNA/univ/sep/SARS-CoV-2_200328.0.raxml.log

Analysis started: 30-Mar-2020 01:07:54 / finished: 30-Mar-2020 01:13:00

Elapsed time: 305.686 seconds

