
RAxML-NG v. 0.9.0 released on 20.05.2019 by The Exelixis Lab.
Developed by: Alexey M. Kozlov and Alexandros Stamatakis.
Contributors: Diego Darriba, Tomas Flouri, Benoit Morel, Sarah Lutteropp, Ben Bettisworth.
Latest version: https://github.com/amkozlov/raxml-ng
Questions/problems/suggestions? Please visit: https://groups.google.com/forum/#!forum/raxml

RAxML-NG was called at 30-Mar-2020 01:07:54 as follows:

raxml-ng --threads 1 --search --tree rand{9},pars{9} --seed 914525660 --prefix phylogeny/RAxML-NG/DNA/univ/sep/SARS-CoV-2_200328.2 --msa phylogeny/RAxML-NG/DNA/univ/sep/SARS-CoV-2_200328.raxml.rba --outgroup MG772933.1

Analysis options:
  run mode: ML tree search
  start tree(s): random (9) + parsimony (9)
  random seed: 914525660
  tip-inner: OFF
  pattern compression: ON
  per-rate scalers: OFF
  site repeats: ON
  fast spr radius: AUTO
  spr subtree cutoff: 1.000000
  branch lengths: proportional (ML estimate, algorithm: NR-FAST)
  SIMD kernels: AVX2
  parallelization: NONE/sequential

[00:00:00] Loading binary alignment from file: phylogeny/RAxML-NG/DNA/univ/sep/SARS-CoV-2_200328.raxml.rba
[00:00:00] Alignment comprises 80 taxa, 3 partitions and 342 patterns

Partition 0: p1
Model: GTR+FO+B
Alignment sites / patterns: 9716 / 91
Gaps: 0.06 %
Invariant sites: 92.86 %

Partition 1: p2
Model: HKY+FO+I+G4m+B
Alignment sites / patterns: 9716 / 111
Gaps: 0.06 %
Invariant sites: 96.18 %

Partition 2: p3
Model: GTR+FO+I+G4m+B
Alignment sites / patterns: 9716 / 140
Gaps: 0.06 %
Invariant sites: 68.10 %


[00:00:00] Generating 9 random starting tree(s) with 80 taxa
[00:00:00] Generating 9 parsimony starting tree(s) with 80 taxa
[00:00:00] Data distribution: max. partitions/sites/weight per thread: 3 / 342 / 4380

Starting ML tree search with 18 distinct starting trees

[00:00:00 -244788.944401] Initial branch length optimization
[00:00:00 -61355.989880] Model parameter optimization (eps = 10.000000)
[00:00:01 -57747.136954] AUTODETECT spr round 1 (radius: 5)
[00:00:02 -57343.460448] AUTODETECT spr round 2 (radius: 10)
[00:00:02 -57209.052259] AUTODETECT spr round 3 (radius: 15)
[00:00:04 -57169.554744] AUTODETECT spr round 4 (radius: 20)
[00:00:04 -57118.052817] AUTODETECT spr round 5 (radius: 25)
[00:00:05 -57118.052776] SPR radius for FAST iterations: 20 (autodetect)
[00:00:05 -57118.052776] Model parameter optimization (eps = 3.000000)
[00:00:05 -57109.528901] FAST spr round 1 (radius: 20)
[00:00:08 -56824.682650] FAST spr round 2 (radius: 20)
[00:00:10 -56824.679976] Model parameter optimization (eps = 1.000000)
[00:00:11 -56799.547761] SLOW spr round 1 (radius: 5)
[00:00:13 -56799.535990] SLOW spr round 2 (radius: 10)
[00:00:14 -56799.535922] SLOW spr round 3 (radius: 15)
[00:00:16 -56799.320345] SLOW spr round 4 (radius: 5)
[00:00:18 -56799.320345] SLOW spr round 5 (radius: 10)
[00:00:20 -56799.320345] SLOW spr round 6 (radius: 15)
[00:00:21 -56799.320345] SLOW spr round 7 (radius: 20)
[00:00:23 -56799.320345] SLOW spr round 8 (radius: 25)
[00:00:24 -56799.320345] Model parameter optimization (eps = 0.100000)

[00:00:24] ML tree search #1, logLikelihood: -56798.638591

[00:00:24 -244831.548849] Initial branch length optimization
[00:00:24 -61475.160141] Model parameter optimization (eps = 10.000000)
[00:00:25 -57827.030502] AUTODETECT spr round 1 (radius: 5)
[00:00:26 -57392.269161] AUTODETECT spr round 2 (radius: 10)
[00:00:26 -57205.506089] AUTODETECT spr round 3 (radius: 15)
[00:00:27 -57104.255217] AUTODETECT spr round 4 (radius: 20)
[00:00:27 -57104.255216] SPR radius for FAST iterations: 15 (autodetect)
[00:00:27 -57104.255216] Model parameter optimization (eps = 3.000000)
[00:00:28 -57086.430300] FAST spr round 1 (radius: 15)
[00:00:29 -56825.492627] FAST spr round 2 (radius: 15)
[00:00:31 -56825.490424] Model parameter optimization (eps = 1.000000)
[00:00:32 -56799.216726] SLOW spr round 1 (radius: 5)
[00:00:33 -56799.208127] SLOW spr round 2 (radius: 10)
[00:00:36 -56798.994444] SLOW spr round 3 (radius: 5)
[00:00:37 -56798.994443] SLOW spr round 4 (radius: 10)
[00:00:39 -56798.994443] SLOW spr round 5 (radius: 15)
[00:00:41 -56798.994443] SLOW spr round 6 (radius: 20)
[00:00:42 -56798.994443] SLOW spr round 7 (radius: 25)
[00:00:43 -56798.994443] Model parameter optimization (eps = 0.100000)

[00:00:43] ML tree search #2, logLikelihood: -56798.598588

[00:00:43 -244826.429734] Initial branch length optimization
[00:00:44 -61463.193453] Model parameter optimization (eps = 10.000000)
[00:00:45 -57817.053969] AUTODETECT spr round 1 (radius: 5)
[00:00:45 -57426.709914] AUTODETECT spr round 2 (radius: 10)
[00:00:46 -57084.066164] AUTODETECT spr round 3 (radius: 15)
[00:00:47 -57024.098039] AUTODETECT spr round 4 (radius: 20)
[00:00:47 -57024.098039] SPR radius for FAST iterations: 15 (autodetect)
[00:00:47 -57024.098039] Model parameter optimization (eps = 3.000000)
[00:00:48 -57006.063849] FAST spr round 1 (radius: 15)
[00:00:49 -56825.024391] FAST spr round 2 (radius: 15)
[00:00:51 -56824.787074] FAST spr round 3 (radius: 15)
[00:00:52 -56824.786987] Model parameter optimization (eps = 1.000000)
[00:00:53 -56799.209472] SLOW spr round 1 (radius: 5)
[00:00:54 -56799.200636] SLOW spr round 2 (radius: 10)
[00:00:56 -56798.987033] SLOW spr round 3 (radius: 5)
[00:00:58 -56798.987032] SLOW spr round 4 (radius: 10)
[00:01:00 -56798.987032] SLOW spr round 5 (radius: 15)
[00:01:02 -56798.987032] SLOW spr round 6 (radius: 20)
[00:01:03 -56798.987032] SLOW spr round 7 (radius: 25)
[00:01:03 -56798.987032] Model parameter optimization (eps = 0.100000)

[00:01:04] ML tree search #3, logLikelihood: -56798.602576

[00:01:04 -244836.675308] Initial branch length optimization
[00:01:04 -61467.306048] Model parameter optimization (eps = 10.000000)
[00:01:05 -57822.342514] AUTODETECT spr round 1 (radius: 5)
[00:01:05 -57232.102216] AUTODETECT spr round 2 (radius: 10)
[00:01:06 -56983.360770] AUTODETECT spr round 3 (radius: 15)
[00:01:07 -56937.380232] AUTODETECT spr round 4 (radius: 20)
[00:01:07 -56937.380232] SPR radius for FAST iterations: 15 (autodetect)
[00:01:07 -56937.380232] Model parameter optimization (eps = 3.000000)
[00:01:08 -56898.879769] FAST spr round 1 (radius: 15)
[00:01:10 -56801.259577] FAST spr round 2 (radius: 15)
[00:01:11 -56801.255974] Model parameter optimization (eps = 1.000000)
[00:01:11 -56798.840470] SLOW spr round 1 (radius: 5)
[00:01:13 -56798.833716] SLOW spr round 2 (radius: 10)
[00:01:15 -56798.819324] SLOW spr round 3 (radius: 15)
[00:01:16 -56798.819324] SLOW spr round 4 (radius: 20)
[00:01:17 -56798.819324] SLOW spr round 5 (radius: 25)
[00:01:19 -56798.819324] Model parameter optimization (eps = 0.100000)

[00:01:19] ML tree search #4, logLikelihood: -56798.599799

[00:01:19 -244834.113260] Initial branch length optimization
[00:01:19 -61487.121072] Model parameter optimization (eps = 10.000000)
[00:01:20 -57840.604219] AUTODETECT spr round 1 (radius: 5)
[00:01:20 -57352.020159] AUTODETECT spr round 2 (radius: 10)
[00:01:21 -57031.457874] AUTODETECT spr round 3 (radius: 15)
[00:01:22 -56918.461403] AUTODETECT spr round 4 (radius: 20)
[00:01:22 -56887.054176] AUTODETECT spr round 5 (radius: 25)
[00:01:22 -56887.054174] SPR radius for FAST iterations: 20 (autodetect)
[00:01:22 -56887.054174] Model parameter optimization (eps = 3.000000)
[00:01:23 -56839.581398] FAST spr round 1 (radius: 20)
[00:01:25 -56799.638144] FAST spr round 2 (radius: 20)
[00:01:26 -56799.632721] Model parameter optimization (eps = 1.000000)
[00:01:27 -56799.009122] SLOW spr round 1 (radius: 5)
[00:01:28 -56799.006719] SLOW spr round 2 (radius: 10)
[00:01:30 -56799.006704] SLOW spr round 3 (radius: 15)
[00:01:32 -56799.006704] SLOW spr round 4 (radius: 20)
[00:01:33 -56799.006704] SLOW spr round 5 (radius: 25)
[00:01:34 -56799.006704] Model parameter optimization (eps = 0.100000)

[00:01:35] ML tree search #5, logLikelihood: -56798.596471

[00:01:35 -244850.503932] Initial branch length optimization
[00:01:35 -61538.937298] Model parameter optimization (eps = 10.000000)
[00:01:36 -57871.072863] AUTODETECT spr round 1 (radius: 5)
[00:01:36 -57368.023475] AUTODETECT spr round 2 (radius: 10)
[00:01:37 -57146.950462] AUTODETECT spr round 3 (radius: 15)
[00:01:37 -56971.356776] AUTODETECT spr round 4 (radius: 20)
[00:01:38 -56971.351430] SPR radius for FAST iterations: 15 (autodetect)
[00:01:38 -56971.351430] Model parameter optimization (eps = 3.000000)
[00:01:39 -56928.417463] FAST spr round 1 (radius: 15)
[00:01:41 -56801.845625] FAST spr round 2 (radius: 15)
[00:01:42 -56801.844314] Model parameter optimization (eps = 1.000000)
[00:01:42 -56799.126496] SLOW spr round 1 (radius: 5)
[00:01:44 -56799.124510] SLOW spr round 2 (radius: 10)
[00:01:46 -56798.912545] SLOW spr round 3 (radius: 5)
[00:01:47 -56798.912545] SLOW spr round 4 (radius: 10)
[00:01:49 -56798.912545] SLOW spr round 5 (radius: 15)
[00:01:51 -56798.912545] SLOW spr round 6 (radius: 20)
[00:01:52 -56798.912545] SLOW spr round 7 (radius: 25)
[00:01:53 -56798.912545] Model parameter optimization (eps = 0.100000)

[00:01:53] ML tree search #6, logLikelihood: -56798.618838

[00:01:53 -244838.097313] Initial branch length optimization
[00:01:53 -61523.389023] Model parameter optimization (eps = 10.000000)
[00:01:54 -57861.501984] AUTODETECT spr round 1 (radius: 5)
[00:01:55 -57437.340179] AUTODETECT spr round 2 (radius: 10)
[00:01:55 -57109.184130] AUTODETECT spr round 3 (radius: 15)
[00:01:56 -56906.406091] AUTODETECT spr round 4 (radius: 20)
[00:01:56 -56903.641108] AUTODETECT spr round 5 (radius: 25)
[00:01:57 -56903.639577] SPR radius for FAST iterations: 20 (autodetect)
[00:01:57 -56903.639577] Model parameter optimization (eps = 3.000000)
[00:01:58 -56857.885988] FAST spr round 1 (radius: 20)
[00:02:00 -56800.834233] FAST spr round 2 (radius: 20)
[00:02:01 -56800.828863] Model parameter optimization (eps = 1.000000)
[00:02:01 -56799.005748] SLOW spr round 1 (radius: 5)
[00:02:03 -56799.003815] SLOW spr round 2 (radius: 10)
[00:02:05 -56798.792782] SLOW spr round 3 (radius: 5)
[00:02:07 -56798.792782] SLOW spr round 4 (radius: 10)
[00:02:09 -56798.792782] SLOW spr round 5 (radius: 15)
[00:02:10 -56798.792782] SLOW spr round 6 (radius: 20)
[00:02:12 -56798.792782] SLOW spr round 7 (radius: 25)
[00:02:12 -56798.792782] Model parameter optimization (eps = 0.100000)

[00:02:13] ML tree search #7, logLikelihood: -56798.598381

[00:02:13 -244848.659789] Initial branch length optimization
[00:02:13 -61512.040719] Model parameter optimization (eps = 10.000000)
[00:02:14 -57852.217407] AUTODETECT spr round 1 (radius: 5)
[00:02:14 -57421.356353] AUTODETECT spr round 2 (radius: 10)
[00:02:15 -57214.779980] AUTODETECT spr round 3 (radius: 15)
[00:02:15 -57117.795600] AUTODETECT spr round 4 (radius: 20)
[00:02:16 -57117.795598] SPR radius for FAST iterations: 15 (autodetect)
[00:02:16 -57117.795598] Model parameter optimization (eps = 3.000000)
[00:02:16 -57101.010095] FAST spr round 1 (radius: 15)
[00:02:18 -56832.699461] FAST spr round 2 (radius: 15)
[00:02:20 -56827.487039] FAST spr round 3 (radius: 15)
[00:02:21 -56827.485958] Model parameter optimization (eps = 1.000000)
[00:02:22 -56799.258001] SLOW spr round 1 (radius: 5)
[00:02:23 -56799.249211] SLOW spr round 2 (radius: 10)
[00:02:25 -56799.035272] SLOW spr round 3 (radius: 5)
[00:02:27 -56799.035271] SLOW spr round 4 (radius: 10)
[00:02:30 -56799.035271] SLOW spr round 5 (radius: 15)
[00:02:31 -56799.035271] SLOW spr round 6 (radius: 20)
[00:02:33 -56799.035271] SLOW spr round 7 (radius: 25)
[00:02:34 -56799.035271] Model parameter optimization (eps = 0.100000)

[00:02:34] ML tree search #8, logLikelihood: -56798.603712

[00:02:34 -244813.576977] Initial branch length optimization
[00:02:34 -61441.940780] Model parameter optimization (eps = 10.000000)
[00:02:35 -57804.679595] AUTODETECT spr round 1 (radius: 5)
[00:02:36 -57377.482328] AUTODETECT spr round 2 (radius: 10)
[00:02:36 -57156.458362] AUTODETECT spr round 3 (radius: 15)
[00:02:37 -57113.832667] AUTODETECT spr round 4 (radius: 20)
[00:02:37 -57113.734432] SPR radius for FAST iterations: 15 (autodetect)
[00:02:37 -57113.734432] Model parameter optimization (eps = 3.000000)
[00:02:38 -57098.389167] FAST spr round 1 (radius: 15)
[00:02:40 -56849.446078] FAST spr round 2 (radius: 15)
[00:02:41 -56825.374837] FAST spr round 3 (radius: 15)
[00:02:41 -56825.332736] Model parameter optimization (eps = 1.000000)
[00:02:42 -56799.003420] SLOW spr round 1 (radius: 5)
[00:02:44 -56798.992026] SLOW spr round 2 (radius: 10)
[00:02:46 -56798.991957] SLOW spr round 3 (radius: 15)
[00:02:47 -56798.991956] SLOW spr round 4 (radius: 20)
[00:02:48 -56798.991956] SLOW spr round 5 (radius: 25)
[00:02:50 -56798.991956] Model parameter optimization (eps = 0.100000)

[00:02:50] ML tree search #9, logLikelihood: -56798.597476

[00:02:50 -241971.798499] Initial branch length optimization
[00:02:50 -60227.277696] Model parameter optimization (eps = 10.000000)
[00:02:51 -56812.461792] AUTODETECT spr round 1 (radius: 5)
[00:02:51 -56800.031704] AUTODETECT spr round 2 (radius: 10)
[00:02:52 -56800.030066] SPR radius for FAST iterations: 5 (autodetect)
[00:02:52 -56800.030066] Model parameter optimization (eps = 3.000000)
[00:02:52 -56799.462651] FAST spr round 1 (radius: 5)
[00:02:53 -56799.440363] Model parameter optimization (eps = 1.000000)
[00:02:53 -56799.154578] SLOW spr round 1 (radius: 5)
[00:02:55 -56799.145121] SLOW spr round 2 (radius: 10)
[00:02:56 -56798.944704] SLOW spr round 3 (radius: 5)
[00:02:58 -56798.944701] SLOW spr round 4 (radius: 10)
[00:03:00 -56798.944701] SLOW spr round 5 (radius: 15)
[00:03:02 -56798.944701] SLOW spr round 6 (radius: 20)
[00:03:03 -56798.944701] SLOW spr round 7 (radius: 25)
[00:03:04 -56798.944701] Model parameter optimization (eps = 0.100000)

[00:03:05] ML tree search #10, logLikelihood: -56798.691174

[00:03:05 -241972.186680] Initial branch length optimization
[00:03:05 -60212.660955] Model parameter optimization (eps = 10.000000)
[00:03:05 -56801.913340] AUTODETECT spr round 1 (radius: 5)
[00:03:06 -56800.693845] AUTODETECT spr round 2 (radius: 10)
[00:03:06 -56800.093325] AUTODETECT spr round 3 (radius: 15)
[00:03:07 -56800.092755] SPR radius for FAST iterations: 10 (autodetect)
[00:03:07 -56800.092755] Model parameter optimization (eps = 3.000000)
[00:03:07 -56799.499918] FAST spr round 1 (radius: 10)
[00:03:08 -56799.493012] Model parameter optimization (eps = 1.000000)
[00:03:08 -56799.162395] SLOW spr round 1 (radius: 5)
[00:03:10 -56799.157422] SLOW spr round 2 (radius: 10)
[00:03:12 -56798.957258] SLOW spr round 3 (radius: 5)
[00:03:14 -56798.957249] SLOW spr round 4 (radius: 10)
[00:03:16 -56798.957249] SLOW spr round 5 (radius: 15)
[00:03:17 -56798.957249] SLOW spr round 6 (radius: 20)
[00:03:18 -56798.957249] SLOW spr round 7 (radius: 25)
[00:03:19 -56798.957249] Model parameter optimization (eps = 0.100000)

[00:03:20] ML tree search #11, logLikelihood: -56798.694783

[00:03:20 -241972.082766] Initial branch length optimization
[00:03:20 -60224.608383] Model parameter optimization (eps = 10.000000)
[00:03:21 -56811.572535] AUTODETECT spr round 1 (radius: 5)
[00:03:21 -56810.355859] AUTODETECT spr round 2 (radius: 10)
[00:03:22 -56809.508335] AUTODETECT spr round 3 (radius: 15)
[00:03:22 -56800.100215] AUTODETECT spr round 4 (radius: 20)
[00:03:23 -56800.100215] SPR radius for FAST iterations: 15 (autodetect)
[00:03:23 -56800.100215] Model parameter optimization (eps = 3.000000)
[00:03:23 -56799.504184] FAST spr round 1 (radius: 15)
[00:03:24 -56799.496817] Model parameter optimization (eps = 1.000000)
[00:03:25 -56799.189698] SLOW spr round 1 (radius: 5)
[00:03:26 -56799.164957] SLOW spr round 2 (radius: 10)
[00:03:28 -56798.964791] SLOW spr round 3 (radius: 5)
[00:03:30 -56798.962923] SLOW spr round 4 (radius: 10)
[00:03:32 -56798.962916] SLOW spr round 5 (radius: 15)
[00:03:34 -56798.962916] SLOW spr round 6 (radius: 20)
[00:03:35 -56798.962916] SLOW spr round 7 (radius: 25)
[00:03:36 -56798.962916] Model parameter optimization (eps = 0.100000)

[00:03:36] ML tree search #12, logLikelihood: -56798.695594

[00:03:36 -241972.129784] Initial branch length optimization
[00:03:36 -60219.572872] Model parameter optimization (eps = 10.000000)
[00:03:37 -56804.429206] AUTODETECT spr round 1 (radius: 5)
[00:03:37 -56800.836586] AUTODETECT spr round 2 (radius: 10)
[00:03:38 -56800.834842] SPR radius for FAST iterations: 5 (autodetect)
[00:03:38 -56800.834842] Model parameter optimization (eps = 3.000000)
[00:03:38 -56800.288831] FAST spr round 1 (radius: 5)
[00:03:39 -56800.281931] Model parameter optimization (eps = 1.000000)
[00:03:39 -56800.004788] SLOW spr round 1 (radius: 5)
[00:03:41 -56799.980619] SLOW spr round 2 (radius: 10)
[00:03:43 -56798.963123] SLOW spr round 3 (radius: 5)
[00:03:44 -56798.962190] SLOW spr round 4 (radius: 10)
[00:03:47 -56798.962187] SLOW spr round 5 (radius: 15)
[00:03:49 -56798.962187] SLOW spr round 6 (radius: 20)
[00:03:50 -56798.962187] SLOW spr round 7 (radius: 25)
[00:03:51 -56798.962187] Model parameter optimization (eps = 0.100000)

[00:03:51] ML tree search #13, logLikelihood: -56798.682749

[00:03:51 -241972.163577] Initial branch length optimization
[00:03:51 -60224.030062] Model parameter optimization (eps = 10.000000)
[00:03:52 -56812.071135] AUTODETECT spr round 1 (radius: 5)
[00:03:52 -56809.508925] AUTODETECT spr round 2 (radius: 10)
[00:03:53 -56800.106779] AUTODETECT spr round 3 (radius: 15)
[00:03:53 -56800.106632] SPR radius for FAST iterations: 10 (autodetect)
[00:03:53 -56800.106632] Model parameter optimization (eps = 3.000000)
[00:03:54 -56799.514604] FAST spr round 1 (radius: 10)
[00:03:55 -56799.508172] Model parameter optimization (eps = 1.000000)
[00:03:55 -56799.170779] SLOW spr round 1 (radius: 5)
[00:03:56 -56799.165454] SLOW spr round 2 (radius: 10)
[00:03:59 -56798.965311] SLOW spr round 3 (radius: 5)
[00:04:00 -56798.964975] SLOW spr round 4 (radius: 10)
[00:04:02 -56798.964975] SLOW spr round 5 (radius: 15)
[00:04:04 -56798.950553] SLOW spr round 6 (radius: 20)
[00:04:06 -56798.950553] SLOW spr round 7 (radius: 25)
[00:04:06 -56798.950553] Model parameter optimization (eps = 0.100000)

[00:04:07] ML tree search #14, logLikelihood: -56798.691909

[00:04:07 -241972.330845] Initial branch length optimization
[00:04:07 -60216.994735] Model parameter optimization (eps = 10.000000)
[00:04:08 -56803.609971] AUTODETECT spr round 1 (radius: 5)
[00:04:08 -56803.587149] SPR radius for FAST iterations: 5 (autodetect)
[00:04:08 -56803.587149] Model parameter optimization (eps = 3.000000)
[00:04:08 -56802.954315] FAST spr round 1 (radius: 5)
[00:04:09 -56800.256861] FAST spr round 2 (radius: 5)
[00:04:09 -56800.252926] Model parameter optimization (eps = 1.000000)
[00:04:09 -56799.862709] SLOW spr round 1 (radius: 5)
[00:04:11 -56799.856743] SLOW spr round 2 (radius: 10)
[00:04:13 -56798.916132] SLOW spr round 3 (radius: 5)
[00:04:15 -56798.912571] SLOW spr round 4 (radius: 10)
[00:04:16 -56798.912570] SLOW spr round 5 (radius: 15)
[00:04:18 -56798.912570] SLOW spr round 6 (radius: 20)
[00:04:20 -56798.912570] SLOW spr round 7 (radius: 25)
[00:04:20 -56798.912570] Model parameter optimization (eps = 0.100000)

[00:04:20] ML tree search #15, logLikelihood: -56798.678852

[00:04:20 -241972.322944] Initial branch length optimization
[00:04:20 -60217.002092] Model parameter optimization (eps = 10.000000)
[00:04:21 -56803.610598] AUTODETECT spr round 1 (radius: 5)
[00:04:22 -56800.916948] AUTODETECT spr round 2 (radius: 10)
[00:04:22 -56800.353305] AUTODETECT spr round 3 (radius: 15)
[00:04:23 -56800.352765] SPR radius for FAST iterations: 10 (autodetect)
[00:04:23 -56800.352765] Model parameter optimization (eps = 3.000000)
[00:04:23 -56799.725485] FAST spr round 1 (radius: 10)
[00:04:24 -56799.445026] FAST spr round 2 (radius: 10)
[00:04:25 -56799.435803] Model parameter optimization (eps = 1.000000)
[00:04:25 -56799.124992] SLOW spr round 1 (radius: 5)
[00:04:27 -56798.922781] SLOW spr round 2 (radius: 5)
[00:04:28 -56798.920748] SLOW spr round 3 (radius: 10)
[00:04:30 -56798.920739] SLOW spr round 4 (radius: 15)
[00:04:32 -56798.920739] SLOW spr round 5 (radius: 20)
[00:04:34 -56798.920739] SLOW spr round 6 (radius: 25)
[00:04:34 -56798.920739] Model parameter optimization (eps = 0.100000)

[00:04:35] ML tree search #16, logLikelihood: -56798.681820

[00:04:35 -241967.120960] Initial branch length optimization
[00:04:35 -60214.175714] Model parameter optimization (eps = 10.000000)
[00:04:35 -56802.220944] AUTODETECT spr round 1 (radius: 5)
[00:04:36 -56802.210450] SPR radius for FAST iterations: 5 (autodetect)
[00:04:36 -56802.210450] Model parameter optimization (eps = 3.000000)
[00:04:36 -56801.643445] FAST spr round 1 (radius: 5)
[00:04:37 -56801.633596] Model parameter optimization (eps = 1.000000)
[00:04:37 -56801.342069] SLOW spr round 1 (radius: 5)
[00:04:38 -56800.083959] SLOW spr round 2 (radius: 5)
[00:04:40 -56800.080844] SLOW spr round 3 (radius: 10)
[00:04:42 -56799.254666] SLOW spr round 4 (radius: 5)
[00:04:44 -56799.253589] SLOW spr round 5 (radius: 10)
[00:04:46 -56799.253586] SLOW spr round 6 (radius: 15)
[00:04:48 -56799.055159] SLOW spr round 7 (radius: 5)
[00:04:50 -56799.055159] SLOW spr round 8 (radius: 10)
[00:04:52 -56799.055159] SLOW spr round 9 (radius: 15)
[00:04:54 -56799.055159] SLOW spr round 10 (radius: 20)
[00:04:54 -56799.055159] SLOW spr round 11 (radius: 25)
[00:04:56 -56799.055159] Model parameter optimization (eps = 0.100000)

[00:04:56] ML tree search #17, logLikelihood: -56798.722822

[00:04:56 -241971.523016] Initial branch length optimization
[00:04:56 -60225.391441] Model parameter optimization (eps = 10.000000)
[00:04:57 -56811.579389] AUTODETECT spr round 1 (radius: 5)
[00:04:57 -56800.948924] AUTODETECT spr round 2 (radius: 10)
[00:04:58 -56800.946776] SPR radius for FAST iterations: 5 (autodetect)
[00:04:58 -56800.946776] Model parameter optimization (eps = 3.000000)
[00:04:58 -56800.350320] FAST spr round 1 (radius: 5)
[00:04:58 -56800.339062] Model parameter optimization (eps = 1.000000)
[00:04:59 -56800.036510] SLOW spr round 1 (radius: 5)
[00:05:00 -56800.030806] SLOW spr round 2 (radius: 10)
[00:05:02 -56799.819866] SLOW spr round 3 (radius: 5)
[00:05:04 -56799.819499] SLOW spr round 4 (radius: 10)
[00:05:06 -56799.819264] SLOW spr round 5 (radius: 15)
[00:05:08 -56799.012215] SLOW spr round 6 (radius: 5)
[00:05:09 -56799.011145] SLOW spr round 7 (radius: 10)
[00:05:11 -56799.011040] SLOW spr round 8 (radius: 15)
[00:05:13 -56799.011040] SLOW spr round 9 (radius: 20)
[00:05:15 -56799.011040] SLOW spr round 10 (radius: 25)
[00:05:15 -56799.011040] Model parameter optimization (eps = 0.100000)

[00:05:16] ML tree search #18, logLikelihood: -56798.709249



Final LogLikelihood: -56798.596471

AIC score: 113963.192942 / AICc score: 113965.518035 / BIC score: 115478.458851
Free parameters (model + branch lengths): 183

Best ML tree saved to: /home/hikoyu/analysis/Genome/SARS-CoV-2/phylogeny/RAxML-NG/DNA/univ/sep/SARS-CoV-2_200328.2.raxml.bestTree
All ML trees saved to: /home/hikoyu/analysis/Genome/SARS-CoV-2/phylogeny/RAxML-NG/DNA/univ/sep/SARS-CoV-2_200328.2.raxml.mlTrees
Optimized model saved to: /home/hikoyu/analysis/Genome/SARS-CoV-2/phylogeny/RAxML-NG/DNA/univ/sep/SARS-CoV-2_200328.2.raxml.bestModel

Execution log saved to: /home/hikoyu/analysis/Genome/SARS-CoV-2/phylogeny/RAxML-NG/DNA/univ/sep/SARS-CoV-2_200328.2.raxml.log

Analysis started: 30-Mar-2020 01:07:54 / finished: 30-Mar-2020 01:13:11

Elapsed time: 316.178 seconds

