
RAxML-NG v. 0.9.0 released on 20.05.2019 by The Exelixis Lab.
Developed by: Alexey M. Kozlov and Alexandros Stamatakis.
Contributors: Diego Darriba, Tomas Flouri, Benoit Morel, Sarah Lutteropp, Ben Bettisworth.
Latest version: https://github.com/amkozlov/raxml-ng
Questions/problems/suggestions? Please visit: https://groups.google.com/forum/#!forum/raxml

RAxML-NG was called at 17-Apr-2020 01:03:14 as follows:

raxml-ng --threads 1 --bootstrap --bs-trees 84 --seed 1914278725 --prefix phylogeny/RAxML-NG/DNA/univ/sep/SARS-CoV-2_200414.2 --msa phylogeny/RAxML-NG/DNA/univ/sep/SARS-CoV-2_200414.raxml.rba --outgroup MG772933.1

Analysis options:
  run mode: Bootstrapping
  start tree(s): 
  bootstrap replicates: 84
  random seed: 1914278725
  tip-inner: OFF
  pattern compression: ON
  per-rate scalers: OFF
  site repeats: ON
  branch lengths: proportional (ML estimate, algorithm: NR-FAST)
  SIMD kernels: AVX2
  parallelization: NONE/sequential

[00:00:00] Loading binary alignment from file: phylogeny/RAxML-NG/DNA/univ/sep/SARS-CoV-2_200414.raxml.rba
[00:00:00] Alignment comprises 376 taxa, 3 partitions and 685 patterns

Partition 0: p1
Model: TIM1+B
Alignment sites / patterns: 9717 / 180
Gaps: 0.07 %
Invariant sites: 92.24 %

Partition 1: p2
Model: TN93+FO+I+G4m+B
Alignment sites / patterns: 9717 / 213
Gaps: 0.07 %
Invariant sites: 95.56 %

Partition 2: p3
Model: TIM3+I+G4m+B
Alignment sites / patterns: 9717 / 292
Gaps: 0.07 %
Invariant sites: 67.41 %


[00:00:00] Data distribution: max. partitions/sites/weight per thread: 3 / 685 / 8800
[00:00:00] Starting bootstrapping analysis with 84 replicates.

[00:03:12] Bootstrap tree #1, logLikelihood: -61291.293277
[00:06:43] Bootstrap tree #2, logLikelihood: -61845.548953
[00:10:44] Bootstrap tree #3, logLikelihood: -61162.399176
[00:15:10] Bootstrap tree #4, logLikelihood: -61215.428298
[00:18:58] Bootstrap tree #5, logLikelihood: -61861.880932
[00:22:38] Bootstrap tree #6, logLikelihood: -61506.145695
[00:26:24] Bootstrap tree #7, logLikelihood: -61739.658807
[00:30:06] Bootstrap tree #8, logLikelihood: -61798.701380
[00:33:20] Bootstrap tree #9, logLikelihood: -61775.935114
[00:36:49] Bootstrap tree #10, logLikelihood: -61962.848883
[00:40:21] Bootstrap tree #11, logLikelihood: -61803.244902
[00:44:57] Bootstrap tree #12, logLikelihood: -61518.244031
[00:49:20] Bootstrap tree #13, logLikelihood: -61117.037484
[00:53:22] Bootstrap tree #14, logLikelihood: -61668.276727
[00:56:59] Bootstrap tree #15, logLikelihood: -61937.244862
[01:00:18] Bootstrap tree #16, logLikelihood: -61942.876341
[01:03:47] Bootstrap tree #17, logLikelihood: -60731.965465
[01:10:30] Bootstrap tree #18, logLikelihood: -61836.928198
[01:14:30] Bootstrap tree #19, logLikelihood: -61661.027457
[01:18:50] Bootstrap tree #20, logLikelihood: -61400.083541
[01:23:37] Bootstrap tree #21, logLikelihood: -61447.217927
[01:27:20] Bootstrap tree #22, logLikelihood: -61697.596264
[01:31:12] Bootstrap tree #23, logLikelihood: -62029.407357
[01:37:58] Bootstrap tree #24, logLikelihood: -61693.798499
[01:41:55] Bootstrap tree #25, logLikelihood: -62094.411646
[01:45:53] Bootstrap tree #26, logLikelihood: -61372.416222
[01:49:54] Bootstrap tree #27, logLikelihood: -62164.156157
[01:53:33] Bootstrap tree #28, logLikelihood: -61550.864094
[01:57:19] Bootstrap tree #29, logLikelihood: -61670.114279
[02:01:08] Bootstrap tree #30, logLikelihood: -61439.616156
[02:04:53] Bootstrap tree #31, logLikelihood: -61749.028350
[02:09:07] Bootstrap tree #32, logLikelihood: -61478.501264
[02:13:05] Bootstrap tree #33, logLikelihood: -61531.338595
[02:16:37] Bootstrap tree #34, logLikelihood: -61487.975437
[02:20:02] Bootstrap tree #35, logLikelihood: -61799.515198
[02:24:54] Bootstrap tree #36, logLikelihood: -61410.731188
[02:29:57] Bootstrap tree #37, logLikelihood: -61917.971329
[02:34:02] Bootstrap tree #38, logLikelihood: -61800.460709
[02:38:04] Bootstrap tree #39, logLikelihood: -61660.280381
[02:41:44] Bootstrap tree #40, logLikelihood: -62376.459150
[02:45:24] Bootstrap tree #41, logLikelihood: -61471.509853
[02:49:04] Bootstrap tree #42, logLikelihood: -61780.934471
[02:52:54] Bootstrap tree #43, logLikelihood: -61620.951164
[02:56:14] Bootstrap tree #44, logLikelihood: -61594.124665
[02:59:55] Bootstrap tree #45, logLikelihood: -60994.604659
[03:04:56] Bootstrap tree #46, logLikelihood: -61089.357284
[03:08:32] Bootstrap tree #47, logLikelihood: -61148.699162
[03:12:16] Bootstrap tree #48, logLikelihood: -61341.347406
[03:16:24] Bootstrap tree #49, logLikelihood: -61671.242770
[03:19:43] Bootstrap tree #50, logLikelihood: -61566.662686
[03:23:33] Bootstrap tree #51, logLikelihood: -61284.096901
[03:27:03] Bootstrap tree #52, logLikelihood: -61224.261513
[03:30:38] Bootstrap tree #53, logLikelihood: -61454.790965
[03:34:13] Bootstrap tree #54, logLikelihood: -61480.876294
[03:38:08] Bootstrap tree #55, logLikelihood: -61276.374340
[03:41:52] Bootstrap tree #56, logLikelihood: -61815.986768
[03:45:28] Bootstrap tree #57, logLikelihood: -61826.044676
[03:49:00] Bootstrap tree #58, logLikelihood: -61356.707398
[03:52:35] Bootstrap tree #59, logLikelihood: -61705.040373
[03:56:57] Bootstrap tree #60, logLikelihood: -60797.894397
[04:00:44] Bootstrap tree #61, logLikelihood: -61593.539284
[04:05:22] Bootstrap tree #62, logLikelihood: -61146.215996
[04:08:56] Bootstrap tree #63, logLikelihood: -61387.088353
[04:15:22] Bootstrap tree #64, logLikelihood: -61593.992724
[04:18:56] Bootstrap tree #65, logLikelihood: -62010.181197
[04:23:02] Bootstrap tree #66, logLikelihood: -61945.714297
[04:27:26] Bootstrap tree #67, logLikelihood: -61761.358728
[04:31:07] Bootstrap tree #68, logLikelihood: -61826.873463
[04:36:23] Bootstrap tree #69, logLikelihood: -62391.452713
[04:40:05] Bootstrap tree #70, logLikelihood: -61543.722156
[04:43:43] Bootstrap tree #71, logLikelihood: -61934.512758
[04:47:17] Bootstrap tree #72, logLikelihood: -61330.017671
[04:50:57] Bootstrap tree #73, logLikelihood: -61736.422363
[04:54:35] Bootstrap tree #74, logLikelihood: -61382.379214
[04:58:59] Bootstrap tree #75, logLikelihood: -61647.780356
[05:02:06] Bootstrap tree #76, logLikelihood: -61383.065417
[05:05:23] Bootstrap tree #77, logLikelihood: -61915.077968
[05:09:01] Bootstrap tree #78, logLikelihood: -61976.947201
[05:12:16] Bootstrap tree #79, logLikelihood: -61470.797323
[05:15:27] Bootstrap tree #80, logLikelihood: -61759.741008
[05:19:05] Bootstrap tree #81, logLikelihood: -61151.473077
[05:22:27] Bootstrap tree #82, logLikelihood: -61184.174443
[05:26:47] Bootstrap tree #83, logLikelihood: -61528.931096
[05:30:15] Bootstrap tree #84, logLikelihood: -61526.079095

Bootstrap trees saved to: /home/hikoyu/analysis/Genome/SARS-CoV-2/phylogeny/RAxML-NG/DNA/univ/sep/SARS-CoV-2_200414.2.raxml.bootstraps

Execution log saved to: /home/hikoyu/analysis/Genome/SARS-CoV-2/phylogeny/RAxML-NG/DNA/univ/sep/SARS-CoV-2_200414.2.raxml.log

Analysis started: 17-Apr-2020 01:03:14 / finished: 17-Apr-2020 06:33:30

Elapsed time: 19815.823 seconds

