
RAxML-NG v. 0.9.0 released on 20.05.2019 by The Exelixis Lab.
Developed by: Alexey M. Kozlov and Alexandros Stamatakis.
Contributors: Diego Darriba, Tomas Flouri, Benoit Morel, Sarah Lutteropp, Ben Bettisworth.
Latest version: https://github.com/amkozlov/raxml-ng
Questions/problems/suggestions? Please visit: https://groups.google.com/forum/#!forum/raxml

RAxML-NG was called at 30-Mar-2020 02:01:01 as follows:

raxml-ng --threads 1 --bootstrap --bs-trees 83 --seed 703733253 --prefix phylogeny/RAxML-NG/DNA/univ/sep/SARS-CoV-2_200328.8 --msa phylogeny/RAxML-NG/DNA/univ/sep/SARS-CoV-2_200328.raxml.rba --outgroup MG772933.1

Analysis options:
  run mode: Bootstrapping
  start tree(s): 
  bootstrap replicates: 83
  random seed: 703733253
  tip-inner: OFF
  pattern compression: ON
  per-rate scalers: OFF
  site repeats: ON
  branch lengths: proportional (ML estimate, algorithm: NR-FAST)
  SIMD kernels: AVX2
  parallelization: NONE/sequential

[00:00:00] Loading binary alignment from file: phylogeny/RAxML-NG/DNA/univ/sep/SARS-CoV-2_200328.raxml.rba
[00:00:00] Alignment comprises 80 taxa, 3 partitions and 342 patterns

Partition 0: p1
Model: GTR+FO+B
Alignment sites / patterns: 9716 / 91
Gaps: 0.06 %
Invariant sites: 92.86 %

Partition 1: p2
Model: HKY+FO+I+G4m+B
Alignment sites / patterns: 9716 / 111
Gaps: 0.06 %
Invariant sites: 96.18 %

Partition 2: p3
Model: GTR+FO+I+G4m+B
Alignment sites / patterns: 9716 / 140
Gaps: 0.06 %
Invariant sites: 68.10 %


[00:00:00] Data distribution: max. partitions/sites/weight per thread: 3 / 342 / 4380
[00:00:00] Starting bootstrapping analysis with 83 replicates.

[00:00:14] Bootstrap tree #1, logLikelihood: -56593.270105
[00:00:31] Bootstrap tree #2, logLikelihood: -56740.291066
[00:00:50] Bootstrap tree #3, logLikelihood: -56641.971394
[00:01:02] Bootstrap tree #4, logLikelihood: -56744.266279
[00:01:14] Bootstrap tree #5, logLikelihood: -56736.137837
[00:01:28] Bootstrap tree #6, logLikelihood: -57058.866020
[00:01:40] Bootstrap tree #7, logLikelihood: -57074.052152
[00:01:52] Bootstrap tree #8, logLikelihood: -56961.817245
[00:02:05] Bootstrap tree #9, logLikelihood: -57166.015787
[00:02:18] Bootstrap tree #10, logLikelihood: -57035.348942
[00:02:32] Bootstrap tree #11, logLikelihood: -56478.128502
[00:02:50] Bootstrap tree #12, logLikelihood: -56795.124560
[00:03:08] Bootstrap tree #13, logLikelihood: -56662.582579
[00:03:21] Bootstrap tree #14, logLikelihood: -56476.175123
[00:03:40] Bootstrap tree #15, logLikelihood: -57070.120712
[00:03:54] Bootstrap tree #16, logLikelihood: -56782.407892
[00:04:06] Bootstrap tree #17, logLikelihood: -56965.172048
[00:04:19] Bootstrap tree #18, logLikelihood: -56401.409276
[00:04:33] Bootstrap tree #19, logLikelihood: -56733.432402
[00:04:50] Bootstrap tree #20, logLikelihood: -56908.298319
[00:05:02] Bootstrap tree #21, logLikelihood: -56377.333017
[00:05:15] Bootstrap tree #22, logLikelihood: -57141.369442
[00:05:29] Bootstrap tree #23, logLikelihood: -57011.190923
[00:05:42] Bootstrap tree #24, logLikelihood: -57165.901585
[00:05:54] Bootstrap tree #25, logLikelihood: -56693.686105
[00:06:06] Bootstrap tree #26, logLikelihood: -57106.009478
[00:06:18] Bootstrap tree #27, logLikelihood: -56513.240987
[00:06:30] Bootstrap tree #28, logLikelihood: -56555.922266
[00:06:46] Bootstrap tree #29, logLikelihood: -57142.468408
[00:06:59] Bootstrap tree #30, logLikelihood: -56930.282427
[00:07:13] Bootstrap tree #31, logLikelihood: -56849.266389
[00:07:27] Bootstrap tree #32, logLikelihood: -56754.286116
[00:07:46] Bootstrap tree #33, logLikelihood: -56497.012698
[00:08:00] Bootstrap tree #34, logLikelihood: -57067.178089
[00:08:14] Bootstrap tree #35, logLikelihood: -57288.074344
[00:08:38] Bootstrap tree #36, logLikelihood: -56731.497661
[00:08:50] Bootstrap tree #37, logLikelihood: -57482.862531
[00:09:01] Bootstrap tree #38, logLikelihood: -56689.411664
[00:09:13] Bootstrap tree #39, logLikelihood: -56468.729163
[00:09:36] Bootstrap tree #40, logLikelihood: -56873.922106
[00:09:49] Bootstrap tree #41, logLikelihood: -57400.393721
[00:10:02] Bootstrap tree #42, logLikelihood: -56877.558331
[00:10:15] Bootstrap tree #43, logLikelihood: -57019.044782
[00:10:28] Bootstrap tree #44, logLikelihood: -56830.614310
[00:10:42] Bootstrap tree #45, logLikelihood: -56749.648129
[00:10:54] Bootstrap tree #46, logLikelihood: -56835.816046
[00:11:07] Bootstrap tree #47, logLikelihood: -56514.290318
[00:11:22] Bootstrap tree #48, logLikelihood: -56941.312883
[00:11:36] Bootstrap tree #49, logLikelihood: -56638.948100
[00:11:53] Bootstrap tree #50, logLikelihood: -56292.176106
[00:12:18] Bootstrap tree #51, logLikelihood: -56753.798561
[00:12:30] Bootstrap tree #52, logLikelihood: -57005.684203
[00:12:43] Bootstrap tree #53, logLikelihood: -57175.373987
[00:12:55] Bootstrap tree #54, logLikelihood: -56453.448828
[00:13:09] Bootstrap tree #55, logLikelihood: -56843.556462
[00:13:35] Bootstrap tree #56, logLikelihood: -56838.349254
[00:13:52] Bootstrap tree #57, logLikelihood: -57001.425299
[00:14:05] Bootstrap tree #58, logLikelihood: -56878.695207
[00:14:19] Bootstrap tree #59, logLikelihood: -56801.744398
[00:14:33] Bootstrap tree #60, logLikelihood: -56554.716593
[00:14:48] Bootstrap tree #61, logLikelihood: -56887.922031
[00:15:00] Bootstrap tree #62, logLikelihood: -56982.699586
[00:15:13] Bootstrap tree #63, logLikelihood: -56890.374834
[00:15:31] Bootstrap tree #64, logLikelihood: -56397.614487
[00:15:44] Bootstrap tree #65, logLikelihood: -56529.592867
[00:15:57] Bootstrap tree #66, logLikelihood: -57188.702368
[00:16:09] Bootstrap tree #67, logLikelihood: -56188.792409
[00:16:22] Bootstrap tree #68, logLikelihood: -56708.810544
[00:16:37] Bootstrap tree #69, logLikelihood: -56810.361686
[00:16:52] Bootstrap tree #70, logLikelihood: -56880.881852
[00:17:05] Bootstrap tree #71, logLikelihood: -56161.260067
[00:17:17] Bootstrap tree #72, logLikelihood: -57069.712280
[00:17:29] Bootstrap tree #73, logLikelihood: -56752.540461
[00:17:42] Bootstrap tree #74, logLikelihood: -56762.497454
[00:17:55] Bootstrap tree #75, logLikelihood: -56798.158747
[00:18:09] Bootstrap tree #76, logLikelihood: -56892.904751
[00:18:22] Bootstrap tree #77, logLikelihood: -56534.882061
[00:18:35] Bootstrap tree #78, logLikelihood: -56659.300986
[00:18:48] Bootstrap tree #79, logLikelihood: -57020.055229
[00:19:00] Bootstrap tree #80, logLikelihood: -56944.917361
[00:19:12] Bootstrap tree #81, logLikelihood: -56855.226516
[00:19:25] Bootstrap tree #82, logLikelihood: -57327.042494
[00:19:34] Bootstrap tree #83, logLikelihood: -56527.321324

Bootstrap trees saved to: /home/hikoyu/analysis/Genome/SARS-CoV-2/phylogeny/RAxML-NG/DNA/univ/sep/SARS-CoV-2_200328.8.raxml.bootstraps

Execution log saved to: /home/hikoyu/analysis/Genome/SARS-CoV-2/phylogeny/RAxML-NG/DNA/univ/sep/SARS-CoV-2_200328.8.raxml.log

Analysis started: 30-Mar-2020 02:01:01 / finished: 30-Mar-2020 02:20:36

Elapsed time: 1174.969 seconds

