
RAxML-NG v. 0.9.0 released on 20.05.2019 by The Exelixis Lab.
Developed by: Alexey M. Kozlov and Alexandros Stamatakis.
Contributors: Diego Darriba, Tomas Flouri, Benoit Morel, Sarah Lutteropp, Ben Bettisworth.
Latest version: https://github.com/amkozlov/raxml-ng
Questions/problems/suggestions? Please visit: https://groups.google.com/forum/#!forum/raxml

RAxML-NG was called at 16-Mar-2020 02:49:58 as follows:

raxml-ng --threads 1 --bootstrap --bs-trees 83 --seed 2253374629 --prefix phylogeny/RAxML-NG/DNA/univ/sep/SARS-CoV-2_200314.6 --msa phylogeny/RAxML-NG/DNA/univ/sep/SARS-CoV-2_200314.raxml.rba --outgroup MG772933.1

Analysis options:
  run mode: Bootstrapping
  start tree(s): 
  bootstrap replicates: 83
  random seed: 2253374629
  tip-inner: OFF
  pattern compression: ON
  per-rate scalers: OFF
  site repeats: ON
  branch lengths: proportional (ML estimate, algorithm: NR-FAST)
  SIMD kernels: AVX2
  parallelization: NONE/sequential

[00:00:00] Loading binary alignment from file: phylogeny/RAxML-NG/DNA/univ/sep/SARS-CoV-2_200314.raxml.rba
[00:00:00] Alignment comprises 89 taxa, 3 partitions and 329 patterns

Partition 0: p1
Model: GTR+FO+G4m+B
Alignment sites / patterns: 9715 / 88
Gaps: 0.05 %
Invariant sites: 92.95 %

Partition 1: p2
Model: HKY+FO+I+G4m+B
Alignment sites / patterns: 9715 / 106
Gaps: 0.05 %
Invariant sites: 96.24 %

Partition 2: p3
Model: GTR+FO+I+G4m+B
Alignment sites / patterns: 9715 / 135
Gaps: 0.05 %
Invariant sites: 68.14 %


[00:00:00] Data distribution: max. partitions/sites/weight per thread: 3 / 329 / 5264
[00:00:00] Starting bootstrapping analysis with 83 replicates.

[00:00:15] Bootstrap tree #1, logLikelihood: -56162.967690
[00:00:33] Bootstrap tree #2, logLikelihood: -56148.247215
[00:00:58] Bootstrap tree #3, logLikelihood: -56600.982470
[00:01:34] Bootstrap tree #4, logLikelihood: -56630.408444
[00:01:51] Bootstrap tree #5, logLikelihood: -56608.455938
[00:02:09] Bootstrap tree #6, logLikelihood: -56661.724467
[00:02:27] Bootstrap tree #7, logLikelihood: -56734.645177
[00:02:44] Bootstrap tree #8, logLikelihood: -56412.658331
[00:03:00] Bootstrap tree #9, logLikelihood: -56726.675792
[00:03:20] Bootstrap tree #10, logLikelihood: -56544.398741
[00:03:39] Bootstrap tree #11, logLikelihood: -56361.914085
[00:04:05] Bootstrap tree #12, logLikelihood: -56864.856757
[00:04:21] Bootstrap tree #13, logLikelihood: -56400.042183
[00:04:50] Bootstrap tree #14, logLikelihood: -56370.695924
[00:05:06] Bootstrap tree #15, logLikelihood: -56477.423907
[00:05:26] Bootstrap tree #16, logLikelihood: -56577.329408
[00:05:52] Bootstrap tree #17, logLikelihood: -56388.500307
[00:06:11] Bootstrap tree #18, logLikelihood: -56659.075471
[00:06:27] Bootstrap tree #19, logLikelihood: -56016.263947
[00:06:46] Bootstrap tree #20, logLikelihood: -56643.637805
[00:07:02] Bootstrap tree #21, logLikelihood: -56938.812256
[00:07:21] Bootstrap tree #22, logLikelihood: -56631.244379
[00:07:44] Bootstrap tree #23, logLikelihood: -56712.836669
[00:08:00] Bootstrap tree #24, logLikelihood: -56453.635787
[00:08:25] Bootstrap tree #25, logLikelihood: -56626.876924
[00:08:45] Bootstrap tree #26, logLikelihood: -56735.696812
[00:09:02] Bootstrap tree #27, logLikelihood: -56171.876336
[00:09:19] Bootstrap tree #28, logLikelihood: -56526.545140
[00:09:37] Bootstrap tree #29, logLikelihood: -56377.284702
[00:09:53] Bootstrap tree #30, logLikelihood: -56820.336612
[00:10:10] Bootstrap tree #31, logLikelihood: -56347.058309
[00:10:27] Bootstrap tree #32, logLikelihood: -56156.878990
[00:10:43] Bootstrap tree #33, logLikelihood: -56180.400953
[00:11:01] Bootstrap tree #34, logLikelihood: -56462.213928
[00:11:19] Bootstrap tree #35, logLikelihood: -56342.727766
[00:11:38] Bootstrap tree #36, logLikelihood: -56361.068949
[00:11:56] Bootstrap tree #37, logLikelihood: -56479.853308
[00:12:16] Bootstrap tree #38, logLikelihood: -56358.693569
[00:12:37] Bootstrap tree #39, logLikelihood: -56533.174449
[00:12:54] Bootstrap tree #40, logLikelihood: -56616.539062
[00:13:12] Bootstrap tree #41, logLikelihood: -56500.551302
[00:13:34] Bootstrap tree #42, logLikelihood: -56693.874211
[00:13:51] Bootstrap tree #43, logLikelihood: -56525.919321
[00:14:08] Bootstrap tree #44, logLikelihood: -56201.636004
[00:14:32] Bootstrap tree #45, logLikelihood: -56261.971329
[00:14:48] Bootstrap tree #46, logLikelihood: -56147.673054
[00:15:05] Bootstrap tree #47, logLikelihood: -56611.817273
[00:15:35] Bootstrap tree #48, logLikelihood: -56015.427291
[00:15:54] Bootstrap tree #49, logLikelihood: -56310.758006
[00:16:11] Bootstrap tree #50, logLikelihood: -56163.866282
[00:16:30] Bootstrap tree #51, logLikelihood: -56546.602805
[00:16:56] Bootstrap tree #52, logLikelihood: -56307.432961
[00:17:14] Bootstrap tree #53, logLikelihood: -57142.453237
[00:17:32] Bootstrap tree #54, logLikelihood: -56514.844842
[00:17:50] Bootstrap tree #55, logLikelihood: -56564.678943
[00:18:08] Bootstrap tree #56, logLikelihood: -56551.165211
[00:18:25] Bootstrap tree #57, logLikelihood: -56244.225243
[00:18:41] Bootstrap tree #58, logLikelihood: -56541.945491
[00:19:09] Bootstrap tree #59, logLikelihood: -56304.175692
[00:19:26] Bootstrap tree #60, logLikelihood: -56528.619211
[00:19:43] Bootstrap tree #61, logLikelihood: -56563.759284
[00:20:02] Bootstrap tree #62, logLikelihood: -56524.178183
[00:20:20] Bootstrap tree #63, logLikelihood: -56352.853066
[00:20:37] Bootstrap tree #64, logLikelihood: -56770.282402
[00:20:55] Bootstrap tree #65, logLikelihood: -56163.639653
[00:21:12] Bootstrap tree #66, logLikelihood: -56042.670285
[00:21:28] Bootstrap tree #67, logLikelihood: -56598.942897
[00:21:43] Bootstrap tree #68, logLikelihood: -56592.938913
[00:22:01] Bootstrap tree #69, logLikelihood: -56404.151181
[00:22:19] Bootstrap tree #70, logLikelihood: -56164.777499
[00:22:37] Bootstrap tree #71, logLikelihood: -56208.063531
[00:22:56] Bootstrap tree #72, logLikelihood: -56245.970343
[00:23:19] Bootstrap tree #73, logLikelihood: -56399.811531
[00:23:35] Bootstrap tree #74, logLikelihood: -56286.012125
[00:23:50] Bootstrap tree #75, logLikelihood: -56349.775961
[00:24:07] Bootstrap tree #76, logLikelihood: -56196.206969
[00:24:26] Bootstrap tree #77, logLikelihood: -56136.816043
[00:24:46] Bootstrap tree #78, logLikelihood: -56270.385582
[00:25:03] Bootstrap tree #79, logLikelihood: -56107.721039
[00:25:28] Bootstrap tree #80, logLikelihood: -56060.661090
[00:25:45] Bootstrap tree #81, logLikelihood: -56708.788735
[00:26:03] Bootstrap tree #82, logLikelihood: -56508.487393
[00:26:19] Bootstrap tree #83, logLikelihood: -56664.811113

Bootstrap trees saved to: /home/hikoyu/analysis/Genome/SARS-CoV-2/phylogeny/RAxML-NG/DNA/univ/sep/SARS-CoV-2_200314.6.raxml.bootstraps

Execution log saved to: /home/hikoyu/analysis/Genome/SARS-CoV-2/phylogeny/RAxML-NG/DNA/univ/sep/SARS-CoV-2_200314.6.raxml.log

Analysis started: 16-Mar-2020 02:49:58 / finished: 16-Mar-2020 03:16:17

Elapsed time: 1579.474 seconds

