
RAxML-NG v. 0.9.0 released on 20.05.2019 by The Exelixis Lab.
Developed by: Alexey M. Kozlov and Alexandros Stamatakis.
Contributors: Diego Darriba, Tomas Flouri, Benoit Morel, Sarah Lutteropp, Ben Bettisworth.
Latest version: https://github.com/amkozlov/raxml-ng
Questions/problems/suggestions? Please visit: https://groups.google.com/forum/#!forum/raxml

RAxML-NG was called at 11-Mar-2020 02:53:47 as follows:

raxml-ng --threads 1 --bootstrap --bs-trees 83 --seed 2222884761 --prefix phylogeny/RAxML-NG/DNA/univ/sep/SARS-CoV-2_200311.9 --msa phylogeny/RAxML-NG/DNA/univ/sep/SARS-CoV-2_200311.raxml.rba --outgroup MG772933.1

Analysis options:
  run mode: Bootstrapping
  start tree(s): 
  bootstrap replicates: 83
  random seed: 2222884761
  tip-inner: OFF
  pattern compression: ON
  per-rate scalers: OFF
  site repeats: ON
  branch lengths: proportional (ML estimate, algorithm: NR-FAST)
  SIMD kernels: AVX2
  parallelization: NONE/sequential

[00:00:00] Loading binary alignment from file: phylogeny/RAxML-NG/DNA/univ/sep/SARS-CoV-2_200311.raxml.rba
[00:00:00] Alignment comprises 64 taxa, 3 partitions and 298 patterns

Partition 0: p1
Model: GTR+FO+G4m+B
Alignment sites / patterns: 9715 / 79
Gaps: 0.05 %
Invariant sites: 93.02 %

Partition 1: p2
Model: HKY+FO+I+B
Alignment sites / patterns: 9715 / 98
Gaps: 0.05 %
Invariant sites: 96.29 %

Partition 2: p3
Model: GTR+FO+I+G4m+B
Alignment sites / patterns: 9715 / 121
Gaps: 0.05 %
Invariant sites: 68.22 %


[00:00:00] Data distribution: max. partitions/sites/weight per thread: 3 / 298 / 3592
[00:00:00] Starting bootstrapping analysis with 83 replicates.

[00:00:08] Bootstrap tree #1, logLikelihood: -56369.325789
[00:00:14] Bootstrap tree #2, logLikelihood: -56103.506230
[00:00:23] Bootstrap tree #3, logLikelihood: -56274.969161
[00:00:31] Bootstrap tree #4, logLikelihood: -56089.124391
[00:00:37] Bootstrap tree #5, logLikelihood: -55958.729302
[00:00:44] Bootstrap tree #6, logLikelihood: -56218.202863
[00:00:51] Bootstrap tree #7, logLikelihood: -55759.642638
[00:00:59] Bootstrap tree #8, logLikelihood: -55590.525616
[00:01:07] Bootstrap tree #9, logLikelihood: -56237.914747
[00:01:15] Bootstrap tree #10, logLikelihood: -56261.885342
[00:01:24] Bootstrap tree #11, logLikelihood: -56377.541322
[00:01:31] Bootstrap tree #12, logLikelihood: -56111.895174
[00:01:39] Bootstrap tree #13, logLikelihood: -56027.944269
[00:01:47] Bootstrap tree #14, logLikelihood: -56276.948048
[00:01:54] Bootstrap tree #15, logLikelihood: -55821.375787
[00:02:03] Bootstrap tree #16, logLikelihood: -56556.975951
[00:02:13] Bootstrap tree #17, logLikelihood: -56184.897136
[00:02:20] Bootstrap tree #18, logLikelihood: -56158.366287
[00:02:28] Bootstrap tree #19, logLikelihood: -55937.104105
[00:02:36] Bootstrap tree #20, logLikelihood: -56098.626839
[00:02:45] Bootstrap tree #21, logLikelihood: -55903.369470
[00:02:53] Bootstrap tree #22, logLikelihood: -56133.492298
[00:03:04] Bootstrap tree #23, logLikelihood: -55815.382457
[00:03:13] Bootstrap tree #24, logLikelihood: -56281.542460
[00:03:21] Bootstrap tree #25, logLikelihood: -56013.750819
[00:03:28] Bootstrap tree #26, logLikelihood: -56116.610060
[00:03:36] Bootstrap tree #27, logLikelihood: -56069.381957
[00:03:44] Bootstrap tree #28, logLikelihood: -56591.113162
[00:03:52] Bootstrap tree #29, logLikelihood: -56471.362988
[00:04:00] Bootstrap tree #30, logLikelihood: -55787.683998
[00:04:07] Bootstrap tree #31, logLikelihood: -56144.070096
[00:04:17] Bootstrap tree #32, logLikelihood: -55877.998388
[00:04:25] Bootstrap tree #33, logLikelihood: -56262.962288
[00:04:38] Bootstrap tree #34, logLikelihood: -56394.426246
[00:04:46] Bootstrap tree #35, logLikelihood: -56504.598545
[00:04:54] Bootstrap tree #36, logLikelihood: -56397.729892
[00:05:02] Bootstrap tree #37, logLikelihood: -56581.746888
[00:05:09] Bootstrap tree #38, logLikelihood: -55832.929770
[00:05:17] Bootstrap tree #39, logLikelihood: -55939.792971
[00:05:25] Bootstrap tree #40, logLikelihood: -55980.363851
[00:05:33] Bootstrap tree #41, logLikelihood: -56424.415000
[00:05:42] Bootstrap tree #42, logLikelihood: -56757.944584
[00:05:49] Bootstrap tree #43, logLikelihood: -56161.355227
[00:05:57] Bootstrap tree #44, logLikelihood: -56141.917043
[00:06:05] Bootstrap tree #45, logLikelihood: -56212.943505
[00:06:12] Bootstrap tree #46, logLikelihood: -56191.931753
[00:06:19] Bootstrap tree #47, logLikelihood: -55733.288478
[00:06:27] Bootstrap tree #48, logLikelihood: -56122.475365
[00:06:35] Bootstrap tree #49, logLikelihood: -56110.456906
[00:06:43] Bootstrap tree #50, logLikelihood: -56430.202685
[00:06:52] Bootstrap tree #51, logLikelihood: -55896.513573
[00:07:00] Bootstrap tree #52, logLikelihood: -56195.550558
[00:07:08] Bootstrap tree #53, logLikelihood: -55920.307212
[00:07:16] Bootstrap tree #54, logLikelihood: -56436.491035
[00:07:25] Bootstrap tree #55, logLikelihood: -55969.906976
[00:07:32] Bootstrap tree #56, logLikelihood: -56234.244871
[00:07:40] Bootstrap tree #57, logLikelihood: -56034.960018
[00:07:51] Bootstrap tree #58, logLikelihood: -55989.396914
[00:08:00] Bootstrap tree #59, logLikelihood: -56050.337617
[00:08:08] Bootstrap tree #60, logLikelihood: -56456.042298
[00:08:17] Bootstrap tree #61, logLikelihood: -56037.369855
[00:08:26] Bootstrap tree #62, logLikelihood: -56168.089806
[00:08:34] Bootstrap tree #63, logLikelihood: -55970.969932
[00:08:41] Bootstrap tree #64, logLikelihood: -56157.581178
[00:08:49] Bootstrap tree #65, logLikelihood: -56317.334600
[00:08:59] Bootstrap tree #66, logLikelihood: -55840.250755
[00:09:07] Bootstrap tree #67, logLikelihood: -56053.316867
[00:09:15] Bootstrap tree #68, logLikelihood: -56370.742621
[00:09:22] Bootstrap tree #69, logLikelihood: -56019.727277
[00:09:30] Bootstrap tree #70, logLikelihood: -56436.584136
[00:09:39] Bootstrap tree #71, logLikelihood: -56108.258481
[00:09:49] Bootstrap tree #72, logLikelihood: -56459.430577
[00:09:59] Bootstrap tree #73, logLikelihood: -56609.210656
[00:10:08] Bootstrap tree #74, logLikelihood: -55914.272108
[00:10:16] Bootstrap tree #75, logLikelihood: -56089.421518
[00:10:25] Bootstrap tree #76, logLikelihood: -56124.745615
[00:10:35] Bootstrap tree #77, logLikelihood: -56093.572548
[00:10:43] Bootstrap tree #78, logLikelihood: -55945.826527
[00:10:50] Bootstrap tree #79, logLikelihood: -56097.495599
[00:10:58] Bootstrap tree #80, logLikelihood: -56099.012063
[00:11:07] Bootstrap tree #81, logLikelihood: -55361.772664
[00:11:16] Bootstrap tree #82, logLikelihood: -56166.684816
[00:11:27] Bootstrap tree #83, logLikelihood: -56323.216285

Bootstrap trees saved to: /home/hikoyu/analysis/Genome/SARS-CoV-2/phylogeny/RAxML-NG/DNA/univ/sep/SARS-CoV-2_200311.9.raxml.bootstraps

Execution log saved to: /home/hikoyu/analysis/Genome/SARS-CoV-2/phylogeny/RAxML-NG/DNA/univ/sep/SARS-CoV-2_200311.9.raxml.log

Analysis started: 11-Mar-2020 02:53:47 / finished: 11-Mar-2020 03:05:14

Elapsed time: 687.464 seconds

