
RAxML-NG v. 0.9.0 released on 20.05.2019 by The Exelixis Lab.
Developed by: Alexey M. Kozlov and Alexandros Stamatakis.
Contributors: Diego Darriba, Tomas Flouri, Benoit Morel, Sarah Lutteropp, Ben Bettisworth.
Latest version: https://github.com/amkozlov/raxml-ng
Questions/problems/suggestions? Please visit: https://groups.google.com/forum/#!forum/raxml

RAxML-NG was called at 11-Mar-2020 03:05:51 as follows:

raxml-ng --threads 1 --bsconverge --bs-trees phylogeny/RAxML-NG/DNA/univ/sep/SARS-CoV-2_200311.raxml.bootstraps --prefix phylogeny/RAxML-NG/DNA/univ/sep/SARS-CoV-2_200311 --outgroup MG772933.1

Analysis options:
  run mode: A posteriori bootstrap convergence test
  start tree(s): 
  random seed: 1583863551
  SIMD kernels: AVX2
  parallelization: NONE/sequential

Reading bootstrap trees from file: phylogeny/RAxML-NG/DNA/univ/sep/SARS-CoV-2_200311.raxml.bootstraps
Loaded 1000 trees with 64 taxa.

Performing bootstrap convergence assessment using autoMRE criterion

 # trees        avg WRF       avg WRF in %       # perms: wrf <= 3.00 %     converged?  
      50        230.343              9.321                            0        NO
     100        357.549              7.107                            0        NO
     150        452.167              5.943                            0        NO
     200        556.011              5.482                            0        NO
     250        616.617              4.829                            2        NO
     300        746.950              4.846                            0        NO
     350        756.538              4.171                           23        NO
     400        783.027              3.748                           95        NO
     450        855.745              3.640                          117        NO
     500        949.419              3.625                          163        NO
     550       1010.455              3.501                          160        NO
     600       1062.528              3.368                          245        NO
     650       1146.916              3.352                          267        NO
     700       1210.195              3.272                          267        NO
     750       1235.687              3.118                          386        NO
     800       1195.688              2.814                          704        NO
     850       1234.533              2.732                          798        NO
     900       1362.808              2.840                          734        NO
     950       1394.598              2.747                          809        NO
    1000       1414.813              2.643                          843        NO
Bootstopping test did not converge after 1000 trees


Execution log saved to: /home/hikoyu/analysis/Genome/SARS-CoV-2/phylogeny/RAxML-NG/DNA/univ/sep/SARS-CoV-2_200311.raxml.log

Analysis started: 11-Mar-2020 03:05:51 / finished: 11-Mar-2020 03:10:29

Elapsed time: 277.788 seconds

