
RAxML-NG v. 0.9.0 released on 20.05.2019 by The Exelixis Lab.
Developed by: Alexey M. Kozlov and Alexandros Stamatakis.
Contributors: Diego Darriba, Tomas Flouri, Benoit Morel, Sarah Lutteropp, Ben Bettisworth.
Latest version: https://github.com/amkozlov/raxml-ng
Questions/problems/suggestions? Please visit: https://groups.google.com/forum/#!forum/raxml

RAxML-NG was called at 30-Mar-2020 01:07:54 as follows:

raxml-ng --threads 1 --parse --prefix phylogeny/RAxML-NG/DNA/univ/sep/SARS-CoV-2_200328 --msa phylogeny/SARS-CoV-2_200328.aln.concat.fna --msa-format FASTA --data-type DNA --model phylogeny/ModelTest-NG/DNA/univ/sep/SARS-CoV-2_200328.part.bic

Analysis options:
  run mode: Alignment parsing and compression
  start tree(s): 
  random seed: 1585498074
  tip-inner: OFF
  pattern compression: ON
  per-rate scalers: OFF
  site repeats: ON
  branch lengths: proportional (ML estimate, algorithm: NR-FAST)
  SIMD kernels: AVX2
  parallelization: NONE/sequential

[00:00:00] Reading alignment from file: phylogeny/SARS-CoV-2_200328.aln.concat.fna
[00:00:00] Loaded alignment with 80 taxa and 29148 sites

WARNING: Sequences LC522974.1 and LC522975.1 are exactly identical!
WARNING: Sequences LR757995.1 and MT066175.1 are exactly identical!
WARNING: Sequences LR757996.1 and MN908947.3 are exactly identical!
WARNING: Sequences LR757996.1 and MN988668.1 are exactly identical!
WARNING: Sequences LR757996.1 and MN988669.1 are exactly identical!
WARNING: Sequences LR757996.1 and MN996528.1 are exactly identical!
WARNING: Sequences LR757996.1 and MN996530.1 are exactly identical!
WARNING: Sequences LR757996.1 and MT019530.1 are exactly identical!
WARNING: Sequences LR757996.1 and MT019532.1 are exactly identical!
WARNING: Sequences LR757996.1 and MT039873.1 are exactly identical!
WARNING: Sequences LR757996.1 and MT093631.2 are exactly identical!
WARNING: Sequences LR757996.1 and MT192759.1 are exactly identical!
WARNING: Sequences MN985325.1 and MT020880.1 are exactly identical!
WARNING: Sequences MN985325.1 and MT020881.1 are exactly identical!
WARNING: Sequences MT027062.1 and MT027063.1 are exactly identical!
WARNING: Sequences MT135041.1 and MT135042.1 are exactly identical!
WARNING: Sequences MT135041.1 and MT135044.1 are exactly identical!
WARNING: Sequences MT192772.1 and MT192773.1 are exactly identical!
WARNING: Duplicate sequences found: 18

NOTE: Reduced alignment (with duplicates and gap-only sites/taxa removed) 
NOTE: was saved to: /home/hikoyu/analysis/Genome/SARS-CoV-2/phylogeny/RAxML-NG/DNA/univ/sep/SARS-CoV-2_200328.raxml.reduced.phy

NOTE: The corresponding reduced partition file was saved to:
/home/hikoyu/analysis/Genome/SARS-CoV-2/phylogeny/RAxML-NG/DNA/univ/sep/SARS-CoV-2_200328.raxml.reduced.partition

Alignment comprises 3 partitions and 342 patterns

Partition 0: p1
Model: GTR+FO+B
Alignment sites / patterns: 9716 / 91
Gaps: 0.06 %
Invariant sites: 92.86 %

Partition 1: p2
Model: HKY+FO+I+G4m+B
Alignment sites / patterns: 9716 / 111
Gaps: 0.06 %
Invariant sites: 96.18 %

Partition 2: p3
Model: GTR+FO+I+G4m+B
Alignment sites / patterns: 9716 / 140
Gaps: 0.06 %
Invariant sites: 68.10 %


NOTE: Binary MSA file created: phylogeny/RAxML-NG/DNA/univ/sep/SARS-CoV-2_200328.raxml.rba

* Estimated memory requirements                : 6 MB

* Recommended number of threads / MPI processes: 1

Please note that numbers given above are rough estimates only. 
Actual memory consumption and parallel performance on your system may differ!

Alignment can be successfully read by RAxML-NG.


Execution log saved to: /home/hikoyu/analysis/Genome/SARS-CoV-2/phylogeny/RAxML-NG/DNA/univ/sep/SARS-CoV-2_200328.raxml.log

Analysis started: 30-Mar-2020 01:07:54 / finished: 30-Mar-2020 01:07:54

Elapsed time: 0.097 seconds

