
RAxML-NG v. 0.9.0 released on 20.05.2019 by The Exelixis Lab.
Developed by: Alexey M. Kozlov and Alexandros Stamatakis.
Contributors: Diego Darriba, Tomas Flouri, Benoit Morel, Sarah Lutteropp, Ben Bettisworth.
Latest version: https://github.com/amkozlov/raxml-ng
Questions/problems/suggestions? Please visit: https://groups.google.com/forum/#!forum/raxml

RAxML-NG was called at 21-Mar-2020 19:00:02 as follows:

raxml-ng --threads 1 --search --tree rand{8},pars{8} --seed 2829644584 --prefix phylogeny/RAxML-NG/DNA/univ/sep/SARS-CoV-2_200320.4 --msa phylogeny/RAxML-NG/DNA/univ/sep/SARS-CoV-2_200320.raxml.rba --outgroup MG772933.1

Analysis options:
  run mode: ML tree search
  start tree(s): random (8) + parsimony (8)
  random seed: 2829644584
  tip-inner: OFF
  pattern compression: ON
  per-rate scalers: OFF
  site repeats: ON
  fast spr radius: AUTO
  spr subtree cutoff: 1.000000
  branch lengths: proportional (ML estimate, algorithm: NR-FAST)
  SIMD kernels: AVX2
  parallelization: NONE/sequential

[00:00:00] Loading binary alignment from file: phylogeny/RAxML-NG/DNA/univ/sep/SARS-CoV-2_200320.raxml.rba
[00:00:00] Alignment comprises 78 taxa, 3 partitions and 324 patterns

Partition 0: p1
Model: GTR+FO+G4m+B
Alignment sites / patterns: 9716 / 88
Gaps: 0.06 %
Invariant sites: 92.95 %

Partition 1: p2
Model: HKY+FO+I+G4m+B
Alignment sites / patterns: 9716 / 104
Gaps: 0.06 %
Invariant sites: 96.25 %

Partition 2: p3
Model: GTR+FO+I+G4m+B
Alignment sites / patterns: 9716 / 132
Gaps: 0.06 %
Invariant sites: 68.17 %


[00:00:00] Generating 8 random starting tree(s) with 78 taxa
[00:00:00] Generating 8 parsimony starting tree(s) with 78 taxa
[00:00:00] Data distribution: max. partitions/sites/weight per thread: 3 / 324 / 5184

Starting ML tree search with 16 distinct starting trees

[00:00:00 -129808.586977] Initial branch length optimization
[00:00:00 -61122.634750] Model parameter optimization (eps = 10.000000)
[00:00:01 -57386.950916] AUTODETECT spr round 1 (radius: 5)
[00:00:01 -56911.135639] AUTODETECT spr round 2 (radius: 10)
[00:00:02 -56700.690842] AUTODETECT spr round 3 (radius: 15)
[00:00:03 -56643.663964] AUTODETECT spr round 4 (radius: 20)
[00:00:03 -56643.663964] SPR radius for FAST iterations: 15 (autodetect)
[00:00:03 -56643.663964] Model parameter optimization (eps = 3.000000)
[00:00:04 -56629.340613] FAST spr round 1 (radius: 15)
[00:00:05 -56493.787380] FAST spr round 2 (radius: 15)
[00:00:06 -56493.770990] Model parameter optimization (eps = 1.000000)
[00:00:07 -56468.738304] SLOW spr round 1 (radius: 5)
[00:00:09 -56468.735197] SLOW spr round 2 (radius: 10)
[00:00:11 -56468.735118] SLOW spr round 3 (radius: 15)
[00:00:13 -56468.735115] SLOW spr round 4 (radius: 20)
[00:00:14 -56468.157645] SLOW spr round 5 (radius: 5)
[00:00:16 -56468.156707] SLOW spr round 6 (radius: 10)
[00:00:18 -56468.156706] SLOW spr round 7 (radius: 15)
[00:00:20 -56468.156706] SLOW spr round 8 (radius: 20)
[00:00:21 -56468.156706] SLOW spr round 9 (radius: 25)
[00:00:22 -56468.156706] Model parameter optimization (eps = 0.100000)

[00:00:23] ML tree search #1, logLikelihood: -56467.079479

[00:00:23 -129808.216213] Initial branch length optimization
[00:00:23 -61144.669718] Model parameter optimization (eps = 10.000000)
[00:00:24 -57404.053286] AUTODETECT spr round 1 (radius: 5)
[00:00:25 -56918.205274] AUTODETECT spr round 2 (radius: 10)
[00:00:25 -56787.897854] AUTODETECT spr round 3 (radius: 15)
[00:00:26 -56610.731264] AUTODETECT spr round 4 (radius: 20)
[00:00:27 -56610.718872] SPR radius for FAST iterations: 15 (autodetect)
[00:00:27 -56610.718872] Model parameter optimization (eps = 3.000000)
[00:00:28 -56571.034245] FAST spr round 1 (radius: 15)
[00:00:30 -56470.110482] FAST spr round 2 (radius: 15)
[00:00:31 -56470.107692] Model parameter optimization (eps = 1.000000)
[00:00:31 -56467.688755] SLOW spr round 1 (radius: 5)
[00:00:33 -56467.681732] SLOW spr round 2 (radius: 10)
[00:00:35 -56467.681722] SLOW spr round 3 (radius: 15)
[00:00:36 -56467.681722] SLOW spr round 4 (radius: 20)
[00:00:38 -56467.681722] SLOW spr round 5 (radius: 25)
[00:00:38 -56467.681722] Model parameter optimization (eps = 0.100000)

[00:00:39] ML tree search #2, logLikelihood: -56467.083117

[00:00:39 -129818.247307] Initial branch length optimization
[00:00:39 -61155.503688] Model parameter optimization (eps = 10.000000)
[00:00:40 -57416.659713] AUTODETECT spr round 1 (radius: 5)
[00:00:41 -56882.744916] AUTODETECT spr round 2 (radius: 10)
[00:00:41 -56770.211143] AUTODETECT spr round 3 (radius: 15)
[00:00:42 -56670.462710] AUTODETECT spr round 4 (radius: 20)
[00:00:43 -56622.020864] AUTODETECT spr round 5 (radius: 25)
[00:00:43 -56622.020857] SPR radius for FAST iterations: 20 (autodetect)
[00:00:43 -56622.020857] Model parameter optimization (eps = 3.000000)
[00:00:44 -56584.086872] FAST spr round 1 (radius: 20)
[00:00:46 -56471.172758] FAST spr round 2 (radius: 20)
[00:00:47 -56471.168300] Model parameter optimization (eps = 1.000000)
[00:00:48 -56467.756958] SLOW spr round 1 (radius: 5)
[00:00:49 -56467.749386] SLOW spr round 2 (radius: 10)
[00:00:51 -56467.749371] SLOW spr round 3 (radius: 15)
[00:00:53 -56467.749371] SLOW spr round 4 (radius: 20)
[00:00:54 -56467.749371] SLOW spr round 5 (radius: 25)
[00:00:55 -56467.749371] Model parameter optimization (eps = 0.100000)

[00:00:56] ML tree search #3, logLikelihood: -56467.098436

[00:00:56 -129803.547242] Initial branch length optimization
[00:00:56 -61100.688463] Model parameter optimization (eps = 10.000000)
[00:00:57 -57377.555517] AUTODETECT spr round 1 (radius: 5)
[00:00:57 -56809.893742] AUTODETECT spr round 2 (radius: 10)
[00:00:58 -56664.390148] AUTODETECT spr round 3 (radius: 15)
[00:00:58 -56637.551008] AUTODETECT spr round 4 (radius: 20)
[00:00:59 -56621.099636] AUTODETECT spr round 5 (radius: 25)
[00:00:59 -56621.099541] SPR radius for FAST iterations: 20 (autodetect)
[00:00:59 -56621.099541] Model parameter optimization (eps = 3.000000)
[00:01:00 -56594.254884] FAST spr round 1 (radius: 20)
[00:01:02 -56476.231967] FAST spr round 2 (radius: 20)
[00:01:03 -56476.225826] Model parameter optimization (eps = 1.000000)
[00:01:04 -56467.383187] SLOW spr round 1 (radius: 5)
[00:01:06 -56467.381086] SLOW spr round 2 (radius: 10)
[00:01:07 -56467.381068] SLOW spr round 3 (radius: 15)
[00:01:09 -56467.381067] SLOW spr round 4 (radius: 20)
[00:01:10 -56467.381067] SLOW spr round 5 (radius: 25)
[00:01:11 -56467.381067] Model parameter optimization (eps = 0.100000)

[00:01:12] ML tree search #4, logLikelihood: -56467.106958

[00:01:12 -129808.475521] Initial branch length optimization
[00:01:12 -61131.942483] Model parameter optimization (eps = 10.000000)
[00:01:13 -57404.220923] AUTODETECT spr round 1 (radius: 5)
[00:01:13 -56932.837848] AUTODETECT spr round 2 (radius: 10)
[00:01:14 -56648.968834] AUTODETECT spr round 3 (radius: 15)
[00:01:15 -56609.725707] AUTODETECT spr round 4 (radius: 20)
[00:01:15 -56609.654354] SPR radius for FAST iterations: 15 (autodetect)
[00:01:15 -56609.654354] Model parameter optimization (eps = 3.000000)
[00:01:16 -56592.347180] FAST spr round 1 (radius: 15)
[00:01:18 -56491.775043] FAST spr round 2 (radius: 15)
[00:01:19 -56491.771664] Model parameter optimization (eps = 1.000000)
[00:01:20 -56467.853332] SLOW spr round 1 (radius: 5)
[00:01:22 -56467.844298] SLOW spr round 2 (radius: 10)
[00:01:24 -56467.844230] SLOW spr round 3 (radius: 15)
[00:01:26 -56467.844228] SLOW spr round 4 (radius: 20)
[00:01:27 -56467.844228] SLOW spr round 5 (radius: 25)
[00:01:27 -56467.844228] Model parameter optimization (eps = 0.100000)

[00:01:28] ML tree search #5, logLikelihood: -56467.070800

[00:01:28 -129781.039694] Initial branch length optimization
[00:01:28 -61082.194483] Model parameter optimization (eps = 10.000000)
[00:01:29 -57346.836546] AUTODETECT spr round 1 (radius: 5)
[00:01:30 -56928.108579] AUTODETECT spr round 2 (radius: 10)
[00:01:30 -56665.995802] AUTODETECT spr round 3 (radius: 15)
[00:01:31 -56584.057369] AUTODETECT spr round 4 (radius: 20)
[00:01:32 -56584.057367] SPR radius for FAST iterations: 15 (autodetect)
[00:01:32 -56584.057367] Model parameter optimization (eps = 3.000000)
[00:01:32 -56566.297479] FAST spr round 1 (radius: 15)
[00:01:34 -56491.996787] FAST spr round 2 (radius: 15)
[00:01:35 -56491.991670] Model parameter optimization (eps = 1.000000)
[00:01:36 -56467.862806] SLOW spr round 1 (radius: 5)
[00:01:38 -56467.854669] SLOW spr round 2 (radius: 10)
[00:01:40 -56467.854598] SLOW spr round 3 (radius: 15)
[00:01:41 -56467.854595] SLOW spr round 4 (radius: 20)
[00:01:43 -56467.854595] SLOW spr round 5 (radius: 25)
[00:01:44 -56467.854595] Model parameter optimization (eps = 0.100000)

[00:01:44] ML tree search #6, logLikelihood: -56467.070932

[00:01:44 -129818.806458] Initial branch length optimization
[00:01:44 -61196.426070] Model parameter optimization (eps = 10.000000)
[00:01:46 -57440.870757] AUTODETECT spr round 1 (radius: 5)
[00:01:46 -56923.725385] AUTODETECT spr round 2 (radius: 10)
[00:01:47 -56625.493021] AUTODETECT spr round 3 (radius: 15)
[00:01:47 -56592.966021] AUTODETECT spr round 4 (radius: 20)
[00:01:48 -56592.965039] SPR radius for FAST iterations: 15 (autodetect)
[00:01:48 -56592.965039] Model parameter optimization (eps = 3.000000)
[00:01:49 -56554.064857] FAST spr round 1 (radius: 15)
[00:01:51 -56471.744079] FAST spr round 2 (radius: 15)
[00:01:52 -56471.742694] Model parameter optimization (eps = 1.000000)
[00:01:53 -56467.372745] SLOW spr round 1 (radius: 5)
[00:01:54 -56467.352297] SLOW spr round 2 (radius: 10)
[00:01:56 -56467.352290] SLOW spr round 3 (radius: 15)
[00:01:58 -56467.352290] SLOW spr round 4 (radius: 20)
[00:01:59 -56467.352290] SLOW spr round 5 (radius: 25)
[00:02:00 -56467.352290] Model parameter optimization (eps = 0.100000)

[00:02:00] ML tree search #7, logLikelihood: -56467.084037

[00:02:00 -129810.817565] Initial branch length optimization
[00:02:00 -61146.910174] Model parameter optimization (eps = 10.000000)
[00:02:01 -57411.059842] AUTODETECT spr round 1 (radius: 5)
[00:02:02 -56980.255152] AUTODETECT spr round 2 (radius: 10)
[00:02:02 -56696.148253] AUTODETECT spr round 3 (radius: 15)
[00:02:03 -56591.856154] AUTODETECT spr round 4 (radius: 20)
[00:02:04 -56587.145849] AUTODETECT spr round 5 (radius: 25)
[00:02:04 -56587.145057] SPR radius for FAST iterations: 20 (autodetect)
[00:02:04 -56587.145057] Model parameter optimization (eps = 3.000000)
[00:02:05 -56553.375744] FAST spr round 1 (radius: 20)
[00:02:07 -56471.907184] FAST spr round 2 (radius: 20)
[00:02:08 -56471.894927] Model parameter optimization (eps = 1.000000)
[00:02:09 -56467.425751] SLOW spr round 1 (radius: 5)
[00:02:11 -56467.422740] SLOW spr round 2 (radius: 10)
[00:02:13 -56467.422691] SLOW spr round 3 (radius: 15)
[00:02:14 -56467.422690] SLOW spr round 4 (radius: 20)
[00:02:16 -56467.422690] SLOW spr round 5 (radius: 25)
[00:02:16 -56467.422690] Model parameter optimization (eps = 0.100000)

[00:02:17] ML tree search #8, logLikelihood: -56467.038847

[00:02:17 -126826.602533] Initial branch length optimization
[00:02:17 -59917.848740] Model parameter optimization (eps = 10.000000)
[00:02:18 -56479.006317] AUTODETECT spr round 1 (radius: 5)
[00:02:19 -56470.125672] AUTODETECT spr round 2 (radius: 10)
[00:02:19 -56470.125663] SPR radius for FAST iterations: 5 (autodetect)
[00:02:19 -56470.125663] Model parameter optimization (eps = 3.000000)
[00:02:19 -56468.859036] FAST spr round 1 (radius: 5)
[00:02:20 -56468.852952] Model parameter optimization (eps = 1.000000)
[00:02:20 -56468.085485] SLOW spr round 1 (radius: 5)
[00:02:22 -56468.076329] SLOW spr round 2 (radius: 10)
[00:02:23 -56468.074261] SLOW spr round 3 (radius: 15)
[00:02:25 -56468.074258] SLOW spr round 4 (radius: 20)
[00:02:26 -56468.074258] SLOW spr round 5 (radius: 25)
[00:02:26 -56468.074258] Model parameter optimization (eps = 0.100000)

[00:02:27] ML tree search #9, logLikelihood: -56467.151348

[00:02:28 -126827.251072] Initial branch length optimization
[00:02:28 -59917.850296] Model parameter optimization (eps = 10.000000)
[00:02:29 -56480.023105] AUTODETECT spr round 1 (radius: 5)
[00:02:29 -56470.992060] AUTODETECT spr round 2 (radius: 10)
[00:02:29 -56470.992051] SPR radius for FAST iterations: 5 (autodetect)
[00:02:29 -56470.992051] Model parameter optimization (eps = 3.000000)
[00:02:30 -56469.645532] FAST spr round 1 (radius: 5)
[00:02:30 -56469.640552] Model parameter optimization (eps = 1.000000)
[00:02:31 -56468.909426] SLOW spr round 1 (radius: 5)
[00:02:32 -56468.902024] SLOW spr round 2 (radius: 10)
[00:02:34 -56468.899946] SLOW spr round 3 (radius: 15)
[00:02:35 -56468.899942] SLOW spr round 4 (radius: 20)
[00:02:36 -56468.899942] SLOW spr round 5 (radius: 25)
[00:02:37 -56468.899942] Model parameter optimization (eps = 0.100000)

[00:02:38] ML tree search #10, logLikelihood: -56467.958457

[00:02:38 -126827.288655] Initial branch length optimization
[00:02:38 -59909.347375] Model parameter optimization (eps = 10.000000)
[00:02:39 -56471.463816] AUTODETECT spr round 1 (radius: 5)
[00:02:39 -56470.947021] AUTODETECT spr round 2 (radius: 10)
[00:02:40 -56470.093367] AUTODETECT spr round 3 (radius: 15)
[00:02:40 -56470.092885] SPR radius for FAST iterations: 10 (autodetect)
[00:02:40 -56470.092885] Model parameter optimization (eps = 3.000000)
[00:02:40 -56468.844477] FAST spr round 1 (radius: 10)
[00:02:41 -56468.837998] Model parameter optimization (eps = 1.000000)
[00:02:42 -56468.054946] SLOW spr round 1 (radius: 5)
[00:02:44 -56468.028028] SLOW spr round 2 (radius: 10)
[00:02:46 -56468.025998] SLOW spr round 3 (radius: 15)
[00:02:47 -56468.025979] SLOW spr round 4 (radius: 20)
[00:02:48 -56468.025979] SLOW spr round 5 (radius: 25)
[00:02:49 -56468.025979] Model parameter optimization (eps = 0.100000)

[00:02:50] ML tree search #11, logLikelihood: -56467.134387

[00:02:50 -126827.258731] Initial branch length optimization
[00:02:50 -59909.316850] Model parameter optimization (eps = 10.000000)
[00:02:51 -56471.464407] AUTODETECT spr round 1 (radius: 5)
[00:02:51 -56470.945520] AUTODETECT spr round 2 (radius: 10)
[00:02:52 -56470.943754] SPR radius for FAST iterations: 5 (autodetect)
[00:02:52 -56470.943754] Model parameter optimization (eps = 3.000000)
[00:02:52 -56469.612013] FAST spr round 1 (radius: 5)
[00:02:53 -56469.605267] Model parameter optimization (eps = 1.000000)
[00:02:53 -56468.882920] SLOW spr round 1 (radius: 5)
[00:02:55 -56468.065515] SLOW spr round 2 (radius: 5)
[00:02:56 -56468.064065] SLOW spr round 3 (radius: 10)
[00:02:58 -56468.064056] SLOW spr round 4 (radius: 15)
[00:03:00 -56468.049656] SLOW spr round 5 (radius: 20)
[00:03:01 -56468.049656] SLOW spr round 6 (radius: 25)
[00:03:02 -56468.049656] Model parameter optimization (eps = 0.100000)

[00:03:03] ML tree search #12, logLikelihood: -56467.133774

[00:03:03 -126821.845668] Initial branch length optimization
[00:03:03 -59905.801943] Model parameter optimization (eps = 10.000000)
[00:03:04 -56470.272618] AUTODETECT spr round 1 (radius: 5)
[00:03:04 -56470.269107] SPR radius for FAST iterations: 5 (autodetect)
[00:03:04 -56470.269107] Model parameter optimization (eps = 3.000000)
[00:03:04 -56468.985045] FAST spr round 1 (radius: 5)
[00:03:05 -56468.979621] Model parameter optimization (eps = 1.000000)
[00:03:05 -56468.123213] SLOW spr round 1 (radius: 5)
[00:03:07 -56468.114790] SLOW spr round 2 (radius: 10)
[00:03:08 -56468.112760] SLOW spr round 3 (radius: 15)
[00:03:10 -56468.112757] SLOW spr round 4 (radius: 20)
[00:03:11 -56468.112757] SLOW spr round 5 (radius: 25)
[00:03:12 -56468.112757] Model parameter optimization (eps = 0.100000)

[00:03:12] ML tree search #13, logLikelihood: -56467.155759

[00:03:12 -126822.534577] Initial branch length optimization
[00:03:12 -59905.632089] Model parameter optimization (eps = 10.000000)
[00:03:13 -56470.274771] AUTODETECT spr round 1 (radius: 5)
[00:03:14 -56470.267745] SPR radius for FAST iterations: 5 (autodetect)
[00:03:14 -56470.267745] Model parameter optimization (eps = 3.000000)
[00:03:14 -56468.988548] FAST spr round 1 (radius: 5)
[00:03:15 -56468.982806] Model parameter optimization (eps = 1.000000)
[00:03:15 -56468.116050] SLOW spr round 1 (radius: 5)
[00:03:17 -56468.105795] SLOW spr round 2 (radius: 10)
[00:03:19 -56468.103814] SLOW spr round 3 (radius: 15)
[00:03:20 -56468.102553] SLOW spr round 4 (radius: 20)
[00:03:21 -56468.101234] SLOW spr round 5 (radius: 25)
[00:03:22 -56468.101225] Model parameter optimization (eps = 0.100000)

[00:03:23] ML tree search #14, logLikelihood: -56467.154813

[00:03:23 -126821.845942] Initial branch length optimization
[00:03:23 -59905.684762] Model parameter optimization (eps = 10.000000)
[00:03:24 -56470.270630] AUTODETECT spr round 1 (radius: 5)
[00:03:24 -56470.266151] SPR radius for FAST iterations: 5 (autodetect)
[00:03:24 -56470.266151] Model parameter optimization (eps = 3.000000)
[00:03:25 -56468.987663] FAST spr round 1 (radius: 5)
[00:03:25 -56468.981823] Model parameter optimization (eps = 1.000000)
[00:03:26 -56468.114234] SLOW spr round 1 (radius: 5)
[00:03:27 -56468.105268] SLOW spr round 2 (radius: 10)
[00:03:29 -56468.088449] SLOW spr round 3 (radius: 15)
[00:03:31 -56468.088432] SLOW spr round 4 (radius: 20)
[00:03:32 -56468.088432] SLOW spr round 5 (radius: 25)
[00:03:33 -56468.088432] Model parameter optimization (eps = 0.100000)

[00:03:34] ML tree search #15, logLikelihood: -56467.088793

[00:03:34 -126826.740515] Initial branch length optimization
[00:03:34 -59914.146241] Model parameter optimization (eps = 10.000000)
[00:03:35 -56477.685042] AUTODETECT spr round 1 (radius: 5)
[00:03:36 -56477.678014] SPR radius for FAST iterations: 5 (autodetect)
[00:03:36 -56477.678014] Model parameter optimization (eps = 3.000000)
[00:03:36 -56476.406722] FAST spr round 1 (radius: 5)
[00:03:37 -56476.399762] Model parameter optimization (eps = 1.000000)
[00:03:37 -56475.557227] SLOW spr round 1 (radius: 5)
[00:03:39 -56475.546910] SLOW spr round 2 (radius: 10)
[00:03:41 -56475.530408] SLOW spr round 3 (radius: 15)
[00:03:42 -56468.124048] SLOW spr round 4 (radius: 5)
[00:03:44 -56468.123860] SLOW spr round 5 (radius: 10)
[00:03:46 -56468.123860] SLOW spr round 6 (radius: 15)
[00:03:48 -56468.123860] SLOW spr round 7 (radius: 20)
[00:03:49 -56468.123860] SLOW spr round 8 (radius: 25)
[00:03:50 -56468.123860] Model parameter optimization (eps = 0.100000)

[00:03:51] ML tree search #16, logLikelihood: -56467.127600



Final LogLikelihood: -56467.038847

AIC score: 113294.077693 / AICc score: 113296.327150 / BIC score: 114784.503178
Free parameters (model + branch lengths): 180

Best ML tree saved to: /home/hikoyu/analysis/Genome/SARS-CoV-2/phylogeny/RAxML-NG/DNA/univ/sep/SARS-CoV-2_200320.4.raxml.bestTree
All ML trees saved to: /home/hikoyu/analysis/Genome/SARS-CoV-2/phylogeny/RAxML-NG/DNA/univ/sep/SARS-CoV-2_200320.4.raxml.mlTrees
Optimized model saved to: /home/hikoyu/analysis/Genome/SARS-CoV-2/phylogeny/RAxML-NG/DNA/univ/sep/SARS-CoV-2_200320.4.raxml.bestModel

Execution log saved to: /home/hikoyu/analysis/Genome/SARS-CoV-2/phylogeny/RAxML-NG/DNA/univ/sep/SARS-CoV-2_200320.4.raxml.log

Analysis started: 21-Mar-2020 19:00:02 / finished: 21-Mar-2020 19:03:54

Elapsed time: 231.221 seconds

