
RAxML-NG v. 0.9.0 released on 20.05.2019 by The Exelixis Lab.
Developed by: Alexey M. Kozlov and Alexandros Stamatakis.
Contributors: Diego Darriba, Tomas Flouri, Benoit Morel, Sarah Lutteropp, Ben Bettisworth.
Latest version: https://github.com/amkozlov/raxml-ng
Questions/problems/suggestions? Please visit: https://groups.google.com/forum/#!forum/raxml

RAxML-NG was called at 01-Apr-2020 03:48:44 as follows:

raxml-ng --threads 1 --bootstrap --bs-trees 84 --seed 3251958666 --prefix phylogeny/RAxML-NG/DNA/univ/sep/SARS-CoV-2_200331.3 --msa phylogeny/RAxML-NG/DNA/univ/sep/SARS-CoV-2_200331.raxml.rba --outgroup MG772933.1

Analysis options:
  run mode: Bootstrapping
  start tree(s): 
  bootstrap replicates: 84
  random seed: 3251958666
  tip-inner: OFF
  pattern compression: ON
  per-rate scalers: OFF
  site repeats: ON
  branch lengths: proportional (ML estimate, algorithm: NR-FAST)
  SIMD kernels: AVX2
  parallelization: NONE/sequential

[00:00:00] Loading binary alignment from file: phylogeny/RAxML-NG/DNA/univ/sep/SARS-CoV-2_200331.raxml.rba
[00:00:00] Alignment comprises 117 taxa, 3 partitions and 390 patterns

Partition 0: p1
Model: TIM3+B
Alignment sites / patterns: 9716 / 106
Gaps: 0.06 %
Invariant sites: 92.72 %

Partition 1: p2
Model: HKY+FO+I+G4m+B
Alignment sites / patterns: 9716 / 124
Gaps: 0.06 %
Invariant sites: 96.06 %

Partition 2: p3
Model: TIM3+I+G4m+B
Alignment sites / patterns: 9716 / 160
Gaps: 0.06 %
Invariant sites: 67.98 %


[00:00:00] Data distribution: max. partitions/sites/weight per thread: 3 / 390 / 4968
[00:00:00] Starting bootstrapping analysis with 84 replicates.

[00:00:31] Bootstrap tree #1, logLikelihood: -59127.945826
[00:00:57] Bootstrap tree #2, logLikelihood: -58962.104783
[00:01:22] Bootstrap tree #3, logLikelihood: -59247.298362
[00:01:54] Bootstrap tree #4, logLikelihood: -58971.291385
[00:02:20] Bootstrap tree #5, logLikelihood: -59093.848383
[00:02:43] Bootstrap tree #6, logLikelihood: -59288.427422
[00:03:07] Bootstrap tree #7, logLikelihood: -58701.495600
[00:03:31] Bootstrap tree #8, logLikelihood: -59137.776639
[00:04:03] Bootstrap tree #9, logLikelihood: -58762.337672
[00:04:32] Bootstrap tree #10, logLikelihood: -59129.439538
[00:04:57] Bootstrap tree #11, logLikelihood: -59148.941103
[00:05:28] Bootstrap tree #12, logLikelihood: -59285.467651
[00:05:52] Bootstrap tree #13, logLikelihood: -59236.298691
[00:06:15] Bootstrap tree #14, logLikelihood: -59291.550616
[00:06:37] Bootstrap tree #15, logLikelihood: -59344.113900
[00:07:02] Bootstrap tree #16, logLikelihood: -59526.237379
[00:07:27] Bootstrap tree #17, logLikelihood: -59074.248623
[00:07:58] Bootstrap tree #18, logLikelihood: -59134.374931
[00:08:21] Bootstrap tree #19, logLikelihood: -59040.861580
[00:08:46] Bootstrap tree #20, logLikelihood: -58401.868385
[00:09:12] Bootstrap tree #21, logLikelihood: -59072.917910
[00:09:41] Bootstrap tree #22, logLikelihood: -59190.502175
[00:10:07] Bootstrap tree #23, logLikelihood: -58843.759914
[00:10:30] Bootstrap tree #24, logLikelihood: -58978.226235
[00:10:53] Bootstrap tree #25, logLikelihood: -59602.109311
[00:11:18] Bootstrap tree #26, logLikelihood: -59538.433743
[00:11:47] Bootstrap tree #27, logLikelihood: -58967.267567
[00:12:26] Bootstrap tree #28, logLikelihood: -58836.831722
[00:12:53] Bootstrap tree #29, logLikelihood: -58962.105163
[00:13:23] Bootstrap tree #30, logLikelihood: -58545.222918
[00:13:53] Bootstrap tree #31, logLikelihood: -58889.647098
[00:14:28] Bootstrap tree #32, logLikelihood: -59077.767511
[00:14:52] Bootstrap tree #33, logLikelihood: -58804.150309
[00:15:21] Bootstrap tree #34, logLikelihood: -59049.325172
[00:15:49] Bootstrap tree #35, logLikelihood: -59075.435983
[00:16:11] Bootstrap tree #36, logLikelihood: -59128.798391
[00:16:37] Bootstrap tree #37, logLikelihood: -58497.598874
[00:17:01] Bootstrap tree #38, logLikelihood: -58851.879085
[00:17:25] Bootstrap tree #39, logLikelihood: -58546.879653
[00:18:05] Bootstrap tree #40, logLikelihood: -58569.297484
[00:18:31] Bootstrap tree #41, logLikelihood: -59362.576225
[00:18:53] Bootstrap tree #42, logLikelihood: -58784.616728
[00:19:17] Bootstrap tree #43, logLikelihood: -59245.594756
[00:19:46] Bootstrap tree #44, logLikelihood: -59564.414303
[00:20:23] Bootstrap tree #45, logLikelihood: -58790.932176
[00:20:48] Bootstrap tree #46, logLikelihood: -58772.714220
[00:21:13] Bootstrap tree #47, logLikelihood: -58947.827470
[00:21:37] Bootstrap tree #48, logLikelihood: -58623.100924
[00:22:01] Bootstrap tree #49, logLikelihood: -59278.150613
[00:22:24] Bootstrap tree #50, logLikelihood: -59064.575437
[00:22:47] Bootstrap tree #51, logLikelihood: -58613.322082
[00:23:24] Bootstrap tree #52, logLikelihood: -58427.401374
[00:23:48] Bootstrap tree #53, logLikelihood: -59160.523257
[00:24:14] Bootstrap tree #54, logLikelihood: -58712.054315
[00:24:39] Bootstrap tree #55, logLikelihood: -59151.387894
[00:25:02] Bootstrap tree #56, logLikelihood: -59165.077613
[00:25:27] Bootstrap tree #57, logLikelihood: -58574.859419
[00:25:53] Bootstrap tree #58, logLikelihood: -58678.234519
[00:26:15] Bootstrap tree #59, logLikelihood: -59127.065002
[00:26:45] Bootstrap tree #60, logLikelihood: -59250.156234
[00:27:10] Bootstrap tree #61, logLikelihood: -58728.366176
[00:27:33] Bootstrap tree #62, logLikelihood: -59017.481310
[00:27:55] Bootstrap tree #63, logLikelihood: -58830.638216
[00:28:19] Bootstrap tree #64, logLikelihood: -58828.142051
[00:28:42] Bootstrap tree #65, logLikelihood: -58384.982566
[00:29:07] Bootstrap tree #66, logLikelihood: -59540.548416
[00:29:29] Bootstrap tree #67, logLikelihood: -59150.423508
[00:29:54] Bootstrap tree #68, logLikelihood: -59459.757263
[00:30:25] Bootstrap tree #69, logLikelihood: -58704.039482
[00:30:59] Bootstrap tree #70, logLikelihood: -59161.404436
[00:31:23] Bootstrap tree #71, logLikelihood: -59421.646244
[00:31:51] Bootstrap tree #72, logLikelihood: -59016.146356
[00:32:18] Bootstrap tree #73, logLikelihood: -59052.050576
[00:32:42] Bootstrap tree #74, logLikelihood: -58670.066626
[00:33:11] Bootstrap tree #75, logLikelihood: -59075.830609
[00:33:36] Bootstrap tree #76, logLikelihood: -58552.986247
[00:34:14] Bootstrap tree #77, logLikelihood: -59369.236601
[00:34:42] Bootstrap tree #78, logLikelihood: -59000.765735
[00:35:08] Bootstrap tree #79, logLikelihood: -59160.165380
[00:35:31] Bootstrap tree #80, logLikelihood: -58907.918723
[00:36:07] Bootstrap tree #81, logLikelihood: -59116.607429
[00:36:42] Bootstrap tree #82, logLikelihood: -58706.659337
[00:37:06] Bootstrap tree #83, logLikelihood: -59041.211426
[00:37:30] Bootstrap tree #84, logLikelihood: -59369.347013

Bootstrap trees saved to: /home/hikoyu/analysis/Genome/SARS-CoV-2/phylogeny/RAxML-NG/DNA/univ/sep/SARS-CoV-2_200331.3.raxml.bootstraps

Execution log saved to: /home/hikoyu/analysis/Genome/SARS-CoV-2/phylogeny/RAxML-NG/DNA/univ/sep/SARS-CoV-2_200331.3.raxml.log

Analysis started: 01-Apr-2020 03:48:44 / finished: 01-Apr-2020 04:26:15

Elapsed time: 2250.790 seconds

