
RAxML-NG v. 0.9.0 released on 20.05.2019 by The Exelixis Lab.
Developed by: Alexey M. Kozlov and Alexandros Stamatakis.
Contributors: Diego Darriba, Tomas Flouri, Benoit Morel, Sarah Lutteropp, Ben Bettisworth.
Latest version: https://github.com/amkozlov/raxml-ng
Questions/problems/suggestions? Please visit: https://groups.google.com/forum/#!forum/raxml

RAxML-NG was called at 17-Apr-2020 06:43:17 as follows:

raxml-ng --threads 1 --bootstrap --bs-trees 83 --seed 3777662979 --prefix phylogeny/RAxML-NG/DNA/univ/sep/SARS-CoV-2_200414.6 --msa phylogeny/RAxML-NG/DNA/univ/sep/SARS-CoV-2_200414.raxml.rba --outgroup MG772933.1

Analysis options:
  run mode: Bootstrapping
  start tree(s): 
  bootstrap replicates: 83
  random seed: 3777662979
  tip-inner: OFF
  pattern compression: ON
  per-rate scalers: OFF
  site repeats: ON
  branch lengths: proportional (ML estimate, algorithm: NR-FAST)
  SIMD kernels: AVX2
  parallelization: NONE/sequential

[00:00:00] Loading binary alignment from file: phylogeny/RAxML-NG/DNA/univ/sep/SARS-CoV-2_200414.raxml.rba
[00:00:00] Alignment comprises 376 taxa, 3 partitions and 685 patterns

Partition 0: p1
Model: TIM1+B
Alignment sites / patterns: 9717 / 180
Gaps: 0.07 %
Invariant sites: 92.24 %

Partition 1: p2
Model: TN93+FO+I+G4m+B
Alignment sites / patterns: 9717 / 213
Gaps: 0.07 %
Invariant sites: 95.56 %

Partition 2: p3
Model: TIM3+I+G4m+B
Alignment sites / patterns: 9717 / 292
Gaps: 0.07 %
Invariant sites: 67.41 %


[00:00:00] Data distribution: max. partitions/sites/weight per thread: 3 / 685 / 8800
[00:00:00] Starting bootstrapping analysis with 83 replicates.

[00:03:21] Bootstrap tree #1, logLikelihood: -61756.777993
[00:06:59] Bootstrap tree #2, logLikelihood: -61220.584898
[00:10:54] Bootstrap tree #3, logLikelihood: -62135.511282
[00:14:41] Bootstrap tree #4, logLikelihood: -61550.515276
[00:18:13] Bootstrap tree #5, logLikelihood: -61833.614784
[00:21:25] Bootstrap tree #6, logLikelihood: -61386.515711
[00:25:02] Bootstrap tree #7, logLikelihood: -61302.530842
[00:28:43] Bootstrap tree #8, logLikelihood: -61408.731958
[00:32:25] Bootstrap tree #9, logLikelihood: -61341.997819
[00:37:27] Bootstrap tree #10, logLikelihood: -61475.801189
[00:40:56] Bootstrap tree #11, logLikelihood: -61587.630264
[00:46:12] Bootstrap tree #12, logLikelihood: -61981.546107
[00:49:53] Bootstrap tree #13, logLikelihood: -61834.843984
[00:53:44] Bootstrap tree #14, logLikelihood: -61230.801833
[00:57:01] Bootstrap tree #15, logLikelihood: -62043.960640
[01:00:39] Bootstrap tree #16, logLikelihood: -60974.619798
[01:04:01] Bootstrap tree #17, logLikelihood: -61360.891042
[01:07:43] Bootstrap tree #18, logLikelihood: -61449.681637
[01:13:31] Bootstrap tree #19, logLikelihood: -61262.777990
[01:17:23] Bootstrap tree #20, logLikelihood: -61603.517021
[01:21:51] Bootstrap tree #21, logLikelihood: -61277.110005
[01:25:59] Bootstrap tree #22, logLikelihood: -60959.687156
[01:29:28] Bootstrap tree #23, logLikelihood: -61986.655250
[01:33:36] Bootstrap tree #24, logLikelihood: -61354.403356
[01:36:58] Bootstrap tree #25, logLikelihood: -61545.981578
[01:41:52] Bootstrap tree #26, logLikelihood: -61255.074456
[01:46:15] Bootstrap tree #27, logLikelihood: -62100.754069
[01:49:56] Bootstrap tree #28, logLikelihood: -61522.944011
[01:53:27] Bootstrap tree #29, logLikelihood: -60983.901294
[01:56:50] Bootstrap tree #30, logLikelihood: -61312.873521
[02:00:45] Bootstrap tree #31, logLikelihood: -61780.958090
[02:05:33] Bootstrap tree #32, logLikelihood: -61225.997044
[02:09:34] Bootstrap tree #33, logLikelihood: -61637.053652
[02:13:23] Bootstrap tree #34, logLikelihood: -61285.094359
[02:19:37] Bootstrap tree #35, logLikelihood: -61731.291772
[02:25:01] Bootstrap tree #36, logLikelihood: -61789.337089
[02:28:32] Bootstrap tree #37, logLikelihood: -61968.574694
[02:34:15] Bootstrap tree #38, logLikelihood: -61508.562346
[02:37:37] Bootstrap tree #39, logLikelihood: -61920.422452
[02:41:10] Bootstrap tree #40, logLikelihood: -62119.991712
[02:44:44] Bootstrap tree #41, logLikelihood: -61254.797785
[02:48:42] Bootstrap tree #42, logLikelihood: -62148.169465
[02:51:48] Bootstrap tree #43, logLikelihood: -61609.178748
[02:56:36] Bootstrap tree #44, logLikelihood: -62124.877483
[03:00:04] Bootstrap tree #45, logLikelihood: -61695.006401
[03:03:25] Bootstrap tree #46, logLikelihood: -62126.765214
[03:10:44] Bootstrap tree #47, logLikelihood: -60864.833926
[03:14:22] Bootstrap tree #48, logLikelihood: -61067.680008
[03:17:58] Bootstrap tree #49, logLikelihood: -62023.287089
[03:21:46] Bootstrap tree #50, logLikelihood: -61696.493995
[03:25:29] Bootstrap tree #51, logLikelihood: -61375.812937
[03:30:21] Bootstrap tree #52, logLikelihood: -61537.269332
[03:35:37] Bootstrap tree #53, logLikelihood: -61715.350126
[03:39:38] Bootstrap tree #54, logLikelihood: -61253.067131
[03:44:51] Bootstrap tree #55, logLikelihood: -61700.785472
[03:48:35] Bootstrap tree #56, logLikelihood: -61987.812911
[03:55:51] Bootstrap tree #57, logLikelihood: -61736.864224
[04:01:53] Bootstrap tree #58, logLikelihood: -60967.475245
[04:05:17] Bootstrap tree #59, logLikelihood: -61724.496797
[04:10:47] Bootstrap tree #60, logLikelihood: -61110.262268
[04:14:15] Bootstrap tree #61, logLikelihood: -61311.249236
[04:17:53] Bootstrap tree #62, logLikelihood: -61711.247960
[04:21:43] Bootstrap tree #63, logLikelihood: -61514.153079
[04:26:10] Bootstrap tree #64, logLikelihood: -61997.486629
[04:30:47] Bootstrap tree #65, logLikelihood: -61952.542093
[04:34:19] Bootstrap tree #66, logLikelihood: -61447.405516
[04:37:30] Bootstrap tree #67, logLikelihood: -61169.616387
[04:41:52] Bootstrap tree #68, logLikelihood: -60735.991472
[04:46:24] Bootstrap tree #69, logLikelihood: -61203.320675
[04:50:02] Bootstrap tree #70, logLikelihood: -61586.453937
[04:53:33] Bootstrap tree #71, logLikelihood: -61511.121374
[04:57:11] Bootstrap tree #72, logLikelihood: -61216.315457
[05:00:43] Bootstrap tree #73, logLikelihood: -61369.244102
[05:04:49] Bootstrap tree #74, logLikelihood: -61662.730603
[05:08:15] Bootstrap tree #75, logLikelihood: -61375.911814
[05:12:08] Bootstrap tree #76, logLikelihood: -61444.632424
[05:15:49] Bootstrap tree #77, logLikelihood: -61371.256602
[05:21:08] Bootstrap tree #78, logLikelihood: -61595.374177
[05:25:06] Bootstrap tree #79, logLikelihood: -60880.902273
[05:28:35] Bootstrap tree #80, logLikelihood: -61203.833297
[05:34:22] Bootstrap tree #81, logLikelihood: -61697.692594
[05:37:54] Bootstrap tree #82, logLikelihood: -61388.378122
[05:41:23] Bootstrap tree #83, logLikelihood: -61832.973451

Bootstrap trees saved to: /home/hikoyu/analysis/Genome/SARS-CoV-2/phylogeny/RAxML-NG/DNA/univ/sep/SARS-CoV-2_200414.6.raxml.bootstraps

Execution log saved to: /home/hikoyu/analysis/Genome/SARS-CoV-2/phylogeny/RAxML-NG/DNA/univ/sep/SARS-CoV-2_200414.6.raxml.log

Analysis started: 17-Apr-2020 06:43:17 / finished: 17-Apr-2020 12:24:41

Elapsed time: 20483.467 seconds

