
RAxML-NG v. 0.9.0 released on 20.05.2019 by The Exelixis Lab.
Developed by: Alexey M. Kozlov and Alexandros Stamatakis.
Contributors: Diego Darriba, Tomas Flouri, Benoit Morel, Sarah Lutteropp, Ben Bettisworth.
Latest version: https://github.com/amkozlov/raxml-ng
Questions/problems/suggestions? Please visit: https://groups.google.com/forum/#!forum/raxml

RAxML-NG was called at 01-Apr-2020 04:26:27 as follows:

raxml-ng --threads 1 --bootstrap --bs-trees 83 --seed 2927643610 --prefix phylogeny/RAxML-NG/DNA/univ/sep/SARS-CoV-2_200331.7 --msa phylogeny/RAxML-NG/DNA/univ/sep/SARS-CoV-2_200331.raxml.rba --outgroup MG772933.1

Analysis options:
  run mode: Bootstrapping
  start tree(s): 
  bootstrap replicates: 83
  random seed: 2927643610
  tip-inner: OFF
  pattern compression: ON
  per-rate scalers: OFF
  site repeats: ON
  branch lengths: proportional (ML estimate, algorithm: NR-FAST)
  SIMD kernels: AVX2
  parallelization: NONE/sequential

[00:00:00] Loading binary alignment from file: phylogeny/RAxML-NG/DNA/univ/sep/SARS-CoV-2_200331.raxml.rba
[00:00:00] Alignment comprises 117 taxa, 3 partitions and 390 patterns

Partition 0: p1
Model: TIM3+B
Alignment sites / patterns: 9716 / 106
Gaps: 0.06 %
Invariant sites: 92.72 %

Partition 1: p2
Model: HKY+FO+I+G4m+B
Alignment sites / patterns: 9716 / 124
Gaps: 0.06 %
Invariant sites: 96.06 %

Partition 2: p3
Model: TIM3+I+G4m+B
Alignment sites / patterns: 9716 / 160
Gaps: 0.06 %
Invariant sites: 67.98 %


[00:00:00] Data distribution: max. partitions/sites/weight per thread: 3 / 390 / 4968
[00:00:00] Starting bootstrapping analysis with 83 replicates.

[00:00:27] Bootstrap tree #1, logLikelihood: -58978.733496
[00:00:49] Bootstrap tree #2, logLikelihood: -59680.326822
[00:01:14] Bootstrap tree #3, logLikelihood: -58773.880815
[00:01:37] Bootstrap tree #4, logLikelihood: -59294.353897
[00:02:12] Bootstrap tree #5, logLikelihood: -59002.622698
[00:02:37] Bootstrap tree #6, logLikelihood: -58854.469074
[00:03:00] Bootstrap tree #7, logLikelihood: -58485.743458
[00:03:24] Bootstrap tree #8, logLikelihood: -58996.955225
[00:03:45] Bootstrap tree #9, logLikelihood: -59025.181377
[00:04:17] Bootstrap tree #10, logLikelihood: -58905.884645
[00:04:38] Bootstrap tree #11, logLikelihood: -58890.212473
[00:05:10] Bootstrap tree #12, logLikelihood: -59288.764880
[00:05:38] Bootstrap tree #13, logLikelihood: -58883.994129
[00:06:01] Bootstrap tree #14, logLikelihood: -59152.584202
[00:06:27] Bootstrap tree #15, logLikelihood: -58658.843005
[00:06:59] Bootstrap tree #16, logLikelihood: -58811.696953
[00:07:23] Bootstrap tree #17, logLikelihood: -59185.237937
[00:07:45] Bootstrap tree #18, logLikelihood: -59039.056227
[00:08:13] Bootstrap tree #19, logLikelihood: -59073.361994
[00:08:36] Bootstrap tree #20, logLikelihood: -58432.740157
[00:09:02] Bootstrap tree #21, logLikelihood: -58605.943171
[00:09:25] Bootstrap tree #22, logLikelihood: -58914.905489
[00:09:48] Bootstrap tree #23, logLikelihood: -59369.967373
[00:10:11] Bootstrap tree #24, logLikelihood: -58954.646378
[00:10:36] Bootstrap tree #25, logLikelihood: -58865.398232
[00:11:01] Bootstrap tree #26, logLikelihood: -58868.366561
[00:11:24] Bootstrap tree #27, logLikelihood: -58873.553582
[00:11:49] Bootstrap tree #28, logLikelihood: -58867.051245
[00:12:16] Bootstrap tree #29, logLikelihood: -58807.414118
[00:12:40] Bootstrap tree #30, logLikelihood: -59017.644400
[00:13:05] Bootstrap tree #31, logLikelihood: -59106.098804
[00:13:27] Bootstrap tree #32, logLikelihood: -58924.632375
[00:13:49] Bootstrap tree #33, logLikelihood: -58979.118993
[00:14:13] Bootstrap tree #34, logLikelihood: -58888.460516
[00:14:35] Bootstrap tree #35, logLikelihood: -58167.222656
[00:14:56] Bootstrap tree #36, logLikelihood: -58924.126314
[00:15:21] Bootstrap tree #37, logLikelihood: -59134.370404
[00:15:50] Bootstrap tree #38, logLikelihood: -58645.995327
[00:16:17] Bootstrap tree #39, logLikelihood: -58863.636290
[00:16:56] Bootstrap tree #40, logLikelihood: -58908.561091
[00:17:19] Bootstrap tree #41, logLikelihood: -58526.836425
[00:17:43] Bootstrap tree #42, logLikelihood: -58805.483625
[00:18:10] Bootstrap tree #43, logLikelihood: -58798.630283
[00:18:34] Bootstrap tree #44, logLikelihood: -59189.297935
[00:19:03] Bootstrap tree #45, logLikelihood: -59193.701027
[00:19:29] Bootstrap tree #46, logLikelihood: -58506.080750
[00:19:53] Bootstrap tree #47, logLikelihood: -58755.973481
[00:20:17] Bootstrap tree #48, logLikelihood: -59010.941866
[00:20:52] Bootstrap tree #49, logLikelihood: -59446.649440
[00:21:14] Bootstrap tree #50, logLikelihood: -58709.540589
[00:21:41] Bootstrap tree #51, logLikelihood: -58901.777496
[00:22:07] Bootstrap tree #52, logLikelihood: -59556.669207
[00:22:34] Bootstrap tree #53, logLikelihood: -58916.243462
[00:23:02] Bootstrap tree #54, logLikelihood: -58664.885796
[00:23:25] Bootstrap tree #55, logLikelihood: -58879.665960
[00:23:49] Bootstrap tree #56, logLikelihood: -58927.359953
[00:24:18] Bootstrap tree #57, logLikelihood: -58845.893686
[00:24:44] Bootstrap tree #58, logLikelihood: -59441.733255
[00:25:08] Bootstrap tree #59, logLikelihood: -58547.933794
[00:25:35] Bootstrap tree #60, logLikelihood: -59461.472012
[00:26:01] Bootstrap tree #61, logLikelihood: -59051.130219
[00:26:31] Bootstrap tree #62, logLikelihood: -59156.845571
[00:26:55] Bootstrap tree #63, logLikelihood: -58934.693638
[00:27:23] Bootstrap tree #64, logLikelihood: -59194.049171
[00:28:11] Bootstrap tree #65, logLikelihood: -58964.137524
[00:28:41] Bootstrap tree #66, logLikelihood: -58943.534832
[00:29:09] Bootstrap tree #67, logLikelihood: -58885.122012
[00:29:35] Bootstrap tree #68, logLikelihood: -59113.454567
[00:30:02] Bootstrap tree #69, logLikelihood: -58880.911565
[00:30:26] Bootstrap tree #70, logLikelihood: -59224.355893
[00:30:50] Bootstrap tree #71, logLikelihood: -59369.765407
[00:31:25] Bootstrap tree #72, logLikelihood: -58759.334686
[00:31:47] Bootstrap tree #73, logLikelihood: -59284.030367
[00:32:12] Bootstrap tree #74, logLikelihood: -58567.311633
[00:32:35] Bootstrap tree #75, logLikelihood: -59031.923269
[00:33:09] Bootstrap tree #76, logLikelihood: -59252.641257
[00:33:33] Bootstrap tree #77, logLikelihood: -59174.214450
[00:33:56] Bootstrap tree #78, logLikelihood: -59015.231777
[00:34:25] Bootstrap tree #79, logLikelihood: -59540.893033
[00:35:01] Bootstrap tree #80, logLikelihood: -59236.183247
[00:35:35] Bootstrap tree #81, logLikelihood: -59040.259933
[00:36:28] Bootstrap tree #82, logLikelihood: -59184.353786
[00:36:58] Bootstrap tree #83, logLikelihood: -58937.586388

Bootstrap trees saved to: /home/hikoyu/analysis/Genome/SARS-CoV-2/phylogeny/RAxML-NG/DNA/univ/sep/SARS-CoV-2_200331.7.raxml.bootstraps

Execution log saved to: /home/hikoyu/analysis/Genome/SARS-CoV-2/phylogeny/RAxML-NG/DNA/univ/sep/SARS-CoV-2_200331.7.raxml.log

Analysis started: 01-Apr-2020 04:26:27 / finished: 01-Apr-2020 05:03:26

Elapsed time: 2218.991 seconds

