
RAxML-NG v. 0.9.0 released on 20.05.2019 by The Exelixis Lab.
Developed by: Alexey M. Kozlov and Alexandros Stamatakis.
Contributors: Diego Darriba, Tomas Flouri, Benoit Morel, Sarah Lutteropp, Ben Bettisworth.
Latest version: https://github.com/amkozlov/raxml-ng
Questions/problems/suggestions? Please visit: https://groups.google.com/forum/#!forum/raxml

RAxML-NG was called at 11-Mar-2020 02:42:24 as follows:

raxml-ng --threads 1 --bootstrap --bs-trees 83 --seed 223721237 --prefix phylogeny/RAxML-NG/DNA/univ/sep/SARS-CoV-2_200311.4 --msa phylogeny/RAxML-NG/DNA/univ/sep/SARS-CoV-2_200311.raxml.rba --outgroup MG772933.1

Analysis options:
  run mode: Bootstrapping
  start tree(s): 
  bootstrap replicates: 83
  random seed: 223721237
  tip-inner: OFF
  pattern compression: ON
  per-rate scalers: OFF
  site repeats: ON
  branch lengths: proportional (ML estimate, algorithm: NR-FAST)
  SIMD kernels: AVX2
  parallelization: NONE/sequential

[00:00:00] Loading binary alignment from file: phylogeny/RAxML-NG/DNA/univ/sep/SARS-CoV-2_200311.raxml.rba
[00:00:00] Alignment comprises 64 taxa, 3 partitions and 298 patterns

Partition 0: p1
Model: GTR+FO+G4m+B
Alignment sites / patterns: 9715 / 79
Gaps: 0.05 %
Invariant sites: 93.02 %

Partition 1: p2
Model: HKY+FO+I+B
Alignment sites / patterns: 9715 / 98
Gaps: 0.05 %
Invariant sites: 96.29 %

Partition 2: p3
Model: GTR+FO+I+G4m+B
Alignment sites / patterns: 9715 / 121
Gaps: 0.05 %
Invariant sites: 68.22 %


[00:00:00] Data distribution: max. partitions/sites/weight per thread: 3 / 298 / 3592
[00:00:00] Starting bootstrapping analysis with 83 replicates.

[00:00:08] Bootstrap tree #1, logLikelihood: -56022.495487
[00:00:16] Bootstrap tree #2, logLikelihood: -56574.023046
[00:00:23] Bootstrap tree #3, logLikelihood: -56025.461974
[00:00:30] Bootstrap tree #4, logLikelihood: -56053.650682
[00:00:37] Bootstrap tree #5, logLikelihood: -56042.896006
[00:00:46] Bootstrap tree #6, logLikelihood: -56169.146309
[00:01:01] Bootstrap tree #7, logLikelihood: -55990.950670
[00:01:07] Bootstrap tree #8, logLikelihood: -56088.536046
[00:01:15] Bootstrap tree #9, logLikelihood: -56272.867105
[00:01:23] Bootstrap tree #10, logLikelihood: -55969.795041
[00:01:32] Bootstrap tree #11, logLikelihood: -56180.120277
[00:01:39] Bootstrap tree #12, logLikelihood: -56049.917203
[00:01:46] Bootstrap tree #13, logLikelihood: -56500.925306
[00:01:54] Bootstrap tree #14, logLikelihood: -56187.172017
[00:02:03] Bootstrap tree #15, logLikelihood: -56291.064256
[00:02:12] Bootstrap tree #16, logLikelihood: -56028.986182
[00:02:21] Bootstrap tree #17, logLikelihood: -56374.865914
[00:02:30] Bootstrap tree #18, logLikelihood: -56167.339784
[00:02:37] Bootstrap tree #19, logLikelihood: -56053.961438
[00:02:44] Bootstrap tree #20, logLikelihood: -56409.979088
[00:02:52] Bootstrap tree #21, logLikelihood: -56309.504965
[00:03:02] Bootstrap tree #22, logLikelihood: -55878.806926
[00:03:08] Bootstrap tree #23, logLikelihood: -56180.754818
[00:03:17] Bootstrap tree #24, logLikelihood: -55888.298921
[00:03:25] Bootstrap tree #25, logLikelihood: -56417.989896
[00:03:33] Bootstrap tree #26, logLikelihood: -56729.461932
[00:03:41] Bootstrap tree #27, logLikelihood: -56129.665539
[00:03:47] Bootstrap tree #28, logLikelihood: -56119.024327
[00:03:56] Bootstrap tree #29, logLikelihood: -56181.788664
[00:04:04] Bootstrap tree #30, logLikelihood: -55878.578573
[00:04:16] Bootstrap tree #31, logLikelihood: -56401.652932
[00:04:24] Bootstrap tree #32, logLikelihood: -56538.152922
[00:04:33] Bootstrap tree #33, logLikelihood: -56169.376226
[00:04:41] Bootstrap tree #34, logLikelihood: -56587.068315
[00:04:48] Bootstrap tree #35, logLikelihood: -56424.712240
[00:04:56] Bootstrap tree #36, logLikelihood: -56011.201902
[00:05:04] Bootstrap tree #37, logLikelihood: -56191.930635
[00:05:13] Bootstrap tree #38, logLikelihood: -55956.448741
[00:05:20] Bootstrap tree #39, logLikelihood: -56032.752798
[00:05:28] Bootstrap tree #40, logLikelihood: -56262.474393
[00:05:36] Bootstrap tree #41, logLikelihood: -55961.637748
[00:05:42] Bootstrap tree #42, logLikelihood: -56110.031176
[00:05:51] Bootstrap tree #43, logLikelihood: -55929.041373
[00:05:58] Bootstrap tree #44, logLikelihood: -56239.795767
[00:06:05] Bootstrap tree #45, logLikelihood: -56134.435503
[00:06:13] Bootstrap tree #46, logLikelihood: -55851.606998
[00:06:21] Bootstrap tree #47, logLikelihood: -55971.837530
[00:06:29] Bootstrap tree #48, logLikelihood: -56151.617015
[00:06:36] Bootstrap tree #49, logLikelihood: -55999.098409
[00:06:44] Bootstrap tree #50, logLikelihood: -56232.529671
[00:06:54] Bootstrap tree #51, logLikelihood: -56149.446626
[00:07:01] Bootstrap tree #52, logLikelihood: -56012.402647
[00:07:08] Bootstrap tree #53, logLikelihood: -55975.012850
[00:07:25] Bootstrap tree #54, logLikelihood: -56397.666039
[00:07:33] Bootstrap tree #55, logLikelihood: -56212.052458
[00:07:44] Bootstrap tree #56, logLikelihood: -55951.556781
[00:07:51] Bootstrap tree #57, logLikelihood: -56443.097100
[00:07:58] Bootstrap tree #58, logLikelihood: -56314.754386
[00:08:06] Bootstrap tree #59, logLikelihood: -56320.542767
[00:08:14] Bootstrap tree #60, logLikelihood: -56382.136516
[00:08:22] Bootstrap tree #61, logLikelihood: -56524.437001
[00:08:32] Bootstrap tree #62, logLikelihood: -55755.716408
[00:08:39] Bootstrap tree #63, logLikelihood: -56227.353157
[00:08:48] Bootstrap tree #64, logLikelihood: -55947.062848
[00:08:56] Bootstrap tree #65, logLikelihood: -56211.618372
[00:09:03] Bootstrap tree #66, logLikelihood: -56327.231997
[00:09:11] Bootstrap tree #67, logLikelihood: -56055.567820
[00:09:20] Bootstrap tree #68, logLikelihood: -56197.243686
[00:09:27] Bootstrap tree #69, logLikelihood: -56135.697561
[00:09:35] Bootstrap tree #70, logLikelihood: -55848.711820
[00:09:42] Bootstrap tree #71, logLikelihood: -56385.525382
[00:09:52] Bootstrap tree #72, logLikelihood: -56402.096761
[00:10:00] Bootstrap tree #73, logLikelihood: -56298.267117
[00:10:08] Bootstrap tree #74, logLikelihood: -56245.592291
[00:10:15] Bootstrap tree #75, logLikelihood: -56493.962146
[00:10:23] Bootstrap tree #76, logLikelihood: -56301.189641
[00:10:31] Bootstrap tree #77, logLikelihood: -55968.809479
[00:10:39] Bootstrap tree #78, logLikelihood: -56048.931140
[00:10:48] Bootstrap tree #79, logLikelihood: -56341.612057
[00:10:57] Bootstrap tree #80, logLikelihood: -56052.583454
[00:11:05] Bootstrap tree #81, logLikelihood: -55880.212815
[00:11:13] Bootstrap tree #82, logLikelihood: -55990.458054
[00:11:22] Bootstrap tree #83, logLikelihood: -56040.435562

Bootstrap trees saved to: /home/hikoyu/analysis/Genome/SARS-CoV-2/phylogeny/RAxML-NG/DNA/univ/sep/SARS-CoV-2_200311.4.raxml.bootstraps

Execution log saved to: /home/hikoyu/analysis/Genome/SARS-CoV-2/phylogeny/RAxML-NG/DNA/univ/sep/SARS-CoV-2_200311.4.raxml.log

Analysis started: 11-Mar-2020 02:42:24 / finished: 11-Mar-2020 02:53:47

Elapsed time: 682.861 seconds

