
RAxML-NG v. 0.9.0 released on 20.05.2019 by The Exelixis Lab.
Developed by: Alexey M. Kozlov and Alexandros Stamatakis.
Contributors: Diego Darriba, Tomas Flouri, Benoit Morel, Sarah Lutteropp, Ben Bettisworth.
Latest version: https://github.com/amkozlov/raxml-ng
Questions/problems/suggestions? Please visit: https://groups.google.com/forum/#!forum/raxml

RAxML-NG was called at 21-Mar-2020 20:10:27 as follows:

raxml-ng --threads 1 --bsconverge --bs-trees phylogeny/RAxML-NG/DNA/univ/sep/SARS-CoV-2_200320.raxml.bootstraps --prefix phylogeny/RAxML-NG/DNA/univ/sep/SARS-CoV-2_200320 --outgroup MG772933.1

Analysis options:
  run mode: A posteriori bootstrap convergence test
  start tree(s): 
  random seed: 1584789027
  SIMD kernels: AVX2
  parallelization: NONE/sequential

Reading bootstrap trees from file: phylogeny/RAxML-NG/DNA/univ/sep/SARS-CoV-2_200320.raxml.bootstraps
Loaded 1000 trees with 78 taxa.

Performing bootstrap convergence assessment using autoMRE criterion

 # trees        avg WRF       avg WRF in %       # perms: wrf <= 3.00 %     converged?  
      50        252.947              8.203                            0        NO
     100        382.233              6.133                            0        NO
     150        454.617              4.833                            0        NO
     200        562.944              4.461                            0        NO
     250        630.716              3.985                           34        NO
     300        661.051              3.470                          169        NO
     350        749.579              3.359                          208        NO
     400        779.436              3.039                          469        NO
     450        825.675              2.855                          673        NO
     500        938.266              2.906                          611        NO
     550        983.367              2.763                          754        NO
     600       1036.261              2.661                          836        NO
     650       1104.127              2.621                          856        NO
     700       1102.455              2.423                          936        NO
     750       1107.364              2.273                          984        NO
     800       1126.891              2.165                          997        YES
Bootstopping test converged after 800 trees


Execution log saved to: /home/hikoyu/analysis/Genome/SARS-CoV-2/phylogeny/RAxML-NG/DNA/univ/sep/SARS-CoV-2_200320.raxml.log

Analysis started: 21-Mar-2020 20:10:27 / finished: 21-Mar-2020 20:13:38

Elapsed time: 190.964 seconds

