
RAxML-NG v. 0.9.0 released on 20.05.2019 by The Exelixis Lab.
Developed by: Alexey M. Kozlov and Alexandros Stamatakis.
Contributors: Diego Darriba, Tomas Flouri, Benoit Morel, Sarah Lutteropp, Ben Bettisworth.
Latest version: https://github.com/amkozlov/raxml-ng
Questions/problems/suggestions? Please visit: https://groups.google.com/forum/#!forum/raxml

RAxML-NG was called at 16-Mar-2020 02:48:50 as follows:

raxml-ng --threads 1 --bootstrap --bs-trees 83 --seed 345813774 --prefix phylogeny/RAxML-NG/DNA/univ/sep/SARS-CoV-2_200314.4 --msa phylogeny/RAxML-NG/DNA/univ/sep/SARS-CoV-2_200314.raxml.rba --outgroup MG772933.1

Analysis options:
  run mode: Bootstrapping
  start tree(s): 
  bootstrap replicates: 83
  random seed: 345813774
  tip-inner: OFF
  pattern compression: ON
  per-rate scalers: OFF
  site repeats: ON
  branch lengths: proportional (ML estimate, algorithm: NR-FAST)
  SIMD kernels: AVX2
  parallelization: NONE/sequential

[00:00:00] Loading binary alignment from file: phylogeny/RAxML-NG/DNA/univ/sep/SARS-CoV-2_200314.raxml.rba
[00:00:00] Alignment comprises 89 taxa, 3 partitions and 329 patterns

Partition 0: p1
Model: GTR+FO+G4m+B
Alignment sites / patterns: 9715 / 88
Gaps: 0.05 %
Invariant sites: 92.95 %

Partition 1: p2
Model: HKY+FO+I+G4m+B
Alignment sites / patterns: 9715 / 106
Gaps: 0.05 %
Invariant sites: 96.24 %

Partition 2: p3
Model: GTR+FO+I+G4m+B
Alignment sites / patterns: 9715 / 135
Gaps: 0.05 %
Invariant sites: 68.14 %


[00:00:00] Data distribution: max. partitions/sites/weight per thread: 3 / 329 / 5264
[00:00:00] Starting bootstrapping analysis with 83 replicates.

[00:00:18] Bootstrap tree #1, logLikelihood: -56403.137864
[00:00:36] Bootstrap tree #2, logLikelihood: -56942.245895
[00:00:53] Bootstrap tree #3, logLikelihood: -57137.262667
[00:01:08] Bootstrap tree #4, logLikelihood: -56415.069288
[00:01:24] Bootstrap tree #5, logLikelihood: -56064.375462
[00:01:42] Bootstrap tree #6, logLikelihood: -56649.032900
[00:01:58] Bootstrap tree #7, logLikelihood: -56020.659037
[00:02:15] Bootstrap tree #8, logLikelihood: -56515.006657
[00:02:31] Bootstrap tree #9, logLikelihood: -56225.720362
[00:02:55] Bootstrap tree #10, logLikelihood: -56237.385166
[00:03:12] Bootstrap tree #11, logLikelihood: -56432.134482
[00:03:33] Bootstrap tree #12, logLikelihood: -56387.224156
[00:03:51] Bootstrap tree #13, logLikelihood: -56043.915553
[00:04:07] Bootstrap tree #14, logLikelihood: -56098.151463
[00:04:24] Bootstrap tree #15, logLikelihood: -56226.580646
[00:04:41] Bootstrap tree #16, logLikelihood: -56317.446704
[00:04:59] Bootstrap tree #17, logLikelihood: -56408.108766
[00:05:15] Bootstrap tree #18, logLikelihood: -56838.501476
[00:05:33] Bootstrap tree #19, logLikelihood: -56289.647961
[00:05:51] Bootstrap tree #20, logLikelihood: -56517.182481
[00:06:16] Bootstrap tree #21, logLikelihood: -56523.321046
[00:06:33] Bootstrap tree #22, logLikelihood: -56295.150524
[00:06:51] Bootstrap tree #23, logLikelihood: -56361.748278
[00:07:18] Bootstrap tree #24, logLikelihood: -56959.279766
[00:07:44] Bootstrap tree #25, logLikelihood: -56631.821633
[00:08:01] Bootstrap tree #26, logLikelihood: -56395.509679
[00:08:17] Bootstrap tree #27, logLikelihood: -56167.264098
[00:08:35] Bootstrap tree #28, logLikelihood: -56866.070811
[00:08:56] Bootstrap tree #29, logLikelihood: -56360.920930
[00:09:15] Bootstrap tree #30, logLikelihood: -56296.740578
[00:09:33] Bootstrap tree #31, logLikelihood: -56481.819373
[00:09:51] Bootstrap tree #32, logLikelihood: -56591.724341
[00:10:16] Bootstrap tree #33, logLikelihood: -56634.143462
[00:10:33] Bootstrap tree #34, logLikelihood: -56626.773544
[00:10:50] Bootstrap tree #35, logLikelihood: -56193.802067
[00:11:07] Bootstrap tree #36, logLikelihood: -56243.267826
[00:11:25] Bootstrap tree #37, logLikelihood: -56677.033268
[00:11:43] Bootstrap tree #38, logLikelihood: -56609.036711
[00:12:00] Bootstrap tree #39, logLikelihood: -55970.820497
[00:12:17] Bootstrap tree #40, logLikelihood: -56615.959779
[00:12:36] Bootstrap tree #41, logLikelihood: -56261.458707
[00:12:55] Bootstrap tree #42, logLikelihood: -56621.611957
[00:13:13] Bootstrap tree #43, logLikelihood: -56044.637064
[00:13:41] Bootstrap tree #44, logLikelihood: -56610.142181
[00:13:57] Bootstrap tree #45, logLikelihood: -56260.510693
[00:14:15] Bootstrap tree #46, logLikelihood: -56603.049123
[00:14:32] Bootstrap tree #47, logLikelihood: -56573.741417
[00:14:49] Bootstrap tree #48, logLikelihood: -56735.171175
[00:15:05] Bootstrap tree #49, logLikelihood: -56512.883240
[00:15:44] Bootstrap tree #50, logLikelihood: -55975.152457
[00:16:02] Bootstrap tree #51, logLikelihood: -56643.241809
[00:16:26] Bootstrap tree #52, logLikelihood: -56731.740490
[00:16:44] Bootstrap tree #53, logLikelihood: -56637.451932
[00:17:02] Bootstrap tree #54, logLikelihood: -56137.985176
[00:17:18] Bootstrap tree #55, logLikelihood: -56022.098645
[00:17:37] Bootstrap tree #56, logLikelihood: -56360.804840
[00:17:55] Bootstrap tree #57, logLikelihood: -56577.310273
[00:18:12] Bootstrap tree #58, logLikelihood: -56556.737495
[00:18:30] Bootstrap tree #59, logLikelihood: -57003.855851
[00:18:47] Bootstrap tree #60, logLikelihood: -56345.738093
[00:19:05] Bootstrap tree #61, logLikelihood: -56403.605246
[00:19:23] Bootstrap tree #62, logLikelihood: -56312.559065
[00:19:40] Bootstrap tree #63, logLikelihood: -56462.810514
[00:19:58] Bootstrap tree #64, logLikelihood: -56612.147522
[00:20:26] Bootstrap tree #65, logLikelihood: -56237.024944
[00:20:44] Bootstrap tree #66, logLikelihood: -56775.407239
[00:21:00] Bootstrap tree #67, logLikelihood: -56826.827945
[00:21:15] Bootstrap tree #68, logLikelihood: -56000.605387
[00:21:31] Bootstrap tree #69, logLikelihood: -56564.590274
[00:21:48] Bootstrap tree #70, logLikelihood: -56661.495881
[00:22:02] Bootstrap tree #71, logLikelihood: -56650.383823
[00:22:20] Bootstrap tree #72, logLikelihood: -56214.677047
[00:22:39] Bootstrap tree #73, logLikelihood: -56074.977209
[00:22:54] Bootstrap tree #74, logLikelihood: -56423.584822
[00:23:11] Bootstrap tree #75, logLikelihood: -56694.135871
[00:23:29] Bootstrap tree #76, logLikelihood: -56300.076995
[00:23:49] Bootstrap tree #77, logLikelihood: -56916.935268
[00:24:06] Bootstrap tree #78, logLikelihood: -55999.460278
[00:24:23] Bootstrap tree #79, logLikelihood: -56775.870633
[00:24:42] Bootstrap tree #80, logLikelihood: -56640.871314
[00:25:02] Bootstrap tree #81, logLikelihood: -56696.157249
[00:25:20] Bootstrap tree #82, logLikelihood: -56653.789302
[00:25:37] Bootstrap tree #83, logLikelihood: -56205.931248

Bootstrap trees saved to: /home/hikoyu/analysis/Genome/SARS-CoV-2/phylogeny/RAxML-NG/DNA/univ/sep/SARS-CoV-2_200314.4.raxml.bootstraps

Execution log saved to: /home/hikoyu/analysis/Genome/SARS-CoV-2/phylogeny/RAxML-NG/DNA/univ/sep/SARS-CoV-2_200314.4.raxml.log

Analysis started: 16-Mar-2020 02:48:50 / finished: 16-Mar-2020 03:14:27

Elapsed time: 1537.148 seconds

