
RAxML-NG v. 0.9.0 released on 20.05.2019 by The Exelixis Lab.
Developed by: Alexey M. Kozlov and Alexandros Stamatakis.
Contributors: Diego Darriba, Tomas Flouri, Benoit Morel, Sarah Lutteropp, Ben Bettisworth.
Latest version: https://github.com/amkozlov/raxml-ng
Questions/problems/suggestions? Please visit: https://groups.google.com/forum/#!forum/raxml

RAxML-NG was called at 16-Mar-2020 02:12:50 as follows:

raxml-ng --threads 1 --search --tree rand{8},pars{8} --seed 460768157 --prefix phylogeny/RAxML-NG/DNA/univ/sep/SARS-CoV-2_200314.4 --msa phylogeny/RAxML-NG/DNA/univ/sep/SARS-CoV-2_200314.raxml.rba --outgroup MG772933.1

Analysis options:
  run mode: ML tree search
  start tree(s): random (8) + parsimony (8)
  random seed: 460768157
  tip-inner: OFF
  pattern compression: ON
  per-rate scalers: OFF
  site repeats: ON
  fast spr radius: AUTO
  spr subtree cutoff: 1.000000
  branch lengths: proportional (ML estimate, algorithm: NR-FAST)
  SIMD kernels: AVX2
  parallelization: NONE/sequential

[00:00:00] Loading binary alignment from file: phylogeny/RAxML-NG/DNA/univ/sep/SARS-CoV-2_200314.raxml.rba
[00:00:00] Alignment comprises 89 taxa, 3 partitions and 329 patterns

Partition 0: p1
Model: GTR+FO+G4m+B
Alignment sites / patterns: 9715 / 88
Gaps: 0.05 %
Invariant sites: 92.95 %

Partition 1: p2
Model: HKY+FO+I+G4m+B
Alignment sites / patterns: 9715 / 106
Gaps: 0.05 %
Invariant sites: 96.24 %

Partition 2: p3
Model: GTR+FO+I+G4m+B
Alignment sites / patterns: 9715 / 135
Gaps: 0.05 %
Invariant sites: 68.14 %


[00:00:00] Generating 8 random starting tree(s) with 89 taxa
[00:00:00] Generating 8 parsimony starting tree(s) with 89 taxa
[00:00:00] Data distribution: max. partitions/sites/weight per thread: 3 / 329 / 5264

Starting ML tree search with 16 distinct starting trees

[00:00:00 -134489.383362] Initial branch length optimization
[00:00:00 -61166.561856] Model parameter optimization (eps = 10.000000)
[00:00:01 -57440.357743] AUTODETECT spr round 1 (radius: 5)
[00:00:01 -57070.439571] AUTODETECT spr round 2 (radius: 10)
[00:00:02 -56883.737216] AUTODETECT spr round 3 (radius: 15)
[00:00:03 -56777.648399] AUTODETECT spr round 4 (radius: 20)
[00:00:04 -56777.635157] SPR radius for FAST iterations: 15 (autodetect)
[00:00:04 -56777.635157] Model parameter optimization (eps = 3.000000)
[00:00:05 -56752.344238] FAST spr round 1 (radius: 15)
[00:00:07 -56549.314668] FAST spr round 2 (radius: 15)
[00:00:09 -56528.771554] FAST spr round 3 (radius: 15)
[00:00:10 -56528.769433] Model parameter optimization (eps = 1.000000)
[00:00:11 -56518.967502] SLOW spr round 1 (radius: 5)
[00:00:12 -56518.965462] SLOW spr round 2 (radius: 10)
[00:00:15 -56518.965439] SLOW spr round 3 (radius: 15)
[00:00:17 -56518.965129] SLOW spr round 4 (radius: 20)
[00:00:19 -56518.965129] SLOW spr round 5 (radius: 25)
[00:00:19 -56518.965129] Model parameter optimization (eps = 0.100000)

[00:00:20] ML tree search #1, logLikelihood: -56518.621978

[00:00:20 -134495.018571] Initial branch length optimization
[00:00:20 -61165.319150] Model parameter optimization (eps = 10.000000)
[00:00:21 -57436.485302] AUTODETECT spr round 1 (radius: 5)
[00:00:22 -56936.150612] AUTODETECT spr round 2 (radius: 10)
[00:00:22 -56778.944157] AUTODETECT spr round 3 (radius: 15)
[00:00:23 -56634.569666] AUTODETECT spr round 4 (radius: 20)
[00:00:24 -56587.521187] AUTODETECT spr round 5 (radius: 25)
[00:00:25 -56587.520216] SPR radius for FAST iterations: 20 (autodetect)
[00:00:25 -56587.520216] Model parameter optimization (eps = 3.000000)
[00:00:26 -56549.648760] FAST spr round 1 (radius: 20)
[00:00:28 -56521.717941] FAST spr round 2 (radius: 20)
[00:00:30 -56521.715317] Model parameter optimization (eps = 1.000000)
[00:00:31 -56519.188319] SLOW spr round 1 (radius: 5)
[00:00:33 -56519.180165] SLOW spr round 2 (radius: 10)
[00:00:35 -56519.180148] SLOW spr round 3 (radius: 15)
[00:00:37 -56519.180148] SLOW spr round 4 (radius: 20)
[00:00:39 -56519.180148] SLOW spr round 5 (radius: 25)
[00:00:40 -56519.180148] Model parameter optimization (eps = 0.100000)

[00:00:40] ML tree search #2, logLikelihood: -56518.640627

[00:00:40 -134484.830328] Initial branch length optimization
[00:00:40 -61123.986020] Model parameter optimization (eps = 10.000000)
[00:00:42 -57408.548312] AUTODETECT spr round 1 (radius: 5)
[00:00:42 -56942.943605] AUTODETECT spr round 2 (radius: 10)
[00:00:43 -56762.051985] AUTODETECT spr round 3 (radius: 15)
[00:00:44 -56626.170335] AUTODETECT spr round 4 (radius: 20)
[00:00:45 -56626.169534] SPR radius for FAST iterations: 15 (autodetect)
[00:00:45 -56626.169534] Model parameter optimization (eps = 3.000000)
[00:00:46 -56588.827278] FAST spr round 1 (radius: 15)
[00:00:48 -56520.856323] FAST spr round 2 (radius: 15)
[00:00:49 -56520.856320] Model parameter optimization (eps = 1.000000)
[00:00:50 -56519.045021] SLOW spr round 1 (radius: 5)
[00:00:52 -56519.042376] SLOW spr round 2 (radius: 10)
[00:00:54 -56519.042348] SLOW spr round 3 (radius: 15)
[00:00:56 -56519.042348] SLOW spr round 4 (radius: 20)
[00:00:58 -56519.042348] SLOW spr round 5 (radius: 25)
[00:00:59 -56519.042348] Model parameter optimization (eps = 0.100000)

[00:00:59] ML tree search #3, logLikelihood: -56518.636277

[00:00:59 -134500.149270] Initial branch length optimization
[00:00:59 -61200.058911] Model parameter optimization (eps = 10.000000)
[00:01:00 -57464.602657] AUTODETECT spr round 1 (radius: 5)
[00:01:01 -56999.615512] AUTODETECT spr round 2 (radius: 10)
[00:01:02 -56820.162820] AUTODETECT spr round 3 (radius: 15)
[00:01:02 -56776.385657] AUTODETECT spr round 4 (radius: 20)
[00:01:03 -56762.441479] AUTODETECT spr round 5 (radius: 25)
[00:01:04 -56762.441479] SPR radius for FAST iterations: 20 (autodetect)
[00:01:04 -56762.441479] Model parameter optimization (eps = 3.000000)
[00:01:04 -56749.632500] FAST spr round 1 (radius: 20)
[00:01:07 -56547.585348] FAST spr round 2 (radius: 20)
[00:01:09 -56547.397270] FAST spr round 3 (radius: 20)
[00:01:11 -56547.397042] Model parameter optimization (eps = 1.000000)
[00:01:12 -56519.595512] SLOW spr round 1 (radius: 5)
[00:01:14 -56519.586879] SLOW spr round 2 (radius: 10)
[00:01:16 -56519.586806] SLOW spr round 3 (radius: 15)
[00:01:19 -56519.586804] SLOW spr round 4 (radius: 20)
[00:01:20 -56519.586803] SLOW spr round 5 (radius: 25)
[00:01:21 -56519.586803] Model parameter optimization (eps = 0.100000)

[00:01:22] ML tree search #4, logLikelihood: -56518.653984

[00:01:22 -134498.838329] Initial branch length optimization
[00:01:22 -61189.372507] Model parameter optimization (eps = 10.000000)
[00:01:24 -57459.543570] AUTODETECT spr round 1 (radius: 5)
[00:01:24 -57014.192474] AUTODETECT spr round 2 (radius: 10)
[00:01:25 -56781.217517] AUTODETECT spr round 3 (radius: 15)
[00:01:26 -56748.687707] AUTODETECT spr round 4 (radius: 20)
[00:01:27 -56736.858142] AUTODETECT spr round 5 (radius: 25)
[00:01:27 -56736.858142] SPR radius for FAST iterations: 20 (autodetect)
[00:01:27 -56736.858142] Model parameter optimization (eps = 3.000000)
[00:01:28 -56723.819195] FAST spr round 1 (radius: 20)
[00:01:31 -56546.310020] FAST spr round 2 (radius: 20)
[00:01:33 -56546.296535] Model parameter optimization (eps = 1.000000)
[00:01:34 -56519.520270] SLOW spr round 1 (radius: 5)
[00:01:36 -56519.516575] SLOW spr round 2 (radius: 10)
[00:01:38 -56519.516503] SLOW spr round 3 (radius: 15)
[00:01:40 -56519.516500] SLOW spr round 4 (radius: 20)
[00:01:42 -56519.516500] SLOW spr round 5 (radius: 25)
[00:01:43 -56519.516500] Model parameter optimization (eps = 0.100000)

[00:01:44] ML tree search #5, logLikelihood: -56518.647502

[00:01:44 -134501.272615] Initial branch length optimization
[00:01:44 -61161.597184] Model parameter optimization (eps = 10.000000)
[00:01:46 -57435.339201] AUTODETECT spr round 1 (radius: 5)
[00:01:46 -57035.355805] AUTODETECT spr round 2 (radius: 10)
[00:01:47 -56743.868988] AUTODETECT spr round 3 (radius: 15)
[00:01:48 -56679.821706] AUTODETECT spr round 4 (radius: 20)
[00:01:48 -56679.821706] SPR radius for FAST iterations: 15 (autodetect)
[00:01:48 -56679.821706] Model parameter optimization (eps = 3.000000)
[00:01:49 -56665.501115] FAST spr round 1 (radius: 15)
[00:01:51 -56619.194931] FAST spr round 2 (radius: 15)
[00:01:53 -56619.182499] Model parameter optimization (eps = 1.000000)
[00:01:53 -56618.279114] SLOW spr round 1 (radius: 5)
[00:01:56 -56618.276641] SLOW spr round 2 (radius: 10)
[00:01:58 -56618.276630] SLOW spr round 3 (radius: 15)
[00:02:00 -56618.276630] SLOW spr round 4 (radius: 20)
[00:02:01 -56618.276630] SLOW spr round 5 (radius: 25)
[00:02:02 -56618.276630] Model parameter optimization (eps = 0.100000)

[00:02:03] ML tree search #6, logLikelihood: -56616.092238

[00:02:03 -134480.063565] Initial branch length optimization
[00:02:03 -61110.677017] Model parameter optimization (eps = 10.000000)
[00:02:05 -57395.462985] AUTODETECT spr round 1 (radius: 5)
[00:02:05 -56916.218238] AUTODETECT spr round 2 (radius: 10)
[00:02:06 -56781.702345] AUTODETECT spr round 3 (radius: 15)
[00:02:07 -56654.242542] AUTODETECT spr round 4 (radius: 20)
[00:02:08 -56654.201359] SPR radius for FAST iterations: 15 (autodetect)
[00:02:08 -56654.201359] Model parameter optimization (eps = 3.000000)
[00:02:09 -56620.716900] FAST spr round 1 (radius: 15)
[00:02:11 -56522.295110] FAST spr round 2 (radius: 15)
[00:02:13 -56522.284354] Model parameter optimization (eps = 1.000000)
[00:02:13 -56520.045622] SLOW spr round 1 (radius: 5)
[00:02:15 -56520.043084] SLOW spr round 2 (radius: 10)
[00:02:18 -56520.043061] SLOW spr round 3 (radius: 15)
[00:02:20 -56520.043060] SLOW spr round 4 (radius: 20)
[00:02:22 -56519.390873] SLOW spr round 5 (radius: 5)
[00:02:24 -56519.388283] SLOW spr round 6 (radius: 10)
[00:02:27 -56519.388278] SLOW spr round 7 (radius: 15)
[00:02:29 -56519.388277] SLOW spr round 8 (radius: 20)
[00:02:31 -56519.388277] SLOW spr round 9 (radius: 25)
[00:02:31 -56519.388277] Model parameter optimization (eps = 0.100000)

[00:02:32] ML tree search #7, logLikelihood: -56518.650490

[00:02:32 -134485.123181] Initial branch length optimization
[00:02:32 -61141.393870] Model parameter optimization (eps = 10.000000)
[00:02:33 -57432.337888] AUTODETECT spr round 1 (radius: 5)
[00:02:34 -57089.534134] AUTODETECT spr round 2 (radius: 10)
[00:02:35 -56729.754408] AUTODETECT spr round 3 (radius: 15)
[00:02:36 -56675.696618] AUTODETECT spr round 4 (radius: 20)
[00:02:36 -56661.057988] AUTODETECT spr round 5 (radius: 25)
[00:02:37 -56661.057902] SPR radius for FAST iterations: 20 (autodetect)
[00:02:37 -56661.057902] Model parameter optimization (eps = 3.000000)
[00:02:38 -56629.013415] FAST spr round 1 (radius: 20)
[00:02:41 -56522.534118] FAST spr round 2 (radius: 20)
[00:02:42 -56522.532214] Model parameter optimization (eps = 1.000000)
[00:02:43 -56519.131523] SLOW spr round 1 (radius: 5)
[00:02:45 -56519.123856] SLOW spr round 2 (radius: 10)
[00:02:47 -56519.123847] SLOW spr round 3 (radius: 15)
[00:02:50 -56519.123847] SLOW spr round 4 (radius: 20)
[00:02:51 -56519.123847] SLOW spr round 5 (radius: 25)
[00:02:52 -56519.123847] Model parameter optimization (eps = 0.100000)

[00:02:53] ML tree search #8, logLikelihood: -56518.640346

[00:02:53 -131503.181928] Initial branch length optimization
[00:02:53 -59958.806161] Model parameter optimization (eps = 10.000000)
[00:02:54 -56522.266400] AUTODETECT spr round 1 (radius: 5)
[00:02:55 -56522.262581] SPR radius for FAST iterations: 5 (autodetect)
[00:02:55 -56522.262581] Model parameter optimization (eps = 3.000000)
[00:02:55 -56521.049109] FAST spr round 1 (radius: 5)
[00:02:56 -56521.044218] Model parameter optimization (eps = 1.000000)
[00:02:56 -56520.400654] SLOW spr round 1 (radius: 5)
[00:02:58 -56520.392625] SLOW spr round 2 (radius: 10)
[00:03:00 -56519.538399] SLOW spr round 3 (radius: 5)
[00:03:02 -56519.536960] SLOW spr round 4 (radius: 10)
[00:03:03 -56519.536959] SLOW spr round 5 (radius: 15)
[00:03:05 -56519.536959] SLOW spr round 6 (radius: 20)
[00:03:06 -56519.536959] SLOW spr round 7 (radius: 25)
[00:03:08 -56519.536959] Model parameter optimization (eps = 0.100000)

[00:03:09] ML tree search #9, logLikelihood: -56518.696664

[00:03:09 -131503.405892] Initial branch length optimization
[00:03:09 -59956.209549] Model parameter optimization (eps = 10.000000)
[00:03:10 -56521.435836] AUTODETECT spr round 1 (radius: 5)
[00:03:10 -56521.431782] SPR radius for FAST iterations: 5 (autodetect)
[00:03:10 -56521.431782] Model parameter optimization (eps = 3.000000)
[00:03:11 -56520.261819] FAST spr round 1 (radius: 5)
[00:03:12 -56520.255946] Model parameter optimization (eps = 1.000000)
[00:03:12 -56519.532564] SLOW spr round 1 (radius: 5)
[00:03:14 -56519.525078] SLOW spr round 2 (radius: 10)
[00:03:15 -56519.525078] SLOW spr round 3 (radius: 15)
[00:03:17 -56519.525078] SLOW spr round 4 (radius: 20)
[00:03:18 -56519.525078] SLOW spr round 5 (radius: 25)
[00:03:19 -56519.525078] Model parameter optimization (eps = 0.100000)

[00:03:20] ML tree search #10, logLikelihood: -56518.702065

[00:03:20 -131504.013215] Initial branch length optimization
[00:03:20 -59955.486316] Model parameter optimization (eps = 10.000000)
[00:03:21 -56523.954819] AUTODETECT spr round 1 (radius: 5)
[00:03:22 -56523.950735] SPR radius for FAST iterations: 5 (autodetect)
[00:03:22 -56523.950735] Model parameter optimization (eps = 3.000000)
[00:03:22 -56522.894133] FAST spr round 1 (radius: 5)
[00:03:23 -56522.881165] Model parameter optimization (eps = 1.000000)
[00:03:23 -56522.221060] SLOW spr round 1 (radius: 5)
[00:03:25 -56522.215698] SLOW spr round 2 (radius: 10)
[00:03:27 -56522.213773] SLOW spr round 3 (radius: 15)
[00:03:28 -56522.213756] SLOW spr round 4 (radius: 20)
[00:03:30 -56519.817974] SLOW spr round 5 (radius: 5)
[00:03:31 -56519.817974] SLOW spr round 6 (radius: 10)
[00:03:33 -56519.817974] SLOW spr round 7 (radius: 15)
[00:03:35 -56519.817974] SLOW spr round 8 (radius: 20)
[00:03:36 -56519.817974] SLOW spr round 9 (radius: 25)
[00:03:37 -56519.817974] Model parameter optimization (eps = 0.100000)

[00:03:38] ML tree search #11, logLikelihood: -56518.705812

[00:03:38 -131508.305220] Initial branch length optimization
[00:03:38 -59965.117359] Model parameter optimization (eps = 10.000000)
[00:03:39 -56531.931786] AUTODETECT spr round 1 (radius: 5)
[00:03:40 -56523.892967] AUTODETECT spr round 2 (radius: 10)
[00:03:41 -56523.892965] SPR radius for FAST iterations: 5 (autodetect)
[00:03:41 -56523.892965] Model parameter optimization (eps = 3.000000)
[00:03:41 -56522.843713] FAST spr round 1 (radius: 5)
[00:03:42 -56522.834875] Model parameter optimization (eps = 1.000000)
[00:03:42 -56522.180846] SLOW spr round 1 (radius: 5)
[00:03:44 -56522.177161] SLOW spr round 2 (radius: 10)
[00:03:46 -56522.177161] SLOW spr round 3 (radius: 15)
[00:03:47 -56522.177161] SLOW spr round 4 (radius: 20)
[00:03:49 -56522.177161] SLOW spr round 5 (radius: 25)
[00:03:50 -56520.781624] SLOW spr round 6 (radius: 5)
[00:03:52 -56520.779335] SLOW spr round 7 (radius: 10)
[00:03:54 -56520.779335] SLOW spr round 8 (radius: 15)
[00:03:55 -56520.779335] SLOW spr round 9 (radius: 20)
[00:03:57 -56520.779335] SLOW spr round 10 (radius: 25)
[00:03:58 -56520.779335] Model parameter optimization (eps = 0.100000)

[00:03:59] ML tree search #12, logLikelihood: -56519.712168

[00:03:59 -131503.359367] Initial branch length optimization
[00:03:59 -59955.485469] Model parameter optimization (eps = 10.000000)
[00:04:00 -56523.951347] AUTODETECT spr round 1 (radius: 5)
[00:04:01 -56523.947323] SPR radius for FAST iterations: 5 (autodetect)
[00:04:01 -56523.947323] Model parameter optimization (eps = 3.000000)
[00:04:01 -56522.890683] FAST spr round 1 (radius: 5)
[00:04:02 -56522.884663] Model parameter optimization (eps = 1.000000)
[00:04:02 -56522.224782] SLOW spr round 1 (radius: 5)
[00:04:04 -56522.215631] SLOW spr round 2 (radius: 10)
[00:04:05 -56522.213710] SLOW spr round 3 (radius: 15)
[00:04:07 -56522.213693] SLOW spr round 4 (radius: 20)
[00:04:08 -56519.817874] SLOW spr round 5 (radius: 5)
[00:04:10 -56519.817874] SLOW spr round 6 (radius: 10)
[00:04:12 -56519.817874] SLOW spr round 7 (radius: 15)
[00:04:13 -56519.817874] SLOW spr round 8 (radius: 20)
[00:04:14 -56519.817874] SLOW spr round 9 (radius: 25)
[00:04:16 -56519.817874] Model parameter optimization (eps = 0.100000)

[00:04:16] ML tree search #13, logLikelihood: -56518.699053

[00:04:16 -131507.667998] Initial branch length optimization
[00:04:16 -59964.715556] Model parameter optimization (eps = 10.000000)
[00:04:18 -56528.874479] AUTODETECT spr round 1 (radius: 5)
[00:04:18 -56528.870460] SPR radius for FAST iterations: 5 (autodetect)
[00:04:18 -56528.870460] Model parameter optimization (eps = 3.000000)
[00:04:18 -56527.703100] FAST spr round 1 (radius: 5)
[00:04:19 -56527.696975] Model parameter optimization (eps = 1.000000)
[00:04:19 -56526.922018] SLOW spr round 1 (radius: 5)
[00:04:21 -56526.913901] SLOW spr round 2 (radius: 10)
[00:04:23 -56526.913901] SLOW spr round 3 (radius: 15)
[00:04:24 -56526.913901] SLOW spr round 4 (radius: 20)
[00:04:26 -56526.913901] SLOW spr round 5 (radius: 25)
[00:04:27 -56526.913901] Model parameter optimization (eps = 0.100000)

[00:04:28] ML tree search #14, logLikelihood: -56526.055880

[00:04:28 -131508.985919] Initial branch length optimization
[00:04:28 -59965.112493] Model parameter optimization (eps = 10.000000)
[00:04:29 -56531.934976] AUTODETECT spr round 1 (radius: 5)
[00:04:29 -56523.892944] AUTODETECT spr round 2 (radius: 10)
[00:04:30 -56523.892942] SPR radius for FAST iterations: 5 (autodetect)
[00:04:30 -56523.892942] Model parameter optimization (eps = 3.000000)
[00:04:30 -56522.843659] FAST spr round 1 (radius: 5)
[00:04:31 -56522.838543] Model parameter optimization (eps = 1.000000)
[00:04:31 -56522.184629] SLOW spr round 1 (radius: 5)
[00:04:33 -56522.177235] SLOW spr round 2 (radius: 10)
[00:04:35 -56522.177235] SLOW spr round 3 (radius: 15)
[00:04:36 -56522.177235] SLOW spr round 4 (radius: 20)
[00:04:37 -56522.177235] SLOW spr round 5 (radius: 25)
[00:04:39 -56519.775915] SLOW spr round 6 (radius: 5)
[00:04:40 -56519.775915] SLOW spr round 7 (radius: 10)
[00:04:42 -56519.775915] SLOW spr round 8 (radius: 15)
[00:04:44 -56519.775915] SLOW spr round 9 (radius: 20)
[00:04:45 -56519.775915] SLOW spr round 10 (radius: 25)
[00:04:46 -56519.775915] Model parameter optimization (eps = 0.100000)

[00:04:47] ML tree search #15, logLikelihood: -56518.709702

[00:04:47 -131508.270345] Initial branch length optimization
[00:04:47 -59956.575512] Model parameter optimization (eps = 10.000000)
[00:04:48 -56524.375126] AUTODETECT spr round 1 (radius: 5)
[00:04:49 -56523.845713] AUTODETECT spr round 2 (radius: 10)
[00:04:50 -56523.844310] SPR radius for FAST iterations: 5 (autodetect)
[00:04:50 -56523.844310] Model parameter optimization (eps = 3.000000)
[00:04:50 -56522.813795] FAST spr round 1 (radius: 5)
[00:04:51 -56522.808226] Model parameter optimization (eps = 1.000000)
[00:04:51 -56522.164979] SLOW spr round 1 (radius: 5)
[00:04:53 -56522.152751] SLOW spr round 2 (radius: 10)
[00:04:55 -56522.150828] SLOW spr round 3 (radius: 15)
[00:04:56 -56522.150811] SLOW spr round 4 (radius: 20)
[00:04:57 -56520.753548] SLOW spr round 5 (radius: 5)
[00:04:59 -56520.751257] SLOW spr round 6 (radius: 10)
[00:05:01 -56520.751257] SLOW spr round 7 (radius: 15)
[00:05:02 -56520.751257] SLOW spr round 8 (radius: 20)
[00:05:04 -56520.751257] SLOW spr round 9 (radius: 25)
[00:05:05 -56520.751257] Model parameter optimization (eps = 0.100000)

[00:05:06] ML tree search #16, logLikelihood: -56519.699798



Final LogLikelihood: -56518.621978

AIC score: 113441.243956 / AICc score: 113444.077623 / BIC score: 115113.811763
Free parameters (model + branch lengths): 202

Best ML tree saved to: /home/hikoyu/analysis/Genome/SARS-CoV-2/phylogeny/RAxML-NG/DNA/univ/sep/SARS-CoV-2_200314.4.raxml.bestTree
All ML trees saved to: /home/hikoyu/analysis/Genome/SARS-CoV-2/phylogeny/RAxML-NG/DNA/univ/sep/SARS-CoV-2_200314.4.raxml.mlTrees
Optimized model saved to: /home/hikoyu/analysis/Genome/SARS-CoV-2/phylogeny/RAxML-NG/DNA/univ/sep/SARS-CoV-2_200314.4.raxml.bestModel

Execution log saved to: /home/hikoyu/analysis/Genome/SARS-CoV-2/phylogeny/RAxML-NG/DNA/univ/sep/SARS-CoV-2_200314.4.raxml.log

Analysis started: 16-Mar-2020 02:12:50 / finished: 16-Mar-2020 02:17:57

Elapsed time: 306.566 seconds

