
RAxML-NG v. 0.9.0 released on 20.05.2019 by The Exelixis Lab.
Developed by: Alexey M. Kozlov and Alexandros Stamatakis.
Contributors: Diego Darriba, Tomas Flouri, Benoit Morel, Sarah Lutteropp, Ben Bettisworth.
Latest version: https://github.com/amkozlov/raxml-ng
Questions/problems/suggestions? Please visit: https://groups.google.com/forum/#!forum/raxml

RAxML-NG was called at 11-Mar-2020 02:28:48 as follows:

raxml-ng --threads 1 --search --tree rand{8},pars{8} --seed 857624895 --prefix phylogeny/RAxML-NG/DNA/univ/sep/SARS-CoV-2_200311.9 --msa phylogeny/RAxML-NG/DNA/univ/sep/SARS-CoV-2_200311.raxml.rba --outgroup MG772933.1

Analysis options:
  run mode: ML tree search
  start tree(s): random (8) + parsimony (8)
  random seed: 857624895
  tip-inner: OFF
  pattern compression: ON
  per-rate scalers: OFF
  site repeats: ON
  fast spr radius: AUTO
  spr subtree cutoff: 1.000000
  branch lengths: proportional (ML estimate, algorithm: NR-FAST)
  SIMD kernels: AVX2
  parallelization: NONE/sequential

[00:00:00] Loading binary alignment from file: phylogeny/RAxML-NG/DNA/univ/sep/SARS-CoV-2_200311.raxml.rba
[00:00:00] Alignment comprises 64 taxa, 3 partitions and 298 patterns

Partition 0: p1
Model: GTR+FO+G4m+B
Alignment sites / patterns: 9715 / 79
Gaps: 0.05 %
Invariant sites: 93.02 %

Partition 1: p2
Model: HKY+FO+I+B
Alignment sites / patterns: 9715 / 98
Gaps: 0.05 %
Invariant sites: 96.29 %

Partition 2: p3
Model: GTR+FO+I+G4m+B
Alignment sites / patterns: 9715 / 121
Gaps: 0.05 %
Invariant sites: 68.22 %


[00:00:00] Generating 8 random starting tree(s) with 64 taxa
[00:00:00] Generating 8 parsimony starting tree(s) with 64 taxa
[00:00:00] Data distribution: max. partitions/sites/weight per thread: 3 / 298 / 3592

Starting ML tree search with 16 distinct starting trees

[00:00:00 -129353.291859] Initial branch length optimization
[00:00:00 -60577.604444] Model parameter optimization (eps = 10.000000)
[00:00:00 -56886.100203] AUTODETECT spr round 1 (radius: 5)
[00:00:01 -56513.985880] AUTODETECT spr round 2 (radius: 10)
[00:00:01 -56425.031149] AUTODETECT spr round 3 (radius: 15)
[00:00:01 -56409.441326] AUTODETECT spr round 4 (radius: 20)
[00:00:01 -56390.660399] AUTODETECT spr round 5 (radius: 25)
[00:00:02 -56390.660399] SPR radius for FAST iterations: 20 (autodetect)
[00:00:02 -56390.660399] Model parameter optimization (eps = 3.000000)
[00:00:02 -56383.558163] FAST spr round 1 (radius: 20)
[00:00:03 -56234.798730] FAST spr round 2 (radius: 20)
[00:00:04 -56234.628370] FAST spr round 3 (radius: 20)
[00:00:05 -56234.626795] Model parameter optimization (eps = 1.000000)
[00:00:06 -56213.683685] SLOW spr round 1 (radius: 5)
[00:00:07 -56213.675133] SLOW spr round 2 (radius: 10)
[00:00:08 -56213.675098] SLOW spr round 3 (radius: 15)
[00:00:09 -56213.675096] SLOW spr round 4 (radius: 20)
[00:00:10 -56213.675096] SLOW spr round 5 (radius: 25)
[00:00:10 -56213.675096] Model parameter optimization (eps = 0.100000)

[00:00:10] ML tree search #1, logLikelihood: -56213.134812

[00:00:10 -129343.845607] Initial branch length optimization
[00:00:10 -60566.637151] Model parameter optimization (eps = 10.000000)
[00:00:11 -56878.433748] AUTODETECT spr round 1 (radius: 5)
[00:00:11 -56594.783302] AUTODETECT spr round 2 (radius: 10)
[00:00:12 -56398.300809] AUTODETECT spr round 3 (radius: 15)
[00:00:12 -56358.249147] AUTODETECT spr round 4 (radius: 20)
[00:00:12 -56358.249147] SPR radius for FAST iterations: 15 (autodetect)
[00:00:12 -56358.249147] Model parameter optimization (eps = 3.000000)
[00:00:13 -56351.917365] FAST spr round 1 (radius: 15)
[00:00:14 -56234.457772] FAST spr round 2 (radius: 15)
[00:00:15 -56234.263980] FAST spr round 3 (radius: 15)
[00:00:15 -56234.262552] Model parameter optimization (eps = 1.000000)
[00:00:16 -56213.650082] SLOW spr round 1 (radius: 5)
[00:00:17 -56213.647993] SLOW spr round 2 (radius: 10)
[00:00:19 -56213.647950] SLOW spr round 3 (radius: 15)
[00:00:20 -56213.647948] SLOW spr round 4 (radius: 20)
[00:00:20 -56213.647948] SLOW spr round 5 (radius: 25)
[00:00:20 -56213.647948] Model parameter optimization (eps = 0.100000)

[00:00:21] ML tree search #2, logLikelihood: -56213.080207

[00:00:21 -129336.426196] Initial branch length optimization
[00:00:21 -60551.140236] Model parameter optimization (eps = 10.000000)
[00:00:21 -56864.336386] AUTODETECT spr round 1 (radius: 5)
[00:00:22 -56481.274769] AUTODETECT spr round 2 (radius: 10)
[00:00:22 -56296.225626] AUTODETECT spr round 3 (radius: 15)
[00:00:22 -56286.774405] AUTODETECT spr round 4 (radius: 20)
[00:00:23 -56286.773348] SPR radius for FAST iterations: 15 (autodetect)
[00:00:23 -56286.773348] Model parameter optimization (eps = 3.000000)
[00:00:23 -56262.351587] FAST spr round 1 (radius: 15)
[00:00:24 -56216.155504] FAST spr round 2 (radius: 15)
[00:00:25 -56216.155503] Model parameter optimization (eps = 1.000000)
[00:00:25 -56213.482777] SLOW spr round 1 (radius: 5)
[00:00:26 -56213.475339] SLOW spr round 2 (radius: 10)
[00:00:28 -56213.475329] SLOW spr round 3 (radius: 15)
[00:00:29 -56213.475329] SLOW spr round 4 (radius: 20)
[00:00:29 -56213.475329] SLOW spr round 5 (radius: 25)
[00:00:30 -56213.475329] Model parameter optimization (eps = 0.100000)

[00:00:30] ML tree search #3, logLikelihood: -56213.094615

[00:00:30 -129349.993711] Initial branch length optimization
[00:00:30 -60608.656128] Model parameter optimization (eps = 10.000000)
[00:00:31 -56915.088682] AUTODETECT spr round 1 (radius: 5)
[00:00:31 -56482.552544] AUTODETECT spr round 2 (radius: 10)
[00:00:32 -56260.264663] AUTODETECT spr round 3 (radius: 15)
[00:00:32 -56260.251764] SPR radius for FAST iterations: 10 (autodetect)
[00:00:32 -56260.251764] Model parameter optimization (eps = 3.000000)
[00:00:32 -56234.036032] FAST spr round 1 (radius: 10)
[00:00:33 -56215.774053] FAST spr round 2 (radius: 10)
[00:00:34 -56215.774050] Model parameter optimization (eps = 1.000000)
[00:00:34 -56213.439008] SLOW spr round 1 (radius: 5)
[00:00:35 -56213.437006] SLOW spr round 2 (radius: 10)
[00:00:36 -56213.436991] SLOW spr round 3 (radius: 15)
[00:00:37 -56213.436991] SLOW spr round 4 (radius: 20)
[00:00:38 -56213.436991] SLOW spr round 5 (radius: 25)
[00:00:39 -56213.436991] Model parameter optimization (eps = 0.100000)

[00:00:39] ML tree search #4, logLikelihood: -56213.146165

[00:00:39 -129343.929565] Initial branch length optimization
[00:00:39 -60558.255296] Model parameter optimization (eps = 10.000000)
[00:00:40 -56874.636981] AUTODETECT spr round 1 (radius: 5)
[00:00:40 -56593.570310] AUTODETECT spr round 2 (radius: 10)
[00:00:40 -56394.435550] AUTODETECT spr round 3 (radius: 15)
[00:00:41 -56394.435546] SPR radius for FAST iterations: 10 (autodetect)
[00:00:41 -56394.435546] Model parameter optimization (eps = 3.000000)
[00:00:41 -56388.347811] FAST spr round 1 (radius: 10)
[00:00:42 -56308.513551] FAST spr round 2 (radius: 10)
[00:00:42 -56234.566400] FAST spr round 3 (radius: 10)
[00:00:43 -56234.392198] FAST spr round 4 (radius: 10)
[00:00:44 -56234.390545] Model parameter optimization (eps = 1.000000)
[00:00:44 -56213.665272] SLOW spr round 1 (radius: 5)
[00:00:46 -56213.657889] SLOW spr round 2 (radius: 10)
[00:00:47 -56213.657850] SLOW spr round 3 (radius: 15)
[00:00:48 -56213.657849] SLOW spr round 4 (radius: 20)
[00:00:48 -56213.657849] SLOW spr round 5 (radius: 25)
[00:00:49 -56213.657849] Model parameter optimization (eps = 0.100000)

[00:00:49] ML tree search #5, logLikelihood: -56213.081646

[00:00:49 -129339.934337] Initial branch length optimization
[00:00:49 -60575.848803] Model parameter optimization (eps = 10.000000)
[00:00:50 -56889.391924] AUTODETECT spr round 1 (radius: 5)
[00:00:50 -56438.564994] AUTODETECT spr round 2 (radius: 10)
[00:00:50 -56368.025991] AUTODETECT spr round 3 (radius: 15)
[00:00:51 -56335.908698] AUTODETECT spr round 4 (radius: 20)
[00:00:51 -56335.908622] SPR radius for FAST iterations: 15 (autodetect)
[00:00:51 -56335.908622] Model parameter optimization (eps = 3.000000)
[00:00:52 -56313.594910] FAST spr round 1 (radius: 15)
[00:00:53 -56216.715043] FAST spr round 2 (radius: 15)
[00:00:53 -56216.714277] Model parameter optimization (eps = 1.000000)
[00:00:54 -56213.281286] SLOW spr round 1 (radius: 5)
[00:00:55 -56213.275051] SLOW spr round 2 (radius: 10)
[00:00:56 -56213.275034] SLOW spr round 3 (radius: 15)
[00:00:57 -56213.275033] SLOW spr round 4 (radius: 20)
[00:00:58 -56213.275033] SLOW spr round 5 (radius: 25)
[00:00:58 -56213.275033] Model parameter optimization (eps = 0.100000)

[00:00:58] ML tree search #6, logLikelihood: -56213.089129

[00:00:58 -129341.026689] Initial branch length optimization
[00:00:58 -60568.326871] Model parameter optimization (eps = 10.000000)
[00:00:59 -56876.789688] AUTODETECT spr round 1 (radius: 5)
[00:00:59 -56492.125684] AUTODETECT spr round 2 (radius: 10)
[00:01:00 -56342.541202] AUTODETECT spr round 3 (radius: 15)
[00:01:00 -56320.988406] AUTODETECT spr round 4 (radius: 20)
[00:01:00 -56320.988404] SPR radius for FAST iterations: 15 (autodetect)
[00:01:00 -56320.988404] Model parameter optimization (eps = 3.000000)
[00:01:01 -56314.792191] FAST spr round 1 (radius: 15)
[00:01:02 -56233.933629] FAST spr round 2 (radius: 15)
[00:01:03 -56233.757357] FAST spr round 3 (radius: 15)
[00:01:04 -56233.750901] Model parameter optimization (eps = 1.000000)
[00:01:04 -56213.620989] SLOW spr round 1 (radius: 5)
[00:01:05 -56213.613577] SLOW spr round 2 (radius: 10)
[00:01:07 -56213.613533] SLOW spr round 3 (radius: 15)
[00:01:08 -56213.613531] SLOW spr round 4 (radius: 20)
[00:01:08 -56213.613531] SLOW spr round 5 (radius: 25)
[00:01:08 -56213.613531] Model parameter optimization (eps = 0.100000)

[00:01:08] ML tree search #7, logLikelihood: -56213.128033

[00:01:08 -129346.500065] Initial branch length optimization
[00:01:08 -60585.665494] Model parameter optimization (eps = 10.000000)
[00:01:09 -56889.200026] AUTODETECT spr round 1 (radius: 5)
[00:01:09 -56554.045047] AUTODETECT spr round 2 (radius: 10)
[00:01:10 -56386.733348] AUTODETECT spr round 3 (radius: 15)
[00:01:10 -56368.932228] AUTODETECT spr round 4 (radius: 20)
[00:01:10 -56368.932223] SPR radius for FAST iterations: 15 (autodetect)
[00:01:10 -56368.932223] Model parameter optimization (eps = 3.000000)
[00:01:11 -56362.916182] FAST spr round 1 (radius: 15)
[00:01:12 -56234.682550] FAST spr round 2 (radius: 15)
[00:01:13 -56234.498484] FAST spr round 3 (radius: 15)
[00:01:13 -56234.497199] Model parameter optimization (eps = 1.000000)
[00:01:14 -56213.650400] SLOW spr round 1 (radius: 5)
[00:01:15 -56213.643001] SLOW spr round 2 (radius: 10)
[00:01:16 -56213.642957] SLOW spr round 3 (radius: 15)
[00:01:17 -56213.642955] SLOW spr round 4 (radius: 20)
[00:01:18 -56213.642955] SLOW spr round 5 (radius: 25)
[00:01:18 -56213.642955] Model parameter optimization (eps = 0.100000)

[00:01:19] ML tree search #8, logLikelihood: -56213.133658

[00:01:19 -126608.499393] Initial branch length optimization
[00:01:19 -59645.726801] Model parameter optimization (eps = 10.000000)
[00:01:19 -56217.880940] AUTODETECT spr round 1 (radius: 5)
[00:01:19 -56217.085758] AUTODETECT spr round 2 (radius: 10)
[00:01:20 -56217.084550] SPR radius for FAST iterations: 5 (autodetect)
[00:01:20 -56217.084550] Model parameter optimization (eps = 3.000000)
[00:01:20 -56215.598471] FAST spr round 1 (radius: 5)
[00:01:20 -56215.592058] Model parameter optimization (eps = 1.000000)
[00:01:20 -56214.604695] SLOW spr round 1 (radius: 5)
[00:01:21 -56214.595034] SLOW spr round 2 (radius: 10)
[00:01:23 -56214.593261] SLOW spr round 3 (radius: 15)
[00:01:24 -56214.592102] SLOW spr round 4 (radius: 20)
[00:01:24 -56214.592092] SLOW spr round 5 (radius: 25)
[00:01:25 -56214.592092] Model parameter optimization (eps = 0.100000)

[00:01:26] ML tree search #9, logLikelihood: -56213.146291

[00:01:26 -126615.987544] Initial branch length optimization
[00:01:26 -59652.108065] Model parameter optimization (eps = 10.000000)
[00:01:26 -56225.084124] AUTODETECT spr round 1 (radius: 5)
[00:01:26 -56217.075734] AUTODETECT spr round 2 (radius: 10)
[00:01:27 -56217.075713] SPR radius for FAST iterations: 5 (autodetect)
[00:01:27 -56217.075713] Model parameter optimization (eps = 3.000000)
[00:01:27 -56215.596125] FAST spr round 1 (radius: 5)
[00:01:27 -56215.590400] Model parameter optimization (eps = 1.000000)
[00:01:27 -56214.612581] SLOW spr round 1 (radius: 5)
[00:01:28 -56214.602984] SLOW spr round 2 (radius: 10)
[00:01:30 -56214.600644] SLOW spr round 3 (radius: 15)
[00:01:31 -56214.600641] SLOW spr round 4 (radius: 20)
[00:01:31 -56214.600641] SLOW spr round 5 (radius: 25)
[00:01:32 -56214.600641] Model parameter optimization (eps = 0.100000)

[00:01:32] ML tree search #10, logLikelihood: -56213.143948

[00:01:32 -126615.293774] Initial branch length optimization
[00:01:33 -59651.240909] Model parameter optimization (eps = 10.000000)
[00:01:33 -56225.220155] AUTODETECT spr round 1 (radius: 5)
[00:01:33 -56217.071127] AUTODETECT spr round 2 (radius: 10)
[00:01:34 -56217.071104] SPR radius for FAST iterations: 5 (autodetect)
[00:01:34 -56217.071104] Model parameter optimization (eps = 3.000000)
[00:01:34 -56215.596498] FAST spr round 1 (radius: 5)
[00:01:34 -56215.590923] Model parameter optimization (eps = 1.000000)
[00:01:34 -56214.612146] SLOW spr round 1 (radius: 5)
[00:01:35 -56214.603063] SLOW spr round 2 (radius: 10)
[00:01:37 -56214.600985] SLOW spr round 3 (radius: 15)
[00:01:37 -56214.599804] SLOW spr round 4 (radius: 20)
[00:01:38 -56214.599800] SLOW spr round 5 (radius: 25)
[00:01:39 -56214.599800] Model parameter optimization (eps = 0.100000)

[00:01:39] ML tree search #11, logLikelihood: -56213.143269

[00:01:39 -126615.167175] Initial branch length optimization
[00:01:39 -59653.043396] Model parameter optimization (eps = 10.000000)
[00:01:40 -56226.437292] AUTODETECT spr round 1 (radius: 5)
[00:01:40 -56226.433736] SPR radius for FAST iterations: 5 (autodetect)
[00:01:40 -56226.433736] Model parameter optimization (eps = 3.000000)
[00:01:40 -56224.935674] FAST spr round 1 (radius: 5)
[00:01:41 -56224.929800] Model parameter optimization (eps = 1.000000)
[00:01:41 -56223.957870] SLOW spr round 1 (radius: 5)
[00:01:42 -56223.947759] SLOW spr round 2 (radius: 10)
[00:01:43 -56223.945832] SLOW spr round 3 (radius: 15)
[00:01:44 -56214.674149] SLOW spr round 4 (radius: 5)
[00:01:45 -56214.673645] SLOW spr round 5 (radius: 10)
[00:01:46 -56214.673645] SLOW spr round 6 (radius: 15)
[00:01:47 -56214.673645] SLOW spr round 7 (radius: 20)
[00:01:48 -56214.673645] SLOW spr round 8 (radius: 25)
[00:01:48 -56214.673645] Model parameter optimization (eps = 0.100000)

[00:01:49] ML tree search #12, logLikelihood: -56213.140056

[00:01:49 -126614.925089] Initial branch length optimization
[00:01:49 -59651.319588] Model parameter optimization (eps = 10.000000)
[00:01:50 -56225.938064] AUTODETECT spr round 1 (radius: 5)
[00:01:50 -56217.074690] AUTODETECT spr round 2 (radius: 10)
[00:01:50 -56217.073961] SPR radius for FAST iterations: 5 (autodetect)
[00:01:50 -56217.073961] Model parameter optimization (eps = 3.000000)
[00:01:50 -56215.597054] FAST spr round 1 (radius: 5)
[00:01:51 -56215.589527] Model parameter optimization (eps = 1.000000)
[00:01:51 -56214.600121] SLOW spr round 1 (radius: 5)
[00:01:52 -56214.589465] SLOW spr round 2 (radius: 10)
[00:01:53 -56214.587592] SLOW spr round 3 (radius: 15)
[00:01:54 -56214.587577] SLOW spr round 4 (radius: 20)
[00:01:55 -56214.587577] SLOW spr round 5 (radius: 25)
[00:01:55 -56214.587577] Model parameter optimization (eps = 0.100000)

[00:01:56] ML tree search #13, logLikelihood: -56213.142837

[00:01:56 -126610.391294] Initial branch length optimization
[00:01:56 -59642.646986] Model parameter optimization (eps = 10.000000)
[00:01:57 -56217.148285] AUTODETECT spr round 1 (radius: 5)
[00:01:57 -56217.144646] SPR radius for FAST iterations: 5 (autodetect)
[00:01:57 -56217.144646] Model parameter optimization (eps = 3.000000)
[00:01:57 -56215.653874] FAST spr round 1 (radius: 5)
[00:01:57 -56215.648030] Model parameter optimization (eps = 1.000000)
[00:01:58 -56214.657657] SLOW spr round 1 (radius: 5)
[00:01:59 -56214.647611] SLOW spr round 2 (radius: 10)
[00:02:00 -56214.645326] SLOW spr round 3 (radius: 15)
[00:02:01 -56214.645323] SLOW spr round 4 (radius: 20)
[00:02:02 -56214.645323] SLOW spr round 5 (radius: 25)
[00:02:02 -56214.645323] Model parameter optimization (eps = 0.100000)

[00:02:02] ML tree search #14, logLikelihood: -56213.153280

[00:02:02 -126612.772956] Initial branch length optimization
[00:02:02 -59654.462929] Model parameter optimization (eps = 10.000000)
[00:02:03 -56226.642769] AUTODETECT spr round 1 (radius: 5)
[00:02:03 -56217.780902] AUTODETECT spr round 2 (radius: 10)
[00:02:03 -56217.777863] SPR radius for FAST iterations: 5 (autodetect)
[00:02:03 -56217.777863] Model parameter optimization (eps = 3.000000)
[00:02:04 -56216.239857] FAST spr round 1 (radius: 5)
[00:02:04 -56216.233563] Model parameter optimization (eps = 1.000000)
[00:02:04 -56214.614504] SLOW spr round 1 (radius: 5)
[00:02:05 -56213.888480] SLOW spr round 2 (radius: 5)
[00:02:07 -56213.885126] SLOW spr round 3 (radius: 10)
[00:02:08 -56213.884788] SLOW spr round 4 (radius: 15)
[00:02:09 -56213.884644] SLOW spr round 5 (radius: 20)
[00:02:09 -56213.884644] SLOW spr round 6 (radius: 25)
[00:02:09 -56213.884644] Model parameter optimization (eps = 0.100000)

[00:02:10] ML tree search #15, logLikelihood: -56213.139495

[00:02:10 -126614.626155] Initial branch length optimization
[00:02:10 -59651.152299] Model parameter optimization (eps = 10.000000)
[00:02:11 -56224.540425] AUTODETECT spr round 1 (radius: 5)
[00:02:11 -56224.536723] SPR radius for FAST iterations: 5 (autodetect)
[00:02:11 -56224.536723] Model parameter optimization (eps = 3.000000)
[00:02:11 -56223.038284] FAST spr round 1 (radius: 5)
[00:02:11 -56223.032331] Model parameter optimization (eps = 1.000000)
[00:02:12 -56222.060286] SLOW spr round 1 (radius: 5)
[00:02:13 -56222.049534] SLOW spr round 2 (radius: 10)
[00:02:14 -56214.673587] SLOW spr round 3 (radius: 5)
[00:02:15 -56214.673431] SLOW spr round 4 (radius: 10)
[00:02:16 -56214.673431] SLOW spr round 5 (radius: 15)
[00:02:17 -56214.673431] SLOW spr round 6 (radius: 20)
[00:02:17 -56214.673431] SLOW spr round 7 (radius: 25)
[00:02:18 -56214.673431] Model parameter optimization (eps = 0.100000)

[00:02:18] ML tree search #16, logLikelihood: -56213.140171



Final LogLikelihood: -56213.080207

AIC score: 112728.160415 / AICc score: 112729.743693 / BIC score: 113978.446251
Free parameters (model + branch lengths): 151

Best ML tree saved to: /home/hikoyu/analysis/Genome/SARS-CoV-2/phylogeny/RAxML-NG/DNA/univ/sep/SARS-CoV-2_200311.9.raxml.bestTree
All ML trees saved to: /home/hikoyu/analysis/Genome/SARS-CoV-2/phylogeny/RAxML-NG/DNA/univ/sep/SARS-CoV-2_200311.9.raxml.mlTrees
Optimized model saved to: /home/hikoyu/analysis/Genome/SARS-CoV-2/phylogeny/RAxML-NG/DNA/univ/sep/SARS-CoV-2_200311.9.raxml.bestModel

Execution log saved to: /home/hikoyu/analysis/Genome/SARS-CoV-2/phylogeny/RAxML-NG/DNA/univ/sep/SARS-CoV-2_200311.9.raxml.log

Analysis started: 11-Mar-2020 02:28:48 / finished: 11-Mar-2020 02:31:07

Elapsed time: 138.722 seconds

