
RAxML-NG v. 0.9.0 released on 20.05.2019 by The Exelixis Lab.
Developed by: Alexey M. Kozlov and Alexandros Stamatakis.
Contributors: Diego Darriba, Tomas Flouri, Benoit Morel, Sarah Lutteropp, Ben Bettisworth.
Latest version: https://github.com/amkozlov/raxml-ng
Questions/problems/suggestions? Please visit: https://groups.google.com/forum/#!forum/raxml

RAxML-NG was called at 21-Mar-2020 19:08:14 as follows:

raxml-ng --threads 1 --bootstrap --bs-trees 84 --seed 650811535 --prefix phylogeny/RAxML-NG/DNA/univ/sep/SARS-CoV-2_200320.1 --msa phylogeny/RAxML-NG/DNA/univ/sep/SARS-CoV-2_200320.raxml.rba --outgroup MG772933.1

Analysis options:
  run mode: Bootstrapping
  start tree(s): 
  bootstrap replicates: 84
  random seed: 650811535
  tip-inner: OFF
  pattern compression: ON
  per-rate scalers: OFF
  site repeats: ON
  branch lengths: proportional (ML estimate, algorithm: NR-FAST)
  SIMD kernels: AVX2
  parallelization: NONE/sequential

[00:00:00] Loading binary alignment from file: phylogeny/RAxML-NG/DNA/univ/sep/SARS-CoV-2_200320.raxml.rba
[00:00:00] Alignment comprises 78 taxa, 3 partitions and 324 patterns

Partition 0: p1
Model: GTR+FO+G4m+B
Alignment sites / patterns: 9716 / 88
Gaps: 0.06 %
Invariant sites: 92.95 %

Partition 1: p2
Model: HKY+FO+I+G4m+B
Alignment sites / patterns: 9716 / 104
Gaps: 0.06 %
Invariant sites: 96.25 %

Partition 2: p3
Model: GTR+FO+I+G4m+B
Alignment sites / patterns: 9716 / 132
Gaps: 0.06 %
Invariant sites: 68.17 %


[00:00:00] Data distribution: max. partitions/sites/weight per thread: 3 / 324 / 5184
[00:00:00] Starting bootstrapping analysis with 84 replicates.

[00:00:11] Bootstrap tree #1, logLikelihood: -56636.799096
[00:00:27] Bootstrap tree #2, logLikelihood: -56433.040867
[00:00:41] Bootstrap tree #3, logLikelihood: -56669.210349
[00:00:56] Bootstrap tree #4, logLikelihood: -56303.605557
[00:01:10] Bootstrap tree #5, logLikelihood: -56636.799708
[00:01:27] Bootstrap tree #6, logLikelihood: -56408.654855
[00:01:42] Bootstrap tree #7, logLikelihood: -56390.835398
[00:01:57] Bootstrap tree #8, logLikelihood: -56393.030415
[00:02:11] Bootstrap tree #9, logLikelihood: -56000.700455
[00:02:25] Bootstrap tree #10, logLikelihood: -56454.471820
[00:02:38] Bootstrap tree #11, logLikelihood: -56067.340578
[00:02:53] Bootstrap tree #12, logLikelihood: -56631.670693
[00:03:06] Bootstrap tree #13, logLikelihood: -56481.144501
[00:03:20] Bootstrap tree #14, logLikelihood: -56445.265947
[00:03:33] Bootstrap tree #15, logLikelihood: -56443.298323
[00:03:47] Bootstrap tree #16, logLikelihood: -56533.681935
[00:04:00] Bootstrap tree #17, logLikelihood: -56342.489146
[00:04:14] Bootstrap tree #18, logLikelihood: -56617.989431
[00:04:29] Bootstrap tree #19, logLikelihood: -56997.778544
[00:04:46] Bootstrap tree #20, logLikelihood: -56743.372718
[00:04:59] Bootstrap tree #21, logLikelihood: -56648.583514
[00:05:16] Bootstrap tree #22, logLikelihood: -56454.709963
[00:05:30] Bootstrap tree #23, logLikelihood: -56573.124549
[00:05:43] Bootstrap tree #24, logLikelihood: -56268.596810
[00:05:56] Bootstrap tree #25, logLikelihood: -56016.565762
[00:06:11] Bootstrap tree #26, logLikelihood: -56304.104119
[00:06:24] Bootstrap tree #27, logLikelihood: -56327.984356
[00:06:38] Bootstrap tree #28, logLikelihood: -56447.694455
[00:06:57] Bootstrap tree #29, logLikelihood: -56223.422379
[00:07:12] Bootstrap tree #30, logLikelihood: -56543.596916
[00:07:25] Bootstrap tree #31, logLikelihood: -56311.037122
[00:07:48] Bootstrap tree #32, logLikelihood: -56452.726746
[00:08:02] Bootstrap tree #33, logLikelihood: -55975.352827
[00:08:22] Bootstrap tree #34, logLikelihood: -56660.472202
[00:08:37] Bootstrap tree #35, logLikelihood: -55879.104449
[00:08:51] Bootstrap tree #36, logLikelihood: -56539.441802
[00:09:05] Bootstrap tree #37, logLikelihood: -56743.878360
[00:09:17] Bootstrap tree #38, logLikelihood: -56109.258682
[00:09:30] Bootstrap tree #39, logLikelihood: -56484.760033
[00:09:54] Bootstrap tree #40, logLikelihood: -56370.681339
[00:10:08] Bootstrap tree #41, logLikelihood: -56199.769229
[00:10:22] Bootstrap tree #42, logLikelihood: -56112.054215
[00:10:35] Bootstrap tree #43, logLikelihood: -56278.771325
[00:11:03] Bootstrap tree #44, logLikelihood: -56253.282113
[00:11:17] Bootstrap tree #45, logLikelihood: -56437.963424
[00:11:29] Bootstrap tree #46, logLikelihood: -56554.154776
[00:11:43] Bootstrap tree #47, logLikelihood: -56571.402829
[00:11:56] Bootstrap tree #48, logLikelihood: -56012.609567
[00:12:16] Bootstrap tree #49, logLikelihood: -56327.097197
[00:12:31] Bootstrap tree #50, logLikelihood: -56593.333978
[00:12:43] Bootstrap tree #51, logLikelihood: -56332.661258
[00:13:00] Bootstrap tree #52, logLikelihood: -56417.241313
[00:13:15] Bootstrap tree #53, logLikelihood: -56435.011133
[00:13:31] Bootstrap tree #54, logLikelihood: -56164.312765
[00:13:45] Bootstrap tree #55, logLikelihood: -56355.813480
[00:14:02] Bootstrap tree #56, logLikelihood: -56748.257000
[00:14:13] Bootstrap tree #57, logLikelihood: -56611.406802
[00:14:29] Bootstrap tree #58, logLikelihood: -56176.102360
[00:14:54] Bootstrap tree #59, logLikelihood: -56500.384619
[00:15:08] Bootstrap tree #60, logLikelihood: -56198.255466
[00:15:23] Bootstrap tree #61, logLikelihood: -56399.297957
[00:15:39] Bootstrap tree #62, logLikelihood: -56460.534149
[00:16:00] Bootstrap tree #63, logLikelihood: -56272.882965
[00:16:14] Bootstrap tree #64, logLikelihood: -56626.046748
[00:16:26] Bootstrap tree #65, logLikelihood: -56113.176046
[00:16:42] Bootstrap tree #66, logLikelihood: -56055.181623
[00:16:56] Bootstrap tree #67, logLikelihood: -56504.872143
[00:17:10] Bootstrap tree #68, logLikelihood: -56158.920880
[00:17:24] Bootstrap tree #69, logLikelihood: -56110.274504
[00:17:41] Bootstrap tree #70, logLikelihood: -56749.963142
[00:17:54] Bootstrap tree #71, logLikelihood: -56728.081904
[00:18:08] Bootstrap tree #72, logLikelihood: -56435.818173
[00:18:21] Bootstrap tree #73, logLikelihood: -56136.892687
[00:18:34] Bootstrap tree #74, logLikelihood: -56606.510954
[00:18:48] Bootstrap tree #75, logLikelihood: -56265.837304
[00:19:07] Bootstrap tree #76, logLikelihood: -56872.938252
[00:19:20] Bootstrap tree #77, logLikelihood: -56611.318623
[00:19:33] Bootstrap tree #78, logLikelihood: -56274.102553
[00:19:47] Bootstrap tree #79, logLikelihood: -56429.550439
[00:20:00] Bootstrap tree #80, logLikelihood: -56279.694889
[00:20:14] Bootstrap tree #81, logLikelihood: -56613.900361
[00:20:27] Bootstrap tree #82, logLikelihood: -56602.675739
[00:20:41] Bootstrap tree #83, logLikelihood: -56415.445782
[00:21:01] Bootstrap tree #84, logLikelihood: -56339.696340

Bootstrap trees saved to: /home/hikoyu/analysis/Genome/SARS-CoV-2/phylogeny/RAxML-NG/DNA/univ/sep/SARS-CoV-2_200320.1.raxml.bootstraps

Execution log saved to: /home/hikoyu/analysis/Genome/SARS-CoV-2/phylogeny/RAxML-NG/DNA/univ/sep/SARS-CoV-2_200320.1.raxml.log

Analysis started: 21-Mar-2020 19:08:14 / finished: 21-Mar-2020 19:29:16

Elapsed time: 1262.103 seconds

