
RAxML-NG v. 0.9.0 released on 20.05.2019 by The Exelixis Lab.
Developed by: Alexey M. Kozlov and Alexandros Stamatakis.
Contributors: Diego Darriba, Tomas Flouri, Benoit Morel, Sarah Lutteropp, Ben Bettisworth.
Latest version: https://github.com/amkozlov/raxml-ng
Questions/problems/suggestions? Please visit: https://groups.google.com/forum/#!forum/raxml

RAxML-NG was called at 01-Apr-2020 03:32:30 as follows:

raxml-ng --threads 1 --search --tree rand{8},pars{8} --seed 684880199 --prefix phylogeny/RAxML-NG/DNA/univ/sep/SARS-CoV-2_200331.4 --msa phylogeny/RAxML-NG/DNA/univ/sep/SARS-CoV-2_200331.raxml.rba --outgroup MG772933.1

Analysis options:
  run mode: ML tree search
  start tree(s): random (8) + parsimony (8)
  random seed: 684880199
  tip-inner: OFF
  pattern compression: ON
  per-rate scalers: OFF
  site repeats: ON
  fast spr radius: AUTO
  spr subtree cutoff: 1.000000
  branch lengths: proportional (ML estimate, algorithm: NR-FAST)
  SIMD kernels: AVX2
  parallelization: NONE/sequential

[00:00:00] Loading binary alignment from file: phylogeny/RAxML-NG/DNA/univ/sep/SARS-CoV-2_200331.raxml.rba
[00:00:00] Alignment comprises 117 taxa, 3 partitions and 390 patterns

Partition 0: p1
Model: TIM3+B
Alignment sites / patterns: 9716 / 106
Gaps: 0.06 %
Invariant sites: 92.72 %

Partition 1: p2
Model: HKY+FO+I+G4m+B
Alignment sites / patterns: 9716 / 124
Gaps: 0.06 %
Invariant sites: 96.06 %

Partition 2: p3
Model: TIM3+I+G4m+B
Alignment sites / patterns: 9716 / 160
Gaps: 0.06 %
Invariant sites: 67.98 %


[00:00:00] Generating 8 random starting tree(s) with 117 taxa
[00:00:00] Generating 8 parsimony starting tree(s) with 117 taxa
[00:00:00] Data distribution: max. partitions/sites/weight per thread: 3 / 390 / 4968

Starting ML tree search with 16 distinct starting trees

[00:00:00 -321994.455718] Initial branch length optimization
[00:00:00 -63490.012082] Model parameter optimization (eps = 10.000000)
[00:00:01 -61159.839126] AUTODETECT spr round 1 (radius: 5)
[00:00:02 -60284.764087] AUTODETECT spr round 2 (radius: 10)
[00:00:03 -59944.343916] AUTODETECT spr round 3 (radius: 15)
[00:00:04 -59643.621228] AUTODETECT spr round 4 (radius: 20)
[00:00:05 -59620.965344] AUTODETECT spr round 5 (radius: 25)
[00:00:06 -59620.962829] SPR radius for FAST iterations: 20 (autodetect)
[00:00:06 -59620.962829] Model parameter optimization (eps = 3.000000)
[00:00:08 -59257.263655] FAST spr round 1 (radius: 20)
[00:00:11 -59121.762248] FAST spr round 2 (radius: 20)
[00:00:13 -59121.757054] Model parameter optimization (eps = 1.000000)
[00:00:14 -59118.440114] SLOW spr round 1 (radius: 5)
[00:00:17 -59118.436449] SLOW spr round 2 (radius: 10)
[00:00:19 -59118.436429] SLOW spr round 3 (radius: 15)
[00:00:22 -59118.436429] SLOW spr round 4 (radius: 20)
[00:00:24 -59118.436429] SLOW spr round 5 (radius: 25)
[00:00:27 -59118.436429] Model parameter optimization (eps = 0.100000)

[00:00:27] ML tree search #1, logLikelihood: -59117.846263

[00:00:27 -322021.983249] Initial branch length optimization
[00:00:27 -63533.395741] Model parameter optimization (eps = 10.000000)
[00:00:29 -61150.130200] AUTODETECT spr round 1 (radius: 5)
[00:00:29 -60429.015238] AUTODETECT spr round 2 (radius: 10)
[00:00:31 -59972.625428] AUTODETECT spr round 3 (radius: 15)
[00:00:32 -59769.425859] AUTODETECT spr round 4 (radius: 20)
[00:00:33 -59768.901993] AUTODETECT spr round 5 (radius: 25)
[00:00:34 -59633.901542] SPR radius for FAST iterations: 25 (autodetect)
[00:00:34 -59633.901542] Model parameter optimization (eps = 3.000000)
[00:00:36 -59276.892209] FAST spr round 1 (radius: 25)
[00:00:40 -59123.346818] FAST spr round 2 (radius: 25)
[00:00:42 -59123.344826] Model parameter optimization (eps = 1.000000)
[00:00:43 -59118.198877] SLOW spr round 1 (radius: 5)
[00:00:46 -59118.194622] SLOW spr round 2 (radius: 10)
[00:00:49 -59118.194602] SLOW spr round 3 (radius: 15)
[00:00:52 -59118.194602] SLOW spr round 4 (radius: 20)
[00:00:55 -59118.194602] SLOW spr round 5 (radius: 25)
[00:00:57 -59118.194602] Model parameter optimization (eps = 0.100000)

[00:00:57] ML tree search #2, logLikelihood: -59117.811327

[00:00:57 -322025.249931] Initial branch length optimization
[00:00:58 -63556.184455] Model parameter optimization (eps = 10.000000)
[00:00:59 -61178.698863] AUTODETECT spr round 1 (radius: 5)
[00:01:00 -60240.236407] AUTODETECT spr round 2 (radius: 10)
[00:01:01 -59853.437438] AUTODETECT spr round 3 (radius: 15)
[00:01:02 -59718.189498] AUTODETECT spr round 4 (radius: 20)
[00:01:03 -59713.605334] AUTODETECT spr round 5 (radius: 25)
[00:01:04 -59713.603109] SPR radius for FAST iterations: 20 (autodetect)
[00:01:04 -59713.603109] Model parameter optimization (eps = 3.000000)
[00:01:06 -59409.044191] FAST spr round 1 (radius: 20)
[00:01:10 -59164.477416] FAST spr round 2 (radius: 20)
[00:01:13 -59164.340494] FAST spr round 3 (radius: 20)
[00:01:15 -59164.340316] Model parameter optimization (eps = 1.000000)
[00:01:17 -59118.735399] SLOW spr round 1 (radius: 5)
[00:01:19 -59118.730559] SLOW spr round 2 (radius: 10)
[00:01:23 -59118.512383] SLOW spr round 3 (radius: 5)
[00:01:26 -59118.512382] SLOW spr round 4 (radius: 10)
[00:01:29 -59118.512382] SLOW spr round 5 (radius: 15)
[00:01:32 -59118.512382] SLOW spr round 6 (radius: 20)
[00:01:34 -59118.512382] SLOW spr round 7 (radius: 25)
[00:01:37 -59118.512382] Model parameter optimization (eps = 0.100000)

[00:01:38] ML tree search #3, logLikelihood: -59117.805615

[00:01:38 -322000.403148] Initial branch length optimization
[00:01:38 -63453.073188] Model parameter optimization (eps = 10.000000)
[00:01:39 -61121.175421] AUTODETECT spr round 1 (radius: 5)
[00:01:40 -60370.932434] AUTODETECT spr round 2 (radius: 10)
[00:01:41 -59883.969928] AUTODETECT spr round 3 (radius: 15)
[00:01:43 -59664.518742] AUTODETECT spr round 4 (radius: 20)
[00:01:44 -59663.890307] AUTODETECT spr round 5 (radius: 25)
[00:01:45 -59663.866780] SPR radius for FAST iterations: 20 (autodetect)
[00:01:45 -59663.866780] Model parameter optimization (eps = 3.000000)
[00:01:47 -59313.422448] FAST spr round 1 (radius: 20)
[00:01:51 -59123.649059] FAST spr round 2 (radius: 20)
[00:01:53 -59123.644670] Model parameter optimization (eps = 1.000000)
[00:01:53 -59118.223091] SLOW spr round 1 (radius: 5)
[00:01:57 -59118.219888] SLOW spr round 2 (radius: 10)
[00:02:00 -59118.219867] SLOW spr round 3 (radius: 15)
[00:02:03 -59118.219867] SLOW spr round 4 (radius: 20)
[00:02:05 -59118.219867] SLOW spr round 5 (radius: 25)
[00:02:08 -59118.219867] Model parameter optimization (eps = 0.100000)

[00:02:08] ML tree search #4, logLikelihood: -59117.816583

[00:02:08 -322038.744658] Initial branch length optimization
[00:02:08 -63592.546367] Model parameter optimization (eps = 10.000000)
[00:02:10 -61200.882250] AUTODETECT spr round 1 (radius: 5)
[00:02:10 -60186.312516] AUTODETECT spr round 2 (radius: 10)
[00:02:11 -60036.171056] AUTODETECT spr round 3 (radius: 15)
[00:02:13 -59717.108517] AUTODETECT spr round 4 (radius: 20)
[00:02:14 -59618.498562] AUTODETECT spr round 5 (radius: 25)
[00:02:15 -59618.488060] SPR radius for FAST iterations: 20 (autodetect)
[00:02:15 -59618.488060] Model parameter optimization (eps = 3.000000)
[00:02:17 -59249.415062] FAST spr round 1 (radius: 20)
[00:02:21 -59122.075205] FAST spr round 2 (radius: 20)
[00:02:23 -59122.071989] Model parameter optimization (eps = 1.000000)
[00:02:24 -59118.639478] SLOW spr round 1 (radius: 5)
[00:02:27 -59118.633867] SLOW spr round 2 (radius: 10)
[00:02:30 -59118.633839] SLOW spr round 3 (radius: 15)
[00:02:32 -59118.633839] SLOW spr round 4 (radius: 20)
[00:02:35 -59118.633839] SLOW spr round 5 (radius: 25)
[00:02:38 -59118.633839] Model parameter optimization (eps = 0.100000)

[00:02:38] ML tree search #5, logLikelihood: -59117.814777

[00:02:38 -322023.247789] Initial branch length optimization
[00:02:38 -63521.098819] Model parameter optimization (eps = 10.000000)
[00:02:40 -61164.663898] AUTODETECT spr round 1 (radius: 5)
[00:02:40 -60292.710744] AUTODETECT spr round 2 (radius: 10)
[00:02:42 -59988.273414] AUTODETECT spr round 3 (radius: 15)
[00:02:43 -59647.251164] AUTODETECT spr round 4 (radius: 20)
[00:02:45 -59644.627126] AUTODETECT spr round 5 (radius: 25)
[00:02:45 -59644.594532] SPR radius for FAST iterations: 20 (autodetect)
[00:02:45 -59644.594532] Model parameter optimization (eps = 3.000000)
[00:02:47 -59285.228684] FAST spr round 1 (radius: 20)
[00:02:51 -59123.670819] FAST spr round 2 (radius: 20)
[00:02:53 -59123.134933] FAST spr round 3 (radius: 20)
[00:02:55 -59123.134933] Model parameter optimization (eps = 1.000000)
[00:02:56 -59118.239720] SLOW spr round 1 (radius: 5)
[00:02:59 -59118.235921] SLOW spr round 2 (radius: 10)
[00:03:02 -59118.235899] SLOW spr round 3 (radius: 15)
[00:03:04 -59118.235899] SLOW spr round 4 (radius: 20)
[00:03:06 -59118.235899] SLOW spr round 5 (radius: 25)
[00:03:10 -59118.235899] Model parameter optimization (eps = 0.100000)

[00:03:10] ML tree search #6, logLikelihood: -59117.818402

[00:03:10 -322019.988945] Initial branch length optimization
[00:03:10 -63534.288302] Model parameter optimization (eps = 10.000000)
[00:03:11 -61180.407141] AUTODETECT spr round 1 (radius: 5)
[00:03:12 -60429.964021] AUTODETECT spr round 2 (radius: 10)
[00:03:14 -59990.110697] AUTODETECT spr round 3 (radius: 15)
[00:03:15 -59845.570978] AUTODETECT spr round 4 (radius: 20)
[00:03:16 -59826.314812] AUTODETECT spr round 5 (radius: 25)
[00:03:17 -59823.522109] SPR radius for FAST iterations: 25 (autodetect)
[00:03:17 -59823.522109] Model parameter optimization (eps = 3.000000)
[00:03:19 -59516.836781] FAST spr round 1 (radius: 25)
[00:03:23 -59164.272822] FAST spr round 2 (radius: 25)
[00:03:26 -59164.259310] Model parameter optimization (eps = 1.000000)
[00:03:27 -59118.730249] SLOW spr round 1 (radius: 5)
[00:03:30 -59118.725711] SLOW spr round 2 (radius: 10)
[00:03:33 -59118.517912] SLOW spr round 3 (radius: 5)
[00:03:36 -59118.507710] SLOW spr round 4 (radius: 10)
[00:03:39 -59118.507710] SLOW spr round 5 (radius: 15)
[00:03:41 -59118.507710] SLOW spr round 6 (radius: 20)
[00:03:44 -59118.507710] SLOW spr round 7 (radius: 25)
[00:03:46 -59118.507710] Model parameter optimization (eps = 0.100000)

[00:03:47] ML tree search #7, logLikelihood: -59117.805219

[00:03:47 -321973.099938] Initial branch length optimization
[00:03:47 -63426.731511] Model parameter optimization (eps = 10.000000)
[00:03:48 -61114.122399] AUTODETECT spr round 1 (radius: 5)
[00:03:49 -60296.557011] AUTODETECT spr round 2 (radius: 10)
[00:03:50 -59830.245791] AUTODETECT spr round 3 (radius: 15)
[00:03:52 -59762.869598] AUTODETECT spr round 4 (radius: 20)
[00:03:53 -59762.588214] AUTODETECT spr round 5 (radius: 25)
[00:03:54 -59762.587700] SPR radius for FAST iterations: 20 (autodetect)
[00:03:54 -59762.587700] Model parameter optimization (eps = 3.000000)
[00:03:55 -59470.652984] FAST spr round 1 (radius: 20)
[00:03:59 -59168.917135] FAST spr round 2 (radius: 20)
[00:04:02 -59168.909685] Model parameter optimization (eps = 1.000000)
[00:04:03 -59120.663360] SLOW spr round 1 (radius: 5)
[00:04:06 -59119.517134] SLOW spr round 2 (radius: 5)
[00:04:09 -59119.517134] SLOW spr round 3 (radius: 10)
[00:04:12 -59119.502000] SLOW spr round 4 (radius: 15)
[00:04:14 -59118.546161] SLOW spr round 5 (radius: 5)
[00:04:18 -59118.546161] SLOW spr round 6 (radius: 10)
[00:04:21 -59118.546161] SLOW spr round 7 (radius: 15)
[00:04:24 -59118.546161] SLOW spr round 8 (radius: 20)
[00:04:27 -59118.546161] SLOW spr round 9 (radius: 25)
[00:04:29 -59118.546161] Model parameter optimization (eps = 0.100000)

[00:04:30] ML tree search #8, logLikelihood: -59117.807846

[00:04:30 -318540.420403] Initial branch length optimization
[00:04:30 -60816.608364] Model parameter optimization (eps = 10.000000)
[00:04:30 -59134.479410] AUTODETECT spr round 1 (radius: 5)
[00:04:31 -59120.250215] AUTODETECT spr round 2 (radius: 10)
[00:04:32 -59119.717000] AUTODETECT spr round 3 (radius: 15)
[00:04:33 -59119.717000] SPR radius for FAST iterations: 10 (autodetect)
[00:04:33 -59119.717000] Model parameter optimization (eps = 3.000000)
[00:04:33 -59118.734667] FAST spr round 1 (radius: 10)
[00:04:35 -59118.727779] Model parameter optimization (eps = 1.000000)
[00:04:35 -59118.276014] SLOW spr round 1 (radius: 5)
[00:04:38 -59118.272026] SLOW spr round 2 (radius: 10)
[00:04:40 -59118.272014] SLOW spr round 3 (radius: 15)
[00:04:42 -59118.272014] SLOW spr round 4 (radius: 20)
[00:04:45 -59118.272014] SLOW spr round 5 (radius: 25)
[00:04:47 -59118.272014] Model parameter optimization (eps = 0.100000)

[00:04:47] ML tree search #9, logLikelihood: -59117.848824

[00:04:47 -318534.927586] Initial branch length optimization
[00:04:48 -60803.315838] Model parameter optimization (eps = 10.000000)
[00:04:48 -59123.933862] AUTODETECT spr round 1 (radius: 5)
[00:04:49 -59123.871083] SPR radius for FAST iterations: 5 (autodetect)
[00:04:49 -59123.871083] Model parameter optimization (eps = 3.000000)
[00:04:49 -59122.917679] FAST spr round 1 (radius: 5)
[00:04:50 -59122.911451] Model parameter optimization (eps = 1.000000)
[00:04:50 -59122.461656] SLOW spr round 1 (radius: 5)
[00:04:53 -59122.446952] SLOW spr round 2 (radius: 10)
[00:04:56 -59118.240208] SLOW spr round 3 (radius: 5)
[00:04:58 -59118.239397] SLOW spr round 4 (radius: 10)
[00:05:01 -59118.239397] SLOW spr round 5 (radius: 15)
[00:05:03 -59118.224267] SLOW spr round 6 (radius: 20)
[00:05:05 -59118.224267] SLOW spr round 7 (radius: 25)
[00:05:07 -59118.224267] Model parameter optimization (eps = 0.100000)

[00:05:07] ML tree search #10, logLikelihood: -59117.828528

[00:05:07 -318534.871590] Initial branch length optimization
[00:05:08 -60801.015419] Model parameter optimization (eps = 10.000000)
[00:05:08 -59121.601419] AUTODETECT spr round 1 (radius: 5)
[00:05:09 -59120.933031] AUTODETECT spr round 2 (radius: 10)
[00:05:10 -59120.120204] AUTODETECT spr round 3 (radius: 15)
[00:05:11 -59119.651416] AUTODETECT spr round 4 (radius: 20)
[00:05:12 -59119.651416] SPR radius for FAST iterations: 15 (autodetect)
[00:05:12 -59119.651416] Model parameter optimization (eps = 3.000000)
[00:05:12 -59118.701435] FAST spr round 1 (radius: 15)
[00:05:14 -59118.694807] Model parameter optimization (eps = 1.000000)
[00:05:15 -59118.244861] SLOW spr round 1 (radius: 5)
[00:05:17 -59118.240352] SLOW spr round 2 (radius: 10)
[00:05:20 -59118.240341] SLOW spr round 3 (radius: 15)
[00:05:22 -59118.240341] SLOW spr round 4 (radius: 20)
[00:05:24 -59118.240341] SLOW spr round 5 (radius: 25)
[00:05:26 -59118.240341] Model parameter optimization (eps = 0.100000)

[00:05:27] ML tree search #11, logLikelihood: -59117.843716

[00:05:27 -318534.642934] Initial branch length optimization
[00:05:27 -60801.143620] Model parameter optimization (eps = 10.000000)
[00:05:28 -59122.424954] AUTODETECT spr round 1 (radius: 5)
[00:05:29 -59121.792680] AUTODETECT spr round 2 (radius: 10)
[00:05:30 -59119.667827] AUTODETECT spr round 3 (radius: 15)
[00:05:31 -59119.605567] SPR radius for FAST iterations: 10 (autodetect)
[00:05:31 -59119.605567] Model parameter optimization (eps = 3.000000)
[00:05:31 -59118.661405] FAST spr round 1 (radius: 10)
[00:05:33 -59118.655683] Model parameter optimization (eps = 1.000000)
[00:05:33 -59118.223734] SLOW spr round 1 (radius: 5)
[00:05:36 -59118.218517] SLOW spr round 2 (radius: 10)
[00:05:39 -59118.218506] SLOW spr round 3 (radius: 15)
[00:05:41 -59118.218506] SLOW spr round 4 (radius: 20)
[00:05:43 -59118.218506] SLOW spr round 5 (radius: 25)
[00:05:46 -59118.218506] Model parameter optimization (eps = 0.100000)

[00:05:46] ML tree search #12, logLikelihood: -59117.840567

[00:05:46 -318540.133337] Initial branch length optimization
[00:05:46 -60801.962190] Model parameter optimization (eps = 10.000000)
[00:05:47 -59123.222230] AUTODETECT spr round 1 (radius: 5)
[00:05:48 -59122.593220] AUTODETECT spr round 2 (radius: 10)
[00:05:48 -59120.317366] AUTODETECT spr round 3 (radius: 15)
[00:05:50 -59119.671297] AUTODETECT spr round 4 (radius: 20)
[00:05:51 -59119.671194] SPR radius for FAST iterations: 15 (autodetect)
[00:05:51 -59119.671194] Model parameter optimization (eps = 3.000000)
[00:05:51 -59118.696449] FAST spr round 1 (radius: 15)
[00:05:53 -59118.691992] Model parameter optimization (eps = 1.000000)
[00:05:53 -59118.244149] SLOW spr round 1 (radius: 5)
[00:05:56 -59118.237466] SLOW spr round 2 (radius: 10)
[00:05:59 -59118.237461] SLOW spr round 3 (radius: 15)
[00:06:02 -59118.222328] SLOW spr round 4 (radius: 20)
[00:06:04 -59118.222328] SLOW spr round 5 (radius: 25)
[00:06:07 -59118.222328] Model parameter optimization (eps = 0.100000)

[00:06:07] ML tree search #13, logLikelihood: -59117.826946

[00:06:07 -318540.141664] Initial branch length optimization
[00:06:07 -60802.097083] Model parameter optimization (eps = 10.000000)
[00:06:08 -59123.215645] AUTODETECT spr round 1 (radius: 5)
[00:06:09 -59122.586372] AUTODETECT spr round 2 (radius: 10)
[00:06:10 -59119.726150] AUTODETECT spr round 3 (radius: 15)
[00:06:11 -59119.673964] SPR radius for FAST iterations: 10 (autodetect)
[00:06:11 -59119.673964] Model parameter optimization (eps = 3.000000)
[00:06:11 -59118.703259] FAST spr round 1 (radius: 10)
[00:06:12 -59118.698743] Model parameter optimization (eps = 1.000000)
[00:06:13 -59118.252254] SLOW spr round 1 (radius: 5)
[00:06:15 -59118.235348] SLOW spr round 2 (radius: 10)
[00:06:18 -59118.235343] SLOW spr round 3 (radius: 15)
[00:06:20 -59118.235343] SLOW spr round 4 (radius: 20)
[00:06:22 -59118.235343] SLOW spr round 5 (radius: 25)
[00:06:24 -59118.235343] Model parameter optimization (eps = 0.100000)

[00:06:25] ML tree search #14, logLikelihood: -59117.841609

[00:06:25 -318535.348429] Initial branch length optimization
[00:06:25 -60805.962740] Model parameter optimization (eps = 10.000000)
[00:06:25 -59125.227525] AUTODETECT spr round 1 (radius: 5)
[00:06:26 -59121.004366] AUTODETECT spr round 2 (radius: 10)
[00:06:27 -59121.004310] SPR radius for FAST iterations: 5 (autodetect)
[00:06:27 -59121.004310] Model parameter optimization (eps = 3.000000)
[00:06:27 -59120.028511] FAST spr round 1 (radius: 5)
[00:06:28 -59120.021358] Model parameter optimization (eps = 1.000000)
[00:06:28 -59119.574022] SLOW spr round 1 (radius: 5)
[00:06:31 -59119.570032] SLOW spr round 2 (radius: 10)
[00:06:34 -59119.570020] SLOW spr round 3 (radius: 15)
[00:06:36 -59118.253015] SLOW spr round 4 (radius: 5)
[00:06:39 -59118.252746] SLOW spr round 5 (radius: 10)
[00:06:41 -59118.252746] SLOW spr round 6 (radius: 15)
[00:06:44 -59118.252746] SLOW spr round 7 (radius: 20)
[00:06:46 -59118.252746] SLOW spr round 8 (radius: 25)
[00:06:48 -59118.252746] Model parameter optimization (eps = 0.100000)

[00:06:48] ML tree search #15, logLikelihood: -59117.834936

[00:06:48 -318534.664127] Initial branch length optimization
[00:06:48 -60801.151895] Model parameter optimization (eps = 10.000000)
[00:06:49 -59122.424179] AUTODETECT spr round 1 (radius: 5)
[00:06:50 -59122.348806] SPR radius for FAST iterations: 5 (autodetect)
[00:06:50 -59122.348806] Model parameter optimization (eps = 3.000000)
[00:06:50 -59121.370289] FAST spr round 1 (radius: 5)
[00:06:51 -59120.758644] FAST spr round 2 (radius: 5)
[00:06:52 -59120.758622] Model parameter optimization (eps = 1.000000)
[00:06:52 -59120.324481] SLOW spr round 1 (radius: 5)
[00:06:55 -59120.320759] SLOW spr round 2 (radius: 10)
[00:06:57 -59119.354610] SLOW spr round 3 (radius: 5)
[00:07:00 -59119.353806] SLOW spr round 4 (radius: 10)
[00:07:03 -59119.353806] SLOW spr round 5 (radius: 15)
[00:07:05 -59118.252317] SLOW spr round 6 (radius: 5)
[00:07:08 -59118.252317] SLOW spr round 7 (radius: 10)
[00:07:11 -59118.252317] SLOW spr round 8 (radius: 15)
[00:07:13 -59118.252317] SLOW spr round 9 (radius: 20)
[00:07:15 -59118.252317] SLOW spr round 10 (radius: 25)
[00:07:18 -59118.252317] Model parameter optimization (eps = 0.100000)

[00:07:18] ML tree search #16, logLikelihood: -59117.834655



Final LogLikelihood: -59117.805219

AIC score: 118729.610438 / AICc score: 118733.849607 / BIC score: 120774.805408
Free parameters (model + branch lengths): 247

Best ML tree saved to: /home/hikoyu/analysis/Genome/SARS-CoV-2/phylogeny/RAxML-NG/DNA/univ/sep/SARS-CoV-2_200331.4.raxml.bestTree
All ML trees saved to: /home/hikoyu/analysis/Genome/SARS-CoV-2/phylogeny/RAxML-NG/DNA/univ/sep/SARS-CoV-2_200331.4.raxml.mlTrees
Optimized model saved to: /home/hikoyu/analysis/Genome/SARS-CoV-2/phylogeny/RAxML-NG/DNA/univ/sep/SARS-CoV-2_200331.4.raxml.bestModel

Execution log saved to: /home/hikoyu/analysis/Genome/SARS-CoV-2/phylogeny/RAxML-NG/DNA/univ/sep/SARS-CoV-2_200331.4.raxml.log

Analysis started: 01-Apr-2020 03:32:30 / finished: 01-Apr-2020 03:39:49

Elapsed time: 438.974 seconds

