
RAxML-NG v. 0.9.0 released on 20.05.2019 by The Exelixis Lab.
Developed by: Alexey M. Kozlov and Alexandros Stamatakis.
Contributors: Diego Darriba, Tomas Flouri, Benoit Morel, Sarah Lutteropp, Ben Bettisworth.
Latest version: https://github.com/amkozlov/raxml-ng
Questions/problems/suggestions? Please visit: https://groups.google.com/forum/#!forum/raxml

RAxML-NG was called at 16-Mar-2020 03:14:27 as follows:

raxml-ng --threads 1 --bootstrap --bs-trees 83 --seed 208989470 --prefix phylogeny/RAxML-NG/DNA/univ/sep/SARS-CoV-2_200314.8 --msa phylogeny/RAxML-NG/DNA/univ/sep/SARS-CoV-2_200314.raxml.rba --outgroup MG772933.1

Analysis options:
  run mode: Bootstrapping
  start tree(s): 
  bootstrap replicates: 83
  random seed: 208989470
  tip-inner: OFF
  pattern compression: ON
  per-rate scalers: OFF
  site repeats: ON
  branch lengths: proportional (ML estimate, algorithm: NR-FAST)
  SIMD kernels: AVX2
  parallelization: NONE/sequential

[00:00:00] Loading binary alignment from file: phylogeny/RAxML-NG/DNA/univ/sep/SARS-CoV-2_200314.raxml.rba
[00:00:00] Alignment comprises 89 taxa, 3 partitions and 329 patterns

Partition 0: p1
Model: GTR+FO+G4m+B
Alignment sites / patterns: 9715 / 88
Gaps: 0.05 %
Invariant sites: 92.95 %

Partition 1: p2
Model: HKY+FO+I+G4m+B
Alignment sites / patterns: 9715 / 106
Gaps: 0.05 %
Invariant sites: 96.24 %

Partition 2: p3
Model: GTR+FO+I+G4m+B
Alignment sites / patterns: 9715 / 135
Gaps: 0.05 %
Invariant sites: 68.14 %


[00:00:00] Data distribution: max. partitions/sites/weight per thread: 3 / 329 / 5264
[00:00:00] Starting bootstrapping analysis with 83 replicates.

[00:00:18] Bootstrap tree #1, logLikelihood: -56444.408680
[00:00:35] Bootstrap tree #2, logLikelihood: -56579.671644
[00:00:51] Bootstrap tree #3, logLikelihood: -55942.362865
[00:01:08] Bootstrap tree #4, logLikelihood: -56386.890453
[00:01:26] Bootstrap tree #5, logLikelihood: -55942.547769
[00:01:44] Bootstrap tree #6, logLikelihood: -56445.592121
[00:02:00] Bootstrap tree #7, logLikelihood: -56301.625159
[00:02:17] Bootstrap tree #8, logLikelihood: -56665.715575
[00:02:34] Bootstrap tree #9, logLikelihood: -56250.601721
[00:02:51] Bootstrap tree #10, logLikelihood: -55820.711454
[00:03:07] Bootstrap tree #11, logLikelihood: -56415.165443
[00:03:24] Bootstrap tree #12, logLikelihood: -56530.518676
[00:03:44] Bootstrap tree #13, logLikelihood: -56935.553885
[00:03:59] Bootstrap tree #14, logLikelihood: -56644.151453
[00:04:16] Bootstrap tree #15, logLikelihood: -56378.593216
[00:04:33] Bootstrap tree #16, logLikelihood: -56596.003299
[00:04:57] Bootstrap tree #17, logLikelihood: -56107.404004
[00:05:17] Bootstrap tree #18, logLikelihood: -56469.484030
[00:05:37] Bootstrap tree #19, logLikelihood: -56074.370033
[00:05:56] Bootstrap tree #20, logLikelihood: -56452.621334
[00:06:19] Bootstrap tree #21, logLikelihood: -56759.155519
[00:06:38] Bootstrap tree #22, logLikelihood: -56448.274833
[00:06:55] Bootstrap tree #23, logLikelihood: -56513.419656
[00:07:13] Bootstrap tree #24, logLikelihood: -56861.041179
[00:07:28] Bootstrap tree #25, logLikelihood: -56199.465023
[00:07:45] Bootstrap tree #26, logLikelihood: -56267.171790
[00:08:02] Bootstrap tree #27, logLikelihood: -56829.056584
[00:08:17] Bootstrap tree #28, logLikelihood: -56119.475549
[00:08:33] Bootstrap tree #29, logLikelihood: -56408.995634
[00:08:56] Bootstrap tree #30, logLikelihood: -56583.493365
[00:09:13] Bootstrap tree #31, logLikelihood: -56959.989799
[00:09:31] Bootstrap tree #32, logLikelihood: -57049.723831
[00:09:49] Bootstrap tree #33, logLikelihood: -56594.109969
[00:10:05] Bootstrap tree #34, logLikelihood: -56629.827747
[00:10:21] Bootstrap tree #35, logLikelihood: -56712.714984
[00:10:38] Bootstrap tree #36, logLikelihood: -56471.669665
[00:10:54] Bootstrap tree #37, logLikelihood: -56533.428457
[00:11:10] Bootstrap tree #38, logLikelihood: -56390.614759
[00:11:26] Bootstrap tree #39, logLikelihood: -56385.587178
[00:11:42] Bootstrap tree #40, logLikelihood: -56775.149066
[00:12:00] Bootstrap tree #41, logLikelihood: -56530.046431
[00:12:16] Bootstrap tree #42, logLikelihood: -56155.162589
[00:12:33] Bootstrap tree #43, logLikelihood: -56117.851500
[00:12:50] Bootstrap tree #44, logLikelihood: -56402.223091
[00:13:07] Bootstrap tree #45, logLikelihood: -56323.705840
[00:13:32] Bootstrap tree #46, logLikelihood: -56744.934682
[00:13:54] Bootstrap tree #47, logLikelihood: -56664.700379
[00:14:10] Bootstrap tree #48, logLikelihood: -56679.141543
[00:14:32] Bootstrap tree #49, logLikelihood: -56330.254682
[00:14:48] Bootstrap tree #50, logLikelihood: -56443.266335
[00:15:06] Bootstrap tree #51, logLikelihood: -56155.625697
[00:15:24] Bootstrap tree #52, logLikelihood: -56200.956953
[00:15:40] Bootstrap tree #53, logLikelihood: -56761.226079
[00:15:58] Bootstrap tree #54, logLikelihood: -56581.753362
[00:16:15] Bootstrap tree #55, logLikelihood: -56229.514756
[00:16:32] Bootstrap tree #56, logLikelihood: -56302.482810
[00:16:49] Bootstrap tree #57, logLikelihood: -57105.908269
[00:17:08] Bootstrap tree #58, logLikelihood: -56770.944749
[00:17:33] Bootstrap tree #59, logLikelihood: -56620.105355
[00:17:50] Bootstrap tree #60, logLikelihood: -56045.499972
[00:18:14] Bootstrap tree #61, logLikelihood: -56222.492097
[00:18:31] Bootstrap tree #62, logLikelihood: -56440.503599
[00:18:48] Bootstrap tree #63, logLikelihood: -56233.311601
[00:19:11] Bootstrap tree #64, logLikelihood: -56476.618756
[00:19:28] Bootstrap tree #65, logLikelihood: -56305.380111
[00:19:46] Bootstrap tree #66, logLikelihood: -56474.072847
[00:20:03] Bootstrap tree #67, logLikelihood: -56298.719044
[00:20:22] Bootstrap tree #68, logLikelihood: -56254.335365
[00:20:41] Bootstrap tree #69, logLikelihood: -56429.003232
[00:20:58] Bootstrap tree #70, logLikelihood: -56702.750238
[00:21:15] Bootstrap tree #71, logLikelihood: -56281.712318
[00:21:32] Bootstrap tree #72, logLikelihood: -56362.428366
[00:21:50] Bootstrap tree #73, logLikelihood: -56751.822507
[00:22:17] Bootstrap tree #74, logLikelihood: -56572.641619
[00:22:34] Bootstrap tree #75, logLikelihood: -56295.131860
[00:22:57] Bootstrap tree #76, logLikelihood: -56680.650170
[00:23:13] Bootstrap tree #77, logLikelihood: -56700.731915
[00:23:31] Bootstrap tree #78, logLikelihood: -56505.970909
[00:23:48] Bootstrap tree #79, logLikelihood: -56641.190096
[00:24:05] Bootstrap tree #80, logLikelihood: -56426.984703
[00:24:31] Bootstrap tree #81, logLikelihood: -55912.315809
[00:24:50] Bootstrap tree #82, logLikelihood: -56438.835800
[00:25:08] Bootstrap tree #83, logLikelihood: -56456.508859

Bootstrap trees saved to: /home/hikoyu/analysis/Genome/SARS-CoV-2/phylogeny/RAxML-NG/DNA/univ/sep/SARS-CoV-2_200314.8.raxml.bootstraps

Execution log saved to: /home/hikoyu/analysis/Genome/SARS-CoV-2/phylogeny/RAxML-NG/DNA/univ/sep/SARS-CoV-2_200314.8.raxml.log

Analysis started: 16-Mar-2020 03:14:27 / finished: 16-Mar-2020 03:39:36

Elapsed time: 1508.951 seconds

