
RAxML-NG v. 0.9.0 released on 20.05.2019 by The Exelixis Lab.
Developed by: Alexey M. Kozlov and Alexandros Stamatakis.
Contributors: Diego Darriba, Tomas Flouri, Benoit Morel, Sarah Lutteropp, Ben Bettisworth.
Latest version: https://github.com/amkozlov/raxml-ng
Questions/problems/suggestions? Please visit: https://groups.google.com/forum/#!forum/raxml

RAxML-NG was called at 11-Mar-2020 02:42:26 as follows:

raxml-ng --threads 1 --bootstrap --bs-trees 83 --seed 1009786178 --prefix phylogeny/RAxML-NG/DNA/univ/sep/SARS-CoV-2_200311.5 --msa phylogeny/RAxML-NG/DNA/univ/sep/SARS-CoV-2_200311.raxml.rba --outgroup MG772933.1

Analysis options:
  run mode: Bootstrapping
  start tree(s): 
  bootstrap replicates: 83
  random seed: 1009786178
  tip-inner: OFF
  pattern compression: ON
  per-rate scalers: OFF
  site repeats: ON
  branch lengths: proportional (ML estimate, algorithm: NR-FAST)
  SIMD kernels: AVX2
  parallelization: NONE/sequential

[00:00:00] Loading binary alignment from file: phylogeny/RAxML-NG/DNA/univ/sep/SARS-CoV-2_200311.raxml.rba
[00:00:00] Alignment comprises 64 taxa, 3 partitions and 298 patterns

Partition 0: p1
Model: GTR+FO+G4m+B
Alignment sites / patterns: 9715 / 79
Gaps: 0.05 %
Invariant sites: 93.02 %

Partition 1: p2
Model: HKY+FO+I+B
Alignment sites / patterns: 9715 / 98
Gaps: 0.05 %
Invariant sites: 96.29 %

Partition 2: p3
Model: GTR+FO+I+G4m+B
Alignment sites / patterns: 9715 / 121
Gaps: 0.05 %
Invariant sites: 68.22 %


[00:00:00] Data distribution: max. partitions/sites/weight per thread: 3 / 298 / 3592
[00:00:00] Starting bootstrapping analysis with 83 replicates.

[00:00:07] Bootstrap tree #1, logLikelihood: -55745.239099
[00:00:17] Bootstrap tree #2, logLikelihood: -56273.308323
[00:00:25] Bootstrap tree #3, logLikelihood: -56429.286318
[00:00:34] Bootstrap tree #4, logLikelihood: -55942.914320
[00:00:42] Bootstrap tree #5, logLikelihood: -56202.364107
[00:00:52] Bootstrap tree #6, logLikelihood: -56220.157369
[00:00:59] Bootstrap tree #7, logLikelihood: -56120.727954
[00:01:08] Bootstrap tree #8, logLikelihood: -56234.211617
[00:01:20] Bootstrap tree #9, logLikelihood: -56004.541911
[00:01:28] Bootstrap tree #10, logLikelihood: -56009.376650
[00:01:36] Bootstrap tree #11, logLikelihood: -56140.495924
[00:01:44] Bootstrap tree #12, logLikelihood: -55830.302620
[00:01:51] Bootstrap tree #13, logLikelihood: -55813.165601
[00:01:59] Bootstrap tree #14, logLikelihood: -55988.962774
[00:02:07] Bootstrap tree #15, logLikelihood: -55924.138483
[00:02:16] Bootstrap tree #16, logLikelihood: -55993.843452
[00:02:24] Bootstrap tree #17, logLikelihood: -56471.108004
[00:02:33] Bootstrap tree #18, logLikelihood: -55669.512636
[00:02:40] Bootstrap tree #19, logLikelihood: -56281.722530
[00:02:48] Bootstrap tree #20, logLikelihood: -56230.554660
[00:02:55] Bootstrap tree #21, logLikelihood: -55935.900404
[00:03:06] Bootstrap tree #22, logLikelihood: -56106.560761
[00:03:14] Bootstrap tree #23, logLikelihood: -56593.593499
[00:03:21] Bootstrap tree #24, logLikelihood: -56046.279339
[00:03:28] Bootstrap tree #25, logLikelihood: -55730.204785
[00:03:36] Bootstrap tree #26, logLikelihood: -56070.824369
[00:03:45] Bootstrap tree #27, logLikelihood: -56600.504062
[00:03:53] Bootstrap tree #28, logLikelihood: -56297.409647
[00:04:00] Bootstrap tree #29, logLikelihood: -56038.228340
[00:04:08] Bootstrap tree #30, logLikelihood: -56173.581393
[00:04:15] Bootstrap tree #31, logLikelihood: -56204.233683
[00:04:23] Bootstrap tree #32, logLikelihood: -56713.398693
[00:04:31] Bootstrap tree #33, logLikelihood: -56209.063272
[00:04:39] Bootstrap tree #34, logLikelihood: -56498.638470
[00:04:47] Bootstrap tree #35, logLikelihood: -56282.654920
[00:04:55] Bootstrap tree #36, logLikelihood: -56110.127378
[00:05:02] Bootstrap tree #37, logLikelihood: -56181.270330
[00:05:13] Bootstrap tree #38, logLikelihood: -55620.962953
[00:05:26] Bootstrap tree #39, logLikelihood: -56301.622156
[00:05:33] Bootstrap tree #40, logLikelihood: -56310.357211
[00:05:45] Bootstrap tree #41, logLikelihood: -55944.791983
[00:05:53] Bootstrap tree #42, logLikelihood: -56637.038155
[00:06:02] Bootstrap tree #43, logLikelihood: -56280.764759
[00:06:10] Bootstrap tree #44, logLikelihood: -56081.820485
[00:06:19] Bootstrap tree #45, logLikelihood: -56256.587914
[00:06:30] Bootstrap tree #46, logLikelihood: -56058.362109
[00:06:38] Bootstrap tree #47, logLikelihood: -56455.484323
[00:06:46] Bootstrap tree #48, logLikelihood: -56403.728201
[00:06:55] Bootstrap tree #49, logLikelihood: -56331.173860
[00:07:03] Bootstrap tree #50, logLikelihood: -56152.141349
[00:07:11] Bootstrap tree #51, logLikelihood: -56094.087845
[00:07:18] Bootstrap tree #52, logLikelihood: -55962.359018
[00:07:26] Bootstrap tree #53, logLikelihood: -55954.109649
[00:07:33] Bootstrap tree #54, logLikelihood: -56069.158485
[00:07:41] Bootstrap tree #55, logLikelihood: -56231.331633
[00:07:49] Bootstrap tree #56, logLikelihood: -56470.219049
[00:07:57] Bootstrap tree #57, logLikelihood: -56788.051790
[00:08:05] Bootstrap tree #58, logLikelihood: -56375.390222
[00:08:15] Bootstrap tree #59, logLikelihood: -56410.852750
[00:08:23] Bootstrap tree #60, logLikelihood: -55916.390657
[00:08:33] Bootstrap tree #61, logLikelihood: -56554.685210
[00:08:41] Bootstrap tree #62, logLikelihood: -55563.097074
[00:08:49] Bootstrap tree #63, logLikelihood: -56140.052152
[00:08:56] Bootstrap tree #64, logLikelihood: -56010.833834
[00:09:03] Bootstrap tree #65, logLikelihood: -56135.211390
[00:09:10] Bootstrap tree #66, logLikelihood: -56306.412174
[00:09:19] Bootstrap tree #67, logLikelihood: -56355.083962
[00:09:28] Bootstrap tree #68, logLikelihood: -56334.006557
[00:09:35] Bootstrap tree #69, logLikelihood: -56284.340122
[00:09:43] Bootstrap tree #70, logLikelihood: -56305.581897
[00:09:52] Bootstrap tree #71, logLikelihood: -56449.873311
[00:10:00] Bootstrap tree #72, logLikelihood: -56296.402026
[00:10:08] Bootstrap tree #73, logLikelihood: -56146.475325
[00:10:16] Bootstrap tree #74, logLikelihood: -56216.505388
[00:10:24] Bootstrap tree #75, logLikelihood: -56478.437403
[00:10:32] Bootstrap tree #76, logLikelihood: -55943.540622
[00:10:40] Bootstrap tree #77, logLikelihood: -56403.954801
[00:10:47] Bootstrap tree #78, logLikelihood: -56146.645650
[00:10:54] Bootstrap tree #79, logLikelihood: -56112.643976
[00:11:02] Bootstrap tree #80, logLikelihood: -56268.854367
[00:11:10] Bootstrap tree #81, logLikelihood: -56252.566937
[00:11:17] Bootstrap tree #82, logLikelihood: -56366.213955
[00:11:25] Bootstrap tree #83, logLikelihood: -55950.344286

Bootstrap trees saved to: /home/hikoyu/analysis/Genome/SARS-CoV-2/phylogeny/RAxML-NG/DNA/univ/sep/SARS-CoV-2_200311.5.raxml.bootstraps

Execution log saved to: /home/hikoyu/analysis/Genome/SARS-CoV-2/phylogeny/RAxML-NG/DNA/univ/sep/SARS-CoV-2_200311.5.raxml.log

Analysis started: 11-Mar-2020 02:42:26 / finished: 11-Mar-2020 02:53:51

Elapsed time: 685.813 seconds

