
RAxML-NG v. 0.9.0 released on 20.05.2019 by The Exelixis Lab.
Developed by: Alexey M. Kozlov and Alexandros Stamatakis.
Contributors: Diego Darriba, Tomas Flouri, Benoit Morel, Sarah Lutteropp, Ben Bettisworth.
Latest version: https://github.com/amkozlov/raxml-ng
Questions/problems/suggestions? Please visit: https://groups.google.com/forum/#!forum/raxml

RAxML-NG was called at 01-Apr-2020 03:24:40 as follows:

raxml-ng --threads 1 --search --tree rand{9},pars{9} --seed 3754071033 --prefix phylogeny/RAxML-NG/DNA/univ/sep/SARS-CoV-2_200331.1 --msa phylogeny/RAxML-NG/DNA/univ/sep/SARS-CoV-2_200331.raxml.rba --outgroup MG772933.1

Analysis options:
  run mode: ML tree search
  start tree(s): random (9) + parsimony (9)
  random seed: 3754071033
  tip-inner: OFF
  pattern compression: ON
  per-rate scalers: OFF
  site repeats: ON
  fast spr radius: AUTO
  spr subtree cutoff: 1.000000
  branch lengths: proportional (ML estimate, algorithm: NR-FAST)
  SIMD kernels: AVX2
  parallelization: NONE/sequential

[00:00:00] Loading binary alignment from file: phylogeny/RAxML-NG/DNA/univ/sep/SARS-CoV-2_200331.raxml.rba
[00:00:00] Alignment comprises 117 taxa, 3 partitions and 390 patterns

Partition 0: p1
Model: TIM3+B
Alignment sites / patterns: 9716 / 106
Gaps: 0.06 %
Invariant sites: 92.72 %

Partition 1: p2
Model: HKY+FO+I+G4m+B
Alignment sites / patterns: 9716 / 124
Gaps: 0.06 %
Invariant sites: 96.06 %

Partition 2: p3
Model: TIM3+I+G4m+B
Alignment sites / patterns: 9716 / 160
Gaps: 0.06 %
Invariant sites: 67.98 %


[00:00:00] Generating 9 random starting tree(s) with 117 taxa
[00:00:00] Generating 9 parsimony starting tree(s) with 117 taxa
[00:00:00] Data distribution: max. partitions/sites/weight per thread: 3 / 390 / 4968

Starting ML tree search with 18 distinct starting trees

[00:00:00 -322022.760031] Initial branch length optimization
[00:00:00 -63562.606001] Model parameter optimization (eps = 10.000000)
[00:00:01 -61177.154663] AUTODETECT spr round 1 (radius: 5)
[00:00:02 -60292.789856] AUTODETECT spr round 2 (radius: 10)
[00:00:03 -59807.053177] AUTODETECT spr round 3 (radius: 15)
[00:00:05 -59612.320690] AUTODETECT spr round 4 (radius: 20)
[00:00:06 -59610.404953] AUTODETECT spr round 5 (radius: 25)
[00:00:07 -59610.398839] SPR radius for FAST iterations: 20 (autodetect)
[00:00:07 -59610.398839] Model parameter optimization (eps = 3.000000)
[00:00:09 -59240.537279] FAST spr round 1 (radius: 20)
[00:00:12 -59122.239514] FAST spr round 2 (radius: 20)
[00:00:14 -59121.105197] FAST spr round 3 (radius: 20)
[00:00:16 -59121.105197] Model parameter optimization (eps = 1.000000)
[00:00:16 -59118.419949] SLOW spr round 1 (radius: 5)
[00:00:19 -59118.404991] SLOW spr round 2 (radius: 10)
[00:00:22 -59118.404970] SLOW spr round 3 (radius: 15)
[00:00:24 -59118.404970] SLOW spr round 4 (radius: 20)
[00:00:27 -59118.404970] SLOW spr round 5 (radius: 25)
[00:00:30 -59118.404970] Model parameter optimization (eps = 0.100000)

[00:00:30] ML tree search #1, logLikelihood: -59117.841965

[00:00:30 -321998.949196] Initial branch length optimization
[00:00:30 -63480.205479] Model parameter optimization (eps = 10.000000)
[00:00:32 -61156.361628] AUTODETECT spr round 1 (radius: 5)
[00:00:32 -60312.215504] AUTODETECT spr round 2 (radius: 10)
[00:00:34 -59919.415514] AUTODETECT spr round 3 (radius: 15)
[00:00:35 -59809.914756] AUTODETECT spr round 4 (radius: 20)
[00:00:37 -59672.002478] AUTODETECT spr round 5 (radius: 25)
[00:00:37 -59671.995232] SPR radius for FAST iterations: 20 (autodetect)
[00:00:37 -59671.995232] Model parameter optimization (eps = 3.000000)
[00:00:39 -59332.061623] FAST spr round 1 (radius: 20)
[00:00:43 -59128.471789] FAST spr round 2 (radius: 20)
[00:00:45 -59127.192100] FAST spr round 3 (radius: 20)
[00:00:47 -59127.176892] Model parameter optimization (eps = 1.000000)
[00:00:48 -59118.611747] SLOW spr round 1 (radius: 5)
[00:00:50 -59118.606565] SLOW spr round 2 (radius: 10)
[00:00:53 -59118.606531] SLOW spr round 3 (radius: 15)
[00:00:56 -59118.606531] SLOW spr round 4 (radius: 20)
[00:00:58 -59118.606531] SLOW spr round 5 (radius: 25)
[00:01:02 -59118.606531] Model parameter optimization (eps = 0.100000)

[00:01:02] ML tree search #2, logLikelihood: -59117.812685

[00:01:02 -321991.205840] Initial branch length optimization
[00:01:02 -63491.567052] Model parameter optimization (eps = 10.000000)
[00:01:04 -61141.044469] AUTODETECT spr round 1 (radius: 5)
[00:01:04 -60277.887237] AUTODETECT spr round 2 (radius: 10)
[00:01:06 -59811.234766] AUTODETECT spr round 3 (radius: 15)
[00:01:07 -59683.071539] AUTODETECT spr round 4 (radius: 20)
[00:01:08 -59683.070106] SPR radius for FAST iterations: 15 (autodetect)
[00:01:08 -59683.070106] Model parameter optimization (eps = 3.000000)
[00:01:10 -59324.067430] FAST spr round 1 (radius: 15)
[00:01:13 -59125.765671] FAST spr round 2 (radius: 15)
[00:01:15 -59125.760414] Model parameter optimization (eps = 1.000000)
[00:01:15 -59119.091731] SLOW spr round 1 (radius: 5)
[00:01:18 -59118.553951] SLOW spr round 2 (radius: 5)
[00:01:21 -59118.553951] SLOW spr round 3 (radius: 10)
[00:01:24 -59118.553951] SLOW spr round 4 (radius: 15)
[00:01:27 -59118.553951] SLOW spr round 5 (radius: 20)
[00:01:29 -59118.553951] SLOW spr round 6 (radius: 25)
[00:01:31 -59118.553951] Model parameter optimization (eps = 0.100000)

[00:01:32] ML tree search #3, logLikelihood: -59117.808523

[00:01:32 -322041.421072] Initial branch length optimization
[00:01:32 -63592.177441] Model parameter optimization (eps = 10.000000)
[00:01:33 -61207.639448] AUTODETECT spr round 1 (radius: 5)
[00:01:34 -60267.840224] AUTODETECT spr round 2 (radius: 10)
[00:01:35 -59790.498982] AUTODETECT spr round 3 (radius: 15)
[00:01:37 -59565.809833] AUTODETECT spr round 4 (radius: 20)
[00:01:38 -59565.783756] SPR radius for FAST iterations: 15 (autodetect)
[00:01:38 -59565.783756] Model parameter optimization (eps = 3.000000)
[00:01:40 -59204.892687] FAST spr round 1 (radius: 15)
[00:01:43 -59122.850633] FAST spr round 2 (radius: 15)
[00:01:45 -59122.315120] FAST spr round 3 (radius: 15)
[00:01:47 -59122.315120] Model parameter optimization (eps = 1.000000)
[00:01:47 -59118.497015] SLOW spr round 1 (radius: 5)
[00:01:50 -59118.492884] SLOW spr round 2 (radius: 10)
[00:01:53 -59118.477730] SLOW spr round 3 (radius: 15)
[00:01:57 -59118.477730] SLOW spr round 4 (radius: 20)
[00:01:59 -59118.477730] SLOW spr round 5 (radius: 25)
[00:02:01 -59118.477730] Model parameter optimization (eps = 0.100000)

[00:02:02] ML tree search #4, logLikelihood: -59117.852482

[00:02:02 -321959.633316] Initial branch length optimization
[00:02:02 -63365.398014] Model parameter optimization (eps = 10.000000)
[00:02:03 -61068.865618] AUTODETECT spr round 1 (radius: 5)
[00:02:04 -60219.906797] AUTODETECT spr round 2 (radius: 10)
[00:02:05 -59870.721213] AUTODETECT spr round 3 (radius: 15)
[00:02:07 -59624.768323] AUTODETECT spr round 4 (radius: 20)
[00:02:08 -59597.937580] AUTODETECT spr round 5 (radius: 25)
[00:02:09 -59597.930240] SPR radius for FAST iterations: 20 (autodetect)
[00:02:09 -59597.930240] Model parameter optimization (eps = 3.000000)
[00:02:11 -59245.056937] FAST spr round 1 (radius: 20)
[00:02:14 -59121.432631] FAST spr round 2 (radius: 20)
[00:02:17 -59121.427519] Model parameter optimization (eps = 1.000000)
[00:02:17 -59118.475822] SLOW spr round 1 (radius: 5)
[00:02:20 -59118.470942] SLOW spr round 2 (radius: 10)
[00:02:23 -59118.470919] SLOW spr round 3 (radius: 15)
[00:02:26 -59118.470919] SLOW spr round 4 (radius: 20)
[00:02:29 -59118.470919] SLOW spr round 5 (radius: 25)
[00:02:31 -59118.470919] Model parameter optimization (eps = 0.100000)

[00:02:31] ML tree search #5, logLikelihood: -59117.853357

[00:02:31 -322013.994038] Initial branch length optimization
[00:02:31 -63553.124845] Model parameter optimization (eps = 10.000000)
[00:02:32 -61175.100311] AUTODETECT spr round 1 (radius: 5)
[00:02:33 -60298.286679] AUTODETECT spr round 2 (radius: 10)
[00:02:34 -59902.930261] AUTODETECT spr round 3 (radius: 15)
[00:02:36 -59716.379437] AUTODETECT spr round 4 (radius: 20)
[00:02:37 -59716.053318] AUTODETECT spr round 5 (radius: 25)
[00:02:38 -59716.053272] SPR radius for FAST iterations: 20 (autodetect)
[00:02:38 -59716.053272] Model parameter optimization (eps = 3.000000)
[00:02:40 -59364.140382] FAST spr round 1 (radius: 20)
[00:02:44 -59124.361836] FAST spr round 2 (radius: 20)
[00:02:46 -59124.353917] Model parameter optimization (eps = 1.000000)
[00:02:47 -59118.280062] SLOW spr round 1 (radius: 5)
[00:02:50 -59118.261658] SLOW spr round 2 (radius: 10)
[00:02:53 -59118.261636] SLOW spr round 3 (radius: 15)
[00:02:56 -59118.261636] SLOW spr round 4 (radius: 20)
[00:02:58 -59118.261636] SLOW spr round 5 (radius: 25)
[00:03:01 -59118.261636] Model parameter optimization (eps = 0.100000)

[00:03:01] ML tree search #6, logLikelihood: -59117.822749

[00:03:01 -322005.510010] Initial branch length optimization
[00:03:01 -63530.199055] Model parameter optimization (eps = 10.000000)
[00:03:03 -61176.002081] AUTODETECT spr round 1 (radius: 5)
[00:03:03 -60364.946763] AUTODETECT spr round 2 (radius: 10)
[00:03:05 -59850.565675] AUTODETECT spr round 3 (radius: 15)
[00:03:06 -59725.788586] AUTODETECT spr round 4 (radius: 20)
[00:03:07 -59669.132908] AUTODETECT spr round 5 (radius: 25)
[00:03:08 -59669.115243] SPR radius for FAST iterations: 20 (autodetect)
[00:03:08 -59669.115243] Model parameter optimization (eps = 3.000000)
[00:03:10 -59327.299571] FAST spr round 1 (radius: 20)
[00:03:14 -59123.964663] FAST spr round 2 (radius: 20)
[00:03:16 -59123.957156] Model parameter optimization (eps = 1.000000)
[00:03:17 -59118.138894] SLOW spr round 1 (radius: 5)
[00:03:20 -59118.135707] SLOW spr round 2 (radius: 10)
[00:03:23 -59118.135690] SLOW spr round 3 (radius: 15)
[00:03:26 -59118.135690] SLOW spr round 4 (radius: 20)
[00:03:28 -59118.135690] SLOW spr round 5 (radius: 25)
[00:03:32 -59118.135690] Model parameter optimization (eps = 0.100000)

[00:03:32] ML tree search #7, logLikelihood: -59117.802708

[00:03:32 -322012.056164] Initial branch length optimization
[00:03:32 -63523.335364] Model parameter optimization (eps = 10.000000)
[00:03:33 -61170.283117] AUTODETECT spr round 1 (radius: 5)
[00:03:34 -60114.821157] AUTODETECT spr round 2 (radius: 10)
[00:03:35 -59738.813634] AUTODETECT spr round 3 (radius: 15)
[00:03:37 -59665.528717] AUTODETECT spr round 4 (radius: 20)
[00:03:38 -59665.489785] SPR radius for FAST iterations: 15 (autodetect)
[00:03:38 -59665.489785] Model parameter optimization (eps = 3.000000)
[00:03:40 -59316.430668] FAST spr round 1 (radius: 15)
[00:03:43 -59123.521681] FAST spr round 2 (radius: 15)
[00:03:45 -59123.519825] Model parameter optimization (eps = 1.000000)
[00:03:46 -59118.233784] SLOW spr round 1 (radius: 5)
[00:03:49 -59118.219781] SLOW spr round 2 (radius: 10)
[00:03:52 -59118.219761] SLOW spr round 3 (radius: 15)
[00:03:55 -59118.219761] SLOW spr round 4 (radius: 20)
[00:03:59 -59118.219761] SLOW spr round 5 (radius: 25)
[00:04:01 -59118.219761] Model parameter optimization (eps = 0.100000)

[00:04:02] ML tree search #8, logLikelihood: -59117.816448

[00:04:02 -322055.785234] Initial branch length optimization
[00:04:02 -63711.035291] Model parameter optimization (eps = 10.000000)
[00:04:03 -61259.289904] AUTODETECT spr round 1 (radius: 5)
[00:04:04 -60247.066224] AUTODETECT spr round 2 (radius: 10)
[00:04:05 -59820.146981] AUTODETECT spr round 3 (radius: 15)
[00:04:07 -59745.191184] AUTODETECT spr round 4 (radius: 20)
[00:04:08 -59742.218243] AUTODETECT spr round 5 (radius: 25)
[00:04:09 -59742.218229] SPR radius for FAST iterations: 20 (autodetect)
[00:04:09 -59742.218229] Model parameter optimization (eps = 3.000000)
[00:04:11 -59429.242503] FAST spr round 1 (radius: 20)
[00:04:14 -59164.234441] FAST spr round 2 (radius: 20)
[00:04:17 -59163.693969] FAST spr round 3 (radius: 20)
[00:04:18 -59163.677104] Model parameter optimization (eps = 1.000000)
[00:04:20 -59118.727593] SLOW spr round 1 (radius: 5)
[00:04:23 -59118.504091] SLOW spr round 2 (radius: 5)
[00:04:26 -59118.504049] SLOW spr round 3 (radius: 10)
[00:04:29 -59118.504049] SLOW spr round 4 (radius: 15)
[00:04:31 -59118.504049] SLOW spr round 5 (radius: 20)
[00:04:34 -59118.504049] SLOW spr round 6 (radius: 25)
[00:04:37 -59118.504049] Model parameter optimization (eps = 0.100000)

[00:04:38] ML tree search #9, logLikelihood: -59117.804731

[00:04:38 -318534.891770] Initial branch length optimization
[00:04:38 -60803.466521] Model parameter optimization (eps = 10.000000)
[00:04:39 -59121.030441] AUTODETECT spr round 1 (radius: 5)
[00:04:39 -59121.013378] SPR radius for FAST iterations: 5 (autodetect)
[00:04:39 -59121.013378] Model parameter optimization (eps = 3.000000)
[00:04:39 -59120.178086] FAST spr round 1 (radius: 5)
[00:04:40 -59120.172027] Model parameter optimization (eps = 1.000000)
[00:04:41 -59119.776379] SLOW spr round 1 (radius: 5)
[00:04:43 -59119.771604] SLOW spr round 2 (radius: 10)
[00:04:46 -59119.771593] SLOW spr round 3 (radius: 15)
[00:04:48 -59119.571525] SLOW spr round 4 (radius: 5)
[00:04:51 -59119.571525] SLOW spr round 5 (radius: 10)
[00:04:54 -59119.571525] SLOW spr round 6 (radius: 15)
[00:04:56 -59119.571525] SLOW spr round 7 (radius: 20)
[00:04:58 -59119.556394] SLOW spr round 8 (radius: 25)
[00:05:00 -59119.556394] Model parameter optimization (eps = 0.100000)

[00:05:01] ML tree search #10, logLikelihood: -59119.185485

[00:05:01 -318540.509145] Initial branch length optimization
[00:05:01 -60808.958396] Model parameter optimization (eps = 10.000000)
[00:05:02 -59131.146356] AUTODETECT spr round 1 (radius: 5)
[00:05:02 -59131.118689] SPR radius for FAST iterations: 5 (autodetect)
[00:05:02 -59131.118689] Model parameter optimization (eps = 3.000000)
[00:05:03 -59130.279106] FAST spr round 1 (radius: 5)
[00:05:04 -59120.225131] FAST spr round 2 (radius: 5)
[00:05:05 -59118.755021] FAST spr round 3 (radius: 5)
[00:05:06 -59118.755021] Model parameter optimization (eps = 1.000000)
[00:05:06 -59118.251347] SLOW spr round 1 (radius: 5)
[00:05:08 -59118.248080] SLOW spr round 2 (radius: 10)
[00:05:11 -59118.248075] SLOW spr round 3 (radius: 15)
[00:05:13 -59118.248075] SLOW spr round 4 (radius: 20)
[00:05:16 -59118.248075] SLOW spr round 5 (radius: 25)
[00:05:18 -59118.248075] Model parameter optimization (eps = 0.100000)

[00:05:19] ML tree search #11, logLikelihood: -59117.845435

[00:05:19 -318544.654290] Initial branch length optimization
[00:05:19 -60810.292929] Model parameter optimization (eps = 10.000000)
[00:05:20 -59130.498032] AUTODETECT spr round 1 (radius: 5)
[00:05:20 -59121.807246] AUTODETECT spr round 2 (radius: 10)
[00:05:22 -59120.274716] AUTODETECT spr round 3 (radius: 15)
[00:05:23 -59119.809040] AUTODETECT spr round 4 (radius: 20)
[00:05:24 -59119.809040] SPR radius for FAST iterations: 15 (autodetect)
[00:05:24 -59119.809040] Model parameter optimization (eps = 3.000000)
[00:05:24 -59118.788194] FAST spr round 1 (radius: 15)
[00:05:26 -59118.779357] Model parameter optimization (eps = 1.000000)
[00:05:26 -59118.279771] SLOW spr round 1 (radius: 5)
[00:05:29 -59118.276415] SLOW spr round 2 (radius: 10)
[00:05:32 -59118.276410] SLOW spr round 3 (radius: 15)
[00:05:34 -59118.276410] SLOW spr round 4 (radius: 20)
[00:05:36 -59118.276410] SLOW spr round 5 (radius: 25)
[00:05:38 -59118.276410] Model parameter optimization (eps = 0.100000)

[00:05:38] ML tree search #12, logLikelihood: -59117.848451

[00:05:38 -318540.184247] Initial branch length optimization
[00:05:39 -60806.250784] Model parameter optimization (eps = 10.000000)
[00:05:39 -59125.959618] AUTODETECT spr round 1 (radius: 5)
[00:05:40 -59123.241608] AUTODETECT spr round 2 (radius: 10)
[00:05:41 -59121.744176] AUTODETECT spr round 3 (radius: 15)
[00:05:42 -59119.700691] AUTODETECT spr round 4 (radius: 20)
[00:05:43 -59119.700591] SPR radius for FAST iterations: 15 (autodetect)
[00:05:43 -59119.700591] Model parameter optimization (eps = 3.000000)
[00:05:44 -59118.717060] FAST spr round 1 (radius: 15)
[00:05:46 -59118.709996] Model parameter optimization (eps = 1.000000)
[00:05:46 -59118.262391] SLOW spr round 1 (radius: 5)
[00:05:49 -59118.247752] SLOW spr round 2 (radius: 10)
[00:05:52 -59118.247748] SLOW spr round 3 (radius: 15)
[00:05:54 -59118.247748] SLOW spr round 4 (radius: 20)
[00:05:57 -59118.247748] SLOW spr round 5 (radius: 25)
[00:05:59 -59118.247748] Model parameter optimization (eps = 0.100000)

[00:06:00] ML tree search #13, logLikelihood: -59117.843512

[00:06:00 -318534.859135] Initial branch length optimization
[00:06:00 -60798.139216] Model parameter optimization (eps = 10.000000)
[00:06:01 -59121.059788] AUTODETECT spr round 1 (radius: 5)
[00:06:02 -59121.050544] SPR radius for FAST iterations: 5 (autodetect)
[00:06:02 -59121.050544] Model parameter optimization (eps = 3.000000)
[00:06:02 -59120.256022] FAST spr round 1 (radius: 5)
[00:06:03 -59120.251121] Model parameter optimization (eps = 1.000000)
[00:06:03 -59119.875571] SLOW spr round 1 (radius: 5)
[00:06:06 -59119.282131] SLOW spr round 2 (radius: 5)
[00:06:08 -59119.282126] SLOW spr round 3 (radius: 10)
[00:06:11 -59118.219293] SLOW spr round 4 (radius: 5)
[00:06:14 -59118.219293] SLOW spr round 5 (radius: 10)
[00:06:17 -59118.219293] SLOW spr round 6 (radius: 15)
[00:06:19 -59118.219293] SLOW spr round 7 (radius: 20)
[00:06:21 -59118.219293] SLOW spr round 8 (radius: 25)
[00:06:23 -59118.219293] Model parameter optimization (eps = 0.100000)

[00:06:24] ML tree search #14, logLikelihood: -59117.819693

[00:06:24 -318535.403041] Initial branch length optimization
[00:06:24 -60800.263352] Model parameter optimization (eps = 10.000000)
[00:06:25 -59122.757387] AUTODETECT spr round 1 (radius: 5)
[00:06:25 -59121.200605] AUTODETECT spr round 2 (radius: 10)
[00:06:26 -59119.669037] AUTODETECT spr round 3 (radius: 15)
[00:06:28 -59119.669029] SPR radius for FAST iterations: 10 (autodetect)
[00:06:28 -59119.669029] Model parameter optimization (eps = 3.000000)
[00:06:28 -59118.708499] FAST spr round 1 (radius: 10)
[00:06:29 -59118.701018] Model parameter optimization (eps = 1.000000)
[00:06:30 -59118.239864] SLOW spr round 1 (radius: 5)
[00:06:33 -59118.235011] SLOW spr round 2 (radius: 10)
[00:06:35 -59118.219885] SLOW spr round 3 (radius: 15)
[00:06:38 -59118.219885] SLOW spr round 4 (radius: 20)
[00:06:40 -59118.219885] SLOW spr round 5 (radius: 25)
[00:06:43 -59118.219885] Model parameter optimization (eps = 0.100000)

[00:06:43] ML tree search #15, logLikelihood: -59117.826995

[00:06:43 -318540.360016] Initial branch length optimization
[00:06:43 -60799.273000] Model parameter optimization (eps = 10.000000)
[00:06:44 -59121.874080] AUTODETECT spr round 1 (radius: 5)
[00:06:45 -59120.506300] AUTODETECT spr round 2 (radius: 10)
[00:06:46 -59119.731080] AUTODETECT spr round 3 (radius: 15)
[00:06:47 -59119.731080] SPR radius for FAST iterations: 10 (autodetect)
[00:06:47 -59119.731080] Model parameter optimization (eps = 3.000000)
[00:06:47 -59118.748558] FAST spr round 1 (radius: 10)
[00:06:49 -59118.743309] Model parameter optimization (eps = 1.000000)
[00:06:49 -59118.262458] SLOW spr round 1 (radius: 5)
[00:06:52 -59118.248588] SLOW spr round 2 (radius: 10)
[00:06:55 -59118.248584] SLOW spr round 3 (radius: 15)
[00:06:57 -59118.248584] SLOW spr round 4 (radius: 20)
[00:07:00 -59118.248584] SLOW spr round 5 (radius: 25)
[00:07:03 -59118.248584] Model parameter optimization (eps = 0.100000)

[00:07:03] ML tree search #16, logLikelihood: -59117.844095

[00:07:03 -318534.836636] Initial branch length optimization
[00:07:03 -60798.530699] Model parameter optimization (eps = 10.000000)
[00:07:04 -59121.076451] AUTODETECT spr round 1 (radius: 5)
[00:07:05 -59120.443748] AUTODETECT spr round 2 (radius: 10)
[00:07:06 -59119.700036] AUTODETECT spr round 3 (radius: 15)
[00:07:07 -59119.700033] SPR radius for FAST iterations: 10 (autodetect)
[00:07:07 -59119.700033] Model parameter optimization (eps = 3.000000)
[00:07:07 -59118.838743] FAST spr round 1 (radius: 10)
[00:07:08 -59118.831969] Model parameter optimization (eps = 1.000000)
[00:07:09 -59118.422133] SLOW spr round 1 (radius: 5)
[00:07:11 -59118.417400] SLOW spr round 2 (radius: 10)
[00:07:14 -59118.417389] SLOW spr round 3 (radius: 15)
[00:07:16 -59118.417389] SLOW spr round 4 (radius: 20)
[00:07:18 -59118.219186] SLOW spr round 5 (radius: 5)
[00:07:21 -59118.208998] SLOW spr round 6 (radius: 10)
[00:07:24 -59118.208998] SLOW spr round 7 (radius: 15)
[00:07:26 -59118.208998] SLOW spr round 8 (radius: 20)
[00:07:28 -59118.208998] SLOW spr round 9 (radius: 25)
[00:07:30 -59118.208998] Model parameter optimization (eps = 0.100000)

[00:07:31] ML tree search #17, logLikelihood: -59117.824060

[00:07:31 -318534.609545] Initial branch length optimization
[00:07:31 -60801.166463] Model parameter optimization (eps = 10.000000)
[00:07:32 -59122.423210] AUTODETECT spr round 1 (radius: 5)
[00:07:32 -59121.791349] AUTODETECT spr round 2 (radius: 10)
[00:07:33 -59120.425896] AUTODETECT spr round 3 (radius: 15)
[00:07:34 -59119.614342] AUTODETECT spr round 4 (radius: 20)
[00:07:35 -59119.614342] SPR radius for FAST iterations: 15 (autodetect)
[00:07:35 -59119.614342] Model parameter optimization (eps = 3.000000)
[00:07:35 -59118.670370] FAST spr round 1 (radius: 15)
[00:07:37 -59118.664782] Model parameter optimization (eps = 1.000000)
[00:07:37 -59118.233063] SLOW spr round 1 (radius: 5)
[00:07:40 -59118.217979] SLOW spr round 2 (radius: 10)
[00:07:43 -59118.217968] SLOW spr round 3 (radius: 15)
[00:07:45 -59118.217968] SLOW spr round 4 (radius: 20)
[00:07:47 -59118.217968] SLOW spr round 5 (radius: 25)
[00:07:49 -59118.217968] Model parameter optimization (eps = 0.100000)

[00:07:49] ML tree search #18, logLikelihood: -59117.840307



Final LogLikelihood: -59117.802708

AIC score: 118729.605415 / AICc score: 118733.844585 / BIC score: 120774.800385
Free parameters (model + branch lengths): 247

Best ML tree saved to: /home/hikoyu/analysis/Genome/SARS-CoV-2/phylogeny/RAxML-NG/DNA/univ/sep/SARS-CoV-2_200331.1.raxml.bestTree
All ML trees saved to: /home/hikoyu/analysis/Genome/SARS-CoV-2/phylogeny/RAxML-NG/DNA/univ/sep/SARS-CoV-2_200331.1.raxml.mlTrees
Optimized model saved to: /home/hikoyu/analysis/Genome/SARS-CoV-2/phylogeny/RAxML-NG/DNA/univ/sep/SARS-CoV-2_200331.1.raxml.bestModel

Execution log saved to: /home/hikoyu/analysis/Genome/SARS-CoV-2/phylogeny/RAxML-NG/DNA/univ/sep/SARS-CoV-2_200331.1.raxml.log

Analysis started: 01-Apr-2020 03:24:40 / finished: 01-Apr-2020 03:32:30

Elapsed time: 469.870 seconds

