
RAxML-NG v. 0.9.0 released on 20.05.2019 by The Exelixis Lab.
Developed by: Alexey M. Kozlov and Alexandros Stamatakis.
Contributors: Diego Darriba, Tomas Flouri, Benoit Morel, Sarah Lutteropp, Ben Bettisworth.
Latest version: https://github.com/amkozlov/raxml-ng
Questions/problems/suggestions? Please visit: https://groups.google.com/forum/#!forum/raxml

RAxML-NG was called at 30-Mar-2020 02:01:33 as follows:

raxml-ng --threads 1 --bootstrap --bs-trees 83 --seed 1993318041 --prefix phylogeny/RAxML-NG/DNA/univ/sep/SARS-CoV-2_200328.10 --msa phylogeny/RAxML-NG/DNA/univ/sep/SARS-CoV-2_200328.raxml.rba --outgroup MG772933.1

Analysis options:
  run mode: Bootstrapping
  start tree(s): 
  bootstrap replicates: 83
  random seed: 1993318041
  tip-inner: OFF
  pattern compression: ON
  per-rate scalers: OFF
  site repeats: ON
  branch lengths: proportional (ML estimate, algorithm: NR-FAST)
  SIMD kernels: AVX2
  parallelization: NONE/sequential

[00:00:00] Loading binary alignment from file: phylogeny/RAxML-NG/DNA/univ/sep/SARS-CoV-2_200328.raxml.rba
[00:00:00] Alignment comprises 80 taxa, 3 partitions and 342 patterns

Partition 0: p1
Model: GTR+FO+B
Alignment sites / patterns: 9716 / 91
Gaps: 0.06 %
Invariant sites: 92.86 %

Partition 1: p2
Model: HKY+FO+I+G4m+B
Alignment sites / patterns: 9716 / 111
Gaps: 0.06 %
Invariant sites: 96.18 %

Partition 2: p3
Model: GTR+FO+I+G4m+B
Alignment sites / patterns: 9716 / 140
Gaps: 0.06 %
Invariant sites: 68.10 %


[00:00:00] Data distribution: max. partitions/sites/weight per thread: 3 / 342 / 4380
[00:00:00] Starting bootstrapping analysis with 83 replicates.

[00:00:12] Bootstrap tree #1, logLikelihood: -56319.644334
[00:00:26] Bootstrap tree #2, logLikelihood: -56915.450954
[00:00:37] Bootstrap tree #3, logLikelihood: -56567.228707
[00:00:51] Bootstrap tree #4, logLikelihood: -56464.627953
[00:01:11] Bootstrap tree #5, logLikelihood: -56852.931591
[00:01:35] Bootstrap tree #6, logLikelihood: -56946.437172
[00:01:48] Bootstrap tree #7, logLikelihood: -56797.128983
[00:02:00] Bootstrap tree #8, logLikelihood: -56886.979497
[00:02:13] Bootstrap tree #9, logLikelihood: -56859.667717
[00:02:26] Bootstrap tree #10, logLikelihood: -56854.748811
[00:02:38] Bootstrap tree #11, logLikelihood: -56676.764083
[00:02:51] Bootstrap tree #12, logLikelihood: -56683.036576
[00:03:06] Bootstrap tree #13, logLikelihood: -56781.019166
[00:03:23] Bootstrap tree #14, logLikelihood: -56762.650076
[00:03:36] Bootstrap tree #15, logLikelihood: -56546.873079
[00:03:49] Bootstrap tree #16, logLikelihood: -57060.192161
[00:04:04] Bootstrap tree #17, logLikelihood: -56942.547080
[00:04:16] Bootstrap tree #18, logLikelihood: -56372.284555
[00:04:30] Bootstrap tree #19, logLikelihood: -56742.503536
[00:04:42] Bootstrap tree #20, logLikelihood: -56737.439960
[00:04:55] Bootstrap tree #21, logLikelihood: -56781.872287
[00:05:08] Bootstrap tree #22, logLikelihood: -56742.422394
[00:05:22] Bootstrap tree #23, logLikelihood: -56625.362417
[00:05:33] Bootstrap tree #24, logLikelihood: -56820.812787
[00:05:48] Bootstrap tree #25, logLikelihood: -56689.817826
[00:06:02] Bootstrap tree #26, logLikelihood: -56588.862124
[00:06:17] Bootstrap tree #27, logLikelihood: -56633.165628
[00:06:34] Bootstrap tree #28, logLikelihood: -56595.538546
[00:06:51] Bootstrap tree #29, logLikelihood: -57143.536329
[00:07:02] Bootstrap tree #30, logLikelihood: -56762.647437
[00:07:26] Bootstrap tree #31, logLikelihood: -56528.430649
[00:07:40] Bootstrap tree #32, logLikelihood: -57060.740644
[00:07:53] Bootstrap tree #33, logLikelihood: -56827.943906
[00:08:05] Bootstrap tree #34, logLikelihood: -56823.878129
[00:08:31] Bootstrap tree #35, logLikelihood: -56822.912013
[00:08:43] Bootstrap tree #36, logLikelihood: -56903.516816
[00:08:54] Bootstrap tree #37, logLikelihood: -56958.446871
[00:09:06] Bootstrap tree #38, logLikelihood: -56602.890589
[00:09:18] Bootstrap tree #39, logLikelihood: -56585.770678
[00:09:29] Bootstrap tree #40, logLikelihood: -57067.930856
[00:09:46] Bootstrap tree #41, logLikelihood: -56169.451077
[00:09:59] Bootstrap tree #42, logLikelihood: -56724.838022
[00:10:12] Bootstrap tree #43, logLikelihood: -56935.926312
[00:10:24] Bootstrap tree #44, logLikelihood: -57016.443036
[00:10:37] Bootstrap tree #45, logLikelihood: -56481.150088
[00:10:50] Bootstrap tree #46, logLikelihood: -56793.092274
[00:11:03] Bootstrap tree #47, logLikelihood: -56870.857581
[00:11:14] Bootstrap tree #48, logLikelihood: -56919.233721
[00:11:29] Bootstrap tree #49, logLikelihood: -56656.021051
[00:11:43] Bootstrap tree #50, logLikelihood: -56719.820206
[00:11:58] Bootstrap tree #51, logLikelihood: -56638.109433
[00:12:10] Bootstrap tree #52, logLikelihood: -56745.887108
[00:12:25] Bootstrap tree #53, logLikelihood: -56422.437414
[00:12:39] Bootstrap tree #54, logLikelihood: -57158.375370
[00:12:51] Bootstrap tree #55, logLikelihood: -56881.673886
[00:13:04] Bootstrap tree #56, logLikelihood: -56795.271079
[00:13:19] Bootstrap tree #57, logLikelihood: -57089.118550
[00:13:30] Bootstrap tree #58, logLikelihood: -56700.306772
[00:13:43] Bootstrap tree #59, logLikelihood: -56596.592762
[00:13:55] Bootstrap tree #60, logLikelihood: -56529.934944
[00:14:07] Bootstrap tree #61, logLikelihood: -56662.256589
[00:14:22] Bootstrap tree #62, logLikelihood: -56394.549110
[00:14:35] Bootstrap tree #63, logLikelihood: -57042.573181
[00:14:47] Bootstrap tree #64, logLikelihood: -56871.846395
[00:15:02] Bootstrap tree #65, logLikelihood: -56590.145356
[00:15:14] Bootstrap tree #66, logLikelihood: -56555.298866
[00:15:28] Bootstrap tree #67, logLikelihood: -57083.373289
[00:15:40] Bootstrap tree #68, logLikelihood: -56786.392219
[00:15:53] Bootstrap tree #69, logLikelihood: -56661.466696
[00:16:04] Bootstrap tree #70, logLikelihood: -56824.810514
[00:16:17] Bootstrap tree #71, logLikelihood: -56545.139501
[00:16:31] Bootstrap tree #72, logLikelihood: -56412.658581
[00:16:45] Bootstrap tree #73, logLikelihood: -56910.716260
[00:16:57] Bootstrap tree #74, logLikelihood: -56762.956668
[00:17:11] Bootstrap tree #75, logLikelihood: -56908.083696
[00:17:23] Bootstrap tree #76, logLikelihood: -56359.461135
[00:17:36] Bootstrap tree #77, logLikelihood: -56990.817030
[00:17:49] Bootstrap tree #78, logLikelihood: -57076.052887
[00:18:06] Bootstrap tree #79, logLikelihood: -56892.909606
[00:18:20] Bootstrap tree #80, logLikelihood: -57253.418503
[00:18:32] Bootstrap tree #81, logLikelihood: -56743.884248
[00:18:43] Bootstrap tree #82, logLikelihood: -56799.515032
[00:18:56] Bootstrap tree #83, logLikelihood: -56646.096047

Bootstrap trees saved to: /home/hikoyu/analysis/Genome/SARS-CoV-2/phylogeny/RAxML-NG/DNA/univ/sep/SARS-CoV-2_200328.10.raxml.bootstraps

Execution log saved to: /home/hikoyu/analysis/Genome/SARS-CoV-2/phylogeny/RAxML-NG/DNA/univ/sep/SARS-CoV-2_200328.10.raxml.log

Analysis started: 30-Mar-2020 02:01:33 / finished: 30-Mar-2020 02:20:29

Elapsed time: 1136.147 seconds

