
RAxML-NG v. 0.9.0 released on 20.05.2019 by The Exelixis Lab.
Developed by: Alexey M. Kozlov and Alexandros Stamatakis.
Contributors: Diego Darriba, Tomas Flouri, Benoit Morel, Sarah Lutteropp, Ben Bettisworth.
Latest version: https://github.com/amkozlov/raxml-ng
Questions/problems/suggestions? Please visit: https://groups.google.com/forum/#!forum/raxml

RAxML-NG was called at 21-Mar-2020 19:08:14 as follows:

raxml-ng --threads 1 --bootstrap --bs-trees 84 --seed 2360854949 --prefix phylogeny/RAxML-NG/DNA/univ/sep/SARS-CoV-2_200320.2 --msa phylogeny/RAxML-NG/DNA/univ/sep/SARS-CoV-2_200320.raxml.rba --outgroup MG772933.1

Analysis options:
  run mode: Bootstrapping
  start tree(s): 
  bootstrap replicates: 84
  random seed: 2360854949
  tip-inner: OFF
  pattern compression: ON
  per-rate scalers: OFF
  site repeats: ON
  branch lengths: proportional (ML estimate, algorithm: NR-FAST)
  SIMD kernels: AVX2
  parallelization: NONE/sequential

[00:00:00] Loading binary alignment from file: phylogeny/RAxML-NG/DNA/univ/sep/SARS-CoV-2_200320.raxml.rba
[00:00:00] Alignment comprises 78 taxa, 3 partitions and 324 patterns

Partition 0: p1
Model: GTR+FO+G4m+B
Alignment sites / patterns: 9716 / 88
Gaps: 0.06 %
Invariant sites: 92.95 %

Partition 1: p2
Model: HKY+FO+I+G4m+B
Alignment sites / patterns: 9716 / 104
Gaps: 0.06 %
Invariant sites: 96.25 %

Partition 2: p3
Model: GTR+FO+I+G4m+B
Alignment sites / patterns: 9716 / 132
Gaps: 0.06 %
Invariant sites: 68.17 %


[00:00:00] Data distribution: max. partitions/sites/weight per thread: 3 / 324 / 5184
[00:00:00] Starting bootstrapping analysis with 84 replicates.

[00:00:13] Bootstrap tree #1, logLikelihood: -56402.426051
[00:00:25] Bootstrap tree #2, logLikelihood: -56531.984842
[00:00:39] Bootstrap tree #3, logLikelihood: -55762.663322
[00:00:53] Bootstrap tree #4, logLikelihood: -56479.223817
[00:01:06] Bootstrap tree #5, logLikelihood: -56522.585169
[00:01:20] Bootstrap tree #6, logLikelihood: -56154.627808
[00:01:33] Bootstrap tree #7, logLikelihood: -56069.085554
[00:01:46] Bootstrap tree #8, logLikelihood: -56461.884881
[00:02:00] Bootstrap tree #9, logLikelihood: -56731.077181
[00:02:15] Bootstrap tree #10, logLikelihood: -56300.971485
[00:02:30] Bootstrap tree #11, logLikelihood: -56340.824441
[00:02:50] Bootstrap tree #12, logLikelihood: -56273.673267
[00:03:06] Bootstrap tree #13, logLikelihood: -56157.039488
[00:03:20] Bootstrap tree #14, logLikelihood: -56331.879168
[00:03:35] Bootstrap tree #15, logLikelihood: -56308.014447
[00:03:49] Bootstrap tree #16, logLikelihood: -56181.714939
[00:04:04] Bootstrap tree #17, logLikelihood: -56334.189832
[00:04:23] Bootstrap tree #18, logLikelihood: -56466.268895
[00:04:42] Bootstrap tree #19, logLikelihood: -56394.796735
[00:04:55] Bootstrap tree #20, logLikelihood: -56654.262968
[00:05:11] Bootstrap tree #21, logLikelihood: -56477.809062
[00:05:30] Bootstrap tree #22, logLikelihood: -56702.594375
[00:05:44] Bootstrap tree #23, logLikelihood: -56073.658438
[00:05:57] Bootstrap tree #24, logLikelihood: -56471.832291
[00:06:11] Bootstrap tree #25, logLikelihood: -56847.452189
[00:06:27] Bootstrap tree #26, logLikelihood: -56613.130920
[00:06:41] Bootstrap tree #27, logLikelihood: -56694.179681
[00:06:57] Bootstrap tree #28, logLikelihood: -56796.507330
[00:07:12] Bootstrap tree #29, logLikelihood: -56963.822511
[00:07:31] Bootstrap tree #30, logLikelihood: -56524.536194
[00:07:45] Bootstrap tree #31, logLikelihood: -56171.630887
[00:07:58] Bootstrap tree #32, logLikelihood: -56157.372884
[00:08:13] Bootstrap tree #33, logLikelihood: -56794.344361
[00:08:28] Bootstrap tree #34, logLikelihood: -56715.041099
[00:08:42] Bootstrap tree #35, logLikelihood: -56533.055372
[00:08:56] Bootstrap tree #36, logLikelihood: -56080.643067
[00:09:24] Bootstrap tree #37, logLikelihood: -56009.724731
[00:09:42] Bootstrap tree #38, logLikelihood: -56469.555201
[00:09:58] Bootstrap tree #39, logLikelihood: -56256.741683
[00:10:12] Bootstrap tree #40, logLikelihood: -56502.839145
[00:10:34] Bootstrap tree #41, logLikelihood: -56297.077325
[00:10:47] Bootstrap tree #42, logLikelihood: -56284.800564
[00:11:02] Bootstrap tree #43, logLikelihood: -56893.854761
[00:11:17] Bootstrap tree #44, logLikelihood: -56583.462350
[00:11:38] Bootstrap tree #45, logLikelihood: -56707.960014
[00:11:50] Bootstrap tree #46, logLikelihood: -56267.275302
[00:12:04] Bootstrap tree #47, logLikelihood: -56442.511495
[00:12:17] Bootstrap tree #48, logLikelihood: -56488.257426
[00:12:31] Bootstrap tree #49, logLikelihood: -56561.536498
[00:12:46] Bootstrap tree #50, logLikelihood: -56527.675644
[00:13:00] Bootstrap tree #51, logLikelihood: -56833.518833
[00:13:15] Bootstrap tree #52, logLikelihood: -56224.317052
[00:13:28] Bootstrap tree #53, logLikelihood: -56464.644009
[00:13:42] Bootstrap tree #54, logLikelihood: -56161.346209
[00:13:57] Bootstrap tree #55, logLikelihood: -56611.837813
[00:14:13] Bootstrap tree #56, logLikelihood: -56671.503708
[00:14:26] Bootstrap tree #57, logLikelihood: -56402.003848
[00:14:39] Bootstrap tree #58, logLikelihood: -56412.689747
[00:14:54] Bootstrap tree #59, logLikelihood: -56195.769495
[00:15:07] Bootstrap tree #60, logLikelihood: -56481.434539
[00:15:22] Bootstrap tree #61, logLikelihood: -56543.532187
[00:15:36] Bootstrap tree #62, logLikelihood: -56275.005508
[00:15:50] Bootstrap tree #63, logLikelihood: -56389.758590
[00:16:04] Bootstrap tree #64, logLikelihood: -56411.475352
[00:16:27] Bootstrap tree #65, logLikelihood: -56426.570207
[00:16:41] Bootstrap tree #66, logLikelihood: -56501.715429
[00:16:56] Bootstrap tree #67, logLikelihood: -56420.228257
[00:17:12] Bootstrap tree #68, logLikelihood: -56432.134999
[00:17:26] Bootstrap tree #69, logLikelihood: -56218.071108
[00:17:40] Bootstrap tree #70, logLikelihood: -56226.392431
[00:17:54] Bootstrap tree #71, logLikelihood: -56453.222660
[00:18:08] Bootstrap tree #72, logLikelihood: -56528.370023
[00:18:21] Bootstrap tree #73, logLikelihood: -56491.527126
[00:18:34] Bootstrap tree #74, logLikelihood: -56107.916486
[00:18:58] Bootstrap tree #75, logLikelihood: -56687.029531
[00:19:11] Bootstrap tree #76, logLikelihood: -56482.056699
[00:19:26] Bootstrap tree #77, logLikelihood: -56190.631312
[00:19:41] Bootstrap tree #78, logLikelihood: -56188.729733
[00:19:55] Bootstrap tree #79, logLikelihood: -56612.182785
[00:20:09] Bootstrap tree #80, logLikelihood: -56280.716884
[00:20:23] Bootstrap tree #81, logLikelihood: -56810.627103
[00:20:37] Bootstrap tree #82, logLikelihood: -56110.589328
[00:20:52] Bootstrap tree #83, logLikelihood: -56671.925799
[00:21:07] Bootstrap tree #84, logLikelihood: -56154.877316

Bootstrap trees saved to: /home/hikoyu/analysis/Genome/SARS-CoV-2/phylogeny/RAxML-NG/DNA/univ/sep/SARS-CoV-2_200320.2.raxml.bootstraps

Execution log saved to: /home/hikoyu/analysis/Genome/SARS-CoV-2/phylogeny/RAxML-NG/DNA/univ/sep/SARS-CoV-2_200320.2.raxml.log

Analysis started: 21-Mar-2020 19:08:14 / finished: 21-Mar-2020 19:29:22

Elapsed time: 1267.862 seconds

