
RAxML-NG v. 0.9.0 released on 20.05.2019 by The Exelixis Lab.
Developed by: Alexey M. Kozlov and Alexandros Stamatakis.
Contributors: Diego Darriba, Tomas Flouri, Benoit Morel, Sarah Lutteropp, Ben Bettisworth.
Latest version: https://github.com/amkozlov/raxml-ng
Questions/problems/suggestions? Please visit: https://groups.google.com/forum/#!forum/raxml

RAxML-NG was called at 01-Apr-2020 05:01:45 as follows:

raxml-ng --threads 1 --bootstrap --bs-trees 83 --seed 849325616 --prefix phylogeny/RAxML-NG/DNA/univ/sep/SARS-CoV-2_200331.8 --msa phylogeny/RAxML-NG/DNA/univ/sep/SARS-CoV-2_200331.raxml.rba --outgroup MG772933.1

Analysis options:
  run mode: Bootstrapping
  start tree(s): 
  bootstrap replicates: 83
  random seed: 849325616
  tip-inner: OFF
  pattern compression: ON
  per-rate scalers: OFF
  site repeats: ON
  branch lengths: proportional (ML estimate, algorithm: NR-FAST)
  SIMD kernels: AVX2
  parallelization: NONE/sequential

[00:00:00] Loading binary alignment from file: phylogeny/RAxML-NG/DNA/univ/sep/SARS-CoV-2_200331.raxml.rba
[00:00:00] Alignment comprises 117 taxa, 3 partitions and 390 patterns

Partition 0: p1
Model: TIM3+B
Alignment sites / patterns: 9716 / 106
Gaps: 0.06 %
Invariant sites: 92.72 %

Partition 1: p2
Model: HKY+FO+I+G4m+B
Alignment sites / patterns: 9716 / 124
Gaps: 0.06 %
Invariant sites: 96.06 %

Partition 2: p3
Model: TIM3+I+G4m+B
Alignment sites / patterns: 9716 / 160
Gaps: 0.06 %
Invariant sites: 67.98 %


[00:00:00] Data distribution: max. partitions/sites/weight per thread: 3 / 390 / 4968
[00:00:00] Starting bootstrapping analysis with 83 replicates.

[00:00:22] Bootstrap tree #1, logLikelihood: -58913.370870
[00:00:47] Bootstrap tree #2, logLikelihood: -58944.976557
[00:01:19] Bootstrap tree #3, logLikelihood: -58928.330757
[00:01:44] Bootstrap tree #4, logLikelihood: -58769.514462
[00:02:14] Bootstrap tree #5, logLikelihood: -59024.896329
[00:02:38] Bootstrap tree #6, logLikelihood: -58813.854021
[00:03:04] Bootstrap tree #7, logLikelihood: -59056.425892
[00:03:29] Bootstrap tree #8, logLikelihood: -59090.612501
[00:03:54] Bootstrap tree #9, logLikelihood: -59229.477473
[00:04:21] Bootstrap tree #10, logLikelihood: -59601.045071
[00:04:46] Bootstrap tree #11, logLikelihood: -58680.343082
[00:05:18] Bootstrap tree #12, logLikelihood: -58564.970914
[00:05:42] Bootstrap tree #13, logLikelihood: -58964.926443
[00:06:12] Bootstrap tree #14, logLikelihood: -58903.598882
[00:06:36] Bootstrap tree #15, logLikelihood: -58724.583753
[00:07:04] Bootstrap tree #16, logLikelihood: -59386.378029
[00:07:29] Bootstrap tree #17, logLikelihood: -59237.214035
[00:07:59] Bootstrap tree #18, logLikelihood: -58597.709048
[00:08:32] Bootstrap tree #19, logLikelihood: -59097.270997
[00:08:54] Bootstrap tree #20, logLikelihood: -58671.394832
[00:09:29] Bootstrap tree #21, logLikelihood: -59359.005670
[00:09:49] Bootstrap tree #22, logLikelihood: -58815.570582
[00:10:14] Bootstrap tree #23, logLikelihood: -58930.212526
[00:10:52] Bootstrap tree #24, logLikelihood: -58914.113963
[00:11:29] Bootstrap tree #25, logLikelihood: -58493.855379
[00:11:51] Bootstrap tree #26, logLikelihood: -59359.912653
[00:12:17] Bootstrap tree #27, logLikelihood: -59088.380091
[00:12:45] Bootstrap tree #28, logLikelihood: -59627.733804
[00:13:10] Bootstrap tree #29, logLikelihood: -59402.607360
[00:13:33] Bootstrap tree #30, logLikelihood: -59047.034430
[00:13:57] Bootstrap tree #31, logLikelihood: -59160.012999
[00:14:23] Bootstrap tree #32, logLikelihood: -58941.978462
[00:14:58] Bootstrap tree #33, logLikelihood: -59104.295520
[00:15:21] Bootstrap tree #34, logLikelihood: -58951.318813
[00:15:49] Bootstrap tree #35, logLikelihood: -58900.308642
[00:16:11] Bootstrap tree #36, logLikelihood: -59515.918320
[00:16:56] Bootstrap tree #37, logLikelihood: -59312.512971
[00:17:30] Bootstrap tree #38, logLikelihood: -59311.893940
[00:18:04] Bootstrap tree #39, logLikelihood: -58796.849907
[00:18:27] Bootstrap tree #40, logLikelihood: -59022.576174
[00:18:50] Bootstrap tree #41, logLikelihood: -58908.788617
[00:19:17] Bootstrap tree #42, logLikelihood: -59191.058170
[00:19:41] Bootstrap tree #43, logLikelihood: -58803.848318
[00:20:50] Bootstrap tree #44, logLikelihood: -59098.589206
[00:21:13] Bootstrap tree #45, logLikelihood: -58807.570262
[00:21:36] Bootstrap tree #46, logLikelihood: -58385.400088
[00:22:09] Bootstrap tree #47, logLikelihood: -59065.002883
[00:22:45] Bootstrap tree #48, logLikelihood: -59084.214481
[00:23:08] Bootstrap tree #49, logLikelihood: -58996.050526
[00:23:34] Bootstrap tree #50, logLikelihood: -59235.153321
[00:23:59] Bootstrap tree #51, logLikelihood: -58648.364409
[00:24:20] Bootstrap tree #52, logLikelihood: -59256.426507
[00:24:44] Bootstrap tree #53, logLikelihood: -58820.267357
[00:25:17] Bootstrap tree #54, logLikelihood: -59227.595652
[00:25:43] Bootstrap tree #55, logLikelihood: -58495.821417
[00:26:10] Bootstrap tree #56, logLikelihood: -59029.736469
[00:26:35] Bootstrap tree #57, logLikelihood: -58832.828586
[00:27:10] Bootstrap tree #58, logLikelihood: -58897.889548
[00:27:35] Bootstrap tree #59, logLikelihood: -59317.116442
[00:28:03] Bootstrap tree #60, logLikelihood: -58980.547753
[00:28:42] Bootstrap tree #61, logLikelihood: -59301.334230
[00:29:20] Bootstrap tree #62, logLikelihood: -59037.626541
[00:29:53] Bootstrap tree #63, logLikelihood: -58533.277523
[00:30:17] Bootstrap tree #64, logLikelihood: -59044.400184
[00:30:43] Bootstrap tree #65, logLikelihood: -58796.557529
[00:31:09] Bootstrap tree #66, logLikelihood: -58707.690493
[00:31:36] Bootstrap tree #67, logLikelihood: -58956.063594
[00:32:00] Bootstrap tree #68, logLikelihood: -59108.754865
[00:32:26] Bootstrap tree #69, logLikelihood: -58807.531224
[00:32:55] Bootstrap tree #70, logLikelihood: -59173.619735
[00:33:22] Bootstrap tree #71, logLikelihood: -58467.935562
[00:33:51] Bootstrap tree #72, logLikelihood: -58641.256355
[00:34:15] Bootstrap tree #73, logLikelihood: -59030.274027
[00:34:40] Bootstrap tree #74, logLikelihood: -58936.931414
[00:35:08] Bootstrap tree #75, logLikelihood: -59336.273654
[00:35:34] Bootstrap tree #76, logLikelihood: -58780.851181
[00:35:54] Bootstrap tree #77, logLikelihood: -59234.905692
[00:36:17] Bootstrap tree #78, logLikelihood: -58689.132555
[00:36:43] Bootstrap tree #79, logLikelihood: -58772.878633
[00:37:05] Bootstrap tree #80, logLikelihood: -59059.222917
[00:37:33] Bootstrap tree #81, logLikelihood: -58939.656605
[00:37:56] Bootstrap tree #82, logLikelihood: -58811.956029
[00:38:19] Bootstrap tree #83, logLikelihood: -58761.940796

Bootstrap trees saved to: /home/hikoyu/analysis/Genome/SARS-CoV-2/phylogeny/RAxML-NG/DNA/univ/sep/SARS-CoV-2_200331.8.raxml.bootstraps

Execution log saved to: /home/hikoyu/analysis/Genome/SARS-CoV-2/phylogeny/RAxML-NG/DNA/univ/sep/SARS-CoV-2_200331.8.raxml.log

Analysis started: 01-Apr-2020 05:01:45 / finished: 01-Apr-2020 05:40:05

Elapsed time: 2299.659 seconds

