
RAxML-NG v. 0.9.0 released on 20.05.2019 by The Exelixis Lab.
Developed by: Alexey M. Kozlov and Alexandros Stamatakis.
Contributors: Diego Darriba, Tomas Flouri, Benoit Morel, Sarah Lutteropp, Ben Bettisworth.
Latest version: https://github.com/amkozlov/raxml-ng
Questions/problems/suggestions? Please visit: https://groups.google.com/forum/#!forum/raxml

RAxML-NG was called at 21-Mar-2020 18:55:45 as follows:

raxml-ng --threads 1 --search --tree rand{9},pars{9} --seed 3693078160 --prefix phylogeny/RAxML-NG/DNA/univ/sep/SARS-CoV-2_200320.3 --msa phylogeny/RAxML-NG/DNA/univ/sep/SARS-CoV-2_200320.raxml.rba --outgroup MG772933.1

Analysis options:
  run mode: ML tree search
  start tree(s): random (9) + parsimony (9)
  random seed: 3693078160
  tip-inner: OFF
  pattern compression: ON
  per-rate scalers: OFF
  site repeats: ON
  fast spr radius: AUTO
  spr subtree cutoff: 1.000000
  branch lengths: proportional (ML estimate, algorithm: NR-FAST)
  SIMD kernels: AVX2
  parallelization: NONE/sequential

[00:00:00] Loading binary alignment from file: phylogeny/RAxML-NG/DNA/univ/sep/SARS-CoV-2_200320.raxml.rba
[00:00:00] Alignment comprises 78 taxa, 3 partitions and 324 patterns

Partition 0: p1
Model: GTR+FO+G4m+B
Alignment sites / patterns: 9716 / 88
Gaps: 0.06 %
Invariant sites: 92.95 %

Partition 1: p2
Model: HKY+FO+I+G4m+B
Alignment sites / patterns: 9716 / 104
Gaps: 0.06 %
Invariant sites: 96.25 %

Partition 2: p3
Model: GTR+FO+I+G4m+B
Alignment sites / patterns: 9716 / 132
Gaps: 0.06 %
Invariant sites: 68.17 %


[00:00:00] Generating 9 random starting tree(s) with 78 taxa
[00:00:00] Generating 9 parsimony starting tree(s) with 78 taxa
[00:00:00] Data distribution: max. partitions/sites/weight per thread: 3 / 324 / 5184

Starting ML tree search with 18 distinct starting trees

[00:00:00 -129791.731136] Initial branch length optimization
[00:00:00 -61100.836122] Model parameter optimization (eps = 10.000000)
[00:00:01 -57371.033771] AUTODETECT spr round 1 (radius: 5)
[00:00:01 -56937.750172] AUTODETECT spr round 2 (radius: 10)
[00:00:02 -56688.693785] AUTODETECT spr round 3 (radius: 15)
[00:00:03 -56611.290413] AUTODETECT spr round 4 (radius: 20)
[00:00:03 -56611.290410] SPR radius for FAST iterations: 15 (autodetect)
[00:00:03 -56611.290410] Model parameter optimization (eps = 3.000000)
[00:00:04 -56594.952257] FAST spr round 1 (radius: 15)
[00:00:06 -56566.160379] FAST spr round 2 (radius: 15)
[00:00:07 -56491.852682] FAST spr round 3 (radius: 15)
[00:00:09 -56491.674492] FAST spr round 4 (radius: 15)
[00:00:10 -56491.663323] Model parameter optimization (eps = 1.000000)
[00:00:11 -56467.858634] SLOW spr round 1 (radius: 5)
[00:00:13 -56467.855635] SLOW spr round 2 (radius: 10)
[00:00:15 -56467.855564] SLOW spr round 3 (radius: 15)
[00:00:17 -56467.841184] SLOW spr round 4 (radius: 20)
[00:00:18 -56467.841184] SLOW spr round 5 (radius: 25)
[00:00:18 -56467.841184] Model parameter optimization (eps = 0.100000)

[00:00:19] ML tree search #1, logLikelihood: -56467.073244

[00:00:19 -129785.735463] Initial branch length optimization
[00:00:19 -61070.257260] Model parameter optimization (eps = 10.000000)
[00:00:20 -57353.911532] AUTODETECT spr round 1 (radius: 5)
[00:00:21 -56937.159739] AUTODETECT spr round 2 (radius: 10)
[00:00:21 -56716.653101] AUTODETECT spr round 3 (radius: 15)
[00:00:22 -56686.337749] AUTODETECT spr round 4 (radius: 20)
[00:00:22 -56666.628507] AUTODETECT spr round 5 (radius: 25)
[00:00:22 -56666.628425] SPR radius for FAST iterations: 20 (autodetect)
[00:00:22 -56666.628425] Model parameter optimization (eps = 3.000000)
[00:00:23 -56639.440842] FAST spr round 1 (radius: 20)
[00:00:25 -56475.234997] FAST spr round 2 (radius: 20)
[00:00:27 -56475.233531] Model parameter optimization (eps = 1.000000)
[00:00:27 -56467.701724] SLOW spr round 1 (radius: 5)
[00:00:29 -56467.699481] SLOW spr round 2 (radius: 10)
[00:00:31 -56467.699471] SLOW spr round 3 (radius: 15)
[00:00:33 -56467.699471] SLOW spr round 4 (radius: 20)
[00:00:34 -56467.699471] SLOW spr round 5 (radius: 25)
[00:00:34 -56467.699471] Model parameter optimization (eps = 0.100000)

[00:00:34] ML tree search #2, logLikelihood: -56467.086682

[00:00:35 -129816.694911] Initial branch length optimization
[00:00:35 -61149.699594] Model parameter optimization (eps = 10.000000)
[00:00:36 -57409.665999] AUTODETECT spr round 1 (radius: 5)
[00:00:36 -56939.836741] AUTODETECT spr round 2 (radius: 10)
[00:00:37 -56819.139066] AUTODETECT spr round 3 (radius: 15)
[00:00:37 -56772.848347] AUTODETECT spr round 4 (radius: 20)
[00:00:38 -56756.570811] AUTODETECT spr round 5 (radius: 25)
[00:00:38 -56756.570811] SPR radius for FAST iterations: 20 (autodetect)
[00:00:38 -56756.570811] Model parameter optimization (eps = 3.000000)
[00:00:39 -56741.439715] FAST spr round 1 (radius: 20)
[00:00:41 -56494.054330] FAST spr round 2 (radius: 20)
[00:00:43 -56494.033782] Model parameter optimization (eps = 1.000000)
[00:00:44 -56467.944845] SLOW spr round 1 (radius: 5)
[00:00:46 -56467.941908] SLOW spr round 2 (radius: 10)
[00:00:48 -56467.941848] SLOW spr round 3 (radius: 15)
[00:00:50 -56467.941846] SLOW spr round 4 (radius: 20)
[00:00:51 -56467.941846] SLOW spr round 5 (radius: 25)
[00:00:52 -56467.941846] Model parameter optimization (eps = 0.100000)

[00:00:52] ML tree search #3, logLikelihood: -56467.078953

[00:00:52 -129813.335643] Initial branch length optimization
[00:00:52 -61142.419737] Model parameter optimization (eps = 10.000000)
[00:00:53 -57400.730319] AUTODETECT spr round 1 (radius: 5)
[00:00:54 -56915.778554] AUTODETECT spr round 2 (radius: 10)
[00:00:55 -56698.903095] AUTODETECT spr round 3 (radius: 15)
[00:00:55 -56601.647719] AUTODETECT spr round 4 (radius: 20)
[00:00:56 -56601.635654] SPR radius for FAST iterations: 15 (autodetect)
[00:00:56 -56601.635654] Model parameter optimization (eps = 3.000000)
[00:00:57 -56566.373513] FAST spr round 1 (radius: 15)
[00:00:59 -56471.750448] FAST spr round 2 (radius: 15)
[00:01:00 -56471.748970] Model parameter optimization (eps = 1.000000)
[00:01:00 -56467.452046] SLOW spr round 1 (radius: 5)
[00:01:02 -56467.445275] SLOW spr round 2 (radius: 10)
[00:01:04 -56467.430878] SLOW spr round 3 (radius: 15)
[00:01:05 -56467.430878] SLOW spr round 4 (radius: 20)
[00:01:07 -56467.430878] SLOW spr round 5 (radius: 25)
[00:01:08 -56467.430878] Model parameter optimization (eps = 0.100000)

[00:01:08] ML tree search #4, logLikelihood: -56467.044019

[00:01:08 -129810.024765] Initial branch length optimization
[00:01:08 -61123.568970] Model parameter optimization (eps = 10.000000)
[00:01:10 -57391.832111] AUTODETECT spr round 1 (radius: 5)
[00:01:10 -56986.580730] AUTODETECT spr round 2 (radius: 10)
[00:01:11 -56711.388432] AUTODETECT spr round 3 (radius: 15)
[00:01:11 -56640.355064] AUTODETECT spr round 4 (radius: 20)
[00:01:12 -56632.338607] AUTODETECT spr round 5 (radius: 25)
[00:01:12 -56632.338537] SPR radius for FAST iterations: 20 (autodetect)
[00:01:12 -56632.338537] Model parameter optimization (eps = 3.000000)
[00:01:13 -56604.458421] FAST spr round 1 (radius: 20)
[00:01:15 -56477.227600] FAST spr round 2 (radius: 20)
[00:01:16 -56476.129548] FAST spr round 3 (radius: 20)
[00:01:17 -56476.120102] Model parameter optimization (eps = 1.000000)
[00:01:18 -56467.837761] SLOW spr round 1 (radius: 5)
[00:01:19 -56467.834695] SLOW spr round 2 (radius: 10)
[00:01:21 -56467.834686] SLOW spr round 3 (radius: 15)
[00:01:23 -56467.834686] SLOW spr round 4 (radius: 20)
[00:01:24 -56467.834686] SLOW spr round 5 (radius: 25)
[00:01:25 -56467.834686] Model parameter optimization (eps = 0.100000)

[00:01:25] ML tree search #5, logLikelihood: -56467.043902

[00:01:25 -129819.070410] Initial branch length optimization
[00:01:26 -61172.094133] Model parameter optimization (eps = 10.000000)
[00:01:27 -57417.948467] AUTODETECT spr round 1 (radius: 5)
[00:01:27 -56975.051684] AUTODETECT spr round 2 (radius: 10)
[00:01:28 -56788.337703] AUTODETECT spr round 3 (radius: 15)
[00:01:28 -56726.054674] AUTODETECT spr round 4 (radius: 20)
[00:01:29 -56655.504894] AUTODETECT spr round 5 (radius: 25)
[00:01:29 -56655.492081] SPR radius for FAST iterations: 20 (autodetect)
[00:01:29 -56655.492081] Model parameter optimization (eps = 3.000000)
[00:01:30 -56620.652643] FAST spr round 1 (radius: 20)
[00:01:32 -56473.101271] FAST spr round 2 (radius: 20)
[00:01:33 -56473.094662] Model parameter optimization (eps = 1.000000)
[00:01:34 -56467.516083] SLOW spr round 1 (radius: 5)
[00:01:36 -56467.513113] SLOW spr round 2 (radius: 10)
[00:01:37 -56467.513097] SLOW spr round 3 (radius: 15)
[00:01:39 -56467.498720] SLOW spr round 4 (radius: 20)
[00:01:40 -56467.498720] SLOW spr round 5 (radius: 25)
[00:01:41 -56467.498720] Model parameter optimization (eps = 0.100000)

[00:01:42] ML tree search #6, logLikelihood: -56467.057050

[00:01:42 -129800.177104] Initial branch length optimization
[00:01:42 -61152.144041] Model parameter optimization (eps = 10.000000)
[00:01:43 -57413.449690] AUTODETECT spr round 1 (radius: 5)
[00:01:44 -56859.621587] AUTODETECT spr round 2 (radius: 10)
[00:01:44 -56747.628274] AUTODETECT spr round 3 (radius: 15)
[00:01:45 -56630.403019] AUTODETECT spr round 4 (radius: 20)
[00:01:46 -56630.388436] SPR radius for FAST iterations: 15 (autodetect)
[00:01:46 -56630.388436] Model parameter optimization (eps = 3.000000)
[00:01:47 -56592.636552] FAST spr round 1 (radius: 15)
[00:01:48 -56471.004145] FAST spr round 2 (radius: 15)
[00:01:50 -56471.001843] Model parameter optimization (eps = 1.000000)
[00:01:50 -56467.790326] SLOW spr round 1 (radius: 5)
[00:01:52 -56467.779477] SLOW spr round 2 (radius: 10)
[00:01:54 -56467.779467] SLOW spr round 3 (radius: 15)
[00:01:56 -56467.779467] SLOW spr round 4 (radius: 20)
[00:01:57 -56467.779467] SLOW spr round 5 (radius: 25)
[00:01:58 -56467.779467] Model parameter optimization (eps = 0.100000)

[00:01:58] ML tree search #7, logLikelihood: -56467.048852

[00:01:58 -129809.935927] Initial branch length optimization
[00:01:58 -61134.464105] Model parameter optimization (eps = 10.000000)
[00:01:59 -57400.689209] AUTODETECT spr round 1 (radius: 5)
[00:02:00 -56964.309492] AUTODETECT spr round 2 (radius: 10)
[00:02:00 -56856.320282] AUTODETECT spr round 3 (radius: 15)
[00:02:01 -56728.591980] AUTODETECT spr round 4 (radius: 20)
[00:02:02 -56728.497967] SPR radius for FAST iterations: 15 (autodetect)
[00:02:02 -56728.497967] Model parameter optimization (eps = 3.000000)
[00:02:02 -56716.930367] FAST spr round 1 (radius: 15)
[00:02:04 -56495.672898] FAST spr round 2 (radius: 15)
[00:02:05 -56495.653665] Model parameter optimization (eps = 1.000000)
[00:02:06 -56468.833204] SLOW spr round 1 (radius: 5)
[00:02:08 -56468.830157] SLOW spr round 2 (radius: 10)
[00:02:10 -56468.830084] SLOW spr round 3 (radius: 15)
[00:02:12 -56468.268458] SLOW spr round 4 (radius: 5)
[00:02:14 -56468.267303] SLOW spr round 5 (radius: 10)
[00:02:16 -56468.267302] SLOW spr round 6 (radius: 15)
[00:02:17 -56468.267302] SLOW spr round 7 (radius: 20)
[00:02:19 -56468.267302] SLOW spr round 8 (radius: 25)
[00:02:19 -56468.267302] Model parameter optimization (eps = 0.100000)

[00:02:20] ML tree search #8, logLikelihood: -56467.080634

[00:02:20 -129797.112997] Initial branch length optimization
[00:02:20 -61103.352333] Model parameter optimization (eps = 10.000000)
[00:02:21 -57374.525718] AUTODETECT spr round 1 (radius: 5)
[00:02:22 -56852.788744] AUTODETECT spr round 2 (radius: 10)
[00:02:23 -56651.901114] AUTODETECT spr round 3 (radius: 15)
[00:02:23 -56541.622501] AUTODETECT spr round 4 (radius: 20)
[00:02:24 -56541.609702] SPR radius for FAST iterations: 15 (autodetect)
[00:02:24 -56541.609702] Model parameter optimization (eps = 3.000000)
[00:02:25 -56499.944099] FAST spr round 1 (radius: 15)
[00:02:27 -56469.224650] FAST spr round 2 (radius: 15)
[00:02:28 -56469.223481] Model parameter optimization (eps = 1.000000)
[00:02:28 -56467.527014] SLOW spr round 1 (radius: 5)
[00:02:30 -56467.520324] SLOW spr round 2 (radius: 10)
[00:02:32 -56467.520313] SLOW spr round 3 (radius: 15)
[00:02:34 -56467.520313] SLOW spr round 4 (radius: 20)
[00:02:35 -56467.520313] SLOW spr round 5 (radius: 25)
[00:02:36 -56467.520313] Model parameter optimization (eps = 0.100000)

[00:02:36] ML tree search #9, logLikelihood: -56467.063911

[00:02:36 -126826.800646] Initial branch length optimization
[00:02:36 -59915.256727] Model parameter optimization (eps = 10.000000)
[00:02:37 -56478.220677] AUTODETECT spr round 1 (radius: 5)
[00:02:38 -56470.188020] AUTODETECT spr round 2 (radius: 10)
[00:02:38 -56470.188010] SPR radius for FAST iterations: 5 (autodetect)
[00:02:38 -56470.188010] Model parameter optimization (eps = 3.000000)
[00:02:38 -56468.914324] FAST spr round 1 (radius: 5)
[00:02:39 -56468.905437] Model parameter optimization (eps = 1.000000)
[00:02:39 -56468.088191] SLOW spr round 1 (radius: 5)
[00:02:41 -56468.083873] SLOW spr round 2 (radius: 10)
[00:02:42 -56468.081845] SLOW spr round 3 (radius: 15)
[00:02:44 -56468.081842] SLOW spr round 4 (radius: 20)
[00:02:45 -56468.081842] SLOW spr round 5 (radius: 25)
[00:02:45 -56468.067464] Model parameter optimization (eps = 0.100000)

[00:02:46] ML tree search #10, logLikelihood: -56467.136884

[00:02:46 -126821.844229] Initial branch length optimization
[00:02:46 -59905.818055] Model parameter optimization (eps = 10.000000)
[00:02:47 -56470.273879] AUTODETECT spr round 1 (radius: 5)
[00:02:48 -56470.270148] SPR radius for FAST iterations: 5 (autodetect)
[00:02:48 -56470.270148] Model parameter optimization (eps = 3.000000)
[00:02:48 -56468.986442] FAST spr round 1 (radius: 5)
[00:02:49 -56468.981144] Model parameter optimization (eps = 1.000000)
[00:02:49 -56468.123533] SLOW spr round 1 (radius: 5)
[00:02:50 -56468.114670] SLOW spr round 2 (radius: 10)
[00:02:52 -56468.112578] SLOW spr round 3 (radius: 15)
[00:02:53 -56468.112575] SLOW spr round 4 (radius: 20)
[00:02:54 -56468.112575] SLOW spr round 5 (radius: 25)
[00:02:55 -56468.112575] Model parameter optimization (eps = 0.100000)

[00:02:56] ML tree search #11, logLikelihood: -56467.156250

[00:02:56 -126821.652062] Initial branch length optimization
[00:02:56 -59908.395108] Model parameter optimization (eps = 10.000000)
[00:02:57 -56471.070672] AUTODETECT spr round 1 (radius: 5)
[00:02:58 -56471.067251] SPR radius for FAST iterations: 5 (autodetect)
[00:02:58 -56471.067251] Model parameter optimization (eps = 3.000000)
[00:02:58 -56469.697637] FAST spr round 1 (radius: 5)
[00:02:59 -56469.692549] Model parameter optimization (eps = 1.000000)
[00:02:59 -56468.945761] SLOW spr round 1 (radius: 5)
[00:03:00 -56468.937597] SLOW spr round 2 (radius: 10)
[00:03:02 -56468.935502] SLOW spr round 3 (radius: 15)
[00:03:03 -56468.935499] SLOW spr round 4 (radius: 20)
[00:03:04 -56468.935499] SLOW spr round 5 (radius: 25)
[00:03:05 -56468.935499] Model parameter optimization (eps = 0.100000)

[00:03:06] ML tree search #12, logLikelihood: -56467.909584

[00:03:06 -126826.572145] Initial branch length optimization
[00:03:07 -59911.263307] Model parameter optimization (eps = 10.000000)
[00:03:07 -56472.410213] AUTODETECT spr round 1 (radius: 5)
[00:03:08 -56472.406615] SPR radius for FAST iterations: 5 (autodetect)
[00:03:08 -56472.406615] Model parameter optimization (eps = 3.000000)
[00:03:08 -56471.011298] FAST spr round 1 (radius: 5)
[00:03:09 -56471.005979] Model parameter optimization (eps = 1.000000)
[00:03:09 -56470.213414] SLOW spr round 1 (radius: 5)
[00:03:10 -56470.106962] SLOW spr round 2 (radius: 5)
[00:03:12 -56468.839474] SLOW spr round 3 (radius: 5)
[00:03:14 -56468.839473] SLOW spr round 4 (radius: 10)
[00:03:16 -56468.839473] SLOW spr round 5 (radius: 15)
[00:03:17 -56468.032342] SLOW spr round 6 (radius: 5)
[00:03:19 -56468.032342] SLOW spr round 7 (radius: 10)
[00:03:21 -56468.032342] SLOW spr round 8 (radius: 15)
[00:03:22 -56468.032342] SLOW spr round 9 (radius: 20)
[00:03:23 -56468.032342] SLOW spr round 10 (radius: 25)
[00:03:24 -56468.032342] Model parameter optimization (eps = 0.100000)

[00:03:25] ML tree search #13, logLikelihood: -56467.145178

[00:03:25 -126821.844435] Initial branch length optimization
[00:03:25 -59905.804347] Model parameter optimization (eps = 10.000000)
[00:03:26 -56470.273432] AUTODETECT spr round 1 (radius: 5)
[00:03:26 -56470.269840] SPR radius for FAST iterations: 5 (autodetect)
[00:03:26 -56470.269840] Model parameter optimization (eps = 3.000000)
[00:03:27 -56468.985879] FAST spr round 1 (radius: 5)
[00:03:27 -56468.980528] Model parameter optimization (eps = 1.000000)
[00:03:27 -56468.123894] SLOW spr round 1 (radius: 5)
[00:03:29 -56468.114831] SLOW spr round 2 (radius: 10)
[00:03:30 -56468.112791] SLOW spr round 3 (radius: 15)
[00:03:32 -56468.112788] SLOW spr round 4 (radius: 20)
[00:03:33 -56468.112788] SLOW spr round 5 (radius: 25)
[00:03:34 -56468.112788] Model parameter optimization (eps = 0.100000)

[00:03:35] ML tree search #14, logLikelihood: -56467.155844

[00:03:35 -126822.498295] Initial branch length optimization
[00:03:35 -59905.803652] Model parameter optimization (eps = 10.000000)
[00:03:36 -56470.274186] AUTODETECT spr round 1 (radius: 5)
[00:03:36 -56470.269613] SPR radius for FAST iterations: 5 (autodetect)
[00:03:36 -56470.269613] Model parameter optimization (eps = 3.000000)
[00:03:37 -56468.985404] FAST spr round 1 (radius: 5)
[00:03:37 -56468.980022] Model parameter optimization (eps = 1.000000)
[00:03:38 -56468.123642] SLOW spr round 1 (radius: 5)
[00:03:39 -56468.115220] SLOW spr round 2 (radius: 10)
[00:03:41 -56468.113184] SLOW spr round 3 (radius: 15)
[00:03:42 -56468.113181] SLOW spr round 4 (radius: 20)
[00:03:43 -56468.113181] SLOW spr round 5 (radius: 25)
[00:03:45 -56468.113181] Model parameter optimization (eps = 0.100000)

[00:03:45] ML tree search #15, logLikelihood: -56467.155799

[00:03:45 -126827.452739] Initial branch length optimization
[00:03:46 -59906.730502] Model parameter optimization (eps = 10.000000)
[00:03:47 -56470.667230] AUTODETECT spr round 1 (radius: 5)
[00:03:47 -56470.148775] AUTODETECT spr round 2 (radius: 10)
[00:03:47 -56470.147035] SPR radius for FAST iterations: 5 (autodetect)
[00:03:47 -56470.147035] Model parameter optimization (eps = 3.000000)
[00:03:48 -56468.896494] FAST spr round 1 (radius: 5)
[00:03:48 -56468.890118] Model parameter optimization (eps = 1.000000)
[00:03:49 -56468.063436] SLOW spr round 1 (radius: 5)
[00:03:50 -56468.053101] SLOW spr round 2 (radius: 10)
[00:03:52 -56468.051372] SLOW spr round 3 (radius: 15)
[00:03:54 -56468.036811] SLOW spr round 4 (radius: 20)
[00:03:55 -56468.036811] SLOW spr round 5 (radius: 25)
[00:03:56 -56468.036811] Model parameter optimization (eps = 0.100000)

[00:03:57] ML tree search #16, logLikelihood: -56467.135254

[00:03:57 -126821.838769] Initial branch length optimization
[00:03:57 -59905.805690] Model parameter optimization (eps = 10.000000)
[00:03:58 -56470.272908] AUTODETECT spr round 1 (radius: 5)
[00:03:58 -56470.254911] SPR radius for FAST iterations: 5 (autodetect)
[00:03:58 -56470.254911] Model parameter optimization (eps = 3.000000)
[00:03:59 -56468.970672] FAST spr round 1 (radius: 5)
[00:03:59 -56468.965369] Model parameter optimization (eps = 1.000000)
[00:03:59 -56468.108514] SLOW spr round 1 (radius: 5)
[00:04:01 -56468.100101] SLOW spr round 2 (radius: 10)
[00:04:03 -56468.098056] SLOW spr round 3 (radius: 15)
[00:04:04 -56468.098052] SLOW spr round 4 (radius: 20)
[00:04:05 -56468.098052] SLOW spr round 5 (radius: 25)
[00:04:06 -56468.098052] Model parameter optimization (eps = 0.100000)

[00:04:07] ML tree search #17, logLikelihood: -56467.141448

[00:04:07 -126822.291524] Initial branch length optimization
[00:04:07 -59908.292258] Model parameter optimization (eps = 10.000000)
[00:04:08 -56471.071044] AUTODETECT spr round 1 (radius: 5)
[00:04:08 -56471.067107] SPR radius for FAST iterations: 5 (autodetect)
[00:04:08 -56471.067107] Model parameter optimization (eps = 3.000000)
[00:04:08 -56469.699492] FAST spr round 1 (radius: 5)
[00:04:09 -56469.693994] Model parameter optimization (eps = 1.000000)
[00:04:09 -56468.933466] SLOW spr round 1 (radius: 5)
[00:04:11 -56468.928951] SLOW spr round 2 (radius: 10)
[00:04:13 -56468.103626] SLOW spr round 3 (radius: 5)
[00:04:15 -56468.102808] SLOW spr round 4 (radius: 10)
[00:04:16 -56468.102806] SLOW spr round 5 (radius: 15)
[00:04:18 -56468.102806] SLOW spr round 6 (radius: 20)
[00:04:19 -56468.102806] SLOW spr round 7 (radius: 25)
[00:04:20 -56468.102806] Model parameter optimization (eps = 0.100000)

[00:04:21] ML tree search #18, logLikelihood: -56467.088681



Final LogLikelihood: -56467.043902

AIC score: 113294.087804 / AICc score: 113296.337260 / BIC score: 114784.513288
Free parameters (model + branch lengths): 180

Best ML tree saved to: /home/hikoyu/analysis/Genome/SARS-CoV-2/phylogeny/RAxML-NG/DNA/univ/sep/SARS-CoV-2_200320.3.raxml.bestTree
All ML trees saved to: /home/hikoyu/analysis/Genome/SARS-CoV-2/phylogeny/RAxML-NG/DNA/univ/sep/SARS-CoV-2_200320.3.raxml.mlTrees
Optimized model saved to: /home/hikoyu/analysis/Genome/SARS-CoV-2/phylogeny/RAxML-NG/DNA/univ/sep/SARS-CoV-2_200320.3.raxml.bestModel

Execution log saved to: /home/hikoyu/analysis/Genome/SARS-CoV-2/phylogeny/RAxML-NG/DNA/univ/sep/SARS-CoV-2_200320.3.raxml.log

Analysis started: 21-Mar-2020 18:55:45 / finished: 21-Mar-2020 19:00:06

Elapsed time: 261.367 seconds

