
RAxML-NG v. 0.9.0 released on 20.05.2019 by The Exelixis Lab.
Developed by: Alexey M. Kozlov and Alexandros Stamatakis.
Contributors: Diego Darriba, Tomas Flouri, Benoit Morel, Sarah Lutteropp, Ben Bettisworth.
Latest version: https://github.com/amkozlov/raxml-ng
Questions/problems/suggestions? Please visit: https://groups.google.com/forum/#!forum/raxml

RAxML-NG was called at 30-Mar-2020 01:17:24 as follows:

raxml-ng --threads 1 --search --tree rand{8},pars{8} --seed 1812624148 --prefix phylogeny/RAxML-NG/DNA/univ/sep/SARS-CoV-2_200328.8 --msa phylogeny/RAxML-NG/DNA/univ/sep/SARS-CoV-2_200328.raxml.rba --outgroup MG772933.1

Analysis options:
  run mode: ML tree search
  start tree(s): random (8) + parsimony (8)
  random seed: 1812624148
  tip-inner: OFF
  pattern compression: ON
  per-rate scalers: OFF
  site repeats: ON
  fast spr radius: AUTO
  spr subtree cutoff: 1.000000
  branch lengths: proportional (ML estimate, algorithm: NR-FAST)
  SIMD kernels: AVX2
  parallelization: NONE/sequential

[00:00:00] Loading binary alignment from file: phylogeny/RAxML-NG/DNA/univ/sep/SARS-CoV-2_200328.raxml.rba
[00:00:00] Alignment comprises 80 taxa, 3 partitions and 342 patterns

Partition 0: p1
Model: GTR+FO+B
Alignment sites / patterns: 9716 / 91
Gaps: 0.06 %
Invariant sites: 92.86 %

Partition 1: p2
Model: HKY+FO+I+G4m+B
Alignment sites / patterns: 9716 / 111
Gaps: 0.06 %
Invariant sites: 96.18 %

Partition 2: p3
Model: GTR+FO+I+G4m+B
Alignment sites / patterns: 9716 / 140
Gaps: 0.06 %
Invariant sites: 68.10 %


[00:00:00] Generating 8 random starting tree(s) with 80 taxa
[00:00:00] Generating 8 parsimony starting tree(s) with 80 taxa
[00:00:00] Data distribution: max. partitions/sites/weight per thread: 3 / 342 / 4380

Starting ML tree search with 16 distinct starting trees

[00:00:00 -244797.639743] Initial branch length optimization
[00:00:00 -61395.700371] Model parameter optimization (eps = 10.000000)
[00:00:01 -57761.530573] AUTODETECT spr round 1 (radius: 5)
[00:00:01 -57371.994557] AUTODETECT spr round 2 (radius: 10)
[00:00:02 -57182.360765] AUTODETECT spr round 3 (radius: 15)
[00:00:02 -57008.585690] AUTODETECT spr round 4 (radius: 20)
[00:00:02 -56947.857348] AUTODETECT spr round 5 (radius: 25)
[00:00:03 -56945.351880] SPR radius for FAST iterations: 25 (autodetect)
[00:00:03 -56945.351880] Model parameter optimization (eps = 3.000000)
[00:00:04 -56904.749928] FAST spr round 1 (radius: 25)
[00:00:06 -56800.218839] FAST spr round 2 (radius: 25)
[00:00:07 -56800.217121] Model parameter optimization (eps = 1.000000)
[00:00:07 -56799.345495] SLOW spr round 1 (radius: 5)
[00:00:09 -56799.343319] SLOW spr round 2 (radius: 10)
[00:00:11 -56799.128978] SLOW spr round 3 (radius: 5)
[00:00:12 -56799.128978] SLOW spr round 4 (radius: 10)
[00:00:14 -56799.128978] SLOW spr round 5 (radius: 15)
[00:00:16 -56799.128978] SLOW spr round 6 (radius: 20)
[00:00:17 -56799.128978] SLOW spr round 7 (radius: 25)
[00:00:18 -56799.128978] Model parameter optimization (eps = 0.100000)

[00:00:18] ML tree search #1, logLikelihood: -56798.605697

[00:00:18 -244811.972872] Initial branch length optimization
[00:00:18 -61412.686901] Model parameter optimization (eps = 10.000000)
[00:00:20 -57790.570239] AUTODETECT spr round 1 (radius: 5)
[00:00:20 -57359.717486] AUTODETECT spr round 2 (radius: 10)
[00:00:21 -57164.144419] AUTODETECT spr round 3 (radius: 15)
[00:00:21 -57093.744055] AUTODETECT spr round 4 (radius: 20)
[00:00:22 -57093.744054] SPR radius for FAST iterations: 15 (autodetect)
[00:00:22 -57093.744054] Model parameter optimization (eps = 3.000000)
[00:00:22 -57080.734684] FAST spr round 1 (radius: 15)
[00:00:24 -56824.829455] FAST spr round 2 (radius: 15)
[00:00:25 -56824.826883] Model parameter optimization (eps = 1.000000)
[00:00:26 -56799.195186] SLOW spr round 1 (radius: 5)
[00:00:27 -56799.183937] SLOW spr round 2 (radius: 10)
[00:00:29 -56798.970479] SLOW spr round 3 (radius: 5)
[00:00:31 -56798.970391] SLOW spr round 4 (radius: 10)
[00:00:33 -56798.970391] SLOW spr round 5 (radius: 15)
[00:00:35 -56798.970391] SLOW spr round 6 (radius: 20)
[00:00:36 -56798.970391] SLOW spr round 7 (radius: 25)
[00:00:37 -56798.970391] Model parameter optimization (eps = 0.100000)

[00:00:37] ML tree search #2, logLikelihood: -56798.600029

[00:00:37 -244824.683128] Initial branch length optimization
[00:00:37 -61465.730488] Model parameter optimization (eps = 10.000000)
[00:00:38 -57820.217011] AUTODETECT spr round 1 (radius: 5)
[00:00:39 -57323.610620] AUTODETECT spr round 2 (radius: 10)
[00:00:39 -57054.544594] AUTODETECT spr round 3 (radius: 15)
[00:00:40 -57054.544584] SPR radius for FAST iterations: 10 (autodetect)
[00:00:40 -57054.544584] Model parameter optimization (eps = 3.000000)
[00:00:41 -57036.842937] FAST spr round 1 (radius: 10)
[00:00:42 -56825.162637] FAST spr round 2 (radius: 10)
[00:00:43 -56825.148751] Model parameter optimization (eps = 1.000000)
[00:00:44 -56799.201515] SLOW spr round 1 (radius: 5)
[00:00:45 -56799.198190] SLOW spr round 2 (radius: 10)
[00:00:47 -56798.970349] SLOW spr round 3 (radius: 5)
[00:00:49 -56798.970348] SLOW spr round 4 (radius: 10)
[00:00:51 -56798.970348] SLOW spr round 5 (radius: 15)
[00:00:53 -56798.970348] SLOW spr round 6 (radius: 20)
[00:00:54 -56798.970348] SLOW spr round 7 (radius: 25)
[00:00:55 -56798.970348] Model parameter optimization (eps = 0.100000)

[00:00:56] ML tree search #3, logLikelihood: -56798.599762

[00:00:56 -244837.995449] Initial branch length optimization
[00:00:56 -61510.015030] Model parameter optimization (eps = 10.000000)
[00:00:57 -57857.466784] AUTODETECT spr round 1 (radius: 5)
[00:00:57 -57333.663286] AUTODETECT spr round 2 (radius: 10)
[00:00:58 -57043.465722] AUTODETECT spr round 3 (radius: 15)
[00:00:58 -56924.866459] AUTODETECT spr round 4 (radius: 20)
[00:00:59 -56924.866426] SPR radius for FAST iterations: 15 (autodetect)
[00:00:59 -56924.866426] Model parameter optimization (eps = 3.000000)
[00:01:00 -56880.848083] FAST spr round 1 (radius: 15)
[00:01:01 -56800.508731] FAST spr round 2 (radius: 15)
[00:01:02 -56800.507279] Model parameter optimization (eps = 1.000000)
[00:01:03 -56798.839714] SLOW spr round 1 (radius: 5)
[00:01:04 -56798.832537] SLOW spr round 2 (radius: 10)
[00:01:06 -56798.832517] SLOW spr round 3 (radius: 15)
[00:01:08 -56798.832516] SLOW spr round 4 (radius: 20)
[00:01:09 -56798.832516] SLOW spr round 5 (radius: 25)
[00:01:10 -56798.832516] Model parameter optimization (eps = 0.100000)

[00:01:10] ML tree search #4, logLikelihood: -56798.618895

[00:01:10 -244833.249482] Initial branch length optimization
[00:01:10 -61473.750013] Model parameter optimization (eps = 10.000000)
[00:01:11 -57838.885073] AUTODETECT spr round 1 (radius: 5)
[00:01:12 -57344.986021] AUTODETECT spr round 2 (radius: 10)
[00:01:12 -57088.464667] AUTODETECT spr round 3 (radius: 15)
[00:01:13 -56940.596383] AUTODETECT spr round 4 (radius: 20)
[00:01:13 -56940.591004] SPR radius for FAST iterations: 15 (autodetect)
[00:01:13 -56940.591004] Model parameter optimization (eps = 3.000000)
[00:01:14 -56906.882356] FAST spr round 1 (radius: 15)
[00:01:16 -56805.795165] FAST spr round 2 (radius: 15)
[00:01:17 -56804.382963] FAST spr round 3 (radius: 15)
[00:01:18 -56804.382963] Model parameter optimization (eps = 1.000000)
[00:01:18 -56799.017270] SLOW spr round 1 (radius: 5)
[00:01:19 -56799.011153] SLOW spr round 2 (radius: 10)
[00:01:21 -56799.011133] SLOW spr round 3 (radius: 15)
[00:01:23 -56798.799891] SLOW spr round 4 (radius: 5)
[00:01:25 -56798.799891] SLOW spr round 5 (radius: 10)
[00:01:27 -56798.799891] SLOW spr round 6 (radius: 15)
[00:01:28 -56798.799891] SLOW spr round 7 (radius: 20)
[00:01:30 -56798.799891] SLOW spr round 8 (radius: 25)
[00:01:31 -56798.799891] Model parameter optimization (eps = 0.100000)

[00:01:31] ML tree search #5, logLikelihood: -56798.602439

[00:01:31 -244828.951092] Initial branch length optimization
[00:01:31 -61488.586081] Model parameter optimization (eps = 10.000000)
[00:01:32 -57837.401584] AUTODETECT spr round 1 (radius: 5)
[00:01:32 -57410.805081] AUTODETECT spr round 2 (radius: 10)
[00:01:33 -57170.774672] AUTODETECT spr round 3 (radius: 15)
[00:01:34 -57136.443256] AUTODETECT spr round 4 (radius: 20)
[00:01:34 -57136.443255] SPR radius for FAST iterations: 15 (autodetect)
[00:01:34 -57136.443255] Model parameter optimization (eps = 3.000000)
[00:01:35 -57121.007161] FAST spr round 1 (radius: 15)
[00:01:36 -56827.005982] FAST spr round 2 (radius: 15)
[00:01:38 -56826.741919] FAST spr round 3 (radius: 15)
[00:01:39 -56826.741860] Model parameter optimization (eps = 1.000000)
[00:01:40 -56799.220270] SLOW spr round 1 (radius: 5)
[00:01:42 -56799.003097] SLOW spr round 2 (radius: 5)
[00:01:43 -56799.003030] SLOW spr round 3 (radius: 10)
[00:01:45 -56799.003029] SLOW spr round 4 (radius: 15)
[00:01:47 -56799.003029] SLOW spr round 5 (radius: 20)
[00:01:48 -56799.003029] SLOW spr round 6 (radius: 25)
[00:01:48 -56799.003029] Model parameter optimization (eps = 0.100000)

[00:01:49] ML tree search #6, logLikelihood: -56798.599449

[00:01:49 -244795.961975] Initial branch length optimization
[00:01:49 -61399.515809] Model parameter optimization (eps = 10.000000)
[00:01:50 -57775.054054] AUTODETECT spr round 1 (radius: 5)
[00:01:50 -57345.665033] AUTODETECT spr round 2 (radius: 10)
[00:01:51 -57153.023133] AUTODETECT spr round 3 (radius: 15)
[00:01:52 -57072.782881] AUTODETECT spr round 4 (radius: 20)
[00:01:52 -57072.782878] SPR radius for FAST iterations: 15 (autodetect)
[00:01:52 -57072.782878] Model parameter optimization (eps = 3.000000)
[00:01:53 -57058.070622] FAST spr round 1 (radius: 15)
[00:01:54 -56824.431446] FAST spr round 2 (radius: 15)
[00:01:55 -56824.199708] FAST spr round 3 (radius: 15)
[00:01:56 -56824.189465] Model parameter optimization (eps = 1.000000)
[00:01:57 -56799.203931] SLOW spr round 1 (radius: 5)
[00:01:59 -56799.200570] SLOW spr round 2 (radius: 10)
[00:02:01 -56798.987084] SLOW spr round 3 (radius: 5)
[00:02:03 -56798.987083] SLOW spr round 4 (radius: 10)
[00:02:05 -56798.987083] SLOW spr round 5 (radius: 15)
[00:02:06 -56798.972698] SLOW spr round 6 (radius: 20)
[00:02:08 -56798.972698] SLOW spr round 7 (radius: 25)
[00:02:09 -56798.972698] Model parameter optimization (eps = 0.100000)

[00:02:09] ML tree search #7, logLikelihood: -56798.600295

[00:02:09 -244840.967041] Initial branch length optimization
[00:02:09 -61502.682347] Model parameter optimization (eps = 10.000000)
[00:02:10 -57848.162776] AUTODETECT spr round 1 (radius: 5)
[00:02:10 -57375.926033] AUTODETECT spr round 2 (radius: 10)
[00:02:11 -57066.374104] AUTODETECT spr round 3 (radius: 15)
[00:02:12 -56910.062393] AUTODETECT spr round 4 (radius: 20)
[00:02:12 -56910.062313] SPR radius for FAST iterations: 15 (autodetect)
[00:02:12 -56910.062313] Model parameter optimization (eps = 3.000000)
[00:02:13 -56861.826234] FAST spr round 1 (radius: 15)
[00:02:15 -56799.909262] FAST spr round 2 (radius: 15)
[00:02:16 -56799.909258] Model parameter optimization (eps = 1.000000)
[00:02:16 -56799.239641] SLOW spr round 1 (radius: 5)
[00:02:18 -56799.023081] SLOW spr round 2 (radius: 5)
[00:02:20 -56799.023067] SLOW spr round 3 (radius: 10)
[00:02:23 -56799.023067] SLOW spr round 4 (radius: 15)
[00:02:25 -56799.023067] SLOW spr round 5 (radius: 20)
[00:02:25 -56799.023067] SLOW spr round 6 (radius: 25)
[00:02:25 -56799.023067] Model parameter optimization (eps = 0.100000)

[00:02:26] ML tree search #8, logLikelihood: -56798.598779

[00:02:26 -241972.316567] Initial branch length optimization
[00:02:26 -60217.190864] Model parameter optimization (eps = 10.000000)
[00:02:27 -56803.615488] AUTODETECT spr round 1 (radius: 5)
[00:02:27 -56799.821061] AUTODETECT spr round 2 (radius: 10)
[00:02:28 -56799.818953] SPR radius for FAST iterations: 5 (autodetect)
[00:02:28 -56799.818953] Model parameter optimization (eps = 3.000000)
[00:02:28 -56799.238871] FAST spr round 1 (radius: 5)
[00:02:29 -56799.231984] Model parameter optimization (eps = 1.000000)
[00:02:29 -56798.953808] SLOW spr round 1 (radius: 5)
[00:02:30 -56798.944873] SLOW spr round 2 (radius: 10)
[00:02:33 -56798.942799] SLOW spr round 3 (radius: 15)
[00:02:34 -56798.928403] SLOW spr round 4 (radius: 20)
[00:02:35 -56798.928403] SLOW spr round 5 (radius: 25)
[00:02:36 -56798.928403] Model parameter optimization (eps = 0.100000)

[00:02:37] ML tree search #9, logLikelihood: -56798.686419

[00:02:37 -241966.717679] Initial branch length optimization
[00:02:37 -60211.950828] Model parameter optimization (eps = 10.000000)
[00:02:38 -56801.414177] AUTODETECT spr round 1 (radius: 5)
[00:02:38 -56800.216344] AUTODETECT spr round 2 (radius: 10)
[00:02:39 -56800.199536] SPR radius for FAST iterations: 5 (autodetect)
[00:02:39 -56800.199536] Model parameter optimization (eps = 3.000000)
[00:02:39 -56799.574609] FAST spr round 1 (radius: 5)
[00:02:39 -56799.565345] Model parameter optimization (eps = 1.000000)
[00:02:40 -56799.203557] SLOW spr round 1 (radius: 5)
[00:02:41 -56799.193938] SLOW spr round 2 (radius: 10)
[00:02:43 -56798.993715] SLOW spr round 3 (radius: 5)
[00:02:45 -56798.993456] SLOW spr round 4 (radius: 10)
[00:02:47 -56798.993455] SLOW spr round 5 (radius: 15)
[00:02:49 -56798.993455] SLOW spr round 6 (radius: 20)
[00:02:50 -56798.993455] SLOW spr round 7 (radius: 25)
[00:02:51 -56798.993455] Model parameter optimization (eps = 0.100000)

[00:02:51] ML tree search #10, logLikelihood: -56798.707049

[00:02:51 -241971.408089] Initial branch length optimization
[00:02:51 -60223.193211] Model parameter optimization (eps = 10.000000)
[00:02:52 -56811.077806] AUTODETECT spr round 1 (radius: 5)
[00:02:52 -56800.933086] AUTODETECT spr round 2 (radius: 10)
[00:02:53 -56800.931452] SPR radius for FAST iterations: 5 (autodetect)
[00:02:53 -56800.931452] Model parameter optimization (eps = 3.000000)
[00:02:53 -56800.341166] FAST spr round 1 (radius: 5)
[00:02:53 -56800.333149] Model parameter optimization (eps = 1.000000)
[00:02:54 -56800.033859] SLOW spr round 1 (radius: 5)
[00:02:55 -56800.025141] SLOW spr round 2 (radius: 10)
[00:02:57 -56798.992968] SLOW spr round 3 (radius: 5)
[00:02:59 -56798.991713] SLOW spr round 4 (radius: 10)
[00:03:01 -56798.991710] SLOW spr round 5 (radius: 15)
[00:03:03 -56798.991710] SLOW spr round 6 (radius: 20)
[00:03:04 -56798.991710] SLOW spr round 7 (radius: 25)
[00:03:05 -56798.991710] Model parameter optimization (eps = 0.100000)

[00:03:05] ML tree search #11, logLikelihood: -56798.692780

[00:03:05 -241971.469706] Initial branch length optimization
[00:03:05 -60220.236921] Model parameter optimization (eps = 10.000000)
[00:03:06 -56808.876153] AUTODETECT spr round 1 (radius: 5)
[00:03:06 -56807.669506] AUTODETECT spr round 2 (radius: 10)
[00:03:07 -56800.149896] AUTODETECT spr round 3 (radius: 15)
[00:03:08 -56800.149333] SPR radius for FAST iterations: 10 (autodetect)
[00:03:08 -56800.149333] Model parameter optimization (eps = 3.000000)
[00:03:08 -56799.550099] FAST spr round 1 (radius: 10)
[00:03:09 -56799.542495] Model parameter optimization (eps = 1.000000)
[00:03:09 -56799.176773] SLOW spr round 1 (radius: 5)
[00:03:11 -56799.168091] SLOW spr round 2 (radius: 10)
[00:03:13 -56798.968083] SLOW spr round 3 (radius: 5)
[00:03:14 -56798.968074] SLOW spr round 4 (radius: 10)
[00:03:16 -56798.968074] SLOW spr round 5 (radius: 15)
[00:03:18 -56798.968074] SLOW spr round 6 (radius: 20)
[00:03:19 -56798.968074] SLOW spr round 7 (radius: 25)
[00:03:21 -56798.968074] Model parameter optimization (eps = 0.100000)

[00:03:21] ML tree search #12, logLikelihood: -56798.698782

[00:03:21 -241966.654476] Initial branch length optimization
[00:03:21 -60218.862944] Model parameter optimization (eps = 10.000000)
[00:03:22 -56803.931974] AUTODETECT spr round 1 (radius: 5)
[00:03:22 -56800.918354] AUTODETECT spr round 2 (radius: 10)
[00:03:23 -56800.901756] SPR radius for FAST iterations: 5 (autodetect)
[00:03:23 -56800.901756] Model parameter optimization (eps = 3.000000)
[00:03:23 -56800.324530] FAST spr round 1 (radius: 5)
[00:03:23 -56800.316757] Model parameter optimization (eps = 1.000000)
[00:03:24 -56800.017942] SLOW spr round 1 (radius: 5)
[00:03:25 -56800.008515] SLOW spr round 2 (radius: 10)
[00:03:27 -56799.798064] SLOW spr round 3 (radius: 5)
[00:03:29 -56799.798054] SLOW spr round 4 (radius: 10)
[00:03:31 -56799.798054] SLOW spr round 5 (radius: 15)
[00:03:33 -56798.991324] SLOW spr round 6 (radius: 5)
[00:03:34 -56798.990379] SLOW spr round 7 (radius: 10)
[00:03:36 -56798.990377] SLOW spr round 8 (radius: 15)
[00:03:38 -56798.990377] SLOW spr round 9 (radius: 20)
[00:03:39 -56798.990377] SLOW spr round 10 (radius: 25)
[00:03:40 -56798.990377] Model parameter optimization (eps = 0.100000)

[00:03:40] ML tree search #13, logLikelihood: -56798.692336

[00:03:40 -241966.603432] Initial branch length optimization
[00:03:40 -60214.599043] Model parameter optimization (eps = 10.000000)
[00:03:41 -56802.220843] AUTODETECT spr round 1 (radius: 5)
[00:03:42 -56801.009351] AUTODETECT spr round 2 (radius: 10)
[00:03:42 -56800.164757] AUTODETECT spr round 3 (radius: 15)
[00:03:43 -56800.164119] SPR radius for FAST iterations: 10 (autodetect)
[00:03:43 -56800.164119] Model parameter optimization (eps = 3.000000)
[00:03:43 -56799.552111] FAST spr round 1 (radius: 10)
[00:03:44 -56799.527655] Model parameter optimization (eps = 1.000000)
[00:03:44 -56799.187434] SLOW spr round 1 (radius: 5)
[00:03:46 -56799.177477] SLOW spr round 2 (radius: 10)
[00:03:48 -56798.977319] SLOW spr round 3 (radius: 5)
[00:03:49 -56798.976986] SLOW spr round 4 (radius: 10)
[00:03:52 -56798.976986] SLOW spr round 5 (radius: 15)
[00:03:54 -56798.976986] SLOW spr round 6 (radius: 20)
[00:03:55 -56798.976986] SLOW spr round 7 (radius: 25)
[00:03:55 -56798.976986] Model parameter optimization (eps = 0.100000)

[00:03:55] ML tree search #14, logLikelihood: -56798.702614

[00:03:55 -241971.646994] Initial branch length optimization
[00:03:55 -60219.912799] Model parameter optimization (eps = 10.000000)
[00:03:56 -56808.295901] AUTODETECT spr round 1 (radius: 5)
[00:03:57 -56807.092254] AUTODETECT spr round 2 (radius: 10)
[00:03:57 -56800.158880] AUTODETECT spr round 3 (radius: 15)
[00:03:58 -56800.158763] SPR radius for FAST iterations: 10 (autodetect)
[00:03:58 -56800.158763] Model parameter optimization (eps = 3.000000)
[00:03:58 -56799.560892] FAST spr round 1 (radius: 10)
[00:03:59 -56799.551891] Model parameter optimization (eps = 1.000000)
[00:03:59 -56799.192779] SLOW spr round 1 (radius: 5)
[00:04:01 -56798.985411] SLOW spr round 2 (radius: 5)
[00:04:02 -56798.982774] SLOW spr round 3 (radius: 10)
[00:04:04 -56798.982771] SLOW spr round 4 (radius: 15)
[00:04:06 -56798.968280] SLOW spr round 5 (radius: 20)
[00:04:07 -56798.968280] SLOW spr round 6 (radius: 25)
[00:04:08 -56798.968280] Model parameter optimization (eps = 0.100000)

[00:04:09] ML tree search #15, logLikelihood: -56798.698352

[00:04:09 -241966.711025] Initial branch length optimization
[00:04:09 -60211.966767] Model parameter optimization (eps = 10.000000)
[00:04:10 -56801.402434] AUTODETECT spr round 1 (radius: 5)
[00:04:10 -56800.187070] AUTODETECT spr round 2 (radius: 10)
[00:04:11 -56800.184949] SPR radius for FAST iterations: 5 (autodetect)
[00:04:11 -56800.184949] Model parameter optimization (eps = 3.000000)
[00:04:11 -56799.571477] FAST spr round 1 (radius: 5)
[00:04:11 -56799.561886] Model parameter optimization (eps = 1.000000)
[00:04:12 -56799.200105] SLOW spr round 1 (radius: 5)
[00:04:13 -56799.190421] SLOW spr round 2 (radius: 10)
[00:04:15 -56798.990110] SLOW spr round 3 (radius: 5)
[00:04:17 -56798.989848] SLOW spr round 4 (radius: 10)
[00:04:20 -56798.989848] SLOW spr round 5 (radius: 15)
[00:04:21 -56798.989848] SLOW spr round 6 (radius: 20)
[00:04:23 -56798.989848] SLOW spr round 7 (radius: 25)
[00:04:23 -56798.989848] Model parameter optimization (eps = 0.100000)

[00:04:24] ML tree search #16, logLikelihood: -56798.705463



Final LogLikelihood: -56798.598779

AIC score: 113963.197558 / AICc score: 113965.522651 / BIC score: 115478.463467
Free parameters (model + branch lengths): 183

Best ML tree saved to: /home/hikoyu/analysis/Genome/SARS-CoV-2/phylogeny/RAxML-NG/DNA/univ/sep/SARS-CoV-2_200328.8.raxml.bestTree
All ML trees saved to: /home/hikoyu/analysis/Genome/SARS-CoV-2/phylogeny/RAxML-NG/DNA/univ/sep/SARS-CoV-2_200328.8.raxml.mlTrees
Optimized model saved to: /home/hikoyu/analysis/Genome/SARS-CoV-2/phylogeny/RAxML-NG/DNA/univ/sep/SARS-CoV-2_200328.8.raxml.bestModel

Execution log saved to: /home/hikoyu/analysis/Genome/SARS-CoV-2/phylogeny/RAxML-NG/DNA/univ/sep/SARS-CoV-2_200328.8.raxml.log

Analysis started: 30-Mar-2020 01:17:24 / finished: 30-Mar-2020 01:21:48

Elapsed time: 264.189 seconds

