
RAxML-NG v. 0.9.0 released on 20.05.2019 by The Exelixis Lab.
Developed by: Alexey M. Kozlov and Alexandros Stamatakis.
Contributors: Diego Darriba, Tomas Flouri, Benoit Morel, Sarah Lutteropp, Ben Bettisworth.
Latest version: https://github.com/amkozlov/raxml-ng
Questions/problems/suggestions? Please visit: https://groups.google.com/forum/#!forum/raxml

RAxML-NG was called at 16-Mar-2020 02:19:07 as follows:

raxml-ng --threads 1 --search --tree rand{8},pars{8} --seed 745337005 --prefix phylogeny/RAxML-NG/DNA/univ/sep/SARS-CoV-2_200314.11 --msa phylogeny/RAxML-NG/DNA/univ/sep/SARS-CoV-2_200314.raxml.rba --outgroup MG772933.1

Analysis options:
  run mode: ML tree search
  start tree(s): random (8) + parsimony (8)
  random seed: 745337005
  tip-inner: OFF
  pattern compression: ON
  per-rate scalers: OFF
  site repeats: ON
  fast spr radius: AUTO
  spr subtree cutoff: 1.000000
  branch lengths: proportional (ML estimate, algorithm: NR-FAST)
  SIMD kernels: AVX2
  parallelization: NONE/sequential

[00:00:00] Loading binary alignment from file: phylogeny/RAxML-NG/DNA/univ/sep/SARS-CoV-2_200314.raxml.rba
[00:00:00] Alignment comprises 89 taxa, 3 partitions and 329 patterns

Partition 0: p1
Model: GTR+FO+G4m+B
Alignment sites / patterns: 9715 / 88
Gaps: 0.05 %
Invariant sites: 92.95 %

Partition 1: p2
Model: HKY+FO+I+G4m+B
Alignment sites / patterns: 9715 / 106
Gaps: 0.05 %
Invariant sites: 96.24 %

Partition 2: p3
Model: GTR+FO+I+G4m+B
Alignment sites / patterns: 9715 / 135
Gaps: 0.05 %
Invariant sites: 68.14 %


[00:00:00] Generating 8 random starting tree(s) with 89 taxa
[00:00:00] Generating 8 parsimony starting tree(s) with 89 taxa
[00:00:00] Data distribution: max. partitions/sites/weight per thread: 3 / 329 / 5264

Starting ML tree search with 16 distinct starting trees

[00:00:00 -134491.618099] Initial branch length optimization
[00:00:00 -61131.037274] Model parameter optimization (eps = 10.000000)
[00:00:01 -57415.052964] AUTODETECT spr round 1 (radius: 5)
[00:00:01 -57048.867569] AUTODETECT spr round 2 (radius: 10)
[00:00:02 -56885.647745] AUTODETECT spr round 3 (radius: 15)
[00:00:03 -56849.868486] AUTODETECT spr round 4 (radius: 20)
[00:00:04 -56817.299025] AUTODETECT spr round 5 (radius: 25)
[00:00:04 -56817.299025] SPR radius for FAST iterations: 20 (autodetect)
[00:00:04 -56817.299025] Model parameter optimization (eps = 3.000000)
[00:00:05 -56808.529332] FAST spr round 1 (radius: 20)
[00:00:07 -56572.983839] FAST spr round 2 (radius: 20)
[00:00:09 -56550.331869] FAST spr round 3 (radius: 20)
[00:00:10 -56550.331797] Model parameter optimization (eps = 1.000000)
[00:00:12 -56520.121425] SLOW spr round 1 (radius: 5)
[00:00:13 -56520.112604] SLOW spr round 2 (radius: 10)
[00:00:16 -56520.112536] SLOW spr round 3 (radius: 15)
[00:00:18 -56520.112534] SLOW spr round 4 (radius: 20)
[00:00:19 -56520.112534] SLOW spr round 5 (radius: 25)
[00:00:20 -56520.112534] Model parameter optimization (eps = 0.100000)

[00:00:21] ML tree search #1, logLikelihood: -56519.658035

[00:00:21 -134486.378045] Initial branch length optimization
[00:00:21 -61122.150154] Model parameter optimization (eps = 10.000000)
[00:00:22 -57408.378836] AUTODETECT spr round 1 (radius: 5)
[00:00:23 -57033.333901] AUTODETECT spr round 2 (radius: 10)
[00:00:24 -56735.560956] AUTODETECT spr round 3 (radius: 15)
[00:00:25 -56627.282321] AUTODETECT spr round 4 (radius: 20)
[00:00:25 -56627.281486] SPR radius for FAST iterations: 15 (autodetect)
[00:00:25 -56627.281486] Model parameter optimization (eps = 3.000000)
[00:00:26 -56594.851831] FAST spr round 1 (radius: 15)
[00:00:29 -56522.413909] FAST spr round 2 (radius: 15)
[00:00:30 -56522.411042] Model parameter optimization (eps = 1.000000)
[00:00:31 -56519.201547] SLOW spr round 1 (radius: 5)
[00:00:33 -56519.193161] SLOW spr round 2 (radius: 10)
[00:00:35 -56519.193154] SLOW spr round 3 (radius: 15)
[00:00:37 -56519.193153] SLOW spr round 4 (radius: 20)
[00:00:39 -56519.193153] SLOW spr round 5 (radius: 25)
[00:00:39 -56519.193153] Model parameter optimization (eps = 0.100000)

[00:00:40] ML tree search #2, logLikelihood: -56518.639301

[00:00:40 -134485.473197] Initial branch length optimization
[00:00:40 -61158.015225] Model parameter optimization (eps = 10.000000)
[00:00:41 -57433.154733] AUTODETECT spr round 1 (radius: 5)
[00:00:42 -56997.757581] AUTODETECT spr round 2 (radius: 10)
[00:00:42 -56842.803219] AUTODETECT spr round 3 (radius: 15)
[00:00:43 -56803.430903] AUTODETECT spr round 4 (radius: 20)
[00:00:44 -56756.995570] AUTODETECT spr round 5 (radius: 25)
[00:00:44 -56756.995568] SPR radius for FAST iterations: 20 (autodetect)
[00:00:44 -56756.995568] Model parameter optimization (eps = 3.000000)
[00:00:45 -56742.803171] FAST spr round 1 (radius: 20)
[00:00:48 -56545.239729] FAST spr round 2 (radius: 20)
[00:00:50 -56545.234830] Model parameter optimization (eps = 1.000000)
[00:00:51 -56519.459239] SLOW spr round 1 (radius: 5)
[00:00:53 -56519.450555] SLOW spr round 2 (radius: 10)
[00:00:56 -56519.450165] SLOW spr round 3 (radius: 15)
[00:00:58 -56519.450162] SLOW spr round 4 (radius: 20)
[00:00:59 -56519.450162] SLOW spr round 5 (radius: 25)
[00:01:00 -56519.450162] Model parameter optimization (eps = 0.100000)

[00:01:01] ML tree search #3, logLikelihood: -56518.640694

[00:01:01 -134466.339670] Initial branch length optimization
[00:01:01 -61111.113367] Model parameter optimization (eps = 10.000000)
[00:01:02 -57398.210377] AUTODETECT spr round 1 (radius: 5)
[00:01:03 -57031.053238] AUTODETECT spr round 2 (radius: 10)
[00:01:04 -56850.028091] AUTODETECT spr round 3 (radius: 15)
[00:01:05 -56721.924090] AUTODETECT spr round 4 (radius: 20)
[00:01:06 -56712.136194] AUTODETECT spr round 5 (radius: 25)
[00:01:06 -56709.884222] SPR radius for FAST iterations: 25 (autodetect)
[00:01:06 -56709.884222] Model parameter optimization (eps = 3.000000)
[00:01:07 -56698.942973] FAST spr round 1 (radius: 25)
[00:01:10 -56545.653134] FAST spr round 2 (radius: 25)
[00:01:13 -56545.464824] FAST spr round 3 (radius: 25)
[00:01:14 -56545.464631] Model parameter optimization (eps = 1.000000)
[00:01:16 -56519.493020] SLOW spr round 1 (radius: 5)
[00:01:17 -56519.483368] SLOW spr round 2 (radius: 10)
[00:01:20 -56519.483287] SLOW spr round 3 (radius: 15)
[00:01:22 -56519.483285] SLOW spr round 4 (radius: 20)
[00:01:24 -56519.483285] SLOW spr round 5 (radius: 25)
[00:01:25 -56519.483285] Model parameter optimization (eps = 0.100000)

[00:01:26] ML tree search #4, logLikelihood: -56518.658204

[00:01:26 -134493.194368] Initial branch length optimization
[00:01:26 -61145.579007] Model parameter optimization (eps = 10.000000)
[00:01:27 -57426.475349] AUTODETECT spr round 1 (radius: 5)
[00:01:27 -57080.397221] AUTODETECT spr round 2 (radius: 10)
[00:01:28 -56727.738791] AUTODETECT spr round 3 (radius: 15)
[00:01:29 -56690.111793] AUTODETECT spr round 4 (radius: 20)
[00:01:30 -56690.111793] SPR radius for FAST iterations: 15 (autodetect)
[00:01:30 -56690.111793] Model parameter optimization (eps = 3.000000)
[00:01:31 -56676.947544] FAST spr round 1 (radius: 15)
[00:01:33 -56544.215976] FAST spr round 2 (radius: 15)
[00:01:35 -56544.209538] Model parameter optimization (eps = 1.000000)
[00:01:36 -56519.399951] SLOW spr round 1 (radius: 5)
[00:01:38 -56519.387607] SLOW spr round 2 (radius: 10)
[00:01:41 -56519.387529] SLOW spr round 3 (radius: 15)
[00:01:43 -56519.387527] SLOW spr round 4 (radius: 20)
[00:01:45 -56519.387527] SLOW spr round 5 (radius: 25)
[00:01:46 -56519.387527] Model parameter optimization (eps = 0.100000)

[00:01:46] ML tree search #5, logLikelihood: -56518.647627

[00:01:46 -134497.133523] Initial branch length optimization
[00:01:46 -61195.065185] Model parameter optimization (eps = 10.000000)
[00:01:48 -57462.068417] AUTODETECT spr round 1 (radius: 5)
[00:01:48 -57006.293443] AUTODETECT spr round 2 (radius: 10)
[00:01:49 -56941.204328] AUTODETECT spr round 3 (radius: 15)
[00:01:49 -56909.115480] AUTODETECT spr round 4 (radius: 20)
[00:01:50 -56853.203015] AUTODETECT spr round 5 (radius: 25)
[00:01:51 -56777.569959] SPR radius for FAST iterations: 25 (autodetect)
[00:01:51 -56777.569959] Model parameter optimization (eps = 3.000000)
[00:01:51 -56763.933652] FAST spr round 1 (radius: 25)
[00:01:54 -56546.960341] FAST spr round 2 (radius: 25)
[00:01:56 -56546.669510] FAST spr round 3 (radius: 25)
[00:01:58 -56546.666215] Model parameter optimization (eps = 1.000000)
[00:01:59 -56519.555149] SLOW spr round 1 (radius: 5)
[00:02:01 -56519.546588] SLOW spr round 2 (radius: 10)
[00:02:03 -56519.546516] SLOW spr round 3 (radius: 15)
[00:02:05 -56519.546514] SLOW spr round 4 (radius: 20)
[00:02:07 -56519.546206] SLOW spr round 5 (radius: 25)
[00:02:08 -56519.546206] Model parameter optimization (eps = 0.100000)

[00:02:09] ML tree search #6, logLikelihood: -56518.650978

[00:02:09 -134470.070414] Initial branch length optimization
[00:02:09 -61099.649213] Model parameter optimization (eps = 10.000000)
[00:02:11 -57391.713639] AUTODETECT spr round 1 (radius: 5)
[00:02:11 -56979.496678] AUTODETECT spr round 2 (radius: 10)
[00:02:12 -56758.630674] AUTODETECT spr round 3 (radius: 15)
[00:02:13 -56748.269690] AUTODETECT spr round 4 (radius: 20)
[00:02:13 -56618.049715] AUTODETECT spr round 5 (radius: 25)
[00:02:14 -56611.006873] SPR radius for FAST iterations: 25 (autodetect)
[00:02:14 -56611.006873] Model parameter optimization (eps = 3.000000)
[00:02:15 -56576.012333] FAST spr round 1 (radius: 25)
[00:02:18 -56521.103708] FAST spr round 2 (radius: 25)
[00:02:20 -56521.100899] Model parameter optimization (eps = 1.000000)
[00:02:20 -56519.075299] SLOW spr round 1 (radius: 5)
[00:02:22 -56519.067742] SLOW spr round 2 (radius: 10)
[00:02:25 -56519.067722] SLOW spr round 3 (radius: 15)
[00:02:27 -56519.067722] SLOW spr round 4 (radius: 20)
[00:02:28 -56519.067722] SLOW spr round 5 (radius: 25)
[00:02:30 -56519.067722] Model parameter optimization (eps = 0.100000)

[00:02:30] ML tree search #7, logLikelihood: -56518.627534

[00:02:30 -134508.761291] Initial branch length optimization
[00:02:30 -61190.403708] Model parameter optimization (eps = 10.000000)
[00:02:31 -57455.809674] AUTODETECT spr round 1 (radius: 5)
[00:02:32 -56895.969397] AUTODETECT spr round 2 (radius: 10)
[00:02:33 -56750.139839] AUTODETECT spr round 3 (radius: 15)
[00:02:34 -56698.025502] AUTODETECT spr round 4 (radius: 20)
[00:02:35 -56684.631471] AUTODETECT spr round 5 (radius: 25)
[00:02:35 -56684.631471] SPR radius for FAST iterations: 20 (autodetect)
[00:02:35 -56684.631471] Model parameter optimization (eps = 3.000000)
[00:02:36 -56667.343013] FAST spr round 1 (radius: 20)
[00:02:38 -56544.769454] FAST spr round 2 (radius: 20)
[00:02:40 -56544.764678] Model parameter optimization (eps = 1.000000)
[00:02:42 -56519.454159] SLOW spr round 1 (radius: 5)
[00:02:44 -56519.450435] SLOW spr round 2 (radius: 10)
[00:02:46 -56519.450356] SLOW spr round 3 (radius: 15)
[00:02:49 -56519.450353] SLOW spr round 4 (radius: 20)
[00:02:50 -56519.450353] SLOW spr round 5 (radius: 25)
[00:02:51 -56519.450353] Model parameter optimization (eps = 0.100000)

[00:02:52] ML tree search #8, logLikelihood: -56518.644154

[00:02:52 -131503.834334] Initial branch length optimization
[00:02:52 -59958.628830] Model parameter optimization (eps = 10.000000)
[00:02:53 -56522.266496] AUTODETECT spr round 1 (radius: 5)
[00:02:53 -56522.262535] SPR radius for FAST iterations: 5 (autodetect)
[00:02:53 -56522.262535] Model parameter optimization (eps = 3.000000)
[00:02:54 -56521.037386] FAST spr round 1 (radius: 5)
[00:02:54 -56521.031470] Model parameter optimization (eps = 1.000000)
[00:02:55 -56520.393340] SLOW spr round 1 (radius: 5)
[00:02:56 -56520.383265] SLOW spr round 2 (radius: 10)
[00:02:58 -56519.528300] SLOW spr round 3 (radius: 5)
[00:03:00 -56519.525887] SLOW spr round 4 (radius: 10)
[00:03:02 -56519.525871] SLOW spr round 5 (radius: 15)
[00:03:03 -56519.525870] SLOW spr round 6 (radius: 20)
[00:03:05 -56519.525870] SLOW spr round 7 (radius: 25)
[00:03:06 -56519.525870] Model parameter optimization (eps = 0.100000)

[00:03:07] ML tree search #9, logLikelihood: -56518.692089

[00:03:07 -131508.107495] Initial branch length optimization
[00:03:07 -59967.405300] Model parameter optimization (eps = 10.000000)
[00:03:08 -56531.083675] AUTODETECT spr round 1 (radius: 5)
[00:03:09 -56522.187508] AUTODETECT spr round 2 (radius: 10)
[00:03:09 -56522.187352] SPR radius for FAST iterations: 5 (autodetect)
[00:03:09 -56522.187352] Model parameter optimization (eps = 3.000000)
[00:03:09 -56520.987841] FAST spr round 1 (radius: 5)
[00:03:10 -56520.982233] Model parameter optimization (eps = 1.000000)
[00:03:10 -56520.364767] SLOW spr round 1 (radius: 5)
[00:03:12 -56520.354914] SLOW spr round 2 (radius: 10)
[00:03:14 -56520.353000] SLOW spr round 3 (radius: 15)
[00:03:15 -56520.352982] SLOW spr round 4 (radius: 20)
[00:03:16 -56519.500516] SLOW spr round 5 (radius: 5)
[00:03:18 -56519.500516] SLOW spr round 6 (radius: 10)
[00:03:19 -56519.500516] SLOW spr round 7 (radius: 15)
[00:03:21 -56519.500516] SLOW spr round 8 (radius: 20)
[00:03:22 -56519.500516] SLOW spr round 9 (radius: 25)
[00:03:23 -56519.500516] Model parameter optimization (eps = 0.100000)

[00:03:24] ML tree search #10, logLikelihood: -56518.689802

[00:03:24 -131507.694642] Initial branch length optimization
[00:03:24 -59967.053675] Model parameter optimization (eps = 10.000000)
[00:03:25 -56531.095335] AUTODETECT spr round 1 (radius: 5)
[00:03:26 -56521.840440] AUTODETECT spr round 2 (radius: 10)
[00:03:26 -56521.318251] AUTODETECT spr round 3 (radius: 15)
[00:03:27 -56521.317862] SPR radius for FAST iterations: 10 (autodetect)
[00:03:27 -56521.317862] Model parameter optimization (eps = 3.000000)
[00:03:27 -56520.178220] FAST spr round 1 (radius: 10)
[00:03:28 -56520.169023] Model parameter optimization (eps = 1.000000)
[00:03:28 -56519.481858] SLOW spr round 1 (radius: 5)
[00:03:30 -56519.472850] SLOW spr round 2 (radius: 10)
[00:03:31 -56519.470849] SLOW spr round 3 (radius: 15)
[00:03:33 -56519.470832] SLOW spr round 4 (radius: 20)
[00:03:34 -56519.470832] SLOW spr round 5 (radius: 25)
[00:03:35 -56519.470832] Model parameter optimization (eps = 0.100000)

[00:03:36] ML tree search #11, logLikelihood: -56518.687387

[00:03:36 -131503.839873] Initial branch length optimization
[00:03:36 -59960.709447] Model parameter optimization (eps = 10.000000)
[00:03:37 -56523.528659] AUTODETECT spr round 1 (radius: 5)
[00:03:37 -56522.735246] AUTODETECT spr round 2 (radius: 10)
[00:03:38 -56522.193798] AUTODETECT spr round 3 (radius: 15)
[00:03:38 -56522.193771] SPR radius for FAST iterations: 10 (autodetect)
[00:03:38 -56522.193771] Model parameter optimization (eps = 3.000000)
[00:03:38 -56521.000270] FAST spr round 1 (radius: 10)
[00:03:39 -56520.994777] Model parameter optimization (eps = 1.000000)
[00:03:39 -56520.367823] SLOW spr round 1 (radius: 5)
[00:03:41 -56520.362695] SLOW spr round 2 (radius: 10)
[00:03:42 -56520.360776] SLOW spr round 3 (radius: 15)
[00:03:44 -56520.360758] SLOW spr round 4 (radius: 20)
[00:03:45 -56520.360758] SLOW spr round 5 (radius: 25)
[00:03:46 -56520.360758] Model parameter optimization (eps = 0.100000)

[00:03:47] ML tree search #12, logLikelihood: -56519.553922

[00:03:47 -131503.359425] Initial branch length optimization
[00:03:47 -59955.663309] Model parameter optimization (eps = 10.000000)
[00:03:48 -56523.953849] AUTODETECT spr round 1 (radius: 5)
[00:03:48 -56523.949847] SPR radius for FAST iterations: 5 (autodetect)
[00:03:48 -56523.949847] Model parameter optimization (eps = 3.000000)
[00:03:49 -56522.890642] FAST spr round 1 (radius: 5)
[00:03:49 -56522.885201] Model parameter optimization (eps = 1.000000)
[00:03:50 -56522.220634] SLOW spr round 1 (radius: 5)
[00:03:51 -56522.213198] SLOW spr round 2 (radius: 10)
[00:03:53 -56522.213198] SLOW spr round 3 (radius: 15)
[00:03:54 -56522.213198] SLOW spr round 4 (radius: 20)
[00:03:55 -56522.213198] SLOW spr round 5 (radius: 25)
[00:03:56 -56519.815400] SLOW spr round 6 (radius: 5)
[00:03:57 -56519.815400] SLOW spr round 7 (radius: 10)
[00:03:59 -56519.815400] SLOW spr round 8 (radius: 15)
[00:04:00 -56519.815400] SLOW spr round 9 (radius: 20)
[00:04:01 -56519.815400] SLOW spr round 10 (radius: 25)
[00:04:03 -56519.815400] Model parameter optimization (eps = 0.100000)

[00:04:03] ML tree search #13, logLikelihood: -56518.713974

[00:04:03 -131506.979543] Initial branch length optimization
[00:04:03 -59964.716668] Model parameter optimization (eps = 10.000000)
[00:04:05 -56528.873710] AUTODETECT spr round 1 (radius: 5)
[00:04:05 -56521.392199] AUTODETECT spr round 2 (radius: 10)
[00:04:06 -56521.392196] SPR radius for FAST iterations: 5 (autodetect)
[00:04:06 -56521.392196] Model parameter optimization (eps = 3.000000)
[00:04:06 -56520.234550] FAST spr round 1 (radius: 5)
[00:04:06 -56520.229025] Model parameter optimization (eps = 1.000000)
[00:04:07 -56519.499610] SLOW spr round 1 (radius: 5)
[00:04:08 -56519.492138] SLOW spr round 2 (radius: 10)
[00:04:10 -56519.492138] SLOW spr round 3 (radius: 15)
[00:04:11 -56519.492138] SLOW spr round 4 (radius: 20)
[00:04:12 -56519.492138] SLOW spr round 5 (radius: 25)
[00:04:13 -56519.492138] Model parameter optimization (eps = 0.100000)

[00:04:14] ML tree search #14, logLikelihood: -56518.696699

[00:04:14 -131504.012750] Initial branch length optimization
[00:04:14 -59955.497278] Model parameter optimization (eps = 10.000000)
[00:04:15 -56523.947634] AUTODETECT spr round 1 (radius: 5)
[00:04:16 -56523.943415] SPR radius for FAST iterations: 5 (autodetect)
[00:04:16 -56523.943415] Model parameter optimization (eps = 3.000000)
[00:04:16 -56522.886579] FAST spr round 1 (radius: 5)
[00:04:16 -56522.880776] Model parameter optimization (eps = 1.000000)
[00:04:17 -56522.220820] SLOW spr round 1 (radius: 5)
[00:04:18 -56522.215624] SLOW spr round 2 (radius: 10)
[00:04:20 -56522.213632] SLOW spr round 3 (radius: 15)
[00:04:21 -56522.213615] SLOW spr round 4 (radius: 20)
[00:04:22 -56522.213614] SLOW spr round 5 (radius: 25)
[00:04:23 -56519.817864] SLOW spr round 6 (radius: 5)
[00:04:24 -56519.817864] SLOW spr round 7 (radius: 10)
[00:04:26 -56519.817864] SLOW spr round 8 (radius: 15)
[00:04:27 -56519.817864] SLOW spr round 9 (radius: 20)
[00:04:28 -56519.817864] SLOW spr round 10 (radius: 25)
[00:04:29 -56519.817864] Model parameter optimization (eps = 0.100000)

[00:04:30] ML tree search #15, logLikelihood: -56518.699439

[00:04:30 -131504.071749] Initial branch length optimization
[00:04:30 -59956.215371] Model parameter optimization (eps = 10.000000)
[00:04:31 -56521.436786] AUTODETECT spr round 1 (radius: 5)
[00:04:31 -56521.432782] SPR radius for FAST iterations: 5 (autodetect)
[00:04:31 -56521.432782] Model parameter optimization (eps = 3.000000)
[00:04:32 -56520.262727] FAST spr round 1 (radius: 5)
[00:04:32 -56520.256981] Model parameter optimization (eps = 1.000000)
[00:04:32 -56519.533649] SLOW spr round 1 (radius: 5)
[00:04:34 -56519.525269] SLOW spr round 2 (radius: 10)
[00:04:35 -56519.525269] SLOW spr round 3 (radius: 15)
[00:04:37 -56519.525269] SLOW spr round 4 (radius: 20)
[00:04:38 -56519.525269] SLOW spr round 5 (radius: 25)
[00:04:38 -56519.525269] Model parameter optimization (eps = 0.100000)

[00:04:39] ML tree search #16, logLikelihood: -56518.702082



Final LogLikelihood: -56518.627534

AIC score: 113441.255069 / AICc score: 113444.088736 / BIC score: 115113.822876
Free parameters (model + branch lengths): 202

Best ML tree saved to: /home/hikoyu/analysis/Genome/SARS-CoV-2/phylogeny/RAxML-NG/DNA/univ/sep/SARS-CoV-2_200314.11.raxml.bestTree
All ML trees saved to: /home/hikoyu/analysis/Genome/SARS-CoV-2/phylogeny/RAxML-NG/DNA/univ/sep/SARS-CoV-2_200314.11.raxml.mlTrees
Optimized model saved to: /home/hikoyu/analysis/Genome/SARS-CoV-2/phylogeny/RAxML-NG/DNA/univ/sep/SARS-CoV-2_200314.11.raxml.bestModel

Execution log saved to: /home/hikoyu/analysis/Genome/SARS-CoV-2/phylogeny/RAxML-NG/DNA/univ/sep/SARS-CoV-2_200314.11.raxml.log

Analysis started: 16-Mar-2020 02:19:07 / finished: 16-Mar-2020 02:23:46

Elapsed time: 279.775 seconds

