
RAxML-NG v. 0.9.0 released on 20.05.2019 by The Exelixis Lab.
Developed by: Alexey M. Kozlov and Alexandros Stamatakis.
Contributors: Diego Darriba, Tomas Flouri, Benoit Morel, Sarah Lutteropp, Ben Bettisworth.
Latest version: https://github.com/amkozlov/raxml-ng
Questions/problems/suggestions? Please visit: https://groups.google.com/forum/#!forum/raxml

RAxML-NG was called at 19-Mar-2020 03:16:56 as follows:

raxml-ng --threads 1 --bootstrap --bs-trees 84 --seed 275437314 --prefix phylogeny/RAxML-NG/DNA/univ/sep/SARS-CoV-2_200318.0 --msa phylogeny/RAxML-NG/DNA/univ/sep/SARS-CoV-2_200318.raxml.rba --outgroup MG772933.1

Analysis options:
  run mode: Bootstrapping
  start tree(s): 
  bootstrap replicates: 84
  random seed: 275437314
  tip-inner: OFF
  pattern compression: ON
  per-rate scalers: OFF
  site repeats: ON
  branch lengths: proportional (ML estimate, algorithm: NR-FAST)
  SIMD kernels: AVX2
  parallelization: NONE/sequential

[00:00:00] Loading binary alignment from file: phylogeny/RAxML-NG/DNA/univ/sep/SARS-CoV-2_200318.raxml.rba
[00:00:00] Alignment comprises 74 taxa, 3 partitions and 319 patterns

Partition 0: p1
Model: GTR+FO+G4m+B
Alignment sites / patterns: 9716 / 86
Gaps: 0.06 %
Invariant sites: 92.97 %

Partition 1: p2
Model: HKY+FO+I+G4m+B
Alignment sites / patterns: 9716 / 102
Gaps: 0.06 %
Invariant sites: 96.27 %

Partition 2: p3
Model: GTR+FO+I+G4m+B
Alignment sites / patterns: 9716 / 131
Gaps: 0.06 %
Invariant sites: 68.17 %


[00:00:00] Data distribution: max. partitions/sites/weight per thread: 3 / 319 / 5104
[00:00:00] Starting bootstrapping analysis with 84 replicates.

[00:00:13] Bootstrap tree #1, logLikelihood: -56701.819505
[00:00:25] Bootstrap tree #2, logLikelihood: -56710.335985
[00:00:38] Bootstrap tree #3, logLikelihood: -56669.414975
[00:00:51] Bootstrap tree #4, logLikelihood: -56580.663887
[00:01:05] Bootstrap tree #5, logLikelihood: -56665.102953
[00:01:17] Bootstrap tree #6, logLikelihood: -56149.484573
[00:01:30] Bootstrap tree #7, logLikelihood: -56390.361724
[00:01:41] Bootstrap tree #8, logLikelihood: -55972.250338
[00:01:58] Bootstrap tree #9, logLikelihood: -56435.987291
[00:02:12] Bootstrap tree #10, logLikelihood: -56479.599962
[00:02:27] Bootstrap tree #11, logLikelihood: -56618.876465
[00:02:42] Bootstrap tree #12, logLikelihood: -56416.492693
[00:02:52] Bootstrap tree #13, logLikelihood: -56291.601993
[00:03:05] Bootstrap tree #14, logLikelihood: -56211.214135
[00:03:16] Bootstrap tree #15, logLikelihood: -56112.396898
[00:03:35] Bootstrap tree #16, logLikelihood: -56174.300444
[00:03:48] Bootstrap tree #17, logLikelihood: -56604.809717
[00:04:01] Bootstrap tree #18, logLikelihood: -56233.279675
[00:04:14] Bootstrap tree #19, logLikelihood: -56246.369503
[00:04:25] Bootstrap tree #20, logLikelihood: -56264.620264
[00:04:38] Bootstrap tree #21, logLikelihood: -56400.482121
[00:04:50] Bootstrap tree #22, logLikelihood: -56092.956141
[00:05:03] Bootstrap tree #23, logLikelihood: -56310.408585
[00:05:14] Bootstrap tree #24, logLikelihood: -55969.637075
[00:05:28] Bootstrap tree #25, logLikelihood: -56918.522637
[00:05:42] Bootstrap tree #26, logLikelihood: -56375.471959
[00:05:54] Bootstrap tree #27, logLikelihood: -56482.318503
[00:06:08] Bootstrap tree #28, logLikelihood: -56514.531504
[00:06:20] Bootstrap tree #29, logLikelihood: -56633.900933
[00:06:33] Bootstrap tree #30, logLikelihood: -55948.972806
[00:06:49] Bootstrap tree #31, logLikelihood: -56508.297177
[00:07:00] Bootstrap tree #32, logLikelihood: -56317.995932
[00:07:12] Bootstrap tree #33, logLikelihood: -56539.310591
[00:07:26] Bootstrap tree #34, logLikelihood: -56309.133171
[00:07:37] Bootstrap tree #35, logLikelihood: -56005.072081
[00:07:51] Bootstrap tree #36, logLikelihood: -56350.136497
[00:08:04] Bootstrap tree #37, logLikelihood: -56385.671536
[00:08:16] Bootstrap tree #38, logLikelihood: -56041.275221
[00:08:29] Bootstrap tree #39, logLikelihood: -56227.590229
[00:08:42] Bootstrap tree #40, logLikelihood: -56297.739664
[00:08:54] Bootstrap tree #41, logLikelihood: -56321.133715
[00:09:20] Bootstrap tree #42, logLikelihood: -56105.568690
[00:09:42] Bootstrap tree #43, logLikelihood: -56442.083621
[00:09:55] Bootstrap tree #44, logLikelihood: -56459.451514
[00:10:10] Bootstrap tree #45, logLikelihood: -56409.491795
[00:10:22] Bootstrap tree #46, logLikelihood: -56317.061322
[00:10:35] Bootstrap tree #47, logLikelihood: -56680.142960
[00:10:48] Bootstrap tree #48, logLikelihood: -56476.938069
[00:11:00] Bootstrap tree #49, logLikelihood: -56542.183131
[00:11:12] Bootstrap tree #50, logLikelihood: -56322.927789
[00:11:30] Bootstrap tree #51, logLikelihood: -56124.805059
[00:11:43] Bootstrap tree #52, logLikelihood: -56276.359603
[00:11:56] Bootstrap tree #53, logLikelihood: -56124.631387
[00:12:09] Bootstrap tree #54, logLikelihood: -56044.384330
[00:12:22] Bootstrap tree #55, logLikelihood: -56250.139312
[00:12:35] Bootstrap tree #56, logLikelihood: -56213.349353
[00:12:54] Bootstrap tree #57, logLikelihood: -55746.917473
[00:13:06] Bootstrap tree #58, logLikelihood: -56292.496633
[00:13:19] Bootstrap tree #59, logLikelihood: -56274.984237
[00:13:33] Bootstrap tree #60, logLikelihood: -56431.715109
[00:13:46] Bootstrap tree #61, logLikelihood: -56712.935092
[00:14:05] Bootstrap tree #62, logLikelihood: -56658.148405
[00:14:18] Bootstrap tree #63, logLikelihood: -56497.027203
[00:14:30] Bootstrap tree #64, logLikelihood: -56630.509080
[00:14:45] Bootstrap tree #65, logLikelihood: -56290.207200
[00:14:59] Bootstrap tree #66, logLikelihood: -56471.166256
[00:15:12] Bootstrap tree #67, logLikelihood: -56675.590450
[00:15:26] Bootstrap tree #68, logLikelihood: -56460.703717
[00:15:38] Bootstrap tree #69, logLikelihood: -56360.896036
[00:15:50] Bootstrap tree #70, logLikelihood: -56105.611551
[00:16:03] Bootstrap tree #71, logLikelihood: -56564.197634
[00:16:17] Bootstrap tree #72, logLikelihood: -56535.784137
[00:16:30] Bootstrap tree #73, logLikelihood: -55884.219867
[00:16:43] Bootstrap tree #74, logLikelihood: -56309.140406
[00:16:54] Bootstrap tree #75, logLikelihood: -56427.061182
[00:17:06] Bootstrap tree #76, logLikelihood: -56032.967480
[00:17:18] Bootstrap tree #77, logLikelihood: -56358.506817
[00:17:31] Bootstrap tree #78, logLikelihood: -56881.719524
[00:17:43] Bootstrap tree #79, logLikelihood: -55779.563854
[00:17:54] Bootstrap tree #80, logLikelihood: -56066.734850
[00:18:06] Bootstrap tree #81, logLikelihood: -56087.496345
[00:18:20] Bootstrap tree #82, logLikelihood: -56588.273063
[00:18:32] Bootstrap tree #83, logLikelihood: -55987.689150
[00:18:57] Bootstrap tree #84, logLikelihood: -56226.495595

Bootstrap trees saved to: /home/hikoyu/analysis/Genome/SARS-CoV-2/phylogeny/RAxML-NG/DNA/univ/sep/SARS-CoV-2_200318.0.raxml.bootstraps

Execution log saved to: /home/hikoyu/analysis/Genome/SARS-CoV-2/phylogeny/RAxML-NG/DNA/univ/sep/SARS-CoV-2_200318.0.raxml.log

Analysis started: 19-Mar-2020 03:16:56 / finished: 19-Mar-2020 03:35:53

Elapsed time: 1137.295 seconds

