
RAxML-NG v. 0.9.0 released on 20.05.2019 by The Exelixis Lab.
Developed by: Alexey M. Kozlov and Alexandros Stamatakis.
Contributors: Diego Darriba, Tomas Flouri, Benoit Morel, Sarah Lutteropp, Ben Bettisworth.
Latest version: https://github.com/amkozlov/raxml-ng
Questions/problems/suggestions? Please visit: https://groups.google.com/forum/#!forum/raxml

RAxML-NG was called at 21-Mar-2020 19:49:43 as follows:

raxml-ng --threads 1 --bootstrap --bs-trees 83 --seed 1982044802 --prefix phylogeny/RAxML-NG/DNA/univ/sep/SARS-CoV-2_200320.10 --msa phylogeny/RAxML-NG/DNA/univ/sep/SARS-CoV-2_200320.raxml.rba --outgroup MG772933.1

Analysis options:
  run mode: Bootstrapping
  start tree(s): 
  bootstrap replicates: 83
  random seed: 1982044802
  tip-inner: OFF
  pattern compression: ON
  per-rate scalers: OFF
  site repeats: ON
  branch lengths: proportional (ML estimate, algorithm: NR-FAST)
  SIMD kernels: AVX2
  parallelization: NONE/sequential

[00:00:00] Loading binary alignment from file: phylogeny/RAxML-NG/DNA/univ/sep/SARS-CoV-2_200320.raxml.rba
[00:00:00] Alignment comprises 78 taxa, 3 partitions and 324 patterns

Partition 0: p1
Model: GTR+FO+G4m+B
Alignment sites / patterns: 9716 / 88
Gaps: 0.06 %
Invariant sites: 92.95 %

Partition 1: p2
Model: HKY+FO+I+G4m+B
Alignment sites / patterns: 9716 / 104
Gaps: 0.06 %
Invariant sites: 96.25 %

Partition 2: p3
Model: GTR+FO+I+G4m+B
Alignment sites / patterns: 9716 / 132
Gaps: 0.06 %
Invariant sites: 68.17 %


[00:00:00] Data distribution: max. partitions/sites/weight per thread: 3 / 324 / 5184
[00:00:00] Starting bootstrapping analysis with 83 replicates.

[00:00:12] Bootstrap tree #1, logLikelihood: -56125.258019
[00:00:25] Bootstrap tree #2, logLikelihood: -56172.043347
[00:00:41] Bootstrap tree #3, logLikelihood: -56221.657415
[00:00:54] Bootstrap tree #4, logLikelihood: -56425.895245
[00:01:10] Bootstrap tree #5, logLikelihood: -56688.890741
[00:01:25] Bootstrap tree #6, logLikelihood: -56482.144320
[00:01:40] Bootstrap tree #7, logLikelihood: -55949.642273
[00:01:53] Bootstrap tree #8, logLikelihood: -56465.664716
[00:02:08] Bootstrap tree #9, logLikelihood: -56528.555035
[00:02:23] Bootstrap tree #10, logLikelihood: -56610.588105
[00:02:36] Bootstrap tree #11, logLikelihood: -56453.605224
[00:02:51] Bootstrap tree #12, logLikelihood: -56167.689363
[00:03:05] Bootstrap tree #13, logLikelihood: -56153.046405
[00:03:18] Bootstrap tree #14, logLikelihood: -56611.278926
[00:03:48] Bootstrap tree #15, logLikelihood: -56294.542735
[00:04:01] Bootstrap tree #16, logLikelihood: -56242.163363
[00:04:17] Bootstrap tree #17, logLikelihood: -55909.743205
[00:04:32] Bootstrap tree #18, logLikelihood: -56590.814936
[00:04:55] Bootstrap tree #19, logLikelihood: -56639.725630
[00:05:07] Bootstrap tree #20, logLikelihood: -56021.106438
[00:05:21] Bootstrap tree #21, logLikelihood: -56324.876868
[00:05:33] Bootstrap tree #22, logLikelihood: -56554.695001
[00:05:47] Bootstrap tree #23, logLikelihood: -56563.697154
[00:06:00] Bootstrap tree #24, logLikelihood: -56126.505683
[00:06:12] Bootstrap tree #25, logLikelihood: -56879.426735
[00:06:27] Bootstrap tree #26, logLikelihood: -56285.173098
[00:06:41] Bootstrap tree #27, logLikelihood: -56571.720101
[00:06:56] Bootstrap tree #28, logLikelihood: -56591.872560
[00:07:10] Bootstrap tree #29, logLikelihood: -56235.628686
[00:07:23] Bootstrap tree #30, logLikelihood: -56371.760384
[00:07:37] Bootstrap tree #31, logLikelihood: -56011.699689
[00:07:50] Bootstrap tree #32, logLikelihood: -56859.380736
[00:08:06] Bootstrap tree #33, logLikelihood: -56357.565923
[00:08:25] Bootstrap tree #34, logLikelihood: -56507.085651
[00:08:46] Bootstrap tree #35, logLikelihood: -56224.585714
[00:09:08] Bootstrap tree #36, logLikelihood: -56453.323653
[00:09:23] Bootstrap tree #37, logLikelihood: -56129.082579
[00:09:35] Bootstrap tree #38, logLikelihood: -56264.301287
[00:09:56] Bootstrap tree #39, logLikelihood: -55947.975925
[00:10:17] Bootstrap tree #40, logLikelihood: -56743.698057
[00:10:33] Bootstrap tree #41, logLikelihood: -56433.312697
[00:10:47] Bootstrap tree #42, logLikelihood: -56179.811776
[00:11:06] Bootstrap tree #43, logLikelihood: -56574.699002
[00:11:20] Bootstrap tree #44, logLikelihood: -56670.600015
[00:11:35] Bootstrap tree #45, logLikelihood: -56242.955938
[00:11:49] Bootstrap tree #46, logLikelihood: -56559.395442
[00:12:04] Bootstrap tree #47, logLikelihood: -56579.571120
[00:12:18] Bootstrap tree #48, logLikelihood: -56627.549065
[00:12:32] Bootstrap tree #49, logLikelihood: -56169.850520
[00:12:44] Bootstrap tree #50, logLikelihood: -56219.448280
[00:12:57] Bootstrap tree #51, logLikelihood: -56515.613057
[00:13:10] Bootstrap tree #52, logLikelihood: -55716.591794
[00:13:27] Bootstrap tree #53, logLikelihood: -56634.059502
[00:13:42] Bootstrap tree #54, logLikelihood: -56517.108738
[00:13:55] Bootstrap tree #55, logLikelihood: -56469.592032
[00:14:07] Bootstrap tree #56, logLikelihood: -56481.613224
[00:14:21] Bootstrap tree #57, logLikelihood: -56121.141086
[00:14:35] Bootstrap tree #58, logLikelihood: -56337.062665
[00:14:50] Bootstrap tree #59, logLikelihood: -56540.828254
[00:15:05] Bootstrap tree #60, logLikelihood: -56567.986982
[00:15:19] Bootstrap tree #61, logLikelihood: -56127.840536
[00:15:33] Bootstrap tree #62, logLikelihood: -56306.160391
[00:15:46] Bootstrap tree #63, logLikelihood: -56186.740707
[00:16:00] Bootstrap tree #64, logLikelihood: -55776.857049
[00:16:15] Bootstrap tree #65, logLikelihood: -56545.019431
[00:16:29] Bootstrap tree #66, logLikelihood: -56475.191239
[00:16:42] Bootstrap tree #67, logLikelihood: -56197.056204
[00:16:58] Bootstrap tree #68, logLikelihood: -56134.342734
[00:17:11] Bootstrap tree #69, logLikelihood: -55756.446172
[00:17:25] Bootstrap tree #70, logLikelihood: -56267.115111
[00:17:38] Bootstrap tree #71, logLikelihood: -55758.200080
[00:17:53] Bootstrap tree #72, logLikelihood: -56102.044404
[00:18:07] Bootstrap tree #73, logLikelihood: -56238.277410
[00:18:21] Bootstrap tree #74, logLikelihood: -56049.500576
[00:18:34] Bootstrap tree #75, logLikelihood: -56515.049751
[00:18:47] Bootstrap tree #76, logLikelihood: -56404.819367
[00:19:02] Bootstrap tree #77, logLikelihood: -56388.403078
[00:19:16] Bootstrap tree #78, logLikelihood: -56310.836188
[00:19:30] Bootstrap tree #79, logLikelihood: -56553.077784
[00:19:42] Bootstrap tree #80, logLikelihood: -56606.921853
[00:19:56] Bootstrap tree #81, logLikelihood: -56710.126822
[00:20:09] Bootstrap tree #82, logLikelihood: -56046.550950
[00:20:21] Bootstrap tree #83, logLikelihood: -56566.257349

Bootstrap trees saved to: /home/hikoyu/analysis/Genome/SARS-CoV-2/phylogeny/RAxML-NG/DNA/univ/sep/SARS-CoV-2_200320.10.raxml.bootstraps

Execution log saved to: /home/hikoyu/analysis/Genome/SARS-CoV-2/phylogeny/RAxML-NG/DNA/univ/sep/SARS-CoV-2_200320.10.raxml.log

Analysis started: 21-Mar-2020 19:49:43 / finished: 21-Mar-2020 20:10:04

Elapsed time: 1221.454 seconds

