
RAxML-NG v. 0.9.0 released on 20.05.2019 by The Exelixis Lab.
Developed by: Alexey M. Kozlov and Alexandros Stamatakis.
Contributors: Diego Darriba, Tomas Flouri, Benoit Morel, Sarah Lutteropp, Ben Bettisworth.
Latest version: https://github.com/amkozlov/raxml-ng
Questions/problems/suggestions? Please visit: https://groups.google.com/forum/#!forum/raxml

RAxML-NG was called at 21-Mar-2020 19:03:48 as follows:

raxml-ng --threads 1 --search --tree rand{8},pars{8} --seed 741764088 --prefix phylogeny/RAxML-NG/DNA/univ/sep/SARS-CoV-2_200320.8 --msa phylogeny/RAxML-NG/DNA/univ/sep/SARS-CoV-2_200320.raxml.rba --outgroup MG772933.1

Analysis options:
  run mode: ML tree search
  start tree(s): random (8) + parsimony (8)
  random seed: 741764088
  tip-inner: OFF
  pattern compression: ON
  per-rate scalers: OFF
  site repeats: ON
  fast spr radius: AUTO
  spr subtree cutoff: 1.000000
  branch lengths: proportional (ML estimate, algorithm: NR-FAST)
  SIMD kernels: AVX2
  parallelization: NONE/sequential

[00:00:00] Loading binary alignment from file: phylogeny/RAxML-NG/DNA/univ/sep/SARS-CoV-2_200320.raxml.rba
[00:00:00] Alignment comprises 78 taxa, 3 partitions and 324 patterns

Partition 0: p1
Model: GTR+FO+G4m+B
Alignment sites / patterns: 9716 / 88
Gaps: 0.06 %
Invariant sites: 92.95 %

Partition 1: p2
Model: HKY+FO+I+G4m+B
Alignment sites / patterns: 9716 / 104
Gaps: 0.06 %
Invariant sites: 96.25 %

Partition 2: p3
Model: GTR+FO+I+G4m+B
Alignment sites / patterns: 9716 / 132
Gaps: 0.06 %
Invariant sites: 68.17 %


[00:00:00] Generating 8 random starting tree(s) with 78 taxa
[00:00:00] Generating 8 parsimony starting tree(s) with 78 taxa
[00:00:00] Data distribution: max. partitions/sites/weight per thread: 3 / 324 / 5184

Starting ML tree search with 16 distinct starting trees

[00:00:00 -129832.583946] Initial branch length optimization
[00:00:00 -61190.545603] Model parameter optimization (eps = 10.000000)
[00:00:01 -57433.596490] AUTODETECT spr round 1 (radius: 5)
[00:00:01 -56921.712765] AUTODETECT spr round 2 (radius: 10)
[00:00:02 -56755.743299] AUTODETECT spr round 3 (radius: 15)
[00:00:02 -56653.105925] AUTODETECT spr round 4 (radius: 20)
[00:00:03 -56653.105905] SPR radius for FAST iterations: 15 (autodetect)
[00:00:03 -56653.105905] Model parameter optimization (eps = 3.000000)
[00:00:03 -56631.980992] FAST spr round 1 (radius: 15)
[00:00:05 -56493.293429] FAST spr round 2 (radius: 15)
[00:00:06 -56493.102030] FAST spr round 3 (radius: 15)
[00:00:07 -56493.101873] Model parameter optimization (eps = 1.000000)
[00:00:08 -56467.932464] SLOW spr round 1 (radius: 5)
[00:00:10 -56467.929603] SLOW spr round 2 (radius: 10)
[00:00:12 -56467.929542] SLOW spr round 3 (radius: 15)
[00:00:14 -56467.929540] SLOW spr round 4 (radius: 20)
[00:00:15 -56467.929540] SLOW spr round 5 (radius: 25)
[00:00:16 -56467.929540] Model parameter optimization (eps = 0.100000)

[00:00:17] ML tree search #1, logLikelihood: -56467.081468

[00:00:17 -129814.581026] Initial branch length optimization
[00:00:17 -61142.739526] Model parameter optimization (eps = 10.000000)
[00:00:18 -57406.880104] AUTODETECT spr round 1 (radius: 5)
[00:00:18 -56992.291240] AUTODETECT spr round 2 (radius: 10)
[00:00:19 -56695.576444] AUTODETECT spr round 3 (radius: 15)
[00:00:20 -56601.535376] AUTODETECT spr round 4 (radius: 20)
[00:00:20 -56586.756804] AUTODETECT spr round 5 (radius: 25)
[00:00:20 -56586.756729] SPR radius for FAST iterations: 20 (autodetect)
[00:00:20 -56586.756729] Model parameter optimization (eps = 3.000000)
[00:00:22 -56546.774153] FAST spr round 1 (radius: 20)
[00:00:24 -56469.818663] FAST spr round 2 (radius: 20)
[00:00:25 -56469.817370] Model parameter optimization (eps = 1.000000)
[00:00:25 -56467.621204] SLOW spr round 1 (radius: 5)
[00:00:27 -56467.614260] SLOW spr round 2 (radius: 10)
[00:00:29 -56467.614252] SLOW spr round 3 (radius: 15)
[00:00:31 -56467.614252] SLOW spr round 4 (radius: 20)
[00:00:33 -56467.614252] SLOW spr round 5 (radius: 25)
[00:00:33 -56467.614252] Model parameter optimization (eps = 0.100000)

[00:00:33] ML tree search #2, logLikelihood: -56467.083130

[00:00:33 -129809.172518] Initial branch length optimization
[00:00:34 -61150.406857] Model parameter optimization (eps = 10.000000)
[00:00:35 -57417.918115] AUTODETECT spr round 1 (radius: 5)
[00:00:35 -56814.224311] AUTODETECT spr round 2 (radius: 10)
[00:00:36 -56572.285411] AUTODETECT spr round 3 (radius: 15)
[00:00:36 -56531.576353] AUTODETECT spr round 4 (radius: 20)
[00:00:37 -56531.575360] SPR radius for FAST iterations: 15 (autodetect)
[00:00:37 -56531.575360] Model parameter optimization (eps = 3.000000)
[00:00:38 -56490.909436] FAST spr round 1 (radius: 15)
[00:00:40 -56469.716230] FAST spr round 2 (radius: 15)
[00:00:41 -56469.713672] Model parameter optimization (eps = 1.000000)
[00:00:41 -56467.587133] SLOW spr round 1 (radius: 5)
[00:00:43 -56467.580490] SLOW spr round 2 (radius: 10)
[00:00:45 -56467.580484] SLOW spr round 3 (radius: 15)
[00:00:46 -56467.580483] SLOW spr round 4 (radius: 20)
[00:00:47 -56467.580483] SLOW spr round 5 (radius: 25)
[00:00:48 -56467.580483] Model parameter optimization (eps = 0.100000)

[00:00:49] ML tree search #3, logLikelihood: -56467.062567

[00:00:49 -129797.775096] Initial branch length optimization
[00:00:49 -61056.496811] Model parameter optimization (eps = 10.000000)
[00:00:50 -57338.038183] AUTODETECT spr round 1 (radius: 5)
[00:00:50 -56878.876130] AUTODETECT spr round 2 (radius: 10)
[00:00:51 -56802.712750] AUTODETECT spr round 3 (radius: 15)
[00:00:52 -56787.129328] AUTODETECT spr round 4 (radius: 20)
[00:00:52 -56739.215133] AUTODETECT spr round 5 (radius: 25)
[00:00:52 -56739.215133] SPR radius for FAST iterations: 20 (autodetect)
[00:00:52 -56739.215133] Model parameter optimization (eps = 3.000000)
[00:00:53 -56728.531163] FAST spr round 1 (radius: 20)
[00:00:55 -56512.226893] FAST spr round 2 (radius: 20)
[00:00:57 -56494.443911] FAST spr round 3 (radius: 20)
[00:00:58 -56494.441952] Model parameter optimization (eps = 1.000000)
[00:00:59 -56467.984941] SLOW spr round 1 (radius: 5)
[00:01:01 -56467.981970] SLOW spr round 2 (radius: 10)
[00:01:03 -56467.981911] SLOW spr round 3 (radius: 15)
[00:01:05 -56467.981909] SLOW spr round 4 (radius: 20)
[00:01:06 -56467.981908] SLOW spr round 5 (radius: 25)
[00:01:07 -56467.981908] Model parameter optimization (eps = 0.100000)

[00:01:08] ML tree search #4, logLikelihood: -56467.079212

[00:01:08 -129798.079101] Initial branch length optimization
[00:01:08 -61099.653690] Model parameter optimization (eps = 10.000000)
[00:01:09 -57379.429791] AUTODETECT spr round 1 (radius: 5)
[00:01:09 -56895.199671] AUTODETECT spr round 2 (radius: 10)
[00:01:10 -56805.180673] AUTODETECT spr round 3 (radius: 15)
[00:01:11 -56652.112864] AUTODETECT spr round 4 (radius: 20)
[00:01:11 -56644.712498] AUTODETECT spr round 5 (radius: 25)
[00:01:11 -56644.712498] SPR radius for FAST iterations: 20 (autodetect)
[00:01:11 -56644.712498] Model parameter optimization (eps = 3.000000)
[00:01:12 -56628.823860] FAST spr round 1 (radius: 20)
[00:01:14 -56492.074136] FAST spr round 2 (radius: 20)
[00:01:15 -56492.057698] Model parameter optimization (eps = 1.000000)
[00:01:16 -56467.877496] SLOW spr round 1 (radius: 5)
[00:01:18 -56467.874586] SLOW spr round 2 (radius: 10)
[00:01:20 -56467.874519] SLOW spr round 3 (radius: 15)
[00:01:22 -56467.860136] SLOW spr round 4 (radius: 20)
[00:01:23 -56467.860136] SLOW spr round 5 (radius: 25)
[00:01:24 -56467.860136] Model parameter optimization (eps = 0.100000)

[00:01:25] ML tree search #5, logLikelihood: -56467.073615

[00:01:25 -129830.263659] Initial branch length optimization
[00:01:25 -61180.115870] Model parameter optimization (eps = 10.000000)
[00:01:26 -57429.978736] AUTODETECT spr round 1 (radius: 5)
[00:01:27 -57008.825445] AUTODETECT spr round 2 (radius: 10)
[00:01:27 -56803.802706] AUTODETECT spr round 3 (radius: 15)
[00:01:28 -56694.718663] AUTODETECT spr round 4 (radius: 20)
[00:01:28 -56679.080724] AUTODETECT spr round 5 (radius: 25)
[00:01:29 -56678.966590] SPR radius for FAST iterations: 25 (autodetect)
[00:01:29 -56678.966590] Model parameter optimization (eps = 3.000000)
[00:01:29 -56665.681154] FAST spr round 1 (radius: 25)
[00:01:32 -56531.065094] FAST spr round 2 (radius: 25)
[00:01:34 -56496.400621] FAST spr round 3 (radius: 25)
[00:01:35 -56496.399554] Model parameter optimization (eps = 1.000000)
[00:01:36 -56467.555878] SLOW spr round 1 (radius: 5)
[00:01:38 -56467.552723] SLOW spr round 2 (radius: 10)
[00:01:40 -56467.552653] SLOW spr round 3 (radius: 15)
[00:01:41 -56467.552651] SLOW spr round 4 (radius: 20)
[00:01:42 -56467.552651] SLOW spr round 5 (radius: 25)
[00:01:43 -56467.552651] Model parameter optimization (eps = 0.100000)

[00:01:44] ML tree search #6, logLikelihood: -56467.087715

[00:01:44 -129826.441656] Initial branch length optimization
[00:01:44 -61180.448142] Model parameter optimization (eps = 10.000000)
[00:01:45 -57427.933510] AUTODETECT spr round 1 (radius: 5)
[00:01:45 -57046.478748] AUTODETECT spr round 2 (radius: 10)
[00:01:46 -56722.975828] AUTODETECT spr round 3 (radius: 15)
[00:01:47 -56676.758399] AUTODETECT spr round 4 (radius: 20)
[00:01:47 -56676.758398] SPR radius for FAST iterations: 15 (autodetect)
[00:01:47 -56676.758398] Model parameter optimization (eps = 3.000000)
[00:01:48 -56657.859608] FAST spr round 1 (radius: 15)
[00:01:50 -56494.135880] FAST spr round 2 (radius: 15)
[00:01:51 -56493.954554] FAST spr round 3 (radius: 15)
[00:01:52 -56493.954545] Model parameter optimization (eps = 1.000000)
[00:01:53 -56467.991274] SLOW spr round 1 (radius: 5)
[00:01:55 -56467.983323] SLOW spr round 2 (radius: 10)
[00:01:58 -56467.983265] SLOW spr round 3 (radius: 15)
[00:01:59 -56467.983263] SLOW spr round 4 (radius: 20)
[00:02:00 -56467.983263] SLOW spr round 5 (radius: 25)
[00:02:01 -56467.983263] Model parameter optimization (eps = 0.100000)

[00:02:01] ML tree search #7, logLikelihood: -56467.086393

[00:02:01 -129795.129541] Initial branch length optimization
[00:02:01 -61115.078940] Model parameter optimization (eps = 10.000000)
[00:02:03 -57386.433582] AUTODETECT spr round 1 (radius: 5)
[00:02:03 -56917.813718] AUTODETECT spr round 2 (radius: 10)
[00:02:04 -56821.106459] AUTODETECT spr round 3 (radius: 15)
[00:02:04 -56706.064448] AUTODETECT spr round 4 (radius: 20)
[00:02:05 -56697.928776] AUTODETECT spr round 5 (radius: 25)
[00:02:05 -56697.928776] SPR radius for FAST iterations: 20 (autodetect)
[00:02:05 -56697.928776] Model parameter optimization (eps = 3.000000)
[00:02:06 -56681.727757] FAST spr round 1 (radius: 20)
[00:02:08 -56492.893473] FAST spr round 2 (radius: 20)
[00:02:09 -56492.607818] FAST spr round 3 (radius: 20)
[00:02:10 -56492.604714] Model parameter optimization (eps = 1.000000)
[00:02:11 -56467.897717] SLOW spr round 1 (radius: 5)
[00:02:13 -56467.889367] SLOW spr round 2 (radius: 10)
[00:02:15 -56467.889302] SLOW spr round 3 (radius: 15)
[00:02:17 -56467.889300] SLOW spr round 4 (radius: 20)
[00:02:18 -56467.889300] SLOW spr round 5 (radius: 25)
[00:02:19 -56467.889300] Model parameter optimization (eps = 0.100000)

[00:02:20] ML tree search #8, logLikelihood: -56467.075890

[00:02:20 -126826.088643] Initial branch length optimization
[00:02:20 -59914.134438] Model parameter optimization (eps = 10.000000)
[00:02:21 -56477.684361] AUTODETECT spr round 1 (radius: 5)
[00:02:21 -56477.680532] SPR radius for FAST iterations: 5 (autodetect)
[00:02:21 -56477.680532] Model parameter optimization (eps = 3.000000)
[00:02:22 -56476.406435] FAST spr round 1 (radius: 5)
[00:02:22 -56476.399354] Model parameter optimization (eps = 1.000000)
[00:02:23 -56475.557765] SLOW spr round 1 (radius: 5)
[00:02:24 -56475.532834] SLOW spr round 2 (radius: 10)
[00:02:26 -56468.124518] SLOW spr round 3 (radius: 5)
[00:02:28 -56468.124502] SLOW spr round 4 (radius: 10)
[00:02:30 -56468.124502] SLOW spr round 5 (radius: 15)
[00:02:32 -56468.124502] SLOW spr round 6 (radius: 20)
[00:02:33 -56468.124502] SLOW spr round 7 (radius: 25)
[00:02:34 -56468.124502] Model parameter optimization (eps = 0.100000)

[00:02:35] ML tree search #9, logLikelihood: -56467.126724

[00:02:35 -126827.436709] Initial branch length optimization
[00:02:35 -59916.593862] Model parameter optimization (eps = 10.000000)
[00:02:36 -56480.492431] AUTODETECT spr round 1 (radius: 5)
[00:02:36 -56470.106072] AUTODETECT spr round 2 (radius: 10)
[00:02:37 -56470.106064] SPR radius for FAST iterations: 5 (autodetect)
[00:02:37 -56470.106064] Model parameter optimization (eps = 3.000000)
[00:02:37 -56468.860588] FAST spr round 1 (radius: 5)
[00:02:38 -56468.852108] Model parameter optimization (eps = 1.000000)
[00:02:38 -56468.041259] SLOW spr round 1 (radius: 5)
[00:02:39 -56468.037373] SLOW spr round 2 (radius: 10)
[00:02:41 -56468.035327] SLOW spr round 3 (radius: 15)
[00:02:42 -56468.035324] SLOW spr round 4 (radius: 20)
[00:02:43 -56468.035324] SLOW spr round 5 (radius: 25)
[00:02:45 -56468.035324] Model parameter optimization (eps = 0.100000)

[00:02:46] ML tree search #10, logLikelihood: -56467.145071

[00:02:46 -126827.446044] Initial branch length optimization
[00:02:46 -59906.723120] Model parameter optimization (eps = 10.000000)
[00:02:47 -56470.668351] AUTODETECT spr round 1 (radius: 5)
[00:02:47 -56470.148866] AUTODETECT spr round 2 (radius: 10)
[00:02:47 -56470.146985] SPR radius for FAST iterations: 5 (autodetect)
[00:02:47 -56470.146985] Model parameter optimization (eps = 3.000000)
[00:02:48 -56468.896278] FAST spr round 1 (radius: 5)
[00:02:48 -56468.889391] Model parameter optimization (eps = 1.000000)
[00:02:49 -56468.062955] SLOW spr round 1 (radius: 5)
[00:02:50 -56468.053397] SLOW spr round 2 (radius: 10)
[00:02:52 -56468.051564] SLOW spr round 3 (radius: 15)
[00:02:53 -56468.051548] SLOW spr round 4 (radius: 20)
[00:02:54 -56468.051547] SLOW spr round 5 (radius: 25)
[00:02:56 -56468.051547] Model parameter optimization (eps = 0.100000)

[00:02:56] ML tree search #11, logLikelihood: -56467.149364

[00:02:56 -126821.845392] Initial branch length optimization
[00:02:56 -59905.805997] Model parameter optimization (eps = 10.000000)
[00:02:58 -56470.272821] AUTODETECT spr round 1 (radius: 5)
[00:02:58 -56470.269140] SPR radius for FAST iterations: 5 (autodetect)
[00:02:58 -56470.269140] Model parameter optimization (eps = 3.000000)
[00:02:58 -56468.985097] FAST spr round 1 (radius: 5)
[00:02:59 -56468.979742] Model parameter optimization (eps = 1.000000)
[00:02:59 -56468.123052] SLOW spr round 1 (radius: 5)
[00:03:00 -56468.114624] SLOW spr round 2 (radius: 10)
[00:03:02 -56468.112583] SLOW spr round 3 (radius: 15)
[00:03:04 -56468.112580] SLOW spr round 4 (radius: 20)
[00:03:05 -56468.112580] SLOW spr round 5 (radius: 25)
[00:03:06 -56468.112580] Model parameter optimization (eps = 0.100000)

[00:03:07] ML tree search #12, logLikelihood: -56467.155787

[00:03:07 -126827.289579] Initial branch length optimization
[00:03:07 -59909.315889] Model parameter optimization (eps = 10.000000)
[00:03:08 -56471.464524] AUTODETECT spr round 1 (radius: 5)
[00:03:08 -56470.930541] AUTODETECT spr round 2 (radius: 10)
[00:03:09 -56470.928896] SPR radius for FAST iterations: 5 (autodetect)
[00:03:09 -56470.928896] Model parameter optimization (eps = 3.000000)
[00:03:09 -56469.597045] FAST spr round 1 (radius: 5)
[00:03:10 -56469.591792] Model parameter optimization (eps = 1.000000)
[00:03:10 -56468.869840] SLOW spr round 1 (radius: 5)
[00:03:11 -56468.861263] SLOW spr round 2 (radius: 10)
[00:03:13 -56468.859118] SLOW spr round 3 (radius: 15)
[00:03:14 -56468.050692] SLOW spr round 4 (radius: 5)
[00:03:16 -56468.048293] SLOW spr round 5 (radius: 10)
[00:03:18 -56468.048277] SLOW spr round 6 (radius: 15)
[00:03:20 -56468.048277] SLOW spr round 7 (radius: 20)
[00:03:21 -56468.048277] SLOW spr round 8 (radius: 25)
[00:03:22 -56468.048277] Model parameter optimization (eps = 0.100000)

[00:03:22] ML tree search #13, logLikelihood: -56467.133285

[00:03:22 -126827.276523] Initial branch length optimization
[00:03:22 -59919.204108] Model parameter optimization (eps = 10.000000)
[00:03:23 -56480.378741] AUTODETECT spr round 1 (radius: 5)
[00:03:24 -56470.994465] AUTODETECT spr round 2 (radius: 10)
[00:03:24 -56470.994456] SPR radius for FAST iterations: 5 (autodetect)
[00:03:24 -56470.994456] Model parameter optimization (eps = 3.000000)
[00:03:24 -56469.644210] FAST spr round 1 (radius: 5)
[00:03:25 -56469.639271] Model parameter optimization (eps = 1.000000)
[00:03:25 -56468.908699] SLOW spr round 1 (radius: 5)
[00:03:27 -56468.900666] SLOW spr round 2 (radius: 10)
[00:03:28 -56468.898592] SLOW spr round 3 (radius: 15)
[00:03:30 -56468.898589] SLOW spr round 4 (radius: 20)
[00:03:31 -56468.091078] SLOW spr round 5 (radius: 5)
[00:03:32 -56468.090340] SLOW spr round 6 (radius: 10)
[00:03:34 -56468.090340] SLOW spr round 7 (radius: 15)
[00:03:35 -56468.090340] SLOW spr round 8 (radius: 20)
[00:03:36 -56468.090340] SLOW spr round 9 (radius: 25)
[00:03:37 -56468.090340] Model parameter optimization (eps = 0.100000)

[00:03:37] ML tree search #14, logLikelihood: -56467.152279

[00:03:37 -126821.650753] Initial branch length optimization
[00:03:37 -59908.422519] Model parameter optimization (eps = 10.000000)
[00:03:38 -56471.058564] AUTODETECT spr round 1 (radius: 5)
[00:03:39 -56470.206590] AUTODETECT spr round 2 (radius: 10)
[00:03:39 -56470.206520] SPR radius for FAST iterations: 5 (autodetect)
[00:03:39 -56470.206520] Model parameter optimization (eps = 3.000000)
[00:03:40 -56468.932151] FAST spr round 1 (radius: 5)
[00:03:40 -56468.925985] Model parameter optimization (eps = 1.000000)
[00:03:40 -56468.110540] SLOW spr round 1 (radius: 5)
[00:03:42 -56468.101220] SLOW spr round 2 (radius: 10)
[00:03:43 -56468.098772] SLOW spr round 3 (radius: 15)
[00:03:45 -56468.083116] SLOW spr round 4 (radius: 20)
[00:03:46 -56468.083112] SLOW spr round 5 (radius: 25)
[00:03:47 -56468.083112] Model parameter optimization (eps = 0.100000)

[00:03:48] ML tree search #15, logLikelihood: -56467.138427

[00:03:48 -126822.508471] Initial branch length optimization
[00:03:48 -59907.880440] Model parameter optimization (eps = 10.000000)
[00:03:49 -56471.522516] AUTODETECT spr round 1 (radius: 5)
[00:03:49 -56471.518411] SPR radius for FAST iterations: 5 (autodetect)
[00:03:49 -56471.518411] Model parameter optimization (eps = 3.000000)
[00:03:49 -56470.193139] FAST spr round 1 (radius: 5)
[00:03:50 -56470.187649] Model parameter optimization (eps = 1.000000)
[00:03:50 -56469.332496] SLOW spr round 1 (radius: 5)
[00:03:51 -56469.327764] SLOW spr round 2 (radius: 10)
[00:03:53 -56468.483996] SLOW spr round 3 (radius: 5)
[00:03:54 -56468.059218] SLOW spr round 4 (radius: 5)
[00:03:55 -56468.059209] SLOW spr round 5 (radius: 10)
[00:03:57 -56468.059208] SLOW spr round 6 (radius: 15)
[00:03:58 -56468.059208] SLOW spr round 7 (radius: 20)
[00:03:59 -56468.059208] SLOW spr round 8 (radius: 25)
[00:04:00 -56468.059208] Model parameter optimization (eps = 0.100000)

[00:04:00] ML tree search #16, logLikelihood: -56467.146571



Final LogLikelihood: -56467.062567

AIC score: 113294.125134 / AICc score: 113296.374590 / BIC score: 114784.550618
Free parameters (model + branch lengths): 180

Best ML tree saved to: /home/hikoyu/analysis/Genome/SARS-CoV-2/phylogeny/RAxML-NG/DNA/univ/sep/SARS-CoV-2_200320.8.raxml.bestTree
All ML trees saved to: /home/hikoyu/analysis/Genome/SARS-CoV-2/phylogeny/RAxML-NG/DNA/univ/sep/SARS-CoV-2_200320.8.raxml.mlTrees
Optimized model saved to: /home/hikoyu/analysis/Genome/SARS-CoV-2/phylogeny/RAxML-NG/DNA/univ/sep/SARS-CoV-2_200320.8.raxml.bestModel

Execution log saved to: /home/hikoyu/analysis/Genome/SARS-CoV-2/phylogeny/RAxML-NG/DNA/univ/sep/SARS-CoV-2_200320.8.raxml.log

Analysis started: 21-Mar-2020 19:03:48 / finished: 21-Mar-2020 19:07:49

Elapsed time: 240.705 seconds

