
RAxML-NG v. 0.9.0 released on 20.05.2019 by The Exelixis Lab.
Developed by: Alexey M. Kozlov and Alexandros Stamatakis.
Contributors: Diego Darriba, Tomas Flouri, Benoit Morel, Sarah Lutteropp, Ben Bettisworth.
Latest version: https://github.com/amkozlov/raxml-ng
Questions/problems/suggestions? Please visit: https://groups.google.com/forum/#!forum/raxml

RAxML-NG was called at 01-Apr-2020 05:01:51 as follows:

raxml-ng --threads 1 --bootstrap --bs-trees 83 --seed 3561315689 --prefix phylogeny/RAxML-NG/DNA/univ/sep/SARS-CoV-2_200331.9 --msa phylogeny/RAxML-NG/DNA/univ/sep/SARS-CoV-2_200331.raxml.rba --outgroup MG772933.1

Analysis options:
  run mode: Bootstrapping
  start tree(s): 
  bootstrap replicates: 83
  random seed: 3561315689
  tip-inner: OFF
  pattern compression: ON
  per-rate scalers: OFF
  site repeats: ON
  branch lengths: proportional (ML estimate, algorithm: NR-FAST)
  SIMD kernels: AVX2
  parallelization: NONE/sequential

[00:00:00] Loading binary alignment from file: phylogeny/RAxML-NG/DNA/univ/sep/SARS-CoV-2_200331.raxml.rba
[00:00:00] Alignment comprises 117 taxa, 3 partitions and 390 patterns

Partition 0: p1
Model: TIM3+B
Alignment sites / patterns: 9716 / 106
Gaps: 0.06 %
Invariant sites: 92.72 %

Partition 1: p2
Model: HKY+FO+I+G4m+B
Alignment sites / patterns: 9716 / 124
Gaps: 0.06 %
Invariant sites: 96.06 %

Partition 2: p3
Model: TIM3+I+G4m+B
Alignment sites / patterns: 9716 / 160
Gaps: 0.06 %
Invariant sites: 67.98 %


[00:00:00] Data distribution: max. partitions/sites/weight per thread: 3 / 390 / 4968
[00:00:00] Starting bootstrapping analysis with 83 replicates.

[00:00:38] Bootstrap tree #1, logLikelihood: -59237.416360
[00:01:09] Bootstrap tree #2, logLikelihood: -58948.334809
[00:01:35] Bootstrap tree #3, logLikelihood: -58528.247456
[00:02:03] Bootstrap tree #4, logLikelihood: -58897.578426
[00:02:29] Bootstrap tree #5, logLikelihood: -58692.485209
[00:02:56] Bootstrap tree #6, logLikelihood: -59290.519795
[00:03:20] Bootstrap tree #7, logLikelihood: -59295.473193
[00:03:45] Bootstrap tree #8, logLikelihood: -58908.033406
[00:04:07] Bootstrap tree #9, logLikelihood: -58903.950021
[00:04:26] Bootstrap tree #10, logLikelihood: -58788.720344
[00:05:00] Bootstrap tree #11, logLikelihood: -58762.798501
[00:05:21] Bootstrap tree #12, logLikelihood: -58940.747320
[00:05:46] Bootstrap tree #13, logLikelihood: -59351.270526
[00:06:13] Bootstrap tree #14, logLikelihood: -58879.030998
[00:06:36] Bootstrap tree #15, logLikelihood: -59335.317225
[00:07:09] Bootstrap tree #16, logLikelihood: -58972.293200
[00:07:36] Bootstrap tree #17, logLikelihood: -59107.533895
[00:08:01] Bootstrap tree #18, logLikelihood: -59366.746655
[00:08:24] Bootstrap tree #19, logLikelihood: -59367.622913
[00:08:52] Bootstrap tree #20, logLikelihood: -58774.341981
[00:09:20] Bootstrap tree #21, logLikelihood: -58795.887832
[00:09:45] Bootstrap tree #22, logLikelihood: -59465.392446
[00:10:11] Bootstrap tree #23, logLikelihood: -59018.404489
[00:10:37] Bootstrap tree #24, logLikelihood: -59235.862929
[00:11:06] Bootstrap tree #25, logLikelihood: -58974.341797
[00:11:28] Bootstrap tree #26, logLikelihood: -58792.731555
[00:11:55] Bootstrap tree #27, logLikelihood: -59194.946898
[00:12:23] Bootstrap tree #28, logLikelihood: -58927.048164
[00:12:47] Bootstrap tree #29, logLikelihood: -59284.804473
[00:13:10] Bootstrap tree #30, logLikelihood: -59011.650217
[00:13:36] Bootstrap tree #31, logLikelihood: -58583.821670
[00:14:00] Bootstrap tree #32, logLikelihood: -58878.387603
[00:14:24] Bootstrap tree #33, logLikelihood: -59402.205890
[00:14:49] Bootstrap tree #34, logLikelihood: -59075.802861
[00:15:25] Bootstrap tree #35, logLikelihood: -59709.146149
[00:15:48] Bootstrap tree #36, logLikelihood: -59103.674457
[00:16:23] Bootstrap tree #37, logLikelihood: -58618.618227
[00:16:47] Bootstrap tree #38, logLikelihood: -59338.408102
[00:17:22] Bootstrap tree #39, logLikelihood: -59193.721456
[00:17:47] Bootstrap tree #40, logLikelihood: -59023.939565
[00:18:09] Bootstrap tree #41, logLikelihood: -59190.796422
[00:18:33] Bootstrap tree #42, logLikelihood: -59478.912783
[00:19:03] Bootstrap tree #43, logLikelihood: -58841.356218
[00:19:26] Bootstrap tree #44, logLikelihood: -59034.565590
[00:19:54] Bootstrap tree #45, logLikelihood: -59286.145243
[00:20:20] Bootstrap tree #46, logLikelihood: -59057.586121
[00:20:44] Bootstrap tree #47, logLikelihood: -58906.186663
[00:21:15] Bootstrap tree #48, logLikelihood: -58746.866073
[00:21:40] Bootstrap tree #49, logLikelihood: -59386.946129
[00:22:04] Bootstrap tree #50, logLikelihood: -59192.487928
[00:22:31] Bootstrap tree #51, logLikelihood: -58938.973636
[00:22:57] Bootstrap tree #52, logLikelihood: -58749.808202
[00:23:23] Bootstrap tree #53, logLikelihood: -58761.128996
[00:23:49] Bootstrap tree #54, logLikelihood: -59340.009066
[00:24:13] Bootstrap tree #55, logLikelihood: -58719.583655
[00:24:35] Bootstrap tree #56, logLikelihood: -58850.427724
[00:24:58] Bootstrap tree #57, logLikelihood: -59517.462082
[00:25:21] Bootstrap tree #58, logLikelihood: -59026.294002
[00:25:45] Bootstrap tree #59, logLikelihood: -58817.764941
[00:26:07] Bootstrap tree #60, logLikelihood: -58970.494522
[00:26:33] Bootstrap tree #61, logLikelihood: -59194.273036
[00:26:55] Bootstrap tree #62, logLikelihood: -59026.343060
[00:27:19] Bootstrap tree #63, logLikelihood: -59499.433020
[00:28:02] Bootstrap tree #64, logLikelihood: -58812.193411
[00:28:36] Bootstrap tree #65, logLikelihood: -59181.610309
[00:29:03] Bootstrap tree #66, logLikelihood: -59282.960169
[00:29:27] Bootstrap tree #67, logLikelihood: -59033.627211
[00:29:54] Bootstrap tree #68, logLikelihood: -59683.347294
[00:30:23] Bootstrap tree #69, logLikelihood: -59073.087724
[00:31:02] Bootstrap tree #70, logLikelihood: -59029.217285
[00:31:33] Bootstrap tree #71, logLikelihood: -58860.254431
[00:32:00] Bootstrap tree #72, logLikelihood: -59082.663000
[00:32:29] Bootstrap tree #73, logLikelihood: -58895.648153
[00:32:58] Bootstrap tree #74, logLikelihood: -59300.226642
[00:33:26] Bootstrap tree #75, logLikelihood: -59080.024351
[00:33:49] Bootstrap tree #76, logLikelihood: -58678.180951
[00:34:14] Bootstrap tree #77, logLikelihood: -59422.521052
[00:34:36] Bootstrap tree #78, logLikelihood: -59164.799370
[00:35:06] Bootstrap tree #79, logLikelihood: -58611.059403
[00:35:35] Bootstrap tree #80, logLikelihood: -59152.353775
[00:36:00] Bootstrap tree #81, logLikelihood: -59087.513096
[00:36:22] Bootstrap tree #82, logLikelihood: -59070.633129
[00:36:47] Bootstrap tree #83, logLikelihood: -59156.771677

Bootstrap trees saved to: /home/hikoyu/analysis/Genome/SARS-CoV-2/phylogeny/RAxML-NG/DNA/univ/sep/SARS-CoV-2_200331.9.raxml.bootstraps

Execution log saved to: /home/hikoyu/analysis/Genome/SARS-CoV-2/phylogeny/RAxML-NG/DNA/univ/sep/SARS-CoV-2_200331.9.raxml.log

Analysis started: 01-Apr-2020 05:01:51 / finished: 01-Apr-2020 05:38:39

Elapsed time: 2207.248 seconds

