
RAxML-NG v. 0.9.0 released on 20.05.2019 by The Exelixis Lab.
Developed by: Alexey M. Kozlov and Alexandros Stamatakis.
Contributors: Diego Darriba, Tomas Flouri, Benoit Morel, Sarah Lutteropp, Ben Bettisworth.
Latest version: https://github.com/amkozlov/raxml-ng
Questions/problems/suggestions? Please visit: https://groups.google.com/forum/#!forum/raxml

RAxML-NG was called at 11-Apr-2020 12:18:36 as follows:

raxml-ng --threads 1 --bootstrap --bs-trees 83 --seed 2892743059 --prefix phylogeny/RAxML-NG/DNA/part/3rd/SARS-CoV-2_200407.10 --msa phylogeny/RAxML-NG/DNA/part/3rd/SARS-CoV-2_200407.raxml.rba --outgroup MG772933.1

Analysis options:
  run mode: Bootstrapping
  start tree(s): 
  bootstrap replicates: 83
  random seed: 2892743059
  tip-inner: OFF
  pattern compression: ON
  per-rate scalers: OFF
  site repeats: ON
  branch lengths: proportional (ML estimate, algorithm: NR-FAST)
  SIMD kernels: AVX2
  parallelization: NONE/sequential

[00:00:00] Loading binary alignment from file: phylogeny/RAxML-NG/DNA/part/3rd/SARS-CoV-2_200407.raxml.rba
[00:00:00] Alignment comprises 285 taxa, 22 partitions and 877 patterns

Partition 0: orf1ab_U
Model: TN93+FO+I+G4m+B
Alignment sites / patterns: 8808 / 146
Gaps: 0.07 %
Invariant sites: 95.49 %

Partition 1: orf1ab_U_p3
Model: TN93+FO+I+G4m+B
Alignment sites / patterns: 4404 / 127
Gaps: 0.07 %
Invariant sites: 73.41 %

Partition 2: orf1ab_D
Model: HKY+FO+I+G4m+B
Alignment sites / patterns: 5394 / 78
Gaps: 0.04 %
Invariant sites: 95.29 %

Partition 3: orf1ab_D_p3
Model: GTR+FO+I+G4m+B
Alignment sites / patterns: 2697 / 86
Gaps: 0.04 %
Invariant sites: 62.22 %

Partition 4: S
Model: TN93+FO+I+G4m+B
Alignment sites / patterns: 2548 / 70
Gaps: 0.01 %
Invariant sites: 86.42 %

Partition 5: S_p3
Model: HKY+FO+I+B
Alignment sites / patterns: 1274 / 86
Gaps: 0.01 %
Invariant sites: 49.92 %

Partition 6: ORF3a
Model: JC+I+G4m+B
Alignment sites / patterns: 552 / 29
Gaps: 0.00 %
Invariant sites: 92.03 %

Partition 7: ORF3a_p3
Model: TVM+FO+I+G4m+B
Alignment sites / patterns: 276 / 25
Gaps: 0.00 %
Invariant sites: 70.65 %

Partition 8: E
Model: JC+B
Alignment sites / patterns: 152 / 7
Gaps: 0.00 %
Invariant sites: 98.03 %

Partition 9: E_p3
Model: JC+B
Alignment sites / patterns: 76 / 7
Gaps: 0.00 %
Invariant sites: 96.05 %

Partition 10: M
Model: JC+I+B
Alignment sites / patterns: 446 / 14
Gaps: 0.00 %
Invariant sites: 96.86 %

Partition 11: M_p3
Model: K80+G4m+B
Alignment sites / patterns: 223 / 29
Gaps: 0.00 %
Invariant sites: 77.58 %

Partition 12: ORF6
Model: JC+B
Alignment sites / patterns: 124 / 8
Gaps: 0.00 %
Invariant sites: 95.16 %

Partition 13: ORF6_p3
Model: TN93ef+G4m+B
Alignment sites / patterns: 62 / 12
Gaps: 0.00 %
Invariant sites: 83.87 %

Partition 14: ORF7a
Model: K80+B
Alignment sites / patterns: 244 / 16
Gaps: 0.00 %
Invariant sites: 90.98 %

Partition 15: ORF7a_p3
Model: HKY+FO+I+B
Alignment sites / patterns: 122 / 17
Gaps: 0.00 %
Invariant sites: 77.87 %

Partition 16: ORF8
Model: TIM1+I+G4m+B
Alignment sites / patterns: 244 / 20
Gaps: 0.00 %
Invariant sites: 93.44 %

Partition 17: ORF8_p3
Model: HKY+FO+B
Alignment sites / patterns: 122 / 17
Gaps: 0.00 %
Invariant sites: 68.85 %

Partition 18: N
Model: HKY+FO+I+G4m+B
Alignment sites / patterns: 840 / 30
Gaps: 0.00 %
Invariant sites: 94.76 %

Partition 19: N_p3
Model: HKY+FO+G4m+B
Alignment sites / patterns: 420 / 40
Gaps: 0.00 %
Invariant sites: 74.76 %

Partition 20: ORF10
Model: JC+B
Alignment sites / patterns: 78 / 8
Gaps: 0.00 %
Invariant sites: 94.87 %

Partition 21: ORF10_p3
Model: JC+B
Alignment sites / patterns: 39 / 5
Gaps: 0.00 %
Invariant sites: 97.44 %


[00:00:00] Data distribution: max. partitions/sites/weight per thread: 22 / 877 / 11812
[00:00:00] Starting bootstrapping analysis with 83 replicates.

[00:08:42] Bootstrap tree #1, logLikelihood: -58119.770538
[00:18:51] Bootstrap tree #2, logLikelihood: -58660.573033
[00:33:08] Bootstrap tree #3, logLikelihood: -58690.360623
[00:42:12] Bootstrap tree #4, logLikelihood: -58520.746544
[00:52:14] Bootstrap tree #5, logLikelihood: -58666.645107
[01:05:21] Bootstrap tree #6, logLikelihood: -58746.372095
[01:15:15] Bootstrap tree #7, logLikelihood: -58553.969485
[01:25:15] Bootstrap tree #8, logLikelihood: -59381.407591
[01:35:44] Bootstrap tree #9, logLikelihood: -58732.656832
[01:46:12] Bootstrap tree #10, logLikelihood: -58698.815666
[01:55:39] Bootstrap tree #11, logLikelihood: -59018.154318
[02:05:48] Bootstrap tree #12, logLikelihood: -58799.655210
[02:14:01] Bootstrap tree #13, logLikelihood: -58757.164249
[02:23:18] Bootstrap tree #14, logLikelihood: -58812.674002
[02:33:50] Bootstrap tree #15, logLikelihood: -58686.811565
[02:47:42] Bootstrap tree #16, logLikelihood: -58660.698518
[03:00:05] Bootstrap tree #17, logLikelihood: -58976.966633
[03:10:02] Bootstrap tree #18, logLikelihood: -58493.668530
[03:19:21] Bootstrap tree #19, logLikelihood: -58446.428270
[03:29:06] Bootstrap tree #20, logLikelihood: -58369.410820
[03:38:06] Bootstrap tree #21, logLikelihood: -58843.083787
[03:53:29] Bootstrap tree #22, logLikelihood: -58936.163738
[04:04:19] Bootstrap tree #23, logLikelihood: -58410.539836
[04:13:49] Bootstrap tree #24, logLikelihood: -58945.272974
[04:27:00] Bootstrap tree #25, logLikelihood: -58531.974266
[04:35:59] Bootstrap tree #26, logLikelihood: -58566.188155
[04:46:21] Bootstrap tree #27, logLikelihood: -59189.055934
[04:58:21] Bootstrap tree #28, logLikelihood: -58412.878305
[05:09:27] Bootstrap tree #29, logLikelihood: -58809.308359
[05:22:06] Bootstrap tree #30, logLikelihood: -58464.464138
[05:34:58] Bootstrap tree #31, logLikelihood: -58710.198796
[05:45:20] Bootstrap tree #32, logLikelihood: -58355.051276
[05:56:01] Bootstrap tree #33, logLikelihood: -58762.224785
[06:10:26] Bootstrap tree #34, logLikelihood: -59145.076075
[06:20:57] Bootstrap tree #35, logLikelihood: -58731.687029
[06:29:22] Bootstrap tree #36, logLikelihood: -58961.633054
[06:38:52] Bootstrap tree #37, logLikelihood: -58955.047207
[06:48:40] Bootstrap tree #38, logLikelihood: -58869.976836
[06:58:33] Bootstrap tree #39, logLikelihood: -58685.820809
[07:08:52] Bootstrap tree #40, logLikelihood: -59006.789280
[07:25:44] Bootstrap tree #41, logLikelihood: -58743.318244
[07:38:30] Bootstrap tree #42, logLikelihood: -58977.973310
[07:47:50] Bootstrap tree #43, logLikelihood: -58647.782046
[07:58:28] Bootstrap tree #44, logLikelihood: -58647.193886
[08:09:14] Bootstrap tree #45, logLikelihood: -58757.767679
[08:22:05] Bootstrap tree #46, logLikelihood: -58335.495426
[08:31:55] Bootstrap tree #47, logLikelihood: -58739.108981
[08:41:08] Bootstrap tree #48, logLikelihood: -58442.317053
[08:50:26] Bootstrap tree #49, logLikelihood: -59104.352264
[09:03:41] Bootstrap tree #50, logLikelihood: -58847.780553
[09:15:08] Bootstrap tree #51, logLikelihood: -58624.290467
[09:24:03] Bootstrap tree #52, logLikelihood: -58719.154226
[09:34:50] Bootstrap tree #53, logLikelihood: -58805.168806
[09:44:00] Bootstrap tree #54, logLikelihood: -58674.864200
[09:54:34] Bootstrap tree #55, logLikelihood: -58632.724658
[10:04:22] Bootstrap tree #56, logLikelihood: -58474.292672
[10:17:05] Bootstrap tree #57, logLikelihood: -58586.439491
[10:27:31] Bootstrap tree #58, logLikelihood: -58730.566394
[10:38:57] Bootstrap tree #59, logLikelihood: -59513.941112
[10:47:26] Bootstrap tree #60, logLikelihood: -59228.556761
[11:03:07] Bootstrap tree #61, logLikelihood: -59192.959568
[11:13:56] Bootstrap tree #62, logLikelihood: -58886.006571
[11:25:37] Bootstrap tree #63, logLikelihood: -58695.969964
[11:35:11] Bootstrap tree #64, logLikelihood: -58309.149108
[11:45:51] Bootstrap tree #65, logLikelihood: -59118.396799
[11:55:34] Bootstrap tree #66, logLikelihood: -58565.068497
[12:04:37] Bootstrap tree #67, logLikelihood: -58536.328389
[12:12:58] Bootstrap tree #68, logLikelihood: -59022.514753
[12:22:07] Bootstrap tree #69, logLikelihood: -59141.715320
[12:33:02] Bootstrap tree #70, logLikelihood: -58685.980475
[12:42:03] Bootstrap tree #71, logLikelihood: -58718.078958
[12:52:08] Bootstrap tree #72, logLikelihood: -58497.227221
[13:02:19] Bootstrap tree #73, logLikelihood: -59171.441272
[13:11:56] Bootstrap tree #74, logLikelihood: -58690.743472
[13:22:07] Bootstrap tree #75, logLikelihood: -59119.943166
[13:31:36] Bootstrap tree #76, logLikelihood: -58448.288619
[13:41:07] Bootstrap tree #77, logLikelihood: -58553.465843
[13:48:45] Bootstrap tree #78, logLikelihood: -59112.762898
[13:59:07] Bootstrap tree #79, logLikelihood: -58480.320033
[14:07:53] Bootstrap tree #80, logLikelihood: -58046.696529
[14:16:47] Bootstrap tree #81, logLikelihood: -58571.620620
[14:25:26] Bootstrap tree #82, logLikelihood: -59209.020743
[14:35:15] Bootstrap tree #83, logLikelihood: -58999.087958

Bootstrap trees saved to: /home/hikoyu/analysis/Genome/SARS-CoV-2/phylogeny/RAxML-NG/DNA/part/3rd/SARS-CoV-2_200407.10.raxml.bootstraps

Execution log saved to: /home/hikoyu/analysis/Genome/SARS-CoV-2/phylogeny/RAxML-NG/DNA/part/3rd/SARS-CoV-2_200407.10.raxml.log

Analysis started: 11-Apr-2020 12:18:36 / finished: 12-Apr-2020 02:53:51

Elapsed time: 52515.272 seconds

