
RAxML-NG v. 0.9.0 released on 20.05.2019 by The Exelixis Lab.
Developed by: Alexey M. Kozlov and Alexandros Stamatakis.
Contributors: Diego Darriba, Tomas Flouri, Benoit Morel, Sarah Lutteropp, Ben Bettisworth.
Latest version: https://github.com/amkozlov/raxml-ng
Questions/problems/suggestions? Please visit: https://groups.google.com/forum/#!forum/raxml

RAxML-NG was called at 10-Apr-2020 01:01:38 as follows:

raxml-ng --threads 1 --search --tree rand{8},pars{8} --seed 1011331660 --prefix phylogeny/RAxML-NG/DNA/part/3rd/SARS-CoV-2_200407.5 --msa phylogeny/RAxML-NG/DNA/part/3rd/SARS-CoV-2_200407.raxml.rba --outgroup MG772933.1

Analysis options:
  run mode: ML tree search
  start tree(s): random (8) + parsimony (8)
  random seed: 1011331660
  tip-inner: OFF
  pattern compression: ON
  per-rate scalers: OFF
  site repeats: ON
  fast spr radius: AUTO
  spr subtree cutoff: 1.000000
  branch lengths: proportional (ML estimate, algorithm: NR-FAST)
  SIMD kernels: AVX2
  parallelization: NONE/sequential

[00:00:00] Loading binary alignment from file: phylogeny/RAxML-NG/DNA/part/3rd/SARS-CoV-2_200407.raxml.rba
[00:00:00] Alignment comprises 285 taxa, 22 partitions and 877 patterns

Partition 0: orf1ab_U
Model: TN93+FO+I+G4m+B
Alignment sites / patterns: 8808 / 146
Gaps: 0.07 %
Invariant sites: 95.49 %

Partition 1: orf1ab_U_p3
Model: TN93+FO+I+G4m+B
Alignment sites / patterns: 4404 / 127
Gaps: 0.07 %
Invariant sites: 73.41 %

Partition 2: orf1ab_D
Model: HKY+FO+I+G4m+B
Alignment sites / patterns: 5394 / 78
Gaps: 0.04 %
Invariant sites: 95.29 %

Partition 3: orf1ab_D_p3
Model: GTR+FO+I+G4m+B
Alignment sites / patterns: 2697 / 86
Gaps: 0.04 %
Invariant sites: 62.22 %

Partition 4: S
Model: TN93+FO+I+G4m+B
Alignment sites / patterns: 2548 / 70
Gaps: 0.01 %
Invariant sites: 86.42 %

Partition 5: S_p3
Model: HKY+FO+I+B
Alignment sites / patterns: 1274 / 86
Gaps: 0.01 %
Invariant sites: 49.92 %

Partition 6: ORF3a
Model: JC+I+G4m+B
Alignment sites / patterns: 552 / 29
Gaps: 0.00 %
Invariant sites: 92.03 %

Partition 7: ORF3a_p3
Model: TVM+FO+I+G4m+B
Alignment sites / patterns: 276 / 25
Gaps: 0.00 %
Invariant sites: 70.65 %

Partition 8: E
Model: JC+B
Alignment sites / patterns: 152 / 7
Gaps: 0.00 %
Invariant sites: 98.03 %

Partition 9: E_p3
Model: JC+B
Alignment sites / patterns: 76 / 7
Gaps: 0.00 %
Invariant sites: 96.05 %

Partition 10: M
Model: JC+I+B
Alignment sites / patterns: 446 / 14
Gaps: 0.00 %
Invariant sites: 96.86 %

Partition 11: M_p3
Model: K80+G4m+B
Alignment sites / patterns: 223 / 29
Gaps: 0.00 %
Invariant sites: 77.58 %

Partition 12: ORF6
Model: JC+B
Alignment sites / patterns: 124 / 8
Gaps: 0.00 %
Invariant sites: 95.16 %

Partition 13: ORF6_p3
Model: TN93ef+G4m+B
Alignment sites / patterns: 62 / 12
Gaps: 0.00 %
Invariant sites: 83.87 %

Partition 14: ORF7a
Model: K80+B
Alignment sites / patterns: 244 / 16
Gaps: 0.00 %
Invariant sites: 90.98 %

Partition 15: ORF7a_p3
Model: HKY+FO+I+B
Alignment sites / patterns: 122 / 17
Gaps: 0.00 %
Invariant sites: 77.87 %

Partition 16: ORF8
Model: TIM1+I+G4m+B
Alignment sites / patterns: 244 / 20
Gaps: 0.00 %
Invariant sites: 93.44 %

Partition 17: ORF8_p3
Model: HKY+FO+B
Alignment sites / patterns: 122 / 17
Gaps: 0.00 %
Invariant sites: 68.85 %

Partition 18: N
Model: HKY+FO+I+G4m+B
Alignment sites / patterns: 840 / 30
Gaps: 0.00 %
Invariant sites: 94.76 %

Partition 19: N_p3
Model: HKY+FO+G4m+B
Alignment sites / patterns: 420 / 40
Gaps: 0.00 %
Invariant sites: 74.76 %

Partition 20: ORF10
Model: JC+B
Alignment sites / patterns: 78 / 8
Gaps: 0.00 %
Invariant sites: 94.87 %

Partition 21: ORF10_p3
Model: JC+B
Alignment sites / patterns: 39 / 5
Gaps: 0.00 %
Invariant sites: 97.44 %


[00:00:00] Generating 8 random starting tree(s) with 285 taxa
[00:00:00] Generating 8 parsimony starting tree(s) with 285 taxa
[00:00:01] Data distribution: max. partitions/sites/weight per thread: 22 / 877 / 11812

Starting ML tree search with 16 distinct starting trees

[00:00:01 -239363.230170] Initial branch length optimization
[00:00:02 -70222.568963] Model parameter optimization (eps = 10.000000)
[00:00:49 -64112.303242] AUTODETECT spr round 1 (radius: 5)
[00:01:02 -61669.436654] AUTODETECT spr round 2 (radius: 10)
[00:01:20 -60883.198323] AUTODETECT spr round 3 (radius: 15)
[00:01:43 -60404.719834] AUTODETECT spr round 4 (radius: 20)
[00:02:07 -60128.868278] AUTODETECT spr round 5 (radius: 25)
[00:02:32 -60015.322219] SPR radius for FAST iterations: 25 (autodetect)
[00:02:32 -60015.322219] Model parameter optimization (eps = 3.000000)
[00:03:18 -59364.639886] FAST spr round 1 (radius: 25)
[00:04:15 -58994.100125] FAST spr round 2 (radius: 25)
[00:04:54 -58933.494453] FAST spr round 3 (radius: 25)
[00:05:29 -58931.418314] FAST spr round 4 (radius: 25)
[00:05:55 -58931.417864] Model parameter optimization (eps = 1.000000)
[00:06:17 -58879.762637] SLOW spr round 1 (radius: 5)
[00:06:44 -58879.470047] SLOW spr round 2 (radius: 5)
[00:07:10 -58879.468516] SLOW spr round 3 (radius: 10)
[00:07:42 -58879.468087] SLOW spr round 4 (radius: 15)
[00:08:16 -58879.468085] SLOW spr round 5 (radius: 20)
[00:08:55 -58879.128105] SLOW spr round 6 (radius: 5)
[00:09:29 -58879.128105] SLOW spr round 7 (radius: 10)
[00:10:03 -58878.609191] SLOW spr round 8 (radius: 5)
[00:10:32 -58878.608723] SLOW spr round 9 (radius: 10)
[00:11:06 -58878.607486] SLOW spr round 10 (radius: 15)
[00:11:41 -58878.607430] SLOW spr round 11 (radius: 20)
[00:12:20 -58878.607428] SLOW spr round 12 (radius: 25)
[00:12:59 -58878.607428] Model parameter optimization (eps = 0.100000)

[00:13:42] ML tree search #1, logLikelihood: -58874.281761

[00:13:42 -239446.217308] Initial branch length optimization
[00:13:44 -70550.310726] Model parameter optimization (eps = 10.000000)
[00:14:36 -64272.857533] AUTODETECT spr round 1 (radius: 5)
[00:14:52 -61631.060489] AUTODETECT spr round 2 (radius: 10)
[00:15:14 -60561.727377] AUTODETECT spr round 3 (radius: 15)
[00:15:42 -60076.907474] AUTODETECT spr round 4 (radius: 20)
[00:16:14 -59951.502587] AUTODETECT spr round 5 (radius: 25)
[00:16:44 -59914.453752] SPR radius for FAST iterations: 25 (autodetect)
[00:16:44 -59914.453752] Model parameter optimization (eps = 3.000000)
[00:17:34 -59229.294030] FAST spr round 1 (radius: 25)
[00:18:40 -58919.832487] FAST spr round 2 (radius: 25)
[00:19:27 -58919.769540] Model parameter optimization (eps = 1.000000)
[00:19:48 -58879.503658] SLOW spr round 1 (radius: 5)
[00:20:24 -58879.194160] SLOW spr round 2 (radius: 5)
[00:20:54 -58879.192442] SLOW spr round 3 (radius: 10)
[00:21:29 -58879.192384] SLOW spr round 4 (radius: 15)
[00:22:06 -58879.192382] SLOW spr round 5 (radius: 20)
[00:22:47 -58878.846577] SLOW spr round 6 (radius: 5)
[00:23:23 -58878.846577] SLOW spr round 7 (radius: 10)
[00:24:00 -58878.846577] SLOW spr round 8 (radius: 15)
[00:24:37 -58878.846577] SLOW spr round 9 (radius: 20)
[00:25:16 -58878.846577] SLOW spr round 10 (radius: 25)
[00:25:54 -58878.846577] Model parameter optimization (eps = 0.100000)

[00:26:36] ML tree search #2, logLikelihood: -58874.441625

[00:26:36 -239424.817259] Initial branch length optimization
[00:26:37 -70385.078461] Model parameter optimization (eps = 10.000000)
[00:27:28 -64205.386187] AUTODETECT spr round 1 (radius: 5)
[00:27:46 -61957.852565] AUTODETECT spr round 2 (radius: 10)
[00:28:11 -60675.737537] AUTODETECT spr round 3 (radius: 15)
[00:28:39 -60085.962770] AUTODETECT spr round 4 (radius: 20)
[00:29:12 -59890.104942] AUTODETECT spr round 5 (radius: 25)
[00:29:42 -59869.489797] SPR radius for FAST iterations: 25 (autodetect)
[00:29:42 -59869.489797] Model parameter optimization (eps = 3.000000)
[00:30:30 -59199.298892] FAST spr round 1 (radius: 25)
[00:31:32 -58940.918406] FAST spr round 2 (radius: 25)
[00:32:20 -58928.671012] FAST spr round 3 (radius: 25)
[00:32:55 -58920.404142] FAST spr round 4 (radius: 25)
[00:33:24 -58920.372955] Model parameter optimization (eps = 1.000000)
[00:33:46 -58879.518625] SLOW spr round 1 (radius: 5)
[00:34:15 -58878.867576] SLOW spr round 2 (radius: 5)
[00:34:44 -58878.864171] SLOW spr round 3 (radius: 10)
[00:35:17 -58878.864113] SLOW spr round 4 (radius: 15)
[00:35:54 -58878.864111] SLOW spr round 5 (radius: 20)
[00:36:36 -58878.864111] SLOW spr round 6 (radius: 25)
[00:37:17 -58878.864111] Model parameter optimization (eps = 0.100000)

[00:38:01] ML tree search #3, logLikelihood: -58874.442125

[00:38:01 -239411.998454] Initial branch length optimization
[00:38:02 -70380.041194] Model parameter optimization (eps = 10.000000)
[00:38:56 -64175.005471] AUTODETECT spr round 1 (radius: 5)
[00:39:15 -61533.772778] AUTODETECT spr round 2 (radius: 10)
[00:39:40 -60734.967371] AUTODETECT spr round 3 (radius: 15)
[00:40:10 -60254.852668] AUTODETECT spr round 4 (radius: 20)
[00:40:44 -60040.097323] AUTODETECT spr round 5 (radius: 25)
[00:41:16 -60010.992183] SPR radius for FAST iterations: 25 (autodetect)
[00:41:16 -60010.992183] Model parameter optimization (eps = 3.000000)
[00:42:07 -59347.272454] FAST spr round 1 (radius: 25)
[00:43:19 -58934.705658] FAST spr round 2 (radius: 25)
[00:44:12 -58934.577824] FAST spr round 3 (radius: 25)
[00:44:52 -58934.577823] Model parameter optimization (eps = 1.000000)
[00:45:20 -58879.386478] SLOW spr round 1 (radius: 5)
[00:45:54 -58879.353949] SLOW spr round 2 (radius: 10)
[00:46:30 -58879.352886] SLOW spr round 3 (radius: 15)
[00:47:09 -58879.017580] SLOW spr round 4 (radius: 5)
[00:47:46 -58879.008518] SLOW spr round 5 (radius: 10)
[00:48:22 -58879.008518] SLOW spr round 6 (radius: 15)
[00:49:01 -58879.008518] SLOW spr round 7 (radius: 20)
[00:49:50 -58879.008518] SLOW spr round 8 (radius: 25)
[00:50:34 -58879.008518] Model parameter optimization (eps = 0.100000)

[00:51:18] ML tree search #4, logLikelihood: -58875.310283

[00:51:18 -239261.027997] Initial branch length optimization
[00:51:19 -69950.092576] Model parameter optimization (eps = 10.000000)
[00:52:13 -64021.011956] AUTODETECT spr round 1 (radius: 5)
[00:52:31 -61817.297602] AUTODETECT spr round 2 (radius: 10)
[00:52:54 -61000.047207] AUTODETECT spr round 3 (radius: 15)
[00:53:23 -60249.949093] AUTODETECT spr round 4 (radius: 20)
[00:53:56 -60042.854880] AUTODETECT spr round 5 (radius: 25)
[00:54:29 -60021.242709] SPR radius for FAST iterations: 25 (autodetect)
[00:54:29 -60021.242709] Model parameter optimization (eps = 3.000000)
[00:55:19 -59382.877937] FAST spr round 1 (radius: 25)
[00:56:24 -58939.696777] FAST spr round 2 (radius: 25)
[00:57:13 -58928.687187] FAST spr round 3 (radius: 25)
[00:57:52 -58928.645278] Model parameter optimization (eps = 1.000000)
[00:58:14 -58879.735910] SLOW spr round 1 (radius: 5)
[00:58:45 -58879.440347] SLOW spr round 2 (radius: 5)
[00:59:13 -58879.438840] SLOW spr round 3 (radius: 10)
[00:59:48 -58879.438782] SLOW spr round 4 (radius: 15)
[01:00:25 -58879.438780] SLOW spr round 5 (radius: 20)
[01:01:07 -58879.098642] SLOW spr round 6 (radius: 5)
[01:01:43 -58879.098642] SLOW spr round 7 (radius: 10)
[01:02:20 -58878.581553] SLOW spr round 8 (radius: 5)
[01:02:50 -58878.573326] SLOW spr round 9 (radius: 10)
[01:03:30 -58878.573272] SLOW spr round 10 (radius: 15)
[01:04:12 -58878.573270] SLOW spr round 11 (radius: 20)
[01:04:59 -58878.573270] SLOW spr round 12 (radius: 25)
[01:05:47 -58878.573270] Model parameter optimization (eps = 0.100000)

[01:06:33] ML tree search #5, logLikelihood: -58874.268372

[01:06:33 -239350.856411] Initial branch length optimization
[01:06:35 -70176.419658] Model parameter optimization (eps = 10.000000)
[01:07:31 -64093.614520] AUTODETECT spr round 1 (radius: 5)
[01:07:49 -61602.097768] AUTODETECT spr round 2 (radius: 10)
[01:08:15 -60737.553420] AUTODETECT spr round 3 (radius: 15)
[01:08:47 -60177.262120] AUTODETECT spr round 4 (radius: 20)
[01:09:23 -60036.081640] AUTODETECT spr round 5 (radius: 25)
[01:09:57 -59907.400103] SPR radius for FAST iterations: 25 (autodetect)
[01:09:57 -59907.400103] Model parameter optimization (eps = 3.000000)
[01:10:59 -59162.904416] FAST spr round 1 (radius: 25)
[01:12:09 -58885.359037] FAST spr round 2 (radius: 25)
[01:12:55 -58885.223381] FAST spr round 3 (radius: 25)
[01:13:30 -58885.222951] Model parameter optimization (eps = 1.000000)
[01:13:43 -58878.734290] SLOW spr round 1 (radius: 5)
[01:14:15 -58878.704152] SLOW spr round 2 (radius: 10)
[01:14:54 -58878.703304] SLOW spr round 3 (radius: 15)
[01:15:32 -58878.356554] SLOW spr round 4 (radius: 5)
[01:16:08 -58878.356553] SLOW spr round 5 (radius: 10)
[01:16:45 -58878.356553] SLOW spr round 6 (radius: 15)
[01:17:23 -58878.356553] SLOW spr round 7 (radius: 20)
[01:18:05 -58878.356553] SLOW spr round 8 (radius: 25)
[01:18:44 -58878.356553] Model parameter optimization (eps = 0.100000)

[01:19:24] ML tree search #6, logLikelihood: -58874.395202

[01:19:24 -239415.857901] Initial branch length optimization
[01:19:25 -70416.936735] Model parameter optimization (eps = 10.000000)
[01:20:16 -64026.566895] AUTODETECT spr round 1 (radius: 5)
[01:20:33 -61638.073782] AUTODETECT spr round 2 (radius: 10)
[01:20:54 -60678.236915] AUTODETECT spr round 3 (radius: 15)
[01:21:21 -60255.552481] AUTODETECT spr round 4 (radius: 20)
[01:21:52 -59978.460860] AUTODETECT spr round 5 (radius: 25)
[01:22:23 -59940.054038] SPR radius for FAST iterations: 25 (autodetect)
[01:22:23 -59940.054038] Model parameter optimization (eps = 3.000000)
[01:23:05 -59681.094741] FAST spr round 1 (radius: 25)
[01:24:07 -59240.167361] FAST spr round 2 (radius: 25)
[01:24:51 -59181.610126] FAST spr round 3 (radius: 25)
[01:25:33 -59181.588628] Model parameter optimization (eps = 1.000000)
[01:25:55 -59137.806895] SLOW spr round 1 (radius: 5)
[01:26:30 -59137.683336] SLOW spr round 2 (radius: 5)
[01:27:01 -59137.682402] SLOW spr round 3 (radius: 10)
[01:27:39 -59137.100683] SLOW spr round 4 (radius: 5)
[01:28:10 -59136.941453] SLOW spr round 5 (radius: 5)
[01:28:40 -59136.941272] SLOW spr round 6 (radius: 10)
[01:29:16 -59136.941268] SLOW spr round 7 (radius: 15)
[01:29:56 -59136.626371] SLOW spr round 8 (radius: 5)
[01:30:31 -59136.626247] SLOW spr round 9 (radius: 10)
[01:31:08 -59136.626246] SLOW spr round 10 (radius: 15)
[01:31:50 -59136.626246] SLOW spr round 11 (radius: 20)
[01:32:35 -59136.626246] SLOW spr round 12 (radius: 25)
[01:33:18 -59136.626246] Model parameter optimization (eps = 0.100000)

[01:33:37] ML tree search #7, logLikelihood: -59135.304780

[01:33:37 -239488.014331] Initial branch length optimization
[01:33:38 -70560.449517] Model parameter optimization (eps = 10.000000)
[01:34:27 -64240.237972] AUTODETECT spr round 1 (radius: 5)
[01:34:44 -61729.605713] AUTODETECT spr round 2 (radius: 10)
[01:35:07 -60604.706725] AUTODETECT spr round 3 (radius: 15)
[01:35:35 -60086.586581] AUTODETECT spr round 4 (radius: 20)
[01:36:04 -60025.789795] AUTODETECT spr round 5 (radius: 25)
[01:36:39 -59968.388846] SPR radius for FAST iterations: 25 (autodetect)
[01:36:39 -59968.388846] Model parameter optimization (eps = 3.000000)
[01:37:29 -59285.591147] FAST spr round 1 (radius: 25)
[01:38:36 -58983.582868] FAST spr round 2 (radius: 25)
[01:39:27 -58983.545861] Model parameter optimization (eps = 1.000000)
[01:39:40 -58977.191493] SLOW spr round 1 (radius: 5)
[01:40:18 -58977.176640] SLOW spr round 2 (radius: 10)
[01:40:53 -58977.176438] SLOW spr round 3 (radius: 15)
[01:41:33 -58977.118231] SLOW spr round 4 (radius: 20)
[01:42:26 -58977.118231] SLOW spr round 5 (radius: 25)
[01:43:18 -58977.100747] Model parameter optimization (eps = 0.100000)

[01:43:29] ML tree search #8, logLikelihood: -58976.540615

[01:43:29 -233561.210866] Initial branch length optimization
[01:43:30 -62126.090459] Model parameter optimization (eps = 10.000000)
[01:43:50 -58887.241599] AUTODETECT spr round 1 (radius: 5)
[01:44:07 -58885.181143] AUTODETECT spr round 2 (radius: 10)
[01:44:28 -58885.142756] SPR radius for FAST iterations: 5 (autodetect)
[01:44:28 -58885.142756] Model parameter optimization (eps = 3.000000)
[01:44:31 -58883.920228] FAST spr round 1 (radius: 5)
[01:44:52 -58883.874394] Model parameter optimization (eps = 1.000000)
[01:44:55 -58883.351365] SLOW spr round 1 (radius: 5)
[01:45:28 -58883.299393] SLOW spr round 2 (radius: 10)
[01:46:02 -58883.299369] SLOW spr round 3 (radius: 15)
[01:46:36 -58883.299369] SLOW spr round 4 (radius: 20)
[01:47:11 -58878.684414] SLOW spr round 5 (radius: 5)
[01:47:46 -58878.655574] SLOW spr round 6 (radius: 10)
[01:48:19 -58878.655525] SLOW spr round 7 (radius: 15)
[01:48:56 -58878.655524] SLOW spr round 8 (radius: 20)
[01:49:32 -58878.655524] SLOW spr round 9 (radius: 25)
[01:50:03 -58878.655524] Model parameter optimization (eps = 0.100000)

[01:50:18] ML tree search #9, logLikelihood: -58877.586213

[01:50:18 -233568.432986] Initial branch length optimization
[01:50:19 -62144.534532] Model parameter optimization (eps = 10.000000)
[01:50:38 -58906.956841] AUTODETECT spr round 1 (radius: 5)
[01:50:55 -58896.447871] AUTODETECT spr round 2 (radius: 10)
[01:51:15 -58895.337212] AUTODETECT spr round 3 (radius: 15)
[01:51:39 -58891.820794] AUTODETECT spr round 4 (radius: 20)
[01:52:06 -58891.820792] SPR radius for FAST iterations: 15 (autodetect)
[01:52:06 -58891.820792] Model parameter optimization (eps = 3.000000)
[01:52:09 -58890.284405] FAST spr round 1 (radius: 15)
[01:52:48 -58886.725088] FAST spr round 2 (radius: 15)
[01:53:20 -58886.685113] Model parameter optimization (eps = 1.000000)
[01:53:23 -58885.928417] SLOW spr round 1 (radius: 5)
[01:53:54 -58885.889479] SLOW spr round 2 (radius: 10)
[01:54:28 -58885.888936] SLOW spr round 3 (radius: 15)
[01:55:02 -58885.888935] SLOW spr round 4 (radius: 20)
[01:55:43 -58885.888738] SLOW spr round 5 (radius: 25)
[01:56:22 -58877.178491] SLOW spr round 6 (radius: 5)
[01:56:59 -58877.155426] SLOW spr round 7 (radius: 10)
[01:57:41 -58877.131727] SLOW spr round 8 (radius: 15)
[01:58:19 -58877.131726] SLOW spr round 9 (radius: 20)
[01:59:03 -58877.131726] SLOW spr round 10 (radius: 25)
[01:59:45 -58877.131726] Model parameter optimization (eps = 0.100000)

[01:59:54] ML tree search #10, logLikelihood: -58876.265208

[01:59:54 -233564.718917] Initial branch length optimization
[01:59:55 -62133.654947] Model parameter optimization (eps = 10.000000)
[02:00:16 -58884.995357] AUTODETECT spr round 1 (radius: 5)
[02:00:33 -58880.808021] AUTODETECT spr round 2 (radius: 10)
[02:00:55 -58879.399576] AUTODETECT spr round 3 (radius: 15)
[02:01:20 -58879.399547] SPR radius for FAST iterations: 10 (autodetect)
[02:01:20 -58879.399547] Model parameter optimization (eps = 3.000000)
[02:01:23 -58878.168550] FAST spr round 1 (radius: 10)
[02:01:53 -58878.120618] Model parameter optimization (eps = 1.000000)
[02:01:56 -58877.592785] SLOW spr round 1 (radius: 5)
[02:02:32 -58877.551614] SLOW spr round 2 (radius: 10)
[02:03:05 -58877.419789] SLOW spr round 3 (radius: 5)
[02:03:36 -58877.394967] SLOW spr round 4 (radius: 10)
[02:04:11 -58877.394925] SLOW spr round 5 (radius: 15)
[02:04:47 -58877.394925] SLOW spr round 6 (radius: 20)
[02:05:28 -58876.781061] SLOW spr round 7 (radius: 5)
[02:06:04 -58876.781061] SLOW spr round 8 (radius: 10)
[02:06:40 -58876.781061] SLOW spr round 9 (radius: 15)
[02:07:15 -58876.781061] SLOW spr round 10 (radius: 20)
[02:07:55 -58876.781061] SLOW spr round 11 (radius: 25)
[02:08:35 -58876.780819] Model parameter optimization (eps = 0.100000)

[02:08:49] ML tree search #11, logLikelihood: -58875.877662

[02:08:49 -233567.420214] Initial branch length optimization
[02:08:50 -62131.301718] Model parameter optimization (eps = 10.000000)
[02:09:10 -58888.888596] AUTODETECT spr round 1 (radius: 5)
[02:09:29 -58883.907441] AUTODETECT spr round 2 (radius: 10)
[02:09:52 -58883.847564] SPR radius for FAST iterations: 5 (autodetect)
[02:09:52 -58883.847564] Model parameter optimization (eps = 3.000000)
[02:09:55 -58882.707220] FAST spr round 1 (radius: 5)
[02:10:18 -58881.293082] FAST spr round 2 (radius: 5)
[02:10:38 -58881.279532] Model parameter optimization (eps = 1.000000)
[02:10:42 -58880.798030] SLOW spr round 1 (radius: 5)
[02:11:12 -58880.755810] SLOW spr round 2 (radius: 10)
[02:11:44 -58880.755727] SLOW spr round 3 (radius: 15)
[02:12:15 -58880.755726] SLOW spr round 4 (radius: 20)
[02:12:51 -58880.755726] SLOW spr round 5 (radius: 25)
[02:13:25 -58880.755726] Model parameter optimization (eps = 0.100000)

[02:13:35] ML tree search #12, logLikelihood: -58880.345249

[02:13:36 -233572.701906] Initial branch length optimization
[02:13:36 -62143.187969] Model parameter optimization (eps = 10.000000)
[02:13:54 -58894.114110] AUTODETECT spr round 1 (radius: 5)
[02:14:14 -58890.169534] AUTODETECT spr round 2 (radius: 10)
[02:14:39 -58878.743926] AUTODETECT spr round 3 (radius: 15)
[02:15:13 -58878.743903] SPR radius for FAST iterations: 10 (autodetect)
[02:15:13 -58878.743903] Model parameter optimization (eps = 3.000000)
[02:15:17 -58877.258258] FAST spr round 1 (radius: 10)
[02:15:52 -58877.171031] Model parameter optimization (eps = 1.000000)
[02:15:56 -58876.678425] SLOW spr round 1 (radius: 5)
[02:16:36 -58876.639262] SLOW spr round 2 (radius: 10)
[02:17:15 -58876.639137] SLOW spr round 3 (radius: 15)
[02:17:55 -58876.639135] SLOW spr round 4 (radius: 20)
[02:18:43 -58876.638985] SLOW spr round 5 (radius: 25)
[02:19:29 -58876.638985] Model parameter optimization (eps = 0.100000)

[02:19:40] ML tree search #13, logLikelihood: -58876.202239

[02:19:40 -233571.251851] Initial branch length optimization
[02:19:41 -62134.696856] Model parameter optimization (eps = 10.000000)
[02:20:02 -58895.157600] AUTODETECT spr round 1 (radius: 5)
[02:20:20 -58883.289158] AUTODETECT spr round 2 (radius: 10)
[02:20:45 -58880.445472] AUTODETECT spr round 3 (radius: 15)
[02:21:15 -58880.445471] SPR radius for FAST iterations: 10 (autodetect)
[02:21:15 -58880.445471] Model parameter optimization (eps = 3.000000)
[02:21:18 -58878.906282] FAST spr round 1 (radius: 10)
[02:21:50 -58878.816800] Model parameter optimization (eps = 1.000000)
[02:21:54 -58878.111714] SLOW spr round 1 (radius: 5)
[02:22:33 -58878.063017] SLOW spr round 2 (radius: 10)
[02:23:10 -58878.062409] SLOW spr round 3 (radius: 15)
[02:23:52 -58878.062408] SLOW spr round 4 (radius: 20)
[02:24:42 -58876.696696] SLOW spr round 5 (radius: 5)
[02:25:24 -58876.692270] SLOW spr round 6 (radius: 10)
[02:26:04 -58876.692270] SLOW spr round 7 (radius: 15)
[02:26:46 -58876.692270] SLOW spr round 8 (radius: 20)
[02:27:37 -58876.692270] SLOW spr round 9 (radius: 25)
[02:28:28 -58876.692270] Model parameter optimization (eps = 0.100000)

[02:28:42] ML tree search #14, logLikelihood: -58875.960630

[02:28:42 -233561.202972] Initial branch length optimization
[02:28:43 -62124.737292] Model parameter optimization (eps = 10.000000)
[02:29:03 -58885.865346] AUTODETECT spr round 1 (radius: 5)
[02:29:22 -58883.797224] AUTODETECT spr round 2 (radius: 10)
[02:29:47 -58883.758878] SPR radius for FAST iterations: 5 (autodetect)
[02:29:47 -58883.758878] Model parameter optimization (eps = 3.000000)
[02:29:50 -58882.536393] FAST spr round 1 (radius: 5)
[02:30:14 -58882.474920] Model parameter optimization (eps = 1.000000)
[02:30:17 -58881.951164] SLOW spr round 1 (radius: 5)
[02:30:55 -58881.901327] SLOW spr round 2 (radius: 10)
[02:31:31 -58881.901303] SLOW spr round 3 (radius: 15)
[02:32:08 -58881.901303] SLOW spr round 4 (radius: 20)
[02:32:45 -58881.901303] SLOW spr round 5 (radius: 25)
[02:33:21 -58881.901303] Model parameter optimization (eps = 0.100000)

[02:33:33] ML tree search #15, logLikelihood: -58881.441385

[02:33:33 -233566.941600] Initial branch length optimization
[02:33:34 -62124.937822] Model parameter optimization (eps = 10.000000)
[02:33:55 -58885.685255] AUTODETECT spr round 1 (radius: 5)
[02:34:14 -58883.550192] AUTODETECT spr round 2 (radius: 10)
[02:34:38 -58882.612370] AUTODETECT spr round 3 (radius: 15)
[02:35:06 -58882.612064] SPR radius for FAST iterations: 10 (autodetect)
[02:35:06 -58882.612064] Model parameter optimization (eps = 3.000000)
[02:35:10 -58881.449238] FAST spr round 1 (radius: 10)
[02:35:42 -58881.395719] Model parameter optimization (eps = 1.000000)
[02:35:45 -58880.920561] SLOW spr round 1 (radius: 5)
[02:36:23 -58880.871079] SLOW spr round 2 (radius: 10)
[02:37:01 -58880.870991] SLOW spr round 3 (radius: 15)
[02:37:40 -58880.870990] SLOW spr round 4 (radius: 20)
[02:38:21 -58880.870990] SLOW spr round 5 (radius: 25)
[02:39:01 -58877.006643] SLOW spr round 6 (radius: 5)
[02:39:42 -58876.981827] SLOW spr round 7 (radius: 10)
[02:40:26 -58876.981735] SLOW spr round 8 (radius: 15)
[02:41:06 -58876.981734] SLOW spr round 9 (radius: 20)
[02:41:47 -58876.981734] SLOW spr round 10 (radius: 25)
[02:42:28 -58876.981734] Model parameter optimization (eps = 0.100000)

[02:42:44] ML tree search #16, logLikelihood: -58876.233537



Final LogLikelihood: -58874.268372

AIC score: 119094.536745 / AICc score: 119126.400887 / BIC score: 124667.002757
Free parameters (model + branch lengths): 673

Best ML tree saved to: /home/hikoyu/analysis/Genome/SARS-CoV-2/phylogeny/RAxML-NG/DNA/part/3rd/SARS-CoV-2_200407.5.raxml.bestTree
All ML trees saved to: /home/hikoyu/analysis/Genome/SARS-CoV-2/phylogeny/RAxML-NG/DNA/part/3rd/SARS-CoV-2_200407.5.raxml.mlTrees
Optimized model saved to: /home/hikoyu/analysis/Genome/SARS-CoV-2/phylogeny/RAxML-NG/DNA/part/3rd/SARS-CoV-2_200407.5.raxml.bestModel

Execution log saved to: /home/hikoyu/analysis/Genome/SARS-CoV-2/phylogeny/RAxML-NG/DNA/part/3rd/SARS-CoV-2_200407.5.raxml.log

Analysis started: 10-Apr-2020 01:01:38 / finished: 10-Apr-2020 03:44:23

Elapsed time: 9764.569 seconds

