
RAxML-NG v. 0.9.0 released on 20.05.2019 by The Exelixis Lab.
Developed by: Alexey M. Kozlov and Alexandros Stamatakis.
Contributors: Diego Darriba, Tomas Flouri, Benoit Morel, Sarah Lutteropp, Ben Bettisworth.
Latest version: https://github.com/amkozlov/raxml-ng
Questions/problems/suggestions? Please visit: https://groups.google.com/forum/#!forum/raxml

RAxML-NG was called at 16-Mar-2020 10:54:34 as follows:

raxml-ng --threads 1 --bootstrap --bs-trees 83 --seed 188542794 --prefix phylogeny/RAxML-NG/DNA/part/3rd/SARS-CoV-2_200314.10 --msa phylogeny/RAxML-NG/DNA/part/3rd/SARS-CoV-2_200314.raxml.rba --outgroup MG772933.1

Analysis options:
  run mode: Bootstrapping
  start tree(s): 
  bootstrap replicates: 83
  random seed: 188542794
  tip-inner: OFF
  pattern compression: ON
  per-rate scalers: OFF
  site repeats: ON
  branch lengths: proportional (ML estimate, algorithm: NR-FAST)
  SIMD kernels: AVX2
  parallelization: NONE/sequential

[00:00:00] Loading binary alignment from file: phylogeny/RAxML-NG/DNA/part/3rd/SARS-CoV-2_200314.raxml.rba
[00:00:00] Alignment comprises 89 taxa, 22 partitions and 648 patterns

Partition 0: orf1ab_U
Model: TIM2+I+B
Alignment sites / patterns: 8810 / 93
Gaps: 0.10 %
Invariant sites: 96.00 %

Partition 1: orf1ab_U_p3
Model: TN93+FO+G4m+B
Alignment sites / patterns: 4405 / 89
Gaps: 0.10 %
Invariant sites: 73.92 %

Partition 2: orf1ab_D
Model: TN93+FO+I+B
Alignment sites / patterns: 5392 / 44
Gaps: 0.00 %
Invariant sites: 95.77 %

Partition 3: orf1ab_D_p3
Model: TPM3uf+FO+G4m+B
Alignment sites / patterns: 2696 / 56
Gaps: 0.00 %
Invariant sites: 62.54 %

Partition 4: S
Model: HKY+FO+G4m+B
Alignment sites / patterns: 2548 / 56
Gaps: 0.04 %
Invariant sites: 86.66 %

Partition 5: S_p3
Model: HKY+FO+I+B
Alignment sites / patterns: 1274 / 69
Gaps: 0.04 %
Invariant sites: 50.24 %

Partition 6: ORF3a
Model: JC+I+G4m+B
Alignment sites / patterns: 552 / 23
Gaps: 0.00 %
Invariant sites: 93.12 %

Partition 7: ORF3a_p3
Model: HKY+FO+I+B
Alignment sites / patterns: 276 / 22
Gaps: 0.00 %
Invariant sites: 70.65 %

Partition 8: E
Model: JC+B
Alignment sites / patterns: 152 / 7
Gaps: 0.00 %
Invariant sites: 98.03 %

Partition 9: E_p3
Model: JC+B
Alignment sites / patterns: 76 / 6
Gaps: 0.00 %
Invariant sites: 97.37 %

Partition 10: M
Model: JC+I+G4m+B
Alignment sites / patterns: 446 / 12
Gaps: 0.01 %
Invariant sites: 97.31 %

Partition 11: M_p3
Model: K80+I+B
Alignment sites / patterns: 223 / 28
Gaps: 0.01 %
Invariant sites: 78.03 %

Partition 12: ORF6
Model: JC+B
Alignment sites / patterns: 124 / 7
Gaps: 0.00 %
Invariant sites: 95.97 %

Partition 13: ORF6_p3
Model: JC+B
Alignment sites / patterns: 62 / 9
Gaps: 0.00 %
Invariant sites: 88.71 %

Partition 14: ORF7a
Model: K80+B
Alignment sites / patterns: 244 / 14
Gaps: 0.00 %
Invariant sites: 91.80 %

Partition 15: ORF7a_p3
Model: HKY+FO+I+B
Alignment sites / patterns: 122 / 16
Gaps: 0.00 %
Invariant sites: 78.69 %

Partition 16: ORF8
Model: K80+I+G4m+B
Alignment sites / patterns: 244 / 17
Gaps: 0.00 %
Invariant sites: 94.67 %

Partition 17: ORF8_p3
Model: HKY+FO+B
Alignment sites / patterns: 122 / 16
Gaps: 0.00 %
Invariant sites: 69.67 %

Partition 18: N
Model: HKY+FO+I+B
Alignment sites / patterns: 840 / 22
Gaps: 0.00 %
Invariant sites: 95.60 %

Partition 19: N_p3
Model: HKY+FO+G4m+B
Alignment sites / patterns: 420 / 31
Gaps: 0.00 %
Invariant sites: 76.43 %

Partition 20: ORF10
Model: JC+B
Alignment sites / patterns: 78 / 6
Gaps: 0.00 %
Invariant sites: 97.44 %

Partition 21: ORF10_p3
Model: JC+B
Alignment sites / patterns: 39 / 5
Gaps: 0.00 %
Invariant sites: 97.44 %


[00:00:00] Data distribution: max. partitions/sites/weight per thread: 22 / 648 / 6000
[00:00:00] Starting bootstrapping analysis with 83 replicates.

[00:01:08] Bootstrap tree #1, logLikelihood: -56120.486949
[00:02:01] Bootstrap tree #2, logLikelihood: -56552.646218
[00:03:11] Bootstrap tree #3, logLikelihood: -56611.227846
[00:04:06] Bootstrap tree #4, logLikelihood: -56498.038939
[00:05:27] Bootstrap tree #5, logLikelihood: -56147.655387
[00:06:37] Bootstrap tree #6, logLikelihood: -55966.575390
[00:07:34] Bootstrap tree #7, logLikelihood: -55948.103481
[00:08:34] Bootstrap tree #8, logLikelihood: -56858.234806
[00:09:54] Bootstrap tree #9, logLikelihood: -56386.698215
[00:10:42] Bootstrap tree #10, logLikelihood: -56235.241954
[00:11:42] Bootstrap tree #11, logLikelihood: -56322.537765
[00:12:47] Bootstrap tree #12, logLikelihood: -56876.046105
[00:14:04] Bootstrap tree #13, logLikelihood: -56464.679693
[00:14:57] Bootstrap tree #14, logLikelihood: -56401.299807
[00:15:58] Bootstrap tree #15, logLikelihood: -56639.698402
[00:16:57] Bootstrap tree #16, logLikelihood: -56574.024505
[00:18:25] Bootstrap tree #17, logLikelihood: -56381.293336
[00:19:25] Bootstrap tree #18, logLikelihood: -56450.203360
[00:20:24] Bootstrap tree #19, logLikelihood: -56972.986614
[00:21:54] Bootstrap tree #20, logLikelihood: -56432.154879
[00:22:56] Bootstrap tree #21, logLikelihood: -56353.538545
[00:23:49] Bootstrap tree #22, logLikelihood: -56607.994294
[00:25:16] Bootstrap tree #23, logLikelihood: -56242.558739
[00:27:00] Bootstrap tree #24, logLikelihood: -56636.621251
[00:28:00] Bootstrap tree #25, logLikelihood: -56270.373686
[00:30:16] Bootstrap tree #26, logLikelihood: -56082.097271
[00:31:14] Bootstrap tree #27, logLikelihood: -56972.843876
[00:32:22] Bootstrap tree #28, logLikelihood: -56646.445124
[00:33:14] Bootstrap tree #29, logLikelihood: -56412.713259
[00:34:22] Bootstrap tree #30, logLikelihood: -56584.089649
[00:35:22] Bootstrap tree #31, logLikelihood: -56456.070406
[00:36:26] Bootstrap tree #32, logLikelihood: -56601.485487
[00:37:22] Bootstrap tree #33, logLikelihood: -56631.463712
[00:38:25] Bootstrap tree #34, logLikelihood: -56602.451745
[00:39:20] Bootstrap tree #35, logLikelihood: -56317.235833
[00:40:10] Bootstrap tree #36, logLikelihood: -56464.783706
[00:41:44] Bootstrap tree #37, logLikelihood: -56725.516653
[00:42:32] Bootstrap tree #38, logLikelihood: -56434.569165
[00:43:29] Bootstrap tree #39, logLikelihood: -56218.467580
[00:44:34] Bootstrap tree #40, logLikelihood: -55938.592946
[00:45:27] Bootstrap tree #41, logLikelihood: -56722.018081
[00:46:22] Bootstrap tree #42, logLikelihood: -56508.457908
[00:47:55] Bootstrap tree #43, logLikelihood: -56419.145796
[00:49:06] Bootstrap tree #44, logLikelihood: -56230.420177
[00:50:02] Bootstrap tree #45, logLikelihood: -56547.563073
[00:50:57] Bootstrap tree #46, logLikelihood: -56333.826107
[00:52:04] Bootstrap tree #47, logLikelihood: -56780.250688
[00:53:00] Bootstrap tree #48, logLikelihood: -56201.594451
[00:53:53] Bootstrap tree #49, logLikelihood: -56445.952721
[00:54:52] Bootstrap tree #50, logLikelihood: -56638.974460
[00:56:22] Bootstrap tree #51, logLikelihood: -55947.329438
[00:57:27] Bootstrap tree #52, logLikelihood: -56407.105094
[00:58:34] Bootstrap tree #53, logLikelihood: -56704.280039
[00:59:41] Bootstrap tree #54, logLikelihood: -56586.507638
[01:00:49] Bootstrap tree #55, logLikelihood: -56252.779587
[01:01:55] Bootstrap tree #56, logLikelihood: -56253.832418
[01:02:54] Bootstrap tree #57, logLikelihood: -56537.893681
[01:03:49] Bootstrap tree #58, logLikelihood: -56065.378966
[01:04:52] Bootstrap tree #59, logLikelihood: -56750.289948
[01:06:01] Bootstrap tree #60, logLikelihood: -55872.431714
[01:07:03] Bootstrap tree #61, logLikelihood: -56465.742155
[01:08:04] Bootstrap tree #62, logLikelihood: -56592.306599
[01:09:04] Bootstrap tree #63, logLikelihood: -56570.821821
[01:10:02] Bootstrap tree #64, logLikelihood: -56316.692102
[01:11:04] Bootstrap tree #65, logLikelihood: -56551.300726
[01:12:26] Bootstrap tree #66, logLikelihood: -56703.254983
[01:13:28] Bootstrap tree #67, logLikelihood: -56372.430686
[01:14:55] Bootstrap tree #68, logLikelihood: -56709.894451
[01:15:59] Bootstrap tree #69, logLikelihood: -56411.079178
[01:16:55] Bootstrap tree #70, logLikelihood: -56576.998711
[01:17:52] Bootstrap tree #71, logLikelihood: -56720.575122
[01:19:16] Bootstrap tree #72, logLikelihood: -56756.766659
[01:20:09] Bootstrap tree #73, logLikelihood: -56409.172028
[01:21:17] Bootstrap tree #74, logLikelihood: -57057.353745
[01:22:42] Bootstrap tree #75, logLikelihood: -56405.743743
[01:23:44] Bootstrap tree #76, logLikelihood: -56417.812689
[01:24:38] Bootstrap tree #77, logLikelihood: -56816.823495
[01:25:32] Bootstrap tree #78, logLikelihood: -56136.981814
[01:26:22] Bootstrap tree #79, logLikelihood: -56333.756953
[01:27:22] Bootstrap tree #80, logLikelihood: -56848.347919
[01:28:08] Bootstrap tree #81, logLikelihood: -56400.491220
[01:29:33] Bootstrap tree #82, logLikelihood: -56723.639301
[01:30:19] Bootstrap tree #83, logLikelihood: -56731.855851

Bootstrap trees saved to: /home/hikoyu/analysis/Genome/SARS-CoV-2/phylogeny/RAxML-NG/DNA/part/3rd/SARS-CoV-2_200314.10.raxml.bootstraps

Execution log saved to: /home/hikoyu/analysis/Genome/SARS-CoV-2/phylogeny/RAxML-NG/DNA/part/3rd/SARS-CoV-2_200314.10.raxml.log

Analysis started: 16-Mar-2020 10:54:34 / finished: 16-Mar-2020 12:24:53

Elapsed time: 5419.550 seconds

