
RAxML-NG v. 0.9.0 released on 20.05.2019 by The Exelixis Lab.
Developed by: Alexey M. Kozlov and Alexandros Stamatakis.
Contributors: Diego Darriba, Tomas Flouri, Benoit Morel, Sarah Lutteropp, Ben Bettisworth.
Latest version: https://github.com/amkozlov/raxml-ng
Questions/problems/suggestions? Please visit: https://groups.google.com/forum/#!forum/raxml

RAxML-NG was called at 30-Mar-2020 05:36:00 as follows:

raxml-ng --threads 1 --search --tree rand{8},pars{8} --seed 1734213557 --prefix phylogeny/RAxML-NG/DNA/part/3rd/SARS-CoV-2_200328.4 --msa phylogeny/RAxML-NG/DNA/part/3rd/SARS-CoV-2_200328.raxml.rba --outgroup MG772933.1

Analysis options:
  run mode: ML tree search
  start tree(s): random (8) + parsimony (8)
  random seed: 1734213557
  tip-inner: OFF
  pattern compression: ON
  per-rate scalers: OFF
  site repeats: ON
  fast spr radius: AUTO
  spr subtree cutoff: 1.000000
  branch lengths: proportional (ML estimate, algorithm: NR-FAST)
  SIMD kernels: AVX2
  parallelization: NONE/sequential

[00:00:00] Loading binary alignment from file: phylogeny/RAxML-NG/DNA/part/3rd/SARS-CoV-2_200328.raxml.rba
[00:00:00] Alignment comprises 80 taxa, 22 partitions and 659 patterns

Partition 0: orf1ab_U
Model: TN93+FO+I+B
Alignment sites / patterns: 8810 / 93
Gaps: 0.10 %
Invariant sites: 95.89 %

Partition 1: orf1ab_U_p3
Model: TN93+FO+G4m+B
Alignment sites / patterns: 4405 / 91
Gaps: 0.10 %
Invariant sites: 73.83 %

Partition 2: orf1ab_D
Model: TN93+FO+I+B
Alignment sites / patterns: 5394 / 49
Gaps: 0.04 %
Invariant sites: 95.68 %

Partition 3: orf1ab_D_p3
Model: TPM3uf+FO+G4m+B
Alignment sites / patterns: 2697 / 59
Gaps: 0.04 %
Invariant sites: 62.51 %

Partition 4: S
Model: HKY+FO+G4m+B
Alignment sites / patterns: 2548 / 57
Gaps: 0.04 %
Invariant sites: 86.66 %

Partition 5: S_p3
Model: HKY+FO+I+B
Alignment sites / patterns: 1274 / 70
Gaps: 0.04 %
Invariant sites: 50.24 %

Partition 6: ORF3a
Model: JC+I+G4m+B
Alignment sites / patterns: 552 / 24
Gaps: 0.00 %
Invariant sites: 92.93 %

Partition 7: ORF3a_p3
Model: HKY+FO+I+B
Alignment sites / patterns: 276 / 22
Gaps: 0.00 %
Invariant sites: 70.65 %

Partition 8: E
Model: JC+B
Alignment sites / patterns: 152 / 6
Gaps: 0.00 %
Invariant sites: 98.68 %

Partition 9: E_p3
Model: JC+B
Alignment sites / patterns: 76 / 6
Gaps: 0.00 %
Invariant sites: 97.37 %

Partition 10: M
Model: JC+I+G4m+B
Alignment sites / patterns: 446 / 12
Gaps: 0.01 %
Invariant sites: 97.31 %

Partition 11: M_p3
Model: K80+I+B
Alignment sites / patterns: 223 / 28
Gaps: 0.01 %
Invariant sites: 78.03 %

Partition 12: ORF6
Model: JC+B
Alignment sites / patterns: 124 / 7
Gaps: 0.00 %
Invariant sites: 95.97 %

Partition 13: ORF6_p3
Model: JC+B
Alignment sites / patterns: 62 / 9
Gaps: 0.00 %
Invariant sites: 88.71 %

Partition 14: ORF7a
Model: K80+B
Alignment sites / patterns: 244 / 14
Gaps: 0.00 %
Invariant sites: 91.80 %

Partition 15: ORF7a_p3
Model: HKY+FO+I+B
Alignment sites / patterns: 122 / 16
Gaps: 0.00 %
Invariant sites: 78.69 %

Partition 16: ORF8
Model: K80+I+G4m+B
Alignment sites / patterns: 244 / 17
Gaps: 0.00 %
Invariant sites: 94.67 %

Partition 17: ORF8_p3
Model: HKY+FO+B
Alignment sites / patterns: 122 / 16
Gaps: 0.00 %
Invariant sites: 69.67 %

Partition 18: N
Model: HKY+FO+I+B
Alignment sites / patterns: 840 / 22
Gaps: 0.00 %
Invariant sites: 95.60 %

Partition 19: N_p3
Model: HKY+FO+G4m+B
Alignment sites / patterns: 420 / 30
Gaps: 0.00 %
Invariant sites: 76.67 %

Partition 20: ORF10
Model: JC+B
Alignment sites / patterns: 78 / 6
Gaps: 0.00 %
Invariant sites: 97.44 %

Partition 21: ORF10_p3
Model: JC+B
Alignment sites / patterns: 39 / 5
Gaps: 0.00 %
Invariant sites: 97.44 %


[00:00:00] Generating 8 random starting tree(s) with 80 taxa
[00:00:00] Generating 8 parsimony starting tree(s) with 80 taxa
[00:00:00] Data distribution: max. partitions/sites/weight per thread: 22 / 659 / 6116

Starting ML tree search with 16 distinct starting trees

[00:00:00 -160449.822288] Initial branch length optimization
[00:00:00 -61200.131522] Model parameter optimization (eps = 10.000000)
[00:00:04 -57535.308102] AUTODETECT spr round 1 (radius: 5)
[00:00:05 -57100.936073] AUTODETECT spr round 2 (radius: 10)
[00:00:07 -56932.953171] AUTODETECT spr round 3 (radius: 15)
[00:00:10 -56883.744023] AUTODETECT spr round 4 (radius: 20)
[00:00:11 -56883.743928] SPR radius for FAST iterations: 15 (autodetect)
[00:00:11 -56883.743928] Model parameter optimization (eps = 3.000000)
[00:00:13 -56855.088921] FAST spr round 1 (radius: 15)
[00:00:18 -56750.975167] FAST spr round 2 (radius: 15)
[00:00:21 -56749.829648] FAST spr round 3 (radius: 15)
[00:00:23 -56749.829534] Model parameter optimization (eps = 1.000000)
[00:00:25 -56745.439047] SLOW spr round 1 (radius: 5)
[00:00:29 -56745.053134] SLOW spr round 2 (radius: 5)
[00:00:34 -56745.051313] SLOW spr round 3 (radius: 10)
[00:00:39 -56745.051311] SLOW spr round 4 (radius: 15)
[00:00:44 -56745.051311] SLOW spr round 5 (radius: 20)
[00:00:48 -56745.051311] SLOW spr round 6 (radius: 25)
[00:00:51 -56745.051311] Model parameter optimization (eps = 0.100000)

[00:00:52] ML tree search #1, logLikelihood: -56744.260563

[00:00:53 -160442.578233] Initial branch length optimization
[00:00:53 -61156.027808] Model parameter optimization (eps = 10.000000)
[00:00:57 -57514.781849] AUTODETECT spr round 1 (radius: 5)
[00:00:58 -57257.251212] AUTODETECT spr round 2 (radius: 10)
[00:01:00 -56984.210846] AUTODETECT spr round 3 (radius: 15)
[00:01:03 -56923.008900] AUTODETECT spr round 4 (radius: 20)
[00:01:04 -56890.410204] AUTODETECT spr round 5 (radius: 25)
[00:01:05 -56890.410196] SPR radius for FAST iterations: 20 (autodetect)
[00:01:05 -56890.410196] Model parameter optimization (eps = 3.000000)
[00:01:07 -56873.587882] FAST spr round 1 (radius: 20)
[00:01:12 -56761.985429] FAST spr round 2 (radius: 20)
[00:01:17 -56761.971629] Model parameter optimization (eps = 1.000000)
[00:01:20 -56745.372304] SLOW spr round 1 (radius: 5)
[00:01:25 -56745.062812] SLOW spr round 2 (radius: 5)
[00:01:30 -56745.060698] SLOW spr round 3 (radius: 10)
[00:01:35 -56745.058645] SLOW spr round 4 (radius: 15)
[00:01:40 -56745.058633] SLOW spr round 5 (radius: 20)
[00:01:44 -56745.058633] SLOW spr round 6 (radius: 25)
[00:01:47 -56745.058633] Model parameter optimization (eps = 0.100000)

[00:01:51] ML tree search #2, logLikelihood: -56743.521229

[00:01:51 -160444.804366] Initial branch length optimization
[00:01:51 -61191.973878] Model parameter optimization (eps = 10.000000)
[00:01:56 -57527.974349] AUTODETECT spr round 1 (radius: 5)
[00:01:58 -57210.544101] AUTODETECT spr round 2 (radius: 10)
[00:01:59 -56986.903849] AUTODETECT spr round 3 (radius: 15)
[00:02:02 -56914.027517] AUTODETECT spr round 4 (radius: 20)
[00:02:03 -56913.414353] AUTODETECT spr round 5 (radius: 25)
[00:02:04 -56913.390462] SPR radius for FAST iterations: 20 (autodetect)
[00:02:04 -56913.390462] Model parameter optimization (eps = 3.000000)
[00:02:06 -56896.276990] FAST spr round 1 (radius: 20)
[00:02:12 -56761.458591] FAST spr round 2 (radius: 20)
[00:02:18 -56761.448172] Model parameter optimization (eps = 1.000000)
[00:02:21 -56745.381235] SLOW spr round 1 (radius: 5)
[00:02:26 -56745.061720] SLOW spr round 2 (radius: 5)
[00:02:31 -56745.059944] SLOW spr round 3 (radius: 10)
[00:02:36 -56745.059942] SLOW spr round 4 (radius: 15)
[00:02:41 -56745.059942] SLOW spr round 5 (radius: 20)
[00:02:45 -56745.059942] SLOW spr round 6 (radius: 25)
[00:02:48 -56745.059942] Model parameter optimization (eps = 0.100000)

[00:02:51] ML tree search #3, logLikelihood: -56743.527821

[00:02:51 -160443.753066] Initial branch length optimization
[00:02:51 -61152.173457] Model parameter optimization (eps = 10.000000)
[00:02:55 -57525.981740] AUTODETECT spr round 1 (radius: 5)
[00:02:57 -57259.406940] AUTODETECT spr round 2 (radius: 10)
[00:02:59 -57076.391632] AUTODETECT spr round 3 (radius: 15)
[00:03:01 -56914.564907] AUTODETECT spr round 4 (radius: 20)
[00:03:02 -56913.661613] AUTODETECT spr round 5 (radius: 25)
[00:03:03 -56913.658107] SPR radius for FAST iterations: 20 (autodetect)
[00:03:03 -56913.658107] Model parameter optimization (eps = 3.000000)
[00:03:06 -56884.521578] FAST spr round 1 (radius: 20)
[00:03:11 -56748.619005] FAST spr round 2 (radius: 20)
[00:03:15 -56748.608173] Model parameter optimization (eps = 1.000000)
[00:03:16 -56744.935523] SLOW spr round 1 (radius: 5)
[00:03:21 -56744.902860] SLOW spr round 2 (radius: 10)
[00:03:26 -56744.902839] SLOW spr round 3 (radius: 15)
[00:03:32 -56744.902838] SLOW spr round 4 (radius: 20)
[00:03:36 -56744.902838] SLOW spr round 5 (radius: 25)
[00:03:38 -56744.902838] Model parameter optimization (eps = 0.100000)

[00:03:39] ML tree search #4, logLikelihood: -56744.271134

[00:03:40 -160421.019658] Initial branch length optimization
[00:03:40 -61106.252353] Model parameter optimization (eps = 10.000000)
[00:03:44 -57495.884926] AUTODETECT spr round 1 (radius: 5)
[00:03:45 -57239.422272] AUTODETECT spr round 2 (radius: 10)
[00:03:47 -57006.055490] AUTODETECT spr round 3 (radius: 15)
[00:03:50 -56869.307236] AUTODETECT spr round 4 (radius: 20)
[00:03:51 -56869.292255] SPR radius for FAST iterations: 15 (autodetect)
[00:03:51 -56869.292255] Model parameter optimization (eps = 3.000000)
[00:03:54 -56842.952790] FAST spr round 1 (radius: 15)
[00:03:59 -56749.702315] FAST spr round 2 (radius: 15)
[00:04:03 -56749.690306] Model parameter optimization (eps = 1.000000)
[00:04:04 -56745.588064] SLOW spr round 1 (radius: 5)
[00:04:09 -56745.584468] SLOW spr round 2 (radius: 10)
[00:04:14 -56744.999460] SLOW spr round 3 (radius: 5)
[00:04:19 -56744.997534] SLOW spr round 4 (radius: 10)
[00:04:25 -56744.997533] SLOW spr round 5 (radius: 15)
[00:04:29 -56744.997533] SLOW spr round 6 (radius: 20)
[00:04:33 -56744.997533] SLOW spr round 7 (radius: 25)
[00:04:36 -56744.997533] Model parameter optimization (eps = 0.100000)

[00:04:39] ML tree search #5, logLikelihood: -56743.543958

[00:04:39 -160411.182090] Initial branch length optimization
[00:04:39 -61087.337379] Model parameter optimization (eps = 10.000000)
[00:04:44 -57498.928831] AUTODETECT spr round 1 (radius: 5)
[00:04:45 -57153.693516] AUTODETECT spr round 2 (radius: 10)
[00:04:47 -56926.159725] AUTODETECT spr round 3 (radius: 15)
[00:04:49 -56924.789250] AUTODETECT spr round 4 (radius: 20)
[00:04:51 -56924.476228] AUTODETECT spr round 5 (radius: 25)
[00:04:52 -56924.433990] SPR radius for FAST iterations: 20 (autodetect)
[00:04:52 -56924.433990] Model parameter optimization (eps = 3.000000)
[00:04:54 -56911.237303] FAST spr round 1 (radius: 20)
[00:04:59 -56763.333316] FAST spr round 2 (radius: 20)
[00:05:04 -56763.315753] Model parameter optimization (eps = 1.000000)
[00:05:06 -56745.797008] SLOW spr round 1 (radius: 5)
[00:05:11 -56745.386003] SLOW spr round 2 (radius: 5)
[00:05:16 -56745.382635] SLOW spr round 3 (radius: 10)
[00:05:21 -56745.070439] SLOW spr round 4 (radius: 5)
[00:05:26 -56745.068933] SLOW spr round 5 (radius: 10)
[00:05:32 -56745.068931] SLOW spr round 6 (radius: 15)
[00:05:36 -56745.068931] SLOW spr round 7 (radius: 20)
[00:05:40 -56745.068931] SLOW spr round 8 (radius: 25)
[00:05:42 -56745.068931] Model parameter optimization (eps = 0.100000)

[00:05:46] ML tree search #6, logLikelihood: -56743.531959

[00:05:46 -160425.047805] Initial branch length optimization
[00:05:46 -61119.730367] Model parameter optimization (eps = 10.000000)
[00:05:49 -57500.524790] AUTODETECT spr round 1 (radius: 5)
[00:05:51 -57218.394434] AUTODETECT spr round 2 (radius: 10)
[00:05:53 -56984.175458] AUTODETECT spr round 3 (radius: 15)
[00:05:56 -56894.582623] AUTODETECT spr round 4 (radius: 20)
[00:05:57 -56894.082251] AUTODETECT spr round 5 (radius: 25)
[00:05:58 -56894.081734] SPR radius for FAST iterations: 20 (autodetect)
[00:05:58 -56894.081734] Model parameter optimization (eps = 3.000000)
[00:06:00 -56867.681399] FAST spr round 1 (radius: 20)
[00:06:07 -56749.521517] FAST spr round 2 (radius: 20)
[00:06:11 -56749.519031] Model parameter optimization (eps = 1.000000)
[00:06:13 -56744.655042] SLOW spr round 1 (radius: 5)
[00:06:18 -56744.644034] SLOW spr round 2 (radius: 10)
[00:06:24 -56744.277358] SLOW spr round 3 (radius: 5)
[00:06:29 -56744.275593] SLOW spr round 4 (radius: 10)
[00:06:35 -56744.275591] SLOW spr round 5 (radius: 15)
[00:06:39 -56744.275591] SLOW spr round 6 (radius: 20)
[00:06:42 -56744.275591] SLOW spr round 7 (radius: 25)
[00:06:46 -56744.275591] Model parameter optimization (eps = 0.100000)

[00:06:48] ML tree search #7, logLikelihood: -56743.523958

[00:06:48 -160441.978556] Initial branch length optimization
[00:06:48 -61205.078445] Model parameter optimization (eps = 10.000000)
[00:06:53 -57538.202784] AUTODETECT spr round 1 (radius: 5)
[00:06:54 -57239.915901] AUTODETECT spr round 2 (radius: 10)
[00:06:56 -57067.275106] AUTODETECT spr round 3 (radius: 15)
[00:06:58 -57002.296040] AUTODETECT spr round 4 (radius: 20)
[00:07:00 -57002.292065] SPR radius for FAST iterations: 15 (autodetect)
[00:07:00 -57002.292065] Model parameter optimization (eps = 3.000000)
[00:07:02 -56984.627972] FAST spr round 1 (radius: 15)
[00:07:06 -56764.390021] FAST spr round 2 (radius: 15)
[00:07:10 -56764.382569] Model parameter optimization (eps = 1.000000)
[00:07:13 -56746.014631] SLOW spr round 1 (radius: 5)
[00:07:17 -56745.995207] SLOW spr round 2 (radius: 10)
[00:07:22 -56745.684618] SLOW spr round 3 (radius: 5)
[00:07:27 -56745.305182] SLOW spr round 4 (radius: 5)
[00:07:31 -56745.303050] SLOW spr round 5 (radius: 10)
[00:07:36 -56745.302878] SLOW spr round 6 (radius: 15)
[00:07:42 -56745.302877] SLOW spr round 7 (radius: 20)
[00:07:45 -56745.302877] SLOW spr round 8 (radius: 25)
[00:07:47 -56745.302877] Model parameter optimization (eps = 0.100000)

[00:07:51] ML tree search #8, logLikelihood: -56743.540613

[00:07:51 -157793.319378] Initial branch length optimization
[00:07:51 -59788.570558] Model parameter optimization (eps = 10.000000)
[00:07:54 -56765.172922] AUTODETECT spr round 1 (radius: 5)
[00:07:55 -56762.278593] AUTODETECT spr round 2 (radius: 10)
[00:07:57 -56762.276743] SPR radius for FAST iterations: 5 (autodetect)
[00:07:57 -56762.276743] Model parameter optimization (eps = 3.000000)
[00:07:58 -56750.988199] FAST spr round 1 (radius: 5)
[00:08:01 -56750.897711] Model parameter optimization (eps = 1.000000)
[00:08:02 -56747.275585] SLOW spr round 1 (radius: 5)
[00:08:06 -56747.239754] SLOW spr round 2 (radius: 10)
[00:08:13 -56747.236735] SLOW spr round 3 (radius: 15)
[00:08:17 -56747.101694] SLOW spr round 4 (radius: 5)
[00:08:21 -56747.038913] SLOW spr round 5 (radius: 10)
[00:08:27 -56747.037033] SLOW spr round 6 (radius: 15)
[00:08:31 -56747.037031] SLOW spr round 7 (radius: 20)
[00:08:34 -56747.037031] SLOW spr round 8 (radius: 25)
[00:08:38 -56747.037031] Model parameter optimization (eps = 0.100000)

[00:08:43] ML tree search #9, logLikelihood: -56744.337570

[00:08:43 -157796.852024] Initial branch length optimization
[00:08:43 -59795.785295] Model parameter optimization (eps = 10.000000)
[00:08:46 -56771.879089] AUTODETECT spr round 1 (radius: 5)
[00:08:48 -56762.252422] AUTODETECT spr round 2 (radius: 10)
[00:08:50 -56762.250743] SPR radius for FAST iterations: 5 (autodetect)
[00:08:50 -56762.250743] Model parameter optimization (eps = 3.000000)
[00:08:51 -56750.976826] FAST spr round 1 (radius: 5)
[00:08:54 -56750.899716] Model parameter optimization (eps = 1.000000)
[00:08:55 -56747.273981] SLOW spr round 1 (radius: 5)
[00:09:00 -56747.239477] SLOW spr round 2 (radius: 10)
[00:09:06 -56747.235032] SLOW spr round 3 (radius: 15)
[00:09:10 -56747.103582] SLOW spr round 4 (radius: 5)
[00:09:15 -56747.100725] SLOW spr round 5 (radius: 10)
[00:09:21 -56747.043247] SLOW spr round 6 (radius: 15)
[00:09:25 -56747.041338] SLOW spr round 7 (radius: 20)
[00:09:28 -56747.041338] SLOW spr round 8 (radius: 25)
[00:09:30 -56747.041338] Model parameter optimization (eps = 0.100000)

[00:09:34] ML tree search #10, logLikelihood: -56744.337778

[00:09:34 -157801.489500] Initial branch length optimization
[00:09:34 -59805.617515] Model parameter optimization (eps = 10.000000)
[00:09:37 -56782.085538] AUTODETECT spr round 1 (radius: 5)
[00:09:38 -56762.513713] AUTODETECT spr round 2 (radius: 10)
[00:09:41 -56762.513706] SPR radius for FAST iterations: 5 (autodetect)
[00:09:41 -56762.513706] Model parameter optimization (eps = 3.000000)
[00:09:42 -56750.970268] FAST spr round 1 (radius: 5)
[00:09:45 -56750.896914] Model parameter optimization (eps = 1.000000)
[00:09:46 -56747.272543] SLOW spr round 1 (radius: 5)
[00:09:51 -56747.234588] SLOW spr round 2 (radius: 10)
[00:09:57 -56747.036023] SLOW spr round 3 (radius: 5)
[00:10:02 -56747.033134] SLOW spr round 4 (radius: 10)
[00:10:07 -56747.033133] SLOW spr round 5 (radius: 15)
[00:10:10 -56747.033133] SLOW spr round 6 (radius: 20)
[00:10:13 -56747.033133] SLOW spr round 7 (radius: 25)
[00:10:17 -56747.033133] Model parameter optimization (eps = 0.100000)

[00:10:22] ML tree search #11, logLikelihood: -56744.338244

[00:10:22 -157795.300028] Initial branch length optimization
[00:10:22 -59795.835828] Model parameter optimization (eps = 10.000000)
[00:10:25 -56774.347880] AUTODETECT spr round 1 (radius: 5)
[00:10:27 -56764.758412] AUTODETECT spr round 2 (radius: 10)
[00:10:29 -56763.433865] AUTODETECT spr round 3 (radius: 15)
[00:10:30 -56763.433816] SPR radius for FAST iterations: 10 (autodetect)
[00:10:30 -56763.433816] Model parameter optimization (eps = 3.000000)
[00:10:33 -56751.864264] FAST spr round 1 (radius: 10)
[00:10:36 -56751.768489] Model parameter optimization (eps = 1.000000)
[00:10:38 -56748.061727] SLOW spr round 1 (radius: 5)
[00:10:43 -56747.796423] SLOW spr round 2 (radius: 5)
[00:10:48 -56747.791842] SLOW spr round 3 (radius: 10)
[00:10:54 -56747.791834] SLOW spr round 4 (radius: 15)
[00:10:58 -56747.296612] SLOW spr round 5 (radius: 5)
[00:11:03 -56747.295250] SLOW spr round 6 (radius: 10)
[00:11:10 -56747.295245] SLOW spr round 7 (radius: 15)
[00:11:14 -56747.295244] SLOW spr round 8 (radius: 20)
[00:11:18 -56747.295244] SLOW spr round 9 (radius: 25)
[00:11:20 -56747.295244] Model parameter optimization (eps = 0.100000)

[00:11:24] ML tree search #12, logLikelihood: -56744.332231

[00:11:24 -157797.490805] Initial branch length optimization
[00:11:24 -59797.472163] Model parameter optimization (eps = 10.000000)
[00:11:27 -56773.164346] AUTODETECT spr round 1 (radius: 5)
[00:11:29 -56762.183287] AUTODETECT spr round 2 (radius: 10)
[00:11:31 -56762.167912] SPR radius for FAST iterations: 5 (autodetect)
[00:11:31 -56762.167912] Model parameter optimization (eps = 3.000000)
[00:11:33 -56750.898058] FAST spr round 1 (radius: 5)
[00:11:35 -56750.822444] Model parameter optimization (eps = 1.000000)
[00:11:37 -56747.211049] SLOW spr round 1 (radius: 5)
[00:11:41 -56747.177724] SLOW spr round 2 (radius: 10)
[00:11:47 -56747.175241] SLOW spr round 3 (radius: 15)
[00:11:51 -56747.175241] SLOW spr round 4 (radius: 20)
[00:11:55 -56747.175241] SLOW spr round 5 (radius: 25)
[00:11:57 -56747.175241] Model parameter optimization (eps = 0.100000)

[00:12:01] ML tree search #13, logLikelihood: -56744.770751

[00:12:01 -157796.332295] Initial branch length optimization
[00:12:01 -59788.155242] Model parameter optimization (eps = 10.000000)
[00:12:04 -56764.077780] AUTODETECT spr round 1 (radius: 5)
[00:12:05 -56762.043361] AUTODETECT spr round 2 (radius: 10)
[00:12:08 -56762.043209] SPR radius for FAST iterations: 5 (autodetect)
[00:12:08 -56762.043209] Model parameter optimization (eps = 3.000000)
[00:12:09 -56750.854779] FAST spr round 1 (radius: 5)
[00:12:12 -56750.783574] Model parameter optimization (eps = 1.000000)
[00:12:14 -56747.196423] SLOW spr round 1 (radius: 5)
[00:12:19 -56747.155078] SLOW spr round 2 (radius: 10)
[00:12:25 -56747.017789] SLOW spr round 3 (radius: 5)
[00:12:30 -56746.951976] SLOW spr round 4 (radius: 10)
[00:12:36 -56746.950038] SLOW spr round 5 (radius: 15)
[00:12:40 -56746.950031] SLOW spr round 6 (radius: 20)
[00:12:44 -56746.950030] SLOW spr round 7 (radius: 25)
[00:12:47 -56746.950030] Model parameter optimization (eps = 0.100000)

[00:12:52] ML tree search #14, logLikelihood: -56744.326407

[00:12:52 -157791.112155] Initial branch length optimization
[00:12:52 -59787.163839] Model parameter optimization (eps = 10.000000)
[00:12:55 -56764.862848] AUTODETECT spr round 1 (radius: 5)
[00:12:56 -56763.429180] AUTODETECT spr round 2 (radius: 10)
[00:12:58 -56762.950948] AUTODETECT spr round 3 (radius: 15)
[00:13:00 -56762.950860] SPR radius for FAST iterations: 10 (autodetect)
[00:13:00 -56762.950860] Model parameter optimization (eps = 3.000000)
[00:13:02 -56751.072718] FAST spr round 1 (radius: 10)
[00:13:06 -56750.991660] Model parameter optimization (eps = 1.000000)
[00:13:08 -56747.284803] SLOW spr round 1 (radius: 5)
[00:13:13 -56747.250854] SLOW spr round 2 (radius: 10)
[00:13:19 -56747.248766] SLOW spr round 3 (radius: 15)
[00:13:24 -56747.114680] SLOW spr round 4 (radius: 5)
[00:13:30 -56747.110896] SLOW spr round 5 (radius: 10)
[00:13:35 -56747.038666] SLOW spr round 6 (radius: 15)
[00:13:39 -56747.036720] SLOW spr round 7 (radius: 20)
[00:13:43 -56747.036716] SLOW spr round 8 (radius: 25)
[00:13:45 -56747.036716] Model parameter optimization (eps = 0.100000)

[00:13:50] ML tree search #15, logLikelihood: -56744.334848

[00:13:50 -157796.355362] Initial branch length optimization
[00:13:50 -59788.150290] Model parameter optimization (eps = 10.000000)
[00:13:53 -56764.085113] AUTODETECT spr round 1 (radius: 5)
[00:13:54 -56762.060965] AUTODETECT spr round 2 (radius: 10)
[00:13:56 -56762.060809] SPR radius for FAST iterations: 5 (autodetect)
[00:13:56 -56762.060809] Model parameter optimization (eps = 3.000000)
[00:13:58 -56750.868502] FAST spr round 1 (radius: 5)
[00:14:00 -56750.795295] Model parameter optimization (eps = 1.000000)
[00:14:02 -56747.208263] SLOW spr round 1 (radius: 5)
[00:14:06 -56747.168272] SLOW spr round 2 (radius: 10)
[00:14:12 -56747.153463] SLOW spr round 3 (radius: 15)
[00:14:17 -56747.017801] SLOW spr round 4 (radius: 5)
[00:14:22 -56747.013787] SLOW spr round 5 (radius: 10)
[00:14:28 -56746.951343] SLOW spr round 6 (radius: 15)
[00:14:32 -56746.949383] SLOW spr round 7 (radius: 20)
[00:14:35 -56746.949378] SLOW spr round 8 (radius: 25)
[00:14:38 -56746.949378] Model parameter optimization (eps = 0.100000)

[00:14:43] ML tree search #16, logLikelihood: -56744.324357



Final LogLikelihood: -56743.521229

AIC score: 113979.042457 / AICc score: 113983.247294 / BIC score: 116015.957285
Free parameters (model + branch lengths): 246

Best ML tree saved to: /home/hikoyu/analysis/Genome/SARS-CoV-2/phylogeny/RAxML-NG/DNA/part/3rd/SARS-CoV-2_200328.4.raxml.bestTree
All ML trees saved to: /home/hikoyu/analysis/Genome/SARS-CoV-2/phylogeny/RAxML-NG/DNA/part/3rd/SARS-CoV-2_200328.4.raxml.mlTrees
Optimized model saved to: /home/hikoyu/analysis/Genome/SARS-CoV-2/phylogeny/RAxML-NG/DNA/part/3rd/SARS-CoV-2_200328.4.raxml.bestModel

Execution log saved to: /home/hikoyu/analysis/Genome/SARS-CoV-2/phylogeny/RAxML-NG/DNA/part/3rd/SARS-CoV-2_200328.4.raxml.log

Analysis started: 30-Mar-2020 05:36:00 / finished: 30-Mar-2020 05:50:44

Elapsed time: 883.070 seconds

