
RAxML-NG v. 0.9.0 released on 20.05.2019 by The Exelixis Lab.
Developed by: Alexey M. Kozlov and Alexandros Stamatakis.
Contributors: Diego Darriba, Tomas Flouri, Benoit Morel, Sarah Lutteropp, Ben Bettisworth.
Latest version: https://github.com/amkozlov/raxml-ng
Questions/problems/suggestions? Please visit: https://groups.google.com/forum/#!forum/raxml

RAxML-NG was called at 19-Mar-2020 06:52:09 as follows:

raxml-ng --threads 1 --search --tree rand{8},pars{8} --seed 876630448 --prefix phylogeny/RAxML-NG/DNA/part/3rd/SARS-CoV-2_200318.6 --msa phylogeny/RAxML-NG/DNA/part/3rd/SARS-CoV-2_200318.raxml.rba --outgroup MG772933.1

Analysis options:
  run mode: ML tree search
  start tree(s): random (8) + parsimony (8)
  random seed: 876630448
  tip-inner: OFF
  pattern compression: ON
  per-rate scalers: OFF
  site repeats: ON
  fast spr radius: AUTO
  spr subtree cutoff: 1.000000
  branch lengths: proportional (ML estimate, algorithm: NR-FAST)
  SIMD kernels: AVX2
  parallelization: NONE/sequential

[00:00:00] Loading binary alignment from file: phylogeny/RAxML-NG/DNA/part/3rd/SARS-CoV-2_200318.raxml.rba
[00:00:00] Alignment comprises 74 taxa, 22 partitions and 638 patterns

Partition 0: orf1ab_U
Model: TIM2+I+B
Alignment sites / patterns: 8810 / 86
Gaps: 0.10 %
Invariant sites: 96.06 %

Partition 1: orf1ab_U_p3
Model: TN93+FO+G4m+B
Alignment sites / patterns: 4405 / 84
Gaps: 0.10 %
Invariant sites: 73.94 %

Partition 2: orf1ab_D
Model: TN93+FO+I+G4m+B
Alignment sites / patterns: 5394 / 47
Gaps: 0.04 %
Invariant sites: 95.74 %

Partition 3: orf1ab_D_p3
Model: TPM3uf+FO+G4m+B
Alignment sites / patterns: 2697 / 59
Gaps: 0.04 %
Invariant sites: 62.51 %

Partition 4: S
Model: HKY+FO+G4m+B
Alignment sites / patterns: 2548 / 56
Gaps: 0.05 %
Invariant sites: 86.66 %

Partition 5: S_p3
Model: HKY+FO+I+B
Alignment sites / patterns: 1274 / 69
Gaps: 0.05 %
Invariant sites: 50.24 %

Partition 6: ORF3a
Model: JC+I+G4m+B
Alignment sites / patterns: 552 / 23
Gaps: 0.00 %
Invariant sites: 93.12 %

Partition 7: ORF3a_p3
Model: HKY+FO+I+B
Alignment sites / patterns: 276 / 22
Gaps: 0.00 %
Invariant sites: 70.65 %

Partition 8: E
Model: JC+B
Alignment sites / patterns: 152 / 6
Gaps: 0.00 %
Invariant sites: 98.68 %

Partition 9: E_p3
Model: JC+B
Alignment sites / patterns: 76 / 6
Gaps: 0.00 %
Invariant sites: 97.37 %

Partition 10: M
Model: JC+I+B
Alignment sites / patterns: 446 / 12
Gaps: 0.01 %
Invariant sites: 97.31 %

Partition 11: M_p3
Model: K80+I+B
Alignment sites / patterns: 223 / 28
Gaps: 0.01 %
Invariant sites: 78.03 %

Partition 12: ORF6
Model: JC+B
Alignment sites / patterns: 124 / 7
Gaps: 0.00 %
Invariant sites: 95.97 %

Partition 13: ORF6_p3
Model: JC+B
Alignment sites / patterns: 62 / 9
Gaps: 0.00 %
Invariant sites: 88.71 %

Partition 14: ORF7a
Model: K80+B
Alignment sites / patterns: 244 / 14
Gaps: 0.00 %
Invariant sites: 91.80 %

Partition 15: ORF7a_p3
Model: HKY+FO+I+B
Alignment sites / patterns: 122 / 16
Gaps: 0.00 %
Invariant sites: 78.69 %

Partition 16: ORF8
Model: K80+I+G4m+B
Alignment sites / patterns: 244 / 17
Gaps: 0.00 %
Invariant sites: 94.67 %

Partition 17: ORF8_p3
Model: HKY+FO+B
Alignment sites / patterns: 122 / 16
Gaps: 0.00 %
Invariant sites: 69.67 %

Partition 18: N
Model: HKY+FO+I+B
Alignment sites / patterns: 840 / 21
Gaps: 0.00 %
Invariant sites: 95.71 %

Partition 19: N_p3
Model: HKY+FO+G4m+B
Alignment sites / patterns: 420 / 29
Gaps: 0.00 %
Invariant sites: 76.67 %

Partition 20: ORF10
Model: JC+B
Alignment sites / patterns: 78 / 6
Gaps: 0.00 %
Invariant sites: 97.44 %

Partition 21: ORF10_p3
Model: JC+B
Alignment sites / patterns: 39 / 5
Gaps: 0.00 %
Invariant sites: 97.44 %


[00:00:00] Generating 8 random starting tree(s) with 74 taxa
[00:00:00] Generating 8 parsimony starting tree(s) with 74 taxa
[00:00:00] Data distribution: max. partitions/sites/weight per thread: 22 / 638 / 6332

Starting ML tree search with 16 distinct starting trees

[00:00:00 -150097.232013] Initial branch length optimization
[00:00:00 -60762.218933] Model parameter optimization (eps = 10.000000)
[00:00:04 -57235.033721] AUTODETECT spr round 1 (radius: 5)
[00:00:06 -56825.342441] AUTODETECT spr round 2 (radius: 10)
[00:00:07 -56619.864676] AUTODETECT spr round 3 (radius: 15)
[00:00:09 -56616.858300] AUTODETECT spr round 4 (radius: 20)
[00:00:10 -56616.037010] AUTODETECT spr round 5 (radius: 25)
[00:00:11 -56615.592999] SPR radius for FAST iterations: 25 (autodetect)
[00:00:11 -56615.592999] Model parameter optimization (eps = 3.000000)
[00:00:13 -56594.074920] FAST spr round 1 (radius: 25)
[00:00:18 -56481.569027] FAST spr round 2 (radius: 25)
[00:00:23 -56481.561796] Model parameter optimization (eps = 1.000000)
[00:00:25 -56468.817970] SLOW spr round 1 (radius: 5)
[00:00:30 -56468.738684] SLOW spr round 2 (radius: 10)
[00:00:35 -56468.735058] SLOW spr round 3 (radius: 15)
[00:00:39 -56468.734848] SLOW spr round 4 (radius: 20)
[00:00:42 -56468.734848] SLOW spr round 5 (radius: 25)
[00:00:45 -56468.734848] Model parameter optimization (eps = 0.100000)

[00:00:48] ML tree search #1, logLikelihood: -56467.345893

[00:00:48 -150106.412186] Initial branch length optimization
[00:00:48 -60815.791521] Model parameter optimization (eps = 10.000000)
[00:00:53 -57255.227137] AUTODETECT spr round 1 (radius: 5)
[00:00:54 -56962.492799] AUTODETECT spr round 2 (radius: 10)
[00:00:56 -56805.694249] AUTODETECT spr round 3 (radius: 15)
[00:00:57 -56699.277811] AUTODETECT spr round 4 (radius: 20)
[00:00:58 -56697.553660] AUTODETECT spr round 5 (radius: 25)
[00:00:59 -56697.515080] SPR radius for FAST iterations: 20 (autodetect)
[00:00:59 -56697.515080] Model parameter optimization (eps = 3.000000)
[00:01:01 -56678.841107] FAST spr round 1 (radius: 20)
[00:01:05 -56484.030022] FAST spr round 2 (radius: 20)
[00:01:09 -56484.023019] Model parameter optimization (eps = 1.000000)
[00:01:11 -56468.881417] SLOW spr round 1 (radius: 5)
[00:01:15 -56468.850735] SLOW spr round 2 (radius: 10)
[00:01:21 -56468.848519] SLOW spr round 3 (radius: 15)
[00:01:25 -56468.834160] SLOW spr round 4 (radius: 20)
[00:01:28 -56468.834160] SLOW spr round 5 (radius: 25)
[00:01:32 -56468.834160] Model parameter optimization (eps = 0.100000)

[00:01:34] ML tree search #2, logLikelihood: -56467.930515

[00:01:34 -150062.544895] Initial branch length optimization
[00:01:34 -60679.356877] Model parameter optimization (eps = 10.000000)
[00:01:40 -57178.888558] AUTODETECT spr round 1 (radius: 5)
[00:01:41 -56895.755284] AUTODETECT spr round 2 (radius: 10)
[00:01:43 -56599.811965] AUTODETECT spr round 3 (radius: 15)
[00:01:44 -56573.832361] AUTODETECT spr round 4 (radius: 20)
[00:01:45 -56573.832361] SPR radius for FAST iterations: 15 (autodetect)
[00:01:45 -56573.832361] Model parameter optimization (eps = 3.000000)
[00:01:48 -56557.712733] FAST spr round 1 (radius: 15)
[00:01:52 -56481.364431] FAST spr round 2 (radius: 15)
[00:01:55 -56481.356241] Model parameter optimization (eps = 1.000000)
[00:01:58 -56468.743192] SLOW spr round 1 (radius: 5)
[00:02:02 -56468.731707] SLOW spr round 2 (radius: 10)
[00:02:08 -56468.651430] SLOW spr round 3 (radius: 15)
[00:02:12 -56468.649937] SLOW spr round 4 (radius: 20)
[00:02:16 -56468.649936] SLOW spr round 5 (radius: 25)
[00:02:18 -56468.649936] Model parameter optimization (eps = 0.100000)

[00:02:21] ML tree search #3, logLikelihood: -56467.344014

[00:02:21 -150078.608036] Initial branch length optimization
[00:02:21 -60724.278437] Model parameter optimization (eps = 10.000000)
[00:02:26 -57209.761110] AUTODETECT spr round 1 (radius: 5)
[00:02:28 -56843.802208] AUTODETECT spr round 2 (radius: 10)
[00:02:29 -56766.971374] AUTODETECT spr round 3 (radius: 15)
[00:02:31 -56682.656272] AUTODETECT spr round 4 (radius: 20)
[00:02:32 -56682.656264] SPR radius for FAST iterations: 15 (autodetect)
[00:02:32 -56682.656264] Model parameter optimization (eps = 3.000000)
[00:02:34 -56666.422965] FAST spr round 1 (radius: 15)
[00:02:39 -56503.754917] FAST spr round 2 (radius: 15)
[00:02:43 -56483.285765] FAST spr round 3 (radius: 15)
[00:02:45 -56483.284155] Model parameter optimization (eps = 1.000000)
[00:02:48 -56468.830571] SLOW spr round 1 (radius: 5)
[00:02:52 -56468.814045] SLOW spr round 2 (radius: 10)
[00:02:58 -56468.812187] SLOW spr round 3 (radius: 15)
[00:03:02 -56468.812174] SLOW spr round 4 (radius: 20)
[00:03:05 -56468.812173] SLOW spr round 5 (radius: 25)
[00:03:08 -56468.812173] Model parameter optimization (eps = 0.100000)

[00:03:11] ML tree search #4, logLikelihood: -56467.925721

[00:03:11 -150085.148738] Initial branch length optimization
[00:03:11 -60751.762040] Model parameter optimization (eps = 10.000000)
[00:03:16 -57226.837553] AUTODETECT spr round 1 (radius: 5)
[00:03:17 -56894.150376] AUTODETECT spr round 2 (radius: 10)
[00:03:19 -56672.534265] AUTODETECT spr round 3 (radius: 15)
[00:03:20 -56628.056768] AUTODETECT spr round 4 (radius: 20)
[00:03:22 -56628.055783] SPR radius for FAST iterations: 15 (autodetect)
[00:03:22 -56628.055783] Model parameter optimization (eps = 3.000000)
[00:03:23 -56612.043795] FAST spr round 1 (radius: 15)
[00:03:28 -56483.984984] FAST spr round 2 (radius: 15)
[00:03:31 -56483.967235] Model parameter optimization (eps = 1.000000)
[00:03:33 -56468.819081] SLOW spr round 1 (radius: 5)
[00:03:37 -56468.796732] SLOW spr round 2 (radius: 10)
[00:03:43 -56468.794560] SLOW spr round 3 (radius: 15)
[00:03:47 -56468.794547] SLOW spr round 4 (radius: 20)
[00:03:50 -56468.794546] SLOW spr round 5 (radius: 25)
[00:03:53 -56468.794546] Model parameter optimization (eps = 0.100000)

[00:03:56] ML tree search #5, logLikelihood: -56467.930340

[00:03:56 -150105.966508] Initial branch length optimization
[00:03:56 -60832.900788] Model parameter optimization (eps = 10.000000)
[00:04:00 -57253.569756] AUTODETECT spr round 1 (radius: 5)
[00:04:02 -56960.201212] AUTODETECT spr round 2 (radius: 10)
[00:04:04 -56627.919699] AUTODETECT spr round 3 (radius: 15)
[00:04:05 -56599.083850] AUTODETECT spr round 4 (radius: 20)
[00:04:07 -56599.083850] SPR radius for FAST iterations: 15 (autodetect)
[00:04:07 -56599.083850] Model parameter optimization (eps = 3.000000)
[00:04:08 -56579.118432] FAST spr round 1 (radius: 15)
[00:04:13 -56535.364994] FAST spr round 2 (radius: 15)
[00:04:17 -56530.034841] FAST spr round 3 (radius: 15)
[00:04:21 -56530.032639] Model parameter optimization (eps = 1.000000)
[00:04:21 -56529.259488] SLOW spr round 1 (radius: 5)
[00:04:26 -56529.256010] SLOW spr round 2 (radius: 10)
[00:04:30 -56529.253876] SLOW spr round 3 (radius: 15)
[00:04:33 -56529.253876] SLOW spr round 4 (radius: 20)
[00:04:36 -56481.914633] SLOW spr round 5 (radius: 5)
[00:04:41 -56481.897335] SLOW spr round 6 (radius: 10)
[00:04:47 -56481.897145] SLOW spr round 7 (radius: 15)
[00:04:51 -56481.896687] SLOW spr round 8 (radius: 20)
[00:04:54 -56481.896684] SLOW spr round 9 (radius: 25)
[00:04:57 -56481.896684] Model parameter optimization (eps = 0.100000)

[00:05:02] ML tree search #6, logLikelihood: -56467.864364

[00:05:02 -150093.060322] Initial branch length optimization
[00:05:02 -60738.711701] Model parameter optimization (eps = 10.000000)
[00:05:07 -57225.846591] AUTODETECT spr round 1 (radius: 5)
[00:05:08 -56848.722363] AUTODETECT spr round 2 (radius: 10)
[00:05:10 -56645.514598] AUTODETECT spr round 3 (radius: 15)
[00:05:12 -56605.250834] AUTODETECT spr round 4 (radius: 20)
[00:05:13 -56604.926341] AUTODETECT spr round 5 (radius: 25)
[00:05:14 -56604.868950] SPR radius for FAST iterations: 20 (autodetect)
[00:05:14 -56604.868950] Model parameter optimization (eps = 3.000000)
[00:05:16 -56585.508307] FAST spr round 1 (radius: 20)
[00:05:21 -56530.586814] FAST spr round 2 (radius: 20)
[00:05:26 -56482.554334] FAST spr round 3 (radius: 20)
[00:05:30 -56482.542196] Model parameter optimization (eps = 1.000000)
[00:05:33 -56468.692314] SLOW spr round 1 (radius: 5)
[00:05:37 -56468.673038] SLOW spr round 2 (radius: 10)
[00:05:43 -56468.638345] SLOW spr round 3 (radius: 15)
[00:05:48 -56468.636696] SLOW spr round 4 (radius: 20)
[00:05:51 -56468.636696] SLOW spr round 5 (radius: 25)
[00:05:53 -56468.636696] Model parameter optimization (eps = 0.100000)

[00:05:56] ML tree search #7, logLikelihood: -56467.324414

[00:05:56 -150108.769111] Initial branch length optimization
[00:05:56 -60804.352097] Model parameter optimization (eps = 10.000000)
[00:06:01 -57246.322438] AUTODETECT spr round 1 (radius: 5)
[00:06:02 -56885.573790] AUTODETECT spr round 2 (radius: 10)
[00:06:04 -56648.673478] AUTODETECT spr round 3 (radius: 15)
[00:06:05 -56575.418171] AUTODETECT spr round 4 (radius: 20)
[00:06:07 -56575.416313] SPR radius for FAST iterations: 15 (autodetect)
[00:06:07 -56575.416313] Model parameter optimization (eps = 3.000000)
[00:06:10 -56545.310686] FAST spr round 1 (radius: 15)
[00:06:14 -56469.635383] FAST spr round 2 (radius: 15)
[00:06:16 -56469.631757] Model parameter optimization (eps = 1.000000)
[00:06:17 -56468.725408] SLOW spr round 1 (radius: 5)
[00:06:21 -56468.641034] SLOW spr round 2 (radius: 10)
[00:06:25 -56468.639665] SLOW spr round 3 (radius: 15)
[00:06:29 -56468.639664] SLOW spr round 4 (radius: 20)
[00:06:32 -56468.639664] SLOW spr round 5 (radius: 25)
[00:06:35 -56468.639664] Model parameter optimization (eps = 0.100000)

[00:06:38] ML tree search #8, logLikelihood: -56467.260865

[00:06:38 -147421.273558] Initial branch length optimization
[00:06:38 -59421.928461] Model parameter optimization (eps = 10.000000)
[00:06:41 -56489.485836] AUTODETECT spr round 1 (radius: 5)
[00:06:42 -56488.430252] AUTODETECT spr round 2 (radius: 10)
[00:06:44 -56487.984668] AUTODETECT spr round 3 (radius: 15)
[00:06:46 -56487.984607] SPR radius for FAST iterations: 10 (autodetect)
[00:06:46 -56487.984607] Model parameter optimization (eps = 3.000000)
[00:06:48 -56474.902477] FAST spr round 1 (radius: 10)
[00:06:51 -56474.799989] FAST spr round 2 (radius: 10)
[00:06:53 -56474.777035] Model parameter optimization (eps = 1.000000)
[00:06:55 -56470.435077] SLOW spr round 1 (radius: 5)
[00:06:59 -56470.384290] SLOW spr round 2 (radius: 10)
[00:07:04 -56470.381749] SLOW spr round 3 (radius: 15)
[00:07:07 -56470.381749] SLOW spr round 4 (radius: 20)
[00:07:10 -56470.381749] SLOW spr round 5 (radius: 25)
[00:07:12 -56470.381749] Model parameter optimization (eps = 0.100000)

[00:07:15] ML tree search #9, logLikelihood: -56468.747128

[00:07:15 -147424.629370] Initial branch length optimization
[00:07:16 -59429.122431] Model parameter optimization (eps = 10.000000)
[00:07:19 -56496.179894] AUTODETECT spr round 1 (radius: 5)
[00:07:20 -56488.045099] AUTODETECT spr round 2 (radius: 10)
[00:07:22 -56488.044389] SPR radius for FAST iterations: 5 (autodetect)
[00:07:22 -56488.044389] Model parameter optimization (eps = 3.000000)
[00:07:24 -56474.932715] FAST spr round 1 (radius: 5)
[00:07:26 -56474.813326] FAST spr round 2 (radius: 5)
[00:07:28 -56474.807751] Model parameter optimization (eps = 1.000000)
[00:07:30 -56470.436214] SLOW spr round 1 (radius: 5)
[00:07:33 -56470.389733] SLOW spr round 2 (radius: 10)
[00:07:39 -56470.386153] SLOW spr round 3 (radius: 15)
[00:07:43 -56470.386152] SLOW spr round 4 (radius: 20)
[00:07:45 -56470.386152] SLOW spr round 5 (radius: 25)
[00:07:48 -56470.386152] Model parameter optimization (eps = 0.100000)

[00:07:51] ML tree search #10, logLikelihood: -56468.745052

[00:07:51 -147418.850792] Initial branch length optimization
[00:07:51 -59419.283028] Model parameter optimization (eps = 10.000000)
[00:07:55 -56488.280616] AUTODETECT spr round 1 (radius: 5)
[00:07:56 -56488.190613] SPR radius for FAST iterations: 5 (autodetect)
[00:07:56 -56488.190613] Model parameter optimization (eps = 3.000000)
[00:07:58 -56474.902437] FAST spr round 1 (radius: 5)
[00:08:01 -56474.797140] FAST spr round 2 (radius: 5)
[00:08:02 -56474.792175] Model parameter optimization (eps = 1.000000)
[00:08:04 -56470.416402] SLOW spr round 1 (radius: 5)
[00:08:08 -56470.366747] SLOW spr round 2 (radius: 10)
[00:08:14 -56470.364946] SLOW spr round 3 (radius: 15)
[00:08:17 -56470.364930] SLOW spr round 4 (radius: 20)
[00:08:20 -56470.364929] SLOW spr round 5 (radius: 25)
[00:08:22 -56470.364929] Model parameter optimization (eps = 0.100000)

[00:08:26] ML tree search #11, logLikelihood: -56468.743596

[00:08:26 -147424.537259] Initial branch length optimization
[00:08:26 -59423.033451] Model parameter optimization (eps = 10.000000)
[00:08:30 -56489.470410] AUTODETECT spr round 1 (radius: 5)
[00:08:31 -56487.891870] AUTODETECT spr round 2 (radius: 10)
[00:08:32 -56487.886908] SPR radius for FAST iterations: 5 (autodetect)
[00:08:32 -56487.886908] Model parameter optimization (eps = 3.000000)
[00:08:35 -56474.841670] FAST spr round 1 (radius: 5)
[00:08:37 -56474.741341] FAST spr round 2 (radius: 5)
[00:08:38 -56474.733565] Model parameter optimization (eps = 1.000000)
[00:08:41 -56470.424048] SLOW spr round 1 (radius: 5)
[00:08:45 -56470.363670] SLOW spr round 2 (radius: 10)
[00:08:49 -56470.359856] SLOW spr round 3 (radius: 15)
[00:08:52 -56470.359856] SLOW spr round 4 (radius: 20)
[00:08:55 -56470.359856] SLOW spr round 5 (radius: 25)
[00:08:58 -56470.359856] Model parameter optimization (eps = 0.100000)

[00:09:01] ML tree search #12, logLikelihood: -56468.744280

[00:09:01 -147425.703443] Initial branch length optimization
[00:09:01 -59430.134302] Model parameter optimization (eps = 10.000000)
[00:09:05 -56497.836055] AUTODETECT spr round 1 (radius: 5)
[00:09:06 -56488.581212] AUTODETECT spr round 2 (radius: 10)
[00:09:08 -56488.210262] AUTODETECT spr round 3 (radius: 15)
[00:09:09 -56488.210251] SPR radius for FAST iterations: 10 (autodetect)
[00:09:09 -56488.210251] Model parameter optimization (eps = 3.000000)
[00:09:12 -56474.782549] FAST spr round 1 (radius: 10)
[00:09:15 -56474.677144] FAST spr round 2 (radius: 10)
[00:09:17 -56474.670874] Model parameter optimization (eps = 1.000000)
[00:09:19 -56470.379696] SLOW spr round 1 (radius: 5)
[00:09:23 -56470.327889] SLOW spr round 2 (radius: 10)
[00:09:30 -56470.310840] SLOW spr round 3 (radius: 15)
[00:09:34 -56470.310840] SLOW spr round 4 (radius: 20)
[00:09:37 -56470.310840] SLOW spr round 5 (radius: 25)
[00:09:38 -56470.310840] Model parameter optimization (eps = 0.100000)

[00:09:41] ML tree search #13, logLikelihood: -56468.736115

[00:09:42 -147423.552967] Initial branch length optimization
[00:09:42 -59428.733044] Model parameter optimization (eps = 10.000000)
[00:09:45 -56496.042634] AUTODETECT spr round 1 (radius: 5)
[00:09:46 -56487.978060] AUTODETECT spr round 2 (radius: 10)
[00:09:47 -56487.975927] SPR radius for FAST iterations: 5 (autodetect)
[00:09:47 -56487.975927] Model parameter optimization (eps = 3.000000)
[00:09:50 -56474.900901] FAST spr round 1 (radius: 5)
[00:09:52 -56474.797045] FAST spr round 2 (radius: 5)
[00:09:53 -56474.792451] Model parameter optimization (eps = 1.000000)
[00:09:56 -56470.451856] SLOW spr round 1 (radius: 5)
[00:09:59 -56470.398041] SLOW spr round 2 (radius: 10)
[00:10:04 -56470.393679] SLOW spr round 3 (radius: 15)
[00:10:07 -56470.379336] SLOW spr round 4 (radius: 20)
[00:10:10 -56470.379336] SLOW spr round 5 (radius: 25)
[00:10:12 -56470.379336] Model parameter optimization (eps = 0.100000)

[00:10:16] ML tree search #14, logLikelihood: -56468.744694

[00:10:16 -147423.628194] Initial branch length optimization
[00:10:16 -59428.962739] Model parameter optimization (eps = 10.000000)
[00:10:19 -56497.236316] AUTODETECT spr round 1 (radius: 5)
[00:10:21 -56497.157482] SPR radius for FAST iterations: 5 (autodetect)
[00:10:21 -56497.157482] Model parameter optimization (eps = 3.000000)
[00:10:24 -56481.531385] FAST spr round 1 (radius: 5)
[00:10:26 -56473.394971] FAST spr round 2 (radius: 5)
[00:10:28 -56473.382699] Model parameter optimization (eps = 1.000000)
[00:10:29 -56471.031578] SLOW spr round 1 (radius: 5)
[00:10:33 -56471.001916] SLOW spr round 2 (radius: 10)
[00:10:38 -56470.983331] SLOW spr round 3 (radius: 15)
[00:10:43 -56470.983006] SLOW spr round 4 (radius: 20)
[00:10:46 -56470.620305] SLOW spr round 5 (radius: 5)
[00:10:51 -56470.616992] SLOW spr round 6 (radius: 10)
[00:10:55 -56470.616991] SLOW spr round 7 (radius: 15)
[00:10:59 -56470.616991] SLOW spr round 8 (radius: 20)
[00:11:02 -56470.616991] SLOW spr round 9 (radius: 25)
[00:11:05 -56470.616991] Model parameter optimization (eps = 0.100000)

[00:11:08] ML tree search #15, logLikelihood: -56468.740649

[00:11:08 -147425.196032] Initial branch length optimization
[00:11:09 -59422.598785] Model parameter optimization (eps = 10.000000)
[00:11:12 -56489.031243] AUTODETECT spr round 1 (radius: 5)
[00:11:13 -56488.954172] SPR radius for FAST iterations: 5 (autodetect)
[00:11:13 -56488.954172] Model parameter optimization (eps = 3.000000)
[00:11:16 -56473.408599] FAST spr round 1 (radius: 5)
[00:11:18 -56472.898524] FAST spr round 2 (radius: 5)
[00:11:20 -56472.826131] Model parameter optimization (eps = 1.000000)
[00:11:21 -56470.328080] SLOW spr round 1 (radius: 5)
[00:11:26 -56470.292943] SLOW spr round 2 (radius: 10)
[00:11:32 -56470.290195] SLOW spr round 3 (radius: 15)
[00:11:36 -56470.275836] SLOW spr round 4 (radius: 20)
[00:11:39 -56470.275835] SLOW spr round 5 (radius: 25)
[00:11:40 -56470.275835] Model parameter optimization (eps = 0.100000)

[00:11:44] ML tree search #16, logLikelihood: -56468.733452



Final LogLikelihood: -56467.260865

AIC score: 113398.521730 / AICc score: 113402.260689 / BIC score: 115319.514576
Free parameters (model + branch lengths): 232

Best ML tree saved to: /home/hikoyu/analysis/Genome/SARS-CoV-2/phylogeny/RAxML-NG/DNA/part/3rd/SARS-CoV-2_200318.6.raxml.bestTree
All ML trees saved to: /home/hikoyu/analysis/Genome/SARS-CoV-2/phylogeny/RAxML-NG/DNA/part/3rd/SARS-CoV-2_200318.6.raxml.mlTrees
Optimized model saved to: /home/hikoyu/analysis/Genome/SARS-CoV-2/phylogeny/RAxML-NG/DNA/part/3rd/SARS-CoV-2_200318.6.raxml.bestModel

Execution log saved to: /home/hikoyu/analysis/Genome/SARS-CoV-2/phylogeny/RAxML-NG/DNA/part/3rd/SARS-CoV-2_200318.6.raxml.log

Analysis started: 19-Mar-2020 06:52:09 / finished: 19-Mar-2020 07:03:54

Elapsed time: 704.720 seconds

