
RAxML-NG v. 0.9.0 released on 20.05.2019 by The Exelixis Lab.
Developed by: Alexey M. Kozlov and Alexandros Stamatakis.
Contributors: Diego Darriba, Tomas Flouri, Benoit Morel, Sarah Lutteropp, Ben Bettisworth.
Latest version: https://github.com/amkozlov/raxml-ng
Questions/problems/suggestions? Please visit: https://groups.google.com/forum/#!forum/raxml

RAxML-NG was called at 30-Mar-2020 05:51:38 as follows:

raxml-ng --threads 1 --search --tree rand{8},pars{8} --seed 3669234592 --prefix phylogeny/RAxML-NG/DNA/part/3rd/SARS-CoV-2_200328.10 --msa phylogeny/RAxML-NG/DNA/part/3rd/SARS-CoV-2_200328.raxml.rba --outgroup MG772933.1

Analysis options:
  run mode: ML tree search
  start tree(s): random (8) + parsimony (8)
  random seed: 3669234592
  tip-inner: OFF
  pattern compression: ON
  per-rate scalers: OFF
  site repeats: ON
  fast spr radius: AUTO
  spr subtree cutoff: 1.000000
  branch lengths: proportional (ML estimate, algorithm: NR-FAST)
  SIMD kernels: AVX2
  parallelization: NONE/sequential

[00:00:00] Loading binary alignment from file: phylogeny/RAxML-NG/DNA/part/3rd/SARS-CoV-2_200328.raxml.rba
[00:00:00] Alignment comprises 80 taxa, 22 partitions and 659 patterns

Partition 0: orf1ab_U
Model: TN93+FO+I+B
Alignment sites / patterns: 8810 / 93
Gaps: 0.10 %
Invariant sites: 95.89 %

Partition 1: orf1ab_U_p3
Model: TN93+FO+G4m+B
Alignment sites / patterns: 4405 / 91
Gaps: 0.10 %
Invariant sites: 73.83 %

Partition 2: orf1ab_D
Model: TN93+FO+I+B
Alignment sites / patterns: 5394 / 49
Gaps: 0.04 %
Invariant sites: 95.68 %

Partition 3: orf1ab_D_p3
Model: TPM3uf+FO+G4m+B
Alignment sites / patterns: 2697 / 59
Gaps: 0.04 %
Invariant sites: 62.51 %

Partition 4: S
Model: HKY+FO+G4m+B
Alignment sites / patterns: 2548 / 57
Gaps: 0.04 %
Invariant sites: 86.66 %

Partition 5: S_p3
Model: HKY+FO+I+B
Alignment sites / patterns: 1274 / 70
Gaps: 0.04 %
Invariant sites: 50.24 %

Partition 6: ORF3a
Model: JC+I+G4m+B
Alignment sites / patterns: 552 / 24
Gaps: 0.00 %
Invariant sites: 92.93 %

Partition 7: ORF3a_p3
Model: HKY+FO+I+B
Alignment sites / patterns: 276 / 22
Gaps: 0.00 %
Invariant sites: 70.65 %

Partition 8: E
Model: JC+B
Alignment sites / patterns: 152 / 6
Gaps: 0.00 %
Invariant sites: 98.68 %

Partition 9: E_p3
Model: JC+B
Alignment sites / patterns: 76 / 6
Gaps: 0.00 %
Invariant sites: 97.37 %

Partition 10: M
Model: JC+I+G4m+B
Alignment sites / patterns: 446 / 12
Gaps: 0.01 %
Invariant sites: 97.31 %

Partition 11: M_p3
Model: K80+I+B
Alignment sites / patterns: 223 / 28
Gaps: 0.01 %
Invariant sites: 78.03 %

Partition 12: ORF6
Model: JC+B
Alignment sites / patterns: 124 / 7
Gaps: 0.00 %
Invariant sites: 95.97 %

Partition 13: ORF6_p3
Model: JC+B
Alignment sites / patterns: 62 / 9
Gaps: 0.00 %
Invariant sites: 88.71 %

Partition 14: ORF7a
Model: K80+B
Alignment sites / patterns: 244 / 14
Gaps: 0.00 %
Invariant sites: 91.80 %

Partition 15: ORF7a_p3
Model: HKY+FO+I+B
Alignment sites / patterns: 122 / 16
Gaps: 0.00 %
Invariant sites: 78.69 %

Partition 16: ORF8
Model: K80+I+G4m+B
Alignment sites / patterns: 244 / 17
Gaps: 0.00 %
Invariant sites: 94.67 %

Partition 17: ORF8_p3
Model: HKY+FO+B
Alignment sites / patterns: 122 / 16
Gaps: 0.00 %
Invariant sites: 69.67 %

Partition 18: N
Model: HKY+FO+I+B
Alignment sites / patterns: 840 / 22
Gaps: 0.00 %
Invariant sites: 95.60 %

Partition 19: N_p3
Model: HKY+FO+G4m+B
Alignment sites / patterns: 420 / 30
Gaps: 0.00 %
Invariant sites: 76.67 %

Partition 20: ORF10
Model: JC+B
Alignment sites / patterns: 78 / 6
Gaps: 0.00 %
Invariant sites: 97.44 %

Partition 21: ORF10_p3
Model: JC+B
Alignment sites / patterns: 39 / 5
Gaps: 0.00 %
Invariant sites: 97.44 %


[00:00:00] Generating 8 random starting tree(s) with 80 taxa
[00:00:00] Generating 8 parsimony starting tree(s) with 80 taxa
[00:00:00] Data distribution: max. partitions/sites/weight per thread: 22 / 659 / 6116

Starting ML tree search with 16 distinct starting trees

[00:00:00 -160431.551147] Initial branch length optimization
[00:00:00 -61108.038203] Model parameter optimization (eps = 10.000000)
[00:00:04 -57497.613521] AUTODETECT spr round 1 (radius: 5)
[00:00:05 -57190.549756] AUTODETECT spr round 2 (radius: 10)
[00:00:07 -57042.428028] AUTODETECT spr round 3 (radius: 15)
[00:00:09 -56940.166048] AUTODETECT spr round 4 (radius: 20)
[00:00:10 -56910.272524] AUTODETECT spr round 5 (radius: 25)
[00:00:12 -56910.270934] SPR radius for FAST iterations: 20 (autodetect)
[00:00:12 -56910.270934] Model parameter optimization (eps = 3.000000)
[00:00:14 -56881.673681] FAST spr round 1 (radius: 20)
[00:00:19 -56748.982976] FAST spr round 2 (radius: 20)
[00:00:22 -56748.956755] Model parameter optimization (eps = 1.000000)
[00:00:23 -56745.610383] SLOW spr round 1 (radius: 5)
[00:00:28 -56745.607748] SLOW spr round 2 (radius: 10)
[00:00:33 -56745.184136] SLOW spr round 3 (radius: 5)
[00:00:37 -56745.182231] SLOW spr round 4 (radius: 10)
[00:00:42 -56745.182225] SLOW spr round 5 (radius: 15)
[00:00:46 -56745.182225] SLOW spr round 6 (radius: 20)
[00:00:50 -56744.876744] SLOW spr round 7 (radius: 5)
[00:00:55 -56744.874983] SLOW spr round 8 (radius: 10)
[00:00:59 -56744.874981] SLOW spr round 9 (radius: 15)
[00:01:04 -56744.874981] SLOW spr round 10 (radius: 20)
[00:01:07 -56744.874981] SLOW spr round 11 (radius: 25)
[00:01:10 -56744.874981] Model parameter optimization (eps = 0.100000)

[00:01:12] ML tree search #1, logLikelihood: -56743.539765

[00:01:12 -160442.621607] Initial branch length optimization
[00:01:12 -61160.433313] Model parameter optimization (eps = 10.000000)
[00:01:17 -57521.973721] AUTODETECT spr round 1 (radius: 5)
[00:01:18 -57198.218507] AUTODETECT spr round 2 (radius: 10)
[00:01:20 -56995.564029] AUTODETECT spr round 3 (radius: 15)
[00:01:22 -56887.974426] AUTODETECT spr round 4 (radius: 20)
[00:01:24 -56887.741612] AUTODETECT spr round 5 (radius: 25)
[00:01:25 -56887.687540] SPR radius for FAST iterations: 20 (autodetect)
[00:01:25 -56887.687540] Model parameter optimization (eps = 3.000000)
[00:01:27 -56870.059091] FAST spr round 1 (radius: 20)
[00:01:32 -56815.430533] FAST spr round 2 (radius: 20)
[00:01:37 -56762.519543] FAST spr round 3 (radius: 20)
[00:01:41 -56762.493807] Model parameter optimization (eps = 1.000000)
[00:01:44 -56745.902148] SLOW spr round 1 (radius: 5)
[00:01:48 -56745.502979] SLOW spr round 2 (radius: 5)
[00:01:53 -56745.500661] SLOW spr round 3 (radius: 10)
[00:01:59 -56745.241385] SLOW spr round 4 (radius: 5)
[00:02:04 -56745.239953] SLOW spr round 5 (radius: 10)
[00:02:10 -56745.239951] SLOW spr round 6 (radius: 15)
[00:02:14 -56745.239951] SLOW spr round 7 (radius: 20)
[00:02:18 -56745.239951] SLOW spr round 8 (radius: 25)
[00:02:21 -56745.239951] Model parameter optimization (eps = 0.100000)

[00:02:24] ML tree search #2, logLikelihood: -56743.536887

[00:02:24 -160434.227547] Initial branch length optimization
[00:02:24 -61131.261251] Model parameter optimization (eps = 10.000000)
[00:02:28 -57496.769676] AUTODETECT spr round 1 (radius: 5)
[00:02:30 -57186.772992] AUTODETECT spr round 2 (radius: 10)
[00:02:32 -56960.368039] AUTODETECT spr round 3 (radius: 15)
[00:02:34 -56895.075471] AUTODETECT spr round 4 (radius: 20)
[00:02:36 -56881.316022] AUTODETECT spr round 5 (radius: 25)
[00:02:37 -56881.315874] SPR radius for FAST iterations: 20 (autodetect)
[00:02:37 -56881.315874] Model parameter optimization (eps = 3.000000)
[00:02:39 -56853.462669] FAST spr round 1 (radius: 20)
[00:02:44 -56748.687712] FAST spr round 2 (radius: 20)
[00:02:48 -56748.675935] Model parameter optimization (eps = 1.000000)
[00:02:50 -56745.083888] SLOW spr round 1 (radius: 5)
[00:02:55 -56745.080161] SLOW spr round 2 (radius: 10)
[00:03:01 -56744.773655] SLOW spr round 3 (radius: 5)
[00:03:06 -56744.772036] SLOW spr round 4 (radius: 10)
[00:03:12 -56744.772035] SLOW spr round 5 (radius: 15)
[00:03:16 -56744.772034] SLOW spr round 6 (radius: 20)
[00:03:20 -56744.772034] SLOW spr round 7 (radius: 25)
[00:03:24 -56744.772034] Model parameter optimization (eps = 0.100000)

[00:03:26] ML tree search #3, logLikelihood: -56743.531961

[00:03:26 -160437.860037] Initial branch length optimization
[00:03:27 -61165.113069] Model parameter optimization (eps = 10.000000)
[00:03:31 -57524.681005] AUTODETECT spr round 1 (radius: 5)
[00:03:32 -57155.019028] AUTODETECT spr round 2 (radius: 10)
[00:03:35 -56962.476318] AUTODETECT spr round 3 (radius: 15)
[00:03:37 -56876.400870] AUTODETECT spr round 4 (radius: 20)
[00:03:38 -56876.385680] SPR radius for FAST iterations: 15 (autodetect)
[00:03:38 -56876.385680] Model parameter optimization (eps = 3.000000)
[00:03:40 -56848.813909] FAST spr round 1 (radius: 15)
[00:03:46 -56749.929036] FAST spr round 2 (radius: 15)
[00:03:50 -56749.916913] Model parameter optimization (eps = 1.000000)
[00:03:51 -56745.624858] SLOW spr round 1 (radius: 5)
[00:03:57 -56745.426126] SLOW spr round 2 (radius: 5)
[00:04:02 -56745.424672] SLOW spr round 3 (radius: 10)
[00:04:08 -56745.032832] SLOW spr round 4 (radius: 5)
[00:04:13 -56745.031111] SLOW spr round 5 (radius: 10)
[00:04:20 -56745.031105] SLOW spr round 6 (radius: 15)
[00:04:24 -56745.031104] SLOW spr round 7 (radius: 20)
[00:04:27 -56745.031104] SLOW spr round 8 (radius: 25)
[00:04:28 -56745.031104] Model parameter optimization (eps = 0.100000)

[00:04:31] ML tree search #4, logLikelihood: -56743.552857

[00:04:31 -160446.411173] Initial branch length optimization
[00:04:31 -61187.821672] Model parameter optimization (eps = 10.000000)
[00:04:35 -57529.549497] AUTODETECT spr round 1 (radius: 5)
[00:04:36 -57229.039437] AUTODETECT spr round 2 (radius: 10)
[00:04:38 -57081.280708] AUTODETECT spr round 3 (radius: 15)
[00:04:40 -56899.217635] AUTODETECT spr round 4 (radius: 20)
[00:04:42 -56898.642706] AUTODETECT spr round 5 (radius: 25)
[00:04:43 -56898.632629] SPR radius for FAST iterations: 20 (autodetect)
[00:04:43 -56898.632629] Model parameter optimization (eps = 3.000000)
[00:04:45 -56881.227557] FAST spr round 1 (radius: 20)
[00:04:51 -56762.879256] FAST spr round 2 (radius: 20)
[00:04:56 -56762.870909] Model parameter optimization (eps = 1.000000)
[00:04:58 -56746.195835] SLOW spr round 1 (radius: 5)
[00:05:04 -56746.165708] SLOW spr round 2 (radius: 10)
[00:05:09 -56746.163538] SLOW spr round 3 (radius: 15)
[00:05:16 -56745.880408] SLOW spr round 4 (radius: 5)
[00:05:21 -56745.878673] SLOW spr round 5 (radius: 10)
[00:05:28 -56745.878671] SLOW spr round 6 (radius: 15)
[00:05:35 -56745.878671] SLOW spr round 7 (radius: 20)
[00:05:39 -56745.878671] SLOW spr round 8 (radius: 25)
[00:05:40 -56745.878671] Model parameter optimization (eps = 0.100000)

[00:05:43] ML tree search #5, logLikelihood: -56744.254906

[00:05:43 -160454.609797] Initial branch length optimization
[00:05:44 -61189.226341] Model parameter optimization (eps = 10.000000)
[00:05:47 -57527.764277] AUTODETECT spr round 1 (radius: 5)
[00:05:49 -57237.850817] AUTODETECT spr round 2 (radius: 10)
[00:05:51 -56925.536182] AUTODETECT spr round 3 (radius: 15)
[00:05:53 -56897.186275] AUTODETECT spr round 4 (radius: 20)
[00:05:55 -56897.186117] SPR radius for FAST iterations: 15 (autodetect)
[00:05:55 -56897.186117] Model parameter optimization (eps = 3.000000)
[00:05:57 -56880.336825] FAST spr round 1 (radius: 15)
[00:06:01 -56816.118819] FAST spr round 2 (radius: 15)
[00:06:05 -56816.115723] Model parameter optimization (eps = 1.000000)
[00:06:05 -56815.574284] SLOW spr round 1 (radius: 5)
[00:06:11 -56815.567949] SLOW spr round 2 (radius: 10)
[00:06:14 -56815.214850] SLOW spr round 3 (radius: 5)
[00:06:19 -56815.212522] SLOW spr round 4 (radius: 10)
[00:06:22 -56815.212522] SLOW spr round 5 (radius: 15)
[00:06:26 -56815.212522] SLOW spr round 6 (radius: 20)
[00:06:29 -56815.212522] SLOW spr round 7 (radius: 25)
[00:06:32 -56815.212522] Model parameter optimization (eps = 0.100000)

[00:06:33] ML tree search #6, logLikelihood: -56815.117430

[00:06:33 -160416.755543] Initial branch length optimization
[00:06:33 -61103.762339] Model parameter optimization (eps = 10.000000)
[00:06:37 -57494.003114] AUTODETECT spr round 1 (radius: 5)
[00:06:39 -57213.350116] AUTODETECT spr round 2 (radius: 10)
[00:06:41 -57085.140183] AUTODETECT spr round 3 (radius: 15)
[00:06:44 -56914.019693] AUTODETECT spr round 4 (radius: 20)
[00:06:45 -56914.018122] SPR radius for FAST iterations: 15 (autodetect)
[00:06:45 -56914.018122] Model parameter optimization (eps = 3.000000)
[00:06:46 -56897.370221] FAST spr round 1 (radius: 15)
[00:06:52 -56763.300476] FAST spr round 2 (radius: 15)
[00:06:56 -56763.279374] Model parameter optimization (eps = 1.000000)
[00:06:59 -56745.854893] SLOW spr round 1 (radius: 5)
[00:07:04 -56745.440966] SLOW spr round 2 (radius: 5)
[00:07:09 -56745.438712] SLOW spr round 3 (radius: 10)
[00:07:14 -56745.438709] SLOW spr round 4 (radius: 15)
[00:07:19 -56745.187026] SLOW spr round 5 (radius: 5)
[00:07:25 -56745.185255] SLOW spr round 6 (radius: 10)
[00:07:30 -56745.185253] SLOW spr round 7 (radius: 15)
[00:07:34 -56745.185253] SLOW spr round 8 (radius: 20)
[00:07:37 -56745.185253] SLOW spr round 9 (radius: 25)
[00:07:41 -56745.185253] Model parameter optimization (eps = 0.100000)

[00:07:44] ML tree search #7, logLikelihood: -56743.531740

[00:07:44 -160440.370705] Initial branch length optimization
[00:07:44 -61176.719781] Model parameter optimization (eps = 10.000000)
[00:07:49 -57528.214728] AUTODETECT spr round 1 (radius: 5)
[00:07:50 -57253.350974] AUTODETECT spr round 2 (radius: 10)
[00:07:52 -57000.260690] AUTODETECT spr round 3 (radius: 15)
[00:07:54 -56950.705980] AUTODETECT spr round 4 (radius: 20)
[00:07:56 -56949.256572] AUTODETECT spr round 5 (radius: 25)
[00:07:57 -56949.229215] SPR radius for FAST iterations: 20 (autodetect)
[00:07:57 -56949.229215] Model parameter optimization (eps = 3.000000)
[00:07:59 -56933.792933] FAST spr round 1 (radius: 20)
[00:08:04 -56817.074537] FAST spr round 2 (radius: 20)
[00:08:10 -56764.832957] FAST spr round 3 (radius: 20)
[00:08:14 -56764.822996] Model parameter optimization (eps = 1.000000)
[00:08:18 -56745.461316] SLOW spr round 1 (radius: 5)
[00:08:23 -56745.104006] SLOW spr round 2 (radius: 5)
[00:08:28 -56745.102160] SLOW spr round 3 (radius: 10)
[00:08:33 -56744.723514] SLOW spr round 4 (radius: 5)
[00:08:38 -56744.721627] SLOW spr round 5 (radius: 10)
[00:08:43 -56744.721620] SLOW spr round 6 (radius: 15)
[00:08:48 -56744.721619] SLOW spr round 7 (radius: 20)
[00:08:51 -56744.721619] SLOW spr round 8 (radius: 25)
[00:08:55 -56744.721619] Model parameter optimization (eps = 0.100000)

[00:08:57] ML tree search #8, logLikelihood: -56743.548282

[00:08:57 -157792.289570] Initial branch length optimization
[00:08:57 -59790.547208] Model parameter optimization (eps = 10.000000)
[00:09:00 -56766.078671] AUTODETECT spr round 1 (radius: 5)
[00:09:01 -56762.136457] AUTODETECT spr round 2 (radius: 10)
[00:09:03 -56762.136448] SPR radius for FAST iterations: 5 (autodetect)
[00:09:03 -56762.136448] Model parameter optimization (eps = 3.000000)
[00:09:05 -56750.829638] FAST spr round 1 (radius: 5)
[00:09:07 -56750.753630] Model parameter optimization (eps = 1.000000)
[00:09:09 -56747.129114] SLOW spr round 1 (radius: 5)
[00:09:13 -56747.089480] SLOW spr round 2 (radius: 10)
[00:09:19 -56746.942017] SLOW spr round 3 (radius: 5)
[00:09:23 -56746.939114] SLOW spr round 4 (radius: 10)
[00:09:28 -56746.939112] SLOW spr round 5 (radius: 15)
[00:09:33 -56746.939112] SLOW spr round 6 (radius: 20)
[00:09:37 -56746.939112] SLOW spr round 7 (radius: 25)
[00:09:39 -56746.939112] Model parameter optimization (eps = 0.100000)

[00:09:44] ML tree search #9, logLikelihood: -56744.340438

[00:09:44 -157806.677969] Initial branch length optimization
[00:09:44 -59821.642868] Model parameter optimization (eps = 10.000000)
[00:09:47 -56794.260368] AUTODETECT spr round 1 (radius: 5)
[00:09:49 -56763.675408] AUTODETECT spr round 2 (radius: 10)
[00:09:51 -56762.334767] AUTODETECT spr round 3 (radius: 15)
[00:09:53 -56762.334731] SPR radius for FAST iterations: 10 (autodetect)
[00:09:53 -56762.334731] Model parameter optimization (eps = 3.000000)
[00:09:55 -56750.929213] FAST spr round 1 (radius: 10)
[00:09:58 -56750.853612] Model parameter optimization (eps = 1.000000)
[00:10:00 -56747.251828] SLOW spr round 1 (radius: 5)
[00:10:05 -56747.214459] SLOW spr round 2 (radius: 10)
[00:10:11 -56747.076446] SLOW spr round 3 (radius: 5)
[00:10:16 -56747.012979] SLOW spr round 4 (radius: 10)
[00:10:22 -56747.011089] SLOW spr round 5 (radius: 15)
[00:10:26 -56747.011088] SLOW spr round 6 (radius: 20)
[00:10:29 -56747.011087] SLOW spr round 7 (radius: 25)
[00:10:29 -56747.011087] Model parameter optimization (eps = 0.100000)

[00:10:34] ML tree search #10, logLikelihood: -56744.334041

[00:10:34 -157796.333892] Initial branch length optimization
[00:10:34 -59788.150677] Model parameter optimization (eps = 10.000000)
[00:10:37 -56764.085482] AUTODETECT spr round 1 (radius: 5)
[00:10:39 -56762.096396] AUTODETECT spr round 2 (radius: 10)
[00:10:41 -56761.806037] AUTODETECT spr round 3 (radius: 15)
[00:10:43 -56761.805776] SPR radius for FAST iterations: 10 (autodetect)
[00:10:43 -56761.805776] Model parameter optimization (eps = 3.000000)
[00:10:45 -56750.692584] FAST spr round 1 (radius: 10)
[00:10:48 -56750.589699] FAST spr round 2 (radius: 10)
[00:10:51 -56750.584203] Model parameter optimization (eps = 1.000000)
[00:10:53 -56746.824300] SLOW spr round 1 (radius: 5)
[00:10:57 -56746.765522] SLOW spr round 2 (radius: 10)
[00:11:03 -56746.765085] SLOW spr round 3 (radius: 15)
[00:11:08 -56746.765085] SLOW spr round 4 (radius: 20)
[00:11:11 -56746.765085] SLOW spr round 5 (radius: 25)
[00:11:13 -56746.765085] Model parameter optimization (eps = 0.100000)

[00:11:17] ML tree search #11, logLikelihood: -56744.325048

[00:11:17 -157806.109739] Initial branch length optimization
[00:11:18 -59824.619805] Model parameter optimization (eps = 10.000000)
[00:11:21 -56794.791272] AUTODETECT spr round 1 (radius: 5)
[00:11:23 -56780.439321] AUTODETECT spr round 2 (radius: 10)
[00:11:25 -56766.016521] AUTODETECT spr round 3 (radius: 15)
[00:11:28 -56757.152546] AUTODETECT spr round 4 (radius: 20)
[00:11:30 -56757.152543] SPR radius for FAST iterations: 15 (autodetect)
[00:11:30 -56757.152543] Model parameter optimization (eps = 3.000000)
[00:11:31 -56750.582843] FAST spr round 1 (radius: 15)
[00:11:36 -56750.472077] FAST spr round 2 (radius: 15)
[00:11:40 -56750.468754] Model parameter optimization (eps = 1.000000)
[00:11:42 -56746.398505] SLOW spr round 1 (radius: 5)
[00:11:47 -56746.366563] SLOW spr round 2 (radius: 10)
[00:11:53 -56746.361803] SLOW spr round 3 (radius: 15)
[00:11:58 -56746.361785] SLOW spr round 4 (radius: 20)
[00:12:01 -56746.361784] SLOW spr round 5 (radius: 25)
[00:12:04 -56746.361784] Model parameter optimization (eps = 0.100000)

[00:12:08] ML tree search #12, logLikelihood: -56743.687546

[00:12:08 -157790.935855] Initial branch length optimization
[00:12:09 -59785.990538] Model parameter optimization (eps = 10.000000)
[00:12:12 -56763.884123] AUTODETECT spr round 1 (radius: 5)
[00:12:13 -56762.449093] AUTODETECT spr round 2 (radius: 10)
[00:12:15 -56762.448671] SPR radius for FAST iterations: 5 (autodetect)
[00:12:15 -56762.448671] Model parameter optimization (eps = 3.000000)
[00:12:17 -56750.976807] FAST spr round 1 (radius: 5)
[00:12:20 -56750.900659] Model parameter optimization (eps = 1.000000)
[00:12:22 -56747.246040] SLOW spr round 1 (radius: 5)
[00:12:26 -56747.212399] SLOW spr round 2 (radius: 10)
[00:12:33 -56747.011264] SLOW spr round 3 (radius: 5)
[00:12:37 -56746.999185] SLOW spr round 4 (radius: 10)
[00:12:43 -56746.999181] SLOW spr round 5 (radius: 15)
[00:12:47 -56746.999181] SLOW spr round 6 (radius: 20)
[00:12:50 -56746.999181] SLOW spr round 7 (radius: 25)
[00:12:52 -56746.999181] Model parameter optimization (eps = 0.100000)

[00:12:57] ML tree search #13, logLikelihood: -56744.332254

[00:12:57 -157791.690949] Initial branch length optimization
[00:12:57 -59786.956835] Model parameter optimization (eps = 10.000000)
[00:13:00 -56764.876040] AUTODETECT spr round 1 (radius: 5)
[00:13:02 -56763.445525] AUTODETECT spr round 2 (radius: 10)
[00:13:04 -56763.445466] SPR radius for FAST iterations: 5 (autodetect)
[00:13:04 -56763.445466] Model parameter optimization (eps = 3.000000)
[00:13:06 -56751.922368] FAST spr round 1 (radius: 5)
[00:13:08 -56751.846766] Model parameter optimization (eps = 1.000000)
[00:13:10 -56748.142505] SLOW spr round 1 (radius: 5)
[00:13:14 -56748.100599] SLOW spr round 2 (radius: 10)
[00:13:19 -56747.916626] SLOW spr round 3 (radius: 5)
[00:13:23 -56747.858424] SLOW spr round 4 (radius: 10)
[00:13:28 -56747.856555] SLOW spr round 5 (radius: 15)
[00:13:32 -56747.856554] SLOW spr round 6 (radius: 20)
[00:13:34 -56747.362423] SLOW spr round 7 (radius: 5)
[00:13:39 -56747.360372] SLOW spr round 8 (radius: 10)
[00:13:44 -56747.360369] SLOW spr round 9 (radius: 15)
[00:13:48 -56747.360369] SLOW spr round 10 (radius: 20)
[00:13:50 -56747.360369] SLOW spr round 11 (radius: 25)
[00:13:53 -56747.360369] Model parameter optimization (eps = 0.100000)

[00:13:57] ML tree search #14, logLikelihood: -56744.341266

[00:13:57 -157801.665021] Initial branch length optimization
[00:13:57 -59797.471868] Model parameter optimization (eps = 10.000000)
[00:13:59 -56772.658765] AUTODETECT spr round 1 (radius: 5)
[00:14:00 -56770.634282] AUTODETECT spr round 2 (radius: 10)
[00:14:02 -56770.634104] SPR radius for FAST iterations: 5 (autodetect)
[00:14:02 -56770.634104] Model parameter optimization (eps = 3.000000)
[00:14:03 -56759.196443] FAST spr round 1 (radius: 5)
[00:14:05 -56759.126393] Model parameter optimization (eps = 1.000000)
[00:14:07 -56755.413866] SLOW spr round 1 (radius: 5)
[00:14:11 -56755.363120] SLOW spr round 2 (radius: 10)
[00:14:16 -56755.190178] SLOW spr round 3 (radius: 5)
[00:14:21 -56755.131050] SLOW spr round 4 (radius: 10)
[00:14:26 -56754.635267] SLOW spr round 5 (radius: 5)
[00:14:30 -56754.632716] SLOW spr round 6 (radius: 10)
[00:14:35 -56754.632704] SLOW spr round 7 (radius: 15)
[00:14:39 -56747.182460] SLOW spr round 8 (radius: 5)
[00:14:43 -56747.178943] SLOW spr round 9 (radius: 10)
[00:14:47 -56747.178934] SLOW spr round 10 (radius: 15)
[00:14:51 -56747.178934] SLOW spr round 11 (radius: 20)
[00:14:54 -56747.178934] SLOW spr round 12 (radius: 25)
[00:14:56 -56747.178934] Model parameter optimization (eps = 0.100000)

[00:14:59] ML tree search #15, logLikelihood: -56744.317432

[00:14:59 -157794.893764] Initial branch length optimization
[00:14:59 -59788.144708] Model parameter optimization (eps = 10.000000)
[00:15:02 -56764.074210] AUTODETECT spr round 1 (radius: 5)
[00:15:03 -56762.063942] AUTODETECT spr round 2 (radius: 10)
[00:15:05 -56762.061880] SPR radius for FAST iterations: 5 (autodetect)
[00:15:05 -56762.061880] Model parameter optimization (eps = 3.000000)
[00:15:06 -56750.874659] FAST spr round 1 (radius: 5)
[00:15:08 -56750.801442] Model parameter optimization (eps = 1.000000)
[00:15:09 -56747.210375] SLOW spr round 1 (radius: 5)
[00:15:13 -56747.155467] SLOW spr round 2 (radius: 10)
[00:15:18 -56746.954800] SLOW spr round 3 (radius: 5)
[00:15:22 -56746.951979] SLOW spr round 4 (radius: 10)
[00:15:26 -56746.951976] SLOW spr round 5 (radius: 15)
[00:15:30 -56746.951976] SLOW spr round 6 (radius: 20)
[00:15:33 -56746.951976] SLOW spr round 7 (radius: 25)
[00:15:35 -56746.951976] Model parameter optimization (eps = 0.100000)

[00:15:39] ML tree search #16, logLikelihood: -56744.325856



Final LogLikelihood: -56743.531740

AIC score: 113979.063481 / AICc score: 113983.268318 / BIC score: 116015.978309
Free parameters (model + branch lengths): 246

Best ML tree saved to: /home/hikoyu/analysis/Genome/SARS-CoV-2/phylogeny/RAxML-NG/DNA/part/3rd/SARS-CoV-2_200328.10.raxml.bestTree
All ML trees saved to: /home/hikoyu/analysis/Genome/SARS-CoV-2/phylogeny/RAxML-NG/DNA/part/3rd/SARS-CoV-2_200328.10.raxml.mlTrees
Optimized model saved to: /home/hikoyu/analysis/Genome/SARS-CoV-2/phylogeny/RAxML-NG/DNA/part/3rd/SARS-CoV-2_200328.10.raxml.bestModel

Execution log saved to: /home/hikoyu/analysis/Genome/SARS-CoV-2/phylogeny/RAxML-NG/DNA/part/3rd/SARS-CoV-2_200328.10.raxml.log

Analysis started: 30-Mar-2020 05:51:38 / finished: 30-Mar-2020 06:07:17

Elapsed time: 939.127 seconds

