
RAxML-NG v. 0.9.0 released on 20.05.2019 by The Exelixis Lab.
Developed by: Alexey M. Kozlov and Alexandros Stamatakis.
Contributors: Diego Darriba, Tomas Flouri, Benoit Morel, Sarah Lutteropp, Ben Bettisworth.
Latest version: https://github.com/amkozlov/raxml-ng
Questions/problems/suggestions? Please visit: https://groups.google.com/forum/#!forum/raxml

RAxML-NG was called at 30-Mar-2020 05:36:58 as follows:

raxml-ng --threads 1 --search --tree rand{8},pars{8} --seed 1044618685 --prefix phylogeny/RAxML-NG/DNA/part/3rd/SARS-CoV-2_200328.7 --msa phylogeny/RAxML-NG/DNA/part/3rd/SARS-CoV-2_200328.raxml.rba --outgroup MG772933.1

Analysis options:
  run mode: ML tree search
  start tree(s): random (8) + parsimony (8)
  random seed: 1044618685
  tip-inner: OFF
  pattern compression: ON
  per-rate scalers: OFF
  site repeats: ON
  fast spr radius: AUTO
  spr subtree cutoff: 1.000000
  branch lengths: proportional (ML estimate, algorithm: NR-FAST)
  SIMD kernels: AVX2
  parallelization: NONE/sequential

[00:00:00] Loading binary alignment from file: phylogeny/RAxML-NG/DNA/part/3rd/SARS-CoV-2_200328.raxml.rba
[00:00:00] Alignment comprises 80 taxa, 22 partitions and 659 patterns

Partition 0: orf1ab_U
Model: TN93+FO+I+B
Alignment sites / patterns: 8810 / 93
Gaps: 0.10 %
Invariant sites: 95.89 %

Partition 1: orf1ab_U_p3
Model: TN93+FO+G4m+B
Alignment sites / patterns: 4405 / 91
Gaps: 0.10 %
Invariant sites: 73.83 %

Partition 2: orf1ab_D
Model: TN93+FO+I+B
Alignment sites / patterns: 5394 / 49
Gaps: 0.04 %
Invariant sites: 95.68 %

Partition 3: orf1ab_D_p3
Model: TPM3uf+FO+G4m+B
Alignment sites / patterns: 2697 / 59
Gaps: 0.04 %
Invariant sites: 62.51 %

Partition 4: S
Model: HKY+FO+G4m+B
Alignment sites / patterns: 2548 / 57
Gaps: 0.04 %
Invariant sites: 86.66 %

Partition 5: S_p3
Model: HKY+FO+I+B
Alignment sites / patterns: 1274 / 70
Gaps: 0.04 %
Invariant sites: 50.24 %

Partition 6: ORF3a
Model: JC+I+G4m+B
Alignment sites / patterns: 552 / 24
Gaps: 0.00 %
Invariant sites: 92.93 %

Partition 7: ORF3a_p3
Model: HKY+FO+I+B
Alignment sites / patterns: 276 / 22
Gaps: 0.00 %
Invariant sites: 70.65 %

Partition 8: E
Model: JC+B
Alignment sites / patterns: 152 / 6
Gaps: 0.00 %
Invariant sites: 98.68 %

Partition 9: E_p3
Model: JC+B
Alignment sites / patterns: 76 / 6
Gaps: 0.00 %
Invariant sites: 97.37 %

Partition 10: M
Model: JC+I+G4m+B
Alignment sites / patterns: 446 / 12
Gaps: 0.01 %
Invariant sites: 97.31 %

Partition 11: M_p3
Model: K80+I+B
Alignment sites / patterns: 223 / 28
Gaps: 0.01 %
Invariant sites: 78.03 %

Partition 12: ORF6
Model: JC+B
Alignment sites / patterns: 124 / 7
Gaps: 0.00 %
Invariant sites: 95.97 %

Partition 13: ORF6_p3
Model: JC+B
Alignment sites / patterns: 62 / 9
Gaps: 0.00 %
Invariant sites: 88.71 %

Partition 14: ORF7a
Model: K80+B
Alignment sites / patterns: 244 / 14
Gaps: 0.00 %
Invariant sites: 91.80 %

Partition 15: ORF7a_p3
Model: HKY+FO+I+B
Alignment sites / patterns: 122 / 16
Gaps: 0.00 %
Invariant sites: 78.69 %

Partition 16: ORF8
Model: K80+I+G4m+B
Alignment sites / patterns: 244 / 17
Gaps: 0.00 %
Invariant sites: 94.67 %

Partition 17: ORF8_p3
Model: HKY+FO+B
Alignment sites / patterns: 122 / 16
Gaps: 0.00 %
Invariant sites: 69.67 %

Partition 18: N
Model: HKY+FO+I+B
Alignment sites / patterns: 840 / 22
Gaps: 0.00 %
Invariant sites: 95.60 %

Partition 19: N_p3
Model: HKY+FO+G4m+B
Alignment sites / patterns: 420 / 30
Gaps: 0.00 %
Invariant sites: 76.67 %

Partition 20: ORF10
Model: JC+B
Alignment sites / patterns: 78 / 6
Gaps: 0.00 %
Invariant sites: 97.44 %

Partition 21: ORF10_p3
Model: JC+B
Alignment sites / patterns: 39 / 5
Gaps: 0.00 %
Invariant sites: 97.44 %


[00:00:00] Generating 8 random starting tree(s) with 80 taxa
[00:00:00] Generating 8 parsimony starting tree(s) with 80 taxa
[00:00:00] Data distribution: max. partitions/sites/weight per thread: 22 / 659 / 6116

Starting ML tree search with 16 distinct starting trees

[00:00:00 -160429.750791] Initial branch length optimization
[00:00:00 -61141.294235] Model parameter optimization (eps = 10.000000)
[00:00:03 -57504.869384] AUTODETECT spr round 1 (radius: 5)
[00:00:04 -57241.921515] AUTODETECT spr round 2 (radius: 10)
[00:00:06 -57038.883972] AUTODETECT spr round 3 (radius: 15)
[00:00:08 -56955.868727] AUTODETECT spr round 4 (radius: 20)
[00:00:09 -56900.886476] AUTODETECT spr round 5 (radius: 25)
[00:00:10 -56900.863354] SPR radius for FAST iterations: 20 (autodetect)
[00:00:10 -56900.863354] Model parameter optimization (eps = 3.000000)
[00:00:12 -56872.401549] FAST spr round 1 (radius: 20)
[00:00:17 -56749.040872] FAST spr round 2 (radius: 20)
[00:00:21 -56749.037912] Model parameter optimization (eps = 1.000000)
[00:00:24 -56745.105796] SLOW spr round 1 (radius: 5)
[00:00:28 -56745.094529] SLOW spr round 2 (radius: 10)
[00:00:34 -56744.348858] SLOW spr round 3 (radius: 5)
[00:00:38 -56744.346947] SLOW spr round 4 (radius: 10)
[00:00:43 -56744.346945] SLOW spr round 5 (radius: 15)
[00:00:49 -56744.346945] SLOW spr round 6 (radius: 20)
[00:00:52 -56744.346945] SLOW spr round 7 (radius: 25)
[00:00:55 -56744.346945] Model parameter optimization (eps = 0.100000)

[00:00:56] ML tree search #1, logLikelihood: -56743.539613

[00:00:56 -160424.509240] Initial branch length optimization
[00:00:57 -61105.115217] Model parameter optimization (eps = 10.000000)
[00:01:01 -57491.208567] AUTODETECT spr round 1 (radius: 5)
[00:01:02 -57061.871519] AUTODETECT spr round 2 (radius: 10)
[00:01:04 -56843.317336] AUTODETECT spr round 3 (radius: 15)
[00:01:06 -56826.955574] AUTODETECT spr round 4 (radius: 20)
[00:01:07 -56826.955489] SPR radius for FAST iterations: 15 (autodetect)
[00:01:07 -56826.955489] Model parameter optimization (eps = 3.000000)
[00:01:09 -56797.348020] FAST spr round 1 (radius: 15)
[00:01:14 -56747.662242] FAST spr round 2 (radius: 15)
[00:01:16 -56747.659210] Model parameter optimization (eps = 1.000000)
[00:01:18 -56744.972556] SLOW spr round 1 (radius: 5)
[00:01:22 -56744.960304] SLOW spr round 2 (radius: 10)
[00:01:28 -56744.960303] SLOW spr round 3 (radius: 15)
[00:01:32 -56744.792097] SLOW spr round 4 (radius: 5)
[00:01:36 -56744.790235] SLOW spr round 5 (radius: 10)
[00:01:42 -56744.790233] SLOW spr round 6 (radius: 15)
[00:01:46 -56744.790233] SLOW spr round 7 (radius: 20)
[00:01:49 -56744.790233] SLOW spr round 8 (radius: 25)
[00:01:53 -56744.790233] Model parameter optimization (eps = 0.100000)

[00:01:55] ML tree search #2, logLikelihood: -56743.527438

[00:01:56 -160426.417317] Initial branch length optimization
[00:01:56 -61122.628514] Model parameter optimization (eps = 10.000000)
[00:02:00 -57508.310528] AUTODETECT spr round 1 (radius: 5)
[00:02:01 -57151.025648] AUTODETECT spr round 2 (radius: 10)
[00:02:03 -56898.505113] AUTODETECT spr round 3 (radius: 15)
[00:02:05 -56859.040242] AUTODETECT spr round 4 (radius: 20)
[00:02:06 -56859.040192] SPR radius for FAST iterations: 15 (autodetect)
[00:02:06 -56859.040192] Model parameter optimization (eps = 3.000000)
[00:02:08 -56827.886386] FAST spr round 1 (radius: 15)
[00:02:13 -56748.004474] FAST spr round 2 (radius: 15)
[00:02:15 -56748.002538] Model parameter optimization (eps = 1.000000)
[00:02:17 -56745.453779] SLOW spr round 1 (radius: 5)
[00:02:21 -56745.447929] SLOW spr round 2 (radius: 10)
[00:02:27 -56744.725961] SLOW spr round 3 (radius: 5)
[00:02:32 -56744.714610] SLOW spr round 4 (radius: 10)
[00:02:37 -56744.714609] SLOW spr round 5 (radius: 15)
[00:02:41 -56744.714609] SLOW spr round 6 (radius: 20)
[00:02:44 -56744.714609] SLOW spr round 7 (radius: 25)
[00:02:47 -56744.714609] Model parameter optimization (eps = 0.100000)

[00:02:50] ML tree search #3, logLikelihood: -56743.524576

[00:02:50 -160422.114324] Initial branch length optimization
[00:02:50 -61090.394417] Model parameter optimization (eps = 10.000000)
[00:02:54 -57476.092451] AUTODETECT spr round 1 (radius: 5)
[00:02:55 -57210.576171] AUTODETECT spr round 2 (radius: 10)
[00:02:58 -57011.111559] AUTODETECT spr round 3 (radius: 15)
[00:03:00 -56871.426466] AUTODETECT spr round 4 (radius: 20)
[00:03:01 -56871.426459] SPR radius for FAST iterations: 15 (autodetect)
[00:03:01 -56871.426459] Model parameter optimization (eps = 3.000000)
[00:03:03 -56844.313329] FAST spr round 1 (radius: 15)
[00:03:08 -56756.504802] FAST spr round 2 (radius: 15)
[00:03:11 -56748.845943] FAST spr round 3 (radius: 15)
[00:03:14 -56748.845943] Model parameter optimization (eps = 1.000000)
[00:03:15 -56745.358862] SLOW spr round 1 (radius: 5)
[00:03:19 -56745.355619] SLOW spr round 2 (radius: 10)
[00:03:25 -56744.943254] SLOW spr round 3 (radius: 5)
[00:03:30 -56744.635147] SLOW spr round 4 (radius: 5)
[00:03:35 -56744.633683] SLOW spr round 5 (radius: 10)
[00:03:41 -56744.633679] SLOW spr round 6 (radius: 15)
[00:03:45 -56744.633679] SLOW spr round 7 (radius: 20)
[00:03:49 -56744.633679] SLOW spr round 8 (radius: 25)
[00:03:52 -56744.633679] Model parameter optimization (eps = 0.100000)

[00:03:54] ML tree search #4, logLikelihood: -56743.519845

[00:03:54 -160435.400843] Initial branch length optimization
[00:03:55 -61126.723078] Model parameter optimization (eps = 10.000000)
[00:03:59 -57499.462470] AUTODETECT spr round 1 (radius: 5)
[00:04:01 -57229.913676] AUTODETECT spr round 2 (radius: 10)
[00:04:03 -56944.366231] AUTODETECT spr round 3 (radius: 15)
[00:04:05 -56891.490476] AUTODETECT spr round 4 (radius: 20)
[00:04:07 -56891.490476] SPR radius for FAST iterations: 15 (autodetect)
[00:04:07 -56891.490476] Model parameter optimization (eps = 3.000000)
[00:04:09 -56875.240129] FAST spr round 1 (radius: 15)
[00:04:14 -56816.044219] FAST spr round 2 (radius: 15)
[00:04:18 -56816.042789] Model parameter optimization (eps = 1.000000)
[00:04:18 -56815.612454] SLOW spr round 1 (radius: 5)
[00:04:24 -56815.604825] SLOW spr round 2 (radius: 10)
[00:04:28 -56815.253978] SLOW spr round 3 (radius: 5)
[00:04:32 -56815.251579] SLOW spr round 4 (radius: 10)
[00:04:36 -56815.251579] SLOW spr round 5 (radius: 15)
[00:04:39 -56815.237120] SLOW spr round 6 (radius: 20)
[00:04:43 -56815.237120] SLOW spr round 7 (radius: 25)
[00:04:46 -56815.237120] Model parameter optimization (eps = 0.100000)

[00:04:48] ML tree search #5, logLikelihood: -56814.884463

[00:04:48 -160436.930888] Initial branch length optimization
[00:04:48 -61139.072230] Model parameter optimization (eps = 10.000000)
[00:04:52 -57506.387209] AUTODETECT spr round 1 (radius: 5)
[00:04:53 -57162.697686] AUTODETECT spr round 2 (radius: 10)
[00:04:56 -56892.012938] AUTODETECT spr round 3 (radius: 15)
[00:04:58 -56862.993401] AUTODETECT spr round 4 (radius: 20)
[00:05:00 -56862.965163] SPR radius for FAST iterations: 15 (autodetect)
[00:05:00 -56862.965163] Model parameter optimization (eps = 3.000000)
[00:05:02 -56845.128119] FAST spr round 1 (radius: 15)
[00:05:08 -56761.704406] FAST spr round 2 (radius: 15)
[00:05:13 -56761.693384] Model parameter optimization (eps = 1.000000)
[00:05:15 -56745.447799] SLOW spr round 1 (radius: 5)
[00:05:21 -56745.434797] SLOW spr round 2 (radius: 10)
[00:05:27 -56745.159145] SLOW spr round 3 (radius: 5)
[00:05:32 -56745.157294] SLOW spr round 4 (radius: 10)
[00:05:38 -56745.157291] SLOW spr round 5 (radius: 15)
[00:05:43 -56745.157291] SLOW spr round 6 (radius: 20)
[00:05:47 -56745.157291] SLOW spr round 7 (radius: 25)
[00:05:49 -56745.157291] Model parameter optimization (eps = 0.100000)

[00:05:52] ML tree search #6, logLikelihood: -56743.531392

[00:05:52 -160443.001547] Initial branch length optimization
[00:05:52 -61167.548429] Model parameter optimization (eps = 10.000000)
[00:05:56 -57519.609903] AUTODETECT spr round 1 (radius: 5)
[00:05:58 -57177.503381] AUTODETECT spr round 2 (radius: 10)
[00:06:00 -56943.428829] AUTODETECT spr round 3 (radius: 15)
[00:06:02 -56848.276185] AUTODETECT spr round 4 (radius: 20)
[00:06:04 -56848.261676] SPR radius for FAST iterations: 15 (autodetect)
[00:06:04 -56848.261676] Model parameter optimization (eps = 3.000000)
[00:06:06 -56817.479423] FAST spr round 1 (radius: 15)
[00:06:11 -56749.522363] FAST spr round 2 (radius: 15)
[00:06:14 -56749.520832] Model parameter optimization (eps = 1.000000)
[00:06:16 -56746.853797] SLOW spr round 1 (radius: 5)
[00:06:20 -56746.430951] SLOW spr round 2 (radius: 5)
[00:06:25 -56746.118185] SLOW spr round 3 (radius: 5)
[00:06:29 -56746.116817] SLOW spr round 4 (radius: 10)
[00:06:34 -56746.116815] SLOW spr round 5 (radius: 15)
[00:06:40 -56745.976696] SLOW spr round 6 (radius: 5)
[00:06:45 -56744.833145] SLOW spr round 7 (radius: 5)
[00:06:51 -56744.833109] SLOW spr round 8 (radius: 10)
[00:06:57 -56744.833107] SLOW spr round 9 (radius: 15)
[00:07:02 -56744.833107] SLOW spr round 10 (radius: 20)
[00:07:06 -56744.833107] SLOW spr round 11 (radius: 25)
[00:07:09 -56744.833107] Model parameter optimization (eps = 0.100000)

[00:07:11] ML tree search #7, logLikelihood: -56743.535065

[00:07:11 -160449.714424] Initial branch length optimization
[00:07:11 -61176.449200] Model parameter optimization (eps = 10.000000)
[00:07:15 -57527.556572] AUTODETECT spr round 1 (radius: 5)
[00:07:17 -57218.430738] AUTODETECT spr round 2 (radius: 10)
[00:07:19 -57006.051102] AUTODETECT spr round 3 (radius: 15)
[00:07:21 -56935.344356] AUTODETECT spr round 4 (radius: 20)
[00:07:23 -56909.234294] AUTODETECT spr round 5 (radius: 25)
[00:07:24 -56909.182893] SPR radius for FAST iterations: 20 (autodetect)
[00:07:24 -56909.182893] Model parameter optimization (eps = 3.000000)
[00:07:26 -56892.019516] FAST spr round 1 (radius: 20)
[00:07:32 -56762.902667] FAST spr round 2 (radius: 20)
[00:07:35 -56762.891165] Model parameter optimization (eps = 1.000000)
[00:07:38 -56745.917943] SLOW spr round 1 (radius: 5)
[00:07:43 -56745.913201] SLOW spr round 2 (radius: 10)
[00:07:48 -56745.253139] SLOW spr round 3 (radius: 5)
[00:07:53 -56745.250869] SLOW spr round 4 (radius: 10)
[00:07:58 -56745.250866] SLOW spr round 5 (radius: 15)
[00:08:03 -56745.250866] SLOW spr round 6 (radius: 20)
[00:08:07 -56745.250866] SLOW spr round 7 (radius: 25)
[00:08:09 -56745.250866] Model parameter optimization (eps = 0.100000)

[00:08:12] ML tree search #8, logLikelihood: -56743.537008

[00:08:12 -157796.898454] Initial branch length optimization
[00:08:13 -59797.282587] Model parameter optimization (eps = 10.000000)
[00:08:15 -56773.210368] AUTODETECT spr round 1 (radius: 5)
[00:08:17 -56762.233748] AUTODETECT spr round 2 (radius: 10)
[00:08:19 -56762.233738] SPR radius for FAST iterations: 5 (autodetect)
[00:08:19 -56762.233738] Model parameter optimization (eps = 3.000000)
[00:08:20 -56750.962141] FAST spr round 1 (radius: 5)
[00:08:22 -56750.887435] Model parameter optimization (eps = 1.000000)
[00:08:24 -56747.273430] SLOW spr round 1 (radius: 5)
[00:08:29 -56747.238139] SLOW spr round 2 (radius: 10)
[00:08:34 -56747.023651] SLOW spr round 3 (radius: 5)
[00:08:39 -56747.020438] SLOW spr round 4 (radius: 10)
[00:08:45 -56747.020437] SLOW spr round 5 (radius: 15)
[00:08:49 -56747.020437] SLOW spr round 6 (radius: 20)
[00:08:52 -56747.020437] SLOW spr round 7 (radius: 25)
[00:08:56 -56747.020437] Model parameter optimization (eps = 0.100000)

[00:09:00] ML tree search #9, logLikelihood: -56744.333072

[00:09:00 -157795.578927] Initial branch length optimization
[00:09:00 -59795.388427] Model parameter optimization (eps = 10.000000)
[00:09:03 -56771.707909] AUTODETECT spr round 1 (radius: 5)
[00:09:04 -56762.223466] AUTODETECT spr round 2 (radius: 10)
[00:09:06 -56762.223458] SPR radius for FAST iterations: 5 (autodetect)
[00:09:06 -56762.223458] Model parameter optimization (eps = 3.000000)
[00:09:08 -56750.952422] FAST spr round 1 (radius: 5)
[00:09:10 -56750.884757] Model parameter optimization (eps = 1.000000)
[00:09:12 -56747.267458] SLOW spr round 1 (radius: 5)
[00:09:16 -56747.230051] SLOW spr round 2 (radius: 10)
[00:09:23 -56747.090887] SLOW spr round 3 (radius: 5)
[00:09:28 -56747.027752] SLOW spr round 4 (radius: 10)
[00:09:34 -56747.025877] SLOW spr round 5 (radius: 15)
[00:09:39 -56747.025876] SLOW spr round 6 (radius: 20)
[00:09:43 -56747.025876] SLOW spr round 7 (radius: 25)
[00:09:45 -56747.025876] Model parameter optimization (eps = 0.100000)

[00:09:50] ML tree search #10, logLikelihood: -56744.335800

[00:09:50 -157793.852811] Initial branch length optimization
[00:09:50 -59794.152240] Model parameter optimization (eps = 10.000000)
[00:09:53 -56767.846319] AUTODETECT spr round 1 (radius: 5)
[00:09:54 -56765.066606] AUTODETECT spr round 2 (radius: 10)
[00:09:56 -56764.153427] AUTODETECT spr round 3 (radius: 15)
[00:09:58 -56762.427713] AUTODETECT spr round 4 (radius: 20)
[00:10:00 -56762.427712] SPR radius for FAST iterations: 15 (autodetect)
[00:10:00 -56762.427712] Model parameter optimization (eps = 3.000000)
[00:10:02 -56750.851792] FAST spr round 1 (radius: 15)
[00:10:07 -56750.777831] Model parameter optimization (eps = 1.000000)
[00:10:08 -56747.134380] SLOW spr round 1 (radius: 5)
[00:10:14 -56746.958741] SLOW spr round 2 (radius: 5)
[00:10:18 -56746.953612] SLOW spr round 3 (radius: 10)
[00:10:23 -56746.953612] SLOW spr round 4 (radius: 15)
[00:10:27 -56746.953612] SLOW spr round 5 (radius: 20)
[00:10:31 -56746.953612] SLOW spr round 6 (radius: 25)
[00:10:34 -56746.953612] Model parameter optimization (eps = 0.100000)

[00:10:39] ML tree search #11, logLikelihood: -56744.343751

[00:10:39 -157796.267594] Initial branch length optimization
[00:10:39 -59788.150206] Model parameter optimization (eps = 10.000000)
[00:10:41 -56764.084780] AUTODETECT spr round 1 (radius: 5)
[00:10:43 -56762.060496] AUTODETECT spr round 2 (radius: 10)
[00:10:44 -56762.059300] SPR radius for FAST iterations: 5 (autodetect)
[00:10:44 -56762.059300] Model parameter optimization (eps = 3.000000)
[00:10:46 -56750.877973] FAST spr round 1 (radius: 5)
[00:10:48 -56750.806636] Model parameter optimization (eps = 1.000000)
[00:10:50 -56747.214220] SLOW spr round 1 (radius: 5)
[00:10:54 -56747.174593] SLOW spr round 2 (radius: 10)
[00:11:01 -56746.973678] SLOW spr round 3 (radius: 5)
[00:11:06 -56746.970392] SLOW spr round 4 (radius: 10)
[00:11:11 -56746.970388] SLOW spr round 5 (radius: 15)
[00:11:15 -56746.956007] SLOW spr round 6 (radius: 20)
[00:11:18 -56746.956007] SLOW spr round 7 (radius: 25)
[00:11:21 -56746.956007] Model parameter optimization (eps = 0.100000)

[00:11:25] ML tree search #12, logLikelihood: -56744.326625

[00:11:25 -157797.718353] Initial branch length optimization
[00:11:26 -59800.545338] Model parameter optimization (eps = 10.000000)
[00:11:28 -56774.061020] AUTODETECT spr round 1 (radius: 5)
[00:11:30 -56762.167296] AUTODETECT spr round 2 (radius: 10)
[00:11:31 -56762.167286] SPR radius for FAST iterations: 5 (autodetect)
[00:11:31 -56762.167286] Model parameter optimization (eps = 3.000000)
[00:11:33 -56750.973072] FAST spr round 1 (radius: 5)
[00:11:35 -56750.898831] Model parameter optimization (eps = 1.000000)
[00:11:37 -56747.281629] SLOW spr round 1 (radius: 5)
[00:11:41 -56747.243927] SLOW spr round 2 (radius: 10)
[00:11:47 -56747.091725] SLOW spr round 3 (radius: 5)
[00:11:51 -56747.088911] SLOW spr round 4 (radius: 10)
[00:11:57 -56747.028617] SLOW spr round 5 (radius: 15)
[00:12:02 -56747.026726] SLOW spr round 6 (radius: 20)
[00:12:04 -56747.026725] SLOW spr round 7 (radius: 25)
[00:12:06 -56747.026725] Model parameter optimization (eps = 0.100000)

[00:12:10] ML tree search #13, logLikelihood: -56744.335245

[00:12:10 -157796.362082] Initial branch length optimization
[00:12:10 -59795.769550] Model parameter optimization (eps = 10.000000)
[00:12:13 -56769.924918] AUTODETECT spr round 1 (radius: 5)
[00:12:15 -56761.873475] AUTODETECT spr round 2 (radius: 10)
[00:12:17 -56761.873364] SPR radius for FAST iterations: 5 (autodetect)
[00:12:17 -56761.873364] Model parameter optimization (eps = 3.000000)
[00:12:19 -56750.721821] FAST spr round 1 (radius: 5)
[00:12:21 -56750.648782] Model parameter optimization (eps = 1.000000)
[00:12:23 -56747.055076] SLOW spr round 1 (radius: 5)
[00:12:29 -56747.014627] SLOW spr round 2 (radius: 10)
[00:12:36 -56746.871750] SLOW spr round 3 (radius: 5)
[00:12:42 -56746.859367] SLOW spr round 4 (radius: 10)
[00:12:48 -56746.859363] SLOW spr round 5 (radius: 15)
[00:12:52 -56746.859363] SLOW spr round 6 (radius: 20)
[00:12:56 -56746.859363] SLOW spr round 7 (radius: 25)
[00:12:57 -56746.859363] Model parameter optimization (eps = 0.100000)

[00:13:02] ML tree search #14, logLikelihood: -56744.329496

[00:13:02 -157791.483419] Initial branch length optimization
[00:13:02 -59785.783480] Model parameter optimization (eps = 10.000000)
[00:13:05 -56763.903764] AUTODETECT spr round 1 (radius: 5)
[00:13:06 -56762.455117] AUTODETECT spr round 2 (radius: 10)
[00:13:08 -56762.452539] SPR radius for FAST iterations: 5 (autodetect)
[00:13:08 -56762.452539] Model parameter optimization (eps = 3.000000)
[00:13:10 -56751.020723] FAST spr round 1 (radius: 5)
[00:13:12 -56750.949050] Model parameter optimization (eps = 1.000000)
[00:13:14 -56747.294990] SLOW spr round 1 (radius: 5)
[00:13:19 -56747.256682] SLOW spr round 2 (radius: 10)
[00:13:25 -56747.254330] SLOW spr round 3 (radius: 15)
[00:13:30 -56747.254330] SLOW spr round 4 (radius: 20)
[00:13:33 -56747.254330] SLOW spr round 5 (radius: 25)
[00:13:35 -56747.254330] Model parameter optimization (eps = 0.100000)

[00:13:39] ML tree search #15, logLikelihood: -56744.779987

[00:13:39 -157791.655442] Initial branch length optimization
[00:13:40 -59786.961228] Model parameter optimization (eps = 10.000000)
[00:13:43 -56764.871385] AUTODETECT spr round 1 (radius: 5)
[00:13:44 -56763.442180] AUTODETECT spr round 2 (radius: 10)
[00:13:47 -56763.440522] SPR radius for FAST iterations: 5 (autodetect)
[00:13:47 -56763.440522] Model parameter optimization (eps = 3.000000)
[00:13:48 -56751.913148] FAST spr round 1 (radius: 5)
[00:13:51 -56751.839227] Model parameter optimization (eps = 1.000000)
[00:13:53 -56748.138440] SLOW spr round 1 (radius: 5)
[00:13:57 -56748.097849] SLOW spr round 2 (radius: 10)
[00:14:04 -56748.095515] SLOW spr round 3 (radius: 15)
[00:14:09 -56747.569405] SLOW spr round 4 (radius: 5)
[00:14:15 -56747.431734] SLOW spr round 5 (radius: 5)
[00:14:19 -56747.373463] SLOW spr round 6 (radius: 10)
[00:14:25 -56747.371687] SLOW spr round 7 (radius: 15)
[00:14:31 -56747.371686] SLOW spr round 8 (radius: 20)
[00:14:34 -56747.371686] SLOW spr round 9 (radius: 25)
[00:14:35 -56747.371686] Model parameter optimization (eps = 0.100000)

[00:14:40] ML tree search #16, logLikelihood: -56744.355047



Final LogLikelihood: -56743.519845

AIC score: 113979.039689 / AICc score: 113983.244526 / BIC score: 116015.954518
Free parameters (model + branch lengths): 246

Best ML tree saved to: /home/hikoyu/analysis/Genome/SARS-CoV-2/phylogeny/RAxML-NG/DNA/part/3rd/SARS-CoV-2_200328.7.raxml.bestTree
All ML trees saved to: /home/hikoyu/analysis/Genome/SARS-CoV-2/phylogeny/RAxML-NG/DNA/part/3rd/SARS-CoV-2_200328.7.raxml.mlTrees
Optimized model saved to: /home/hikoyu/analysis/Genome/SARS-CoV-2/phylogeny/RAxML-NG/DNA/part/3rd/SARS-CoV-2_200328.7.raxml.bestModel

Execution log saved to: /home/hikoyu/analysis/Genome/SARS-CoV-2/phylogeny/RAxML-NG/DNA/part/3rd/SARS-CoV-2_200328.7.raxml.log

Analysis started: 30-Mar-2020 05:36:58 / finished: 30-Mar-2020 05:51:38

Elapsed time: 880.164 seconds

