
RAxML-NG v. 0.9.0 released on 20.05.2019 by The Exelixis Lab.
Developed by: Alexey M. Kozlov and Alexandros Stamatakis.
Contributors: Diego Darriba, Tomas Flouri, Benoit Morel, Sarah Lutteropp, Ben Bettisworth.
Latest version: https://github.com/amkozlov/raxml-ng
Questions/problems/suggestions? Please visit: https://groups.google.com/forum/#!forum/raxml

RAxML-NG was called at 16-Mar-2020 07:40:49 as follows:

raxml-ng --threads 1 --search --tree rand{8},pars{8} --seed 1098476855 --prefix phylogeny/RAxML-NG/DNA/part/3rd/SARS-CoV-2_200314.11 --msa phylogeny/RAxML-NG/DNA/part/3rd/SARS-CoV-2_200314.raxml.rba --outgroup MG772933.1

Analysis options:
  run mode: ML tree search
  start tree(s): random (8) + parsimony (8)
  random seed: 1098476855
  tip-inner: OFF
  pattern compression: ON
  per-rate scalers: OFF
  site repeats: ON
  fast spr radius: AUTO
  spr subtree cutoff: 1.000000
  branch lengths: proportional (ML estimate, algorithm: NR-FAST)
  SIMD kernels: AVX2
  parallelization: NONE/sequential

[00:00:00] Loading binary alignment from file: phylogeny/RAxML-NG/DNA/part/3rd/SARS-CoV-2_200314.raxml.rba
[00:00:00] Alignment comprises 89 taxa, 22 partitions and 648 patterns

Partition 0: orf1ab_U
Model: TIM2+I+B
Alignment sites / patterns: 8810 / 93
Gaps: 0.10 %
Invariant sites: 96.00 %

Partition 1: orf1ab_U_p3
Model: TN93+FO+G4m+B
Alignment sites / patterns: 4405 / 89
Gaps: 0.10 %
Invariant sites: 73.92 %

Partition 2: orf1ab_D
Model: TN93+FO+I+B
Alignment sites / patterns: 5392 / 44
Gaps: 0.00 %
Invariant sites: 95.77 %

Partition 3: orf1ab_D_p3
Model: TPM3uf+FO+G4m+B
Alignment sites / patterns: 2696 / 56
Gaps: 0.00 %
Invariant sites: 62.54 %

Partition 4: S
Model: HKY+FO+G4m+B
Alignment sites / patterns: 2548 / 56
Gaps: 0.04 %
Invariant sites: 86.66 %

Partition 5: S_p3
Model: HKY+FO+I+B
Alignment sites / patterns: 1274 / 69
Gaps: 0.04 %
Invariant sites: 50.24 %

Partition 6: ORF3a
Model: JC+I+G4m+B
Alignment sites / patterns: 552 / 23
Gaps: 0.00 %
Invariant sites: 93.12 %

Partition 7: ORF3a_p3
Model: HKY+FO+I+B
Alignment sites / patterns: 276 / 22
Gaps: 0.00 %
Invariant sites: 70.65 %

Partition 8: E
Model: JC+B
Alignment sites / patterns: 152 / 7
Gaps: 0.00 %
Invariant sites: 98.03 %

Partition 9: E_p3
Model: JC+B
Alignment sites / patterns: 76 / 6
Gaps: 0.00 %
Invariant sites: 97.37 %

Partition 10: M
Model: JC+I+G4m+B
Alignment sites / patterns: 446 / 12
Gaps: 0.01 %
Invariant sites: 97.31 %

Partition 11: M_p3
Model: K80+I+B
Alignment sites / patterns: 223 / 28
Gaps: 0.01 %
Invariant sites: 78.03 %

Partition 12: ORF6
Model: JC+B
Alignment sites / patterns: 124 / 7
Gaps: 0.00 %
Invariant sites: 95.97 %

Partition 13: ORF6_p3
Model: JC+B
Alignment sites / patterns: 62 / 9
Gaps: 0.00 %
Invariant sites: 88.71 %

Partition 14: ORF7a
Model: K80+B
Alignment sites / patterns: 244 / 14
Gaps: 0.00 %
Invariant sites: 91.80 %

Partition 15: ORF7a_p3
Model: HKY+FO+I+B
Alignment sites / patterns: 122 / 16
Gaps: 0.00 %
Invariant sites: 78.69 %

Partition 16: ORF8
Model: K80+I+G4m+B
Alignment sites / patterns: 244 / 17
Gaps: 0.00 %
Invariant sites: 94.67 %

Partition 17: ORF8_p3
Model: HKY+FO+B
Alignment sites / patterns: 122 / 16
Gaps: 0.00 %
Invariant sites: 69.67 %

Partition 18: N
Model: HKY+FO+I+B
Alignment sites / patterns: 840 / 22
Gaps: 0.00 %
Invariant sites: 95.60 %

Partition 19: N_p3
Model: HKY+FO+G4m+B
Alignment sites / patterns: 420 / 31
Gaps: 0.00 %
Invariant sites: 76.43 %

Partition 20: ORF10
Model: JC+B
Alignment sites / patterns: 78 / 6
Gaps: 0.00 %
Invariant sites: 97.44 %

Partition 21: ORF10_p3
Model: JC+B
Alignment sites / patterns: 39 / 5
Gaps: 0.00 %
Invariant sites: 97.44 %


[00:00:00] Generating 8 random starting tree(s) with 89 taxa
[00:00:00] Generating 8 parsimony starting tree(s) with 89 taxa
[00:00:00] Data distribution: max. partitions/sites/weight per thread: 22 / 648 / 6000

Starting ML tree search with 16 distinct starting trees

[00:00:00 -168017.438085] Initial branch length optimization
[00:00:00 -60862.297173] Model parameter optimization (eps = 10.000000)
[00:00:05 -57331.555158] AUTODETECT spr round 1 (radius: 5)
[00:00:07 -57100.958306] AUTODETECT spr round 2 (radius: 10)
[00:00:09 -56848.888552] AUTODETECT spr round 3 (radius: 15)
[00:00:11 -56704.290840] AUTODETECT spr round 4 (radius: 20)
[00:00:14 -56679.817168] AUTODETECT spr round 5 (radius: 25)
[00:00:15 -56679.816933] SPR radius for FAST iterations: 20 (autodetect)
[00:00:15 -56679.816933] Model parameter optimization (eps = 3.000000)
[00:00:18 -56654.319911] FAST spr round 1 (radius: 20)
[00:00:24 -56585.657625] FAST spr round 2 (radius: 20)
[00:00:28 -56585.654181] Model parameter optimization (eps = 1.000000)
[00:00:30 -56581.380644] SLOW spr round 1 (radius: 5)
[00:00:34 -56581.368735] SLOW spr round 2 (radius: 10)
[00:00:39 -56581.368694] SLOW spr round 3 (radius: 15)
[00:00:44 -56581.368692] SLOW spr round 4 (radius: 20)
[00:00:48 -56581.368692] SLOW spr round 5 (radius: 25)
[00:00:51 -56581.368692] Model parameter optimization (eps = 0.100000)

[00:00:53] ML tree search #1, logLikelihood: -56581.160817

[00:00:53 -167984.590243] Initial branch length optimization
[00:00:53 -60793.199526] Model parameter optimization (eps = 10.000000)
[00:00:59 -57282.189993] AUTODETECT spr round 1 (radius: 5)
[00:01:00 -57018.971748] AUTODETECT spr round 2 (radius: 10)
[00:01:03 -56785.560453] AUTODETECT spr round 3 (radius: 15)
[00:01:05 -56709.386153] AUTODETECT spr round 4 (radius: 20)
[00:01:07 -56705.929328] AUTODETECT spr round 5 (radius: 25)
[00:01:08 -56705.925725] SPR radius for FAST iterations: 20 (autodetect)
[00:01:08 -56705.925725] Model parameter optimization (eps = 3.000000)
[00:01:11 -56690.237018] FAST spr round 1 (radius: 20)
[00:01:19 -56595.949979] FAST spr round 2 (radius: 20)
[00:01:24 -56595.935653] Model parameter optimization (eps = 1.000000)
[00:01:29 -56582.550548] SLOW spr round 1 (radius: 5)
[00:01:34 -56582.540456] SLOW spr round 2 (radius: 10)
[00:01:40 -56582.537060] SLOW spr round 3 (radius: 15)
[00:01:45 -56582.429777] SLOW spr round 4 (radius: 5)
[00:01:50 -56582.427518] SLOW spr round 5 (radius: 10)
[00:01:56 -56582.427512] SLOW spr round 6 (radius: 15)
[00:02:01 -56582.427511] SLOW spr round 7 (radius: 20)
[00:02:04 -56582.427511] SLOW spr round 8 (radius: 25)
[00:02:08 -56582.427511] Model parameter optimization (eps = 0.100000)

[00:02:11] ML tree search #2, logLikelihood: -56581.176183

[00:02:11 -168047.559674] Initial branch length optimization
[00:02:12 -60926.295500] Model parameter optimization (eps = 10.000000)
[00:02:18 -57357.830815] AUTODETECT spr round 1 (radius: 5)
[00:02:20 -57135.555648] AUTODETECT spr round 2 (radius: 10)
[00:02:22 -56946.602935] AUTODETECT spr round 3 (radius: 15)
[00:02:25 -56833.218910] AUTODETECT spr round 4 (radius: 20)
[00:02:27 -56823.313677] AUTODETECT spr round 5 (radius: 25)
[00:02:29 -56769.801206] SPR radius for FAST iterations: 25 (autodetect)
[00:02:29 -56769.801206] Model parameter optimization (eps = 3.000000)
[00:02:32 -56751.172497] FAST spr round 1 (radius: 25)
[00:02:40 -56588.592051] FAST spr round 2 (radius: 25)
[00:02:46 -56588.582381] Model parameter optimization (eps = 1.000000)
[00:02:49 -56581.439309] SLOW spr round 1 (radius: 5)
[00:02:54 -56581.426372] SLOW spr round 2 (radius: 10)
[00:03:00 -56581.426300] SLOW spr round 3 (radius: 15)
[00:03:05 -56581.426296] SLOW spr round 4 (radius: 20)
[00:03:08 -56581.426296] SLOW spr round 5 (radius: 25)
[00:03:11 -56581.426296] Model parameter optimization (eps = 0.100000)

[00:03:12] ML tree search #3, logLikelihood: -56581.183631

[00:03:12 -168013.673708] Initial branch length optimization
[00:03:13 -60873.497270] Model parameter optimization (eps = 10.000000)
[00:03:18 -57336.898990] AUTODETECT spr round 1 (radius: 5)
[00:03:20 -57064.577454] AUTODETECT spr round 2 (radius: 10)
[00:03:22 -56955.902199] AUTODETECT spr round 3 (radius: 15)
[00:03:25 -56882.628484] AUTODETECT spr round 4 (radius: 20)
[00:03:27 -56839.186843] AUTODETECT spr round 5 (radius: 25)
[00:03:28 -56790.028031] SPR radius for FAST iterations: 25 (autodetect)
[00:03:28 -56790.028031] Model parameter optimization (eps = 3.000000)
[00:03:31 -56764.338390] FAST spr round 1 (radius: 25)
[00:03:39 -56585.844207] FAST spr round 2 (radius: 25)
[00:03:43 -56585.612039] FAST spr round 3 (radius: 25)
[00:03:47 -56585.607571] Model parameter optimization (eps = 1.000000)
[00:03:48 -56582.348749] SLOW spr round 1 (radius: 5)
[00:03:53 -56582.159343] SLOW spr round 2 (radius: 5)
[00:03:57 -56582.157005] SLOW spr round 3 (radius: 10)
[00:04:03 -56582.157005] SLOW spr round 4 (radius: 15)
[00:04:08 -56582.157005] SLOW spr round 5 (radius: 20)
[00:04:13 -56582.157005] SLOW spr round 6 (radius: 25)
[00:04:15 -56582.157005] Model parameter optimization (eps = 0.100000)

[00:04:18] ML tree search #4, logLikelihood: -56581.145298

[00:04:18 -168023.695198] Initial branch length optimization
[00:04:18 -60866.680005] Model parameter optimization (eps = 10.000000)
[00:04:24 -57338.238217] AUTODETECT spr round 1 (radius: 5)
[00:04:26 -57063.765138] AUTODETECT spr round 2 (radius: 10)
[00:04:28 -56824.823453] AUTODETECT spr round 3 (radius: 15)
[00:04:30 -56813.897660] AUTODETECT spr round 4 (radius: 20)
[00:04:32 -56788.384364] AUTODETECT spr round 5 (radius: 25)
[00:04:33 -56788.384165] SPR radius for FAST iterations: 20 (autodetect)
[00:04:33 -56788.384165] Model parameter optimization (eps = 3.000000)
[00:04:37 -56767.525110] FAST spr round 1 (radius: 20)
[00:04:44 -56588.124298] FAST spr round 2 (radius: 20)
[00:04:48 -56588.112705] Model parameter optimization (eps = 1.000000)
[00:04:50 -56583.326731] SLOW spr round 1 (radius: 5)
[00:04:55 -56583.322064] SLOW spr round 2 (radius: 10)
[00:05:01 -56583.201691] SLOW spr round 3 (radius: 5)
[00:05:05 -56583.199133] SLOW spr round 4 (radius: 10)
[00:05:11 -56583.199131] SLOW spr round 5 (radius: 15)
[00:05:16 -56583.199131] SLOW spr round 6 (radius: 20)
[00:05:19 -56583.199131] SLOW spr round 7 (radius: 25)
[00:05:23 -56583.199131] Model parameter optimization (eps = 0.100000)

[00:05:25] ML tree search #5, logLikelihood: -56582.353651

[00:05:25 -168009.479400] Initial branch length optimization
[00:05:25 -60840.218310] Model parameter optimization (eps = 10.000000)
[00:05:30 -57312.641655] AUTODETECT spr round 1 (radius: 5)
[00:05:32 -56958.865311] AUTODETECT spr round 2 (radius: 10)
[00:05:34 -56740.169225] AUTODETECT spr round 3 (radius: 15)
[00:05:37 -56724.521790] AUTODETECT spr round 4 (radius: 20)
[00:05:40 -56724.521790] SPR radius for FAST iterations: 15 (autodetect)
[00:05:40 -56724.521790] Model parameter optimization (eps = 3.000000)
[00:05:43 -56709.523276] FAST spr round 1 (radius: 15)
[00:05:48 -56708.690894] FAST spr round 2 (radius: 15)
[00:05:53 -56708.687436] Model parameter optimization (eps = 1.000000)
[00:05:53 -56708.425060] SLOW spr round 1 (radius: 5)
[00:05:59 -56708.418803] SLOW spr round 2 (radius: 10)
[00:06:04 -56683.295510] SLOW spr round 3 (radius: 5)
[00:06:09 -56683.293026] SLOW spr round 4 (radius: 10)
[00:06:14 -56683.293026] SLOW spr round 5 (radius: 15)
[00:06:19 -56673.596897] SLOW spr round 6 (radius: 5)
[00:06:24 -56673.593830] SLOW spr round 7 (radius: 10)
[00:06:29 -56673.593830] SLOW spr round 8 (radius: 15)
[00:06:35 -56673.593830] SLOW spr round 9 (radius: 20)
[00:06:38 -56598.210580] SLOW spr round 10 (radius: 5)
[00:06:45 -56598.205322] SLOW spr round 11 (radius: 10)
[00:06:53 -56598.205235] SLOW spr round 12 (radius: 15)
[00:07:00 -56598.205224] SLOW spr round 13 (radius: 20)
[00:07:03 -56598.205222] SLOW spr round 14 (radius: 25)
[00:07:07 -56598.205222] Model parameter optimization (eps = 0.100000)

[00:07:13] ML tree search #6, logLikelihood: -56581.843562

[00:07:13 -168012.407867] Initial branch length optimization
[00:07:13 -60836.111733] Model parameter optimization (eps = 10.000000)
[00:07:19 -57321.290419] AUTODETECT spr round 1 (radius: 5)
[00:07:21 -57069.343619] AUTODETECT spr round 2 (radius: 10)
[00:07:23 -56857.359710] AUTODETECT spr round 3 (radius: 15)
[00:07:26 -56820.300827] AUTODETECT spr round 4 (radius: 20)
[00:07:29 -56813.357801] AUTODETECT spr round 5 (radius: 25)
[00:07:30 -56813.357776] SPR radius for FAST iterations: 20 (autodetect)
[00:07:30 -56813.357776] Model parameter optimization (eps = 3.000000)
[00:07:33 -56798.312686] FAST spr round 1 (radius: 20)
[00:07:41 -56597.572121] FAST spr round 2 (radius: 20)
[00:07:47 -56597.557937] Model parameter optimization (eps = 1.000000)
[00:07:50 -56582.280175] SLOW spr round 1 (radius: 5)
[00:07:55 -56582.265508] SLOW spr round 2 (radius: 10)
[00:08:01 -56582.262760] SLOW spr round 3 (radius: 15)
[00:08:06 -56582.087085] SLOW spr round 4 (radius: 5)
[00:08:12 -56582.084324] SLOW spr round 5 (radius: 10)
[00:08:18 -56582.084320] SLOW spr round 6 (radius: 15)
[00:08:23 -56582.084320] SLOW spr round 7 (radius: 20)
[00:08:29 -56582.084320] SLOW spr round 8 (radius: 25)
[00:08:31 -56582.084320] Model parameter optimization (eps = 0.100000)

[00:08:34] ML tree search #7, logLikelihood: -56581.138902

[00:08:34 -168016.603393] Initial branch length optimization
[00:08:35 -60857.985109] Model parameter optimization (eps = 10.000000)
[00:08:40 -57326.409606] AUTODETECT spr round 1 (radius: 5)
[00:08:42 -57136.126263] AUTODETECT spr round 2 (radius: 10)
[00:08:45 -56870.483464] AUTODETECT spr round 3 (radius: 15)
[00:08:47 -56734.198665] AUTODETECT spr round 4 (radius: 20)
[00:08:50 -56704.999963] AUTODETECT spr round 5 (radius: 25)
[00:08:52 -56690.291528] SPR radius for FAST iterations: 25 (autodetect)
[00:08:52 -56690.291528] Model parameter optimization (eps = 3.000000)
[00:08:55 -56663.973066] FAST spr round 1 (radius: 25)
[00:09:02 -56583.987442] FAST spr round 2 (radius: 25)
[00:09:07 -56583.974740] Model parameter optimization (eps = 1.000000)
[00:09:09 -56582.054814] SLOW spr round 1 (radius: 5)
[00:09:13 -56582.051801] SLOW spr round 2 (radius: 10)
[00:09:19 -56582.051797] SLOW spr round 3 (radius: 15)
[00:09:24 -56582.051797] SLOW spr round 4 (radius: 20)
[00:09:29 -56582.051382] SLOW spr round 5 (radius: 25)
[00:09:33 -56582.051382] Model parameter optimization (eps = 0.100000)

[00:09:34] ML tree search #8, logLikelihood: -56581.825438

[00:09:34 -165382.102415] Initial branch length optimization
[00:09:34 -59561.224318] Model parameter optimization (eps = 10.000000)
[00:09:39 -56623.540712] AUTODETECT spr round 1 (radius: 5)
[00:09:41 -56607.276215] AUTODETECT spr round 2 (radius: 10)
[00:09:43 -56605.064193] AUTODETECT spr round 3 (radius: 15)
[00:09:46 -56602.675880] AUTODETECT spr round 4 (radius: 20)
[00:09:49 -56602.675877] SPR radius for FAST iterations: 15 (autodetect)
[00:09:49 -56602.675877] Model parameter optimization (eps = 3.000000)
[00:09:53 -56585.988958] FAST spr round 1 (radius: 15)
[00:09:58 -56585.806577] FAST spr round 2 (radius: 15)
[00:10:03 -56585.804172] Model parameter optimization (eps = 1.000000)
[00:10:05 -56583.223055] SLOW spr round 1 (radius: 5)
[00:10:09 -56583.185416] SLOW spr round 2 (radius: 10)
[00:10:17 -56583.179067] SLOW spr round 3 (radius: 15)
[00:10:22 -56583.179037] SLOW spr round 4 (radius: 20)
[00:10:27 -56583.179036] SLOW spr round 5 (radius: 25)
[00:10:29 -56583.179036] Model parameter optimization (eps = 0.100000)

[00:10:34] ML tree search #9, logLikelihood: -56581.407451

[00:10:34 -165369.048648] Initial branch length optimization
[00:10:34 -59534.475292] Model parameter optimization (eps = 10.000000)
[00:10:38 -56602.445642] AUTODETECT spr round 1 (radius: 5)
[00:10:40 -56602.252168] AUTODETECT spr round 2 (radius: 10)
[00:10:42 -56602.251974] SPR radius for FAST iterations: 5 (autodetect)
[00:10:42 -56602.251974] Model parameter optimization (eps = 3.000000)
[00:10:46 -56587.021829] FAST spr round 1 (radius: 5)
[00:10:48 -56586.879596] FAST spr round 2 (radius: 5)
[00:10:51 -56586.869860] Model parameter optimization (eps = 1.000000)
[00:10:52 -56584.340751] SLOW spr round 1 (radius: 5)
[00:10:57 -56584.305507] SLOW spr round 2 (radius: 10)
[00:11:04 -56584.300056] SLOW spr round 3 (radius: 15)
[00:11:11 -56584.299458] SLOW spr round 4 (radius: 20)
[00:11:14 -56584.299458] SLOW spr round 5 (radius: 25)
[00:11:19 -56584.299458] Model parameter optimization (eps = 0.100000)

[00:11:24] ML tree search #10, logLikelihood: -56582.556411

[00:11:24 -165371.408144] Initial branch length optimization
[00:11:24 -59537.260607] Model parameter optimization (eps = 10.000000)
[00:11:28 -56603.599276] AUTODETECT spr round 1 (radius: 5)
[00:11:30 -56602.047534] AUTODETECT spr round 2 (radius: 10)
[00:11:32 -56602.047308] SPR radius for FAST iterations: 5 (autodetect)
[00:11:32 -56602.047308] Model parameter optimization (eps = 3.000000)
[00:11:36 -56586.954075] FAST spr round 1 (radius: 5)
[00:11:38 -56586.814189] FAST spr round 2 (radius: 5)
[00:11:41 -56586.806360] Model parameter optimization (eps = 1.000000)
[00:11:42 -56584.317108] SLOW spr round 1 (radius: 5)
[00:11:47 -56584.275722] SLOW spr round 2 (radius: 10)
[00:11:53 -56584.269484] SLOW spr round 3 (radius: 15)
[00:11:58 -56584.268933] SLOW spr round 4 (radius: 20)
[00:12:02 -56584.268933] SLOW spr round 5 (radius: 25)
[00:12:06 -56584.268933] Model parameter optimization (eps = 0.100000)

[00:12:11] ML tree search #11, logLikelihood: -56582.551030

[00:12:11 -165367.253231] Initial branch length optimization
[00:12:12 -59538.878409] Model parameter optimization (eps = 10.000000)
[00:12:16 -56606.098347] AUTODETECT spr round 1 (radius: 5)
[00:12:18 -56605.920314] AUTODETECT spr round 2 (radius: 10)
[00:12:20 -56605.550256] AUTODETECT spr round 3 (radius: 15)
[00:12:23 -56605.550252] SPR radius for FAST iterations: 10 (autodetect)
[00:12:23 -56605.550252] Model parameter optimization (eps = 3.000000)
[00:12:28 -56589.934297] FAST spr round 1 (radius: 10)
[00:12:32 -56589.783521] FAST spr round 2 (radius: 10)
[00:12:36 -56586.961667] FAST spr round 3 (radius: 10)
[00:12:39 -56586.956770] Model parameter optimization (eps = 1.000000)
[00:12:41 -56584.373762] SLOW spr round 1 (radius: 5)
[00:12:45 -56584.331951] SLOW spr round 2 (radius: 10)
[00:12:52 -56584.327916] SLOW spr round 3 (radius: 15)
[00:12:58 -56584.327573] SLOW spr round 4 (radius: 20)
[00:13:02 -56584.327573] SLOW spr round 5 (radius: 25)
[00:13:05 -56584.327573] Model parameter optimization (eps = 0.100000)

[00:13:09] ML tree search #12, logLikelihood: -56582.555611

[00:13:09 -165368.961218] Initial branch length optimization
[00:13:09 -59534.682706] Model parameter optimization (eps = 10.000000)
[00:13:13 -56602.393194] AUTODETECT spr round 1 (radius: 5)
[00:13:15 -56602.207629] AUTODETECT spr round 2 (radius: 10)
[00:13:18 -56602.207613] SPR radius for FAST iterations: 5 (autodetect)
[00:13:18 -56602.207613] Model parameter optimization (eps = 3.000000)
[00:13:22 -56586.948316] FAST spr round 1 (radius: 5)
[00:13:25 -56586.773145] FAST spr round 2 (radius: 5)
[00:13:28 -56586.768009] Model parameter optimization (eps = 1.000000)
[00:13:30 -56584.292452] SLOW spr round 1 (radius: 5)
[00:13:34 -56584.254955] SLOW spr round 2 (radius: 10)
[00:13:40 -56584.253200] SLOW spr round 3 (radius: 15)
[00:13:44 -56584.253199] SLOW spr round 4 (radius: 20)
[00:13:48 -56584.253199] SLOW spr round 5 (radius: 25)
[00:13:52 -56584.253199] Model parameter optimization (eps = 0.100000)

[00:13:56] ML tree search #13, logLikelihood: -56582.551748

[00:13:56 -165373.647102] Initial branch length optimization
[00:13:56 -59538.381364] Model parameter optimization (eps = 10.000000)
[00:13:59 -56603.574293] AUTODETECT spr round 1 (radius: 5)
[00:14:01 -56601.944672] AUTODETECT spr round 2 (radius: 10)
[00:14:03 -56601.944430] SPR radius for FAST iterations: 5 (autodetect)
[00:14:03 -56601.944430] Model parameter optimization (eps = 3.000000)
[00:14:07 -56586.920862] FAST spr round 1 (radius: 5)
[00:14:09 -56586.779815] FAST spr round 2 (radius: 5)
[00:14:12 -56586.771998] Model parameter optimization (eps = 1.000000)
[00:14:13 -56584.298931] SLOW spr round 1 (radius: 5)
[00:14:18 -56584.264129] SLOW spr round 2 (radius: 10)
[00:14:24 -56584.256253] SLOW spr round 3 (radius: 15)
[00:14:29 -56584.255978] SLOW spr round 4 (radius: 20)
[00:14:32 -56584.255978] SLOW spr round 5 (radius: 25)
[00:14:35 -56584.255978] Model parameter optimization (eps = 0.100000)

[00:14:39] ML tree search #14, logLikelihood: -56582.550707

[00:14:39 -165369.048640] Initial branch length optimization
[00:14:39 -59534.683706] Model parameter optimization (eps = 10.000000)
[00:14:43 -56602.384493] AUTODETECT spr round 1 (radius: 5)
[00:14:44 -56602.192554] AUTODETECT spr round 2 (radius: 10)
[00:14:47 -56602.192539] SPR radius for FAST iterations: 5 (autodetect)
[00:14:47 -56602.192539] Model parameter optimization (eps = 3.000000)
[00:14:50 -56586.932335] FAST spr round 1 (radius: 5)
[00:14:53 -56586.766343] FAST spr round 2 (radius: 5)
[00:14:55 -56586.761213] Model parameter optimization (eps = 1.000000)
[00:14:57 -56584.288333] SLOW spr round 1 (radius: 5)
[00:15:02 -56584.254895] SLOW spr round 2 (radius: 10)
[00:15:08 -56584.246723] SLOW spr round 3 (radius: 15)
[00:15:12 -56584.246696] SLOW spr round 4 (radius: 20)
[00:15:15 -56584.246695] SLOW spr round 5 (radius: 25)
[00:15:18 -56584.246695] Model parameter optimization (eps = 0.100000)

[00:15:22] ML tree search #15, logLikelihood: -56582.548673

[00:15:22 -165372.542114] Initial branch length optimization
[00:15:22 -59541.019369] Model parameter optimization (eps = 10.000000)
[00:15:26 -56606.128439] AUTODETECT spr round 1 (radius: 5)
[00:15:27 -56605.553297] AUTODETECT spr round 2 (radius: 10)
[00:15:29 -56605.185928] AUTODETECT spr round 3 (radius: 15)
[00:15:31 -56602.808903] AUTODETECT spr round 4 (radius: 20)
[00:15:33 -56602.808901] SPR radius for FAST iterations: 15 (autodetect)
[00:15:33 -56602.808901] Model parameter optimization (eps = 3.000000)
[00:15:37 -56586.952893] FAST spr round 1 (radius: 15)
[00:15:42 -56586.779921] FAST spr round 2 (radius: 15)
[00:15:46 -56586.774790] Model parameter optimization (eps = 1.000000)
[00:15:47 -56584.294348] SLOW spr round 1 (radius: 5)
[00:15:52 -56584.257616] SLOW spr round 2 (radius: 10)
[00:15:57 -56584.252650] SLOW spr round 3 (radius: 15)
[00:16:02 -56584.252630] SLOW spr round 4 (radius: 20)
[00:16:06 -56584.252630] SLOW spr round 5 (radius: 25)
[00:16:09 -56584.252630] Model parameter optimization (eps = 0.100000)

[00:16:12] ML tree search #16, logLikelihood: -56582.549083



Final LogLikelihood: -56581.138902

AIC score: 113686.277803 / AICc score: 113691.049356 / BIC score: 115855.647930
Free parameters (model + branch lengths): 262

Best ML tree saved to: /home/hikoyu/analysis/Genome/SARS-CoV-2/phylogeny/RAxML-NG/DNA/part/3rd/SARS-CoV-2_200314.11.raxml.bestTree
All ML trees saved to: /home/hikoyu/analysis/Genome/SARS-CoV-2/phylogeny/RAxML-NG/DNA/part/3rd/SARS-CoV-2_200314.11.raxml.mlTrees
Optimized model saved to: /home/hikoyu/analysis/Genome/SARS-CoV-2/phylogeny/RAxML-NG/DNA/part/3rd/SARS-CoV-2_200314.11.raxml.bestModel

Execution log saved to: /home/hikoyu/analysis/Genome/SARS-CoV-2/phylogeny/RAxML-NG/DNA/part/3rd/SARS-CoV-2_200314.11.raxml.log

Analysis started: 16-Mar-2020 07:40:49 / finished: 16-Mar-2020 07:57:01

Elapsed time: 972.557 seconds

