
RAxML-NG v. 0.9.0 released on 20.05.2019 by The Exelixis Lab.
Developed by: Alexey M. Kozlov and Alexandros Stamatakis.
Contributors: Diego Darriba, Tomas Flouri, Benoit Morel, Sarah Lutteropp, Ben Bettisworth.
Latest version: https://github.com/amkozlov/raxml-ng
Questions/problems/suggestions? Please visit: https://groups.google.com/forum/#!forum/raxml

RAxML-NG was called at 30-Mar-2020 09:47:44 as follows:

raxml-ng --threads 1 --bsconverge --bs-trees phylogeny/RAxML-NG/DNA/part/3rd/SARS-CoV-2_200328.raxml.bootstraps --prefix phylogeny/RAxML-NG/DNA/part/3rd/SARS-CoV-2_200328 --outgroup MG772933.1

Analysis options:
  run mode: A posteriori bootstrap convergence test
  start tree(s): 
  random seed: 1585529264
  SIMD kernels: AVX2
  parallelization: NONE/sequential

Reading bootstrap trees from file: phylogeny/RAxML-NG/DNA/part/3rd/SARS-CoV-2_200328.raxml.bootstraps
Loaded 1000 trees with 80 taxa.

Performing bootstrap convergence assessment using autoMRE criterion

 # trees        avg WRF       avg WRF in %       # perms: wrf <= 3.00 %     converged?  
      50        265.689              8.404                            0        NO
     100        400.704              6.301                            0        NO
     150        511.796              5.332                            0        NO
     200        657.579              5.112                            0        NO
     250        703.353              4.356                           16        NO
     300        789.058              4.059                           43        NO
     350        755.917              3.316                          309        NO
     400        804.025              3.083                          435        NO
     450        879.601              2.985                          530        NO
     500        960.599              2.916                          564        NO
     550       1072.567              2.950                          558        NO
     600       1154.628              2.902                          538        NO
     650       1263.427              2.925                          580        NO
     700       1310.041              2.817                          651        NO
     750       1435.891              2.879                          615        NO
     800       1418.110              2.650                          796        NO
     850       1458.847              2.566                          877        NO
     900       1463.698              2.425                          961        NO
     950       1644.501              2.579                          920        NO
    1000       1797.746              2.659                          850        NO
Bootstopping test did not converge after 1000 trees


Execution log saved to: /home/hikoyu/analysis/Genome/SARS-CoV-2/phylogeny/RAxML-NG/DNA/part/3rd/SARS-CoV-2_200328.raxml.log

Analysis started: 30-Mar-2020 09:47:44 / finished: 30-Mar-2020 09:53:34

Elapsed time: 349.877 seconds

