
RAxML-NG v. 0.9.0 released on 20.05.2019 by The Exelixis Lab.
Developed by: Alexey M. Kozlov and Alexandros Stamatakis.
Contributors: Diego Darriba, Tomas Flouri, Benoit Morel, Sarah Lutteropp, Ben Bettisworth.
Latest version: https://github.com/amkozlov/raxml-ng
Questions/problems/suggestions? Please visit: https://groups.google.com/forum/#!forum/raxml

RAxML-NG was called at 09-Apr-2020 22:12:50 as follows:

raxml-ng --threads 1 --search --tree rand{9},pars{9} --seed 3291899409 --prefix phylogeny/RAxML-NG/DNA/part/3rd/SARS-CoV-2_200407.2 --msa phylogeny/RAxML-NG/DNA/part/3rd/SARS-CoV-2_200407.raxml.rba --outgroup MG772933.1

Analysis options:
  run mode: ML tree search
  start tree(s): random (9) + parsimony (9)
  random seed: 3291899409
  tip-inner: OFF
  pattern compression: ON
  per-rate scalers: OFF
  site repeats: ON
  fast spr radius: AUTO
  spr subtree cutoff: 1.000000
  branch lengths: proportional (ML estimate, algorithm: NR-FAST)
  SIMD kernels: AVX2
  parallelization: NONE/sequential

[00:00:00] Loading binary alignment from file: phylogeny/RAxML-NG/DNA/part/3rd/SARS-CoV-2_200407.raxml.rba
[00:00:00] Alignment comprises 285 taxa, 22 partitions and 877 patterns

Partition 0: orf1ab_U
Model: TN93+FO+I+G4m+B
Alignment sites / patterns: 8808 / 146
Gaps: 0.07 %
Invariant sites: 95.49 %

Partition 1: orf1ab_U_p3
Model: TN93+FO+I+G4m+B
Alignment sites / patterns: 4404 / 127
Gaps: 0.07 %
Invariant sites: 73.41 %

Partition 2: orf1ab_D
Model: HKY+FO+I+G4m+B
Alignment sites / patterns: 5394 / 78
Gaps: 0.04 %
Invariant sites: 95.29 %

Partition 3: orf1ab_D_p3
Model: GTR+FO+I+G4m+B
Alignment sites / patterns: 2697 / 86
Gaps: 0.04 %
Invariant sites: 62.22 %

Partition 4: S
Model: TN93+FO+I+G4m+B
Alignment sites / patterns: 2548 / 70
Gaps: 0.01 %
Invariant sites: 86.42 %

Partition 5: S_p3
Model: HKY+FO+I+B
Alignment sites / patterns: 1274 / 86
Gaps: 0.01 %
Invariant sites: 49.92 %

Partition 6: ORF3a
Model: JC+I+G4m+B
Alignment sites / patterns: 552 / 29
Gaps: 0.00 %
Invariant sites: 92.03 %

Partition 7: ORF3a_p3
Model: TVM+FO+I+G4m+B
Alignment sites / patterns: 276 / 25
Gaps: 0.00 %
Invariant sites: 70.65 %

Partition 8: E
Model: JC+B
Alignment sites / patterns: 152 / 7
Gaps: 0.00 %
Invariant sites: 98.03 %

Partition 9: E_p3
Model: JC+B
Alignment sites / patterns: 76 / 7
Gaps: 0.00 %
Invariant sites: 96.05 %

Partition 10: M
Model: JC+I+B
Alignment sites / patterns: 446 / 14
Gaps: 0.00 %
Invariant sites: 96.86 %

Partition 11: M_p3
Model: K80+G4m+B
Alignment sites / patterns: 223 / 29
Gaps: 0.00 %
Invariant sites: 77.58 %

Partition 12: ORF6
Model: JC+B
Alignment sites / patterns: 124 / 8
Gaps: 0.00 %
Invariant sites: 95.16 %

Partition 13: ORF6_p3
Model: TN93ef+G4m+B
Alignment sites / patterns: 62 / 12
Gaps: 0.00 %
Invariant sites: 83.87 %

Partition 14: ORF7a
Model: K80+B
Alignment sites / patterns: 244 / 16
Gaps: 0.00 %
Invariant sites: 90.98 %

Partition 15: ORF7a_p3
Model: HKY+FO+I+B
Alignment sites / patterns: 122 / 17
Gaps: 0.00 %
Invariant sites: 77.87 %

Partition 16: ORF8
Model: TIM1+I+G4m+B
Alignment sites / patterns: 244 / 20
Gaps: 0.00 %
Invariant sites: 93.44 %

Partition 17: ORF8_p3
Model: HKY+FO+B
Alignment sites / patterns: 122 / 17
Gaps: 0.00 %
Invariant sites: 68.85 %

Partition 18: N
Model: HKY+FO+I+G4m+B
Alignment sites / patterns: 840 / 30
Gaps: 0.00 %
Invariant sites: 94.76 %

Partition 19: N_p3
Model: HKY+FO+G4m+B
Alignment sites / patterns: 420 / 40
Gaps: 0.00 %
Invariant sites: 74.76 %

Partition 20: ORF10
Model: JC+B
Alignment sites / patterns: 78 / 8
Gaps: 0.00 %
Invariant sites: 94.87 %

Partition 21: ORF10_p3
Model: JC+B
Alignment sites / patterns: 39 / 5
Gaps: 0.00 %
Invariant sites: 97.44 %


[00:00:00] Generating 9 random starting tree(s) with 285 taxa
[00:00:00] Generating 9 parsimony starting tree(s) with 285 taxa
[00:00:01] Data distribution: max. partitions/sites/weight per thread: 22 / 877 / 11812

Starting ML tree search with 18 distinct starting trees

[00:00:01 -239414.789137] Initial branch length optimization
[00:00:02 -70526.964556] Model parameter optimization (eps = 10.000000)
[00:00:51 -64179.309493] AUTODETECT spr round 1 (radius: 5)
[00:01:04 -61564.843971] AUTODETECT spr round 2 (radius: 10)
[00:01:23 -60690.165662] AUTODETECT spr round 3 (radius: 15)
[00:01:46 -60240.973979] AUTODETECT spr round 4 (radius: 20)
[00:02:14 -60107.961988] AUTODETECT spr round 5 (radius: 25)
[00:02:44 -60062.675482] SPR radius for FAST iterations: 25 (autodetect)
[00:02:44 -60062.675482] Model parameter optimization (eps = 3.000000)
[00:03:40 -59499.489778] FAST spr round 1 (radius: 25)
[00:04:51 -58952.134958] FAST spr round 2 (radius: 25)
[00:05:31 -58944.216763] FAST spr round 3 (radius: 25)
[00:06:01 -58944.216292] Model parameter optimization (eps = 1.000000)
[00:06:26 -58879.422570] SLOW spr round 1 (radius: 5)
[00:06:54 -58879.108260] SLOW spr round 2 (radius: 5)
[00:07:20 -58879.104747] SLOW spr round 3 (radius: 10)
[00:07:51 -58879.104686] SLOW spr round 4 (radius: 15)
[00:08:26 -58879.104683] SLOW spr round 5 (radius: 20)
[00:09:06 -58878.757067] SLOW spr round 6 (radius: 5)
[00:09:40 -58878.245715] SLOW spr round 7 (radius: 5)
[00:10:07 -58878.245715] SLOW spr round 8 (radius: 10)
[00:10:40 -58878.245715] SLOW spr round 9 (radius: 15)
[00:11:17 -58878.245715] SLOW spr round 10 (radius: 20)
[00:11:59 -58878.245715] SLOW spr round 11 (radius: 25)
[00:12:37 -58878.245715] Model parameter optimization (eps = 0.100000)

[00:13:21] ML tree search #1, logLikelihood: -58874.083839

[00:13:22 -239317.950974] Initial branch length optimization
[00:13:23 -70073.094873] Model parameter optimization (eps = 10.000000)
[00:14:11 -64061.052471] AUTODETECT spr round 1 (radius: 5)
[00:14:28 -61755.819047] AUTODETECT spr round 2 (radius: 10)
[00:14:49 -60575.004936] AUTODETECT spr round 3 (radius: 15)
[00:15:15 -60046.293978] AUTODETECT spr round 4 (radius: 20)
[00:15:48 -59955.006012] AUTODETECT spr round 5 (radius: 25)
[00:16:17 -59952.921549] SPR radius for FAST iterations: 25 (autodetect)
[00:16:17 -59952.921549] Model parameter optimization (eps = 3.000000)
[00:17:01 -59282.790369] FAST spr round 1 (radius: 25)
[00:18:05 -58924.075963] FAST spr round 2 (radius: 25)
[00:18:47 -58923.988814] Model parameter optimization (eps = 1.000000)
[00:19:08 -58879.535814] SLOW spr round 1 (radius: 5)
[00:19:41 -58879.495019] SLOW spr round 2 (radius: 10)
[00:20:17 -58878.694859] SLOW spr round 3 (radius: 5)
[00:20:47 -58878.694820] SLOW spr round 4 (radius: 10)
[00:21:23 -58878.694819] SLOW spr round 5 (radius: 15)
[00:22:03 -58878.694819] SLOW spr round 6 (radius: 20)
[00:22:45 -58878.694819] SLOW spr round 7 (radius: 25)
[00:23:26 -58878.694819] Model parameter optimization (eps = 0.100000)

[00:24:04] ML tree search #2, logLikelihood: -58874.995857

[00:24:04 -239372.690253] Initial branch length optimization
[00:24:05 -70237.112982] Model parameter optimization (eps = 10.000000)
[00:24:54 -64118.638852] AUTODETECT spr round 1 (radius: 5)
[00:25:11 -61548.173782] AUTODETECT spr round 2 (radius: 10)
[00:25:35 -60591.063403] AUTODETECT spr round 3 (radius: 15)
[00:26:03 -60037.737442] AUTODETECT spr round 4 (radius: 20)
[00:26:36 -59936.695193] AUTODETECT spr round 5 (radius: 25)
[00:27:08 -59936.337180] SPR radius for FAST iterations: 25 (autodetect)
[00:27:08 -59936.337180] Model parameter optimization (eps = 3.000000)
[00:28:00 -59258.006334] FAST spr round 1 (radius: 25)
[00:29:04 -58999.833606] FAST spr round 2 (radius: 25)
[00:29:52 -58920.065991] FAST spr round 3 (radius: 25)
[00:30:29 -58920.020482] Model parameter optimization (eps = 1.000000)
[00:30:49 -58879.497506] SLOW spr round 1 (radius: 5)
[00:31:20 -58879.441411] SLOW spr round 2 (radius: 10)
[00:31:55 -58879.440435] SLOW spr round 3 (radius: 15)
[00:32:35 -58879.110345] SLOW spr round 4 (radius: 5)
[00:33:09 -58879.110344] SLOW spr round 5 (radius: 10)
[00:33:44 -58879.110344] SLOW spr round 6 (radius: 15)
[00:34:25 -58879.110344] SLOW spr round 7 (radius: 20)
[00:35:09 -58879.110344] SLOW spr round 8 (radius: 25)
[00:35:50 -58879.110344] Model parameter optimization (eps = 0.100000)

[00:36:32] ML tree search #3, logLikelihood: -58875.316036

[00:36:32 -239301.887543] Initial branch length optimization
[00:36:33 -70139.589102] Model parameter optimization (eps = 10.000000)
[00:37:20 -64057.438577] AUTODETECT spr round 1 (radius: 5)
[00:37:38 -61777.708770] AUTODETECT spr round 2 (radius: 10)
[00:38:01 -60864.545340] AUTODETECT spr round 3 (radius: 15)
[00:38:30 -60276.544681] AUTODETECT spr round 4 (radius: 20)
[00:39:03 -60010.589098] AUTODETECT spr round 5 (radius: 25)
[00:39:34 -59975.346419] SPR radius for FAST iterations: 25 (autodetect)
[00:39:34 -59975.346419] Model parameter optimization (eps = 3.000000)
[00:40:29 -59266.539901] FAST spr round 1 (radius: 25)
[00:41:31 -58893.249369] FAST spr round 2 (radius: 25)
[00:42:11 -58888.925493] FAST spr round 3 (radius: 25)
[00:42:42 -58888.897826] Model parameter optimization (eps = 1.000000)
[00:42:53 -58878.222580] SLOW spr round 1 (radius: 5)
[00:43:23 -58878.193875] SLOW spr round 2 (radius: 10)
[00:43:57 -58878.193238] SLOW spr round 3 (radius: 15)
[00:44:34 -58878.193016] SLOW spr round 4 (radius: 20)
[00:45:13 -58877.860405] SLOW spr round 5 (radius: 5)
[00:45:50 -58877.860405] SLOW spr round 6 (radius: 10)
[00:46:28 -58877.860405] SLOW spr round 7 (radius: 15)
[00:47:05 -58877.860405] SLOW spr round 8 (radius: 20)
[00:47:44 -58877.860405] SLOW spr round 9 (radius: 25)
[00:48:22 -58877.860405] Model parameter optimization (eps = 0.100000)

[00:48:58] ML tree search #4, logLikelihood: -58874.266058

[00:48:58 -239296.493516] Initial branch length optimization
[00:48:59 -70157.049854] Model parameter optimization (eps = 10.000000)
[00:49:55 -64075.105932] AUTODETECT spr round 1 (radius: 5)
[00:50:13 -61614.743580] AUTODETECT spr round 2 (radius: 10)
[00:50:38 -60585.605629] AUTODETECT spr round 3 (radius: 15)
[00:51:05 -60254.349914] AUTODETECT spr round 4 (radius: 20)
[00:51:38 -59926.130060] AUTODETECT spr round 5 (radius: 25)
[00:52:08 -59895.198784] SPR radius for FAST iterations: 25 (autodetect)
[00:52:08 -59895.198784] Model parameter optimization (eps = 3.000000)
[00:52:54 -59224.639120] FAST spr round 1 (radius: 25)
[00:53:58 -58924.581434] FAST spr round 2 (radius: 25)
[00:54:46 -58924.529647] Model parameter optimization (eps = 1.000000)
[00:55:07 -58881.634373] SLOW spr round 1 (radius: 5)
[00:55:42 -58881.258045] SLOW spr round 2 (radius: 5)
[00:56:11 -58881.257011] SLOW spr round 3 (radius: 10)
[00:56:48 -58880.984902] SLOW spr round 4 (radius: 5)
[00:57:17 -58880.984822] SLOW spr round 5 (radius: 10)
[00:57:54 -58880.984819] SLOW spr round 6 (radius: 15)
[00:58:32 -58880.984819] SLOW spr round 7 (radius: 20)
[00:59:13 -58880.713779] SLOW spr round 8 (radius: 5)
[00:59:51 -58880.686971] SLOW spr round 9 (radius: 10)
[01:00:29 -58878.509793] SLOW spr round 10 (radius: 5)
[01:00:59 -58878.509791] SLOW spr round 11 (radius: 10)
[01:01:36 -58878.509791] SLOW spr round 12 (radius: 15)
[01:02:16 -58878.509791] SLOW spr round 13 (radius: 20)
[01:03:03 -58878.509791] SLOW spr round 14 (radius: 25)
[01:03:40 -58878.509791] Model parameter optimization (eps = 0.100000)

[01:04:23] ML tree search #5, logLikelihood: -58874.036259

[01:04:23 -239391.934237] Initial branch length optimization
[01:04:24 -70352.763378] Model parameter optimization (eps = 10.000000)
[01:05:08 -64182.154421] AUTODETECT spr round 1 (radius: 5)
[01:05:25 -61791.422211] AUTODETECT spr round 2 (radius: 10)
[01:05:48 -60728.699625] AUTODETECT spr round 3 (radius: 15)
[01:06:16 -60180.585823] AUTODETECT spr round 4 (radius: 20)
[01:06:47 -60024.072129] AUTODETECT spr round 5 (radius: 25)
[01:07:20 -59988.481673] SPR radius for FAST iterations: 25 (autodetect)
[01:07:20 -59988.481673] Model parameter optimization (eps = 3.000000)
[01:08:09 -59266.168646] FAST spr round 1 (radius: 25)
[01:09:12 -58888.099922] FAST spr round 2 (radius: 25)
[01:09:55 -58888.071982] Model parameter optimization (eps = 1.000000)
[01:10:09 -58877.771078] SLOW spr round 1 (radius: 5)
[01:10:42 -58877.742321] SLOW spr round 2 (radius: 10)
[01:11:17 -58877.741241] SLOW spr round 3 (radius: 15)
[01:12:02 -58877.741214] SLOW spr round 4 (radius: 20)
[01:12:58 -58877.741213] SLOW spr round 5 (radius: 25)
[01:13:47 -58877.741213] Model parameter optimization (eps = 0.100000)

[01:14:25] ML tree search #6, logLikelihood: -58874.295435

[01:14:25 -239348.619980] Initial branch length optimization
[01:14:27 -70214.442095] Model parameter optimization (eps = 10.000000)
[01:15:10 -64115.055461] AUTODETECT spr round 1 (radius: 5)
[01:15:28 -61794.183333] AUTODETECT spr round 2 (radius: 10)
[01:15:51 -60774.663682] AUTODETECT spr round 3 (radius: 15)
[01:16:22 -60156.649093] AUTODETECT spr round 4 (radius: 20)
[01:16:56 -59979.477072] AUTODETECT spr round 5 (radius: 25)
[01:17:26 -59959.760657] SPR radius for FAST iterations: 25 (autodetect)
[01:17:26 -59959.760657] Model parameter optimization (eps = 3.000000)
[01:18:11 -59323.922299] FAST spr round 1 (radius: 25)
[01:19:18 -58994.490857] FAST spr round 2 (radius: 25)
[01:20:05 -58929.499094] FAST spr round 3 (radius: 25)
[01:20:45 -58929.456178] Model parameter optimization (eps = 1.000000)
[01:21:07 -58879.502601] SLOW spr round 1 (radius: 5)
[01:21:38 -58878.667086] SLOW spr round 2 (radius: 5)
[01:22:07 -58878.664501] SLOW spr round 3 (radius: 10)
[01:22:41 -58878.664328] SLOW spr round 4 (radius: 15)
[01:23:20 -58878.664322] SLOW spr round 5 (radius: 20)
[01:24:00 -58878.664322] SLOW spr round 6 (radius: 25)
[01:24:35 -58878.664322] Model parameter optimization (eps = 0.100000)

[01:25:16] ML tree search #7, logLikelihood: -58874.764114

[01:25:16 -239317.715824] Initial branch length optimization
[01:25:17 -70096.490688] Model parameter optimization (eps = 10.000000)
[01:26:09 -64087.117389] AUTODETECT spr round 1 (radius: 5)
[01:26:27 -61848.781532] AUTODETECT spr round 2 (radius: 10)
[01:26:51 -60828.779002] AUTODETECT spr round 3 (radius: 15)
[01:27:19 -60281.966327] AUTODETECT spr round 4 (radius: 20)
[01:27:50 -60057.947549] AUTODETECT spr round 5 (radius: 25)
[01:28:20 -59974.078478] SPR radius for FAST iterations: 25 (autodetect)
[01:28:20 -59974.078478] Model parameter optimization (eps = 3.000000)
[01:29:15 -59255.337303] FAST spr round 1 (radius: 25)
[01:30:21 -58896.998549] FAST spr round 2 (radius: 25)
[01:31:04 -58891.687413] FAST spr round 3 (radius: 25)
[01:31:35 -58891.686805] Model parameter optimization (eps = 1.000000)
[01:31:48 -58878.290444] SLOW spr round 1 (radius: 5)
[01:32:19 -58878.263143] SLOW spr round 2 (radius: 10)
[01:32:54 -58878.262411] SLOW spr round 3 (radius: 15)
[01:33:31 -58877.954875] SLOW spr round 4 (radius: 5)
[01:34:04 -58877.954874] SLOW spr round 5 (radius: 10)
[01:34:39 -58877.954874] SLOW spr round 6 (radius: 15)
[01:35:15 -58877.954874] SLOW spr round 7 (radius: 20)
[01:35:57 -58877.954709] SLOW spr round 8 (radius: 25)
[01:36:38 -58877.954709] Model parameter optimization (eps = 0.100000)

[01:37:17] ML tree search #8, logLikelihood: -58874.270808

[01:37:17 -239308.767463] Initial branch length optimization
[01:37:18 -70020.322267] Model parameter optimization (eps = 10.000000)
[01:37:59 -64016.634213] AUTODETECT spr round 1 (radius: 5)
[01:38:17 -61679.668776] AUTODETECT spr round 2 (radius: 10)
[01:38:39 -60754.667281] AUTODETECT spr round 3 (radius: 15)
[01:39:05 -60309.304374] AUTODETECT spr round 4 (radius: 20)
[01:39:34 -60047.174255] AUTODETECT spr round 5 (radius: 25)
[01:40:02 -60007.644632] SPR radius for FAST iterations: 25 (autodetect)
[01:40:02 -60007.644632] Model parameter optimization (eps = 3.000000)
[01:40:49 -59382.272440] FAST spr round 1 (radius: 25)
[01:41:57 -58936.221883] FAST spr round 2 (radius: 25)
[01:42:45 -58936.073570] FAST spr round 3 (radius: 25)
[01:43:21 -58936.073392] Model parameter optimization (eps = 1.000000)
[01:43:44 -58879.238347] SLOW spr round 1 (radius: 5)
[01:44:15 -58879.207127] SLOW spr round 2 (radius: 10)
[01:44:53 -58879.206113] SLOW spr round 3 (radius: 15)
[01:45:31 -58879.205849] SLOW spr round 4 (radius: 20)
[01:46:09 -58879.205847] SLOW spr round 5 (radius: 25)
[01:46:39 -58879.205847] Model parameter optimization (eps = 0.100000)

[01:47:15] ML tree search #9, logLikelihood: -58875.966774

[01:47:15 -233567.765906] Initial branch length optimization
[01:47:16 -62127.872737] Model parameter optimization (eps = 10.000000)
[01:47:34 -58882.444239] AUTODETECT spr round 1 (radius: 5)
[01:47:51 -58879.805238] AUTODETECT spr round 2 (radius: 10)
[01:48:12 -58878.587212] AUTODETECT spr round 3 (radius: 15)
[01:48:35 -58878.586922] SPR radius for FAST iterations: 10 (autodetect)
[01:48:35 -58878.586922] Model parameter optimization (eps = 3.000000)
[01:48:39 -58877.138429] FAST spr round 1 (radius: 10)
[01:49:06 -58877.087511] Model parameter optimization (eps = 1.000000)
[01:49:09 -58876.595964] SLOW spr round 1 (radius: 5)
[01:49:45 -58876.540071] SLOW spr round 2 (radius: 10)
[01:50:19 -58876.539941] SLOW spr round 3 (radius: 15)
[01:50:53 -58876.539939] SLOW spr round 4 (radius: 20)
[01:51:29 -58876.539939] SLOW spr round 5 (radius: 25)
[01:51:59 -58876.539939] Model parameter optimization (eps = 0.100000)

[01:52:13] ML tree search #10, logLikelihood: -58875.906870

[01:52:13 -233566.804643] Initial branch length optimization
[01:52:14 -62126.661270] Model parameter optimization (eps = 10.000000)
[01:52:33 -58886.659179] AUTODETECT spr round 1 (radius: 5)
[01:52:50 -58881.405720] AUTODETECT spr round 2 (radius: 10)
[01:53:11 -58880.022600] AUTODETECT spr round 3 (radius: 15)
[01:53:38 -58879.367095] AUTODETECT spr round 4 (radius: 20)
[01:54:06 -58879.367095] SPR radius for FAST iterations: 15 (autodetect)
[01:54:06 -58879.367095] Model parameter optimization (eps = 3.000000)
[01:54:10 -58877.613635] FAST spr round 1 (radius: 15)
[01:54:50 -58877.539003] Model parameter optimization (eps = 1.000000)
[01:54:53 -58876.851295] SLOW spr round 1 (radius: 5)
[01:55:29 -58876.810510] SLOW spr round 2 (radius: 10)
[01:56:03 -58876.810365] SLOW spr round 3 (radius: 15)
[01:56:41 -58876.784930] SLOW spr round 4 (radius: 20)
[01:57:21 -58876.784930] SLOW spr round 5 (radius: 25)
[01:58:03 -58876.784930] Model parameter optimization (eps = 0.100000)

[01:58:20] ML tree search #11, logLikelihood: -58875.888929

[01:58:20 -233567.744732] Initial branch length optimization
[01:58:21 -62127.767470] Model parameter optimization (eps = 10.000000)
[01:58:40 -58882.445249] AUTODETECT spr round 1 (radius: 5)
[01:58:58 -58880.262927] AUTODETECT spr round 2 (radius: 10)
[01:59:20 -58879.333748] AUTODETECT spr round 3 (radius: 15)
[01:59:45 -58878.706638] AUTODETECT spr round 4 (radius: 20)
[02:00:16 -58878.706611] SPR radius for FAST iterations: 15 (autodetect)
[02:00:16 -58878.706611] Model parameter optimization (eps = 3.000000)
[02:00:20 -58877.279442] FAST spr round 1 (radius: 15)
[02:01:01 -58877.210184] Model parameter optimization (eps = 1.000000)
[02:01:04 -58876.744031] SLOW spr round 1 (radius: 5)
[02:01:41 -58876.697871] SLOW spr round 2 (radius: 10)
[02:02:15 -58876.675312] SLOW spr round 3 (radius: 15)
[02:02:53 -58876.675311] SLOW spr round 4 (radius: 20)
[02:03:35 -58876.675311] SLOW spr round 5 (radius: 25)
[02:04:20 -58876.675311] Model parameter optimization (eps = 0.100000)

[02:04:32] ML tree search #12, logLikelihood: -58875.968087

[02:04:32 -233561.233628] Initial branch length optimization
[02:04:33 -62126.096384] Model parameter optimization (eps = 10.000000)
[02:04:51 -58887.242935] AUTODETECT spr round 1 (radius: 5)
[02:05:07 -58886.538281] AUTODETECT spr round 2 (radius: 10)
[02:05:27 -58885.121372] AUTODETECT spr round 3 (radius: 15)
[02:05:50 -58885.121343] SPR radius for FAST iterations: 10 (autodetect)
[02:05:50 -58885.121343] Model parameter optimization (eps = 3.000000)
[02:05:53 -58883.898982] FAST spr round 1 (radius: 10)
[02:06:22 -58883.846555] Model parameter optimization (eps = 1.000000)
[02:06:25 -58883.323714] SLOW spr round 1 (radius: 5)
[02:06:59 -58883.280727] SLOW spr round 2 (radius: 10)
[02:07:32 -58883.280703] SLOW spr round 3 (radius: 15)
[02:08:05 -58883.280703] SLOW spr round 4 (radius: 20)
[02:08:46 -58878.659358] SLOW spr round 5 (radius: 5)
[02:09:21 -58877.275166] SLOW spr round 6 (radius: 5)
[02:09:49 -58877.275165] SLOW spr round 7 (radius: 10)
[02:10:22 -58877.275165] SLOW spr round 8 (radius: 15)
[02:10:58 -58877.275165] SLOW spr round 9 (radius: 20)
[02:11:41 -58877.275165] SLOW spr round 10 (radius: 25)
[02:12:24 -58877.275165] Model parameter optimization (eps = 0.100000)

[02:12:40] ML tree search #13, logLikelihood: -58876.190759

[02:12:40 -233561.394518] Initial branch length optimization
[02:12:41 -62124.449953] Model parameter optimization (eps = 10.000000)
[02:12:58 -58885.876927] AUTODETECT spr round 1 (radius: 5)
[02:13:15 -58883.763768] AUTODETECT spr round 2 (radius: 10)
[02:13:37 -58883.730094] SPR radius for FAST iterations: 5 (autodetect)
[02:13:37 -58883.730094] Model parameter optimization (eps = 3.000000)
[02:13:40 -58882.517634] FAST spr round 1 (radius: 5)
[02:14:00 -58882.466059] Model parameter optimization (eps = 1.000000)
[02:14:03 -58881.947502] SLOW spr round 1 (radius: 5)
[02:14:36 -58881.896621] SLOW spr round 2 (radius: 10)
[02:15:09 -58881.896532] SLOW spr round 3 (radius: 15)
[02:15:42 -58881.896531] SLOW spr round 4 (radius: 20)
[02:16:19 -58881.896531] SLOW spr round 5 (radius: 25)
[02:16:56 -58881.896531] Model parameter optimization (eps = 0.100000)

[02:17:05] ML tree search #14, logLikelihood: -58881.439673

[02:17:05 -233566.658490] Initial branch length optimization
[02:17:06 -62141.693336] Model parameter optimization (eps = 10.000000)
[02:17:24 -58899.446410] AUTODETECT spr round 1 (radius: 5)
[02:17:40 -58882.697589] AUTODETECT spr round 2 (radius: 10)
[02:18:01 -58881.329038] AUTODETECT spr round 3 (radius: 15)
[02:18:25 -58879.965754] AUTODETECT spr round 4 (radius: 20)
[02:18:53 -58879.965754] SPR radius for FAST iterations: 15 (autodetect)
[02:18:53 -58879.965754] Model parameter optimization (eps = 3.000000)
[02:18:56 -58878.369576] FAST spr round 1 (radius: 15)
[02:19:35 -58878.290793] Model parameter optimization (eps = 1.000000)
[02:19:39 -58877.528481] SLOW spr round 1 (radius: 5)
[02:20:15 -58877.490469] SLOW spr round 2 (radius: 10)
[02:20:50 -58877.475751] SLOW spr round 3 (radius: 15)
[02:21:23 -58877.475750] SLOW spr round 4 (radius: 20)
[02:21:58 -58877.475750] SLOW spr round 5 (radius: 25)
[02:22:33 -58876.882002] SLOW spr round 6 (radius: 5)
[02:23:10 -58876.856876] SLOW spr round 7 (radius: 10)
[02:23:44 -58876.856841] SLOW spr round 8 (radius: 15)
[02:24:17 -58876.856840] SLOW spr round 9 (radius: 20)
[02:24:53 -58876.856840] SLOW spr round 10 (radius: 25)
[02:25:29 -58876.856840] Model parameter optimization (eps = 0.100000)

[02:25:41] ML tree search #15, logLikelihood: -58875.875855

[02:25:41 -233568.902247] Initial branch length optimization
[02:25:42 -62146.716642] Model parameter optimization (eps = 10.000000)
[02:26:02 -58907.473990] AUTODETECT spr round 1 (radius: 5)
[02:26:19 -58905.401354] AUTODETECT spr round 2 (radius: 10)
[02:26:39 -58904.644298] AUTODETECT spr round 3 (radius: 15)
[02:27:03 -58904.644297] SPR radius for FAST iterations: 10 (autodetect)
[02:27:03 -58904.644297] Model parameter optimization (eps = 3.000000)
[02:27:06 -58903.138045] FAST spr round 1 (radius: 10)
[02:27:33 -58903.074582] Model parameter optimization (eps = 1.000000)
[02:27:36 -58902.563933] SLOW spr round 1 (radius: 5)
[02:28:12 -58902.520826] SLOW spr round 2 (radius: 10)
[02:28:46 -58902.520784] SLOW spr round 3 (radius: 15)
[02:29:19 -58902.520783] SLOW spr round 4 (radius: 20)
[02:29:57 -58891.072164] SLOW spr round 5 (radius: 5)
[02:30:32 -58891.047275] SLOW spr round 6 (radius: 10)
[02:31:05 -58891.047237] SLOW spr round 7 (radius: 15)
[02:31:39 -58891.047236] SLOW spr round 8 (radius: 20)
[02:32:17 -58891.047236] SLOW spr round 9 (radius: 25)
[02:32:55 -58887.208896] SLOW spr round 10 (radius: 5)
[02:33:31 -58887.186656] SLOW spr round 11 (radius: 10)
[02:34:07 -58887.186601] SLOW spr round 12 (radius: 15)
[02:34:43 -58887.186600] SLOW spr round 13 (radius: 20)
[02:35:23 -58887.186600] SLOW spr round 14 (radius: 25)
[02:36:00 -58887.186600] Model parameter optimization (eps = 0.100000)

[02:36:12] ML tree search #16, logLikelihood: -58886.220149

[02:36:12 -233567.264522] Initial branch length optimization
[02:36:13 -62127.919266] Model parameter optimization (eps = 10.000000)
[02:36:32 -58882.437857] AUTODETECT spr round 1 (radius: 5)
[02:36:49 -58879.344949] AUTODETECT spr round 2 (radius: 10)
[02:37:11 -58879.326869] SPR radius for FAST iterations: 5 (autodetect)
[02:37:11 -58879.326869] Model parameter optimization (eps = 3.000000)
[02:37:16 -58878.170876] FAST spr round 1 (radius: 5)
[02:37:36 -58878.124784] Model parameter optimization (eps = 1.000000)
[02:37:40 -58877.663599] SLOW spr round 1 (radius: 5)
[02:38:14 -58877.613031] SLOW spr round 2 (radius: 10)
[02:38:46 -58877.612895] SLOW spr round 3 (radius: 15)
[02:39:21 -58877.612894] SLOW spr round 4 (radius: 20)
[02:40:00 -58877.612894] SLOW spr round 5 (radius: 25)
[02:40:33 -58877.612894] Model parameter optimization (eps = 0.100000)

[02:40:46] ML tree search #17, logLikelihood: -58877.002234

[02:40:46 -233564.878502] Initial branch length optimization
[02:40:47 -62131.705293] Model parameter optimization (eps = 10.000000)
[02:41:06 -58884.189174] AUTODETECT spr round 1 (radius: 5)
[02:41:22 -58878.531659] AUTODETECT spr round 2 (radius: 10)
[02:41:44 -58878.493135] SPR radius for FAST iterations: 5 (autodetect)
[02:41:44 -58878.493135] Model parameter optimization (eps = 3.000000)
[02:41:47 -58877.265723] FAST spr round 1 (radius: 5)
[02:42:08 -58877.218074] Model parameter optimization (eps = 1.000000)
[02:42:12 -58876.735190] SLOW spr round 1 (radius: 5)
[02:42:44 -58876.695092] SLOW spr round 2 (radius: 10)
[02:43:18 -58876.692753] SLOW spr round 3 (radius: 15)
[02:43:54 -58876.692752] SLOW spr round 4 (radius: 20)
[02:44:32 -58876.692752] SLOW spr round 5 (radius: 25)
[02:45:05 -58876.692752] Model parameter optimization (eps = 0.100000)

[02:45:14] ML tree search #18, logLikelihood: -58876.241021



Final LogLikelihood: -58874.036259

AIC score: 119094.072518 / AICc score: 119125.936660 / BIC score: 124666.538529
Free parameters (model + branch lengths): 673

Best ML tree saved to: /home/hikoyu/analysis/Genome/SARS-CoV-2/phylogeny/RAxML-NG/DNA/part/3rd/SARS-CoV-2_200407.2.raxml.bestTree
All ML trees saved to: /home/hikoyu/analysis/Genome/SARS-CoV-2/phylogeny/RAxML-NG/DNA/part/3rd/SARS-CoV-2_200407.2.raxml.mlTrees
Optimized model saved to: /home/hikoyu/analysis/Genome/SARS-CoV-2/phylogeny/RAxML-NG/DNA/part/3rd/SARS-CoV-2_200407.2.raxml.bestModel

Execution log saved to: /home/hikoyu/analysis/Genome/SARS-CoV-2/phylogeny/RAxML-NG/DNA/part/3rd/SARS-CoV-2_200407.2.raxml.log

Analysis started: 09-Apr-2020 22:12:50 / finished: 10-Apr-2020 00:58:05

Elapsed time: 9915.019 seconds

