
RAxML-NG v. 0.9.0 released on 20.05.2019 by The Exelixis Lab.
Developed by: Alexey M. Kozlov and Alexandros Stamatakis.
Contributors: Diego Darriba, Tomas Flouri, Benoit Morel, Sarah Lutteropp, Ben Bettisworth.
Latest version: https://github.com/amkozlov/raxml-ng
Questions/problems/suggestions? Please visit: https://groups.google.com/forum/#!forum/raxml

RAxML-NG was called at 30-Mar-2020 06:07:17 as follows:

raxml-ng --threads 1 --bootstrap --bs-trees 84 --seed 381053651 --prefix phylogeny/RAxML-NG/DNA/part/3rd/SARS-CoV-2_200328.1 --msa phylogeny/RAxML-NG/DNA/part/3rd/SARS-CoV-2_200328.raxml.rba --outgroup MG772933.1

Analysis options:
  run mode: Bootstrapping
  start tree(s): 
  bootstrap replicates: 84
  random seed: 381053651
  tip-inner: OFF
  pattern compression: ON
  per-rate scalers: OFF
  site repeats: ON
  branch lengths: proportional (ML estimate, algorithm: NR-FAST)
  SIMD kernels: AVX2
  parallelization: NONE/sequential

[00:00:00] Loading binary alignment from file: phylogeny/RAxML-NG/DNA/part/3rd/SARS-CoV-2_200328.raxml.rba
[00:00:00] Alignment comprises 80 taxa, 22 partitions and 659 patterns

Partition 0: orf1ab_U
Model: TN93+FO+I+B
Alignment sites / patterns: 8810 / 93
Gaps: 0.10 %
Invariant sites: 95.89 %

Partition 1: orf1ab_U_p3
Model: TN93+FO+G4m+B
Alignment sites / patterns: 4405 / 91
Gaps: 0.10 %
Invariant sites: 73.83 %

Partition 2: orf1ab_D
Model: TN93+FO+I+B
Alignment sites / patterns: 5394 / 49
Gaps: 0.04 %
Invariant sites: 95.68 %

Partition 3: orf1ab_D_p3
Model: TPM3uf+FO+G4m+B
Alignment sites / patterns: 2697 / 59
Gaps: 0.04 %
Invariant sites: 62.51 %

Partition 4: S
Model: HKY+FO+G4m+B
Alignment sites / patterns: 2548 / 57
Gaps: 0.04 %
Invariant sites: 86.66 %

Partition 5: S_p3
Model: HKY+FO+I+B
Alignment sites / patterns: 1274 / 70
Gaps: 0.04 %
Invariant sites: 50.24 %

Partition 6: ORF3a
Model: JC+I+G4m+B
Alignment sites / patterns: 552 / 24
Gaps: 0.00 %
Invariant sites: 92.93 %

Partition 7: ORF3a_p3
Model: HKY+FO+I+B
Alignment sites / patterns: 276 / 22
Gaps: 0.00 %
Invariant sites: 70.65 %

Partition 8: E
Model: JC+B
Alignment sites / patterns: 152 / 6
Gaps: 0.00 %
Invariant sites: 98.68 %

Partition 9: E_p3
Model: JC+B
Alignment sites / patterns: 76 / 6
Gaps: 0.00 %
Invariant sites: 97.37 %

Partition 10: M
Model: JC+I+G4m+B
Alignment sites / patterns: 446 / 12
Gaps: 0.01 %
Invariant sites: 97.31 %

Partition 11: M_p3
Model: K80+I+B
Alignment sites / patterns: 223 / 28
Gaps: 0.01 %
Invariant sites: 78.03 %

Partition 12: ORF6
Model: JC+B
Alignment sites / patterns: 124 / 7
Gaps: 0.00 %
Invariant sites: 95.97 %

Partition 13: ORF6_p3
Model: JC+B
Alignment sites / patterns: 62 / 9
Gaps: 0.00 %
Invariant sites: 88.71 %

Partition 14: ORF7a
Model: K80+B
Alignment sites / patterns: 244 / 14
Gaps: 0.00 %
Invariant sites: 91.80 %

Partition 15: ORF7a_p3
Model: HKY+FO+I+B
Alignment sites / patterns: 122 / 16
Gaps: 0.00 %
Invariant sites: 78.69 %

Partition 16: ORF8
Model: K80+I+G4m+B
Alignment sites / patterns: 244 / 17
Gaps: 0.00 %
Invariant sites: 94.67 %

Partition 17: ORF8_p3
Model: HKY+FO+B
Alignment sites / patterns: 122 / 16
Gaps: 0.00 %
Invariant sites: 69.67 %

Partition 18: N
Model: HKY+FO+I+B
Alignment sites / patterns: 840 / 22
Gaps: 0.00 %
Invariant sites: 95.60 %

Partition 19: N_p3
Model: HKY+FO+G4m+B
Alignment sites / patterns: 420 / 30
Gaps: 0.00 %
Invariant sites: 76.67 %

Partition 20: ORF10
Model: JC+B
Alignment sites / patterns: 78 / 6
Gaps: 0.00 %
Invariant sites: 97.44 %

Partition 21: ORF10_p3
Model: JC+B
Alignment sites / patterns: 39 / 5
Gaps: 0.00 %
Invariant sites: 97.44 %


[00:00:00] Data distribution: max. partitions/sites/weight per thread: 22 / 659 / 6116
[00:00:00] Starting bootstrapping analysis with 84 replicates.

[00:00:49] Bootstrap tree #1, logLikelihood: -56683.079744
[00:01:33] Bootstrap tree #2, logLikelihood: -56696.080282
[00:02:30] Bootstrap tree #3, logLikelihood: -56356.395170
[00:03:23] Bootstrap tree #4, logLikelihood: -56790.393748
[00:05:05] Bootstrap tree #5, logLikelihood: -56531.132063
[00:05:52] Bootstrap tree #6, logLikelihood: -56660.592541
[00:07:06] Bootstrap tree #7, logLikelihood: -56320.013859
[00:07:57] Bootstrap tree #8, logLikelihood: -56575.574088
[00:08:50] Bootstrap tree #9, logLikelihood: -56566.817077
[00:09:34] Bootstrap tree #10, logLikelihood: -56673.801604
[00:10:19] Bootstrap tree #11, logLikelihood: -56744.403089
[00:11:13] Bootstrap tree #12, logLikelihood: -56074.133066
[00:12:21] Bootstrap tree #13, logLikelihood: -56027.770727
[00:13:09] Bootstrap tree #14, logLikelihood: -56672.805753
[00:13:55] Bootstrap tree #15, logLikelihood: -56319.616751
[00:14:48] Bootstrap tree #16, logLikelihood: -56523.462782
[00:16:06] Bootstrap tree #17, logLikelihood: -56901.351525
[00:16:52] Bootstrap tree #18, logLikelihood: -56929.286588
[00:17:36] Bootstrap tree #19, logLikelihood: -56681.346326
[00:18:25] Bootstrap tree #20, logLikelihood: -56518.425766
[00:19:19] Bootstrap tree #21, logLikelihood: -56489.798051
[00:20:09] Bootstrap tree #22, logLikelihood: -56253.927781
[00:20:58] Bootstrap tree #23, logLikelihood: -56282.655856
[00:21:44] Bootstrap tree #24, logLikelihood: -56452.529038
[00:22:25] Bootstrap tree #25, logLikelihood: -56357.200398
[00:23:08] Bootstrap tree #26, logLikelihood: -56152.429668
[00:23:58] Bootstrap tree #27, logLikelihood: -56592.767317
[00:24:49] Bootstrap tree #28, logLikelihood: -56972.649813
[00:25:34] Bootstrap tree #29, logLikelihood: -56843.801983
[00:26:20] Bootstrap tree #30, logLikelihood: -56301.214890
[00:27:03] Bootstrap tree #31, logLikelihood: -56800.523735
[00:27:41] Bootstrap tree #32, logLikelihood: -56586.110369
[00:28:25] Bootstrap tree #33, logLikelihood: -56638.565268
[00:29:14] Bootstrap tree #34, logLikelihood: -56360.119930
[00:30:22] Bootstrap tree #35, logLikelihood: -56513.055409
[00:31:11] Bootstrap tree #36, logLikelihood: -56628.929474
[00:31:57] Bootstrap tree #37, logLikelihood: -56455.236357
[00:32:44] Bootstrap tree #38, logLikelihood: -56675.954513
[00:33:31] Bootstrap tree #39, logLikelihood: -56385.881069
[00:34:17] Bootstrap tree #40, logLikelihood: -56687.120648
[00:35:29] Bootstrap tree #41, logLikelihood: -56762.626758
[00:36:16] Bootstrap tree #42, logLikelihood: -57498.020968
[00:37:07] Bootstrap tree #43, logLikelihood: -56894.847407
[00:37:59] Bootstrap tree #44, logLikelihood: -56641.759744
[00:38:46] Bootstrap tree #45, logLikelihood: -56506.116236
[00:39:34] Bootstrap tree #46, logLikelihood: -56630.073871
[00:40:24] Bootstrap tree #47, logLikelihood: -56779.824203
[00:41:37] Bootstrap tree #48, logLikelihood: -56783.147814
[00:42:28] Bootstrap tree #49, logLikelihood: -56788.571623
[00:43:30] Bootstrap tree #50, logLikelihood: -56913.780261
[00:44:20] Bootstrap tree #51, logLikelihood: -56923.365901
[00:45:13] Bootstrap tree #52, logLikelihood: -56591.136046
[00:46:03] Bootstrap tree #53, logLikelihood: -56942.992732
[00:46:55] Bootstrap tree #54, logLikelihood: -56386.845587
[00:47:46] Bootstrap tree #55, logLikelihood: -56443.118886
[00:48:51] Bootstrap tree #56, logLikelihood: -56359.264677
[00:49:42] Bootstrap tree #57, logLikelihood: -56673.845372
[00:50:30] Bootstrap tree #58, logLikelihood: -56479.368644
[00:51:28] Bootstrap tree #59, logLikelihood: -56464.407490
[00:52:33] Bootstrap tree #60, logLikelihood: -56560.785064
[00:53:18] Bootstrap tree #61, logLikelihood: -56516.573563
[00:54:35] Bootstrap tree #62, logLikelihood: -56580.073946
[00:55:29] Bootstrap tree #63, logLikelihood: -57056.433064
[00:56:41] Bootstrap tree #64, logLikelihood: -56840.992519
[00:57:33] Bootstrap tree #65, logLikelihood: -56692.499381
[00:58:14] Bootstrap tree #66, logLikelihood: -56790.722165
[00:59:07] Bootstrap tree #67, logLikelihood: -56866.761016
[00:59:54] Bootstrap tree #68, logLikelihood: -57035.782072
[01:00:52] Bootstrap tree #69, logLikelihood: -56535.234454
[01:02:06] Bootstrap tree #70, logLikelihood: -56393.007198
[01:02:58] Bootstrap tree #71, logLikelihood: -56766.618148
[01:03:46] Bootstrap tree #72, logLikelihood: -56490.127520
[01:04:43] Bootstrap tree #73, logLikelihood: -56798.887946
[01:05:36] Bootstrap tree #74, logLikelihood: -56899.254858
[01:06:44] Bootstrap tree #75, logLikelihood: -56585.832366
[01:07:40] Bootstrap tree #76, logLikelihood: -56680.845070
[01:08:36] Bootstrap tree #77, logLikelihood: -57061.688026
[01:09:19] Bootstrap tree #78, logLikelihood: -56621.100678
[01:10:14] Bootstrap tree #79, logLikelihood: -56621.817436
[01:11:14] Bootstrap tree #80, logLikelihood: -56538.890558
[01:12:04] Bootstrap tree #81, logLikelihood: -56768.120589
[01:13:26] Bootstrap tree #82, logLikelihood: -56303.252087
[01:14:19] Bootstrap tree #83, logLikelihood: -56690.554710
[01:15:12] Bootstrap tree #84, logLikelihood: -56677.740852

Bootstrap trees saved to: /home/hikoyu/analysis/Genome/SARS-CoV-2/phylogeny/RAxML-NG/DNA/part/3rd/SARS-CoV-2_200328.1.raxml.bootstraps

Execution log saved to: /home/hikoyu/analysis/Genome/SARS-CoV-2/phylogeny/RAxML-NG/DNA/part/3rd/SARS-CoV-2_200328.1.raxml.log

Analysis started: 30-Mar-2020 06:07:17 / finished: 30-Mar-2020 07:22:30

Elapsed time: 4512.938 seconds

