
RAxML-NG v. 0.9.0 released on 20.05.2019 by The Exelixis Lab.
Developed by: Alexey M. Kozlov and Alexandros Stamatakis.
Contributors: Diego Darriba, Tomas Flouri, Benoit Morel, Sarah Lutteropp, Ben Bettisworth.
Latest version: https://github.com/amkozlov/raxml-ng
Questions/problems/suggestions? Please visit: https://groups.google.com/forum/#!forum/raxml

RAxML-NG was called at 01-Apr-2020 11:33:38 as follows:

raxml-ng --threads 1 --search --tree rand{9},pars{9} --seed 3176820718 --prefix phylogeny/RAxML-NG/DNA/part/3rd/SARS-CoV-2_200331.0 --msa phylogeny/RAxML-NG/DNA/part/3rd/SARS-CoV-2_200331.raxml.rba --outgroup MG772933.1

Analysis options:
  run mode: ML tree search
  start tree(s): random (9) + parsimony (9)
  random seed: 3176820718
  tip-inner: OFF
  pattern compression: ON
  per-rate scalers: OFF
  site repeats: ON
  fast spr radius: AUTO
  spr subtree cutoff: 1.000000
  branch lengths: proportional (ML estimate, algorithm: NR-FAST)
  SIMD kernels: AVX2
  parallelization: NONE/sequential

[00:00:00] Loading binary alignment from file: phylogeny/RAxML-NG/DNA/part/3rd/SARS-CoV-2_200331.raxml.rba
[00:00:00] Alignment comprises 117 taxa, 22 partitions and 707 patterns

Partition 0: orf1ab_U
Model: TIM2+I+B
Alignment sites / patterns: 8810 / 107
Gaps: 0.10 %
Invariant sites: 95.74 %

Partition 1: orf1ab_U_p3
Model: TN93+FO+I+G4m+B
Alignment sites / patterns: 4405 / 99
Gaps: 0.10 %
Invariant sites: 73.71 %

Partition 2: orf1ab_D
Model: TN93+FO+I+G4m+B
Alignment sites / patterns: 5394 / 56
Gaps: 0.04 %
Invariant sites: 95.57 %

Partition 3: orf1ab_D_p3
Model: TN93+FO+I+G4m+B
Alignment sites / patterns: 2697 / 62
Gaps: 0.04 %
Invariant sites: 62.48 %

Partition 4: S
Model: HKY+FO+I+G4m+B
Alignment sites / patterns: 2548 / 59
Gaps: 0.03 %
Invariant sites: 86.62 %

Partition 5: S_p3
Model: HKY+FO+I+B
Alignment sites / patterns: 1274 / 71
Gaps: 0.03 %
Invariant sites: 50.24 %

Partition 6: ORF3a
Model: JC+I+G4m+B
Alignment sites / patterns: 552 / 24
Gaps: 0.00 %
Invariant sites: 92.93 %

Partition 7: ORF3a_p3
Model: TPM3uf+FO+G4m+B
Alignment sites / patterns: 276 / 24
Gaps: 0.00 %
Invariant sites: 70.65 %

Partition 8: E
Model: JC+B
Alignment sites / patterns: 152 / 6
Gaps: 0.00 %
Invariant sites: 98.68 %

Partition 9: E_p3
Model: JC+B
Alignment sites / patterns: 76 / 6
Gaps: 0.00 %
Invariant sites: 97.37 %

Partition 10: M
Model: K80+I+B
Alignment sites / patterns: 446 / 13
Gaps: 0.00 %
Invariant sites: 97.09 %

Partition 11: M_p3
Model: K80+I+B
Alignment sites / patterns: 223 / 28
Gaps: 0.00 %
Invariant sites: 78.03 %

Partition 12: ORF6
Model: JC+B
Alignment sites / patterns: 124 / 8
Gaps: 0.00 %
Invariant sites: 95.16 %

Partition 13: ORF6_p3
Model: TN93ef+B
Alignment sites / patterns: 62 / 12
Gaps: 0.00 %
Invariant sites: 83.87 %

Partition 14: ORF7a
Model: K80+B
Alignment sites / patterns: 244 / 14
Gaps: 0.00 %
Invariant sites: 91.80 %

Partition 15: ORF7a_p3
Model: HKY+FO+I+B
Alignment sites / patterns: 122 / 17
Gaps: 0.00 %
Invariant sites: 77.87 %

Partition 16: ORF8
Model: TN93ef+I+G4m+B
Alignment sites / patterns: 244 / 18
Gaps: 0.00 %
Invariant sites: 94.26 %

Partition 17: ORF8_p3
Model: HKY+FO+B
Alignment sites / patterns: 122 / 16
Gaps: 0.00 %
Invariant sites: 69.67 %

Partition 18: N
Model: HKY+FO+I+B
Alignment sites / patterns: 840 / 24
Gaps: 0.00 %
Invariant sites: 95.36 %

Partition 19: N_p3
Model: HKY+FO+G4m+B
Alignment sites / patterns: 420 / 32
Gaps: 0.00 %
Invariant sites: 76.19 %

Partition 20: ORF10
Model: JC+B
Alignment sites / patterns: 78 / 6
Gaps: 0.00 %
Invariant sites: 97.44 %

Partition 21: ORF10_p3
Model: JC+B
Alignment sites / patterns: 39 / 5
Gaps: 0.00 %
Invariant sites: 97.44 %


[00:00:00] Generating 9 random starting tree(s) with 117 taxa
[00:00:00] Generating 9 parsimony starting tree(s) with 117 taxa
[00:00:00] Data distribution: max. partitions/sites/weight per thread: 22 / 707 / 7316

Starting ML tree search with 18 distinct starting trees

[00:00:00 -165481.288382] Initial branch length optimization
[00:00:00 -63213.925760] Model parameter optimization (eps = 10.000000)
[00:00:10 -59297.726427] AUTODETECT spr round 1 (radius: 5)
[00:00:13 -58341.147724] AUTODETECT spr round 2 (radius: 10)
[00:00:17 -57869.647901] AUTODETECT spr round 3 (radius: 15)
[00:00:22 -57701.371504] AUTODETECT spr round 4 (radius: 20)
[00:00:26 -57683.853993] AUTODETECT spr round 5 (radius: 25)
[00:00:29 -57683.853837] SPR radius for FAST iterations: 20 (autodetect)
[00:00:29 -57683.853837] Model parameter optimization (eps = 3.000000)
[00:00:41 -57550.115499] FAST spr round 1 (radius: 20)
[00:00:52 -57446.855336] FAST spr round 2 (radius: 20)
[00:00:59 -57445.837434] FAST spr round 3 (radius: 20)
[00:01:04 -57445.833669] Model parameter optimization (eps = 1.000000)
[00:01:06 -57444.278353] SLOW spr round 1 (radius: 5)
[00:01:14 -57444.260778] SLOW spr round 2 (radius: 10)
[00:01:23 -57444.260758] SLOW spr round 3 (radius: 15)
[00:01:30 -57444.260757] SLOW spr round 4 (radius: 20)
[00:01:38 -57444.260757] SLOW spr round 5 (radius: 25)
[00:01:44 -57444.260757] Model parameter optimization (eps = 0.100000)

[00:01:47] ML tree search #1, logLikelihood: -57443.990912

[00:01:47 -165437.416553] Initial branch length optimization
[00:01:47 -63103.333139] Model parameter optimization (eps = 10.000000)
[00:01:55 -59237.231564] AUTODETECT spr round 1 (radius: 5)
[00:01:57 -58439.978326] AUTODETECT spr round 2 (radius: 10)
[00:02:02 -57903.076186] AUTODETECT spr round 3 (radius: 15)
[00:02:07 -57709.759764] AUTODETECT spr round 4 (radius: 20)
[00:02:12 -57709.759161] SPR radius for FAST iterations: 15 (autodetect)
[00:02:12 -57709.759161] Model parameter optimization (eps = 3.000000)
[00:02:24 -57600.251463] FAST spr round 1 (radius: 15)
[00:02:33 -57448.919113] FAST spr round 2 (radius: 15)
[00:02:39 -57448.916448] Model parameter optimization (eps = 1.000000)
[00:02:43 -57444.912879] SLOW spr round 1 (radius: 5)
[00:02:51 -57444.885914] SLOW spr round 2 (radius: 10)
[00:02:59 -57444.208273] SLOW spr round 3 (radius: 5)
[00:03:07 -57444.203986] SLOW spr round 4 (radius: 10)
[00:03:17 -57444.115253] SLOW spr round 5 (radius: 15)
[00:03:26 -57444.110690] SLOW spr round 6 (radius: 20)
[00:03:35 -57444.110678] SLOW spr round 7 (radius: 25)
[00:03:42 -57444.110677] Model parameter optimization (eps = 0.100000)

[00:03:44] ML tree search #2, logLikelihood: -57443.616412

[00:03:44 -165448.842810] Initial branch length optimization
[00:03:44 -63133.832341] Model parameter optimization (eps = 10.000000)
[00:03:53 -59258.180878] AUTODETECT spr round 1 (radius: 5)
[00:03:56 -58416.034268] AUTODETECT spr round 2 (radius: 10)
[00:04:00 -57921.171962] AUTODETECT spr round 3 (radius: 15)
[00:04:05 -57810.526806] AUTODETECT spr round 4 (radius: 20)
[00:04:09 -57769.922118] AUTODETECT spr round 5 (radius: 25)
[00:04:13 -57769.905333] SPR radius for FAST iterations: 20 (autodetect)
[00:04:13 -57769.905333] Model parameter optimization (eps = 3.000000)
[00:04:23 -57656.160082] FAST spr round 1 (radius: 20)
[00:04:34 -57453.678634] FAST spr round 2 (radius: 20)
[00:04:41 -57453.667653] Model parameter optimization (eps = 1.000000)
[00:04:47 -57443.869785] SLOW spr round 1 (radius: 5)
[00:04:55 -57443.864268] SLOW spr round 2 (radius: 10)
[00:05:04 -57443.850016] SLOW spr round 3 (radius: 15)
[00:05:13 -57443.850015] SLOW spr round 4 (radius: 20)
[00:05:21 -57443.850015] SLOW spr round 5 (radius: 25)
[00:05:29 -57443.850015] Model parameter optimization (eps = 0.100000)

[00:05:31] ML tree search #3, logLikelihood: -57443.640699

[00:05:31 -165494.181585] Initial branch length optimization
[00:05:31 -63241.310683] Model parameter optimization (eps = 10.000000)
[00:05:39 -59322.160472] AUTODETECT spr round 1 (radius: 5)
[00:05:42 -58317.147099] AUTODETECT spr round 2 (radius: 10)
[00:05:46 -57909.859564] AUTODETECT spr round 3 (radius: 15)
[00:05:52 -57704.559503] AUTODETECT spr round 4 (radius: 20)
[00:05:57 -57704.519311] SPR radius for FAST iterations: 15 (autodetect)
[00:05:57 -57704.519311] Model parameter optimization (eps = 3.000000)
[00:06:10 -57571.697976] FAST spr round 1 (radius: 15)
[00:06:19 -57447.167295] FAST spr round 2 (radius: 15)
[00:06:26 -57446.681125] FAST spr round 3 (radius: 15)
[00:06:31 -57446.677233] Model parameter optimization (eps = 1.000000)
[00:06:34 -57444.180949] SLOW spr round 1 (radius: 5)
[00:06:42 -57444.169405] SLOW spr round 2 (radius: 10)
[00:06:50 -57444.169345] SLOW spr round 3 (radius: 15)
[00:06:59 -57444.169341] SLOW spr round 4 (radius: 20)
[00:07:08 -57444.169341] SLOW spr round 5 (radius: 25)
[00:07:15 -57444.169341] Model parameter optimization (eps = 0.100000)

[00:07:16] ML tree search #4, logLikelihood: -57443.982942

[00:07:17 -165464.309243] Initial branch length optimization
[00:07:17 -63156.340158] Model parameter optimization (eps = 10.000000)
[00:07:26 -59254.443790] AUTODETECT spr round 1 (radius: 5)
[00:07:29 -58414.668535] AUTODETECT spr round 2 (radius: 10)
[00:07:33 -58069.747790] AUTODETECT spr round 3 (radius: 15)
[00:07:37 -57909.999259] AUTODETECT spr round 4 (radius: 20)
[00:07:43 -57796.606791] AUTODETECT spr round 5 (radius: 25)
[00:07:46 -57796.588484] SPR radius for FAST iterations: 20 (autodetect)
[00:07:46 -57796.588484] Model parameter optimization (eps = 3.000000)
[00:07:58 -57678.194612] FAST spr round 1 (radius: 20)
[00:08:09 -57452.457634] FAST spr round 2 (radius: 20)
[00:08:15 -57451.951176] FAST spr round 3 (radius: 20)
[00:08:20 -57451.948004] Model parameter optimization (eps = 1.000000)
[00:08:24 -57446.050316] SLOW spr round 1 (radius: 5)
[00:08:33 -57446.038467] SLOW spr round 2 (radius: 10)
[00:08:41 -57446.038467] SLOW spr round 3 (radius: 15)
[00:08:49 -57446.038467] SLOW spr round 4 (radius: 20)
[00:08:58 -57446.038467] SLOW spr round 5 (radius: 25)
[00:09:07 -57446.038467] Model parameter optimization (eps = 0.100000)

[00:09:08] ML tree search #5, logLikelihood: -57445.950846

[00:09:08 -165445.678313] Initial branch length optimization
[00:09:08 -63104.847719] Model parameter optimization (eps = 10.000000)
[00:09:16 -59240.272368] AUTODETECT spr round 1 (radius: 5)
[00:09:19 -58509.853402] AUTODETECT spr round 2 (radius: 10)
[00:09:23 -57895.984823] AUTODETECT spr round 3 (radius: 15)
[00:09:27 -57702.650117] AUTODETECT spr round 4 (radius: 20)
[00:09:32 -57701.114764] AUTODETECT spr round 5 (radius: 25)
[00:09:36 -57701.114027] SPR radius for FAST iterations: 20 (autodetect)
[00:09:36 -57701.114027] Model parameter optimization (eps = 3.000000)
[00:09:42 -57624.681301] FAST spr round 1 (radius: 20)
[00:09:53 -57478.101793] FAST spr round 2 (radius: 20)
[00:10:02 -57478.086251] Model parameter optimization (eps = 1.000000)
[00:10:10 -57444.705542] SLOW spr round 1 (radius: 5)
[00:10:19 -57444.697987] SLOW spr round 2 (radius: 10)
[00:10:29 -57444.697987] SLOW spr round 3 (radius: 15)
[00:10:37 -57444.697987] SLOW spr round 4 (radius: 20)
[00:10:46 -57444.533053] SLOW spr round 5 (radius: 5)
[00:10:56 -57444.528877] SLOW spr round 6 (radius: 10)
[00:11:07 -57444.528868] SLOW spr round 7 (radius: 15)
[00:11:15 -57444.528867] SLOW spr round 8 (radius: 20)
[00:11:24 -57444.528867] SLOW spr round 9 (radius: 25)
[00:11:30 -57444.528867] Model parameter optimization (eps = 0.100000)

[00:11:34] ML tree search #6, logLikelihood: -57443.657810

[00:11:34 -165466.954274] Initial branch length optimization
[00:11:34 -63206.839941] Model parameter optimization (eps = 10.000000)
[00:11:42 -59291.472698] AUTODETECT spr round 1 (radius: 5)
[00:11:45 -58334.038726] AUTODETECT spr round 2 (radius: 10)
[00:11:50 -57811.722811] AUTODETECT spr round 3 (radius: 15)
[00:11:55 -57726.657485] AUTODETECT spr round 4 (radius: 20)
[00:11:59 -57726.657029] SPR radius for FAST iterations: 15 (autodetect)
[00:11:59 -57726.657029] Model parameter optimization (eps = 3.000000)
[00:12:07 -57635.444655] FAST spr round 1 (radius: 15)
[00:12:17 -57476.839680] FAST spr round 2 (radius: 15)
[00:12:23 -57476.829547] Model parameter optimization (eps = 1.000000)
[00:12:32 -57445.332741] SLOW spr round 1 (radius: 5)
[00:12:41 -57444.771671] SLOW spr round 2 (radius: 5)
[00:12:48 -57444.767146] SLOW spr round 3 (radius: 10)
[00:12:58 -57444.553562] SLOW spr round 4 (radius: 5)
[00:13:06 -57444.549151] SLOW spr round 5 (radius: 10)
[00:13:16 -57444.549139] SLOW spr round 6 (radius: 15)
[00:13:23 -57444.549139] SLOW spr round 7 (radius: 20)
[00:13:32 -57444.549139] SLOW spr round 8 (radius: 25)
[00:13:41 -57444.549139] Model parameter optimization (eps = 0.100000)

[00:13:45] ML tree search #7, logLikelihood: -57443.649282

[00:13:45 -165436.261791] Initial branch length optimization
[00:13:45 -63117.279587] Model parameter optimization (eps = 10.000000)
[00:13:54 -59250.638860] AUTODETECT spr round 1 (radius: 5)
[00:13:57 -58447.821722] AUTODETECT spr round 2 (radius: 10)
[00:14:02 -57818.444663] AUTODETECT spr round 3 (radius: 15)
[00:14:07 -57730.868437] AUTODETECT spr round 4 (radius: 20)
[00:14:11 -57730.228560] AUTODETECT spr round 5 (radius: 25)
[00:14:14 -57730.226294] SPR radius for FAST iterations: 20 (autodetect)
[00:14:14 -57730.226294] Model parameter optimization (eps = 3.000000)
[00:14:25 -57613.961113] FAST spr round 1 (radius: 20)
[00:14:36 -57449.433175] FAST spr round 2 (radius: 20)
[00:14:44 -57449.427987] Model parameter optimization (eps = 1.000000)
[00:14:48 -57444.926913] SLOW spr round 1 (radius: 5)
[00:14:56 -57444.905799] SLOW spr round 2 (radius: 10)
[00:15:08 -57444.905797] SLOW spr round 3 (radius: 15)
[00:15:17 -57444.891543] SLOW spr round 4 (radius: 20)
[00:15:24 -57444.891543] SLOW spr round 5 (radius: 25)
[00:15:29 -57444.891543] Model parameter optimization (eps = 0.100000)

[00:15:30] ML tree search #8, logLikelihood: -57444.791875

[00:15:30 -165461.742299] Initial branch length optimization
[00:15:30 -63143.621424] Model parameter optimization (eps = 10.000000)
[00:15:40 -59253.555177] AUTODETECT spr round 1 (radius: 5)
[00:15:43 -58481.255586] AUTODETECT spr round 2 (radius: 10)
[00:15:47 -58126.464534] AUTODETECT spr round 3 (radius: 15)
[00:15:52 -57836.567049] AUTODETECT spr round 4 (radius: 20)
[00:15:57 -57790.252842] AUTODETECT spr round 5 (radius: 25)
[00:16:00 -57751.771504] SPR radius for FAST iterations: 25 (autodetect)
[00:16:00 -57751.771504] Model parameter optimization (eps = 3.000000)
[00:16:08 -57654.081954] FAST spr round 1 (radius: 25)
[00:16:21 -57463.696642] FAST spr round 2 (radius: 25)
[00:16:29 -57462.190334] FAST spr round 3 (radius: 25)
[00:16:34 -57462.188443] Model parameter optimization (eps = 1.000000)
[00:16:41 -57445.057765] SLOW spr round 1 (radius: 5)
[00:16:50 -57445.044657] SLOW spr round 2 (radius: 10)
[00:16:58 -57444.379159] SLOW spr round 3 (radius: 5)
[00:17:07 -57444.374776] SLOW spr round 4 (radius: 10)
[00:17:16 -57444.374755] SLOW spr round 5 (radius: 15)
[00:17:25 -57444.374369] SLOW spr round 6 (radius: 20)
[00:17:31 -57444.374369] SLOW spr round 7 (radius: 25)
[00:17:40 -57444.374369] Model parameter optimization (eps = 0.100000)

[00:17:43] ML tree search #9, logLikelihood: -57443.954337

[00:17:43 -162265.242785] Initial branch length optimization
[00:17:43 -60507.332231] Model parameter optimization (eps = 10.000000)
[00:17:48 -57470.053192] AUTODETECT spr round 1 (radius: 5)
[00:17:50 -57467.259508] AUTODETECT spr round 2 (radius: 10)
[00:17:54 -57458.551306] AUTODETECT spr round 3 (radius: 15)
[00:17:59 -57458.551305] SPR radius for FAST iterations: 10 (autodetect)
[00:17:59 -57458.551305] Model parameter optimization (eps = 3.000000)
[00:18:01 -57453.222348] FAST spr round 1 (radius: 10)
[00:18:07 -57453.164863] Model parameter optimization (eps = 1.000000)
[00:18:10 -57449.656677] SLOW spr round 1 (radius: 5)
[00:18:19 -57449.602655] SLOW spr round 2 (radius: 10)
[00:18:29 -57449.602309] SLOW spr round 3 (radius: 15)
[00:18:37 -57449.602309] SLOW spr round 4 (radius: 20)
[00:18:45 -57449.602309] SLOW spr round 5 (radius: 25)
[00:18:53 -57449.602309] Model parameter optimization (eps = 0.100000)

[00:19:02] ML tree search #10, logLikelihood: -57446.656050

[00:19:02 -162262.463110] Initial branch length optimization
[00:19:03 -60494.931384] Model parameter optimization (eps = 10.000000)
[00:19:08 -57460.691435] AUTODETECT spr round 1 (radius: 5)
[00:19:11 -57458.427475] AUTODETECT spr round 2 (radius: 10)
[00:19:15 -57458.424750] SPR radius for FAST iterations: 5 (autodetect)
[00:19:15 -57458.424750] Model parameter optimization (eps = 3.000000)
[00:19:17 -57453.152007] FAST spr round 1 (radius: 5)
[00:19:22 -57453.099711] Model parameter optimization (eps = 1.000000)
[00:19:25 -57449.474258] SLOW spr round 1 (radius: 5)
[00:19:34 -57449.419859] SLOW spr round 2 (radius: 10)
[00:19:43 -57449.418175] SLOW spr round 3 (radius: 15)
[00:19:50 -57449.418175] SLOW spr round 4 (radius: 20)
[00:19:57 -57449.418175] SLOW spr round 5 (radius: 25)
[00:20:05 -57449.418175] Model parameter optimization (eps = 0.100000)

[00:20:14] ML tree search #11, logLikelihood: -57446.282447

[00:20:14 -162257.990799] Initial branch length optimization
[00:20:14 -60498.213529] Model parameter optimization (eps = 10.000000)
[00:20:20 -57462.475949] AUTODETECT spr round 1 (radius: 5)
[00:20:22 -57458.526969] AUTODETECT spr round 2 (radius: 10)
[00:20:27 -57458.517461] SPR radius for FAST iterations: 5 (autodetect)
[00:20:27 -57458.517461] Model parameter optimization (eps = 3.000000)
[00:20:29 -57453.287708] FAST spr round 1 (radius: 5)
[00:20:33 -57453.232575] Model parameter optimization (eps = 1.000000)
[00:20:36 -57449.720572] SLOW spr round 1 (radius: 5)
[00:20:45 -57449.673715] SLOW spr round 2 (radius: 10)
[00:20:54 -57449.671007] SLOW spr round 3 (radius: 15)
[00:21:01 -57449.671005] SLOW spr round 4 (radius: 20)
[00:21:08 -57449.671004] SLOW spr round 5 (radius: 25)
[00:21:14 -57449.671004] Model parameter optimization (eps = 0.100000)

[00:21:24] ML tree search #12, logLikelihood: -57446.664271

[00:21:24 -162255.855225] Initial branch length optimization
[00:21:24 -60496.841558] Model parameter optimization (eps = 10.000000)
[00:21:29 -57461.685625] AUTODETECT spr round 1 (radius: 5)
[00:21:32 -57460.260172] AUTODETECT spr round 2 (radius: 10)
[00:21:36 -57458.876838] AUTODETECT spr round 3 (radius: 15)
[00:21:40 -57458.876838] SPR radius for FAST iterations: 10 (autodetect)
[00:21:40 -57458.876838] Model parameter optimization (eps = 3.000000)
[00:21:43 -57453.422222] FAST spr round 1 (radius: 10)
[00:21:49 -57453.347347] Model parameter optimization (eps = 1.000000)
[00:21:53 -57449.754787] SLOW spr round 1 (radius: 5)
[00:22:02 -57449.709607] SLOW spr round 2 (radius: 10)
[00:22:14 -57449.707386] SLOW spr round 3 (radius: 15)
[00:22:22 -57449.707384] SLOW spr round 4 (radius: 20)
[00:22:29 -57449.707384] SLOW spr round 5 (radius: 25)
[00:22:36 -57449.707384] Model parameter optimization (eps = 0.100000)

[00:22:46] ML tree search #13, logLikelihood: -57446.656274

[00:22:46 -162257.099480] Initial branch length optimization
[00:22:46 -60492.222880] Model parameter optimization (eps = 10.000000)
[00:22:50 -57460.301765] AUTODETECT spr round 1 (radius: 5)
[00:22:53 -57458.736474] AUTODETECT spr round 2 (radius: 10)
[00:22:57 -57458.735370] SPR radius for FAST iterations: 5 (autodetect)
[00:22:57 -57458.735370] Model parameter optimization (eps = 3.000000)
[00:23:00 -57453.389784] FAST spr round 1 (radius: 5)
[00:23:04 -57453.337091] Model parameter optimization (eps = 1.000000)
[00:23:07 -57449.778596] SLOW spr round 1 (radius: 5)
[00:23:15 -57449.731172] SLOW spr round 2 (radius: 10)
[00:23:25 -57449.715609] SLOW spr round 3 (radius: 15)
[00:23:32 -57449.715607] SLOW spr round 4 (radius: 20)
[00:23:39 -57449.715607] SLOW spr round 5 (radius: 25)
[00:23:48 -57449.715607] Model parameter optimization (eps = 0.100000)

[00:23:57] ML tree search #14, logLikelihood: -57446.656663

[00:23:57 -162264.565209] Initial branch length optimization
[00:23:57 -60514.710429] Model parameter optimization (eps = 10.000000)
[00:24:03 -57477.928648] AUTODETECT spr round 1 (radius: 5)
[00:24:05 -57466.608227] AUTODETECT spr round 2 (radius: 10)
[00:24:09 -57466.593386] SPR radius for FAST iterations: 5 (autodetect)
[00:24:09 -57466.593386] Model parameter optimization (eps = 3.000000)
[00:24:11 -57461.259419] FAST spr round 1 (radius: 5)
[00:24:15 -57461.206230] Model parameter optimization (eps = 1.000000)
[00:24:19 -57457.660808] SLOW spr round 1 (radius: 5)
[00:24:27 -57457.614219] SLOW spr round 2 (radius: 10)
[00:24:36 -57457.611572] SLOW spr round 3 (radius: 15)
[00:24:44 -57449.584486] SLOW spr round 4 (radius: 5)
[00:24:54 -57449.578621] SLOW spr round 5 (radius: 10)
[00:25:03 -57449.578605] SLOW spr round 6 (radius: 15)
[00:25:10 -57449.578604] SLOW spr round 7 (radius: 20)
[00:25:16 -57449.578604] SLOW spr round 8 (radius: 25)
[00:25:23 -57449.578604] Model parameter optimization (eps = 0.100000)

[00:25:33] ML tree search #15, logLikelihood: -57446.635224

[00:25:33 -162260.442936] Initial branch length optimization
[00:25:33 -60507.800311] Model parameter optimization (eps = 10.000000)
[00:25:38 -57470.796026] AUTODETECT spr round 1 (radius: 5)
[00:25:41 -57458.726486] AUTODETECT spr round 2 (radius: 10)
[00:25:45 -57458.725638] SPR radius for FAST iterations: 5 (autodetect)
[00:25:45 -57458.725638] Model parameter optimization (eps = 3.000000)
[00:25:48 -57453.325751] FAST spr round 1 (radius: 5)
[00:25:52 -57453.265370] Model parameter optimization (eps = 1.000000)
[00:25:55 -57449.696309] SLOW spr round 1 (radius: 5)
[00:26:03 -57449.636807] SLOW spr round 2 (radius: 10)
[00:26:12 -57449.635293] SLOW spr round 3 (radius: 15)
[00:26:20 -57449.635291] SLOW spr round 4 (radius: 20)
[00:26:28 -57449.635291] SLOW spr round 5 (radius: 25)
[00:26:33 -57449.635291] Model parameter optimization (eps = 0.100000)

[00:26:43] ML tree search #16, logLikelihood: -57446.647775

[00:26:43 -162257.090513] Initial branch length optimization
[00:26:43 -60492.669415] Model parameter optimization (eps = 10.000000)
[00:26:48 -57460.329424] AUTODETECT spr round 1 (radius: 5)
[00:26:50 -57460.206320] AUTODETECT spr round 2 (radius: 10)
[00:26:54 -57458.938044] AUTODETECT spr round 3 (radius: 15)
[00:26:58 -57458.923673] SPR radius for FAST iterations: 10 (autodetect)
[00:26:58 -57458.923673] Model parameter optimization (eps = 3.000000)
[00:27:01 -57453.294458] FAST spr round 1 (radius: 10)
[00:27:07 -57453.240074] Model parameter optimization (eps = 1.000000)
[00:27:11 -57449.506055] SLOW spr round 1 (radius: 5)
[00:27:20 -57449.454112] SLOW spr round 2 (radius: 10)
[00:27:30 -57449.451978] SLOW spr round 3 (radius: 15)
[00:27:38 -57449.451655] SLOW spr round 4 (radius: 20)
[00:27:47 -57449.451655] SLOW spr round 5 (radius: 25)
[00:27:53 -57449.451655] Model parameter optimization (eps = 0.100000)

[00:28:02] ML tree search #17, logLikelihood: -57446.273927

[00:28:02 -162264.439694] Initial branch length optimization
[00:28:02 -60509.192851] Model parameter optimization (eps = 10.000000)
[00:28:07 -57471.161093] AUTODETECT spr round 1 (radius: 5)
[00:28:10 -57458.620645] AUTODETECT spr round 2 (radius: 10)
[00:28:13 -57458.619796] SPR radius for FAST iterations: 5 (autodetect)
[00:28:13 -57458.619796] Model parameter optimization (eps = 3.000000)
[00:28:16 -57453.278316] FAST spr round 1 (radius: 5)
[00:28:21 -57453.221916] Model parameter optimization (eps = 1.000000)
[00:28:24 -57449.708260] SLOW spr round 1 (radius: 5)
[00:28:32 -57449.660962] SLOW spr round 2 (radius: 10)
[00:28:41 -57449.657620] SLOW spr round 3 (radius: 15)
[00:28:48 -57449.657617] SLOW spr round 4 (radius: 20)
[00:28:56 -57449.643291] SLOW spr round 5 (radius: 25)
[00:29:01 -57449.643291] Model parameter optimization (eps = 0.100000)

[00:29:12] ML tree search #18, logLikelihood: -57446.647439



Final LogLikelihood: -57443.616412

AIC score: 115539.232823 / AICc score: 115546.630346 / BIC score: 118238.558978
Free parameters (model + branch lengths): 326

Best ML tree saved to: /home/hikoyu/analysis/Genome/SARS-CoV-2/phylogeny/RAxML-NG/DNA/part/3rd/SARS-CoV-2_200331.0.raxml.bestTree
All ML trees saved to: /home/hikoyu/analysis/Genome/SARS-CoV-2/phylogeny/RAxML-NG/DNA/part/3rd/SARS-CoV-2_200331.0.raxml.mlTrees
Optimized model saved to: /home/hikoyu/analysis/Genome/SARS-CoV-2/phylogeny/RAxML-NG/DNA/part/3rd/SARS-CoV-2_200331.0.raxml.bestModel

Execution log saved to: /home/hikoyu/analysis/Genome/SARS-CoV-2/phylogeny/RAxML-NG/DNA/part/3rd/SARS-CoV-2_200331.0.raxml.log

Analysis started: 01-Apr-2020 11:33:38 / finished: 01-Apr-2020 12:02:51

Elapsed time: 1752.349 seconds

