
RAxML-NG v. 0.9.0 released on 20.05.2019 by The Exelixis Lab.
Developed by: Alexey M. Kozlov and Alexandros Stamatakis.
Contributors: Diego Darriba, Tomas Flouri, Benoit Morel, Sarah Lutteropp, Ben Bettisworth.
Latest version: https://github.com/amkozlov/raxml-ng
Questions/problems/suggestions? Please visit: https://groups.google.com/forum/#!forum/raxml

RAxML-NG was called at 19-Mar-2020 08:20:11 as follows:

raxml-ng --threads 1 --bootstrap --bs-trees 83 --seed 4127175179 --prefix phylogeny/RAxML-NG/DNA/part/3rd/SARS-CoV-2_200318.6 --msa phylogeny/RAxML-NG/DNA/part/3rd/SARS-CoV-2_200318.raxml.rba --outgroup MG772933.1

Analysis options:
  run mode: Bootstrapping
  start tree(s): 
  bootstrap replicates: 83
  random seed: 4127175179
  tip-inner: OFF
  pattern compression: ON
  per-rate scalers: OFF
  site repeats: ON
  branch lengths: proportional (ML estimate, algorithm: NR-FAST)
  SIMD kernels: AVX2
  parallelization: NONE/sequential

[00:00:00] Loading binary alignment from file: phylogeny/RAxML-NG/DNA/part/3rd/SARS-CoV-2_200318.raxml.rba
[00:00:00] Alignment comprises 74 taxa, 22 partitions and 638 patterns

Partition 0: orf1ab_U
Model: TIM2+I+B
Alignment sites / patterns: 8810 / 86
Gaps: 0.10 %
Invariant sites: 96.06 %

Partition 1: orf1ab_U_p3
Model: TN93+FO+G4m+B
Alignment sites / patterns: 4405 / 84
Gaps: 0.10 %
Invariant sites: 73.94 %

Partition 2: orf1ab_D
Model: TN93+FO+I+G4m+B
Alignment sites / patterns: 5394 / 47
Gaps: 0.04 %
Invariant sites: 95.74 %

Partition 3: orf1ab_D_p3
Model: TPM3uf+FO+G4m+B
Alignment sites / patterns: 2697 / 59
Gaps: 0.04 %
Invariant sites: 62.51 %

Partition 4: S
Model: HKY+FO+G4m+B
Alignment sites / patterns: 2548 / 56
Gaps: 0.05 %
Invariant sites: 86.66 %

Partition 5: S_p3
Model: HKY+FO+I+B
Alignment sites / patterns: 1274 / 69
Gaps: 0.05 %
Invariant sites: 50.24 %

Partition 6: ORF3a
Model: JC+I+G4m+B
Alignment sites / patterns: 552 / 23
Gaps: 0.00 %
Invariant sites: 93.12 %

Partition 7: ORF3a_p3
Model: HKY+FO+I+B
Alignment sites / patterns: 276 / 22
Gaps: 0.00 %
Invariant sites: 70.65 %

Partition 8: E
Model: JC+B
Alignment sites / patterns: 152 / 6
Gaps: 0.00 %
Invariant sites: 98.68 %

Partition 9: E_p3
Model: JC+B
Alignment sites / patterns: 76 / 6
Gaps: 0.00 %
Invariant sites: 97.37 %

Partition 10: M
Model: JC+I+B
Alignment sites / patterns: 446 / 12
Gaps: 0.01 %
Invariant sites: 97.31 %

Partition 11: M_p3
Model: K80+I+B
Alignment sites / patterns: 223 / 28
Gaps: 0.01 %
Invariant sites: 78.03 %

Partition 12: ORF6
Model: JC+B
Alignment sites / patterns: 124 / 7
Gaps: 0.00 %
Invariant sites: 95.97 %

Partition 13: ORF6_p3
Model: JC+B
Alignment sites / patterns: 62 / 9
Gaps: 0.00 %
Invariant sites: 88.71 %

Partition 14: ORF7a
Model: K80+B
Alignment sites / patterns: 244 / 14
Gaps: 0.00 %
Invariant sites: 91.80 %

Partition 15: ORF7a_p3
Model: HKY+FO+I+B
Alignment sites / patterns: 122 / 16
Gaps: 0.00 %
Invariant sites: 78.69 %

Partition 16: ORF8
Model: K80+I+G4m+B
Alignment sites / patterns: 244 / 17
Gaps: 0.00 %
Invariant sites: 94.67 %

Partition 17: ORF8_p3
Model: HKY+FO+B
Alignment sites / patterns: 122 / 16
Gaps: 0.00 %
Invariant sites: 69.67 %

Partition 18: N
Model: HKY+FO+I+B
Alignment sites / patterns: 840 / 21
Gaps: 0.00 %
Invariant sites: 95.71 %

Partition 19: N_p3
Model: HKY+FO+G4m+B
Alignment sites / patterns: 420 / 29
Gaps: 0.00 %
Invariant sites: 76.67 %

Partition 20: ORF10
Model: JC+B
Alignment sites / patterns: 78 / 6
Gaps: 0.00 %
Invariant sites: 97.44 %

Partition 21: ORF10_p3
Model: JC+B
Alignment sites / patterns: 39 / 5
Gaps: 0.00 %
Invariant sites: 97.44 %


[00:00:00] Data distribution: max. partitions/sites/weight per thread: 22 / 638 / 6332
[00:00:00] Starting bootstrapping analysis with 83 replicates.

[00:00:50] Bootstrap tree #1, logLikelihood: -56432.760639
[00:01:32] Bootstrap tree #2, logLikelihood: -56686.769209
[00:02:12] Bootstrap tree #3, logLikelihood: -56246.469636
[00:02:53] Bootstrap tree #4, logLikelihood: -56908.757184
[00:03:32] Bootstrap tree #5, logLikelihood: -56014.055920
[00:04:13] Bootstrap tree #6, logLikelihood: -56298.100011
[00:04:53] Bootstrap tree #7, logLikelihood: -56174.345412
[00:05:33] Bootstrap tree #8, logLikelihood: -56162.055869
[00:06:23] Bootstrap tree #9, logLikelihood: -56005.889465
[00:07:02] Bootstrap tree #10, logLikelihood: -56070.752327
[00:07:51] Bootstrap tree #11, logLikelihood: -56738.372003
[00:08:35] Bootstrap tree #12, logLikelihood: -56098.915886
[00:09:21] Bootstrap tree #13, logLikelihood: -56276.628017
[00:10:04] Bootstrap tree #14, logLikelihood: -56455.672632
[00:10:45] Bootstrap tree #15, logLikelihood: -56350.113435
[00:11:31] Bootstrap tree #16, logLikelihood: -56291.464794
[00:12:20] Bootstrap tree #17, logLikelihood: -56026.156738
[00:13:05] Bootstrap tree #18, logLikelihood: -56853.202038
[00:13:48] Bootstrap tree #19, logLikelihood: -56464.470010
[00:14:29] Bootstrap tree #20, logLikelihood: -56291.938226
[00:15:15] Bootstrap tree #21, logLikelihood: -56536.369139
[00:16:09] Bootstrap tree #22, logLikelihood: -56711.045885
[00:16:55] Bootstrap tree #23, logLikelihood: -56300.350566
[00:17:42] Bootstrap tree #24, logLikelihood: -56376.576800
[00:18:22] Bootstrap tree #25, logLikelihood: -56263.191229
[00:19:13] Bootstrap tree #26, logLikelihood: -56313.341457
[00:20:02] Bootstrap tree #27, logLikelihood: -56330.249258
[00:20:46] Bootstrap tree #28, logLikelihood: -56054.216237
[00:21:33] Bootstrap tree #29, logLikelihood: -56205.129886
[00:22:15] Bootstrap tree #30, logLikelihood: -56748.984378
[00:23:12] Bootstrap tree #31, logLikelihood: -56327.456484
[00:24:01] Bootstrap tree #32, logLikelihood: -56273.374443
[00:24:42] Bootstrap tree #33, logLikelihood: -56317.826546
[00:25:29] Bootstrap tree #34, logLikelihood: -56354.605277
[00:26:13] Bootstrap tree #35, logLikelihood: -56528.963858
[00:27:13] Bootstrap tree #36, logLikelihood: -56192.138886
[00:27:53] Bootstrap tree #37, logLikelihood: -56359.950502
[00:28:34] Bootstrap tree #38, logLikelihood: -56633.257659
[00:29:14] Bootstrap tree #39, logLikelihood: -56233.441896
[00:30:25] Bootstrap tree #40, logLikelihood: -56485.080551
[00:31:08] Bootstrap tree #41, logLikelihood: -56260.311606
[00:31:52] Bootstrap tree #42, logLikelihood: -56352.382636
[00:32:35] Bootstrap tree #43, logLikelihood: -56266.009118
[00:33:21] Bootstrap tree #44, logLikelihood: -56561.832830
[00:34:16] Bootstrap tree #45, logLikelihood: -56506.978296
[00:34:59] Bootstrap tree #46, logLikelihood: -56503.669502
[00:35:41] Bootstrap tree #47, logLikelihood: -56393.144943
[00:36:23] Bootstrap tree #48, logLikelihood: -56269.732092
[00:37:10] Bootstrap tree #49, logLikelihood: -56106.543683
[00:38:12] Bootstrap tree #50, logLikelihood: -56225.769654
[00:38:57] Bootstrap tree #51, logLikelihood: -56258.758463
[00:39:41] Bootstrap tree #52, logLikelihood: -56423.961434
[00:40:26] Bootstrap tree #53, logLikelihood: -56387.871234
[00:41:25] Bootstrap tree #54, logLikelihood: -56331.000333
[00:42:24] Bootstrap tree #55, logLikelihood: -56010.993039
[00:43:04] Bootstrap tree #56, logLikelihood: -55853.343662
[00:43:52] Bootstrap tree #57, logLikelihood: -56570.158315
[00:44:45] Bootstrap tree #58, logLikelihood: -56547.002250
[00:45:42] Bootstrap tree #59, logLikelihood: -55932.810113
[00:46:27] Bootstrap tree #60, logLikelihood: -56585.946723
[00:47:10] Bootstrap tree #61, logLikelihood: -56259.157367
[00:47:49] Bootstrap tree #62, logLikelihood: -56576.576292
[00:48:27] Bootstrap tree #63, logLikelihood: -56138.655513
[00:49:11] Bootstrap tree #64, logLikelihood: -56543.248918
[00:49:56] Bootstrap tree #65, logLikelihood: -56267.158860
[00:50:45] Bootstrap tree #66, logLikelihood: -56757.670086
[00:51:31] Bootstrap tree #67, logLikelihood: -56519.902084
[00:52:18] Bootstrap tree #68, logLikelihood: -56320.262299
[00:53:01] Bootstrap tree #69, logLikelihood: -56596.459454
[00:53:45] Bootstrap tree #70, logLikelihood: -56210.472683
[00:54:43] Bootstrap tree #71, logLikelihood: -56430.470415
[00:55:43] Bootstrap tree #72, logLikelihood: -56737.935815
[00:56:50] Bootstrap tree #73, logLikelihood: -56078.935259
[00:57:34] Bootstrap tree #74, logLikelihood: -56397.135596
[00:58:19] Bootstrap tree #75, logLikelihood: -56053.019891
[00:59:04] Bootstrap tree #76, logLikelihood: -56184.203386
[00:59:50] Bootstrap tree #77, logLikelihood: -56332.537231
[01:00:35] Bootstrap tree #78, logLikelihood: -56527.114292
[01:01:19] Bootstrap tree #79, logLikelihood: -56365.610194
[01:01:59] Bootstrap tree #80, logLikelihood: -56288.980423
[01:02:46] Bootstrap tree #81, logLikelihood: -56266.802469
[01:03:45] Bootstrap tree #82, logLikelihood: -56087.340905
[01:04:29] Bootstrap tree #83, logLikelihood: -56139.407906

Bootstrap trees saved to: /home/hikoyu/analysis/Genome/SARS-CoV-2/phylogeny/RAxML-NG/DNA/part/3rd/SARS-CoV-2_200318.6.raxml.bootstraps

Execution log saved to: /home/hikoyu/analysis/Genome/SARS-CoV-2/phylogeny/RAxML-NG/DNA/part/3rd/SARS-CoV-2_200318.6.raxml.log

Analysis started: 19-Mar-2020 08:20:11 / finished: 19-Mar-2020 09:24:41

Elapsed time: 3869.527 seconds

