
RAxML-NG v. 0.9.0 released on 20.05.2019 by The Exelixis Lab.
Developed by: Alexey M. Kozlov and Alexandros Stamatakis.
Contributors: Diego Darriba, Tomas Flouri, Benoit Morel, Sarah Lutteropp, Ben Bettisworth.
Latest version: https://github.com/amkozlov/raxml-ng
Questions/problems/suggestions? Please visit: https://groups.google.com/forum/#!forum/raxml

RAxML-NG was called at 10-Apr-2020 06:28:49 as follows:

raxml-ng --threads 1 --bootstrap --bs-trees 84 --seed 766466209 --prefix phylogeny/RAxML-NG/DNA/part/3rd/SARS-CoV-2_200407.3 --msa phylogeny/RAxML-NG/DNA/part/3rd/SARS-CoV-2_200407.raxml.rba --outgroup MG772933.1

Analysis options:
  run mode: Bootstrapping
  start tree(s): 
  bootstrap replicates: 84
  random seed: 766466209
  tip-inner: OFF
  pattern compression: ON
  per-rate scalers: OFF
  site repeats: ON
  branch lengths: proportional (ML estimate, algorithm: NR-FAST)
  SIMD kernels: AVX2
  parallelization: NONE/sequential

[00:00:00] Loading binary alignment from file: phylogeny/RAxML-NG/DNA/part/3rd/SARS-CoV-2_200407.raxml.rba
[00:00:00] Alignment comprises 285 taxa, 22 partitions and 877 patterns

Partition 0: orf1ab_U
Model: TN93+FO+I+G4m+B
Alignment sites / patterns: 8808 / 146
Gaps: 0.07 %
Invariant sites: 95.49 %

Partition 1: orf1ab_U_p3
Model: TN93+FO+I+G4m+B
Alignment sites / patterns: 4404 / 127
Gaps: 0.07 %
Invariant sites: 73.41 %

Partition 2: orf1ab_D
Model: HKY+FO+I+G4m+B
Alignment sites / patterns: 5394 / 78
Gaps: 0.04 %
Invariant sites: 95.29 %

Partition 3: orf1ab_D_p3
Model: GTR+FO+I+G4m+B
Alignment sites / patterns: 2697 / 86
Gaps: 0.04 %
Invariant sites: 62.22 %

Partition 4: S
Model: TN93+FO+I+G4m+B
Alignment sites / patterns: 2548 / 70
Gaps: 0.01 %
Invariant sites: 86.42 %

Partition 5: S_p3
Model: HKY+FO+I+B
Alignment sites / patterns: 1274 / 86
Gaps: 0.01 %
Invariant sites: 49.92 %

Partition 6: ORF3a
Model: JC+I+G4m+B
Alignment sites / patterns: 552 / 29
Gaps: 0.00 %
Invariant sites: 92.03 %

Partition 7: ORF3a_p3
Model: TVM+FO+I+G4m+B
Alignment sites / patterns: 276 / 25
Gaps: 0.00 %
Invariant sites: 70.65 %

Partition 8: E
Model: JC+B
Alignment sites / patterns: 152 / 7
Gaps: 0.00 %
Invariant sites: 98.03 %

Partition 9: E_p3
Model: JC+B
Alignment sites / patterns: 76 / 7
Gaps: 0.00 %
Invariant sites: 96.05 %

Partition 10: M
Model: JC+I+B
Alignment sites / patterns: 446 / 14
Gaps: 0.00 %
Invariant sites: 96.86 %

Partition 11: M_p3
Model: K80+G4m+B
Alignment sites / patterns: 223 / 29
Gaps: 0.00 %
Invariant sites: 77.58 %

Partition 12: ORF6
Model: JC+B
Alignment sites / patterns: 124 / 8
Gaps: 0.00 %
Invariant sites: 95.16 %

Partition 13: ORF6_p3
Model: TN93ef+G4m+B
Alignment sites / patterns: 62 / 12
Gaps: 0.00 %
Invariant sites: 83.87 %

Partition 14: ORF7a
Model: K80+B
Alignment sites / patterns: 244 / 16
Gaps: 0.00 %
Invariant sites: 90.98 %

Partition 15: ORF7a_p3
Model: HKY+FO+I+B
Alignment sites / patterns: 122 / 17
Gaps: 0.00 %
Invariant sites: 77.87 %

Partition 16: ORF8
Model: TIM1+I+G4m+B
Alignment sites / patterns: 244 / 20
Gaps: 0.00 %
Invariant sites: 93.44 %

Partition 17: ORF8_p3
Model: HKY+FO+B
Alignment sites / patterns: 122 / 17
Gaps: 0.00 %
Invariant sites: 68.85 %

Partition 18: N
Model: HKY+FO+I+G4m+B
Alignment sites / patterns: 840 / 30
Gaps: 0.00 %
Invariant sites: 94.76 %

Partition 19: N_p3
Model: HKY+FO+G4m+B
Alignment sites / patterns: 420 / 40
Gaps: 0.00 %
Invariant sites: 74.76 %

Partition 20: ORF10
Model: JC+B
Alignment sites / patterns: 78 / 8
Gaps: 0.00 %
Invariant sites: 94.87 %

Partition 21: ORF10_p3
Model: JC+B
Alignment sites / patterns: 39 / 5
Gaps: 0.00 %
Invariant sites: 97.44 %


[00:00:00] Data distribution: max. partitions/sites/weight per thread: 22 / 877 / 11812
[00:00:00] Starting bootstrapping analysis with 84 replicates.

[00:08:58] Bootstrap tree #1, logLikelihood: -58718.641982
[00:18:19] Bootstrap tree #2, logLikelihood: -58627.623956
[00:27:08] Bootstrap tree #3, logLikelihood: -58758.689257
[00:35:37] Bootstrap tree #4, logLikelihood: -58800.914363
[00:45:11] Bootstrap tree #5, logLikelihood: -58513.622446
[00:54:10] Bootstrap tree #6, logLikelihood: -58949.744178
[01:05:43] Bootstrap tree #7, logLikelihood: -58786.538359
[01:16:28] Bootstrap tree #8, logLikelihood: -58922.088643
[01:28:21] Bootstrap tree #9, logLikelihood: -59070.778322
[01:37:59] Bootstrap tree #10, logLikelihood: -58385.703729
[01:46:26] Bootstrap tree #11, logLikelihood: -58659.093727
[01:58:21] Bootstrap tree #12, logLikelihood: -58874.683027
[02:09:03] Bootstrap tree #13, logLikelihood: -58749.472459
[02:17:41] Bootstrap tree #14, logLikelihood: -58604.261887
[02:26:57] Bootstrap tree #15, logLikelihood: -58723.687639
[02:36:48] Bootstrap tree #16, logLikelihood: -58946.128658
[02:45:29] Bootstrap tree #17, logLikelihood: -58868.647967
[02:56:12] Bootstrap tree #18, logLikelihood: -58482.431010
[03:09:25] Bootstrap tree #19, logLikelihood: -58937.773129
[03:19:01] Bootstrap tree #20, logLikelihood: -58815.523647
[03:28:43] Bootstrap tree #21, logLikelihood: -58632.340515
[03:38:22] Bootstrap tree #22, logLikelihood: -58542.700317
[03:47:40] Bootstrap tree #23, logLikelihood: -58653.676863
[03:57:20] Bootstrap tree #24, logLikelihood: -59313.618842
[04:08:18] Bootstrap tree #25, logLikelihood: -58940.892905
[04:23:31] Bootstrap tree #26, logLikelihood: -59128.987056
[04:32:30] Bootstrap tree #27, logLikelihood: -58333.795965
[04:42:43] Bootstrap tree #28, logLikelihood: -58584.344543
[04:54:16] Bootstrap tree #29, logLikelihood: -58628.594909
[05:04:31] Bootstrap tree #30, logLikelihood: -59030.561189
[05:14:55] Bootstrap tree #31, logLikelihood: -58920.808263
[05:25:39] Bootstrap tree #32, logLikelihood: -58845.520658
[05:39:16] Bootstrap tree #33, logLikelihood: -58713.014282
[05:48:27] Bootstrap tree #34, logLikelihood: -58845.498019
[05:58:31] Bootstrap tree #35, logLikelihood: -59202.883497
[06:08:22] Bootstrap tree #36, logLikelihood: -58454.401311
[06:19:10] Bootstrap tree #37, logLikelihood: -58510.945963
[06:29:31] Bootstrap tree #38, logLikelihood: -58599.703959
[06:38:46] Bootstrap tree #39, logLikelihood: -59093.847275
[06:49:33] Bootstrap tree #40, logLikelihood: -58842.297278
[07:00:29] Bootstrap tree #41, logLikelihood: -58791.913451
[07:10:08] Bootstrap tree #42, logLikelihood: -58667.574589
[07:20:46] Bootstrap tree #43, logLikelihood: -58595.156394
[07:30:25] Bootstrap tree #44, logLikelihood: -58427.179836
[07:42:46] Bootstrap tree #45, logLikelihood: -58792.002222
[07:54:36] Bootstrap tree #46, logLikelihood: -58450.388934
[08:03:34] Bootstrap tree #47, logLikelihood: -59094.475371
[08:15:10] Bootstrap tree #48, logLikelihood: -58571.501304
[08:26:40] Bootstrap tree #49, logLikelihood: -58392.932692
[08:36:37] Bootstrap tree #50, logLikelihood: -58607.813617
[08:45:48] Bootstrap tree #51, logLikelihood: -58966.359314
[08:56:42] Bootstrap tree #52, logLikelihood: -59152.103643
[09:05:32] Bootstrap tree #53, logLikelihood: -58774.078421
[09:15:32] Bootstrap tree #54, logLikelihood: -58505.948297
[09:25:10] Bootstrap tree #55, logLikelihood: -58618.317770
[09:34:21] Bootstrap tree #56, logLikelihood: -58912.737182
[09:44:24] Bootstrap tree #57, logLikelihood: -58933.872775
[09:54:54] Bootstrap tree #58, logLikelihood: -58811.686154
[10:10:21] Bootstrap tree #59, logLikelihood: -58767.169516
[10:21:04] Bootstrap tree #60, logLikelihood: -58230.574600
[10:30:52] Bootstrap tree #61, logLikelihood: -59285.499316
[10:40:25] Bootstrap tree #62, logLikelihood: -58746.696125
[10:49:58] Bootstrap tree #63, logLikelihood: -58803.384315
[10:59:17] Bootstrap tree #64, logLikelihood: -58411.757855
[11:10:18] Bootstrap tree #65, logLikelihood: -57827.319343
[11:18:52] Bootstrap tree #66, logLikelihood: -58757.909889
[11:29:40] Bootstrap tree #67, logLikelihood: -58830.138473
[11:39:10] Bootstrap tree #68, logLikelihood: -58388.405890
[11:48:10] Bootstrap tree #69, logLikelihood: -58718.425089
[11:57:33] Bootstrap tree #70, logLikelihood: -58543.872150
[12:09:23] Bootstrap tree #71, logLikelihood: -58707.198468
[12:20:22] Bootstrap tree #72, logLikelihood: -58706.658790
[12:29:29] Bootstrap tree #73, logLikelihood: -58653.726943
[12:38:33] Bootstrap tree #74, logLikelihood: -58835.001644
[12:47:04] Bootstrap tree #75, logLikelihood: -58331.919870
[12:57:01] Bootstrap tree #76, logLikelihood: -58457.863590
[13:06:25] Bootstrap tree #77, logLikelihood: -58818.653806
[13:16:07] Bootstrap tree #78, logLikelihood: -58901.410875
[13:26:33] Bootstrap tree #79, logLikelihood: -58548.497604
[13:36:48] Bootstrap tree #80, logLikelihood: -58736.281110
[13:48:33] Bootstrap tree #81, logLikelihood: -59066.495912
[13:59:16] Bootstrap tree #82, logLikelihood: -58770.519186
[14:10:40] Bootstrap tree #83, logLikelihood: -59052.413454
[14:21:20] Bootstrap tree #84, logLikelihood: -58886.839004

Bootstrap trees saved to: /home/hikoyu/analysis/Genome/SARS-CoV-2/phylogeny/RAxML-NG/DNA/part/3rd/SARS-CoV-2_200407.3.raxml.bootstraps

Execution log saved to: /home/hikoyu/analysis/Genome/SARS-CoV-2/phylogeny/RAxML-NG/DNA/part/3rd/SARS-CoV-2_200407.3.raxml.log

Analysis started: 10-Apr-2020 06:28:49 / finished: 10-Apr-2020 20:50:10

Elapsed time: 51680.764 seconds

