
RAxML-NG v. 0.9.0 released on 20.05.2019 by The Exelixis Lab.
Developed by: Alexey M. Kozlov and Alexandros Stamatakis.
Contributors: Diego Darriba, Tomas Flouri, Benoit Morel, Sarah Lutteropp, Ben Bettisworth.
Latest version: https://github.com/amkozlov/raxml-ng
Questions/problems/suggestions? Please visit: https://groups.google.com/forum/#!forum/raxml

RAxML-NG was called at 19-Mar-2020 10:30:35 as follows:

raxml-ng --threads 1 --bsconverge --bs-trees phylogeny/RAxML-NG/DNA/part/3rd/SARS-CoV-2_200318.raxml.bootstraps --prefix phylogeny/RAxML-NG/DNA/part/3rd/SARS-CoV-2_200318 --outgroup MG772933.1

Analysis options:
  run mode: A posteriori bootstrap convergence test
  start tree(s): 
  random seed: 1584581435
  SIMD kernels: AVX2
  parallelization: NONE/sequential

Reading bootstrap trees from file: phylogeny/RAxML-NG/DNA/part/3rd/SARS-CoV-2_200318.raxml.bootstraps
Loaded 1000 trees with 74 taxa.

Performing bootstrap convergence assessment using autoMRE criterion

 # trees        avg WRF       avg WRF in %       # perms: wrf <= 3.00 %     converged?  
      50        280.585              9.576                            0        NO
     100        387.614              6.565                            0        NO
     150        490.543              5.492                            0        NO
     200        574.049              4.756                            0        NO
     250        639.542              4.216                            4        NO
     300        703.506              3.851                           28        NO
     350        753.646              3.527                          133        NO
     400        747.561              3.032                          461        NO
     450        800.957              2.867                          631        NO
     500        854.677              2.758                          709        NO
     550        892.384              2.615                          836        NO
     600        954.276              2.561                          839        NO
     650       1073.252              2.644                          814        NO
     700       1166.437              2.662                          821        NO
     750       1208.498              2.572                          907        NO
     800       1242.984              2.475                          918        NO
     850       1243.371              2.330                          961        NO
     900       1317.113              2.320                          970        NO
     950       1330.565              2.214                          983        NO
    1000       1458.597              2.302                          985        NO
Bootstopping test did not converge after 1000 trees


Execution log saved to: /home/hikoyu/analysis/Genome/SARS-CoV-2/phylogeny/RAxML-NG/DNA/part/3rd/SARS-CoV-2_200318.raxml.log

Analysis started: 19-Mar-2020 10:30:35 / finished: 19-Mar-2020 10:35:32

Elapsed time: 297.132 seconds

