
RAxML-NG v. 0.9.0 released on 20.05.2019 by The Exelixis Lab.
Developed by: Alexey M. Kozlov and Alexandros Stamatakis.
Contributors: Diego Darriba, Tomas Flouri, Benoit Morel, Sarah Lutteropp, Ben Bettisworth.
Latest version: https://github.com/amkozlov/raxml-ng
Questions/problems/suggestions? Please visit: https://groups.google.com/forum/#!forum/raxml

RAxML-NG was called at 20-Apr-2020 14:59:36 as follows:

raxml-ng --threads 1 --bootstrap --bs-trees 84 --seed 161287730 --prefix phylogeny/RAxML-NG/DNA/part/3rd/SARS-CoV-2_200414.2 --msa phylogeny/RAxML-NG/DNA/part/3rd/SARS-CoV-2_200414.raxml.rba --outgroup MG772933.1

Analysis options:
  run mode: Bootstrapping
  start tree(s): 
  bootstrap replicates: 84
  random seed: 161287730
  tip-inner: OFF
  pattern compression: ON
  per-rate scalers: OFF
  site repeats: ON
  branch lengths: proportional (ML estimate, algorithm: NR-FAST)
  SIMD kernels: AVX2
  parallelization: NONE/sequential

[00:00:00] Loading binary alignment from file: phylogeny/RAxML-NG/DNA/part/3rd/SARS-CoV-2_200414.raxml.rba
[00:00:00] Alignment comprises 376 taxa, 22 partitions and 992 patterns

Partition 0: orf1ab_U
Model: TN93+FO+I+G4m+B
Alignment sites / patterns: 8808 / 175
Gaps: 0.07 %
Invariant sites: 95.32 %

Partition 1: orf1ab_U_p3
Model: GTR+FO+I+G4m+B
Alignment sites / patterns: 4404 / 152
Gaps: 0.07 %
Invariant sites: 73.14 %

Partition 2: orf1ab_D
Model: TIM1+I+G4m+B
Alignment sites / patterns: 5398 / 88
Gaps: 0.11 %
Invariant sites: 95.15 %

Partition 3: orf1ab_D_p3
Model: GTR+FO+G4m+B
Alignment sites / patterns: 2699 / 99
Gaps: 0.11 %
Invariant sites: 62.13 %

Partition 4: S
Model: TN93+FO+I+G4m+B
Alignment sites / patterns: 2548 / 74
Gaps: 0.01 %
Invariant sites: 86.34 %

Partition 5: S_p3
Model: HKY+FO+G4m+B
Alignment sites / patterns: 1274 / 93
Gaps: 0.01 %
Invariant sites: 49.76 %

Partition 6: ORF3a
Model: TVMef+I+G4m+B
Alignment sites / patterns: 552 / 35
Gaps: 0.00 %
Invariant sites: 91.85 %

Partition 7: ORF3a_p3
Model: GTR+FO+I+G4m+B
Alignment sites / patterns: 276 / 30
Gaps: 0.00 %
Invariant sites: 69.93 %

Partition 8: E
Model: JC+B
Alignment sites / patterns: 152 / 8
Gaps: 0.00 %
Invariant sites: 97.37 %

Partition 9: E_p3
Model: JC+B
Alignment sites / patterns: 76 / 7
Gaps: 0.00 %
Invariant sites: 96.05 %

Partition 10: M
Model: K80+I+B
Alignment sites / patterns: 446 / 15
Gaps: 0.00 %
Invariant sites: 96.64 %

Partition 11: M_p3
Model: K80+I+G4m+B
Alignment sites / patterns: 223 / 29
Gaps: 0.00 %
Invariant sites: 77.58 %

Partition 12: ORF6
Model: JC+B
Alignment sites / patterns: 124 / 8
Gaps: 0.00 %
Invariant sites: 95.16 %

Partition 13: ORF6_p3
Model: TN93ef+G4m+B
Alignment sites / patterns: 62 / 13
Gaps: 0.00 %
Invariant sites: 82.26 %

Partition 14: ORF7a
Model: K80+B
Alignment sites / patterns: 244 / 17
Gaps: 0.00 %
Invariant sites: 90.57 %

Partition 15: ORF7a_p3
Model: HKY+FO+G4m+B
Alignment sites / patterns: 122 / 19
Gaps: 0.00 %
Invariant sites: 76.23 %

Partition 16: ORF8
Model: TIM1+I+G4m+B
Alignment sites / patterns: 244 / 22
Gaps: 0.00 %
Invariant sites: 93.44 %

Partition 17: ORF8_p3
Model: HKY+FO+B
Alignment sites / patterns: 122 / 18
Gaps: 0.00 %
Invariant sites: 68.85 %

Partition 18: N
Model: HKY+FO+I+G4m+B
Alignment sites / patterns: 840 / 36
Gaps: 0.00 %
Invariant sites: 94.05 %

Partition 19: N_p3
Model: HKY+FO+G4m+B
Alignment sites / patterns: 420 / 41
Gaps: 0.00 %
Invariant sites: 74.52 %

Partition 20: ORF10
Model: JC+B
Alignment sites / patterns: 78 / 8
Gaps: 0.00 %
Invariant sites: 94.87 %

Partition 21: ORF10_p3
Model: JC+B
Alignment sites / patterns: 39 / 5
Gaps: 0.00 %
Invariant sites: 97.44 %


[00:00:00] Data distribution: max. partitions/sites/weight per thread: 22 / 992 / 14840
[00:00:00] Starting bootstrapping analysis with 84 replicates.

[00:21:41] Bootstrap tree #1, logLikelihood: -59857.531743
[00:41:34] Bootstrap tree #2, logLikelihood: -59724.670260
[01:01:40] Bootstrap tree #3, logLikelihood: -59866.262707
[01:25:00] Bootstrap tree #4, logLikelihood: -59116.436344
[01:45:48] Bootstrap tree #5, logLikelihood: -60027.848660
[02:05:05] Bootstrap tree #6, logLikelihood: -60101.212426
[02:22:52] Bootstrap tree #7, logLikelihood: -59260.021667
[02:43:16] Bootstrap tree #8, logLikelihood: -59601.452872
[03:06:04] Bootstrap tree #9, logLikelihood: -59643.297473
[03:24:31] Bootstrap tree #10, logLikelihood: -60032.655592
[03:43:47] Bootstrap tree #11, logLikelihood: -59939.406918
[04:05:15] Bootstrap tree #12, logLikelihood: -59407.167282
[04:21:51] Bootstrap tree #13, logLikelihood: -59681.266637
[04:42:07] Bootstrap tree #14, logLikelihood: -59413.717706
[05:00:24] Bootstrap tree #15, logLikelihood: -60167.887913
[05:21:35] Bootstrap tree #16, logLikelihood: -60004.021616
[05:47:02] Bootstrap tree #17, logLikelihood: -59905.063037
[06:08:58] Bootstrap tree #18, logLikelihood: -59779.288925
[06:25:16] Bootstrap tree #19, logLikelihood: -60194.652359
[06:47:43] Bootstrap tree #20, logLikelihood: -59944.212514
[07:04:37] Bootstrap tree #21, logLikelihood: -59813.479504
[07:24:36] Bootstrap tree #22, logLikelihood: -59911.925163
[07:45:51] Bootstrap tree #23, logLikelihood: -59204.179191
[08:02:02] Bootstrap tree #24, logLikelihood: -60104.048350
[08:20:31] Bootstrap tree #25, logLikelihood: -59634.510626
[08:37:41] Bootstrap tree #26, logLikelihood: -59770.257431
[08:54:36] Bootstrap tree #27, logLikelihood: -59839.310038
[09:11:09] Bootstrap tree #28, logLikelihood: -60190.312733
[09:39:56] Bootstrap tree #29, logLikelihood: -60106.693669
[10:02:33] Bootstrap tree #30, logLikelihood: -59438.628507
[10:19:41] Bootstrap tree #31, logLikelihood: -59887.577717
[10:38:04] Bootstrap tree #32, logLikelihood: -59714.121089
[10:56:58] Bootstrap tree #33, logLikelihood: -60374.280577
[11:14:43] Bootstrap tree #34, logLikelihood: -59680.490317
[11:31:42] Bootstrap tree #35, logLikelihood: -59373.519133
[11:54:57] Bootstrap tree #36, logLikelihood: -59542.408363
[12:21:09] Bootstrap tree #37, logLikelihood: -59732.293527
[12:53:47] Bootstrap tree #38, logLikelihood: -59995.963986
[13:13:09] Bootstrap tree #39, logLikelihood: -59735.977994
[13:29:36] Bootstrap tree #40, logLikelihood: -60285.159295
[13:50:17] Bootstrap tree #41, logLikelihood: -60055.421468
[14:07:29] Bootstrap tree #42, logLikelihood: -60069.930556
[14:27:13] Bootstrap tree #43, logLikelihood: -59291.683575
[14:43:29] Bootstrap tree #44, logLikelihood: -59747.042850
[15:04:34] Bootstrap tree #45, logLikelihood: -60078.932978
[15:22:33] Bootstrap tree #46, logLikelihood: -59593.679904
[15:45:45] Bootstrap tree #47, logLikelihood: -59723.316855
[16:11:26] Bootstrap tree #48, logLikelihood: -59939.426082
[16:32:16] Bootstrap tree #49, logLikelihood: -60001.459592
[16:51:27] Bootstrap tree #50, logLikelihood: -59995.911926
[17:16:33] Bootstrap tree #51, logLikelihood: -60189.166744
[17:39:27] Bootstrap tree #52, logLikelihood: -59590.435896
[17:56:10] Bootstrap tree #53, logLikelihood: -59286.984343
[18:16:21] Bootstrap tree #54, logLikelihood: -60047.053299
[18:34:55] Bootstrap tree #55, logLikelihood: -59969.935908
[18:54:21] Bootstrap tree #56, logLikelihood: -59567.702710
[19:15:48] Bootstrap tree #57, logLikelihood: -59648.854835
[19:33:51] Bootstrap tree #58, logLikelihood: -59532.507310
[19:49:54] Bootstrap tree #59, logLikelihood: -59712.825473
[20:10:45] Bootstrap tree #60, logLikelihood: -60067.629432
[20:28:06] Bootstrap tree #61, logLikelihood: -60059.267970
[20:43:38] Bootstrap tree #62, logLikelihood: -59633.207958
[21:00:25] Bootstrap tree #63, logLikelihood: -60034.673990
[21:18:04] Bootstrap tree #64, logLikelihood: -59794.243464
[21:36:21] Bootstrap tree #65, logLikelihood: -59223.779108
[21:59:06] Bootstrap tree #66, logLikelihood: -59064.075092
[22:19:05] Bootstrap tree #67, logLikelihood: -59675.193207
[22:39:09] Bootstrap tree #68, logLikelihood: -59881.204344
[22:57:18] Bootstrap tree #69, logLikelihood: -59600.364072
[23:16:08] Bootstrap tree #70, logLikelihood: -59545.332129
[23:37:50] Bootstrap tree #71, logLikelihood: -59740.615941
[23:57:10] Bootstrap tree #72, logLikelihood: -59335.455666
[24:14:48] Bootstrap tree #73, logLikelihood: -60114.913081
[24:35:21] Bootstrap tree #74, logLikelihood: -59531.279598
[24:53:09] Bootstrap tree #75, logLikelihood: -59955.032977
[25:10:24] Bootstrap tree #76, logLikelihood: -59694.574402
[25:29:01] Bootstrap tree #77, logLikelihood: -60355.055837
[25:52:22] Bootstrap tree #78, logLikelihood: -59880.466109
[26:08:47] Bootstrap tree #79, logLikelihood: -59773.939383
[26:30:02] Bootstrap tree #80, logLikelihood: -59348.616237
[26:50:07] Bootstrap tree #81, logLikelihood: -59406.192120
[27:10:43] Bootstrap tree #82, logLikelihood: -59778.107407
[27:30:18] Bootstrap tree #83, logLikelihood: -59672.662406
[27:45:44] Bootstrap tree #84, logLikelihood: -59155.018420

Bootstrap trees saved to: /home/hikoyu/analysis/Genome/SARS-CoV-2/phylogeny/RAxML-NG/DNA/part/3rd/SARS-CoV-2_200414.2.raxml.bootstraps

Execution log saved to: /home/hikoyu/analysis/Genome/SARS-CoV-2/phylogeny/RAxML-NG/DNA/part/3rd/SARS-CoV-2_200414.2.raxml.log

Analysis started: 20-Apr-2020 14:59:36 / finished: 21-Apr-2020 18:45:21

Elapsed time: 99945.203 seconds

