
RAxML-NG v. 0.9.0 released on 20.05.2019 by The Exelixis Lab.
Developed by: Alexey M. Kozlov and Alexandros Stamatakis.
Contributors: Diego Darriba, Tomas Flouri, Benoit Morel, Sarah Lutteropp, Ben Bettisworth.
Latest version: https://github.com/amkozlov/raxml-ng
Questions/problems/suggestions? Please visit: https://groups.google.com/forum/#!forum/raxml

RAxML-NG was called at 10-Apr-2020 03:47:04 as follows:

raxml-ng --threads 1 --search --tree rand{8},pars{8} --seed 4055815589 --prefix phylogeny/RAxML-NG/DNA/part/3rd/SARS-CoV-2_200407.10 --msa phylogeny/RAxML-NG/DNA/part/3rd/SARS-CoV-2_200407.raxml.rba --outgroup MG772933.1

Analysis options:
  run mode: ML tree search
  start tree(s): random (8) + parsimony (8)
  random seed: 4055815589
  tip-inner: OFF
  pattern compression: ON
  per-rate scalers: OFF
  site repeats: ON
  fast spr radius: AUTO
  spr subtree cutoff: 1.000000
  branch lengths: proportional (ML estimate, algorithm: NR-FAST)
  SIMD kernels: AVX2
  parallelization: NONE/sequential

[00:00:00] Loading binary alignment from file: phylogeny/RAxML-NG/DNA/part/3rd/SARS-CoV-2_200407.raxml.rba
[00:00:00] Alignment comprises 285 taxa, 22 partitions and 877 patterns

Partition 0: orf1ab_U
Model: TN93+FO+I+G4m+B
Alignment sites / patterns: 8808 / 146
Gaps: 0.07 %
Invariant sites: 95.49 %

Partition 1: orf1ab_U_p3
Model: TN93+FO+I+G4m+B
Alignment sites / patterns: 4404 / 127
Gaps: 0.07 %
Invariant sites: 73.41 %

Partition 2: orf1ab_D
Model: HKY+FO+I+G4m+B
Alignment sites / patterns: 5394 / 78
Gaps: 0.04 %
Invariant sites: 95.29 %

Partition 3: orf1ab_D_p3
Model: GTR+FO+I+G4m+B
Alignment sites / patterns: 2697 / 86
Gaps: 0.04 %
Invariant sites: 62.22 %

Partition 4: S
Model: TN93+FO+I+G4m+B
Alignment sites / patterns: 2548 / 70
Gaps: 0.01 %
Invariant sites: 86.42 %

Partition 5: S_p3
Model: HKY+FO+I+B
Alignment sites / patterns: 1274 / 86
Gaps: 0.01 %
Invariant sites: 49.92 %

Partition 6: ORF3a
Model: JC+I+G4m+B
Alignment sites / patterns: 552 / 29
Gaps: 0.00 %
Invariant sites: 92.03 %

Partition 7: ORF3a_p3
Model: TVM+FO+I+G4m+B
Alignment sites / patterns: 276 / 25
Gaps: 0.00 %
Invariant sites: 70.65 %

Partition 8: E
Model: JC+B
Alignment sites / patterns: 152 / 7
Gaps: 0.00 %
Invariant sites: 98.03 %

Partition 9: E_p3
Model: JC+B
Alignment sites / patterns: 76 / 7
Gaps: 0.00 %
Invariant sites: 96.05 %

Partition 10: M
Model: JC+I+B
Alignment sites / patterns: 446 / 14
Gaps: 0.00 %
Invariant sites: 96.86 %

Partition 11: M_p3
Model: K80+G4m+B
Alignment sites / patterns: 223 / 29
Gaps: 0.00 %
Invariant sites: 77.58 %

Partition 12: ORF6
Model: JC+B
Alignment sites / patterns: 124 / 8
Gaps: 0.00 %
Invariant sites: 95.16 %

Partition 13: ORF6_p3
Model: TN93ef+G4m+B
Alignment sites / patterns: 62 / 12
Gaps: 0.00 %
Invariant sites: 83.87 %

Partition 14: ORF7a
Model: K80+B
Alignment sites / patterns: 244 / 16
Gaps: 0.00 %
Invariant sites: 90.98 %

Partition 15: ORF7a_p3
Model: HKY+FO+I+B
Alignment sites / patterns: 122 / 17
Gaps: 0.00 %
Invariant sites: 77.87 %

Partition 16: ORF8
Model: TIM1+I+G4m+B
Alignment sites / patterns: 244 / 20
Gaps: 0.00 %
Invariant sites: 93.44 %

Partition 17: ORF8_p3
Model: HKY+FO+B
Alignment sites / patterns: 122 / 17
Gaps: 0.00 %
Invariant sites: 68.85 %

Partition 18: N
Model: HKY+FO+I+G4m+B
Alignment sites / patterns: 840 / 30
Gaps: 0.00 %
Invariant sites: 94.76 %

Partition 19: N_p3
Model: HKY+FO+G4m+B
Alignment sites / patterns: 420 / 40
Gaps: 0.00 %
Invariant sites: 74.76 %

Partition 20: ORF10
Model: JC+B
Alignment sites / patterns: 78 / 8
Gaps: 0.00 %
Invariant sites: 94.87 %

Partition 21: ORF10_p3
Model: JC+B
Alignment sites / patterns: 39 / 5
Gaps: 0.00 %
Invariant sites: 97.44 %


[00:00:00] Generating 8 random starting tree(s) with 285 taxa
[00:00:00] Generating 8 parsimony starting tree(s) with 285 taxa
[00:00:01] Data distribution: max. partitions/sites/weight per thread: 22 / 877 / 11812

Starting ML tree search with 16 distinct starting trees

[00:00:01 -239416.448180] Initial branch length optimization
[00:00:03 -70402.528778] Model parameter optimization (eps = 10.000000)
[00:00:56 -64171.976200] AUTODETECT spr round 1 (radius: 5)
[00:01:09 -61748.718015] AUTODETECT spr round 2 (radius: 10)
[00:01:29 -60613.132001] AUTODETECT spr round 3 (radius: 15)
[00:01:56 -60191.119881] AUTODETECT spr round 4 (radius: 20)
[00:02:25 -60017.779358] AUTODETECT spr round 5 (radius: 25)
[00:02:55 -60016.978296] SPR radius for FAST iterations: 25 (autodetect)
[00:02:55 -60016.978296] Model parameter optimization (eps = 3.000000)
[00:03:45 -59325.493064] FAST spr round 1 (radius: 25)
[00:04:46 -58990.892283] FAST spr round 2 (radius: 25)
[00:05:32 -58990.855317] Model parameter optimization (eps = 1.000000)
[00:05:45 -58979.504043] SLOW spr round 1 (radius: 5)
[00:06:17 -58979.473936] SLOW spr round 2 (radius: 10)
[00:06:50 -58979.473933] SLOW spr round 3 (radius: 15)
[00:07:24 -58979.473933] SLOW spr round 4 (radius: 20)
[00:08:01 -58979.473933] SLOW spr round 5 (radius: 25)
[00:08:36 -58979.473933] Model parameter optimization (eps = 0.100000)

[00:08:48] ML tree search #1, logLikelihood: -58978.262979

[00:08:48 -239370.455564] Initial branch length optimization
[00:08:49 -70355.925936] Model parameter optimization (eps = 10.000000)
[00:09:39 -64169.462861] AUTODETECT spr round 1 (radius: 5)
[00:09:55 -61630.901055] AUTODETECT spr round 2 (radius: 10)
[00:10:15 -60910.884472] AUTODETECT spr round 3 (radius: 15)
[00:10:40 -60411.655363] AUTODETECT spr round 4 (radius: 20)
[00:11:06 -60193.933236] AUTODETECT spr round 5 (radius: 25)
[00:11:36 -60140.520107] SPR radius for FAST iterations: 25 (autodetect)
[00:11:36 -60140.520107] Model parameter optimization (eps = 3.000000)
[00:12:29 -59466.791013] FAST spr round 1 (radius: 25)
[00:13:33 -58936.038009] FAST spr round 2 (radius: 25)
[00:14:12 -58935.977387] Model parameter optimization (eps = 1.000000)
[00:14:41 -58879.306128] SLOW spr round 1 (radius: 5)
[00:15:13 -58878.481139] SLOW spr round 2 (radius: 5)
[00:15:42 -58878.480072] SLOW spr round 3 (radius: 10)
[00:16:20 -58878.464799] SLOW spr round 4 (radius: 15)
[00:17:02 -58878.464726] SLOW spr round 5 (radius: 20)
[00:17:43 -58878.124125] SLOW spr round 6 (radius: 5)
[00:18:19 -58878.124125] SLOW spr round 7 (radius: 10)
[00:19:01 -58878.124125] SLOW spr round 8 (radius: 15)
[00:19:41 -58878.124125] SLOW spr round 9 (radius: 20)
[00:20:22 -58878.124125] SLOW spr round 10 (radius: 25)
[00:20:58 -58878.124125] Model parameter optimization (eps = 0.100000)

[00:21:41] ML tree search #2, logLikelihood: -58874.069211

[00:21:41 -239311.458280] Initial branch length optimization
[00:21:42 -70179.380489] Model parameter optimization (eps = 10.000000)
[00:22:33 -64066.820889] AUTODETECT spr round 1 (radius: 5)
[00:22:50 -61778.113303] AUTODETECT spr round 2 (radius: 10)
[00:23:13 -60810.885915] AUTODETECT spr round 3 (radius: 15)
[00:23:42 -60151.834725] AUTODETECT spr round 4 (radius: 20)
[00:24:14 -60020.710134] AUTODETECT spr round 5 (radius: 25)
[00:24:48 -59987.069568] SPR radius for FAST iterations: 25 (autodetect)
[00:24:48 -59987.069568] Model parameter optimization (eps = 3.000000)
[00:25:39 -59324.642878] FAST spr round 1 (radius: 25)
[00:26:43 -58934.577100] FAST spr round 2 (radius: 25)
[00:27:27 -58930.032530] FAST spr round 3 (radius: 25)
[00:28:01 -58930.030196] Model parameter optimization (eps = 1.000000)
[00:28:28 -58879.159307] SLOW spr round 1 (radius: 5)
[00:28:58 -58878.827419] SLOW spr round 2 (radius: 5)
[00:29:26 -58878.825853] SLOW spr round 3 (radius: 10)
[00:30:00 -58878.311604] SLOW spr round 4 (radius: 5)
[00:30:29 -58878.311340] SLOW spr round 5 (radius: 10)
[00:31:03 -58878.311340] SLOW spr round 6 (radius: 15)
[00:31:41 -58878.311340] SLOW spr round 7 (radius: 20)
[00:32:29 -58877.968769] SLOW spr round 8 (radius: 5)
[00:33:06 -58877.968769] SLOW spr round 9 (radius: 10)
[00:33:44 -58877.968769] SLOW spr round 10 (radius: 15)
[00:34:23 -58877.968769] SLOW spr round 11 (radius: 20)
[00:35:12 -58877.968769] SLOW spr round 12 (radius: 25)
[00:35:59 -58877.968769] Model parameter optimization (eps = 0.100000)

[00:36:41] ML tree search #3, logLikelihood: -58874.054233

[00:36:41 -239308.635791] Initial branch length optimization
[00:36:42 -70012.641750] Model parameter optimization (eps = 10.000000)
[00:37:35 -64032.654808] AUTODETECT spr round 1 (radius: 5)
[00:37:52 -61511.590693] AUTODETECT spr round 2 (radius: 10)
[00:38:15 -60815.338207] AUTODETECT spr round 3 (radius: 15)
[00:38:43 -60290.666118] AUTODETECT spr round 4 (radius: 20)
[00:39:14 -60053.265762] AUTODETECT spr round 5 (radius: 25)
[00:39:47 -60010.601316] SPR radius for FAST iterations: 25 (autodetect)
[00:39:47 -60010.601316] Model parameter optimization (eps = 3.000000)
[00:40:40 -59367.684378] FAST spr round 1 (radius: 25)
[00:41:46 -58991.684571] FAST spr round 2 (radius: 25)
[00:42:38 -58930.464380] FAST spr round 3 (radius: 25)
[00:43:20 -58930.416784] Model parameter optimization (eps = 1.000000)
[00:43:44 -58879.739352] SLOW spr round 1 (radius: 5)
[00:44:16 -58879.447126] SLOW spr round 2 (radius: 5)
[00:44:45 -58879.445658] SLOW spr round 3 (radius: 10)
[00:45:21 -58879.445602] SLOW spr round 4 (radius: 15)
[00:46:00 -58879.445599] SLOW spr round 5 (radius: 20)
[00:46:50 -58879.106088] SLOW spr round 6 (radius: 5)
[00:47:27 -58879.106088] SLOW spr round 7 (radius: 10)
[00:48:05 -58879.106088] SLOW spr round 8 (radius: 15)
[00:48:45 -58879.106088] SLOW spr round 9 (radius: 20)
[00:49:34 -58879.106088] SLOW spr round 10 (radius: 25)
[00:50:18 -58879.106088] Model parameter optimization (eps = 0.100000)

[00:51:04] ML tree search #4, logLikelihood: -58874.390968

[00:51:04 -239416.321001] Initial branch length optimization
[00:51:05 -70330.320502] Model parameter optimization (eps = 10.000000)
[00:51:59 -64197.235376] AUTODETECT spr round 1 (radius: 5)
[00:52:16 -61931.416927] AUTODETECT spr round 2 (radius: 10)
[00:52:38 -60965.790634] AUTODETECT spr round 3 (radius: 15)
[00:53:09 -60412.986857] AUTODETECT spr round 4 (radius: 20)
[00:53:42 -59970.118937] AUTODETECT spr round 5 (radius: 25)
[00:54:15 -59921.804778] SPR radius for FAST iterations: 25 (autodetect)
[00:54:15 -59921.804778] Model parameter optimization (eps = 3.000000)
[00:55:07 -59241.722822] FAST spr round 1 (radius: 25)
[00:56:10 -58981.755378] FAST spr round 2 (radius: 25)
[00:56:56 -58981.723677] Model parameter optimization (eps = 1.000000)
[00:57:09 -58976.742144] SLOW spr round 1 (radius: 5)
[00:57:45 -58976.611386] SLOW spr round 2 (radius: 5)
[00:58:15 -58976.585336] SLOW spr round 3 (radius: 10)
[00:58:52 -58904.480770] SLOW spr round 4 (radius: 5)
[00:59:21 -58904.431937] SLOW spr round 5 (radius: 10)
[00:59:57 -58904.430905] SLOW spr round 6 (radius: 15)
[01:00:38 -58904.430598] SLOW spr round 7 (radius: 20)
[01:01:24 -58904.430590] SLOW spr round 8 (radius: 25)
[01:02:03 -58904.430589] Model parameter optimization (eps = 0.100000)

[01:03:04] ML tree search #5, logLikelihood: -58875.144280

[01:03:05 -239405.462913] Initial branch length optimization
[01:03:06 -70379.627646] Model parameter optimization (eps = 10.000000)
[01:03:55 -64209.277063] AUTODETECT spr round 1 (radius: 5)
[01:04:12 -61759.930496] AUTODETECT spr round 2 (radius: 10)
[01:04:35 -60696.361834] AUTODETECT spr round 3 (radius: 15)
[01:05:07 -60120.073275] AUTODETECT spr round 4 (radius: 20)
[01:05:42 -59954.560677] AUTODETECT spr round 5 (radius: 25)
[01:06:12 -59910.726335] SPR radius for FAST iterations: 25 (autodetect)
[01:06:12 -59910.726335] Model parameter optimization (eps = 3.000000)
[01:07:10 -59186.694925] FAST spr round 1 (radius: 25)
[01:08:17 -58895.598747] FAST spr round 2 (radius: 25)
[01:08:59 -58887.424565] FAST spr round 3 (radius: 25)
[01:09:29 -58887.424532] Model parameter optimization (eps = 1.000000)
[01:09:42 -58878.895950] SLOW spr round 1 (radius: 5)
[01:10:13 -58878.868290] SLOW spr round 2 (radius: 10)
[01:10:49 -58878.867426] SLOW spr round 3 (radius: 15)
[01:11:27 -58878.867404] SLOW spr round 4 (radius: 20)
[01:12:08 -58878.867403] SLOW spr round 5 (radius: 25)
[01:12:47 -58878.540358] SLOW spr round 6 (radius: 5)
[01:13:23 -58878.540358] SLOW spr round 7 (radius: 10)
[01:14:02 -58878.540358] SLOW spr round 8 (radius: 15)
[01:14:42 -58878.540358] SLOW spr round 9 (radius: 20)
[01:15:25 -58878.540358] SLOW spr round 10 (radius: 25)
[01:16:03 -58878.540358] Model parameter optimization (eps = 0.100000)

[01:16:42] ML tree search #6, logLikelihood: -58875.312930

[01:16:42 -239361.656444] Initial branch length optimization
[01:16:43 -70279.412731] Model parameter optimization (eps = 10.000000)
[01:17:35 -64118.185216] AUTODETECT spr round 1 (radius: 5)
[01:17:53 -61632.897511] AUTODETECT spr round 2 (radius: 10)
[01:18:15 -60667.750958] AUTODETECT spr round 3 (radius: 15)
[01:18:41 -60092.760164] AUTODETECT spr round 4 (radius: 20)
[01:19:12 -59889.401453] AUTODETECT spr round 5 (radius: 25)
[01:19:43 -59821.793132] SPR radius for FAST iterations: 25 (autodetect)
[01:19:43 -59821.793132] Model parameter optimization (eps = 3.000000)
[01:20:34 -59086.749032] FAST spr round 1 (radius: 25)
[01:21:41 -58892.482566] FAST spr round 2 (radius: 25)
[01:22:25 -58886.451936] FAST spr round 3 (radius: 25)
[01:22:57 -58886.451107] Model parameter optimization (eps = 1.000000)
[01:23:10 -58878.443930] SLOW spr round 1 (radius: 5)
[01:23:40 -58878.415125] SLOW spr round 2 (radius: 10)
[01:24:14 -58878.414411] SLOW spr round 3 (radius: 15)
[01:24:53 -58878.091245] SLOW spr round 4 (radius: 5)
[01:25:25 -58878.091244] SLOW spr round 5 (radius: 10)
[01:26:00 -58878.090918] SLOW spr round 6 (radius: 15)
[01:26:40 -58878.090918] SLOW spr round 7 (radius: 20)
[01:27:23 -58878.090918] SLOW spr round 8 (radius: 25)
[01:27:58 -58878.090918] Model parameter optimization (eps = 0.100000)

[01:28:39] ML tree search #7, logLikelihood: -58874.295726

[01:28:39 -239309.957201] Initial branch length optimization
[01:28:41 -70118.617815] Model parameter optimization (eps = 10.000000)
[01:29:36 -64051.602633] AUTODETECT spr round 1 (radius: 5)
[01:29:53 -61851.015973] AUTODETECT spr round 2 (radius: 10)
[01:30:16 -60715.114818] AUTODETECT spr round 3 (radius: 15)
[01:30:45 -60117.436913] AUTODETECT spr round 4 (radius: 20)
[01:31:22 -59974.314932] AUTODETECT spr round 5 (radius: 25)
[01:31:52 -59956.256149] SPR radius for FAST iterations: 25 (autodetect)
[01:31:52 -59956.256149] Model parameter optimization (eps = 3.000000)
[01:32:42 -59290.622767] FAST spr round 1 (radius: 25)
[01:33:48 -58938.616417] FAST spr round 2 (radius: 25)
[01:34:36 -58928.387214] FAST spr round 3 (radius: 25)
[01:35:13 -58928.387189] Model parameter optimization (eps = 1.000000)
[01:35:41 -58879.096227] SLOW spr round 1 (radius: 5)
[01:36:11 -58878.762758] SLOW spr round 2 (radius: 5)
[01:36:39 -58878.761170] SLOW spr round 3 (radius: 10)
[01:37:13 -58878.761112] SLOW spr round 4 (radius: 15)
[01:37:48 -58878.761110] SLOW spr round 5 (radius: 20)
[01:38:35 -58878.760872] SLOW spr round 6 (radius: 25)
[01:39:22 -58878.760872] Model parameter optimization (eps = 0.100000)

[01:40:03] ML tree search #8, logLikelihood: -58875.117222

[01:40:03 -233566.791127] Initial branch length optimization
[01:40:04 -62128.010023] Model parameter optimization (eps = 10.000000)
[01:40:23 -58888.030385] AUTODETECT spr round 1 (radius: 5)
[01:40:40 -58884.984441] AUTODETECT spr round 2 (radius: 10)
[01:41:02 -58883.605990] AUTODETECT spr round 3 (radius: 15)
[01:41:27 -58881.366430] AUTODETECT spr round 4 (radius: 20)
[01:41:55 -58880.039131] AUTODETECT spr round 5 (radius: 25)
[01:42:24 -58880.039131] SPR radius for FAST iterations: 20 (autodetect)
[01:42:24 -58880.039131] Model parameter optimization (eps = 3.000000)
[01:42:28 -58878.539384] FAST spr round 1 (radius: 20)
[01:43:16 -58878.456287] Model parameter optimization (eps = 1.000000)
[01:43:19 -58877.772457] SLOW spr round 1 (radius: 5)
[01:43:54 -58877.715797] SLOW spr round 2 (radius: 10)
[01:44:29 -58877.645333] SLOW spr round 3 (radius: 15)
[01:45:06 -58877.645332] SLOW spr round 4 (radius: 20)
[01:45:48 -58877.644946] SLOW spr round 5 (radius: 25)
[01:46:22 -58877.644946] Model parameter optimization (eps = 0.100000)

[01:46:48] ML tree search #9, logLikelihood: -58876.318571

[01:46:48 -233567.253366] Initial branch length optimization
[01:46:49 -62133.006099] Model parameter optimization (eps = 10.000000)
[01:47:11 -58889.786618] AUTODETECT spr round 1 (radius: 5)
[01:47:29 -58885.780529] AUTODETECT spr round 2 (radius: 10)
[01:47:51 -58883.611051] AUTODETECT spr round 3 (radius: 15)
[01:48:16 -58883.610760] SPR radius for FAST iterations: 10 (autodetect)
[01:48:16 -58883.610760] Model parameter optimization (eps = 3.000000)
[01:48:19 -58882.417508] FAST spr round 1 (radius: 10)
[01:48:49 -58882.355379] Model parameter optimization (eps = 1.000000)
[01:48:53 -58881.862548] SLOW spr round 1 (radius: 5)
[01:49:29 -58881.819098] SLOW spr round 2 (radius: 10)
[01:50:01 -58881.804576] SLOW spr round 3 (radius: 15)
[01:50:36 -58881.804575] SLOW spr round 4 (radius: 20)
[01:51:13 -58881.804575] SLOW spr round 5 (radius: 25)
[01:51:49 -58877.881527] SLOW spr round 6 (radius: 5)
[01:52:26 -58877.856800] SLOW spr round 7 (radius: 10)
[01:53:00 -58877.756908] SLOW spr round 8 (radius: 15)
[01:53:34 -58877.756907] SLOW spr round 9 (radius: 20)
[01:54:12 -58877.756519] SLOW spr round 10 (radius: 25)
[01:54:47 -58877.756519] Model parameter optimization (eps = 0.100000)

[01:55:11] ML tree search #10, logLikelihood: -58876.312417

[01:55:11 -233567.066033] Initial branch length optimization
[01:55:12 -62140.887350] Model parameter optimization (eps = 10.000000)
[01:55:34 -58891.693827] AUTODETECT spr round 1 (radius: 5)
[01:55:50 -58879.147551] AUTODETECT spr round 2 (radius: 10)
[01:56:11 -58879.123934] SPR radius for FAST iterations: 5 (autodetect)
[01:56:11 -58879.123934] Model parameter optimization (eps = 3.000000)
[01:56:14 -58877.913286] FAST spr round 1 (radius: 5)
[01:56:35 -58877.850829] Model parameter optimization (eps = 1.000000)
[01:56:38 -58877.307659] SLOW spr round 1 (radius: 5)
[01:57:12 -58877.261389] SLOW spr round 2 (radius: 10)
[01:57:46 -58877.261364] SLOW spr round 3 (radius: 15)
[01:58:22 -58877.261364] SLOW spr round 4 (radius: 20)
[01:59:01 -58876.692488] SLOW spr round 5 (radius: 5)
[01:59:34 -58876.670654] SLOW spr round 6 (radius: 10)
[02:00:03 -58876.670618] SLOW spr round 7 (radius: 15)
[02:00:34 -58876.670617] SLOW spr round 8 (radius: 20)
[02:01:11 -58876.670617] SLOW spr round 9 (radius: 25)
[02:01:44 -58876.670617] Model parameter optimization (eps = 0.100000)

[02:01:56] ML tree search #11, logLikelihood: -58875.830904

[02:01:56 -233561.692860] Initial branch length optimization
[02:01:57 -62127.354015] Model parameter optimization (eps = 10.000000)
[02:02:14 -58883.023906] AUTODETECT spr round 1 (radius: 5)
[02:02:29 -58880.921099] AUTODETECT spr round 2 (radius: 10)
[02:02:48 -58879.519240] AUTODETECT spr round 3 (radius: 15)
[02:03:10 -58879.517103] SPR radius for FAST iterations: 10 (autodetect)
[02:03:10 -58879.517103] Model parameter optimization (eps = 3.000000)
[02:03:13 -58878.276939] FAST spr round 1 (radius: 10)
[02:03:38 -58878.218202] Model parameter optimization (eps = 1.000000)
[02:03:42 -58877.710994] SLOW spr round 1 (radius: 5)
[02:04:12 -58877.664664] SLOW spr round 2 (radius: 10)
[02:04:42 -58877.664616] SLOW spr round 3 (radius: 15)
[02:05:13 -58877.650002] SLOW spr round 4 (radius: 20)
[02:05:48 -58877.650002] SLOW spr round 5 (radius: 25)
[02:06:25 -58877.649811] Model parameter optimization (eps = 0.100000)

[02:06:37] ML tree search #12, logLikelihood: -58876.994098

[02:06:37 -233566.965710] Initial branch length optimization
[02:06:38 -62124.937902] Model parameter optimization (eps = 10.000000)
[02:06:56 -58885.685963] AUTODETECT spr round 1 (radius: 5)
[02:07:11 -58882.633205] AUTODETECT spr round 2 (radius: 10)
[02:07:30 -58879.088702] AUTODETECT spr round 3 (radius: 15)
[02:07:52 -58879.084383] SPR radius for FAST iterations: 10 (autodetect)
[02:07:52 -58879.084383] Model parameter optimization (eps = 3.000000)
[02:07:55 -58877.597813] FAST spr round 1 (radius: 10)
[02:08:21 -58877.516394] Model parameter optimization (eps = 1.000000)
[02:08:24 -58876.848110] SLOW spr round 1 (radius: 5)
[02:08:57 -58876.805466] SLOW spr round 2 (radius: 10)
[02:09:29 -58876.802620] SLOW spr round 3 (radius: 15)
[02:09:59 -58876.802618] SLOW spr round 4 (radius: 20)
[02:10:35 -58876.802618] SLOW spr round 5 (radius: 25)
[02:11:08 -58876.802618] Model parameter optimization (eps = 0.100000)

[02:11:24] ML tree search #13, logLikelihood: -58875.909355

[02:11:24 -233568.820850] Initial branch length optimization
[02:11:25 -62138.806739] Model parameter optimization (eps = 10.000000)
[02:11:43 -58899.901072] AUTODETECT spr round 1 (radius: 5)
[02:11:58 -58885.999871] AUTODETECT spr round 2 (radius: 10)
[02:12:18 -58883.714329] AUTODETECT spr round 3 (radius: 15)
[02:12:41 -58883.714065] SPR radius for FAST iterations: 10 (autodetect)
[02:12:41 -58883.714065] Model parameter optimization (eps = 3.000000)
[02:12:44 -58882.485119] FAST spr round 1 (radius: 10)
[02:13:09 -58882.426782] Model parameter optimization (eps = 1.000000)
[02:13:13 -58881.923598] SLOW spr round 1 (radius: 5)
[02:13:44 -58881.878637] SLOW spr round 2 (radius: 10)
[02:14:13 -58881.855014] SLOW spr round 3 (radius: 15)
[02:14:45 -58881.832291] SLOW spr round 4 (radius: 20)
[02:15:21 -58877.227365] SLOW spr round 5 (radius: 5)
[02:15:52 -58877.202447] SLOW spr round 6 (radius: 10)
[02:16:24 -58877.202353] SLOW spr round 7 (radius: 15)
[02:16:55 -58877.202352] SLOW spr round 8 (radius: 20)
[02:17:30 -58877.202352] SLOW spr round 9 (radius: 25)
[02:18:04 -58877.202352] Model parameter optimization (eps = 0.100000)

[02:18:19] ML tree search #14, logLikelihood: -58875.883931

[02:18:20 -233566.102273] Initial branch length optimization
[02:18:20 -62128.008855] Model parameter optimization (eps = 10.000000)
[02:18:39 -58888.019090] AUTODETECT spr round 1 (radius: 5)
[02:18:53 -58884.986060] AUTODETECT spr round 2 (radius: 10)
[02:19:13 -58884.964487] SPR radius for FAST iterations: 5 (autodetect)
[02:19:13 -58884.964487] Model parameter optimization (eps = 3.000000)
[02:19:16 -58883.815387] FAST spr round 1 (radius: 5)
[02:19:35 -58883.762909] Model parameter optimization (eps = 1.000000)
[02:19:38 -58883.287597] SLOW spr round 1 (radius: 5)
[02:20:08 -58883.239768] SLOW spr round 2 (radius: 10)
[02:20:38 -58883.230555] SLOW spr round 3 (radius: 15)
[02:21:09 -58879.264504] SLOW spr round 4 (radius: 5)
[02:21:40 -58879.239851] SLOW spr round 5 (radius: 10)
[02:22:11 -58879.239308] SLOW spr round 6 (radius: 15)
[02:22:42 -58879.239307] SLOW spr round 7 (radius: 20)
[02:23:17 -58878.596524] SLOW spr round 8 (radius: 5)
[02:23:48 -58878.596524] SLOW spr round 9 (radius: 10)
[02:24:19 -58878.596524] SLOW spr round 10 (radius: 15)
[02:24:50 -58878.596524] SLOW spr round 11 (radius: 20)
[02:25:25 -58878.596524] SLOW spr round 12 (radius: 25)
[02:25:58 -58878.596524] Model parameter optimization (eps = 0.100000)

[02:26:13] ML tree search #15, logLikelihood: -58877.278013

[02:26:13 -233563.949227] Initial branch length optimization
[02:26:14 -62125.436018] Model parameter optimization (eps = 10.000000)
[02:26:33 -58886.576595] AUTODETECT spr round 1 (radius: 5)
[02:26:48 -58882.724471] AUTODETECT spr round 2 (radius: 10)
[02:27:07 -58879.169360] AUTODETECT spr round 3 (radius: 15)
[02:27:29 -58879.169353] SPR radius for FAST iterations: 10 (autodetect)
[02:27:29 -58879.169353] Model parameter optimization (eps = 3.000000)
[02:27:32 -58877.639552] FAST spr round 1 (radius: 10)
[02:27:59 -58877.562536] Model parameter optimization (eps = 1.000000)
[02:28:02 -58876.873421] SLOW spr round 1 (radius: 5)
[02:28:34 -58876.835430] SLOW spr round 2 (radius: 10)
[02:29:06 -58876.832545] SLOW spr round 3 (radius: 15)
[02:29:36 -58876.832543] SLOW spr round 4 (radius: 20)
[02:30:09 -58876.832543] SLOW spr round 5 (radius: 25)
[02:30:39 -58876.832543] Model parameter optimization (eps = 0.100000)

[02:30:53] ML tree search #16, logLikelihood: -58875.924687



Final LogLikelihood: -58874.054233

AIC score: 119094.108467 / AICc score: 119125.972609 / BIC score: 124666.574478
Free parameters (model + branch lengths): 673

Best ML tree saved to: /home/hikoyu/analysis/Genome/SARS-CoV-2/phylogeny/RAxML-NG/DNA/part/3rd/SARS-CoV-2_200407.10.raxml.bestTree
All ML trees saved to: /home/hikoyu/analysis/Genome/SARS-CoV-2/phylogeny/RAxML-NG/DNA/part/3rd/SARS-CoV-2_200407.10.raxml.mlTrees
Optimized model saved to: /home/hikoyu/analysis/Genome/SARS-CoV-2/phylogeny/RAxML-NG/DNA/part/3rd/SARS-CoV-2_200407.10.raxml.bestModel

Execution log saved to: /home/hikoyu/analysis/Genome/SARS-CoV-2/phylogeny/RAxML-NG/DNA/part/3rd/SARS-CoV-2_200407.10.raxml.log

Analysis started: 10-Apr-2020 03:47:04 / finished: 10-Apr-2020 06:17:57

Elapsed time: 9053.666 seconds

