
RAxML-NG v. 0.9.0 released on 20.05.2019 by The Exelixis Lab.
Developed by: Alexey M. Kozlov and Alexandros Stamatakis.
Contributors: Diego Darriba, Tomas Flouri, Benoit Morel, Sarah Lutteropp, Ben Bettisworth.
Latest version: https://github.com/amkozlov/raxml-ng
Questions/problems/suggestions? Please visit: https://groups.google.com/forum/#!forum/raxml

RAxML-NG was called at 10-Apr-2020 01:09:24 as follows:

raxml-ng --threads 1 --search --tree rand{8},pars{8} --seed 2874238711 --prefix phylogeny/RAxML-NG/DNA/part/3rd/SARS-CoV-2_200407.6 --msa phylogeny/RAxML-NG/DNA/part/3rd/SARS-CoV-2_200407.raxml.rba --outgroup MG772933.1

Analysis options:
  run mode: ML tree search
  start tree(s): random (8) + parsimony (8)
  random seed: 2874238711
  tip-inner: OFF
  pattern compression: ON
  per-rate scalers: OFF
  site repeats: ON
  fast spr radius: AUTO
  spr subtree cutoff: 1.000000
  branch lengths: proportional (ML estimate, algorithm: NR-FAST)
  SIMD kernels: AVX2
  parallelization: NONE/sequential

[00:00:00] Loading binary alignment from file: phylogeny/RAxML-NG/DNA/part/3rd/SARS-CoV-2_200407.raxml.rba
[00:00:00] Alignment comprises 285 taxa, 22 partitions and 877 patterns

Partition 0: orf1ab_U
Model: TN93+FO+I+G4m+B
Alignment sites / patterns: 8808 / 146
Gaps: 0.07 %
Invariant sites: 95.49 %

Partition 1: orf1ab_U_p3
Model: TN93+FO+I+G4m+B
Alignment sites / patterns: 4404 / 127
Gaps: 0.07 %
Invariant sites: 73.41 %

Partition 2: orf1ab_D
Model: HKY+FO+I+G4m+B
Alignment sites / patterns: 5394 / 78
Gaps: 0.04 %
Invariant sites: 95.29 %

Partition 3: orf1ab_D_p3
Model: GTR+FO+I+G4m+B
Alignment sites / patterns: 2697 / 86
Gaps: 0.04 %
Invariant sites: 62.22 %

Partition 4: S
Model: TN93+FO+I+G4m+B
Alignment sites / patterns: 2548 / 70
Gaps: 0.01 %
Invariant sites: 86.42 %

Partition 5: S_p3
Model: HKY+FO+I+B
Alignment sites / patterns: 1274 / 86
Gaps: 0.01 %
Invariant sites: 49.92 %

Partition 6: ORF3a
Model: JC+I+G4m+B
Alignment sites / patterns: 552 / 29
Gaps: 0.00 %
Invariant sites: 92.03 %

Partition 7: ORF3a_p3
Model: TVM+FO+I+G4m+B
Alignment sites / patterns: 276 / 25
Gaps: 0.00 %
Invariant sites: 70.65 %

Partition 8: E
Model: JC+B
Alignment sites / patterns: 152 / 7
Gaps: 0.00 %
Invariant sites: 98.03 %

Partition 9: E_p3
Model: JC+B
Alignment sites / patterns: 76 / 7
Gaps: 0.00 %
Invariant sites: 96.05 %

Partition 10: M
Model: JC+I+B
Alignment sites / patterns: 446 / 14
Gaps: 0.00 %
Invariant sites: 96.86 %

Partition 11: M_p3
Model: K80+G4m+B
Alignment sites / patterns: 223 / 29
Gaps: 0.00 %
Invariant sites: 77.58 %

Partition 12: ORF6
Model: JC+B
Alignment sites / patterns: 124 / 8
Gaps: 0.00 %
Invariant sites: 95.16 %

Partition 13: ORF6_p3
Model: TN93ef+G4m+B
Alignment sites / patterns: 62 / 12
Gaps: 0.00 %
Invariant sites: 83.87 %

Partition 14: ORF7a
Model: K80+B
Alignment sites / patterns: 244 / 16
Gaps: 0.00 %
Invariant sites: 90.98 %

Partition 15: ORF7a_p3
Model: HKY+FO+I+B
Alignment sites / patterns: 122 / 17
Gaps: 0.00 %
Invariant sites: 77.87 %

Partition 16: ORF8
Model: TIM1+I+G4m+B
Alignment sites / patterns: 244 / 20
Gaps: 0.00 %
Invariant sites: 93.44 %

Partition 17: ORF8_p3
Model: HKY+FO+B
Alignment sites / patterns: 122 / 17
Gaps: 0.00 %
Invariant sites: 68.85 %

Partition 18: N
Model: HKY+FO+I+G4m+B
Alignment sites / patterns: 840 / 30
Gaps: 0.00 %
Invariant sites: 94.76 %

Partition 19: N_p3
Model: HKY+FO+G4m+B
Alignment sites / patterns: 420 / 40
Gaps: 0.00 %
Invariant sites: 74.76 %

Partition 20: ORF10
Model: JC+B
Alignment sites / patterns: 78 / 8
Gaps: 0.00 %
Invariant sites: 94.87 %

Partition 21: ORF10_p3
Model: JC+B
Alignment sites / patterns: 39 / 5
Gaps: 0.00 %
Invariant sites: 97.44 %


[00:00:00] Generating 8 random starting tree(s) with 285 taxa
[00:00:00] Generating 8 parsimony starting tree(s) with 285 taxa
[00:00:01] Data distribution: max. partitions/sites/weight per thread: 22 / 877 / 11812

Starting ML tree search with 16 distinct starting trees

[00:00:01 -239357.980519] Initial branch length optimization
[00:00:02 -70144.732756] Model parameter optimization (eps = 10.000000)
[00:00:53 -64084.384792] AUTODETECT spr round 1 (radius: 5)
[00:01:07 -61866.824924] AUTODETECT spr round 2 (radius: 10)
[00:01:27 -60912.647877] AUTODETECT spr round 3 (radius: 15)
[00:01:55 -60227.891352] AUTODETECT spr round 4 (radius: 20)
[00:02:26 -59951.749691] AUTODETECT spr round 5 (radius: 25)
[00:02:58 -59928.950934] SPR radius for FAST iterations: 25 (autodetect)
[00:02:58 -59928.950934] Model parameter optimization (eps = 3.000000)
[00:03:46 -59197.310080] FAST spr round 1 (radius: 25)
[00:04:49 -58895.525317] FAST spr round 2 (radius: 25)
[00:05:29 -58887.833973] FAST spr round 3 (radius: 25)
[00:05:57 -58887.833964] Model parameter optimization (eps = 1.000000)
[00:06:11 -58878.487848] SLOW spr round 1 (radius: 5)
[00:06:41 -58878.451559] SLOW spr round 2 (radius: 10)
[00:07:14 -58878.450709] SLOW spr round 3 (radius: 15)
[00:07:49 -58878.436327] SLOW spr round 4 (radius: 20)
[00:08:32 -58878.436326] SLOW spr round 5 (radius: 25)
[00:09:11 -58878.436326] Model parameter optimization (eps = 0.100000)

[00:09:53] ML tree search #1, logLikelihood: -58874.444633

[00:09:53 -239430.472809] Initial branch length optimization
[00:09:54 -70453.022044] Model parameter optimization (eps = 10.000000)
[00:10:42 -64222.014308] AUTODETECT spr round 1 (radius: 5)
[00:10:57 -61874.549625] AUTODETECT spr round 2 (radius: 10)
[00:11:18 -60856.434154] AUTODETECT spr round 3 (radius: 15)
[00:11:46 -60300.352361] AUTODETECT spr round 4 (radius: 20)
[00:12:14 -60147.783739] AUTODETECT spr round 5 (radius: 25)
[00:12:42 -60104.083448] SPR radius for FAST iterations: 25 (autodetect)
[00:12:42 -60104.083448] Model parameter optimization (eps = 3.000000)
[00:13:29 -59446.032006] FAST spr round 1 (radius: 25)
[00:14:36 -58972.922758] FAST spr round 2 (radius: 25)
[00:15:23 -58940.916910] FAST spr round 3 (radius: 25)
[00:16:00 -58940.885868] Model parameter optimization (eps = 1.000000)
[00:16:24 -58879.302056] SLOW spr round 1 (radius: 5)
[00:16:54 -58878.980844] SLOW spr round 2 (radius: 5)
[00:17:21 -58878.979002] SLOW spr round 3 (radius: 10)
[00:17:58 -58878.978940] SLOW spr round 4 (radius: 15)
[00:18:35 -58878.978938] SLOW spr round 5 (radius: 20)
[00:19:21 -58878.978608] SLOW spr round 6 (radius: 25)
[00:19:59 -58878.630026] SLOW spr round 7 (radius: 5)
[00:20:37 -58878.630026] SLOW spr round 8 (radius: 10)
[00:21:17 -58878.119536] SLOW spr round 9 (radius: 5)
[00:21:47 -58878.119219] SLOW spr round 10 (radius: 10)
[00:22:27 -58878.119219] SLOW spr round 11 (radius: 15)
[00:23:05 -58878.119219] SLOW spr round 12 (radius: 20)
[00:23:51 -58878.119219] SLOW spr round 13 (radius: 25)
[00:24:31 -58878.119219] Model parameter optimization (eps = 0.100000)

[00:25:15] ML tree search #2, logLikelihood: -58874.068725

[00:25:15 -239402.063607] Initial branch length optimization
[00:25:17 -70318.218580] Model parameter optimization (eps = 10.000000)
[00:26:00 -64151.229674] AUTODETECT spr round 1 (radius: 5)
[00:26:16 -61804.831482] AUTODETECT spr round 2 (radius: 10)
[00:26:37 -60840.376714] AUTODETECT spr round 3 (radius: 15)
[00:27:02 -60251.314023] AUTODETECT spr round 4 (radius: 20)
[00:27:28 -60031.939871] AUTODETECT spr round 5 (radius: 25)
[00:27:56 -60003.229484] SPR radius for FAST iterations: 25 (autodetect)
[00:27:56 -60003.229484] Model parameter optimization (eps = 3.000000)
[00:28:46 -59307.645101] FAST spr round 1 (radius: 25)
[00:29:45 -58910.420847] FAST spr round 2 (radius: 25)
[00:30:24 -58897.301944] FAST spr round 3 (radius: 25)
[00:30:56 -58897.273304] Model parameter optimization (eps = 1.000000)
[00:31:12 -58877.479604] SLOW spr round 1 (radius: 5)
[00:31:43 -58877.450230] SLOW spr round 2 (radius: 10)
[00:32:15 -58877.449425] SLOW spr round 3 (radius: 15)
[00:32:52 -58877.449397] SLOW spr round 4 (radius: 20)
[00:33:38 -58877.449396] SLOW spr round 5 (radius: 25)
[00:34:21 -58877.449396] Model parameter optimization (eps = 0.100000)

[00:34:58] ML tree search #3, logLikelihood: -58874.260091

[00:34:58 -239466.199898] Initial branch length optimization
[00:34:59 -70499.770879] Model parameter optimization (eps = 10.000000)
[00:35:45 -64241.210168] AUTODETECT spr round 1 (radius: 5)
[00:36:01 -61566.749510] AUTODETECT spr round 2 (radius: 10)
[00:36:22 -60689.149826] AUTODETECT spr round 3 (radius: 15)
[00:36:52 -60242.650844] AUTODETECT spr round 4 (radius: 20)
[00:37:18 -60154.022873] AUTODETECT spr round 5 (radius: 25)
[00:37:46 -60084.737158] SPR radius for FAST iterations: 25 (autodetect)
[00:37:46 -60084.737158] Model parameter optimization (eps = 3.000000)
[00:38:36 -59411.479506] FAST spr round 1 (radius: 25)
[00:39:42 -58939.664666] FAST spr round 2 (radius: 25)
[00:40:31 -58926.555484] FAST spr round 3 (radius: 25)
[00:41:13 -58926.521029] Model parameter optimization (eps = 1.000000)
[00:41:38 -58878.722629] SLOW spr round 1 (radius: 5)
[00:42:13 -58878.682861] SLOW spr round 2 (radius: 10)
[00:42:51 -58878.681814] SLOW spr round 3 (radius: 15)
[00:43:30 -58878.347540] SLOW spr round 4 (radius: 5)
[00:44:05 -58878.347538] SLOW spr round 5 (radius: 10)
[00:44:43 -58878.347538] SLOW spr round 6 (radius: 15)
[00:45:21 -58878.347538] SLOW spr round 7 (radius: 20)
[00:46:05 -58878.347538] SLOW spr round 8 (radius: 25)
[00:46:41 -58878.347538] Model parameter optimization (eps = 0.100000)

[00:47:25] ML tree search #4, logLikelihood: -58874.252646

[00:47:25 -239308.833546] Initial branch length optimization
[00:47:26 -70088.677820] Model parameter optimization (eps = 10.000000)
[00:48:18 -64056.991689] AUTODETECT spr round 1 (radius: 5)
[00:48:37 -61758.239389] AUTODETECT spr round 2 (radius: 10)
[00:49:00 -60702.343843] AUTODETECT spr round 3 (radius: 15)
[00:49:28 -60142.015668] AUTODETECT spr round 4 (radius: 20)
[00:50:01 -59957.125523] AUTODETECT spr round 5 (radius: 25)
[00:50:33 -59931.450450] SPR radius for FAST iterations: 25 (autodetect)
[00:50:33 -59931.450450] Model parameter optimization (eps = 3.000000)
[00:51:24 -59211.975053] FAST spr round 1 (radius: 25)
[00:52:25 -58900.092623] FAST spr round 2 (radius: 25)
[00:53:05 -58893.353285] FAST spr round 3 (radius: 25)
[00:53:34 -58893.353240] Model parameter optimization (eps = 1.000000)
[00:53:51 -58878.086003] SLOW spr round 1 (radius: 5)
[00:54:21 -58878.055865] SLOW spr round 2 (radius: 10)
[00:54:55 -58878.054776] SLOW spr round 3 (radius: 15)
[00:55:30 -58878.054745] SLOW spr round 4 (radius: 20)
[00:56:12 -58877.716181] SLOW spr round 5 (radius: 5)
[00:56:46 -58877.716181] SLOW spr round 6 (radius: 10)
[00:57:20 -58877.716181] SLOW spr round 7 (radius: 15)
[00:57:58 -58877.716181] SLOW spr round 8 (radius: 20)
[00:58:45 -58877.716181] SLOW spr round 9 (radius: 25)
[00:59:24 -58877.716181] Model parameter optimization (eps = 0.100000)

[01:00:08] ML tree search #5, logLikelihood: -58874.255589

[01:00:08 -239330.844844] Initial branch length optimization
[01:00:09 -70206.819988] Model parameter optimization (eps = 10.000000)
[01:00:57 -64135.785289] AUTODETECT spr round 1 (radius: 5)
[01:01:15 -61862.153855] AUTODETECT spr round 2 (radius: 10)
[01:01:37 -60802.578244] AUTODETECT spr round 3 (radius: 15)
[01:02:04 -60290.851586] AUTODETECT spr round 4 (radius: 20)
[01:02:34 -60033.276647] AUTODETECT spr round 5 (radius: 25)
[01:03:00 -60003.048465] SPR radius for FAST iterations: 25 (autodetect)
[01:03:00 -60003.048465] Model parameter optimization (eps = 3.000000)
[01:03:47 -59348.097192] FAST spr round 1 (radius: 25)
[01:04:48 -58998.068723] FAST spr round 2 (radius: 25)
[01:05:36 -58937.844221] FAST spr round 3 (radius: 25)
[01:06:17 -58937.503838] FAST spr round 4 (radius: 25)
[01:06:45 -58937.503659] Model parameter optimization (eps = 1.000000)
[01:07:10 -58889.116654] SLOW spr round 1 (radius: 5)
[01:07:41 -58889.061826] SLOW spr round 2 (radius: 10)
[01:08:17 -58879.829742] SLOW spr round 3 (radius: 5)
[01:08:47 -58879.829465] SLOW spr round 4 (radius: 10)
[01:09:21 -58879.829463] SLOW spr round 5 (radius: 15)
[01:10:05 -58879.829463] SLOW spr round 6 (radius: 20)
[01:10:54 -58879.503572] SLOW spr round 7 (radius: 5)
[01:11:32 -58879.503572] SLOW spr round 8 (radius: 10)
[01:12:08 -58879.503572] SLOW spr round 9 (radius: 15)
[01:12:51 -58879.503572] SLOW spr round 10 (radius: 20)
[01:13:39 -58879.503572] SLOW spr round 11 (radius: 25)
[01:14:23 -58879.503572] Model parameter optimization (eps = 0.100000)

[01:15:08] ML tree search #6, logLikelihood: -58875.283976

[01:15:08 -239313.885169] Initial branch length optimization
[01:15:10 -70134.867838] Model parameter optimization (eps = 10.000000)
[01:16:02 -64067.922677] AUTODETECT spr round 1 (radius: 5)
[01:16:21 -61879.552157] AUTODETECT spr round 2 (radius: 10)
[01:16:44 -60964.857673] AUTODETECT spr round 3 (radius: 15)
[01:17:12 -60412.994384] AUTODETECT spr round 4 (radius: 20)
[01:17:41 -60157.869482] AUTODETECT spr round 5 (radius: 25)
[01:18:12 -60097.287693] SPR radius for FAST iterations: 25 (autodetect)
[01:18:12 -60097.287693] Model parameter optimization (eps = 3.000000)
[01:19:03 -59443.512486] FAST spr round 1 (radius: 25)
[01:20:06 -59006.586048] FAST spr round 2 (radius: 25)
[01:20:52 -58930.994292] FAST spr round 3 (radius: 25)
[01:21:32 -58930.949047] Model parameter optimization (eps = 1.000000)
[01:21:58 -58878.295827] SLOW spr round 1 (radius: 5)
[01:22:30 -58878.264422] SLOW spr round 2 (radius: 10)
[01:23:07 -58878.263237] SLOW spr round 3 (radius: 15)
[01:23:47 -58878.263199] SLOW spr round 4 (radius: 20)
[01:24:28 -58877.923530] SLOW spr round 5 (radius: 5)
[01:25:04 -58877.923530] SLOW spr round 6 (radius: 10)
[01:25:43 -58877.923530] SLOW spr round 7 (radius: 15)
[01:26:24 -58877.923530] SLOW spr round 8 (radius: 20)
[01:27:06 -58877.923530] SLOW spr round 9 (radius: 25)
[01:27:39 -58877.923530] Model parameter optimization (eps = 0.100000)

[01:28:19] ML tree search #7, logLikelihood: -58874.274845

[01:28:19 -239319.823954] Initial branch length optimization
[01:28:20 -70039.126671] Model parameter optimization (eps = 10.000000)
[01:29:02 -64070.397943] AUTODETECT spr round 1 (radius: 5)
[01:29:19 -61492.527676] AUTODETECT spr round 2 (radius: 10)
[01:29:41 -60763.203191] AUTODETECT spr round 3 (radius: 15)
[01:30:10 -60009.769213] AUTODETECT spr round 4 (radius: 20)
[01:30:41 -59937.859846] AUTODETECT spr round 5 (radius: 25)
[01:31:11 -59919.954904] SPR radius for FAST iterations: 25 (autodetect)
[01:31:11 -59919.954904] Model parameter optimization (eps = 3.000000)
[01:32:00 -59260.967362] FAST spr round 1 (radius: 25)
[01:33:06 -58922.743807] FAST spr round 2 (radius: 25)
[01:33:55 -58922.683023] Model parameter optimization (eps = 1.000000)
[01:34:17 -58879.420578] SLOW spr round 1 (radius: 5)
[01:34:52 -58879.380986] SLOW spr round 2 (radius: 10)
[01:35:28 -58878.578618] SLOW spr round 3 (radius: 5)
[01:35:58 -58878.578044] SLOW spr round 4 (radius: 10)
[01:36:33 -58878.578037] SLOW spr round 5 (radius: 15)
[01:37:15 -58878.240119] SLOW spr round 6 (radius: 5)
[01:37:48 -58878.240119] SLOW spr round 7 (radius: 10)
[01:38:24 -58878.240119] SLOW spr round 8 (radius: 15)
[01:39:06 -58878.240119] SLOW spr round 9 (radius: 20)
[01:40:00 -58878.240119] SLOW spr round 10 (radius: 25)
[01:40:43 -58878.240119] Model parameter optimization (eps = 0.100000)

[01:41:23] ML tree search #8, logLikelihood: -58874.076199

[01:41:23 -233561.205326] Initial branch length optimization
[01:41:24 -62126.088944] Model parameter optimization (eps = 10.000000)
[01:41:42 -58887.240113] AUTODETECT spr round 1 (radius: 5)
[01:41:59 -58885.185209] AUTODETECT spr round 2 (radius: 10)
[01:42:20 -58883.102307] AUTODETECT spr round 3 (radius: 15)
[01:42:44 -58883.102279] SPR radius for FAST iterations: 10 (autodetect)
[01:42:44 -58883.102279] Model parameter optimization (eps = 3.000000)
[01:42:47 -58881.576216] FAST spr round 1 (radius: 10)
[01:43:15 -58881.521147] Model parameter optimization (eps = 1.000000)
[01:43:18 -58881.007608] SLOW spr round 1 (radius: 5)
[01:43:53 -58880.959816] SLOW spr round 2 (radius: 10)
[01:44:29 -58880.959774] SLOW spr round 3 (radius: 15)
[01:45:06 -58880.959773] SLOW spr round 4 (radius: 20)
[01:45:47 -58880.945342] SLOW spr round 5 (radius: 25)
[01:46:24 -58877.080744] SLOW spr round 6 (radius: 5)
[01:47:01 -58877.054408] SLOW spr round 7 (radius: 10)
[01:47:38 -58877.054355] SLOW spr round 8 (radius: 15)
[01:48:15 -58877.054355] SLOW spr round 9 (radius: 20)
[01:48:53 -58877.054355] SLOW spr round 10 (radius: 25)
[01:49:27 -58877.053933] Model parameter optimization (eps = 0.100000)

[01:49:40] ML tree search #9, logLikelihood: -58876.214121

[01:49:40 -233560.533230] Initial branch length optimization
[01:49:41 -62124.733971] Model parameter optimization (eps = 10.000000)
[01:49:59 -58885.864155] AUTODETECT spr round 1 (radius: 5)
[01:50:17 -58880.221785] AUTODETECT spr round 2 (radius: 10)
[01:50:38 -58880.183220] SPR radius for FAST iterations: 5 (autodetect)
[01:50:38 -58880.183220] Model parameter optimization (eps = 3.000000)
[01:50:40 -58878.623434] FAST spr round 1 (radius: 5)
[01:51:01 -58878.555956] Model parameter optimization (eps = 1.000000)
[01:51:04 -58877.825715] SLOW spr round 1 (radius: 5)
[01:51:37 -58877.777674] SLOW spr round 2 (radius: 10)
[01:52:10 -58877.777620] SLOW spr round 3 (radius: 15)
[01:52:44 -58877.777619] SLOW spr round 4 (radius: 20)
[01:53:21 -58877.777619] SLOW spr round 5 (radius: 25)
[01:53:55 -58877.104575] SLOW spr round 6 (radius: 5)
[01:54:32 -58877.077759] SLOW spr round 7 (radius: 10)
[01:55:07 -58877.077725] SLOW spr round 8 (radius: 15)
[01:55:43 -58877.077724] SLOW spr round 9 (radius: 20)
[01:56:22 -58877.077724] SLOW spr round 10 (radius: 25)
[01:56:56 -58877.077724] Model parameter optimization (eps = 0.100000)

[01:57:06] ML tree search #10, logLikelihood: -58876.234788

[01:57:06 -233561.898144] Initial branch length optimization
[01:57:07 -62125.994164] Model parameter optimization (eps = 10.000000)
[01:57:27 -58881.647281] AUTODETECT spr round 1 (radius: 5)
[01:57:43 -58880.925999] AUTODETECT spr round 2 (radius: 10)
[01:58:04 -58879.496783] AUTODETECT spr round 3 (radius: 15)
[01:58:28 -58879.494623] SPR radius for FAST iterations: 10 (autodetect)
[01:58:28 -58879.494623] Model parameter optimization (eps = 3.000000)
[01:58:31 -58878.268264] FAST spr round 1 (radius: 10)
[01:59:00 -58878.214632] Model parameter optimization (eps = 1.000000)
[01:59:04 -58877.707505] SLOW spr round 1 (radius: 5)
[01:59:39 -58877.664408] SLOW spr round 2 (radius: 10)
[02:00:14 -58877.664361] SLOW spr round 3 (radius: 15)
[02:00:49 -58877.632822] SLOW spr round 4 (radius: 20)
[02:01:29 -58876.999666] SLOW spr round 5 (radius: 5)
[02:02:04 -58876.978132] SLOW spr round 6 (radius: 10)
[02:02:39 -58876.978095] SLOW spr round 7 (radius: 15)
[02:03:15 -58876.978094] SLOW spr round 8 (radius: 20)
[02:03:54 -58876.978094] SLOW spr round 9 (radius: 25)
[02:04:31 -58876.978094] Model parameter optimization (eps = 0.100000)

[02:04:45] ML tree search #11, logLikelihood: -58875.921895

[02:04:46 -233568.094140] Initial branch length optimization
[02:04:46 -62135.826505] Model parameter optimization (eps = 10.000000)
[02:05:05 -58895.633591] AUTODETECT spr round 1 (radius: 5)
[02:05:22 -58891.779189] AUTODETECT spr round 2 (radius: 10)
[02:05:43 -58888.205992] AUTODETECT spr round 3 (radius: 15)
[02:06:10 -58888.205992] SPR radius for FAST iterations: 10 (autodetect)
[02:06:10 -58888.205992] Model parameter optimization (eps = 3.000000)
[02:06:13 -58886.659569] FAST spr round 1 (radius: 10)
[02:06:42 -58886.588360] Model parameter optimization (eps = 1.000000)
[02:06:45 -58885.873959] SLOW spr round 1 (radius: 5)
[02:07:20 -58885.835325] SLOW spr round 2 (radius: 10)
[02:07:55 -58885.835266] SLOW spr round 3 (radius: 15)
[02:08:31 -58885.835266] SLOW spr round 4 (radius: 20)
[02:09:12 -58877.066046] SLOW spr round 5 (radius: 5)
[02:09:47 -58877.041991] SLOW spr round 6 (radius: 10)
[02:10:23 -58877.015787] SLOW spr round 7 (radius: 15)
[02:10:56 -58877.015787] SLOW spr round 8 (radius: 20)
[02:11:35 -58877.015787] SLOW spr round 9 (radius: 25)
[02:12:10 -58877.015787] Model parameter optimization (eps = 0.100000)

[02:12:26] ML tree search #12, logLikelihood: -58875.853707

[02:12:26 -233561.217683] Initial branch length optimization
[02:12:27 -62124.737028] Model parameter optimization (eps = 10.000000)
[02:12:46 -58885.865580] AUTODETECT spr round 1 (radius: 5)
[02:13:03 -58883.797324] AUTODETECT spr round 2 (radius: 10)
[02:13:23 -58883.762945] SPR radius for FAST iterations: 5 (autodetect)
[02:13:23 -58883.762945] Model parameter optimization (eps = 3.000000)
[02:13:26 -58882.540082] FAST spr round 1 (radius: 5)
[02:13:48 -58882.485826] Model parameter optimization (eps = 1.000000)
[02:13:52 -58881.962756] SLOW spr round 1 (radius: 5)
[02:14:25 -58881.914713] SLOW spr round 2 (radius: 10)
[02:15:00 -58877.999805] SLOW spr round 3 (radius: 5)
[02:15:30 -58877.975121] SLOW spr round 4 (radius: 10)
[02:16:04 -58877.975066] SLOW spr round 5 (radius: 15)
[02:16:40 -58877.960671] SLOW spr round 6 (radius: 20)
[02:17:20 -58877.960671] SLOW spr round 7 (radius: 25)
[02:17:58 -58877.275605] SLOW spr round 8 (radius: 5)
[02:18:37 -58877.275605] SLOW spr round 9 (radius: 10)
[02:19:14 -58877.275605] SLOW spr round 10 (radius: 15)
[02:19:50 -58877.275605] SLOW spr round 11 (radius: 20)
[02:20:29 -58877.275605] SLOW spr round 12 (radius: 25)
[02:21:08 -58877.275605] Model parameter optimization (eps = 0.100000)

[02:21:23] ML tree search #13, logLikelihood: -58876.193238

[02:21:23 -233571.108354] Initial branch length optimization
[02:21:24 -62135.063375] Model parameter optimization (eps = 10.000000)
[02:21:45 -58894.754308] AUTODETECT spr round 1 (radius: 5)
[02:22:02 -58889.078799] AUTODETECT spr round 2 (radius: 10)
[02:22:23 -58888.122970] AUTODETECT spr round 3 (radius: 15)
[02:22:48 -58888.122664] SPR radius for FAST iterations: 10 (autodetect)
[02:22:48 -58888.122664] Model parameter optimization (eps = 3.000000)
[02:22:52 -58886.627485] FAST spr round 1 (radius: 10)
[02:23:20 -58886.555285] Model parameter optimization (eps = 1.000000)
[02:23:24 -58885.865981] SLOW spr round 1 (radius: 5)
[02:23:58 -58885.811763] SLOW spr round 2 (radius: 10)
[02:24:31 -58885.811607] SLOW spr round 3 (radius: 15)
[02:25:07 -58885.811606] SLOW spr round 4 (radius: 20)
[02:25:49 -58877.042231] SLOW spr round 5 (radius: 5)
[02:26:24 -58877.019309] SLOW spr round 6 (radius: 10)
[02:26:58 -58876.994359] SLOW spr round 7 (radius: 15)
[02:27:32 -58876.994358] SLOW spr round 8 (radius: 20)
[02:28:11 -58876.994358] SLOW spr round 9 (radius: 25)
[02:28:51 -58876.994358] Model parameter optimization (eps = 0.100000)

[02:29:03] ML tree search #14, logLikelihood: -58875.943934

[02:29:03 -233566.790393] Initial branch length optimization
[02:29:04 -62128.014443] Model parameter optimization (eps = 10.000000)
[02:29:25 -58888.030651] AUTODETECT spr round 1 (radius: 5)
[02:29:42 -58884.965947] AUTODETECT spr round 2 (radius: 10)
[02:30:04 -58881.377539] AUTODETECT spr round 3 (radius: 15)
[02:30:28 -58881.377523] SPR radius for FAST iterations: 10 (autodetect)
[02:30:28 -58881.377523] Model parameter optimization (eps = 3.000000)
[02:30:32 -58879.891860] FAST spr round 1 (radius: 10)
[02:31:02 -58879.821662] Model parameter optimization (eps = 1.000000)
[02:31:05 -58879.138675] SLOW spr round 1 (radius: 5)
[02:31:42 -58879.096475] SLOW spr round 2 (radius: 10)
[02:32:17 -58879.096014] SLOW spr round 3 (radius: 15)
[02:32:51 -58879.025699] SLOW spr round 4 (radius: 20)
[02:33:27 -58879.025699] SLOW spr round 5 (radius: 25)
[02:34:05 -58877.025825] SLOW spr round 6 (radius: 5)
[02:34:42 -58876.998874] SLOW spr round 7 (radius: 10)
[02:35:19 -58876.998805] SLOW spr round 8 (radius: 15)
[02:35:57 -58876.998804] SLOW spr round 9 (radius: 20)
[02:36:39 -58876.998804] SLOW spr round 10 (radius: 25)
[02:37:17 -58876.998804] Model parameter optimization (eps = 0.100000)

[02:37:30] ML tree search #15, logLikelihood: -58875.938346

[02:37:30 -233569.500208] Initial branch length optimization
[02:37:31 -62138.340401] Model parameter optimization (eps = 10.000000)
[02:37:49 -58898.243890] AUTODETECT spr round 1 (radius: 5)
[02:38:07 -58896.097338] AUTODETECT spr round 2 (radius: 10)
[02:38:30 -58895.167351] AUTODETECT spr round 3 (radius: 15)
[02:38:56 -58883.604453] AUTODETECT spr round 4 (radius: 20)
[02:39:24 -58883.599864] SPR radius for FAST iterations: 15 (autodetect)
[02:39:24 -58883.599864] Model parameter optimization (eps = 3.000000)
[02:39:28 -58882.434000] FAST spr round 1 (radius: 15)
[02:40:09 -58878.550726] FAST spr round 2 (radius: 15)
[02:40:41 -58878.521810] Model parameter optimization (eps = 1.000000)
[02:40:45 -58877.783913] SLOW spr round 1 (radius: 5)
[02:41:15 -58877.749570] SLOW spr round 2 (radius: 10)
[02:41:50 -58877.749470] SLOW spr round 3 (radius: 15)
[02:42:28 -58877.749469] SLOW spr round 4 (radius: 20)
[02:43:10 -58877.734767] SLOW spr round 5 (radius: 25)
[02:43:48 -58877.050276] SLOW spr round 6 (radius: 5)
[02:44:26 -58877.028413] SLOW spr round 7 (radius: 10)
[02:45:01 -58877.020407] SLOW spr round 8 (radius: 15)
[02:45:38 -58877.020406] SLOW spr round 9 (radius: 20)
[02:46:20 -58877.020406] SLOW spr round 10 (radius: 25)
[02:46:58 -58877.020406] Model parameter optimization (eps = 0.100000)

[02:47:13] ML tree search #16, logLikelihood: -58875.985942



Final LogLikelihood: -58874.068725

AIC score: 119094.137450 / AICc score: 119126.001593 / BIC score: 124666.603462
Free parameters (model + branch lengths): 673

Best ML tree saved to: /home/hikoyu/analysis/Genome/SARS-CoV-2/phylogeny/RAxML-NG/DNA/part/3rd/SARS-CoV-2_200407.6.raxml.bestTree
All ML trees saved to: /home/hikoyu/analysis/Genome/SARS-CoV-2/phylogeny/RAxML-NG/DNA/part/3rd/SARS-CoV-2_200407.6.raxml.mlTrees
Optimized model saved to: /home/hikoyu/analysis/Genome/SARS-CoV-2/phylogeny/RAxML-NG/DNA/part/3rd/SARS-CoV-2_200407.6.raxml.bestModel

Execution log saved to: /home/hikoyu/analysis/Genome/SARS-CoV-2/phylogeny/RAxML-NG/DNA/part/3rd/SARS-CoV-2_200407.6.raxml.log

Analysis started: 10-Apr-2020 01:09:24 / finished: 10-Apr-2020 03:56:38

Elapsed time: 10033.837 seconds

