
RAxML-NG v. 0.9.0 released on 20.05.2019 by The Exelixis Lab.
Developed by: Alexey M. Kozlov and Alexandros Stamatakis.
Contributors: Diego Darriba, Tomas Flouri, Benoit Morel, Sarah Lutteropp, Ben Bettisworth.
Latest version: https://github.com/amkozlov/raxml-ng
Questions/problems/suggestions? Please visit: https://groups.google.com/forum/#!forum/raxml

RAxML-NG was called at 11-Mar-2020 06:58:20 as follows:

raxml-ng --threads 1 --bootstrap --bs-trees 83 --seed 2114580706 --prefix phylogeny/RAxML-NG/DNA/part/3rd/SARS-CoV-2_200311.11 --msa phylogeny/RAxML-NG/DNA/part/3rd/SARS-CoV-2_200311.raxml.rba --outgroup MG772933.1

Analysis options:
  run mode: Bootstrapping
  start tree(s): 
  bootstrap replicates: 83
  random seed: 2114580706
  tip-inner: OFF
  pattern compression: ON
  per-rate scalers: OFF
  site repeats: ON
  branch lengths: proportional (ML estimate, algorithm: NR-FAST)
  SIMD kernels: AVX2
  parallelization: NONE/sequential

[00:00:00] Loading binary alignment from file: phylogeny/RAxML-NG/DNA/part/3rd/SARS-CoV-2_200311.raxml.rba
[00:00:00] Alignment comprises 64 taxa, 22 partitions and 619 patterns

Partition 0: orf1ab_U
Model: TIM2+I+B
Alignment sites / patterns: 8810 / 82
Gaps: 0.10 %
Invariant sites: 96.10 %

Partition 1: orf1ab_U_p3
Model: TN93+FO+G4m+B
Alignment sites / patterns: 4405 / 79
Gaps: 0.10 %
Invariant sites: 74.05 %

Partition 2: orf1ab_D
Model: TN93+FO+I+B
Alignment sites / patterns: 5392 / 43
Gaps: 0.00 %
Invariant sites: 95.79 %

Partition 3: orf1ab_D_p3
Model: TPM3uf+FO+G4m+B
Alignment sites / patterns: 2696 / 56
Gaps: 0.00 %
Invariant sites: 62.54 %

Partition 4: S
Model: HKY+FO+G4m+B
Alignment sites / patterns: 2548 / 55
Gaps: 0.05 %
Invariant sites: 86.70 %

Partition 5: S_p3
Model: HKY+FO+I+B
Alignment sites / patterns: 1274 / 67
Gaps: 0.05 %
Invariant sites: 50.31 %

Partition 6: ORF3a
Model: JC+I+B
Alignment sites / patterns: 552 / 23
Gaps: 0.00 %
Invariant sites: 93.12 %

Partition 7: ORF3a_p3
Model: HKY+FO+I+B
Alignment sites / patterns: 276 / 22
Gaps: 0.00 %
Invariant sites: 70.65 %

Partition 8: E
Model: JC+B
Alignment sites / patterns: 152 / 6
Gaps: 0.00 %
Invariant sites: 98.68 %

Partition 9: E_p3
Model: JC+B
Alignment sites / patterns: 76 / 6
Gaps: 0.00 %
Invariant sites: 97.37 %

Partition 10: M
Model: JC+I+B
Alignment sites / patterns: 446 / 12
Gaps: 0.01 %
Invariant sites: 97.31 %

Partition 11: M_p3
Model: K80+I+B
Alignment sites / patterns: 223 / 28
Gaps: 0.01 %
Invariant sites: 78.03 %

Partition 12: ORF6
Model: JC+B
Alignment sites / patterns: 124 / 7
Gaps: 0.00 %
Invariant sites: 95.97 %

Partition 13: ORF6_p3
Model: JC+B
Alignment sites / patterns: 62 / 9
Gaps: 0.00 %
Invariant sites: 88.71 %

Partition 14: ORF7a
Model: K80+B
Alignment sites / patterns: 244 / 14
Gaps: 0.00 %
Invariant sites: 91.80 %

Partition 15: ORF7a_p3
Model: HKY+FO+I+B
Alignment sites / patterns: 122 / 16
Gaps: 0.00 %
Invariant sites: 78.69 %

Partition 16: ORF8
Model: TN93ef+I+G4m+B
Alignment sites / patterns: 244 / 17
Gaps: 0.00 %
Invariant sites: 94.67 %

Partition 17: ORF8_p3
Model: HKY+FO+B
Alignment sites / patterns: 122 / 16
Gaps: 0.00 %
Invariant sites: 69.67 %

Partition 18: N
Model: F81+FO+I+B
Alignment sites / patterns: 840 / 21
Gaps: 0.00 %
Invariant sites: 95.71 %

Partition 19: N_p3
Model: HKY+FO+I+B
Alignment sites / patterns: 420 / 29
Gaps: 0.00 %
Invariant sites: 76.67 %

Partition 20: ORF10
Model: JC+B
Alignment sites / patterns: 78 / 6
Gaps: 0.00 %
Invariant sites: 97.44 %

Partition 21: ORF10_p3
Model: JC+B
Alignment sites / patterns: 39 / 5
Gaps: 0.00 %
Invariant sites: 97.44 %


[00:00:00] Data distribution: max. partitions/sites/weight per thread: 22 / 619 / 4960
[00:00:00] Starting bootstrapping analysis with 83 replicates.

[00:00:23] Bootstrap tree #1, logLikelihood: -56146.958138
[00:01:10] Bootstrap tree #2, logLikelihood: -56190.780878
[00:01:38] Bootstrap tree #3, logLikelihood: -55794.121935
[00:02:01] Bootstrap tree #4, logLikelihood: -56165.370299
[00:02:24] Bootstrap tree #5, logLikelihood: -56113.301321
[00:02:50] Bootstrap tree #6, logLikelihood: -56510.910129
[00:03:16] Bootstrap tree #7, logLikelihood: -56267.745622
[00:03:46] Bootstrap tree #8, logLikelihood: -56403.765485
[00:04:15] Bootstrap tree #9, logLikelihood: -56379.320577
[00:04:44] Bootstrap tree #10, logLikelihood: -56513.586295
[00:05:12] Bootstrap tree #11, logLikelihood: -56008.623036
[00:05:41] Bootstrap tree #12, logLikelihood: -56186.392674
[00:06:09] Bootstrap tree #13, logLikelihood: -56233.159871
[00:06:34] Bootstrap tree #14, logLikelihood: -56159.278111
[00:07:02] Bootstrap tree #15, logLikelihood: -55976.164695
[00:07:37] Bootstrap tree #16, logLikelihood: -56436.075507
[00:08:05] Bootstrap tree #17, logLikelihood: -55896.058639
[00:08:30] Bootstrap tree #18, logLikelihood: -55905.216362
[00:09:01] Bootstrap tree #19, logLikelihood: -56205.523800
[00:09:32] Bootstrap tree #20, logLikelihood: -56288.638391
[00:10:01] Bootstrap tree #21, logLikelihood: -56237.412867
[00:10:31] Bootstrap tree #22, logLikelihood: -56258.246416
[00:10:59] Bootstrap tree #23, logLikelihood: -56153.928982
[00:11:25] Bootstrap tree #24, logLikelihood: -56313.613541
[00:11:55] Bootstrap tree #25, logLikelihood: -56223.713374
[00:12:26] Bootstrap tree #26, logLikelihood: -56161.968487
[00:12:53] Bootstrap tree #27, logLikelihood: -56279.405731
[00:13:20] Bootstrap tree #28, logLikelihood: -55895.788737
[00:13:57] Bootstrap tree #29, logLikelihood: -56218.400114
[00:14:27] Bootstrap tree #30, logLikelihood: -56277.537106
[00:14:58] Bootstrap tree #31, logLikelihood: -56335.654257
[00:15:23] Bootstrap tree #32, logLikelihood: -56024.654138
[00:15:53] Bootstrap tree #33, logLikelihood: -56358.158407
[00:16:20] Bootstrap tree #34, logLikelihood: -56115.951046
[00:16:47] Bootstrap tree #35, logLikelihood: -56219.266849
[00:17:18] Bootstrap tree #36, logLikelihood: -56847.247080
[00:18:05] Bootstrap tree #37, logLikelihood: -56020.291213
[00:18:31] Bootstrap tree #38, logLikelihood: -55935.476346
[00:19:01] Bootstrap tree #39, logLikelihood: -56343.034506
[00:19:42] Bootstrap tree #40, logLikelihood: -56135.683458
[00:20:13] Bootstrap tree #41, logLikelihood: -56257.033784
[00:20:41] Bootstrap tree #42, logLikelihood: -56028.251601
[00:21:15] Bootstrap tree #43, logLikelihood: -56254.809065
[00:21:42] Bootstrap tree #44, logLikelihood: -56129.477738
[00:22:13] Bootstrap tree #45, logLikelihood: -56199.890272
[00:22:45] Bootstrap tree #46, logLikelihood: -55829.379961
[00:23:18] Bootstrap tree #47, logLikelihood: -56235.856508
[00:23:46] Bootstrap tree #48, logLikelihood: -56153.084913
[00:24:11] Bootstrap tree #49, logLikelihood: -56015.245638
[00:24:47] Bootstrap tree #50, logLikelihood: -56551.053307
[00:25:17] Bootstrap tree #51, logLikelihood: -56178.520150
[00:25:44] Bootstrap tree #52, logLikelihood: -56292.874446
[00:26:26] Bootstrap tree #53, logLikelihood: -56074.348763
[00:26:57] Bootstrap tree #54, logLikelihood: -56090.292266
[00:27:28] Bootstrap tree #55, logLikelihood: -56180.503277
[00:28:10] Bootstrap tree #56, logLikelihood: -55615.787506
[00:28:41] Bootstrap tree #57, logLikelihood: -56210.836596
[00:29:13] Bootstrap tree #58, logLikelihood: -55995.101931
[00:29:42] Bootstrap tree #59, logLikelihood: -56749.936120
[00:30:14] Bootstrap tree #60, logLikelihood: -56796.737615
[00:30:42] Bootstrap tree #61, logLikelihood: -56177.140789
[00:31:11] Bootstrap tree #62, logLikelihood: -55850.794248
[00:31:40] Bootstrap tree #63, logLikelihood: -56109.638788
[00:32:12] Bootstrap tree #64, logLikelihood: -56316.431371
[00:32:41] Bootstrap tree #65, logLikelihood: -56102.175209
[00:33:13] Bootstrap tree #66, logLikelihood: -56336.133990
[00:33:46] Bootstrap tree #67, logLikelihood: -56083.202072
[00:34:16] Bootstrap tree #68, logLikelihood: -56175.072552
[00:34:44] Bootstrap tree #69, logLikelihood: -56530.512233
[00:35:15] Bootstrap tree #70, logLikelihood: -56121.973570
[00:35:46] Bootstrap tree #71, logLikelihood: -56143.867879
[00:36:16] Bootstrap tree #72, logLikelihood: -56514.265136
[00:36:45] Bootstrap tree #73, logLikelihood: -56287.747302
[00:37:15] Bootstrap tree #74, logLikelihood: -55939.387417
[00:37:46] Bootstrap tree #75, logLikelihood: -56351.875838
[00:38:24] Bootstrap tree #76, logLikelihood: -56006.131092
[00:38:57] Bootstrap tree #77, logLikelihood: -55997.721130
[00:39:30] Bootstrap tree #78, logLikelihood: -56223.255201
[00:39:59] Bootstrap tree #79, logLikelihood: -56480.778174
[00:40:28] Bootstrap tree #80, logLikelihood: -55838.995770
[00:40:57] Bootstrap tree #81, logLikelihood: -56049.765539
[00:41:25] Bootstrap tree #82, logLikelihood: -55991.638559
[00:41:51] Bootstrap tree #83, logLikelihood: -56367.562531

Bootstrap trees saved to: /home/hikoyu/analysis/Genome/SARS-CoV-2/phylogeny/RAxML-NG/DNA/part/3rd/SARS-CoV-2_200311.11.raxml.bootstraps

Execution log saved to: /home/hikoyu/analysis/Genome/SARS-CoV-2/phylogeny/RAxML-NG/DNA/part/3rd/SARS-CoV-2_200311.11.raxml.log

Analysis started: 11-Mar-2020 06:58:20 / finished: 11-Mar-2020 07:40:12

Elapsed time: 2511.939 seconds

