
RAxML-NG v. 0.9.0 released on 20.05.2019 by The Exelixis Lab.
Developed by: Alexey M. Kozlov and Alexandros Stamatakis.
Contributors: Diego Darriba, Tomas Flouri, Benoit Morel, Sarah Lutteropp, Ben Bettisworth.
Latest version: https://github.com/amkozlov/raxml-ng
Questions/problems/suggestions? Please visit: https://groups.google.com/forum/#!forum/raxml

RAxML-NG was called at 01-Apr-2020 18:12:17 as follows:

raxml-ng --threads 1 --bootstrap --bs-trees 83 --seed 3028046845 --prefix phylogeny/RAxML-NG/DNA/part/3rd/SARS-CoV-2_200331.8 --msa phylogeny/RAxML-NG/DNA/part/3rd/SARS-CoV-2_200331.raxml.rba --outgroup MG772933.1

Analysis options:
  run mode: Bootstrapping
  start tree(s): 
  bootstrap replicates: 83
  random seed: 3028046845
  tip-inner: OFF
  pattern compression: ON
  per-rate scalers: OFF
  site repeats: ON
  branch lengths: proportional (ML estimate, algorithm: NR-FAST)
  SIMD kernels: AVX2
  parallelization: NONE/sequential

[00:00:00] Loading binary alignment from file: phylogeny/RAxML-NG/DNA/part/3rd/SARS-CoV-2_200331.raxml.rba
[00:00:00] Alignment comprises 117 taxa, 22 partitions and 707 patterns

Partition 0: orf1ab_U
Model: TIM2+I+B
Alignment sites / patterns: 8810 / 107
Gaps: 0.10 %
Invariant sites: 95.74 %

Partition 1: orf1ab_U_p3
Model: TN93+FO+I+G4m+B
Alignment sites / patterns: 4405 / 99
Gaps: 0.10 %
Invariant sites: 73.71 %

Partition 2: orf1ab_D
Model: TN93+FO+I+G4m+B
Alignment sites / patterns: 5394 / 56
Gaps: 0.04 %
Invariant sites: 95.57 %

Partition 3: orf1ab_D_p3
Model: TN93+FO+I+G4m+B
Alignment sites / patterns: 2697 / 62
Gaps: 0.04 %
Invariant sites: 62.48 %

Partition 4: S
Model: HKY+FO+I+G4m+B
Alignment sites / patterns: 2548 / 59
Gaps: 0.03 %
Invariant sites: 86.62 %

Partition 5: S_p3
Model: HKY+FO+I+B
Alignment sites / patterns: 1274 / 71
Gaps: 0.03 %
Invariant sites: 50.24 %

Partition 6: ORF3a
Model: JC+I+G4m+B
Alignment sites / patterns: 552 / 24
Gaps: 0.00 %
Invariant sites: 92.93 %

Partition 7: ORF3a_p3
Model: TPM3uf+FO+G4m+B
Alignment sites / patterns: 276 / 24
Gaps: 0.00 %
Invariant sites: 70.65 %

Partition 8: E
Model: JC+B
Alignment sites / patterns: 152 / 6
Gaps: 0.00 %
Invariant sites: 98.68 %

Partition 9: E_p3
Model: JC+B
Alignment sites / patterns: 76 / 6
Gaps: 0.00 %
Invariant sites: 97.37 %

Partition 10: M
Model: K80+I+B
Alignment sites / patterns: 446 / 13
Gaps: 0.00 %
Invariant sites: 97.09 %

Partition 11: M_p3
Model: K80+I+B
Alignment sites / patterns: 223 / 28
Gaps: 0.00 %
Invariant sites: 78.03 %

Partition 12: ORF6
Model: JC+B
Alignment sites / patterns: 124 / 8
Gaps: 0.00 %
Invariant sites: 95.16 %

Partition 13: ORF6_p3
Model: TN93ef+B
Alignment sites / patterns: 62 / 12
Gaps: 0.00 %
Invariant sites: 83.87 %

Partition 14: ORF7a
Model: K80+B
Alignment sites / patterns: 244 / 14
Gaps: 0.00 %
Invariant sites: 91.80 %

Partition 15: ORF7a_p3
Model: HKY+FO+I+B
Alignment sites / patterns: 122 / 17
Gaps: 0.00 %
Invariant sites: 77.87 %

Partition 16: ORF8
Model: TN93ef+I+G4m+B
Alignment sites / patterns: 244 / 18
Gaps: 0.00 %
Invariant sites: 94.26 %

Partition 17: ORF8_p3
Model: HKY+FO+B
Alignment sites / patterns: 122 / 16
Gaps: 0.00 %
Invariant sites: 69.67 %

Partition 18: N
Model: HKY+FO+I+B
Alignment sites / patterns: 840 / 24
Gaps: 0.00 %
Invariant sites: 95.36 %

Partition 19: N_p3
Model: HKY+FO+G4m+B
Alignment sites / patterns: 420 / 32
Gaps: 0.00 %
Invariant sites: 76.19 %

Partition 20: ORF10
Model: JC+B
Alignment sites / patterns: 78 / 6
Gaps: 0.00 %
Invariant sites: 97.44 %

Partition 21: ORF10_p3
Model: JC+B
Alignment sites / patterns: 39 / 5
Gaps: 0.00 %
Invariant sites: 97.44 %


[00:00:00] Data distribution: max. partitions/sites/weight per thread: 22 / 707 / 7316
[00:00:00] Starting bootstrapping analysis with 83 replicates.

[00:01:56] Bootstrap tree #1, logLikelihood: -57415.480839
[00:03:27] Bootstrap tree #2, logLikelihood: -57276.003236
[00:04:49] Bootstrap tree #3, logLikelihood: -57337.740740
[00:06:16] Bootstrap tree #4, logLikelihood: -57181.739847
[00:08:37] Bootstrap tree #5, logLikelihood: -57338.690980
[00:10:59] Bootstrap tree #6, logLikelihood: -57510.431422
[00:12:35] Bootstrap tree #7, logLikelihood: -57276.147874
[00:14:11] Bootstrap tree #8, logLikelihood: -57162.361548
[00:15:53] Bootstrap tree #9, logLikelihood: -57291.400259
[00:17:54] Bootstrap tree #10, logLikelihood: -57610.572248
[00:19:43] Bootstrap tree #11, logLikelihood: -57525.352779
[00:21:20] Bootstrap tree #12, logLikelihood: -57112.191709
[00:22:57] Bootstrap tree #13, logLikelihood: -57009.502464
[00:24:28] Bootstrap tree #14, logLikelihood: -57367.703010
[00:25:59] Bootstrap tree #15, logLikelihood: -57296.098654
[00:27:47] Bootstrap tree #16, logLikelihood: -57406.012509
[00:30:14] Bootstrap tree #17, logLikelihood: -57891.993174
[00:31:56] Bootstrap tree #18, logLikelihood: -57221.215480
[00:33:32] Bootstrap tree #19, logLikelihood: -57510.832854
[00:36:18] Bootstrap tree #20, logLikelihood: -57267.504577
[00:37:58] Bootstrap tree #21, logLikelihood: -57494.374978
[00:39:41] Bootstrap tree #22, logLikelihood: -57127.452900
[00:41:35] Bootstrap tree #23, logLikelihood: -57045.525642
[00:43:16] Bootstrap tree #24, logLikelihood: -57245.229600
[00:45:03] Bootstrap tree #25, logLikelihood: -57516.708691
[00:47:43] Bootstrap tree #26, logLikelihood: -57152.501029
[00:49:23] Bootstrap tree #27, logLikelihood: -57032.363588
[00:51:03] Bootstrap tree #28, logLikelihood: -56910.439554
[00:53:06] Bootstrap tree #29, logLikelihood: -57264.997992
[00:55:23] Bootstrap tree #30, logLikelihood: -57452.785772
[00:57:29] Bootstrap tree #31, logLikelihood: -58138.217070
[00:59:07] Bootstrap tree #32, logLikelihood: -57632.879907
[01:00:48] Bootstrap tree #33, logLikelihood: -57268.308179
[01:02:37] Bootstrap tree #34, logLikelihood: -57395.368999
[01:04:20] Bootstrap tree #35, logLikelihood: -57703.621143
[01:06:06] Bootstrap tree #36, logLikelihood: -57236.167146
[01:08:29] Bootstrap tree #37, logLikelihood: -57185.594304
[01:10:48] Bootstrap tree #38, logLikelihood: -57461.818743
[01:12:27] Bootstrap tree #39, logLikelihood: -57102.204775
[01:14:17] Bootstrap tree #40, logLikelihood: -57587.132367
[01:16:03] Bootstrap tree #41, logLikelihood: -56922.514983
[01:17:46] Bootstrap tree #42, logLikelihood: -57353.252019
[01:19:34] Bootstrap tree #43, logLikelihood: -56706.005459
[01:21:26] Bootstrap tree #44, logLikelihood: -57771.020523
[01:23:20] Bootstrap tree #45, logLikelihood: -57185.617000
[01:25:03] Bootstrap tree #46, logLikelihood: -57198.492776
[01:27:23] Bootstrap tree #47, logLikelihood: -57379.271596
[01:29:13] Bootstrap tree #48, logLikelihood: -57147.027572
[01:31:11] Bootstrap tree #49, logLikelihood: -57353.037862
[01:33:15] Bootstrap tree #50, logLikelihood: -57450.984978
[01:35:01] Bootstrap tree #51, logLikelihood: -57198.098702
[01:36:51] Bootstrap tree #52, logLikelihood: -57569.621214
[01:38:35] Bootstrap tree #53, logLikelihood: -57684.995206
[01:40:24] Bootstrap tree #54, logLikelihood: -57554.048852
[01:43:24] Bootstrap tree #55, logLikelihood: -56917.251555
[01:47:25] Bootstrap tree #56, logLikelihood: -57306.097891
[01:49:10] Bootstrap tree #57, logLikelihood: -57267.767046
[01:51:07] Bootstrap tree #58, logLikelihood: -57503.389068
[01:52:50] Bootstrap tree #59, logLikelihood: -57441.294563
[01:54:41] Bootstrap tree #60, logLikelihood: -57479.116550
[01:56:35] Bootstrap tree #61, logLikelihood: -57217.618941
[01:58:12] Bootstrap tree #62, logLikelihood: -57497.986169
[02:00:04] Bootstrap tree #63, logLikelihood: -57804.441195
[02:01:58] Bootstrap tree #64, logLikelihood: -57599.568858
[02:03:52] Bootstrap tree #65, logLikelihood: -57634.036706
[02:05:52] Bootstrap tree #66, logLikelihood: -57195.869925
[02:07:35] Bootstrap tree #67, logLikelihood: -57232.917727
[02:09:40] Bootstrap tree #68, logLikelihood: -57037.958335
[02:11:26] Bootstrap tree #69, logLikelihood: -57328.757038
[02:13:46] Bootstrap tree #70, logLikelihood: -57370.824916
[02:15:32] Bootstrap tree #71, logLikelihood: -57382.791298
[02:17:28] Bootstrap tree #72, logLikelihood: -57181.056385
[02:19:22] Bootstrap tree #73, logLikelihood: -57318.025979
[02:21:25] Bootstrap tree #74, logLikelihood: -56940.823578
[02:23:16] Bootstrap tree #75, logLikelihood: -57415.505522
[02:25:03] Bootstrap tree #76, logLikelihood: -57303.034111
[02:26:49] Bootstrap tree #77, logLikelihood: -57330.602375
[02:29:09] Bootstrap tree #78, logLikelihood: -57055.209421
[02:30:51] Bootstrap tree #79, logLikelihood: -57253.926134
[02:33:25] Bootstrap tree #80, logLikelihood: -57258.377723
[02:35:08] Bootstrap tree #81, logLikelihood: -57013.985181
[02:37:04] Bootstrap tree #82, logLikelihood: -57295.092727
[02:38:51] Bootstrap tree #83, logLikelihood: -57406.420726

Bootstrap trees saved to: /home/hikoyu/analysis/Genome/SARS-CoV-2/phylogeny/RAxML-NG/DNA/part/3rd/SARS-CoV-2_200331.8.raxml.bootstraps

Execution log saved to: /home/hikoyu/analysis/Genome/SARS-CoV-2/phylogeny/RAxML-NG/DNA/part/3rd/SARS-CoV-2_200331.8.raxml.log

Analysis started: 01-Apr-2020 18:12:17 / finished: 01-Apr-2020 20:51:09

Elapsed time: 9531.391 seconds

