
RAxML-NG v. 0.9.0 released on 20.05.2019 by The Exelixis Lab.
Developed by: Alexey M. Kozlov and Alexandros Stamatakis.
Contributors: Diego Darriba, Tomas Flouri, Benoit Morel, Sarah Lutteropp, Ben Bettisworth.
Latest version: https://github.com/amkozlov/raxml-ng
Questions/problems/suggestions? Please visit: https://groups.google.com/forum/#!forum/raxml

RAxML-NG was called at 30-Mar-2020 06:07:17 as follows:

raxml-ng --threads 1 --bootstrap --bs-trees 84 --seed 2652172648 --prefix phylogeny/RAxML-NG/DNA/part/3rd/SARS-CoV-2_200328.2 --msa phylogeny/RAxML-NG/DNA/part/3rd/SARS-CoV-2_200328.raxml.rba --outgroup MG772933.1

Analysis options:
  run mode: Bootstrapping
  start tree(s): 
  bootstrap replicates: 84
  random seed: 2652172648
  tip-inner: OFF
  pattern compression: ON
  per-rate scalers: OFF
  site repeats: ON
  branch lengths: proportional (ML estimate, algorithm: NR-FAST)
  SIMD kernels: AVX2
  parallelization: NONE/sequential

[00:00:00] Loading binary alignment from file: phylogeny/RAxML-NG/DNA/part/3rd/SARS-CoV-2_200328.raxml.rba
[00:00:00] Alignment comprises 80 taxa, 22 partitions and 659 patterns

Partition 0: orf1ab_U
Model: TN93+FO+I+B
Alignment sites / patterns: 8810 / 93
Gaps: 0.10 %
Invariant sites: 95.89 %

Partition 1: orf1ab_U_p3
Model: TN93+FO+G4m+B
Alignment sites / patterns: 4405 / 91
Gaps: 0.10 %
Invariant sites: 73.83 %

Partition 2: orf1ab_D
Model: TN93+FO+I+B
Alignment sites / patterns: 5394 / 49
Gaps: 0.04 %
Invariant sites: 95.68 %

Partition 3: orf1ab_D_p3
Model: TPM3uf+FO+G4m+B
Alignment sites / patterns: 2697 / 59
Gaps: 0.04 %
Invariant sites: 62.51 %

Partition 4: S
Model: HKY+FO+G4m+B
Alignment sites / patterns: 2548 / 57
Gaps: 0.04 %
Invariant sites: 86.66 %

Partition 5: S_p3
Model: HKY+FO+I+B
Alignment sites / patterns: 1274 / 70
Gaps: 0.04 %
Invariant sites: 50.24 %

Partition 6: ORF3a
Model: JC+I+G4m+B
Alignment sites / patterns: 552 / 24
Gaps: 0.00 %
Invariant sites: 92.93 %

Partition 7: ORF3a_p3
Model: HKY+FO+I+B
Alignment sites / patterns: 276 / 22
Gaps: 0.00 %
Invariant sites: 70.65 %

Partition 8: E
Model: JC+B
Alignment sites / patterns: 152 / 6
Gaps: 0.00 %
Invariant sites: 98.68 %

Partition 9: E_p3
Model: JC+B
Alignment sites / patterns: 76 / 6
Gaps: 0.00 %
Invariant sites: 97.37 %

Partition 10: M
Model: JC+I+G4m+B
Alignment sites / patterns: 446 / 12
Gaps: 0.01 %
Invariant sites: 97.31 %

Partition 11: M_p3
Model: K80+I+B
Alignment sites / patterns: 223 / 28
Gaps: 0.01 %
Invariant sites: 78.03 %

Partition 12: ORF6
Model: JC+B
Alignment sites / patterns: 124 / 7
Gaps: 0.00 %
Invariant sites: 95.97 %

Partition 13: ORF6_p3
Model: JC+B
Alignment sites / patterns: 62 / 9
Gaps: 0.00 %
Invariant sites: 88.71 %

Partition 14: ORF7a
Model: K80+B
Alignment sites / patterns: 244 / 14
Gaps: 0.00 %
Invariant sites: 91.80 %

Partition 15: ORF7a_p3
Model: HKY+FO+I+B
Alignment sites / patterns: 122 / 16
Gaps: 0.00 %
Invariant sites: 78.69 %

Partition 16: ORF8
Model: K80+I+G4m+B
Alignment sites / patterns: 244 / 17
Gaps: 0.00 %
Invariant sites: 94.67 %

Partition 17: ORF8_p3
Model: HKY+FO+B
Alignment sites / patterns: 122 / 16
Gaps: 0.00 %
Invariant sites: 69.67 %

Partition 18: N
Model: HKY+FO+I+B
Alignment sites / patterns: 840 / 22
Gaps: 0.00 %
Invariant sites: 95.60 %

Partition 19: N_p3
Model: HKY+FO+G4m+B
Alignment sites / patterns: 420 / 30
Gaps: 0.00 %
Invariant sites: 76.67 %

Partition 20: ORF10
Model: JC+B
Alignment sites / patterns: 78 / 6
Gaps: 0.00 %
Invariant sites: 97.44 %

Partition 21: ORF10_p3
Model: JC+B
Alignment sites / patterns: 39 / 5
Gaps: 0.00 %
Invariant sites: 97.44 %


[00:00:00] Data distribution: max. partitions/sites/weight per thread: 22 / 659 / 6116
[00:00:00] Starting bootstrapping analysis with 84 replicates.

[00:00:57] Bootstrap tree #1, logLikelihood: -56862.403264
[00:01:49] Bootstrap tree #2, logLikelihood: -56988.703421
[00:02:30] Bootstrap tree #3, logLikelihood: -56447.388264
[00:03:08] Bootstrap tree #4, logLikelihood: -56495.812288
[00:04:06] Bootstrap tree #5, logLikelihood: -56855.884300
[00:04:47] Bootstrap tree #6, logLikelihood: -56649.087029
[00:05:37] Bootstrap tree #7, logLikelihood: -56460.921768
[00:06:21] Bootstrap tree #8, logLikelihood: -56552.993724
[00:07:04] Bootstrap tree #9, logLikelihood: -56042.025051
[00:08:06] Bootstrap tree #10, logLikelihood: -56155.390399
[00:09:06] Bootstrap tree #11, logLikelihood: -56745.930791
[00:09:47] Bootstrap tree #12, logLikelihood: -56586.855651
[00:10:34] Bootstrap tree #13, logLikelihood: -56317.277467
[00:11:18] Bootstrap tree #14, logLikelihood: -56749.775154
[00:12:10] Bootstrap tree #15, logLikelihood: -56517.438126
[00:12:57] Bootstrap tree #16, logLikelihood: -56484.350534
[00:13:44] Bootstrap tree #17, logLikelihood: -56909.093806
[00:14:38] Bootstrap tree #18, logLikelihood: -56220.086654
[00:15:18] Bootstrap tree #19, logLikelihood: -56726.957065
[00:15:59] Bootstrap tree #20, logLikelihood: -56467.531919
[00:16:47] Bootstrap tree #21, logLikelihood: -56175.512299
[00:17:42] Bootstrap tree #22, logLikelihood: -56584.284442
[00:18:25] Bootstrap tree #23, logLikelihood: -56614.052308
[00:19:25] Bootstrap tree #24, logLikelihood: -56617.999102
[00:20:17] Bootstrap tree #25, logLikelihood: -56721.671285
[00:21:04] Bootstrap tree #26, logLikelihood: -56686.239892
[00:21:47] Bootstrap tree #27, logLikelihood: -56817.863935
[00:22:25] Bootstrap tree #28, logLikelihood: -56510.724411
[00:23:13] Bootstrap tree #29, logLikelihood: -56816.311561
[00:24:04] Bootstrap tree #30, logLikelihood: -56693.928436
[00:24:47] Bootstrap tree #31, logLikelihood: -56654.149432
[00:25:48] Bootstrap tree #32, logLikelihood: -56798.787137
[00:26:40] Bootstrap tree #33, logLikelihood: -56500.553163
[00:27:27] Bootstrap tree #34, logLikelihood: -56496.340241
[00:28:14] Bootstrap tree #35, logLikelihood: -56699.799330
[00:28:56] Bootstrap tree #36, logLikelihood: -56298.831052
[00:29:44] Bootstrap tree #37, logLikelihood: -56074.960045
[00:30:33] Bootstrap tree #38, logLikelihood: -56433.702642
[00:31:23] Bootstrap tree #39, logLikelihood: -56446.219999
[00:32:10] Bootstrap tree #40, logLikelihood: -56643.437227
[00:33:06] Bootstrap tree #41, logLikelihood: -56717.499920
[00:33:56] Bootstrap tree #42, logLikelihood: -56832.551454
[00:34:43] Bootstrap tree #43, logLikelihood: -57309.637404
[00:35:29] Bootstrap tree #44, logLikelihood: -57051.383398
[00:36:50] Bootstrap tree #45, logLikelihood: -56520.824925
[00:37:38] Bootstrap tree #46, logLikelihood: -56919.149104
[00:38:26] Bootstrap tree #47, logLikelihood: -56670.336978
[00:39:13] Bootstrap tree #48, logLikelihood: -56277.264119
[00:39:57] Bootstrap tree #49, logLikelihood: -56135.123178
[00:41:23] Bootstrap tree #50, logLikelihood: -56774.709868
[00:42:30] Bootstrap tree #51, logLikelihood: -56849.363506
[00:43:16] Bootstrap tree #52, logLikelihood: -56345.174245
[00:44:10] Bootstrap tree #53, logLikelihood: -56649.650248
[00:45:09] Bootstrap tree #54, logLikelihood: -57007.752164
[00:46:02] Bootstrap tree #55, logLikelihood: -56541.079487
[00:46:57] Bootstrap tree #56, logLikelihood: -56631.542484
[00:47:42] Bootstrap tree #57, logLikelihood: -56893.210670
[00:48:24] Bootstrap tree #58, logLikelihood: -56667.455923
[00:49:23] Bootstrap tree #59, logLikelihood: -56611.610111
[00:50:08] Bootstrap tree #60, logLikelihood: -57086.030546
[00:50:49] Bootstrap tree #61, logLikelihood: -56444.216336
[00:51:41] Bootstrap tree #62, logLikelihood: -56561.882904
[00:52:27] Bootstrap tree #63, logLikelihood: -56728.573781
[00:53:12] Bootstrap tree #64, logLikelihood: -56568.790332
[00:54:18] Bootstrap tree #65, logLikelihood: -56447.142134
[00:55:12] Bootstrap tree #66, logLikelihood: -56668.782664
[00:56:05] Bootstrap tree #67, logLikelihood: -56678.211233
[00:57:02] Bootstrap tree #68, logLikelihood: -56617.811402
[00:57:49] Bootstrap tree #69, logLikelihood: -56485.502550
[00:58:38] Bootstrap tree #70, logLikelihood: -56570.081265
[00:59:55] Bootstrap tree #71, logLikelihood: -56452.392338
[01:00:46] Bootstrap tree #72, logLikelihood: -56556.281399
[01:01:38] Bootstrap tree #73, logLikelihood: -56672.285143
[01:02:33] Bootstrap tree #74, logLikelihood: -56706.485240
[01:03:21] Bootstrap tree #75, logLikelihood: -56669.221309
[01:04:32] Bootstrap tree #76, logLikelihood: -56835.743021
[01:05:37] Bootstrap tree #77, logLikelihood: -57023.651868
[01:06:23] Bootstrap tree #78, logLikelihood: -57071.172227
[01:07:07] Bootstrap tree #79, logLikelihood: -56545.040638
[01:08:17] Bootstrap tree #80, logLikelihood: -57090.193405
[01:09:01] Bootstrap tree #81, logLikelihood: -56816.726776
[01:09:56] Bootstrap tree #82, logLikelihood: -56928.797541
[01:10:50] Bootstrap tree #83, logLikelihood: -56287.100003
[01:11:52] Bootstrap tree #84, logLikelihood: -56302.548105

Bootstrap trees saved to: /home/hikoyu/analysis/Genome/SARS-CoV-2/phylogeny/RAxML-NG/DNA/part/3rd/SARS-CoV-2_200328.2.raxml.bootstraps

Execution log saved to: /home/hikoyu/analysis/Genome/SARS-CoV-2/phylogeny/RAxML-NG/DNA/part/3rd/SARS-CoV-2_200328.2.raxml.log

Analysis started: 30-Mar-2020 06:07:17 / finished: 30-Mar-2020 07:19:10

Elapsed time: 4312.429 seconds

