
RAxML-NG v. 0.9.0 released on 20.05.2019 by The Exelixis Lab.
Developed by: Alexey M. Kozlov and Alexandros Stamatakis.
Contributors: Diego Darriba, Tomas Flouri, Benoit Morel, Sarah Lutteropp, Ben Bettisworth.
Latest version: https://github.com/amkozlov/raxml-ng
Questions/problems/suggestions? Please visit: https://groups.google.com/forum/#!forum/raxml

RAxML-NG was called at 22-Mar-2020 02:02:33 as follows:

raxml-ng --threads 1 --bootstrap --bs-trees 83 --seed 168969941 --prefix phylogeny/RAxML-NG/DNA/part/3rd/SARS-CoV-2_200320.10 --msa phylogeny/RAxML-NG/DNA/part/3rd/SARS-CoV-2_200320.raxml.rba --outgroup MG772933.1

Analysis options:
  run mode: Bootstrapping
  start tree(s): 
  bootstrap replicates: 83
  random seed: 168969941
  tip-inner: OFF
  pattern compression: ON
  per-rate scalers: OFF
  site repeats: ON
  branch lengths: proportional (ML estimate, algorithm: NR-FAST)
  SIMD kernels: AVX2
  parallelization: NONE/sequential

[00:00:00] Loading binary alignment from file: phylogeny/RAxML-NG/DNA/part/3rd/SARS-CoV-2_200320.raxml.rba
[00:00:00] Alignment comprises 78 taxa, 22 partitions and 642 patterns

Partition 0: orf1ab_U
Model: TIM2+I+B
Alignment sites / patterns: 8810 / 87
Gaps: 0.10 %
Invariant sites: 96.05 %

Partition 1: orf1ab_U_p3
Model: TN93+FO+G4m+B
Alignment sites / patterns: 4405 / 85
Gaps: 0.10 %
Invariant sites: 73.94 %

Partition 2: orf1ab_D
Model: TN93+FO+I+G4m+B
Alignment sites / patterns: 5394 / 48
Gaps: 0.04 %
Invariant sites: 95.70 %

Partition 3: orf1ab_D_p3
Model: TPM3uf+FO+G4m+B
Alignment sites / patterns: 2697 / 59
Gaps: 0.04 %
Invariant sites: 62.51 %

Partition 4: S
Model: HKY+FO+G4m+B
Alignment sites / patterns: 2548 / 57
Gaps: 0.04 %
Invariant sites: 86.62 %

Partition 5: S_p3
Model: HKY+FO+I+B
Alignment sites / patterns: 1274 / 69
Gaps: 0.04 %
Invariant sites: 50.24 %

Partition 6: ORF3a
Model: JC+I+G4m+B
Alignment sites / patterns: 552 / 23
Gaps: 0.00 %
Invariant sites: 93.12 %

Partition 7: ORF3a_p3
Model: HKY+FO+I+B
Alignment sites / patterns: 276 / 22
Gaps: 0.00 %
Invariant sites: 70.65 %

Partition 8: E
Model: JC+B
Alignment sites / patterns: 152 / 6
Gaps: 0.00 %
Invariant sites: 98.68 %

Partition 9: E_p3
Model: JC+B
Alignment sites / patterns: 76 / 6
Gaps: 0.00 %
Invariant sites: 97.37 %

Partition 10: M
Model: JC+I+G4m+B
Alignment sites / patterns: 446 / 12
Gaps: 0.01 %
Invariant sites: 97.31 %

Partition 11: M_p3
Model: K80+I+B
Alignment sites / patterns: 223 / 28
Gaps: 0.01 %
Invariant sites: 78.03 %

Partition 12: ORF6
Model: JC+B
Alignment sites / patterns: 124 / 7
Gaps: 0.00 %
Invariant sites: 95.97 %

Partition 13: ORF6_p3
Model: JC+B
Alignment sites / patterns: 62 / 9
Gaps: 0.00 %
Invariant sites: 88.71 %

Partition 14: ORF7a
Model: K80+B
Alignment sites / patterns: 244 / 14
Gaps: 0.00 %
Invariant sites: 91.80 %

Partition 15: ORF7a_p3
Model: HKY+FO+I+B
Alignment sites / patterns: 122 / 16
Gaps: 0.00 %
Invariant sites: 78.69 %

Partition 16: ORF8
Model: TN93ef+I+G4m+B
Alignment sites / patterns: 244 / 17
Gaps: 0.00 %
Invariant sites: 94.67 %

Partition 17: ORF8_p3
Model: HKY+FO+B
Alignment sites / patterns: 122 / 16
Gaps: 0.00 %
Invariant sites: 69.67 %

Partition 18: N
Model: HKY+FO+I+B
Alignment sites / patterns: 840 / 21
Gaps: 0.00 %
Invariant sites: 95.71 %

Partition 19: N_p3
Model: HKY+FO+G4m+B
Alignment sites / patterns: 420 / 29
Gaps: 0.00 %
Invariant sites: 76.67 %

Partition 20: ORF10
Model: JC+B
Alignment sites / patterns: 78 / 6
Gaps: 0.00 %
Invariant sites: 97.44 %

Partition 21: ORF10_p3
Model: JC+B
Alignment sites / patterns: 39 / 5
Gaps: 0.00 %
Invariant sites: 97.44 %


[00:00:00] Data distribution: max. partitions/sites/weight per thread: 22 / 642 / 6528
[00:00:00] Starting bootstrapping analysis with 83 replicates.

[00:00:42] Bootstrap tree #1, logLikelihood: -56460.881013
[00:01:29] Bootstrap tree #2, logLikelihood: -56323.709348
[00:02:16] Bootstrap tree #3, logLikelihood: -56166.880966
[00:03:02] Bootstrap tree #4, logLikelihood: -56633.379287
[00:03:51] Bootstrap tree #5, logLikelihood: -56301.742095
[00:04:39] Bootstrap tree #6, logLikelihood: -56643.646081
[00:05:26] Bootstrap tree #7, logLikelihood: -56257.173890
[00:06:27] Bootstrap tree #8, logLikelihood: -56528.721632
[00:07:15] Bootstrap tree #9, logLikelihood: -56505.259783
[00:08:07] Bootstrap tree #10, logLikelihood: -56188.201346
[00:08:58] Bootstrap tree #11, logLikelihood: -56282.580695
[00:09:46] Bootstrap tree #12, logLikelihood: -56719.164325
[00:10:29] Bootstrap tree #13, logLikelihood: -56842.374751
[00:11:46] Bootstrap tree #14, logLikelihood: -56282.372229
[00:12:30] Bootstrap tree #15, logLikelihood: -56450.776716
[00:13:12] Bootstrap tree #16, logLikelihood: -56298.056272
[00:13:58] Bootstrap tree #17, logLikelihood: -56230.529231
[00:14:49] Bootstrap tree #18, logLikelihood: -56211.601189
[00:15:55] Bootstrap tree #19, logLikelihood: -56537.518272
[00:16:49] Bootstrap tree #20, logLikelihood: -56397.583485
[00:17:30] Bootstrap tree #21, logLikelihood: -56313.491597
[00:18:32] Bootstrap tree #22, logLikelihood: -56564.295429
[00:19:42] Bootstrap tree #23, logLikelihood: -56093.884038
[00:20:35] Bootstrap tree #24, logLikelihood: -56729.519084
[00:21:22] Bootstrap tree #25, logLikelihood: -56197.804499
[00:22:13] Bootstrap tree #26, logLikelihood: -56478.718266
[00:23:07] Bootstrap tree #27, logLikelihood: -56074.188472
[00:23:59] Bootstrap tree #28, logLikelihood: -56369.733137
[00:24:49] Bootstrap tree #29, logLikelihood: -56238.307893
[00:25:38] Bootstrap tree #30, logLikelihood: -56642.275688
[00:26:38] Bootstrap tree #31, logLikelihood: -56337.042637
[00:27:31] Bootstrap tree #32, logLikelihood: -56438.746878
[00:28:20] Bootstrap tree #33, logLikelihood: -56234.441682
[00:29:07] Bootstrap tree #34, logLikelihood: -56624.120283
[00:30:02] Bootstrap tree #35, logLikelihood: -56176.084646
[00:30:52] Bootstrap tree #36, logLikelihood: -56483.859534
[00:31:48] Bootstrap tree #37, logLikelihood: -56226.656108
[00:32:58] Bootstrap tree #38, logLikelihood: -56516.213233
[00:33:49] Bootstrap tree #39, logLikelihood: -56513.440560
[00:34:36] Bootstrap tree #40, logLikelihood: -56182.422991
[00:35:29] Bootstrap tree #41, logLikelihood: -56421.841143
[00:36:16] Bootstrap tree #42, logLikelihood: -56392.214099
[00:37:21] Bootstrap tree #43, logLikelihood: -56212.043513
[00:38:07] Bootstrap tree #44, logLikelihood: -56399.908358
[00:39:15] Bootstrap tree #45, logLikelihood: -56290.334220
[00:40:08] Bootstrap tree #46, logLikelihood: -56311.694204
[00:41:10] Bootstrap tree #47, logLikelihood: -55973.912675
[00:42:01] Bootstrap tree #48, logLikelihood: -56649.367789
[00:42:43] Bootstrap tree #49, logLikelihood: -56262.296164
[00:43:34] Bootstrap tree #50, logLikelihood: -56271.843189
[00:44:25] Bootstrap tree #51, logLikelihood: -56599.434452
[00:45:15] Bootstrap tree #52, logLikelihood: -56117.334258
[00:46:14] Bootstrap tree #53, logLikelihood: -56295.268127
[00:47:04] Bootstrap tree #54, logLikelihood: -55818.035135
[00:47:53] Bootstrap tree #55, logLikelihood: -56515.101364
[00:48:41] Bootstrap tree #56, logLikelihood: -56413.681868
[00:49:48] Bootstrap tree #57, logLikelihood: -56363.018777
[00:50:39] Bootstrap tree #58, logLikelihood: -56441.332560
[00:51:31] Bootstrap tree #59, logLikelihood: -56383.397401
[00:52:19] Bootstrap tree #60, logLikelihood: -56069.162622
[00:53:04] Bootstrap tree #61, logLikelihood: -56214.544867
[00:53:53] Bootstrap tree #62, logLikelihood: -56567.554584
[00:54:41] Bootstrap tree #63, logLikelihood: -55915.527495
[00:55:37] Bootstrap tree #64, logLikelihood: -56125.146416
[00:56:24] Bootstrap tree #65, logLikelihood: -56692.042519
[00:57:11] Bootstrap tree #66, logLikelihood: -56582.813445
[00:58:03] Bootstrap tree #67, logLikelihood: -56653.309012
[00:58:58] Bootstrap tree #68, logLikelihood: -56249.415391
[00:59:44] Bootstrap tree #69, logLikelihood: -56692.368739
[01:00:35] Bootstrap tree #70, logLikelihood: -56495.804294
[01:01:32] Bootstrap tree #71, logLikelihood: -56228.461663
[01:02:24] Bootstrap tree #72, logLikelihood: -56372.549469
[01:03:35] Bootstrap tree #73, logLikelihood: -56442.466280
[01:04:23] Bootstrap tree #74, logLikelihood: -56180.482923
[01:05:25] Bootstrap tree #75, logLikelihood: -56034.284149
[01:06:40] Bootstrap tree #76, logLikelihood: -56746.582497
[01:07:35] Bootstrap tree #77, logLikelihood: -56503.674363
[01:08:14] Bootstrap tree #78, logLikelihood: -56397.190504
[01:08:51] Bootstrap tree #79, logLikelihood: -56164.983133
[01:09:27] Bootstrap tree #80, logLikelihood: -56405.923649
[01:10:06] Bootstrap tree #81, logLikelihood: -56114.611996
[01:10:49] Bootstrap tree #82, logLikelihood: -56677.285500
[01:11:49] Bootstrap tree #83, logLikelihood: -56654.215166

Bootstrap trees saved to: /home/hikoyu/analysis/Genome/SARS-CoV-2/phylogeny/RAxML-NG/DNA/part/3rd/SARS-CoV-2_200320.10.raxml.bootstraps

Execution log saved to: /home/hikoyu/analysis/Genome/SARS-CoV-2/phylogeny/RAxML-NG/DNA/part/3rd/SARS-CoV-2_200320.10.raxml.log

Analysis started: 22-Mar-2020 02:02:33 / finished: 22-Mar-2020 03:14:22

Elapsed time: 4309.876 seconds

