
RAxML-NG v. 0.9.0 released on 20.05.2019 by The Exelixis Lab.
Developed by: Alexey M. Kozlov and Alexandros Stamatakis.
Contributors: Diego Darriba, Tomas Flouri, Benoit Morel, Sarah Lutteropp, Ben Bettisworth.
Latest version: https://github.com/amkozlov/raxml-ng
Questions/problems/suggestions? Please visit: https://groups.google.com/forum/#!forum/raxml

RAxML-NG was called at 10-Apr-2020 20:50:10 as follows:

raxml-ng --threads 1 --bootstrap --bs-trees 83 --seed 725890658 --prefix phylogeny/RAxML-NG/DNA/part/3rd/SARS-CoV-2_200407.5 --msa phylogeny/RAxML-NG/DNA/part/3rd/SARS-CoV-2_200407.raxml.rba --outgroup MG772933.1

Analysis options:
  run mode: Bootstrapping
  start tree(s): 
  bootstrap replicates: 83
  random seed: 725890658
  tip-inner: OFF
  pattern compression: ON
  per-rate scalers: OFF
  site repeats: ON
  branch lengths: proportional (ML estimate, algorithm: NR-FAST)
  SIMD kernels: AVX2
  parallelization: NONE/sequential

[00:00:00] Loading binary alignment from file: phylogeny/RAxML-NG/DNA/part/3rd/SARS-CoV-2_200407.raxml.rba
[00:00:00] Alignment comprises 285 taxa, 22 partitions and 877 patterns

Partition 0: orf1ab_U
Model: TN93+FO+I+G4m+B
Alignment sites / patterns: 8808 / 146
Gaps: 0.07 %
Invariant sites: 95.49 %

Partition 1: orf1ab_U_p3
Model: TN93+FO+I+G4m+B
Alignment sites / patterns: 4404 / 127
Gaps: 0.07 %
Invariant sites: 73.41 %

Partition 2: orf1ab_D
Model: HKY+FO+I+G4m+B
Alignment sites / patterns: 5394 / 78
Gaps: 0.04 %
Invariant sites: 95.29 %

Partition 3: orf1ab_D_p3
Model: GTR+FO+I+G4m+B
Alignment sites / patterns: 2697 / 86
Gaps: 0.04 %
Invariant sites: 62.22 %

Partition 4: S
Model: TN93+FO+I+G4m+B
Alignment sites / patterns: 2548 / 70
Gaps: 0.01 %
Invariant sites: 86.42 %

Partition 5: S_p3
Model: HKY+FO+I+B
Alignment sites / patterns: 1274 / 86
Gaps: 0.01 %
Invariant sites: 49.92 %

Partition 6: ORF3a
Model: JC+I+G4m+B
Alignment sites / patterns: 552 / 29
Gaps: 0.00 %
Invariant sites: 92.03 %

Partition 7: ORF3a_p3
Model: TVM+FO+I+G4m+B
Alignment sites / patterns: 276 / 25
Gaps: 0.00 %
Invariant sites: 70.65 %

Partition 8: E
Model: JC+B
Alignment sites / patterns: 152 / 7
Gaps: 0.00 %
Invariant sites: 98.03 %

Partition 9: E_p3
Model: JC+B
Alignment sites / patterns: 76 / 7
Gaps: 0.00 %
Invariant sites: 96.05 %

Partition 10: M
Model: JC+I+B
Alignment sites / patterns: 446 / 14
Gaps: 0.00 %
Invariant sites: 96.86 %

Partition 11: M_p3
Model: K80+G4m+B
Alignment sites / patterns: 223 / 29
Gaps: 0.00 %
Invariant sites: 77.58 %

Partition 12: ORF6
Model: JC+B
Alignment sites / patterns: 124 / 8
Gaps: 0.00 %
Invariant sites: 95.16 %

Partition 13: ORF6_p3
Model: TN93ef+G4m+B
Alignment sites / patterns: 62 / 12
Gaps: 0.00 %
Invariant sites: 83.87 %

Partition 14: ORF7a
Model: K80+B
Alignment sites / patterns: 244 / 16
Gaps: 0.00 %
Invariant sites: 90.98 %

Partition 15: ORF7a_p3
Model: HKY+FO+I+B
Alignment sites / patterns: 122 / 17
Gaps: 0.00 %
Invariant sites: 77.87 %

Partition 16: ORF8
Model: TIM1+I+G4m+B
Alignment sites / patterns: 244 / 20
Gaps: 0.00 %
Invariant sites: 93.44 %

Partition 17: ORF8_p3
Model: HKY+FO+B
Alignment sites / patterns: 122 / 17
Gaps: 0.00 %
Invariant sites: 68.85 %

Partition 18: N
Model: HKY+FO+I+G4m+B
Alignment sites / patterns: 840 / 30
Gaps: 0.00 %
Invariant sites: 94.76 %

Partition 19: N_p3
Model: HKY+FO+G4m+B
Alignment sites / patterns: 420 / 40
Gaps: 0.00 %
Invariant sites: 74.76 %

Partition 20: ORF10
Model: JC+B
Alignment sites / patterns: 78 / 8
Gaps: 0.00 %
Invariant sites: 94.87 %

Partition 21: ORF10_p3
Model: JC+B
Alignment sites / patterns: 39 / 5
Gaps: 0.00 %
Invariant sites: 97.44 %


[00:00:00] Data distribution: max. partitions/sites/weight per thread: 22 / 877 / 11812
[00:00:00] Starting bootstrapping analysis with 83 replicates.

[00:08:15] Bootstrap tree #1, logLikelihood: -58805.203101
[00:18:21] Bootstrap tree #2, logLikelihood: -58795.977013
[00:30:36] Bootstrap tree #3, logLikelihood: -58464.585912
[00:42:58] Bootstrap tree #4, logLikelihood: -58604.684676
[00:52:29] Bootstrap tree #5, logLikelihood: -58517.390893
[01:02:01] Bootstrap tree #6, logLikelihood: -58579.251209
[01:10:00] Bootstrap tree #7, logLikelihood: -58586.768268
[01:19:24] Bootstrap tree #8, logLikelihood: -58707.038449
[01:29:30] Bootstrap tree #9, logLikelihood: -58988.348575
[01:40:45] Bootstrap tree #10, logLikelihood: -59259.030646
[01:50:23] Bootstrap tree #11, logLikelihood: -58836.554048
[02:00:04] Bootstrap tree #12, logLikelihood: -59111.853837
[02:11:05] Bootstrap tree #13, logLikelihood: -59082.502416
[02:23:18] Bootstrap tree #14, logLikelihood: -58564.156437
[02:33:02] Bootstrap tree #15, logLikelihood: -58224.454881
[02:46:09] Bootstrap tree #16, logLikelihood: -59258.391584
[02:56:16] Bootstrap tree #17, logLikelihood: -58276.401624
[03:05:47] Bootstrap tree #18, logLikelihood: -58488.887023
[03:16:00] Bootstrap tree #19, logLikelihood: -58941.646105
[03:25:55] Bootstrap tree #20, logLikelihood: -59103.754328
[03:36:06] Bootstrap tree #21, logLikelihood: -58594.587014
[03:44:53] Bootstrap tree #22, logLikelihood: -58974.184579
[03:57:45] Bootstrap tree #23, logLikelihood: -58967.245216
[04:07:52] Bootstrap tree #24, logLikelihood: -58889.303829
[04:19:24] Bootstrap tree #25, logLikelihood: -58799.084703
[04:32:08] Bootstrap tree #26, logLikelihood: -58830.086737
[04:41:17] Bootstrap tree #27, logLikelihood: -59457.006437
[04:51:13] Bootstrap tree #28, logLikelihood: -59014.403100
[05:02:21] Bootstrap tree #29, logLikelihood: -58637.402404
[05:15:54] Bootstrap tree #30, logLikelihood: -58571.640941
[05:26:27] Bootstrap tree #31, logLikelihood: -59702.680840
[05:36:25] Bootstrap tree #32, logLikelihood: -59058.315961
[05:46:03] Bootstrap tree #33, logLikelihood: -59291.660586
[05:56:14] Bootstrap tree #34, logLikelihood: -58841.979432
[06:05:14] Bootstrap tree #35, logLikelihood: -58832.875828
[06:18:33] Bootstrap tree #36, logLikelihood: -59053.080208
[06:27:27] Bootstrap tree #37, logLikelihood: -58901.832199
[06:36:21] Bootstrap tree #38, logLikelihood: -58787.203445
[06:45:21] Bootstrap tree #39, logLikelihood: -58689.394413
[06:54:58] Bootstrap tree #40, logLikelihood: -58645.829125
[07:05:41] Bootstrap tree #41, logLikelihood: -58984.362986
[07:15:22] Bootstrap tree #42, logLikelihood: -58443.898645
[07:27:36] Bootstrap tree #43, logLikelihood: -58573.715757
[07:36:24] Bootstrap tree #44, logLikelihood: -59022.260783
[07:46:43] Bootstrap tree #45, logLikelihood: -58830.304956
[07:56:58] Bootstrap tree #46, logLikelihood: -58586.942729
[08:06:37] Bootstrap tree #47, logLikelihood: -58837.847628
[08:18:44] Bootstrap tree #48, logLikelihood: -58446.906509
[08:29:34] Bootstrap tree #49, logLikelihood: -58470.357679
[08:39:18] Bootstrap tree #50, logLikelihood: -58543.694492
[08:53:52] Bootstrap tree #51, logLikelihood: -59153.570718
[09:04:53] Bootstrap tree #52, logLikelihood: -58801.061252
[09:17:39] Bootstrap tree #53, logLikelihood: -58647.382804
[09:26:09] Bootstrap tree #54, logLikelihood: -58219.752392
[09:34:40] Bootstrap tree #55, logLikelihood: -58693.044102
[09:45:36] Bootstrap tree #56, logLikelihood: -58379.109226
[09:57:31] Bootstrap tree #57, logLikelihood: -58492.704170
[10:07:48] Bootstrap tree #58, logLikelihood: -58961.324949
[10:18:12] Bootstrap tree #59, logLikelihood: -58573.324202
[10:27:46] Bootstrap tree #60, logLikelihood: -58937.313634
[10:36:48] Bootstrap tree #61, logLikelihood: -58454.678886
[10:48:57] Bootstrap tree #62, logLikelihood: -58879.689981
[10:58:49] Bootstrap tree #63, logLikelihood: -58348.767707
[11:13:41] Bootstrap tree #64, logLikelihood: -59464.090765
[11:27:04] Bootstrap tree #65, logLikelihood: -58530.089812
[11:36:40] Bootstrap tree #66, logLikelihood: -58661.252202
[11:46:14] Bootstrap tree #67, logLikelihood: -58536.440745
[11:55:24] Bootstrap tree #68, logLikelihood: -58770.860676
[12:06:18] Bootstrap tree #69, logLikelihood: -58090.199784
[12:16:22] Bootstrap tree #70, logLikelihood: -59149.229902
[12:25:54] Bootstrap tree #71, logLikelihood: -58626.118473
[12:37:18] Bootstrap tree #72, logLikelihood: -59030.664741
[12:48:23] Bootstrap tree #73, logLikelihood: -58776.731245
[12:58:09] Bootstrap tree #74, logLikelihood: -59242.791255
[13:08:34] Bootstrap tree #75, logLikelihood: -58495.137051
[13:18:26] Bootstrap tree #76, logLikelihood: -58197.961633
[13:29:51] Bootstrap tree #77, logLikelihood: -58679.529502
[13:40:00] Bootstrap tree #78, logLikelihood: -58543.862939
[13:53:14] Bootstrap tree #79, logLikelihood: -58479.955784
[14:05:22] Bootstrap tree #80, logLikelihood: -59044.634688
[14:15:22] Bootstrap tree #81, logLikelihood: -58748.401975
[14:26:24] Bootstrap tree #82, logLikelihood: -59211.791140
[14:34:54] Bootstrap tree #83, logLikelihood: -59058.566684

Bootstrap trees saved to: /home/hikoyu/analysis/Genome/SARS-CoV-2/phylogeny/RAxML-NG/DNA/part/3rd/SARS-CoV-2_200407.5.raxml.bootstraps

Execution log saved to: /home/hikoyu/analysis/Genome/SARS-CoV-2/phylogeny/RAxML-NG/DNA/part/3rd/SARS-CoV-2_200407.5.raxml.log

Analysis started: 10-Apr-2020 20:50:10 / finished: 11-Apr-2020 11:25:04

Elapsed time: 52494.486 seconds

