
RAxML-NG v. 0.9.0 released on 20.05.2019 by The Exelixis Lab.
Developed by: Alexey M. Kozlov and Alexandros Stamatakis.
Contributors: Diego Darriba, Tomas Flouri, Benoit Morel, Sarah Lutteropp, Ben Bettisworth.
Latest version: https://github.com/amkozlov/raxml-ng
Questions/problems/suggestions? Please visit: https://groups.google.com/forum/#!forum/raxml

RAxML-NG was called at 19-Mar-2020 06:39:20 as follows:

raxml-ng --threads 1 --search --tree rand{9},pars{9} --seed 3441483865 --prefix phylogeny/RAxML-NG/DNA/part/3rd/SARS-CoV-2_200318.2 --msa phylogeny/RAxML-NG/DNA/part/3rd/SARS-CoV-2_200318.raxml.rba --outgroup MG772933.1

Analysis options:
  run mode: ML tree search
  start tree(s): random (9) + parsimony (9)
  random seed: 3441483865
  tip-inner: OFF
  pattern compression: ON
  per-rate scalers: OFF
  site repeats: ON
  fast spr radius: AUTO
  spr subtree cutoff: 1.000000
  branch lengths: proportional (ML estimate, algorithm: NR-FAST)
  SIMD kernels: AVX2
  parallelization: NONE/sequential

[00:00:00] Loading binary alignment from file: phylogeny/RAxML-NG/DNA/part/3rd/SARS-CoV-2_200318.raxml.rba
[00:00:00] Alignment comprises 74 taxa, 22 partitions and 638 patterns

Partition 0: orf1ab_U
Model: TIM2+I+B
Alignment sites / patterns: 8810 / 86
Gaps: 0.10 %
Invariant sites: 96.06 %

Partition 1: orf1ab_U_p3
Model: TN93+FO+G4m+B
Alignment sites / patterns: 4405 / 84
Gaps: 0.10 %
Invariant sites: 73.94 %

Partition 2: orf1ab_D
Model: TN93+FO+I+G4m+B
Alignment sites / patterns: 5394 / 47
Gaps: 0.04 %
Invariant sites: 95.74 %

Partition 3: orf1ab_D_p3
Model: TPM3uf+FO+G4m+B
Alignment sites / patterns: 2697 / 59
Gaps: 0.04 %
Invariant sites: 62.51 %

Partition 4: S
Model: HKY+FO+G4m+B
Alignment sites / patterns: 2548 / 56
Gaps: 0.05 %
Invariant sites: 86.66 %

Partition 5: S_p3
Model: HKY+FO+I+B
Alignment sites / patterns: 1274 / 69
Gaps: 0.05 %
Invariant sites: 50.24 %

Partition 6: ORF3a
Model: JC+I+G4m+B
Alignment sites / patterns: 552 / 23
Gaps: 0.00 %
Invariant sites: 93.12 %

Partition 7: ORF3a_p3
Model: HKY+FO+I+B
Alignment sites / patterns: 276 / 22
Gaps: 0.00 %
Invariant sites: 70.65 %

Partition 8: E
Model: JC+B
Alignment sites / patterns: 152 / 6
Gaps: 0.00 %
Invariant sites: 98.68 %

Partition 9: E_p3
Model: JC+B
Alignment sites / patterns: 76 / 6
Gaps: 0.00 %
Invariant sites: 97.37 %

Partition 10: M
Model: JC+I+B
Alignment sites / patterns: 446 / 12
Gaps: 0.01 %
Invariant sites: 97.31 %

Partition 11: M_p3
Model: K80+I+B
Alignment sites / patterns: 223 / 28
Gaps: 0.01 %
Invariant sites: 78.03 %

Partition 12: ORF6
Model: JC+B
Alignment sites / patterns: 124 / 7
Gaps: 0.00 %
Invariant sites: 95.97 %

Partition 13: ORF6_p3
Model: JC+B
Alignment sites / patterns: 62 / 9
Gaps: 0.00 %
Invariant sites: 88.71 %

Partition 14: ORF7a
Model: K80+B
Alignment sites / patterns: 244 / 14
Gaps: 0.00 %
Invariant sites: 91.80 %

Partition 15: ORF7a_p3
Model: HKY+FO+I+B
Alignment sites / patterns: 122 / 16
Gaps: 0.00 %
Invariant sites: 78.69 %

Partition 16: ORF8
Model: K80+I+G4m+B
Alignment sites / patterns: 244 / 17
Gaps: 0.00 %
Invariant sites: 94.67 %

Partition 17: ORF8_p3
Model: HKY+FO+B
Alignment sites / patterns: 122 / 16
Gaps: 0.00 %
Invariant sites: 69.67 %

Partition 18: N
Model: HKY+FO+I+B
Alignment sites / patterns: 840 / 21
Gaps: 0.00 %
Invariant sites: 95.71 %

Partition 19: N_p3
Model: HKY+FO+G4m+B
Alignment sites / patterns: 420 / 29
Gaps: 0.00 %
Invariant sites: 76.67 %

Partition 20: ORF10
Model: JC+B
Alignment sites / patterns: 78 / 6
Gaps: 0.00 %
Invariant sites: 97.44 %

Partition 21: ORF10_p3
Model: JC+B
Alignment sites / patterns: 39 / 5
Gaps: 0.00 %
Invariant sites: 97.44 %


[00:00:00] Generating 9 random starting tree(s) with 74 taxa
[00:00:00] Generating 9 parsimony starting tree(s) with 74 taxa
[00:00:00] Data distribution: max. partitions/sites/weight per thread: 22 / 638 / 6332

Starting ML tree search with 18 distinct starting trees

[00:00:00 -150087.154672] Initial branch length optimization
[00:00:00 -60752.859941] Model parameter optimization (eps = 10.000000)
[00:00:05 -57227.547354] AUTODETECT spr round 1 (radius: 5)
[00:00:06 -56886.142840] AUTODETECT spr round 2 (radius: 10)
[00:00:08 -56599.073448] AUTODETECT spr round 3 (radius: 15)
[00:00:09 -56582.151355] AUTODETECT spr round 4 (radius: 20)
[00:00:11 -56581.420047] AUTODETECT spr round 5 (radius: 25)
[00:00:11 -56581.419518] SPR radius for FAST iterations: 20 (autodetect)
[00:00:11 -56581.419518] Model parameter optimization (eps = 3.000000)
[00:00:14 -56553.951801] FAST spr round 1 (radius: 20)
[00:00:18 -56471.291879] FAST spr round 2 (radius: 20)
[00:00:21 -56471.280497] Model parameter optimization (eps = 1.000000)
[00:00:23 -56467.514397] SLOW spr round 1 (radius: 5)
[00:00:27 -56467.512552] SLOW spr round 2 (radius: 10)
[00:00:32 -56467.512541] SLOW spr round 3 (radius: 15)
[00:00:36 -56467.512540] SLOW spr round 4 (radius: 20)
[00:00:40 -56467.512540] SLOW spr round 5 (radius: 25)
[00:00:41 -56467.512540] Model parameter optimization (eps = 0.100000)

[00:00:42] ML tree search #1, logLikelihood: -56467.291703

[00:00:42 -150104.558036] Initial branch length optimization
[00:00:42 -60828.195405] Model parameter optimization (eps = 10.000000)
[00:00:48 -57246.591563] AUTODETECT spr round 1 (radius: 5)
[00:00:49 -56919.231077] AUTODETECT spr round 2 (radius: 10)
[00:00:51 -56681.572910] AUTODETECT spr round 3 (radius: 15)
[00:00:53 -56580.418767] AUTODETECT spr round 4 (radius: 20)
[00:00:54 -56564.089134] AUTODETECT spr round 5 (radius: 25)
[00:00:55 -56564.089130] SPR radius for FAST iterations: 20 (autodetect)
[00:00:55 -56564.089130] Model parameter optimization (eps = 3.000000)
[00:00:59 -56535.679448] FAST spr round 1 (radius: 20)
[00:01:04 -56469.893322] FAST spr round 2 (radius: 20)
[00:01:07 -56469.890004] Model parameter optimization (eps = 1.000000)
[00:01:08 -56468.504061] SLOW spr round 1 (radius: 5)
[00:01:12 -56468.502382] SLOW spr round 2 (radius: 10)
[00:01:18 -56468.322966] SLOW spr round 3 (radius: 5)
[00:01:22 -56468.321459] SLOW spr round 4 (radius: 10)
[00:01:28 -56468.321457] SLOW spr round 5 (radius: 15)
[00:01:32 -56468.321457] SLOW spr round 6 (radius: 20)
[00:01:36 -56468.321457] SLOW spr round 7 (radius: 25)
[00:01:38 -56468.321457] Model parameter optimization (eps = 0.100000)

[00:01:40] ML tree search #2, logLikelihood: -56467.275122

[00:01:40 -150090.641416] Initial branch length optimization
[00:01:40 -60749.998726] Model parameter optimization (eps = 10.000000)
[00:01:45 -57235.553660] AUTODETECT spr round 1 (radius: 5)
[00:01:47 -56800.539220] AUTODETECT spr round 2 (radius: 10)
[00:01:48 -56602.581857] AUTODETECT spr round 3 (radius: 15)
[00:01:50 -56602.569231] SPR radius for FAST iterations: 10 (autodetect)
[00:01:50 -56602.569231] Model parameter optimization (eps = 3.000000)
[00:01:52 -56582.096634] FAST spr round 1 (radius: 10)
[00:01:55 -56481.390625] FAST spr round 2 (radius: 10)
[00:01:58 -56481.382032] Model parameter optimization (eps = 1.000000)
[00:02:01 -56468.790244] SLOW spr round 1 (radius: 5)
[00:02:06 -56468.731558] SLOW spr round 2 (radius: 10)
[00:02:12 -56468.714908] SLOW spr round 3 (radius: 15)
[00:02:17 -56468.714905] SLOW spr round 4 (radius: 20)
[00:02:21 -56468.714905] SLOW spr round 5 (radius: 25)
[00:02:23 -56468.714905] Model parameter optimization (eps = 0.100000)

[00:02:25] ML tree search #3, logLikelihood: -56467.339120

[00:02:25 -150092.508794] Initial branch length optimization
[00:02:26 -60751.388371] Model parameter optimization (eps = 10.000000)
[00:02:30 -57226.244187] AUTODETECT spr round 1 (radius: 5)
[00:02:32 -56850.244669] AUTODETECT spr round 2 (radius: 10)
[00:02:33 -56665.645427] AUTODETECT spr round 3 (radius: 15)
[00:02:35 -56603.044021] AUTODETECT spr round 4 (radius: 20)
[00:02:37 -56603.013272] SPR radius for FAST iterations: 15 (autodetect)
[00:02:37 -56603.013272] Model parameter optimization (eps = 3.000000)
[00:02:38 -56583.231743] FAST spr round 1 (radius: 15)
[00:02:43 -56482.321414] FAST spr round 2 (radius: 15)
[00:02:46 -56482.305034] Model parameter optimization (eps = 1.000000)
[00:02:49 -56468.778741] SLOW spr round 1 (radius: 5)
[00:02:53 -56468.760653] SLOW spr round 2 (radius: 10)
[00:02:58 -56468.758407] SLOW spr round 3 (radius: 15)
[00:03:04 -56468.732767] SLOW spr round 4 (radius: 20)
[00:03:07 -56468.731152] SLOW spr round 5 (radius: 25)
[00:03:09 -56468.731151] Model parameter optimization (eps = 0.100000)

[00:03:11] ML tree search #4, logLikelihood: -56467.333894

[00:03:12 -150085.222146] Initial branch length optimization
[00:03:12 -60754.441766] Model parameter optimization (eps = 10.000000)
[00:03:17 -57216.824242] AUTODETECT spr round 1 (radius: 5)
[00:03:18 -56884.699998] AUTODETECT spr round 2 (radius: 10)
[00:03:20 -56722.869211] AUTODETECT spr round 3 (radius: 15)
[00:03:22 -56568.323929] AUTODETECT spr round 4 (radius: 20)
[00:03:23 -56567.814966] AUTODETECT spr round 5 (radius: 25)
[00:03:24 -56567.814220] SPR radius for FAST iterations: 20 (autodetect)
[00:03:24 -56567.814220] Model parameter optimization (eps = 3.000000)
[00:03:26 -56540.293624] FAST spr round 1 (radius: 20)
[00:03:31 -56471.161208] FAST spr round 2 (radius: 20)
[00:03:34 -56471.156475] Model parameter optimization (eps = 1.000000)
[00:03:35 -56468.346210] SLOW spr round 1 (radius: 5)
[00:03:39 -56468.343076] SLOW spr round 2 (radius: 10)
[00:03:44 -56468.342998] SLOW spr round 3 (radius: 15)
[00:03:48 -56468.342993] SLOW spr round 4 (radius: 20)
[00:03:51 -56468.342993] SLOW spr round 5 (radius: 25)
[00:03:54 -56468.342993] Model parameter optimization (eps = 0.100000)

[00:03:55] ML tree search #5, logLikelihood: -56467.886052

[00:03:55 -150077.748181] Initial branch length optimization
[00:03:55 -60711.234253] Model parameter optimization (eps = 10.000000)
[00:04:00 -57209.129680] AUTODETECT spr round 1 (radius: 5)
[00:04:01 -56788.443150] AUTODETECT spr round 2 (radius: 10)
[00:04:03 -56593.012302] AUTODETECT spr round 3 (radius: 15)
[00:04:05 -56592.970333] SPR radius for FAST iterations: 10 (autodetect)
[00:04:05 -56592.970333] Model parameter optimization (eps = 3.000000)
[00:04:07 -56576.750061] FAST spr round 1 (radius: 10)
[00:04:10 -56482.465732] FAST spr round 2 (radius: 10)
[00:04:13 -56482.450198] Model parameter optimization (eps = 1.000000)
[00:04:16 -56468.859899] SLOW spr round 1 (radius: 5)
[00:04:20 -56468.845892] SLOW spr round 2 (radius: 10)
[00:04:25 -56468.844739] SLOW spr round 3 (radius: 15)
[00:04:29 -56468.844407] SLOW spr round 4 (radius: 20)
[00:04:32 -56468.844405] SLOW spr round 5 (radius: 25)
[00:04:34 -56468.844405] Model parameter optimization (eps = 0.100000)

[00:04:37] ML tree search #6, logLikelihood: -56467.918142

[00:04:37 -150087.142659] Initial branch length optimization
[00:04:37 -60742.877073] Model parameter optimization (eps = 10.000000)
[00:04:42 -57218.050796] AUTODETECT spr round 1 (radius: 5)
[00:04:43 -56850.742354] AUTODETECT spr round 2 (radius: 10)
[00:04:45 -56616.586480] AUTODETECT spr round 3 (radius: 15)
[00:04:47 -56598.762927] AUTODETECT spr round 4 (radius: 20)
[00:04:48 -56598.543489] AUTODETECT spr round 5 (radius: 25)
[00:04:49 -56598.458888] SPR radius for FAST iterations: 20 (autodetect)
[00:04:49 -56598.458888] Model parameter optimization (eps = 3.000000)
[00:04:52 -56581.386751] FAST spr round 1 (radius: 20)
[00:04:56 -56481.981560] FAST spr round 2 (radius: 20)
[00:05:00 -56481.964021] Model parameter optimization (eps = 1.000000)
[00:05:03 -56468.795610] SLOW spr round 1 (radius: 5)
[00:05:08 -56468.772243] SLOW spr round 2 (radius: 10)
[00:05:13 -56468.770187] SLOW spr round 3 (radius: 15)
[00:05:17 -56468.770187] SLOW spr round 4 (radius: 20)
[00:05:20 -56468.770187] SLOW spr round 5 (radius: 25)
[00:05:23 -56468.770187] Model parameter optimization (eps = 0.100000)

[00:05:25] ML tree search #7, logLikelihood: -56467.909216

[00:05:25 -150087.472476] Initial branch length optimization
[00:05:25 -60764.681838] Model parameter optimization (eps = 10.000000)
[00:05:30 -57246.158530] AUTODETECT spr round 1 (radius: 5)
[00:05:31 -56896.788919] AUTODETECT spr round 2 (radius: 10)
[00:05:33 -56637.126595] AUTODETECT spr round 3 (radius: 15)
[00:05:35 -56583.555850] AUTODETECT spr round 4 (radius: 20)
[00:05:36 -56583.555850] SPR radius for FAST iterations: 15 (autodetect)
[00:05:36 -56583.555850] Model parameter optimization (eps = 3.000000)
[00:05:38 -56564.732880] FAST spr round 1 (radius: 15)
[00:05:42 -56483.404200] FAST spr round 2 (radius: 15)
[00:05:46 -56482.529287] FAST spr round 3 (radius: 15)
[00:05:48 -56482.526427] Model parameter optimization (eps = 1.000000)
[00:05:51 -56468.754498] SLOW spr round 1 (radius: 5)
[00:05:55 -56468.733061] SLOW spr round 2 (radius: 10)
[00:05:59 -56468.731098] SLOW spr round 3 (radius: 15)
[00:06:03 -56468.730887] SLOW spr round 4 (radius: 20)
[00:06:06 -56468.730886] SLOW spr round 5 (radius: 25)
[00:06:09 -56468.730886] Model parameter optimization (eps = 0.100000)

[00:06:11] ML tree search #8, logLikelihood: -56467.921099

[00:06:11 -150097.675762] Initial branch length optimization
[00:06:12 -60776.066288] Model parameter optimization (eps = 10.000000)
[00:06:16 -57231.503984] AUTODETECT spr round 1 (radius: 5)
[00:06:17 -56840.329221] AUTODETECT spr round 2 (radius: 10)
[00:06:19 -56584.978532] AUTODETECT spr round 3 (radius: 15)
[00:06:21 -56575.448873] AUTODETECT spr round 4 (radius: 20)
[00:06:22 -56575.234576] AUTODETECT spr round 5 (radius: 25)
[00:06:24 -56574.784277] SPR radius for FAST iterations: 25 (autodetect)
[00:06:24 -56574.784277] Model parameter optimization (eps = 3.000000)
[00:06:26 -56553.664581] FAST spr round 1 (radius: 25)
[00:06:31 -56481.439971] FAST spr round 2 (radius: 25)
[00:06:35 -56481.429666] Model parameter optimization (eps = 1.000000)
[00:06:38 -56468.817530] SLOW spr round 1 (radius: 5)
[00:06:42 -56468.802526] SLOW spr round 2 (radius: 10)
[00:06:48 -56468.800154] SLOW spr round 3 (radius: 15)
[00:06:53 -56468.798357] SLOW spr round 4 (radius: 20)
[00:06:56 -56468.798346] SLOW spr round 5 (radius: 25)
[00:06:58 -56468.798345] Model parameter optimization (eps = 0.100000)

[00:07:00] ML tree search #9, logLikelihood: -56467.936230

[00:07:00 -147423.317411] Initial branch length optimization
[00:07:00 -59429.093022] Model parameter optimization (eps = 10.000000)
[00:07:03 -56498.417304] AUTODETECT spr round 1 (radius: 5)
[00:07:04 -56488.905281] AUTODETECT spr round 2 (radius: 10)
[00:07:06 -56488.903424] SPR radius for FAST iterations: 5 (autodetect)
[00:07:06 -56488.903424] Model parameter optimization (eps = 3.000000)
[00:07:09 -56475.556432] FAST spr round 1 (radius: 5)
[00:07:11 -56475.448139] FAST spr round 2 (radius: 5)
[00:07:13 -56475.444174] Model parameter optimization (eps = 1.000000)
[00:07:15 -56471.061295] SLOW spr round 1 (radius: 5)
[00:07:19 -56471.006223] SLOW spr round 2 (radius: 10)
[00:07:25 -56470.990330] SLOW spr round 3 (radius: 15)
[00:07:28 -56470.626932] SLOW spr round 4 (radius: 5)
[00:07:33 -56470.624534] SLOW spr round 5 (radius: 10)
[00:07:38 -56470.624528] SLOW spr round 6 (radius: 15)
[00:07:41 -56470.624528] SLOW spr round 7 (radius: 20)
[00:07:44 -56470.624528] SLOW spr round 8 (radius: 25)
[00:07:45 -56470.624528] Model parameter optimization (eps = 0.100000)

[00:07:49] ML tree search #10, logLikelihood: -56468.736118

[00:07:49 -147429.443992] Initial branch length optimization
[00:07:49 -59431.899485] Model parameter optimization (eps = 10.000000)
[00:07:52 -56498.320719] AUTODETECT spr round 1 (radius: 5)
[00:07:54 -56488.210551] AUTODETECT spr round 2 (radius: 10)
[00:07:55 -56487.763409] AUTODETECT spr round 3 (radius: 15)
[00:07:57 -56487.763308] SPR radius for FAST iterations: 10 (autodetect)
[00:07:57 -56487.763308] Model parameter optimization (eps = 3.000000)
[00:07:59 -56474.816630] FAST spr round 1 (radius: 10)
[00:08:02 -56474.703614] FAST spr round 2 (radius: 10)
[00:08:04 -56474.697031] Model parameter optimization (eps = 1.000000)
[00:08:06 -56470.408553] SLOW spr round 1 (radius: 5)
[00:08:10 -56470.362007] SLOW spr round 2 (radius: 10)
[00:08:16 -56470.345390] SLOW spr round 3 (radius: 15)
[00:08:20 -56470.345389] SLOW spr round 4 (radius: 20)
[00:08:23 -56470.345389] SLOW spr round 5 (radius: 25)
[00:08:26 -56470.345389] Model parameter optimization (eps = 0.100000)

[00:08:29] ML tree search #11, logLikelihood: -56468.740254

[00:08:30 -147419.117820] Initial branch length optimization
[00:08:30 -59420.247948] Model parameter optimization (eps = 10.000000)
[00:08:33 -56489.147116] AUTODETECT spr round 1 (radius: 5)
[00:08:34 -56489.051311] SPR radius for FAST iterations: 5 (autodetect)
[00:08:34 -56489.051311] Model parameter optimization (eps = 3.000000)
[00:08:37 -56475.719185] FAST spr round 1 (radius: 5)
[00:08:39 -56475.615604] FAST spr round 2 (radius: 5)
[00:08:41 -56475.608339] Model parameter optimization (eps = 1.000000)
[00:08:43 -56471.124454] SLOW spr round 1 (radius: 5)
[00:08:47 -56471.073986] SLOW spr round 2 (radius: 10)
[00:08:53 -56470.708469] SLOW spr round 3 (radius: 5)
[00:08:57 -56470.704624] SLOW spr round 4 (radius: 10)
[00:09:02 -56470.704622] SLOW spr round 5 (radius: 15)
[00:09:07 -56470.704622] SLOW spr round 6 (radius: 20)
[00:09:09 -56470.704622] SLOW spr round 7 (radius: 25)
[00:09:09 -56470.704622] Model parameter optimization (eps = 0.100000)

[00:09:13] ML tree search #12, logLikelihood: -56468.748617

[00:09:13 -147419.293256] Initial branch length optimization
[00:09:13 -59419.104918] Model parameter optimization (eps = 10.000000)
[00:09:17 -56488.354437] AUTODETECT spr round 1 (radius: 5)
[00:09:18 -56488.274502] SPR radius for FAST iterations: 5 (autodetect)
[00:09:18 -56488.274502] Model parameter optimization (eps = 3.000000)
[00:09:21 -56475.014143] FAST spr round 1 (radius: 5)
[00:09:23 -56474.909398] FAST spr round 2 (radius: 5)
[00:09:24 -56474.900588] Model parameter optimization (eps = 1.000000)
[00:09:26 -56470.479217] SLOW spr round 1 (radius: 5)
[00:09:30 -56470.417049] SLOW spr round 2 (radius: 10)
[00:09:35 -56470.415276] SLOW spr round 3 (radius: 15)
[00:09:38 -56470.415276] SLOW spr round 4 (radius: 20)
[00:09:41 -56470.415276] SLOW spr round 5 (radius: 25)
[00:09:43 -56470.415276] Model parameter optimization (eps = 0.100000)

[00:09:47] ML tree search #13, logLikelihood: -56468.749653

[00:09:47 -147419.232117] Initial branch length optimization
[00:09:47 -59419.281603] Model parameter optimization (eps = 10.000000)
[00:09:50 -56488.275904] AUTODETECT spr round 1 (radius: 5)
[00:09:52 -56488.203510] SPR radius for FAST iterations: 5 (autodetect)
[00:09:52 -56488.203510] Model parameter optimization (eps = 3.000000)
[00:09:54 -56474.918359] FAST spr round 1 (radius: 5)
[00:09:56 -56474.813891] FAST spr round 2 (radius: 5)
[00:09:58 -56474.805594] Model parameter optimization (eps = 1.000000)
[00:10:00 -56470.430170] SLOW spr round 1 (radius: 5)
[00:10:04 -56470.381696] SLOW spr round 2 (radius: 10)
[00:10:09 -56470.379024] SLOW spr round 3 (radius: 15)
[00:10:13 -56470.379008] SLOW spr round 4 (radius: 20)
[00:10:15 -56470.379007] SLOW spr round 5 (radius: 25)
[00:10:17 -56470.379007] Model parameter optimization (eps = 0.100000)

[00:10:20] ML tree search #14, logLikelihood: -56468.758462

[00:10:20 -147424.143571] Initial branch length optimization
[00:10:21 -59422.594717] Model parameter optimization (eps = 10.000000)
[00:10:24 -56489.047446] AUTODETECT spr round 1 (radius: 5)
[00:10:25 -56488.532834] AUTODETECT spr round 2 (radius: 10)
[00:10:27 -56488.527876] SPR radius for FAST iterations: 5 (autodetect)
[00:10:27 -56488.527876] Model parameter optimization (eps = 3.000000)
[00:10:30 -56475.423151] FAST spr round 1 (radius: 5)
[00:10:32 -56475.322166] FAST spr round 2 (radius: 5)
[00:10:33 -56475.316180] Model parameter optimization (eps = 1.000000)
[00:10:36 -56471.020471] SLOW spr round 1 (radius: 5)
[00:10:40 -56470.971049] SLOW spr round 2 (radius: 10)
[00:10:45 -56470.606188] SLOW spr round 3 (radius: 5)
[00:10:49 -56470.603292] SLOW spr round 4 (radius: 10)
[00:10:53 -56470.603281] SLOW spr round 5 (radius: 15)
[00:10:57 -56470.603281] SLOW spr round 6 (radius: 20)
[00:11:00 -56470.588935] SLOW spr round 7 (radius: 25)
[00:11:03 -56470.588935] Model parameter optimization (eps = 0.100000)

[00:11:06] ML tree search #15, logLikelihood: -56468.734579

[00:11:06 -147418.809998] Initial branch length optimization
[00:11:06 -59420.246456] Model parameter optimization (eps = 10.000000)
[00:11:10 -56489.152730] AUTODETECT spr round 1 (radius: 5)
[00:11:11 -56489.056783] SPR radius for FAST iterations: 5 (autodetect)
[00:11:11 -56489.056783] Model parameter optimization (eps = 3.000000)
[00:11:14 -56473.623285] FAST spr round 1 (radius: 5)
[00:11:16 -56473.500656] FAST spr round 2 (radius: 5)
[00:11:17 -56473.494976] Model parameter optimization (eps = 1.000000)
[00:11:19 -56471.092076] SLOW spr round 1 (radius: 5)
[00:11:23 -56471.062204] SLOW spr round 2 (radius: 10)
[00:11:27 -56470.695697] SLOW spr round 3 (radius: 5)
[00:11:31 -56470.693237] SLOW spr round 4 (radius: 10)
[00:11:36 -56470.693111] SLOW spr round 5 (radius: 15)
[00:11:39 -56470.693111] SLOW spr round 6 (radius: 20)
[00:11:41 -56470.693111] SLOW spr round 7 (radius: 25)
[00:11:44 -56470.693111] Model parameter optimization (eps = 0.100000)

[00:11:48] ML tree search #16, logLikelihood: -56468.751053

[00:11:48 -147419.232909] Initial branch length optimization
[00:11:48 -59419.283309] Model parameter optimization (eps = 10.000000)
[00:11:51 -56488.265930] AUTODETECT spr round 1 (radius: 5)
[00:11:53 -56488.193485] SPR radius for FAST iterations: 5 (autodetect)
[00:11:53 -56488.193485] Model parameter optimization (eps = 3.000000)
[00:11:55 -56474.911081] FAST spr round 1 (radius: 5)
[00:11:57 -56474.811410] Model parameter optimization (eps = 1.000000)
[00:11:59 -56470.457627] SLOW spr round 1 (radius: 5)
[00:12:04 -56470.395149] SLOW spr round 2 (radius: 10)
[00:12:09 -56470.393049] SLOW spr round 3 (radius: 15)
[00:12:13 -56470.393033] SLOW spr round 4 (radius: 20)
[00:12:15 -56470.393032] SLOW spr round 5 (radius: 25)
[00:12:16 -56470.393032] Model parameter optimization (eps = 0.100000)

[00:12:20] ML tree search #17, logLikelihood: -56468.756346

[00:12:20 -147424.120920] Initial branch length optimization
[00:12:20 -59422.594230] Model parameter optimization (eps = 10.000000)
[00:12:24 -56489.048243] AUTODETECT spr round 1 (radius: 5)
[00:12:25 -56488.163572] AUTODETECT spr round 2 (radius: 10)
[00:12:26 -56488.160522] SPR radius for FAST iterations: 5 (autodetect)
[00:12:26 -56488.160522] Model parameter optimization (eps = 3.000000)
[00:12:28 -56474.776220] FAST spr round 1 (radius: 5)
[00:12:30 -56474.673644] FAST spr round 2 (radius: 5)
[00:12:32 -56474.668616] Model parameter optimization (eps = 1.000000)
[00:12:34 -56470.376436] SLOW spr round 1 (radius: 5)
[00:12:38 -56470.325882] SLOW spr round 2 (radius: 10)
[00:12:43 -56470.310053] SLOW spr round 3 (radius: 15)
[00:12:47 -56470.310038] SLOW spr round 4 (radius: 20)
[00:12:50 -56470.310038] SLOW spr round 5 (radius: 25)
[00:12:52 -56470.310038] Model parameter optimization (eps = 0.100000)

[00:12:56] ML tree search #18, logLikelihood: -56468.737151



Final LogLikelihood: -56467.275122

AIC score: 113398.550243 / AICc score: 113402.289202 / BIC score: 115319.543090
Free parameters (model + branch lengths): 232

Best ML tree saved to: /home/hikoyu/analysis/Genome/SARS-CoV-2/phylogeny/RAxML-NG/DNA/part/3rd/SARS-CoV-2_200318.2.raxml.bestTree
All ML trees saved to: /home/hikoyu/analysis/Genome/SARS-CoV-2/phylogeny/RAxML-NG/DNA/part/3rd/SARS-CoV-2_200318.2.raxml.mlTrees
Optimized model saved to: /home/hikoyu/analysis/Genome/SARS-CoV-2/phylogeny/RAxML-NG/DNA/part/3rd/SARS-CoV-2_200318.2.raxml.bestModel

Execution log saved to: /home/hikoyu/analysis/Genome/SARS-CoV-2/phylogeny/RAxML-NG/DNA/part/3rd/SARS-CoV-2_200318.2.raxml.log

Analysis started: 19-Mar-2020 06:39:20 / finished: 19-Mar-2020 06:52:16

Elapsed time: 776.620 seconds

