
RAxML-NG v. 0.9.0 released on 20.05.2019 by The Exelixis Lab.
Developed by: Alexey M. Kozlov and Alexandros Stamatakis.
Contributors: Diego Darriba, Tomas Flouri, Benoit Morel, Sarah Lutteropp, Ben Bettisworth.
Latest version: https://github.com/amkozlov/raxml-ng
Questions/problems/suggestions? Please visit: https://groups.google.com/forum/#!forum/raxml

RAxML-NG was called at 16-Mar-2020 09:25:58 as follows:

raxml-ng --threads 1 --bootstrap --bs-trees 83 --seed 3465728617 --prefix phylogeny/RAxML-NG/DNA/part/3rd/SARS-CoV-2_200314.6 --msa phylogeny/RAxML-NG/DNA/part/3rd/SARS-CoV-2_200314.raxml.rba --outgroup MG772933.1

Analysis options:
  run mode: Bootstrapping
  start tree(s): 
  bootstrap replicates: 83
  random seed: 3465728617
  tip-inner: OFF
  pattern compression: ON
  per-rate scalers: OFF
  site repeats: ON
  branch lengths: proportional (ML estimate, algorithm: NR-FAST)
  SIMD kernels: AVX2
  parallelization: NONE/sequential

[00:00:00] Loading binary alignment from file: phylogeny/RAxML-NG/DNA/part/3rd/SARS-CoV-2_200314.raxml.rba
[00:00:00] Alignment comprises 89 taxa, 22 partitions and 648 patterns

Partition 0: orf1ab_U
Model: TIM2+I+B
Alignment sites / patterns: 8810 / 93
Gaps: 0.10 %
Invariant sites: 96.00 %

Partition 1: orf1ab_U_p3
Model: TN93+FO+G4m+B
Alignment sites / patterns: 4405 / 89
Gaps: 0.10 %
Invariant sites: 73.92 %

Partition 2: orf1ab_D
Model: TN93+FO+I+B
Alignment sites / patterns: 5392 / 44
Gaps: 0.00 %
Invariant sites: 95.77 %

Partition 3: orf1ab_D_p3
Model: TPM3uf+FO+G4m+B
Alignment sites / patterns: 2696 / 56
Gaps: 0.00 %
Invariant sites: 62.54 %

Partition 4: S
Model: HKY+FO+G4m+B
Alignment sites / patterns: 2548 / 56
Gaps: 0.04 %
Invariant sites: 86.66 %

Partition 5: S_p3
Model: HKY+FO+I+B
Alignment sites / patterns: 1274 / 69
Gaps: 0.04 %
Invariant sites: 50.24 %

Partition 6: ORF3a
Model: JC+I+G4m+B
Alignment sites / patterns: 552 / 23
Gaps: 0.00 %
Invariant sites: 93.12 %

Partition 7: ORF3a_p3
Model: HKY+FO+I+B
Alignment sites / patterns: 276 / 22
Gaps: 0.00 %
Invariant sites: 70.65 %

Partition 8: E
Model: JC+B
Alignment sites / patterns: 152 / 7
Gaps: 0.00 %
Invariant sites: 98.03 %

Partition 9: E_p3
Model: JC+B
Alignment sites / patterns: 76 / 6
Gaps: 0.00 %
Invariant sites: 97.37 %

Partition 10: M
Model: JC+I+G4m+B
Alignment sites / patterns: 446 / 12
Gaps: 0.01 %
Invariant sites: 97.31 %

Partition 11: M_p3
Model: K80+I+B
Alignment sites / patterns: 223 / 28
Gaps: 0.01 %
Invariant sites: 78.03 %

Partition 12: ORF6
Model: JC+B
Alignment sites / patterns: 124 / 7
Gaps: 0.00 %
Invariant sites: 95.97 %

Partition 13: ORF6_p3
Model: JC+B
Alignment sites / patterns: 62 / 9
Gaps: 0.00 %
Invariant sites: 88.71 %

Partition 14: ORF7a
Model: K80+B
Alignment sites / patterns: 244 / 14
Gaps: 0.00 %
Invariant sites: 91.80 %

Partition 15: ORF7a_p3
Model: HKY+FO+I+B
Alignment sites / patterns: 122 / 16
Gaps: 0.00 %
Invariant sites: 78.69 %

Partition 16: ORF8
Model: K80+I+G4m+B
Alignment sites / patterns: 244 / 17
Gaps: 0.00 %
Invariant sites: 94.67 %

Partition 17: ORF8_p3
Model: HKY+FO+B
Alignment sites / patterns: 122 / 16
Gaps: 0.00 %
Invariant sites: 69.67 %

Partition 18: N
Model: HKY+FO+I+B
Alignment sites / patterns: 840 / 22
Gaps: 0.00 %
Invariant sites: 95.60 %

Partition 19: N_p3
Model: HKY+FO+G4m+B
Alignment sites / patterns: 420 / 31
Gaps: 0.00 %
Invariant sites: 76.43 %

Partition 20: ORF10
Model: JC+B
Alignment sites / patterns: 78 / 6
Gaps: 0.00 %
Invariant sites: 97.44 %

Partition 21: ORF10_p3
Model: JC+B
Alignment sites / patterns: 39 / 5
Gaps: 0.00 %
Invariant sites: 97.44 %


[00:00:00] Data distribution: max. partitions/sites/weight per thread: 22 / 648 / 6000
[00:00:00] Starting bootstrapping analysis with 83 replicates.

[00:00:46] Bootstrap tree #1, logLikelihood: -56696.008290
[00:01:41] Bootstrap tree #2, logLikelihood: -56738.681717
[00:02:36] Bootstrap tree #3, logLikelihood: -56364.009447
[00:03:37] Bootstrap tree #4, logLikelihood: -56742.352745
[00:04:33] Bootstrap tree #5, logLikelihood: -56484.466388
[00:05:31] Bootstrap tree #6, logLikelihood: -56436.163088
[00:06:43] Bootstrap tree #7, logLikelihood: -56453.885047
[00:07:42] Bootstrap tree #8, logLikelihood: -56285.198218
[00:08:42] Bootstrap tree #9, logLikelihood: -56580.441228
[00:10:38] Bootstrap tree #10, logLikelihood: -56163.360661
[00:11:34] Bootstrap tree #11, logLikelihood: -56842.194008
[00:12:51] Bootstrap tree #12, logLikelihood: -56284.433360
[00:13:48] Bootstrap tree #13, logLikelihood: -56478.282908
[00:14:42] Bootstrap tree #14, logLikelihood: -56485.503999
[00:15:38] Bootstrap tree #15, logLikelihood: -56297.616942
[00:16:40] Bootstrap tree #16, logLikelihood: -56723.180766
[00:17:36] Bootstrap tree #17, logLikelihood: -56281.169039
[00:18:28] Bootstrap tree #18, logLikelihood: -56423.141905
[00:19:30] Bootstrap tree #19, logLikelihood: -56366.564894
[00:20:25] Bootstrap tree #20, logLikelihood: -56162.627730
[00:21:34] Bootstrap tree #21, logLikelihood: -56867.571452
[00:23:10] Bootstrap tree #22, logLikelihood: -56726.452941
[00:24:33] Bootstrap tree #23, logLikelihood: -56605.620177
[00:25:34] Bootstrap tree #24, logLikelihood: -56580.248183
[00:26:30] Bootstrap tree #25, logLikelihood: -55862.562978
[00:27:33] Bootstrap tree #26, logLikelihood: -56035.121410
[00:28:39] Bootstrap tree #27, logLikelihood: -56682.341017
[00:30:19] Bootstrap tree #28, logLikelihood: -56208.893014
[00:31:16] Bootstrap tree #29, logLikelihood: -56364.604093
[00:32:15] Bootstrap tree #30, logLikelihood: -56424.852874
[00:33:35] Bootstrap tree #31, logLikelihood: -56230.819358
[00:34:27] Bootstrap tree #32, logLikelihood: -56208.687049
[00:35:29] Bootstrap tree #33, logLikelihood: -57172.840823
[00:36:28] Bootstrap tree #34, logLikelihood: -56424.128274
[00:37:20] Bootstrap tree #35, logLikelihood: -56143.864072
[00:38:11] Bootstrap tree #36, logLikelihood: -56729.382962
[00:39:07] Bootstrap tree #37, logLikelihood: -56489.473766
[00:40:14] Bootstrap tree #38, logLikelihood: -56306.483077
[00:41:16] Bootstrap tree #39, logLikelihood: -56213.374359
[00:42:24] Bootstrap tree #40, logLikelihood: -56304.642781
[00:43:21] Bootstrap tree #41, logLikelihood: -56639.260188
[00:44:17] Bootstrap tree #42, logLikelihood: -56517.619226
[00:45:08] Bootstrap tree #43, logLikelihood: -56513.013245
[00:46:13] Bootstrap tree #44, logLikelihood: -56264.123899
[00:47:06] Bootstrap tree #45, logLikelihood: -56274.609790
[00:48:03] Bootstrap tree #46, logLikelihood: -56650.689194
[00:48:59] Bootstrap tree #47, logLikelihood: -56717.775435
[00:49:59] Bootstrap tree #48, logLikelihood: -56379.212116
[00:51:05] Bootstrap tree #49, logLikelihood: -56990.405114
[00:52:08] Bootstrap tree #50, logLikelihood: -56484.820146
[00:53:33] Bootstrap tree #51, logLikelihood: -56284.961961
[00:54:30] Bootstrap tree #52, logLikelihood: -56596.670644
[00:55:55] Bootstrap tree #53, logLikelihood: -56302.277126
[00:56:56] Bootstrap tree #54, logLikelihood: -56616.098592
[00:57:58] Bootstrap tree #55, logLikelihood: -56207.007770
[00:59:03] Bootstrap tree #56, logLikelihood: -56534.880164
[01:00:05] Bootstrap tree #57, logLikelihood: -56395.401273
[01:01:05] Bootstrap tree #58, logLikelihood: -56373.451046
[01:02:09] Bootstrap tree #59, logLikelihood: -56118.063474
[01:03:11] Bootstrap tree #60, logLikelihood: -56649.554144
[01:04:13] Bootstrap tree #61, logLikelihood: -56759.183586
[01:05:17] Bootstrap tree #62, logLikelihood: -56328.007057
[01:06:15] Bootstrap tree #63, logLikelihood: -56638.137448
[01:07:32] Bootstrap tree #64, logLikelihood: -56481.363235
[01:08:34] Bootstrap tree #65, logLikelihood: -56169.327498
[01:10:23] Bootstrap tree #66, logLikelihood: -56381.936769
[01:11:26] Bootstrap tree #67, logLikelihood: -56356.178978
[01:12:24] Bootstrap tree #68, logLikelihood: -56597.724292
[01:14:11] Bootstrap tree #69, logLikelihood: -56325.576563
[01:15:10] Bootstrap tree #70, logLikelihood: -56557.147418
[01:16:08] Bootstrap tree #71, logLikelihood: -56900.858095
[01:17:02] Bootstrap tree #72, logLikelihood: -56634.824872
[01:18:32] Bootstrap tree #73, logLikelihood: -56440.102119
[01:19:25] Bootstrap tree #74, logLikelihood: -56213.286293
[01:20:30] Bootstrap tree #75, logLikelihood: -56928.071647
[01:21:29] Bootstrap tree #76, logLikelihood: -56579.934076
[01:22:25] Bootstrap tree #77, logLikelihood: -56447.251448
[01:23:30] Bootstrap tree #78, logLikelihood: -56369.255554
[01:24:32] Bootstrap tree #79, logLikelihood: -56833.069486
[01:25:27] Bootstrap tree #80, logLikelihood: -56477.215318
[01:26:26] Bootstrap tree #81, logLikelihood: -56442.216345
[01:27:29] Bootstrap tree #82, logLikelihood: -56569.668877
[01:28:35] Bootstrap tree #83, logLikelihood: -56482.020197

Bootstrap trees saved to: /home/hikoyu/analysis/Genome/SARS-CoV-2/phylogeny/RAxML-NG/DNA/part/3rd/SARS-CoV-2_200314.6.raxml.bootstraps

Execution log saved to: /home/hikoyu/analysis/Genome/SARS-CoV-2/phylogeny/RAxML-NG/DNA/part/3rd/SARS-CoV-2_200314.6.raxml.log

Analysis started: 16-Mar-2020 09:25:58 / finished: 16-Mar-2020 10:54:34

Elapsed time: 5315.617 seconds

