
RAxML-NG v. 0.9.0 released on 20.05.2019 by The Exelixis Lab.
Developed by: Alexey M. Kozlov and Alexandros Stamatakis.
Contributors: Diego Darriba, Tomas Flouri, Benoit Morel, Sarah Lutteropp, Ben Bettisworth.
Latest version: https://github.com/amkozlov/raxml-ng
Questions/problems/suggestions? Please visit: https://groups.google.com/forum/#!forum/raxml

RAxML-NG was called at 16-Mar-2020 07:05:14 as follows:

raxml-ng --threads 1 --search --tree rand{9},pars{9} --seed 2979966528 --prefix phylogeny/RAxML-NG/DNA/part/3rd/SARS-CoV-2_200314.3 --msa phylogeny/RAxML-NG/DNA/part/3rd/SARS-CoV-2_200314.raxml.rba --outgroup MG772933.1

Analysis options:
  run mode: ML tree search
  start tree(s): random (9) + parsimony (9)
  random seed: 2979966528
  tip-inner: OFF
  pattern compression: ON
  per-rate scalers: OFF
  site repeats: ON
  fast spr radius: AUTO
  spr subtree cutoff: 1.000000
  branch lengths: proportional (ML estimate, algorithm: NR-FAST)
  SIMD kernels: AVX2
  parallelization: NONE/sequential

[00:00:00] Loading binary alignment from file: phylogeny/RAxML-NG/DNA/part/3rd/SARS-CoV-2_200314.raxml.rba
[00:00:00] Alignment comprises 89 taxa, 22 partitions and 648 patterns

Partition 0: orf1ab_U
Model: TIM2+I+B
Alignment sites / patterns: 8810 / 93
Gaps: 0.10 %
Invariant sites: 96.00 %

Partition 1: orf1ab_U_p3
Model: TN93+FO+G4m+B
Alignment sites / patterns: 4405 / 89
Gaps: 0.10 %
Invariant sites: 73.92 %

Partition 2: orf1ab_D
Model: TN93+FO+I+B
Alignment sites / patterns: 5392 / 44
Gaps: 0.00 %
Invariant sites: 95.77 %

Partition 3: orf1ab_D_p3
Model: TPM3uf+FO+G4m+B
Alignment sites / patterns: 2696 / 56
Gaps: 0.00 %
Invariant sites: 62.54 %

Partition 4: S
Model: HKY+FO+G4m+B
Alignment sites / patterns: 2548 / 56
Gaps: 0.04 %
Invariant sites: 86.66 %

Partition 5: S_p3
Model: HKY+FO+I+B
Alignment sites / patterns: 1274 / 69
Gaps: 0.04 %
Invariant sites: 50.24 %

Partition 6: ORF3a
Model: JC+I+G4m+B
Alignment sites / patterns: 552 / 23
Gaps: 0.00 %
Invariant sites: 93.12 %

Partition 7: ORF3a_p3
Model: HKY+FO+I+B
Alignment sites / patterns: 276 / 22
Gaps: 0.00 %
Invariant sites: 70.65 %

Partition 8: E
Model: JC+B
Alignment sites / patterns: 152 / 7
Gaps: 0.00 %
Invariant sites: 98.03 %

Partition 9: E_p3
Model: JC+B
Alignment sites / patterns: 76 / 6
Gaps: 0.00 %
Invariant sites: 97.37 %

Partition 10: M
Model: JC+I+G4m+B
Alignment sites / patterns: 446 / 12
Gaps: 0.01 %
Invariant sites: 97.31 %

Partition 11: M_p3
Model: K80+I+B
Alignment sites / patterns: 223 / 28
Gaps: 0.01 %
Invariant sites: 78.03 %

Partition 12: ORF6
Model: JC+B
Alignment sites / patterns: 124 / 7
Gaps: 0.00 %
Invariant sites: 95.97 %

Partition 13: ORF6_p3
Model: JC+B
Alignment sites / patterns: 62 / 9
Gaps: 0.00 %
Invariant sites: 88.71 %

Partition 14: ORF7a
Model: K80+B
Alignment sites / patterns: 244 / 14
Gaps: 0.00 %
Invariant sites: 91.80 %

Partition 15: ORF7a_p3
Model: HKY+FO+I+B
Alignment sites / patterns: 122 / 16
Gaps: 0.00 %
Invariant sites: 78.69 %

Partition 16: ORF8
Model: K80+I+G4m+B
Alignment sites / patterns: 244 / 17
Gaps: 0.00 %
Invariant sites: 94.67 %

Partition 17: ORF8_p3
Model: HKY+FO+B
Alignment sites / patterns: 122 / 16
Gaps: 0.00 %
Invariant sites: 69.67 %

Partition 18: N
Model: HKY+FO+I+B
Alignment sites / patterns: 840 / 22
Gaps: 0.00 %
Invariant sites: 95.60 %

Partition 19: N_p3
Model: HKY+FO+G4m+B
Alignment sites / patterns: 420 / 31
Gaps: 0.00 %
Invariant sites: 76.43 %

Partition 20: ORF10
Model: JC+B
Alignment sites / patterns: 78 / 6
Gaps: 0.00 %
Invariant sites: 97.44 %

Partition 21: ORF10_p3
Model: JC+B
Alignment sites / patterns: 39 / 5
Gaps: 0.00 %
Invariant sites: 97.44 %


[00:00:00] Generating 9 random starting tree(s) with 89 taxa
[00:00:00] Generating 9 parsimony starting tree(s) with 89 taxa
[00:00:00] Data distribution: max. partitions/sites/weight per thread: 22 / 648 / 6000

Starting ML tree search with 18 distinct starting trees

[00:00:00 -167995.538727] Initial branch length optimization
[00:00:00 -60793.363365] Model parameter optimization (eps = 10.000000)
[00:00:06 -57286.653609] AUTODETECT spr round 1 (radius: 5)
[00:00:07 -56996.520894] AUTODETECT spr round 2 (radius: 10)
[00:00:09 -56797.896870] AUTODETECT spr round 3 (radius: 15)
[00:00:12 -56696.793497] AUTODETECT spr round 4 (radius: 20)
[00:00:13 -56689.337366] AUTODETECT spr round 5 (radius: 25)
[00:00:15 -56689.306006] SPR radius for FAST iterations: 20 (autodetect)
[00:00:15 -56689.306006] Model parameter optimization (eps = 3.000000)
[00:00:18 -56672.876066] FAST spr round 1 (radius: 20)
[00:00:24 -56595.737197] FAST spr round 2 (radius: 20)
[00:00:29 -56595.728444] Model parameter optimization (eps = 1.000000)
[00:00:32 -56582.591983] SLOW spr round 1 (radius: 5)
[00:00:38 -56582.583309] SLOW spr round 2 (radius: 10)
[00:00:43 -56582.579459] SLOW spr round 3 (radius: 15)
[00:00:48 -56582.481518] SLOW spr round 4 (radius: 20)
[00:00:52 -56582.478373] SLOW spr round 5 (radius: 25)
[00:00:55 -56582.478362] Model parameter optimization (eps = 0.100000)

[00:00:59] ML tree search #1, logLikelihood: -56581.182493

[00:00:59 -168015.446911] Initial branch length optimization
[00:00:59 -60849.514703] Model parameter optimization (eps = 10.000000)
[00:01:05 -57320.195677] AUTODETECT spr round 1 (radius: 5)
[00:01:06 -57048.162405] AUTODETECT spr round 2 (radius: 10)
[00:01:08 -56828.526337] AUTODETECT spr round 3 (radius: 15)
[00:01:11 -56735.097339] AUTODETECT spr round 4 (radius: 20)
[00:01:13 -56727.364119] AUTODETECT spr round 5 (radius: 25)
[00:01:15 -56727.364119] SPR radius for FAST iterations: 20 (autodetect)
[00:01:15 -56727.364119] Model parameter optimization (eps = 3.000000)
[00:01:18 -56712.725202] FAST spr round 1 (radius: 20)
[00:01:24 -56596.168237] FAST spr round 2 (radius: 20)
[00:01:30 -56596.161881] Model parameter optimization (eps = 1.000000)
[00:01:34 -56582.597417] SLOW spr round 1 (radius: 5)
[00:01:39 -56582.585848] SLOW spr round 2 (radius: 10)
[00:01:45 -56582.452541] SLOW spr round 3 (radius: 5)
[00:01:50 -56582.449897] SLOW spr round 4 (radius: 10)
[00:01:56 -56582.449657] SLOW spr round 5 (radius: 15)
[00:02:01 -56582.449657] SLOW spr round 6 (radius: 20)
[00:02:04 -56582.449657] SLOW spr round 7 (radius: 25)
[00:02:07 -56582.449657] Model parameter optimization (eps = 0.100000)

[00:02:11] ML tree search #2, logLikelihood: -56581.184479

[00:02:11 -168011.019631] Initial branch length optimization
[00:02:11 -60858.328610] Model parameter optimization (eps = 10.000000)
[00:02:17 -57319.704550] AUTODETECT spr round 1 (radius: 5)
[00:02:19 -57035.221992] AUTODETECT spr round 2 (radius: 10)
[00:02:21 -56932.020139] AUTODETECT spr round 3 (radius: 15)
[00:02:24 -56824.705074] AUTODETECT spr round 4 (radius: 20)
[00:02:26 -56788.505941] AUTODETECT spr round 5 (radius: 25)
[00:02:28 -56788.505167] SPR radius for FAST iterations: 20 (autodetect)
[00:02:28 -56788.505167] Model parameter optimization (eps = 3.000000)
[00:02:31 -56764.320730] FAST spr round 1 (radius: 20)
[00:02:39 -56606.737039] FAST spr round 2 (radius: 20)
[00:02:43 -56587.754684] FAST spr round 3 (radius: 20)
[00:02:47 -56587.743733] Model parameter optimization (eps = 1.000000)
[00:02:49 -56581.283110] SLOW spr round 1 (radius: 5)
[00:02:53 -56581.279930] SLOW spr round 2 (radius: 10)
[00:03:00 -56581.279923] SLOW spr round 3 (radius: 15)
[00:03:05 -56581.279923] SLOW spr round 4 (radius: 20)
[00:03:09 -56581.279923] SLOW spr round 5 (radius: 25)
[00:03:12 -56581.279923] Model parameter optimization (eps = 0.100000)

[00:03:13] ML tree search #3, logLikelihood: -56581.196837

[00:03:13 -168006.288197] Initial branch length optimization
[00:03:13 -60834.997215] Model parameter optimization (eps = 10.000000)
[00:03:19 -57313.933942] AUTODETECT spr round 1 (radius: 5)
[00:03:21 -57070.896458] AUTODETECT spr round 2 (radius: 10)
[00:03:23 -56801.669278] AUTODETECT spr round 3 (radius: 15)
[00:03:26 -56749.639627] AUTODETECT spr round 4 (radius: 20)
[00:03:29 -56736.201803] AUTODETECT spr round 5 (radius: 25)
[00:03:31 -56687.047919] SPR radius for FAST iterations: 25 (autodetect)
[00:03:31 -56687.047919] Model parameter optimization (eps = 3.000000)
[00:03:34 -56659.471159] FAST spr round 1 (radius: 25)
[00:03:42 -56583.805826] FAST spr round 2 (radius: 25)
[00:03:47 -56583.800523] Model parameter optimization (eps = 1.000000)
[00:03:48 -56581.980085] SLOW spr round 1 (radius: 5)
[00:03:53 -56581.760040] SLOW spr round 2 (radius: 5)
[00:03:58 -56581.757842] SLOW spr round 3 (radius: 10)
[00:04:05 -56581.757838] SLOW spr round 4 (radius: 15)
[00:04:10 -56581.757838] SLOW spr round 5 (radius: 20)
[00:04:13 -56581.757838] SLOW spr round 6 (radius: 25)
[00:04:18 -56581.757838] Model parameter optimization (eps = 0.100000)

[00:04:20] ML tree search #4, logLikelihood: -56581.135884

[00:04:20 -168017.625051] Initial branch length optimization
[00:04:20 -60870.321220] Model parameter optimization (eps = 10.000000)
[00:04:25 -57331.344009] AUTODETECT spr round 1 (radius: 5)
[00:04:27 -57094.780542] AUTODETECT spr round 2 (radius: 10)
[00:04:29 -56934.022186] AUTODETECT spr round 3 (radius: 15)
[00:04:33 -56829.938671] AUTODETECT spr round 4 (radius: 20)
[00:04:35 -56822.037365] AUTODETECT spr round 5 (radius: 25)
[00:04:36 -56822.017152] SPR radius for FAST iterations: 20 (autodetect)
[00:04:36 -56822.017152] Model parameter optimization (eps = 3.000000)
[00:04:39 -56806.567064] FAST spr round 1 (radius: 20)
[00:04:48 -56597.968318] FAST spr round 2 (radius: 20)
[00:04:54 -56597.944555] Model parameter optimization (eps = 1.000000)
[00:04:58 -56582.302241] SLOW spr round 1 (radius: 5)
[00:05:04 -56582.137136] SLOW spr round 2 (radius: 5)
[00:05:09 -56582.134822] SLOW spr round 3 (radius: 10)
[00:05:15 -56582.134820] SLOW spr round 4 (radius: 15)
[00:05:21 -56582.134820] SLOW spr round 5 (radius: 20)
[00:05:25 -56582.134820] SLOW spr round 6 (radius: 25)
[00:05:28 -56582.134820] Model parameter optimization (eps = 0.100000)

[00:05:30] ML tree search #5, logLikelihood: -56581.144802

[00:05:30 -168011.339334] Initial branch length optimization
[00:05:31 -60850.007759] Model parameter optimization (eps = 10.000000)
[00:05:36 -57309.313295] AUTODETECT spr round 1 (radius: 5)
[00:05:37 -57031.183526] AUTODETECT spr round 2 (radius: 10)
[00:05:40 -56894.695213] AUTODETECT spr round 3 (radius: 15)
[00:05:43 -56758.521416] AUTODETECT spr round 4 (radius: 20)
[00:05:45 -56757.967499] AUTODETECT spr round 5 (radius: 25)
[00:05:47 -56757.013511] SPR radius for FAST iterations: 25 (autodetect)
[00:05:47 -56757.013511] Model parameter optimization (eps = 3.000000)
[00:05:50 -56738.708278] FAST spr round 1 (radius: 25)
[00:05:58 -56644.150151] FAST spr round 2 (radius: 25)
[00:06:06 -56644.147817] Model parameter optimization (eps = 1.000000)
[00:06:06 -56643.656659] SLOW spr round 1 (radius: 5)
[00:06:13 -56643.649196] SLOW spr round 2 (radius: 10)
[00:06:19 -56643.649098] SLOW spr round 3 (radius: 15)
[00:06:23 -56643.649098] SLOW spr round 4 (radius: 20)
[00:06:28 -56643.649098] SLOW spr round 5 (radius: 25)
[00:06:30 -56643.649098] Model parameter optimization (eps = 0.100000)

[00:06:32] ML tree search #6, logLikelihood: -56643.438935

[00:06:32 -168036.257152] Initial branch length optimization
[00:06:32 -60911.634085] Model parameter optimization (eps = 10.000000)
[00:06:37 -57353.177013] AUTODETECT spr round 1 (radius: 5)
[00:06:39 -57012.622830] AUTODETECT spr round 2 (radius: 10)
[00:06:41 -56771.405593] AUTODETECT spr round 3 (radius: 15)
[00:06:44 -56695.934242] AUTODETECT spr round 4 (radius: 20)
[00:06:46 -56668.214290] AUTODETECT spr round 5 (radius: 25)
[00:06:48 -56668.214127] SPR radius for FAST iterations: 20 (autodetect)
[00:06:48 -56668.214127] Model parameter optimization (eps = 3.000000)
[00:06:51 -56639.536021] FAST spr round 1 (radius: 20)
[00:06:59 -56584.715755] FAST spr round 2 (radius: 20)
[00:07:04 -56584.711799] Model parameter optimization (eps = 1.000000)
[00:07:05 -56582.221320] SLOW spr round 1 (radius: 5)
[00:07:10 -56582.081268] SLOW spr round 2 (radius: 5)
[00:07:15 -56582.078863] SLOW spr round 3 (radius: 10)
[00:07:21 -56582.078863] SLOW spr round 4 (radius: 15)
[00:07:29 -56582.078863] SLOW spr round 5 (radius: 20)
[00:07:32 -56582.078863] SLOW spr round 6 (radius: 25)
[00:07:36 -56582.078863] Model parameter optimization (eps = 0.100000)

[00:07:38] ML tree search #7, logLikelihood: -56581.166824

[00:07:38 -168037.303259] Initial branch length optimization
[00:07:38 -60926.483826] Model parameter optimization (eps = 10.000000)
[00:07:44 -57354.020905] AUTODETECT spr round 1 (radius: 5)
[00:07:45 -56956.665572] AUTODETECT spr round 2 (radius: 10)
[00:07:48 -56741.485650] AUTODETECT spr round 3 (radius: 15)
[00:07:51 -56710.500831] AUTODETECT spr round 4 (radius: 20)
[00:07:53 -56703.666548] AUTODETECT spr round 5 (radius: 25)
[00:07:54 -56703.666504] SPR radius for FAST iterations: 20 (autodetect)
[00:07:54 -56703.666504] Model parameter optimization (eps = 3.000000)
[00:07:57 -56675.715619] FAST spr round 1 (radius: 20)
[00:08:05 -56585.321751] FAST spr round 2 (radius: 20)
[00:08:10 -56585.319139] Model parameter optimization (eps = 1.000000)
[00:08:11 -56582.308749] SLOW spr round 1 (radius: 5)
[00:08:16 -56582.295912] SLOW spr round 2 (radius: 10)
[00:08:24 -56582.295868] SLOW spr round 3 (radius: 15)
[00:08:29 -56582.295865] SLOW spr round 4 (radius: 20)
[00:08:32 -56582.168111] SLOW spr round 5 (radius: 5)
[00:08:38 -56582.165520] SLOW spr round 6 (radius: 10)
[00:08:46 -56582.165517] SLOW spr round 7 (radius: 15)
[00:08:52 -56582.165517] SLOW spr round 8 (radius: 20)
[00:08:56 -56582.165517] SLOW spr round 9 (radius: 25)
[00:08:58 -56582.165517] Model parameter optimization (eps = 0.100000)

[00:09:00] ML tree search #8, logLikelihood: -56581.132984

[00:09:00 -168028.196532] Initial branch length optimization
[00:09:01 -60932.485961] Model parameter optimization (eps = 10.000000)
[00:09:06 -57353.771723] AUTODETECT spr round 1 (radius: 5)
[00:09:08 -57070.784258] AUTODETECT spr round 2 (radius: 10)
[00:09:10 -56953.333220] AUTODETECT spr round 3 (radius: 15)
[00:09:13 -56715.909903] AUTODETECT spr round 4 (radius: 20)
[00:09:16 -56708.972478] AUTODETECT spr round 5 (radius: 25)
[00:09:18 -56706.590791] SPR radius for FAST iterations: 25 (autodetect)
[00:09:18 -56706.590791] Model parameter optimization (eps = 3.000000)
[00:09:20 -56681.140211] FAST spr round 1 (radius: 25)
[00:09:28 -56585.925099] FAST spr round 2 (radius: 25)
[00:09:34 -56585.920494] Model parameter optimization (eps = 1.000000)
[00:09:35 -56582.511321] SLOW spr round 1 (radius: 5)
[00:09:41 -56582.322849] SLOW spr round 2 (radius: 5)
[00:09:46 -56582.320216] SLOW spr round 3 (radius: 10)
[00:09:51 -56582.320215] SLOW spr round 4 (radius: 15)
[00:09:57 -56582.320215] SLOW spr round 5 (radius: 20)
[00:10:01 -56582.320215] SLOW spr round 6 (radius: 25)
[00:10:05 -56582.320215] Model parameter optimization (eps = 0.100000)

[00:10:07] ML tree search #9, logLikelihood: -56581.169013

[00:10:07 -165369.511572] Initial branch length optimization
[00:10:07 -59534.476255] Model parameter optimization (eps = 10.000000)
[00:10:11 -56602.433295] AUTODETECT spr round 1 (radius: 5)
[00:10:12 -56602.250467] AUTODETECT spr round 2 (radius: 10)
[00:10:15 -56602.241786] SPR radius for FAST iterations: 5 (autodetect)
[00:10:15 -56602.241786] Model parameter optimization (eps = 3.000000)
[00:10:18 -56587.006499] FAST spr round 1 (radius: 5)
[00:10:21 -56586.862562] FAST spr round 2 (radius: 5)
[00:10:23 -56586.857152] Model parameter optimization (eps = 1.000000)
[00:10:25 -56584.338294] SLOW spr round 1 (radius: 5)
[00:10:29 -56584.305012] SLOW spr round 2 (radius: 10)
[00:10:36 -56584.298741] SLOW spr round 3 (radius: 15)
[00:10:42 -56584.297295] SLOW spr round 4 (radius: 20)
[00:10:46 -56584.297295] SLOW spr round 5 (radius: 25)
[00:10:50 -56584.297295] Model parameter optimization (eps = 0.100000)

[00:10:54] ML tree search #10, logLikelihood: -56582.553487

[00:10:55 -165371.800795] Initial branch length optimization
[00:10:55 -59548.263582] Model parameter optimization (eps = 10.000000)
[00:10:59 -56613.887295] AUTODETECT spr round 1 (radius: 5)
[00:11:00 -56605.776042] AUTODETECT spr round 2 (radius: 10)
[00:11:03 -56605.774476] SPR radius for FAST iterations: 5 (autodetect)
[00:11:03 -56605.774476] Model parameter optimization (eps = 3.000000)
[00:11:07 -56590.589755] FAST spr round 1 (radius: 5)
[00:11:09 -56590.451592] FAST spr round 2 (radius: 5)
[00:11:12 -56590.443891] Model parameter optimization (eps = 1.000000)
[00:11:14 -56587.921138] SLOW spr round 1 (radius: 5)
[00:11:18 -56587.859658] SLOW spr round 2 (radius: 10)
[00:11:25 -56586.237301] SLOW spr round 3 (radius: 5)
[00:11:31 -56586.230623] SLOW spr round 4 (radius: 10)
[00:11:38 -56585.833051] SLOW spr round 5 (radius: 5)
[00:11:43 -56585.830223] SLOW spr round 6 (radius: 10)
[00:11:49 -56585.830219] SLOW spr round 7 (radius: 15)
[00:11:56 -56585.830219] SLOW spr round 8 (radius: 20)
[00:12:00 -56585.830219] SLOW spr round 9 (radius: 25)
[00:12:03 -56585.830219] Model parameter optimization (eps = 0.100000)

[00:12:07] ML tree search #11, logLikelihood: -56583.754452

[00:12:07 -165373.698469] Initial branch length optimization
[00:12:08 -59544.179453] Model parameter optimization (eps = 10.000000)
[00:12:12 -56610.283862] AUTODETECT spr round 1 (radius: 5)
[00:12:13 -56601.902686] AUTODETECT spr round 2 (radius: 10)
[00:12:16 -56601.902637] SPR radius for FAST iterations: 5 (autodetect)
[00:12:16 -56601.902637] Model parameter optimization (eps = 3.000000)
[00:12:20 -56586.854171] FAST spr round 1 (radius: 5)
[00:12:23 -56586.693212] FAST spr round 2 (radius: 5)
[00:12:25 -56586.684310] Model parameter optimization (eps = 1.000000)
[00:12:27 -56584.254423] SLOW spr round 1 (radius: 5)
[00:12:32 -56584.221549] SLOW spr round 2 (radius: 10)
[00:12:39 -56584.215777] SLOW spr round 3 (radius: 15)
[00:12:46 -56584.213929] SLOW spr round 4 (radius: 20)
[00:12:51 -56584.213626] SLOW spr round 5 (radius: 25)
[00:12:53 -56584.213626] Model parameter optimization (eps = 0.100000)

[00:12:58] ML tree search #12, logLikelihood: -56582.547077

[00:12:58 -165369.519008] Initial branch length optimization
[00:12:58 -59534.473190] Model parameter optimization (eps = 10.000000)
[00:13:02 -56602.442012] AUTODETECT spr round 1 (radius: 5)
[00:13:04 -56602.257891] AUTODETECT spr round 2 (radius: 10)
[00:13:06 -56602.254876] SPR radius for FAST iterations: 5 (autodetect)
[00:13:06 -56602.254876] Model parameter optimization (eps = 3.000000)
[00:13:10 -56587.025793] FAST spr round 1 (radius: 5)
[00:13:12 -56586.875230] FAST spr round 2 (radius: 5)
[00:13:15 -56586.870280] Model parameter optimization (eps = 1.000000)
[00:13:16 -56584.343085] SLOW spr round 1 (radius: 5)
[00:13:21 -56584.305168] SLOW spr round 2 (radius: 10)
[00:13:30 -56584.298856] SLOW spr round 3 (radius: 15)
[00:13:35 -56584.298855] SLOW spr round 4 (radius: 20)
[00:13:39 -56584.298855] SLOW spr round 5 (radius: 25)
[00:13:42 -56584.298855] Model parameter optimization (eps = 0.100000)

[00:13:47] ML tree search #13, logLikelihood: -56582.555891

[00:13:47 -165374.425591] Initial branch length optimization
[00:13:47 -59536.824251] Model parameter optimization (eps = 10.000000)
[00:13:51 -56602.379980] AUTODETECT spr round 1 (radius: 5)
[00:13:53 -56602.178260] AUTODETECT spr round 2 (radius: 10)
[00:13:55 -56601.804197] AUTODETECT spr round 3 (radius: 15)
[00:13:58 -56601.803830] SPR radius for FAST iterations: 10 (autodetect)
[00:13:58 -56601.803830] Model parameter optimization (eps = 3.000000)
[00:14:02 -56586.821915] FAST spr round 1 (radius: 10)
[00:14:06 -56586.651287] FAST spr round 2 (radius: 10)
[00:14:10 -56586.644934] Model parameter optimization (eps = 1.000000)
[00:14:11 -56584.235573] SLOW spr round 1 (radius: 5)
[00:14:16 -56584.201208] SLOW spr round 2 (radius: 10)
[00:14:23 -56584.194736] SLOW spr round 3 (radius: 15)
[00:14:29 -56584.194710] SLOW spr round 4 (radius: 20)
[00:14:33 -56584.194709] SLOW spr round 5 (radius: 25)
[00:14:37 -56584.194709] Model parameter optimization (eps = 0.100000)

[00:14:42] ML tree search #14, logLikelihood: -56582.543812

[00:14:42 -165369.508983] Initial branch length optimization
[00:14:43 -59534.483705] Model parameter optimization (eps = 10.000000)
[00:14:47 -56602.431851] AUTODETECT spr round 1 (radius: 5)
[00:14:49 -56602.240026] AUTODETECT spr round 2 (radius: 10)
[00:14:52 -56602.238420] SPR radius for FAST iterations: 5 (autodetect)
[00:14:52 -56602.238420] Model parameter optimization (eps = 3.000000)
[00:14:55 -56587.007222] FAST spr round 1 (radius: 5)
[00:14:58 -56586.863493] FAST spr round 2 (radius: 5)
[00:15:01 -56586.856532] Model parameter optimization (eps = 1.000000)
[00:15:02 -56584.335389] SLOW spr round 1 (radius: 5)
[00:15:08 -56584.299093] SLOW spr round 2 (radius: 10)
[00:15:14 -56584.294784] SLOW spr round 3 (radius: 15)
[00:15:20 -56584.294784] SLOW spr round 4 (radius: 20)
[00:15:24 -56584.294784] SLOW spr round 5 (radius: 25)
[00:15:27 -56584.294784] Model parameter optimization (eps = 0.100000)

[00:15:32] ML tree search #15, logLikelihood: -56582.552909

[00:15:32 -165373.587649] Initial branch length optimization
[00:15:32 -59543.403210] Model parameter optimization (eps = 10.000000)
[00:15:36 -56610.553746] AUTODETECT spr round 1 (radius: 5)
[00:15:38 -56610.372801] AUTODETECT spr round 2 (radius: 10)
[00:15:40 -56610.372055] SPR radius for FAST iterations: 5 (autodetect)
[00:15:40 -56610.372055] Model parameter optimization (eps = 3.000000)
[00:15:44 -56594.879643] FAST spr round 1 (radius: 5)
[00:15:47 -56594.734876] FAST spr round 2 (radius: 5)
[00:15:49 -56594.731837] Model parameter optimization (eps = 1.000000)
[00:15:51 -56592.199716] SLOW spr round 1 (radius: 5)
[00:15:56 -56592.165324] SLOW spr round 2 (radius: 10)
[00:16:03 -56584.147801] SLOW spr round 3 (radius: 5)
[00:16:08 -56584.144310] SLOW spr round 4 (radius: 10)
[00:16:14 -56584.144295] SLOW spr round 5 (radius: 15)
[00:16:20 -56584.144294] SLOW spr round 6 (radius: 20)
[00:16:24 -56584.144294] SLOW spr round 7 (radius: 25)
[00:16:28 -56584.144294] Model parameter optimization (eps = 0.100000)

[00:16:33] ML tree search #16, logLikelihood: -56582.536009

[00:16:33 -165369.549556] Initial branch length optimization
[00:16:33 -59534.479006] Model parameter optimization (eps = 10.000000)
[00:16:37 -56602.437738] AUTODETECT spr round 1 (radius: 5)
[00:16:39 -56602.246974] AUTODETECT spr round 2 (radius: 10)
[00:16:41 -56602.246783] SPR radius for FAST iterations: 5 (autodetect)
[00:16:41 -56602.246783] Model parameter optimization (eps = 3.000000)
[00:16:46 -56587.016008] FAST spr round 1 (radius: 5)
[00:16:49 -56586.868786] FAST spr round 2 (radius: 5)
[00:16:52 -56586.863842] Model parameter optimization (eps = 1.000000)
[00:16:54 -56584.338284] SLOW spr round 1 (radius: 5)
[00:16:59 -56584.303096] SLOW spr round 2 (radius: 10)
[00:17:06 -56584.297397] SLOW spr round 3 (radius: 15)
[00:17:12 -56584.297117] SLOW spr round 4 (radius: 20)
[00:17:16 -56584.297117] SLOW spr round 5 (radius: 25)
[00:17:19 -56584.297117] Model parameter optimization (eps = 0.100000)

[00:17:24] ML tree search #17, logLikelihood: -56582.555163

[00:17:24 -165370.022447] Initial branch length optimization
[00:17:24 -59540.512894] Model parameter optimization (eps = 10.000000)
[00:17:29 -56606.430172] AUTODETECT spr round 1 (radius: 5)
[00:17:30 -56604.888346] AUTODETECT spr round 2 (radius: 10)
[00:17:33 -56604.888338] SPR radius for FAST iterations: 5 (autodetect)
[00:17:33 -56604.888338] Model parameter optimization (eps = 3.000000)
[00:17:37 -56589.809421] FAST spr round 1 (radius: 5)
[00:17:40 -56586.817581] FAST spr round 2 (radius: 5)
[00:17:43 -56586.813076] Model parameter optimization (eps = 1.000000)
[00:17:45 -56584.322657] SLOW spr round 1 (radius: 5)
[00:17:49 -56584.279087] SLOW spr round 2 (radius: 10)
[00:17:57 -56584.278064] SLOW spr round 3 (radius: 15)
[00:18:02 -56584.278063] SLOW spr round 4 (radius: 20)
[00:18:05 -56584.278063] SLOW spr round 5 (radius: 25)
[00:18:08 -56584.278063] Model parameter optimization (eps = 0.100000)

[00:18:13] ML tree search #18, logLikelihood: -56582.555589



Final LogLikelihood: -56581.132984

AIC score: 113686.265967 / AICc score: 113691.037520 / BIC score: 115855.636094
Free parameters (model + branch lengths): 262

Best ML tree saved to: /home/hikoyu/analysis/Genome/SARS-CoV-2/phylogeny/RAxML-NG/DNA/part/3rd/SARS-CoV-2_200314.3.raxml.bestTree
All ML trees saved to: /home/hikoyu/analysis/Genome/SARS-CoV-2/phylogeny/RAxML-NG/DNA/part/3rd/SARS-CoV-2_200314.3.raxml.mlTrees
Optimized model saved to: /home/hikoyu/analysis/Genome/SARS-CoV-2/phylogeny/RAxML-NG/DNA/part/3rd/SARS-CoV-2_200314.3.raxml.bestModel

Execution log saved to: /home/hikoyu/analysis/Genome/SARS-CoV-2/phylogeny/RAxML-NG/DNA/part/3rd/SARS-CoV-2_200314.3.raxml.log

Analysis started: 16-Mar-2020 07:05:14 / finished: 16-Mar-2020 07:23:28

Elapsed time: 1093.576 seconds

