
RAxML-NG v. 0.9.0 released on 20.05.2019 by The Exelixis Lab.
Developed by: Alexey M. Kozlov and Alexandros Stamatakis.
Contributors: Diego Darriba, Tomas Flouri, Benoit Morel, Sarah Lutteropp, Ben Bettisworth.
Latest version: https://github.com/amkozlov/raxml-ng
Questions/problems/suggestions? Please visit: https://groups.google.com/forum/#!forum/raxml

RAxML-NG was called at 16-Mar-2020 07:57:02 as follows:

raxml-ng --threads 1 --bootstrap --bs-trees 84 --seed 1010405507 --prefix phylogeny/RAxML-NG/DNA/part/3rd/SARS-CoV-2_200314.1 --msa phylogeny/RAxML-NG/DNA/part/3rd/SARS-CoV-2_200314.raxml.rba --outgroup MG772933.1

Analysis options:
  run mode: Bootstrapping
  start tree(s): 
  bootstrap replicates: 84
  random seed: 1010405507
  tip-inner: OFF
  pattern compression: ON
  per-rate scalers: OFF
  site repeats: ON
  branch lengths: proportional (ML estimate, algorithm: NR-FAST)
  SIMD kernels: AVX2
  parallelization: NONE/sequential

[00:00:00] Loading binary alignment from file: phylogeny/RAxML-NG/DNA/part/3rd/SARS-CoV-2_200314.raxml.rba
[00:00:00] Alignment comprises 89 taxa, 22 partitions and 648 patterns

Partition 0: orf1ab_U
Model: TIM2+I+B
Alignment sites / patterns: 8810 / 93
Gaps: 0.10 %
Invariant sites: 96.00 %

Partition 1: orf1ab_U_p3
Model: TN93+FO+G4m+B
Alignment sites / patterns: 4405 / 89
Gaps: 0.10 %
Invariant sites: 73.92 %

Partition 2: orf1ab_D
Model: TN93+FO+I+B
Alignment sites / patterns: 5392 / 44
Gaps: 0.00 %
Invariant sites: 95.77 %

Partition 3: orf1ab_D_p3
Model: TPM3uf+FO+G4m+B
Alignment sites / patterns: 2696 / 56
Gaps: 0.00 %
Invariant sites: 62.54 %

Partition 4: S
Model: HKY+FO+G4m+B
Alignment sites / patterns: 2548 / 56
Gaps: 0.04 %
Invariant sites: 86.66 %

Partition 5: S_p3
Model: HKY+FO+I+B
Alignment sites / patterns: 1274 / 69
Gaps: 0.04 %
Invariant sites: 50.24 %

Partition 6: ORF3a
Model: JC+I+G4m+B
Alignment sites / patterns: 552 / 23
Gaps: 0.00 %
Invariant sites: 93.12 %

Partition 7: ORF3a_p3
Model: HKY+FO+I+B
Alignment sites / patterns: 276 / 22
Gaps: 0.00 %
Invariant sites: 70.65 %

Partition 8: E
Model: JC+B
Alignment sites / patterns: 152 / 7
Gaps: 0.00 %
Invariant sites: 98.03 %

Partition 9: E_p3
Model: JC+B
Alignment sites / patterns: 76 / 6
Gaps: 0.00 %
Invariant sites: 97.37 %

Partition 10: M
Model: JC+I+G4m+B
Alignment sites / patterns: 446 / 12
Gaps: 0.01 %
Invariant sites: 97.31 %

Partition 11: M_p3
Model: K80+I+B
Alignment sites / patterns: 223 / 28
Gaps: 0.01 %
Invariant sites: 78.03 %

Partition 12: ORF6
Model: JC+B
Alignment sites / patterns: 124 / 7
Gaps: 0.00 %
Invariant sites: 95.97 %

Partition 13: ORF6_p3
Model: JC+B
Alignment sites / patterns: 62 / 9
Gaps: 0.00 %
Invariant sites: 88.71 %

Partition 14: ORF7a
Model: K80+B
Alignment sites / patterns: 244 / 14
Gaps: 0.00 %
Invariant sites: 91.80 %

Partition 15: ORF7a_p3
Model: HKY+FO+I+B
Alignment sites / patterns: 122 / 16
Gaps: 0.00 %
Invariant sites: 78.69 %

Partition 16: ORF8
Model: K80+I+G4m+B
Alignment sites / patterns: 244 / 17
Gaps: 0.00 %
Invariant sites: 94.67 %

Partition 17: ORF8_p3
Model: HKY+FO+B
Alignment sites / patterns: 122 / 16
Gaps: 0.00 %
Invariant sites: 69.67 %

Partition 18: N
Model: HKY+FO+I+B
Alignment sites / patterns: 840 / 22
Gaps: 0.00 %
Invariant sites: 95.60 %

Partition 19: N_p3
Model: HKY+FO+G4m+B
Alignment sites / patterns: 420 / 31
Gaps: 0.00 %
Invariant sites: 76.43 %

Partition 20: ORF10
Model: JC+B
Alignment sites / patterns: 78 / 6
Gaps: 0.00 %
Invariant sites: 97.44 %

Partition 21: ORF10_p3
Model: JC+B
Alignment sites / patterns: 39 / 5
Gaps: 0.00 %
Invariant sites: 97.44 %


[00:00:00] Data distribution: max. partitions/sites/weight per thread: 22 / 648 / 6000
[00:00:00] Starting bootstrapping analysis with 84 replicates.

[00:00:52] Bootstrap tree #1, logLikelihood: -56632.335685
[00:01:57] Bootstrap tree #2, logLikelihood: -56235.048889
[00:02:51] Bootstrap tree #3, logLikelihood: -56053.292966
[00:03:50] Bootstrap tree #4, logLikelihood: -56574.026518
[00:04:45] Bootstrap tree #5, logLikelihood: -56539.198844
[00:05:39] Bootstrap tree #6, logLikelihood: -56340.257053
[00:06:35] Bootstrap tree #7, logLikelihood: -56647.878048
[00:07:21] Bootstrap tree #8, logLikelihood: -56065.336828
[00:08:53] Bootstrap tree #9, logLikelihood: -56109.469516
[00:09:43] Bootstrap tree #10, logLikelihood: -56551.763974
[00:10:52] Bootstrap tree #11, logLikelihood: -56441.020521
[00:11:51] Bootstrap tree #12, logLikelihood: -56332.827794
[00:13:21] Bootstrap tree #13, logLikelihood: -56797.115791
[00:14:16] Bootstrap tree #14, logLikelihood: -56527.491552
[00:15:09] Bootstrap tree #15, logLikelihood: -56280.939490
[00:16:02] Bootstrap tree #16, logLikelihood: -56195.260268
[00:16:54] Bootstrap tree #17, logLikelihood: -56053.620999
[00:17:50] Bootstrap tree #18, logLikelihood: -56935.717031
[00:18:49] Bootstrap tree #19, logLikelihood: -56580.465334
[00:19:41] Bootstrap tree #20, logLikelihood: -56261.076666
[00:20:41] Bootstrap tree #21, logLikelihood: -56455.882457
[00:21:35] Bootstrap tree #22, logLikelihood: -56467.342296
[00:22:38] Bootstrap tree #23, logLikelihood: -56320.032711
[00:23:36] Bootstrap tree #24, logLikelihood: -56461.869370
[00:24:57] Bootstrap tree #25, logLikelihood: -56197.308412
[00:25:48] Bootstrap tree #26, logLikelihood: -56580.200242
[00:26:49] Bootstrap tree #27, logLikelihood: -56933.461348
[00:27:50] Bootstrap tree #28, logLikelihood: -56114.213290
[00:29:08] Bootstrap tree #29, logLikelihood: -56556.818458
[00:30:02] Bootstrap tree #30, logLikelihood: -56181.244645
[00:31:00] Bootstrap tree #31, logLikelihood: -56302.027318
[00:32:55] Bootstrap tree #32, logLikelihood: -56345.536531
[00:33:53] Bootstrap tree #33, logLikelihood: -56621.463828
[00:34:55] Bootstrap tree #34, logLikelihood: -56349.439547
[00:35:59] Bootstrap tree #35, logLikelihood: -56468.591770
[00:37:03] Bootstrap tree #36, logLikelihood: -56606.853503
[00:38:31] Bootstrap tree #37, logLikelihood: -56420.351097
[00:39:30] Bootstrap tree #38, logLikelihood: -56433.793879
[00:40:31] Bootstrap tree #39, logLikelihood: -56956.013861
[00:41:38] Bootstrap tree #40, logLikelihood: -56421.948831
[00:42:41] Bootstrap tree #41, logLikelihood: -56792.248048
[00:43:47] Bootstrap tree #42, logLikelihood: -56587.835021
[00:45:16] Bootstrap tree #43, logLikelihood: -56284.671021
[00:46:18] Bootstrap tree #44, logLikelihood: -56704.378158
[00:47:22] Bootstrap tree #45, logLikelihood: -56588.563976
[00:48:29] Bootstrap tree #46, logLikelihood: -56021.913295
[00:49:22] Bootstrap tree #47, logLikelihood: -56401.054361
[00:50:43] Bootstrap tree #48, logLikelihood: -56685.901016
[00:52:28] Bootstrap tree #49, logLikelihood: -56315.840225
[00:53:22] Bootstrap tree #50, logLikelihood: -56372.692008
[00:54:25] Bootstrap tree #51, logLikelihood: -56466.439133
[00:55:23] Bootstrap tree #52, logLikelihood: -56200.095150
[00:56:14] Bootstrap tree #53, logLikelihood: -56536.578258
[00:57:18] Bootstrap tree #54, logLikelihood: -56834.274030
[00:58:21] Bootstrap tree #55, logLikelihood: -56339.389891
[00:59:24] Bootstrap tree #56, logLikelihood: -56606.019567
[01:00:23] Bootstrap tree #57, logLikelihood: -56680.889455
[01:01:21] Bootstrap tree #58, logLikelihood: -56293.156089
[01:02:29] Bootstrap tree #59, logLikelihood: -56528.479699
[01:03:26] Bootstrap tree #60, logLikelihood: -56494.240557
[01:04:27] Bootstrap tree #61, logLikelihood: -56360.608954
[01:05:35] Bootstrap tree #62, logLikelihood: -56082.424425
[01:06:39] Bootstrap tree #63, logLikelihood: -56597.570394
[01:07:36] Bootstrap tree #64, logLikelihood: -56854.116705
[01:08:33] Bootstrap tree #65, logLikelihood: -56195.402591
[01:09:29] Bootstrap tree #66, logLikelihood: -56130.088808
[01:10:29] Bootstrap tree #67, logLikelihood: -56676.029970
[01:11:55] Bootstrap tree #68, logLikelihood: -56327.108858
[01:12:54] Bootstrap tree #69, logLikelihood: -56805.107347
[01:13:54] Bootstrap tree #70, logLikelihood: -56472.011886
[01:14:59] Bootstrap tree #71, logLikelihood: -56540.758582
[01:16:02] Bootstrap tree #72, logLikelihood: -56387.539100
[01:17:23] Bootstrap tree #73, logLikelihood: -56931.730880
[01:18:22] Bootstrap tree #74, logLikelihood: -56352.838156
[01:19:22] Bootstrap tree #75, logLikelihood: -56702.734046
[01:20:24] Bootstrap tree #76, logLikelihood: -56338.747946
[01:21:28] Bootstrap tree #77, logLikelihood: -56439.454779
[01:22:31] Bootstrap tree #78, logLikelihood: -56386.086327
[01:23:32] Bootstrap tree #79, logLikelihood: -56567.056018
[01:24:22] Bootstrap tree #80, logLikelihood: -56415.213355
[01:25:23] Bootstrap tree #81, logLikelihood: -56634.030576
[01:26:26] Bootstrap tree #82, logLikelihood: -56636.806831
[01:27:28] Bootstrap tree #83, logLikelihood: -55987.272962
[01:28:49] Bootstrap tree #84, logLikelihood: -56484.149449

Bootstrap trees saved to: /home/hikoyu/analysis/Genome/SARS-CoV-2/phylogeny/RAxML-NG/DNA/part/3rd/SARS-CoV-2_200314.1.raxml.bootstraps

Execution log saved to: /home/hikoyu/analysis/Genome/SARS-CoV-2/phylogeny/RAxML-NG/DNA/part/3rd/SARS-CoV-2_200314.1.raxml.log

Analysis started: 16-Mar-2020 07:57:02 / finished: 16-Mar-2020 09:25:51

Elapsed time: 5329.201 seconds

