
RAxML-NG v. 0.9.0 released on 20.05.2019 by The Exelixis Lab.
Developed by: Alexey M. Kozlov and Alexandros Stamatakis.
Contributors: Diego Darriba, Tomas Flouri, Benoit Morel, Sarah Lutteropp, Ben Bettisworth.
Latest version: https://github.com/amkozlov/raxml-ng
Questions/problems/suggestions? Please visit: https://groups.google.com/forum/#!forum/raxml

RAxML-NG was called at 19-Mar-2020 07:15:39 as follows:

raxml-ng --threads 1 --bootstrap --bs-trees 84 --seed 2443362482 --prefix phylogeny/RAxML-NG/DNA/part/3rd/SARS-CoV-2_200318.3 --msa phylogeny/RAxML-NG/DNA/part/3rd/SARS-CoV-2_200318.raxml.rba --outgroup MG772933.1

Analysis options:
  run mode: Bootstrapping
  start tree(s): 
  bootstrap replicates: 84
  random seed: 2443362482
  tip-inner: OFF
  pattern compression: ON
  per-rate scalers: OFF
  site repeats: ON
  branch lengths: proportional (ML estimate, algorithm: NR-FAST)
  SIMD kernels: AVX2
  parallelization: NONE/sequential

[00:00:00] Loading binary alignment from file: phylogeny/RAxML-NG/DNA/part/3rd/SARS-CoV-2_200318.raxml.rba
[00:00:00] Alignment comprises 74 taxa, 22 partitions and 638 patterns

Partition 0: orf1ab_U
Model: TIM2+I+B
Alignment sites / patterns: 8810 / 86
Gaps: 0.10 %
Invariant sites: 96.06 %

Partition 1: orf1ab_U_p3
Model: TN93+FO+G4m+B
Alignment sites / patterns: 4405 / 84
Gaps: 0.10 %
Invariant sites: 73.94 %

Partition 2: orf1ab_D
Model: TN93+FO+I+G4m+B
Alignment sites / patterns: 5394 / 47
Gaps: 0.04 %
Invariant sites: 95.74 %

Partition 3: orf1ab_D_p3
Model: TPM3uf+FO+G4m+B
Alignment sites / patterns: 2697 / 59
Gaps: 0.04 %
Invariant sites: 62.51 %

Partition 4: S
Model: HKY+FO+G4m+B
Alignment sites / patterns: 2548 / 56
Gaps: 0.05 %
Invariant sites: 86.66 %

Partition 5: S_p3
Model: HKY+FO+I+B
Alignment sites / patterns: 1274 / 69
Gaps: 0.05 %
Invariant sites: 50.24 %

Partition 6: ORF3a
Model: JC+I+G4m+B
Alignment sites / patterns: 552 / 23
Gaps: 0.00 %
Invariant sites: 93.12 %

Partition 7: ORF3a_p3
Model: HKY+FO+I+B
Alignment sites / patterns: 276 / 22
Gaps: 0.00 %
Invariant sites: 70.65 %

Partition 8: E
Model: JC+B
Alignment sites / patterns: 152 / 6
Gaps: 0.00 %
Invariant sites: 98.68 %

Partition 9: E_p3
Model: JC+B
Alignment sites / patterns: 76 / 6
Gaps: 0.00 %
Invariant sites: 97.37 %

Partition 10: M
Model: JC+I+B
Alignment sites / patterns: 446 / 12
Gaps: 0.01 %
Invariant sites: 97.31 %

Partition 11: M_p3
Model: K80+I+B
Alignment sites / patterns: 223 / 28
Gaps: 0.01 %
Invariant sites: 78.03 %

Partition 12: ORF6
Model: JC+B
Alignment sites / patterns: 124 / 7
Gaps: 0.00 %
Invariant sites: 95.97 %

Partition 13: ORF6_p3
Model: JC+B
Alignment sites / patterns: 62 / 9
Gaps: 0.00 %
Invariant sites: 88.71 %

Partition 14: ORF7a
Model: K80+B
Alignment sites / patterns: 244 / 14
Gaps: 0.00 %
Invariant sites: 91.80 %

Partition 15: ORF7a_p3
Model: HKY+FO+I+B
Alignment sites / patterns: 122 / 16
Gaps: 0.00 %
Invariant sites: 78.69 %

Partition 16: ORF8
Model: K80+I+G4m+B
Alignment sites / patterns: 244 / 17
Gaps: 0.00 %
Invariant sites: 94.67 %

Partition 17: ORF8_p3
Model: HKY+FO+B
Alignment sites / patterns: 122 / 16
Gaps: 0.00 %
Invariant sites: 69.67 %

Partition 18: N
Model: HKY+FO+I+B
Alignment sites / patterns: 840 / 21
Gaps: 0.00 %
Invariant sites: 95.71 %

Partition 19: N_p3
Model: HKY+FO+G4m+B
Alignment sites / patterns: 420 / 29
Gaps: 0.00 %
Invariant sites: 76.67 %

Partition 20: ORF10
Model: JC+B
Alignment sites / patterns: 78 / 6
Gaps: 0.00 %
Invariant sites: 97.44 %

Partition 21: ORF10_p3
Model: JC+B
Alignment sites / patterns: 39 / 5
Gaps: 0.00 %
Invariant sites: 97.44 %


[00:00:00] Data distribution: max. partitions/sites/weight per thread: 22 / 638 / 6332
[00:00:00] Starting bootstrapping analysis with 84 replicates.

[00:00:36] Bootstrap tree #1, logLikelihood: -56700.166223
[00:01:16] Bootstrap tree #2, logLikelihood: -56808.531985
[00:02:00] Bootstrap tree #3, logLikelihood: -56304.111520
[00:02:39] Bootstrap tree #4, logLikelihood: -56392.221366
[00:03:16] Bootstrap tree #5, logLikelihood: -55954.754495
[00:03:58] Bootstrap tree #6, logLikelihood: -56141.135555
[00:04:37] Bootstrap tree #7, logLikelihood: -56339.890825
[00:05:21] Bootstrap tree #8, logLikelihood: -56255.862527
[00:06:09] Bootstrap tree #9, logLikelihood: -57095.435339
[00:06:53] Bootstrap tree #10, logLikelihood: -56514.674097
[00:07:39] Bootstrap tree #11, logLikelihood: -56777.145571
[00:08:22] Bootstrap tree #12, logLikelihood: -56589.928480
[00:09:09] Bootstrap tree #13, logLikelihood: -56197.263942
[00:09:40] Bootstrap tree #14, logLikelihood: -56344.340298
[00:10:29] Bootstrap tree #15, logLikelihood: -56559.189511
[00:11:11] Bootstrap tree #16, logLikelihood: -56416.234045
[00:11:53] Bootstrap tree #17, logLikelihood: -56219.849767
[00:12:38] Bootstrap tree #18, logLikelihood: -56403.730696
[00:13:33] Bootstrap tree #19, logLikelihood: -56188.836266
[00:14:12] Bootstrap tree #20, logLikelihood: -56345.757521
[00:15:00] Bootstrap tree #21, logLikelihood: -56183.719249
[00:15:49] Bootstrap tree #22, logLikelihood: -56473.651120
[00:17:45] Bootstrap tree #23, logLikelihood: -56481.932433
[00:18:39] Bootstrap tree #24, logLikelihood: -56165.746040
[00:19:25] Bootstrap tree #25, logLikelihood: -56164.822001
[00:20:06] Bootstrap tree #26, logLikelihood: -56293.968187
[00:20:46] Bootstrap tree #27, logLikelihood: -56787.422341
[00:21:41] Bootstrap tree #28, logLikelihood: -56072.510718
[00:22:24] Bootstrap tree #29, logLikelihood: -56105.720205
[00:23:02] Bootstrap tree #30, logLikelihood: -56636.315060
[00:23:49] Bootstrap tree #31, logLikelihood: -56747.847667
[00:24:34] Bootstrap tree #32, logLikelihood: -56458.134924
[00:25:19] Bootstrap tree #33, logLikelihood: -56184.632561
[00:26:03] Bootstrap tree #34, logLikelihood: -56202.666820
[00:26:46] Bootstrap tree #35, logLikelihood: -56509.816068
[00:27:27] Bootstrap tree #36, logLikelihood: -56382.734624
[00:28:10] Bootstrap tree #37, logLikelihood: -56386.344140
[00:28:56] Bootstrap tree #38, logLikelihood: -56368.296839
[00:29:35] Bootstrap tree #39, logLikelihood: -56384.277770
[00:30:23] Bootstrap tree #40, logLikelihood: -56433.248373
[00:31:27] Bootstrap tree #41, logLikelihood: -56408.381416
[00:32:11] Bootstrap tree #42, logLikelihood: -56338.259353
[00:33:09] Bootstrap tree #43, logLikelihood: -56086.912763
[00:34:11] Bootstrap tree #44, logLikelihood: -55887.870826
[00:34:53] Bootstrap tree #45, logLikelihood: -55685.967029
[00:35:36] Bootstrap tree #46, logLikelihood: -56354.306123
[00:36:20] Bootstrap tree #47, logLikelihood: -56134.703163
[00:37:01] Bootstrap tree #48, logLikelihood: -56404.384108
[00:37:40] Bootstrap tree #49, logLikelihood: -56614.772870
[00:38:41] Bootstrap tree #50, logLikelihood: -56504.363127
[00:39:25] Bootstrap tree #51, logLikelihood: -56422.086099
[00:40:21] Bootstrap tree #52, logLikelihood: -56122.968581
[00:41:08] Bootstrap tree #53, logLikelihood: -56126.853148
[00:41:49] Bootstrap tree #54, logLikelihood: -56811.420225
[00:42:31] Bootstrap tree #55, logLikelihood: -56183.089780
[00:43:11] Bootstrap tree #56, logLikelihood: -56227.235573
[00:44:03] Bootstrap tree #57, logLikelihood: -56339.699407
[00:44:52] Bootstrap tree #58, logLikelihood: -56315.309946
[00:45:37] Bootstrap tree #59, logLikelihood: -56668.052724
[00:46:18] Bootstrap tree #60, logLikelihood: -56284.656904
[00:47:04] Bootstrap tree #61, logLikelihood: -56343.524516
[00:47:51] Bootstrap tree #62, logLikelihood: -56853.278672
[00:48:44] Bootstrap tree #63, logLikelihood: -56365.337984
[00:49:26] Bootstrap tree #64, logLikelihood: -56232.588252
[00:50:12] Bootstrap tree #65, logLikelihood: -56609.362282
[00:50:57] Bootstrap tree #66, logLikelihood: -56297.757360
[00:51:47] Bootstrap tree #67, logLikelihood: -56426.613682
[00:53:03] Bootstrap tree #68, logLikelihood: -55982.989291
[00:53:52] Bootstrap tree #69, logLikelihood: -56087.490544
[00:54:35] Bootstrap tree #70, logLikelihood: -56212.960988
[00:55:21] Bootstrap tree #71, logLikelihood: -56724.959834
[00:55:56] Bootstrap tree #72, logLikelihood: -56486.152402
[00:56:33] Bootstrap tree #73, logLikelihood: -56328.231808
[00:57:15] Bootstrap tree #74, logLikelihood: -56197.717729
[00:57:59] Bootstrap tree #75, logLikelihood: -56222.405012
[00:58:49] Bootstrap tree #76, logLikelihood: -56443.244135
[00:59:30] Bootstrap tree #77, logLikelihood: -56156.306523
[01:00:10] Bootstrap tree #78, logLikelihood: -55918.617745
[01:00:46] Bootstrap tree #79, logLikelihood: -56045.864029
[01:01:34] Bootstrap tree #80, logLikelihood: -56040.319247
[01:02:16] Bootstrap tree #81, logLikelihood: -56709.409589
[01:03:02] Bootstrap tree #82, logLikelihood: -56387.962764
[01:03:44] Bootstrap tree #83, logLikelihood: -56064.485332
[01:04:32] Bootstrap tree #84, logLikelihood: -56205.136393

Bootstrap trees saved to: /home/hikoyu/analysis/Genome/SARS-CoV-2/phylogeny/RAxML-NG/DNA/part/3rd/SARS-CoV-2_200318.3.raxml.bootstraps

Execution log saved to: /home/hikoyu/analysis/Genome/SARS-CoV-2/phylogeny/RAxML-NG/DNA/part/3rd/SARS-CoV-2_200318.3.raxml.log

Analysis started: 19-Mar-2020 07:15:39 / finished: 19-Mar-2020 08:20:11

Elapsed time: 3872.378 seconds

