
RAxML-NG v. 0.9.0 released on 20.05.2019 by The Exelixis Lab.
Developed by: Alexey M. Kozlov and Alexandros Stamatakis.
Contributors: Diego Darriba, Tomas Flouri, Benoit Morel, Sarah Lutteropp, Ben Bettisworth.
Latest version: https://github.com/amkozlov/raxml-ng
Questions/problems/suggestions? Please visit: https://groups.google.com/forum/#!forum/raxml

RAxML-NG was called at 19-Mar-2020 05:17:56 as follows:

raxml-ng --threads 1 --bootstrap --bs-trees 83 --seed 3185041994 --prefix phylogeny/RAxML-NG/DNA/part/uni/SARS-CoV-2_200318.4 --msa phylogeny/RAxML-NG/DNA/part/uni/SARS-CoV-2_200318.raxml.rba --outgroup MG772933.1

Analysis options:
  run mode: Bootstrapping
  start tree(s): 
  bootstrap replicates: 83
  random seed: 3185041994
  tip-inner: OFF
  pattern compression: ON
  per-rate scalers: OFF
  site repeats: ON
  branch lengths: proportional (ML estimate, algorithm: NR-FAST)
  SIMD kernels: AVX2
  parallelization: NONE/sequential

[00:00:00] Loading binary alignment from file: phylogeny/RAxML-NG/DNA/part/uni/SARS-CoV-2_200318.raxml.rba
[00:00:00] Alignment comprises 74 taxa, 11 partitions and 454 patterns

Partition 0: orf1ab_U
Model: TIM2+I+G4m+B
Alignment sites / patterns: 13215 / 126
Gaps: 0.10 %
Invariant sites: 88.69 %

Partition 1: orf1ab_D
Model: TIM2+I+G4m+B
Alignment sites / patterns: 8091 / 78
Gaps: 0.04 %
Invariant sites: 84.66 %

Partition 2: S
Model: TIM2+I+B
Alignment sites / patterns: 3822 / 84
Gaps: 0.05 %
Invariant sites: 74.52 %

Partition 3: ORF3a
Model: HKY+FO+G4m+B
Alignment sites / patterns: 828 / 30
Gaps: 0.00 %
Invariant sites: 85.63 %

Partition 4: E
Model: JC+B
Alignment sites / patterns: 228 / 7
Gaps: 0.00 %
Invariant sites: 98.25 %

Partition 5: M
Model: K80+I+B
Alignment sites / patterns: 669 / 33
Gaps: 0.01 %
Invariant sites: 90.88 %

Partition 6: ORF6
Model: HKY+FO+B
Alignment sites / patterns: 186 / 11
Gaps: 0.00 %
Invariant sites: 93.55 %

Partition 7: ORF7a
Model: HKY+FO+I+B
Alignment sites / patterns: 366 / 20
Gaps: 0.00 %
Invariant sites: 87.43 %

Partition 8: ORF8
Model: TN93ef+I+G4m+B
Alignment sites / patterns: 366 / 23
Gaps: 0.00 %
Invariant sites: 86.34 %

Partition 9: N
Model: TN93+FO+I+B
Alignment sites / patterns: 1260 / 35
Gaps: 0.00 %
Invariant sites: 89.37 %

Partition 10: ORF10
Model: JC+B
Alignment sites / patterns: 117 / 7
Gaps: 0.00 %
Invariant sites: 97.44 %


[00:00:00] Data distribution: max. partitions/sites/weight per thread: 11 / 454 / 4900
[00:00:00] Starting bootstrapping analysis with 83 replicates.

[00:00:22] Bootstrap tree #1, logLikelihood: -59544.166442
[00:00:44] Bootstrap tree #2, logLikelihood: -59542.916139
[00:01:13] Bootstrap tree #3, logLikelihood: -59604.238598
[00:01:41] Bootstrap tree #4, logLikelihood: -59338.293609
[00:02:04] Bootstrap tree #5, logLikelihood: -59608.601118
[00:02:32] Bootstrap tree #6, logLikelihood: -59941.310084
[00:02:58] Bootstrap tree #7, logLikelihood: -59571.094427
[00:03:28] Bootstrap tree #8, logLikelihood: -59874.108203
[00:03:53] Bootstrap tree #9, logLikelihood: -59497.407787
[00:04:17] Bootstrap tree #10, logLikelihood: -59658.038953
[00:04:50] Bootstrap tree #11, logLikelihood: -59787.683027
[00:05:22] Bootstrap tree #12, logLikelihood: -59746.187858
[00:05:45] Bootstrap tree #13, logLikelihood: -59810.891571
[00:06:18] Bootstrap tree #14, logLikelihood: -59793.211373
[00:06:42] Bootstrap tree #15, logLikelihood: -59694.648615
[00:07:12] Bootstrap tree #16, logLikelihood: -60056.752828
[00:07:39] Bootstrap tree #17, logLikelihood: -59629.442224
[00:08:10] Bootstrap tree #18, logLikelihood: -60486.790571
[00:08:32] Bootstrap tree #19, logLikelihood: -59543.417602
[00:08:56] Bootstrap tree #20, logLikelihood: -59665.965544
[00:09:23] Bootstrap tree #21, logLikelihood: -59660.385238
[00:09:48] Bootstrap tree #22, logLikelihood: -59729.021298
[00:10:20] Bootstrap tree #23, logLikelihood: -60029.173875
[00:10:49] Bootstrap tree #24, logLikelihood: -60169.799801
[00:11:21] Bootstrap tree #25, logLikelihood: -59832.421507
[00:11:46] Bootstrap tree #26, logLikelihood: -59494.077695
[00:12:11] Bootstrap tree #27, logLikelihood: -59697.836718
[00:12:46] Bootstrap tree #28, logLikelihood: -59714.433701
[00:13:10] Bootstrap tree #29, logLikelihood: -59634.605592
[00:13:38] Bootstrap tree #30, logLikelihood: -59464.832547
[00:13:59] Bootstrap tree #31, logLikelihood: -59616.902215
[00:14:22] Bootstrap tree #32, logLikelihood: -59648.285340
[00:15:01] Bootstrap tree #33, logLikelihood: -59555.382934
[00:15:25] Bootstrap tree #34, logLikelihood: -59805.116249
[00:15:52] Bootstrap tree #35, logLikelihood: -59847.200277
[00:16:17] Bootstrap tree #36, logLikelihood: -59540.348417
[00:16:43] Bootstrap tree #37, logLikelihood: -59730.242698
[00:17:05] Bootstrap tree #38, logLikelihood: -59497.848566
[00:17:29] Bootstrap tree #39, logLikelihood: -59491.544723
[00:17:53] Bootstrap tree #40, logLikelihood: -59839.551745
[00:18:20] Bootstrap tree #41, logLikelihood: -59151.450683
[00:18:46] Bootstrap tree #42, logLikelihood: -59576.991647
[00:19:09] Bootstrap tree #43, logLikelihood: -59723.965536
[00:19:35] Bootstrap tree #44, logLikelihood: -59145.192099
[00:20:12] Bootstrap tree #45, logLikelihood: -59557.990073
[00:20:37] Bootstrap tree #46, logLikelihood: -59374.877653
[00:21:02] Bootstrap tree #47, logLikelihood: -59399.366967
[00:21:27] Bootstrap tree #48, logLikelihood: -59632.690425
[00:21:51] Bootstrap tree #49, logLikelihood: -59760.081635
[00:22:15] Bootstrap tree #50, logLikelihood: -59489.781470
[00:22:38] Bootstrap tree #51, logLikelihood: -59385.386915
[00:22:59] Bootstrap tree #52, logLikelihood: -59705.217379
[00:23:24] Bootstrap tree #53, logLikelihood: -59399.794133
[00:23:51] Bootstrap tree #54, logLikelihood: -60187.663101
[00:24:17] Bootstrap tree #55, logLikelihood: -59881.308907
[00:24:44] Bootstrap tree #56, logLikelihood: -60013.142036
[00:25:11] Bootstrap tree #57, logLikelihood: -59987.769947
[00:25:41] Bootstrap tree #58, logLikelihood: -59875.018384
[00:26:06] Bootstrap tree #59, logLikelihood: -59881.402455
[00:26:29] Bootstrap tree #60, logLikelihood: -59452.714845
[00:26:51] Bootstrap tree #61, logLikelihood: -59535.465658
[00:27:22] Bootstrap tree #62, logLikelihood: -59846.410265
[00:27:48] Bootstrap tree #63, logLikelihood: -59587.832696
[00:28:13] Bootstrap tree #64, logLikelihood: -59870.186581
[00:28:47] Bootstrap tree #65, logLikelihood: -59776.480192
[00:29:31] Bootstrap tree #66, logLikelihood: -59762.814062
[00:29:58] Bootstrap tree #67, logLikelihood: -59475.815422
[00:30:19] Bootstrap tree #68, logLikelihood: -59426.669238
[00:30:52] Bootstrap tree #69, logLikelihood: -59847.781810
[00:31:17] Bootstrap tree #70, logLikelihood: -59291.578534
[00:31:43] Bootstrap tree #71, logLikelihood: -59563.699345
[00:32:07] Bootstrap tree #72, logLikelihood: -59276.034689
[00:32:35] Bootstrap tree #73, logLikelihood: -59901.571449
[00:33:01] Bootstrap tree #74, logLikelihood: -59589.844844
[00:33:25] Bootstrap tree #75, logLikelihood: -59606.283435
[00:33:49] Bootstrap tree #76, logLikelihood: -59491.236470
[00:34:16] Bootstrap tree #77, logLikelihood: -59591.134604
[00:34:41] Bootstrap tree #78, logLikelihood: -59547.681163
[00:35:04] Bootstrap tree #79, logLikelihood: -59766.638204
[00:35:31] Bootstrap tree #80, logLikelihood: -59388.114776
[00:36:06] Bootstrap tree #81, logLikelihood: -59756.136050
[00:36:35] Bootstrap tree #82, logLikelihood: -59612.659989
[00:37:10] Bootstrap tree #83, logLikelihood: -59684.764633

Bootstrap trees saved to: /home/hikoyu/analysis/Genome/SARS-CoV-2/phylogeny/RAxML-NG/DNA/part/uni/SARS-CoV-2_200318.4.raxml.bootstraps

Execution log saved to: /home/hikoyu/analysis/Genome/SARS-CoV-2/phylogeny/RAxML-NG/DNA/part/uni/SARS-CoV-2_200318.4.raxml.log

Analysis started: 19-Mar-2020 05:17:56 / finished: 19-Mar-2020 05:55:07

Elapsed time: 2230.433 seconds

