
RAxML-NG v. 0.9.0 released on 20.05.2019 by The Exelixis Lab.
Developed by: Alexey M. Kozlov and Alexandros Stamatakis.
Contributors: Diego Darriba, Tomas Flouri, Benoit Morel, Sarah Lutteropp, Ben Bettisworth.
Latest version: https://github.com/amkozlov/raxml-ng
Questions/problems/suggestions? Please visit: https://groups.google.com/forum/#!forum/raxml

RAxML-NG was called at 21-Mar-2020 20:38:13 as follows:

raxml-ng --threads 1 --bootstrap --bs-trees 84 --seed 1904403400 --prefix phylogeny/RAxML-NG/DNA/part/uni/SARS-CoV-2_200320.3 --msa phylogeny/RAxML-NG/DNA/part/uni/SARS-CoV-2_200320.raxml.rba --outgroup MG772933.1

Analysis options:
  run mode: Bootstrapping
  start tree(s): 
  bootstrap replicates: 84
  random seed: 1904403400
  tip-inner: OFF
  pattern compression: ON
  per-rate scalers: OFF
  site repeats: ON
  branch lengths: proportional (ML estimate, algorithm: NR-FAST)
  SIMD kernels: AVX2
  parallelization: NONE/sequential

[00:00:00] Loading binary alignment from file: phylogeny/RAxML-NG/DNA/part/uni/SARS-CoV-2_200320.raxml.rba
[00:00:00] Alignment comprises 78 taxa, 11 partitions and 458 patterns

Partition 0: orf1ab_U
Model: TIM2+I+G4m+B
Alignment sites / patterns: 13215 / 128
Gaps: 0.10 %
Invariant sites: 88.69 %

Partition 1: orf1ab_D
Model: TIM2+I+G4m+B
Alignment sites / patterns: 8091 / 79
Gaps: 0.04 %
Invariant sites: 84.64 %

Partition 2: S
Model: TIM2+I+B
Alignment sites / patterns: 3822 / 85
Gaps: 0.04 %
Invariant sites: 74.49 %

Partition 3: ORF3a
Model: HKY+FO+G4m+B
Alignment sites / patterns: 828 / 30
Gaps: 0.00 %
Invariant sites: 85.63 %

Partition 4: E
Model: JC+B
Alignment sites / patterns: 228 / 7
Gaps: 0.00 %
Invariant sites: 98.25 %

Partition 5: M
Model: K80+I+B
Alignment sites / patterns: 669 / 33
Gaps: 0.01 %
Invariant sites: 90.88 %

Partition 6: ORF6
Model: HKY+FO+B
Alignment sites / patterns: 186 / 11
Gaps: 0.00 %
Invariant sites: 93.55 %

Partition 7: ORF7a
Model: HKY+FO+I+B
Alignment sites / patterns: 366 / 20
Gaps: 0.00 %
Invariant sites: 87.43 %

Partition 8: ORF8
Model: TN93ef+I+G4m+B
Alignment sites / patterns: 366 / 23
Gaps: 0.00 %
Invariant sites: 86.34 %

Partition 9: N
Model: TIM2+I+B
Alignment sites / patterns: 1260 / 35
Gaps: 0.00 %
Invariant sites: 89.37 %

Partition 10: ORF10
Model: JC+B
Alignment sites / patterns: 117 / 7
Gaps: 0.00 %
Invariant sites: 97.44 %


[00:00:00] Data distribution: max. partitions/sites/weight per thread: 11 / 458 / 4952
[00:00:00] Starting bootstrapping analysis with 84 replicates.

[00:00:22] Bootstrap tree #1, logLikelihood: -59799.969818
[00:00:57] Bootstrap tree #2, logLikelihood: -60374.705442
[00:01:24] Bootstrap tree #3, logLikelihood: -59611.886273
[00:01:48] Bootstrap tree #4, logLikelihood: -59810.637438
[00:02:15] Bootstrap tree #5, logLikelihood: -59648.315867
[00:02:46] Bootstrap tree #6, logLikelihood: -60071.994035
[00:03:13] Bootstrap tree #7, logLikelihood: -59852.329508
[00:03:39] Bootstrap tree #8, logLikelihood: -59646.136420
[00:04:07] Bootstrap tree #9, logLikelihood: -60009.447980
[00:04:35] Bootstrap tree #10, logLikelihood: -59548.189212
[00:05:08] Bootstrap tree #11, logLikelihood: -59775.813392
[00:05:46] Bootstrap tree #12, logLikelihood: -60167.461295
[00:06:16] Bootstrap tree #13, logLikelihood: -59277.441214
[00:06:50] Bootstrap tree #14, logLikelihood: -59741.039296
[00:07:25] Bootstrap tree #15, logLikelihood: -59605.700323
[00:07:52] Bootstrap tree #16, logLikelihood: -59848.869488
[00:08:35] Bootstrap tree #17, logLikelihood: -59798.745432
[00:09:03] Bootstrap tree #18, logLikelihood: -59956.308563
[00:09:31] Bootstrap tree #19, logLikelihood: -59754.930162
[00:10:00] Bootstrap tree #20, logLikelihood: -59488.937388
[00:10:26] Bootstrap tree #21, logLikelihood: -60123.203278
[00:11:10] Bootstrap tree #22, logLikelihood: -60047.668796
[00:11:37] Bootstrap tree #23, logLikelihood: -59979.633109
[00:12:03] Bootstrap tree #24, logLikelihood: -59696.025341
[00:12:40] Bootstrap tree #25, logLikelihood: -59933.460517
[00:13:08] Bootstrap tree #26, logLikelihood: -59832.303548
[00:13:40] Bootstrap tree #27, logLikelihood: -59817.685914
[00:14:11] Bootstrap tree #28, logLikelihood: -59649.504997
[00:14:39] Bootstrap tree #29, logLikelihood: -59921.159282
[00:15:17] Bootstrap tree #30, logLikelihood: -59820.822487
[00:15:45] Bootstrap tree #31, logLikelihood: -60045.792556
[00:16:14] Bootstrap tree #32, logLikelihood: -59504.886745
[00:16:44] Bootstrap tree #33, logLikelihood: -59810.678685
[00:17:11] Bootstrap tree #34, logLikelihood: -59332.510392
[00:17:37] Bootstrap tree #35, logLikelihood: -59964.370940
[00:18:04] Bootstrap tree #36, logLikelihood: -59997.264532
[00:18:29] Bootstrap tree #37, logLikelihood: -59946.352808
[00:19:02] Bootstrap tree #38, logLikelihood: -59554.796487
[00:19:29] Bootstrap tree #39, logLikelihood: -59979.176937
[00:19:56] Bootstrap tree #40, logLikelihood: -59590.682438
[00:20:30] Bootstrap tree #41, logLikelihood: -59660.269593
[00:20:56] Bootstrap tree #42, logLikelihood: -59502.570085
[00:21:27] Bootstrap tree #43, logLikelihood: -59972.283506
[00:21:54] Bootstrap tree #44, logLikelihood: -59964.381550
[00:22:20] Bootstrap tree #45, logLikelihood: -59715.973041
[00:22:59] Bootstrap tree #46, logLikelihood: -60073.010686
[00:23:23] Bootstrap tree #47, logLikelihood: -59773.016074
[00:23:55] Bootstrap tree #48, logLikelihood: -60038.798639
[00:24:25] Bootstrap tree #49, logLikelihood: -59835.270596
[00:24:52] Bootstrap tree #50, logLikelihood: -59877.018414
[00:25:35] Bootstrap tree #51, logLikelihood: -60008.220560
[00:26:02] Bootstrap tree #52, logLikelihood: -60110.253797
[00:26:30] Bootstrap tree #53, logLikelihood: -59483.138675
[00:26:58] Bootstrap tree #54, logLikelihood: -59688.643738
[00:27:28] Bootstrap tree #55, logLikelihood: -59670.239824
[00:27:52] Bootstrap tree #56, logLikelihood: -59990.398988
[00:28:18] Bootstrap tree #57, logLikelihood: -60549.009602
[00:28:55] Bootstrap tree #58, logLikelihood: -59471.514031
[00:29:24] Bootstrap tree #59, logLikelihood: -59875.011776
[00:29:55] Bootstrap tree #60, logLikelihood: -60262.332187
[00:30:21] Bootstrap tree #61, logLikelihood: -59445.861396
[00:30:50] Bootstrap tree #62, logLikelihood: -59657.209354
[00:31:25] Bootstrap tree #63, logLikelihood: -60297.114308
[00:31:54] Bootstrap tree #64, logLikelihood: -59847.117148
[00:32:23] Bootstrap tree #65, logLikelihood: -60011.029172
[00:32:49] Bootstrap tree #66, logLikelihood: -59197.408703
[00:33:20] Bootstrap tree #67, logLikelihood: -59818.997887
[00:33:47] Bootstrap tree #68, logLikelihood: -60105.013835
[00:34:17] Bootstrap tree #69, logLikelihood: -59686.962222
[00:34:42] Bootstrap tree #70, logLikelihood: -59749.018178
[00:35:24] Bootstrap tree #71, logLikelihood: -60195.698962
[00:35:49] Bootstrap tree #72, logLikelihood: -59810.765213
[00:36:14] Bootstrap tree #73, logLikelihood: -59753.591143
[00:36:42] Bootstrap tree #74, logLikelihood: -59971.619283
[00:37:12] Bootstrap tree #75, logLikelihood: -59989.319138
[00:37:40] Bootstrap tree #76, logLikelihood: -59884.611530
[00:38:16] Bootstrap tree #77, logLikelihood: -59636.691414
[00:38:45] Bootstrap tree #78, logLikelihood: -59758.760205
[00:39:13] Bootstrap tree #79, logLikelihood: -59935.517506
[00:39:55] Bootstrap tree #80, logLikelihood: -59583.190724
[00:40:27] Bootstrap tree #81, logLikelihood: -60082.531001
[00:40:55] Bootstrap tree #82, logLikelihood: -59535.627304
[00:41:27] Bootstrap tree #83, logLikelihood: -59638.382790
[00:41:58] Bootstrap tree #84, logLikelihood: -60298.264024

Bootstrap trees saved to: /home/hikoyu/analysis/Genome/SARS-CoV-2/phylogeny/RAxML-NG/DNA/part/uni/SARS-CoV-2_200320.3.raxml.bootstraps

Execution log saved to: /home/hikoyu/analysis/Genome/SARS-CoV-2/phylogeny/RAxML-NG/DNA/part/uni/SARS-CoV-2_200320.3.raxml.log

Analysis started: 21-Mar-2020 20:38:13 / finished: 21-Mar-2020 21:20:11

Elapsed time: 2518.120 seconds

