
RAxML-NG v. 0.9.0 released on 20.05.2019 by The Exelixis Lab.
Developed by: Alexey M. Kozlov and Alexandros Stamatakis.
Contributors: Diego Darriba, Tomas Flouri, Benoit Morel, Sarah Lutteropp, Ben Bettisworth.
Latest version: https://github.com/amkozlov/raxml-ng
Questions/problems/suggestions? Please visit: https://groups.google.com/forum/#!forum/raxml

RAxML-NG was called at 11-Mar-2020 03:22:19 as follows:

raxml-ng --threads 1 --search --tree rand{8},pars{8} --seed 1638866319 --prefix phylogeny/RAxML-NG/DNA/part/uni/SARS-CoV-2_200311.8 --msa phylogeny/RAxML-NG/DNA/part/uni/SARS-CoV-2_200311.raxml.rba --outgroup MG772933.1

Analysis options:
  run mode: ML tree search
  start tree(s): random (8) + parsimony (8)
  random seed: 1638866319
  tip-inner: OFF
  pattern compression: ON
  per-rate scalers: OFF
  site repeats: ON
  fast spr radius: AUTO
  spr subtree cutoff: 1.000000
  branch lengths: proportional (ML estimate, algorithm: NR-FAST)
  SIMD kernels: AVX2
  parallelization: NONE/sequential

[00:00:00] Loading binary alignment from file: phylogeny/RAxML-NG/DNA/part/uni/SARS-CoV-2_200311.raxml.rba
[00:00:00] Alignment comprises 64 taxa, 11 partitions and 435 patterns

Partition 0: orf1ab_U
Model: TIM2+I+G4m+B
Alignment sites / patterns: 13215 / 117
Gaps: 0.10 %
Invariant sites: 88.75 %

Partition 1: orf1ab_D
Model: TIM2+G4m+B
Alignment sites / patterns: 8088 / 71
Gaps: 0.00 %
Invariant sites: 84.71 %

Partition 2: S
Model: TIM2+I+B
Alignment sites / patterns: 3822 / 81
Gaps: 0.05 %
Invariant sites: 74.57 %

Partition 3: ORF3a
Model: HKY+FO+G4m+B
Alignment sites / patterns: 828 / 30
Gaps: 0.00 %
Invariant sites: 85.63 %

Partition 4: E
Model: JC+B
Alignment sites / patterns: 228 / 7
Gaps: 0.00 %
Invariant sites: 98.25 %

Partition 5: M
Model: K80+I+B
Alignment sites / patterns: 669 / 33
Gaps: 0.01 %
Invariant sites: 90.88 %

Partition 6: ORF6
Model: HKY+FO+B
Alignment sites / patterns: 186 / 11
Gaps: 0.00 %
Invariant sites: 93.55 %

Partition 7: ORF7a
Model: HKY+FO+I+B
Alignment sites / patterns: 366 / 20
Gaps: 0.00 %
Invariant sites: 87.43 %

Partition 8: ORF8
Model: TN93+FO+I+G4m+B
Alignment sites / patterns: 366 / 23
Gaps: 0.00 %
Invariant sites: 86.34 %

Partition 9: N
Model: TN93+FO+I+B
Alignment sites / patterns: 1260 / 35
Gaps: 0.00 %
Invariant sites: 89.37 %

Partition 10: ORF10
Model: JC+B
Alignment sites / patterns: 117 / 7
Gaps: 0.00 %
Invariant sites: 97.44 %


[00:00:00] Generating 8 random starting tree(s) with 64 taxa
[00:00:00] Generating 8 parsimony starting tree(s) with 64 taxa
[00:00:00] Data distribution: max. partitions/sites/weight per thread: 11 / 435 / 4632

Starting ML tree search with 16 distinct starting trees

[00:00:00 -141847.838408] Initial branch length optimization
[00:00:00 -62195.683139] Model parameter optimization (eps = 10.000000)
[00:00:02 -60189.648690] AUTODETECT spr round 1 (radius: 5)
[00:00:02 -59943.252190] AUTODETECT spr round 2 (radius: 10)
[00:00:03 -59772.983798] AUTODETECT spr round 3 (radius: 15)
[00:00:04 -59751.914523] AUTODETECT spr round 4 (radius: 20)
[00:00:04 -59695.929754] AUTODETECT spr round 5 (radius: 25)
[00:00:04 -59695.904882] SPR radius for FAST iterations: 20 (autodetect)
[00:00:04 -59695.904882] Model parameter optimization (eps = 3.000000)
[00:00:07 -59643.013194] FAST spr round 1 (radius: 20)
[00:00:09 -59575.593956] FAST spr round 2 (radius: 20)
[00:00:10 -59575.591875] Model parameter optimization (eps = 1.000000)
[00:00:11 -59571.874815] SLOW spr round 1 (radius: 5)
[00:00:13 -59571.870165] SLOW spr round 2 (radius: 10)
[00:00:16 -59571.870071] SLOW spr round 3 (radius: 15)
[00:00:18 -59571.870068] SLOW spr round 4 (radius: 20)
[00:00:18 -59571.870068] SLOW spr round 5 (radius: 25)
[00:00:18 -59571.870068] Model parameter optimization (eps = 0.100000)

[00:00:21] ML tree search #1, logLikelihood: -59568.154570

[00:00:21 -141845.512504] Initial branch length optimization
[00:00:21 -62151.213214] Model parameter optimization (eps = 10.000000)
[00:00:23 -60163.491704] AUTODETECT spr round 1 (radius: 5)
[00:00:24 -59869.729910] AUTODETECT spr round 2 (radius: 10)
[00:00:24 -59779.079225] AUTODETECT spr round 3 (radius: 15)
[00:00:25 -59681.829126] AUTODETECT spr round 4 (radius: 20)
[00:00:26 -59681.829063] SPR radius for FAST iterations: 15 (autodetect)
[00:00:26 -59681.829063] Model parameter optimization (eps = 3.000000)
[00:00:28 -59631.269812] FAST spr round 1 (radius: 15)
[00:00:30 -59576.267887] FAST spr round 2 (radius: 15)
[00:00:31 -59576.266867] Model parameter optimization (eps = 1.000000)
[00:00:32 -59571.931231] SLOW spr round 1 (radius: 5)
[00:00:34 -59571.927922] SLOW spr round 2 (radius: 10)
[00:00:37 -59571.927660] SLOW spr round 3 (radius: 15)
[00:00:39 -59571.927656] SLOW spr round 4 (radius: 20)
[00:00:40 -59571.927656] SLOW spr round 5 (radius: 25)
[00:00:41 -59571.927656] Model parameter optimization (eps = 0.100000)

[00:00:43] ML tree search #2, logLikelihood: -59568.151944

[00:00:43 -141818.240005] Initial branch length optimization
[00:00:43 -62075.477504] Model parameter optimization (eps = 10.000000)
[00:00:45 -60121.755146] AUTODETECT spr round 1 (radius: 5)
[00:00:46 -59878.029499] AUTODETECT spr round 2 (radius: 10)
[00:00:46 -59762.928116] AUTODETECT spr round 3 (radius: 15)
[00:00:47 -59705.877338] AUTODETECT spr round 4 (radius: 20)
[00:00:47 -59705.853494] SPR radius for FAST iterations: 15 (autodetect)
[00:00:47 -59705.853494] Model parameter optimization (eps = 3.000000)
[00:00:49 -59667.950827] FAST spr round 1 (radius: 15)
[00:00:51 -59582.008296] FAST spr round 2 (radius: 15)
[00:00:52 -59582.006003] Model parameter optimization (eps = 1.000000)
[00:00:54 -59571.644784] SLOW spr round 1 (radius: 5)
[00:00:56 -59571.641264] SLOW spr round 2 (radius: 10)
[00:00:58 -59571.641152] SLOW spr round 3 (radius: 15)
[00:01:00 -59571.641149] SLOW spr round 4 (radius: 20)
[00:01:01 -59571.641149] SLOW spr round 5 (radius: 25)
[00:01:02 -59571.641149] Model parameter optimization (eps = 0.100000)

[00:01:04] ML tree search #3, logLikelihood: -59568.152683

[00:01:04 -141499.385449] Initial branch length optimization
[00:01:04 -62151.782324] Model parameter optimization (eps = 10.000000)
[00:01:06 -60178.321909] AUTODETECT spr round 1 (radius: 5)
[00:01:07 -59877.954056] AUTODETECT spr round 2 (radius: 10)
[00:01:07 -59728.015407] AUTODETECT spr round 3 (radius: 15)
[00:01:08 -59701.001992] AUTODETECT spr round 4 (radius: 20)
[00:01:08 -59701.001767] SPR radius for FAST iterations: 15 (autodetect)
[00:01:08 -59701.001767] Model parameter optimization (eps = 3.000000)
[00:01:10 -59658.143405] FAST spr round 1 (radius: 15)
[00:01:12 -59580.268225] FAST spr round 2 (radius: 15)
[00:01:13 -59580.266464] Model parameter optimization (eps = 1.000000)
[00:01:14 -59571.300764] SLOW spr round 1 (radius: 5)
[00:01:16 -59571.296022] SLOW spr round 2 (radius: 10)
[00:01:19 -59571.295935] SLOW spr round 3 (radius: 15)
[00:01:21 -59571.295932] SLOW spr round 4 (radius: 20)
[00:01:22 -59571.295932] SLOW spr round 5 (radius: 25)
[00:01:23 -59571.295932] Model parameter optimization (eps = 0.100000)

[00:01:25] ML tree search #4, logLikelihood: -59568.153497

[00:01:25 -141837.953345] Initial branch length optimization
[00:01:25 -62139.958431] Model parameter optimization (eps = 10.000000)
[00:01:27 -60170.378156] AUTODETECT spr round 1 (radius: 5)
[00:01:27 -59847.557522] AUTODETECT spr round 2 (radius: 10)
[00:01:28 -59693.555318] AUTODETECT spr round 3 (radius: 15)
[00:01:29 -59693.554720] SPR radius for FAST iterations: 10 (autodetect)
[00:01:29 -59693.554720] Model parameter optimization (eps = 3.000000)
[00:01:31 -59648.500418] FAST spr round 1 (radius: 10)
[00:01:32 -59577.069413] FAST spr round 2 (radius: 10)
[00:01:33 -59577.068321] Model parameter optimization (eps = 1.000000)
[00:01:34 -59571.178018] SLOW spr round 1 (radius: 5)
[00:01:36 -59571.174116] SLOW spr round 2 (radius: 10)
[00:01:39 -59571.174054] SLOW spr round 3 (radius: 15)
[00:01:41 -59571.174053] SLOW spr round 4 (radius: 20)
[00:01:42 -59571.174052] SLOW spr round 5 (radius: 25)
[00:01:43 -59571.174052] Model parameter optimization (eps = 0.100000)

[00:01:45] ML tree search #5, logLikelihood: -59568.153097

[00:01:45 -141840.329684] Initial branch length optimization
[00:01:45 -62138.262014] Model parameter optimization (eps = 10.000000)
[00:01:47 -60163.433724] AUTODETECT spr round 1 (radius: 5)
[00:01:47 -59975.740306] AUTODETECT spr round 2 (radius: 10)
[00:01:48 -59760.788445] AUTODETECT spr round 3 (radius: 15)
[00:01:49 -59725.281696] AUTODETECT spr round 4 (radius: 20)
[00:01:49 -59725.281696] SPR radius for FAST iterations: 15 (autodetect)
[00:01:49 -59725.281696] Model parameter optimization (eps = 3.000000)
[00:01:51 -59688.269940] FAST spr round 1 (radius: 15)
[00:01:52 -59590.989857] FAST spr round 2 (radius: 15)
[00:01:54 -59590.982651] Model parameter optimization (eps = 1.000000)
[00:01:57 -59571.581580] SLOW spr round 1 (radius: 5)
[00:01:59 -59571.572425] SLOW spr round 2 (radius: 10)
[00:02:01 -59571.572263] SLOW spr round 3 (radius: 15)
[00:02:03 -59571.572257] SLOW spr round 4 (radius: 20)
[00:02:04 -59571.572257] SLOW spr round 5 (radius: 25)
[00:02:06 -59571.572257] Model parameter optimization (eps = 0.100000)

[00:02:08] ML tree search #6, logLikelihood: -59568.154180

[00:02:08 -141837.005052] Initial branch length optimization
[00:02:08 -62126.103010] Model parameter optimization (eps = 10.000000)
[00:02:10 -60159.387037] AUTODETECT spr round 1 (radius: 5)
[00:02:11 -59915.708426] AUTODETECT spr round 2 (radius: 10)
[00:02:11 -59676.036419] AUTODETECT spr round 3 (radius: 15)
[00:02:12 -59634.416812] AUTODETECT spr round 4 (radius: 20)
[00:02:13 -59634.414495] SPR radius for FAST iterations: 15 (autodetect)
[00:02:13 -59634.414495] Model parameter optimization (eps = 3.000000)
[00:02:15 -59584.514012] FAST spr round 1 (radius: 15)
[00:02:17 -59576.057565] FAST spr round 2 (radius: 15)
[00:02:18 -59576.057541] Model parameter optimization (eps = 1.000000)
[00:02:19 -59571.754702] SLOW spr round 1 (radius: 5)
[00:02:21 -59571.746870] SLOW spr round 2 (radius: 10)
[00:02:23 -59571.746790] SLOW spr round 3 (radius: 15)
[00:02:24 -59571.746787] SLOW spr round 4 (radius: 20)
[00:02:25 -59571.746787] SLOW spr round 5 (radius: 25)
[00:02:27 -59571.746787] Model parameter optimization (eps = 0.100000)

[00:02:29] ML tree search #7, logLikelihood: -59568.154544

[00:02:29 -141835.055523] Initial branch length optimization
[00:02:29 -62146.444155] Model parameter optimization (eps = 10.000000)
[00:02:31 -60175.208347] AUTODETECT spr round 1 (radius: 5)
[00:02:31 -59881.534771] AUTODETECT spr round 2 (radius: 10)
[00:02:32 -59676.898964] AUTODETECT spr round 3 (radius: 15)
[00:02:33 -59676.877708] SPR radius for FAST iterations: 10 (autodetect)
[00:02:33 -59676.877708] Model parameter optimization (eps = 3.000000)
[00:02:35 -59628.344763] FAST spr round 1 (radius: 10)
[00:02:37 -59575.679511] FAST spr round 2 (radius: 10)
[00:02:38 -59575.677971] Model parameter optimization (eps = 1.000000)
[00:02:39 -59571.784341] SLOW spr round 1 (radius: 5)
[00:02:41 -59571.776327] SLOW spr round 2 (radius: 10)
[00:02:43 -59571.776253] SLOW spr round 3 (radius: 15)
[00:02:45 -59571.776250] SLOW spr round 4 (radius: 20)
[00:02:46 -59571.776250] SLOW spr round 5 (radius: 25)
[00:02:46 -59571.776250] Model parameter optimization (eps = 0.100000)

[00:02:48] ML tree search #8, logLikelihood: -59568.153446

[00:02:48 -139375.986596] Initial branch length optimization
[00:02:48 -61000.232492] Model parameter optimization (eps = 10.000000)
[00:02:49 -59595.169256] AUTODETECT spr round 1 (radius: 5)
[00:02:50 -59594.697429] AUTODETECT spr round 2 (radius: 10)
[00:02:50 -59593.407367] AUTODETECT spr round 3 (radius: 15)
[00:02:51 -59593.407324] SPR radius for FAST iterations: 10 (autodetect)
[00:02:51 -59593.407324] Model parameter optimization (eps = 3.000000)
[00:02:52 -59582.000210] FAST spr round 1 (radius: 10)
[00:02:53 -59581.949840] Model parameter optimization (eps = 1.000000)
[00:02:55 -59576.713934] SLOW spr round 1 (radius: 5)
[00:02:57 -59576.677485] SLOW spr round 2 (radius: 10)
[00:02:59 -59576.677021] SLOW spr round 3 (radius: 15)
[00:03:00 -59576.677021] SLOW spr round 4 (radius: 20)
[00:03:02 -59576.677021] SLOW spr round 5 (radius: 25)
[00:03:03 -59576.677021] Model parameter optimization (eps = 0.100000)

[00:03:08] ML tree search #9, logLikelihood: -59568.500751

[00:03:08 -139375.893193] Initial branch length optimization
[00:03:08 -61000.250677] Model parameter optimization (eps = 10.000000)
[00:03:09 -59595.166616] AUTODETECT spr round 1 (radius: 5)
[00:03:10 -59593.405897] AUTODETECT spr round 2 (radius: 10)
[00:03:10 -59593.404460] SPR radius for FAST iterations: 5 (autodetect)
[00:03:10 -59593.404460] Model parameter optimization (eps = 3.000000)
[00:03:12 -59581.917624] FAST spr round 1 (radius: 5)
[00:03:12 -59581.866523] Model parameter optimization (eps = 1.000000)
[00:03:14 -59576.640681] SLOW spr round 1 (radius: 5)
[00:03:16 -59576.600038] SLOW spr round 2 (radius: 10)
[00:03:18 -59576.598986] SLOW spr round 3 (radius: 15)
[00:03:21 -59576.598986] SLOW spr round 4 (radius: 20)
[00:03:22 -59576.598986] SLOW spr round 5 (radius: 25)
[00:03:22 -59576.598986] Model parameter optimization (eps = 0.100000)

[00:03:27] ML tree search #10, logLikelihood: -59568.502437

[00:03:27 -139385.607921] Initial branch length optimization
[00:03:27 -61017.272981] Model parameter optimization (eps = 10.000000)
[00:03:28 -59610.854386] AUTODETECT spr round 1 (radius: 5)
[00:03:28 -59593.346282] AUTODETECT spr round 2 (radius: 10)
[00:03:29 -59593.343010] SPR radius for FAST iterations: 5 (autodetect)
[00:03:29 -59593.343010] Model parameter optimization (eps = 3.000000)
[00:03:30 -59582.013573] FAST spr round 1 (radius: 5)
[00:03:31 -59581.966316] Model parameter optimization (eps = 1.000000)
[00:03:32 -59576.735114] SLOW spr round 1 (radius: 5)
[00:03:34 -59576.698798] SLOW spr round 2 (radius: 10)
[00:03:37 -59576.698348] SLOW spr round 3 (radius: 15)
[00:03:38 -59576.698348] SLOW spr round 4 (radius: 20)
[00:03:40 -59576.698348] SLOW spr round 5 (radius: 25)
[00:03:40 -59576.698348] Model parameter optimization (eps = 0.100000)

[00:03:45] ML tree search #11, logLikelihood: -59568.500236

[00:03:45 -139383.594538] Initial branch length optimization
[00:03:45 -61009.301910] Model parameter optimization (eps = 10.000000)
[00:03:46 -59603.316856] AUTODETECT spr round 1 (radius: 5)
[00:03:46 -59593.316942] AUTODETECT spr round 2 (radius: 10)
[00:03:47 -59593.316005] SPR radius for FAST iterations: 5 (autodetect)
[00:03:47 -59593.316005] Model parameter optimization (eps = 3.000000)
[00:03:48 -59581.961424] FAST spr round 1 (radius: 5)
[00:03:49 -59581.913248] Model parameter optimization (eps = 1.000000)
[00:03:50 -59577.798114] SLOW spr round 1 (radius: 5)
[00:03:52 -59577.762903] SLOW spr round 2 (radius: 10)
[00:03:54 -59577.762035] SLOW spr round 3 (radius: 15)
[00:03:56 -59577.762034] SLOW spr round 4 (radius: 20)
[00:03:57 -59577.762034] SLOW spr round 5 (radius: 25)
[00:03:58 -59577.762034] Model parameter optimization (eps = 0.100000)

[00:04:03] ML tree search #12, logLikelihood: -59569.288774

[00:04:03 -139379.799568] Initial branch length optimization
[00:04:03 -61000.349519] Model parameter optimization (eps = 10.000000)
[00:04:04 -59594.650400] AUTODETECT spr round 1 (radius: 5)
[00:04:04 -59593.330388] AUTODETECT spr round 2 (radius: 10)
[00:04:05 -59593.327542] SPR radius for FAST iterations: 5 (autodetect)
[00:04:05 -59593.327542] Model parameter optimization (eps = 3.000000)
[00:04:06 -59581.862060] FAST spr round 1 (radius: 5)
[00:04:07 -59581.812604] Model parameter optimization (eps = 1.000000)
[00:04:08 -59576.622696] SLOW spr round 1 (radius: 5)
[00:04:10 -59576.584130] SLOW spr round 2 (radius: 10)
[00:04:14 -59576.583596] SLOW spr round 3 (radius: 15)
[00:04:16 -59576.583596] SLOW spr round 4 (radius: 20)
[00:04:17 -59576.583596] SLOW spr round 5 (radius: 25)
[00:04:17 -59576.583596] Model parameter optimization (eps = 0.100000)

[00:04:22] ML tree search #13, logLikelihood: -59568.502106

[00:04:22 -139375.443167] Initial branch length optimization
[00:04:22 -60999.510023] Model parameter optimization (eps = 10.000000)
[00:04:23 -59595.220497] AUTODETECT spr round 1 (radius: 5)
[00:04:23 -59593.456629] AUTODETECT spr round 2 (radius: 10)
[00:04:24 -59593.445134] SPR radius for FAST iterations: 5 (autodetect)
[00:04:24 -59593.445134] Model parameter optimization (eps = 3.000000)
[00:04:25 -59581.866011] FAST spr round 1 (radius: 5)
[00:04:26 -59581.824999] Model parameter optimization (eps = 1.000000)
[00:04:27 -59576.631104] SLOW spr round 1 (radius: 5)
[00:04:29 -59576.585572] SLOW spr round 2 (radius: 10)
[00:04:32 -59576.584550] SLOW spr round 3 (radius: 15)
[00:04:34 -59576.584549] SLOW spr round 4 (radius: 20)
[00:04:34 -59576.584549] SLOW spr round 5 (radius: 25)
[00:04:35 -59576.584549] Model parameter optimization (eps = 0.100000)

[00:04:39] ML tree search #14, logLikelihood: -59568.502174

[00:04:39 -139380.979925] Initial branch length optimization
[00:04:39 -61005.747292] Model parameter optimization (eps = 10.000000)
[00:04:40 -59601.748638] AUTODETECT spr round 1 (radius: 5)
[00:04:41 -59593.628126] AUTODETECT spr round 2 (radius: 10)
[00:04:41 -59593.617436] SPR radius for FAST iterations: 5 (autodetect)
[00:04:41 -59593.617436] Model parameter optimization (eps = 3.000000)
[00:04:42 -59582.054154] FAST spr round 1 (radius: 5)
[00:04:43 -59582.008645] Model parameter optimization (eps = 1.000000)
[00:04:44 -59576.745620] SLOW spr round 1 (radius: 5)
[00:04:47 -59576.708730] SLOW spr round 2 (radius: 10)
[00:04:49 -59576.706974] SLOW spr round 3 (radius: 15)
[00:04:51 -59576.706974] SLOW spr round 4 (radius: 20)
[00:04:52 -59576.706974] SLOW spr round 5 (radius: 25)
[00:04:53 -59576.706974] Model parameter optimization (eps = 0.100000)

[00:04:58] ML tree search #15, logLikelihood: -59568.500806

[00:04:58 -139379.273306] Initial branch length optimization
[00:04:58 -60999.608611] Model parameter optimization (eps = 10.000000)
[00:04:59 -59594.702652] AUTODETECT spr round 1 (radius: 5)
[00:05:00 -59593.382430] AUTODETECT spr round 2 (radius: 10)
[00:05:00 -59593.373301] SPR radius for FAST iterations: 5 (autodetect)
[00:05:00 -59593.373301] Model parameter optimization (eps = 3.000000)
[00:05:01 -59581.827784] FAST spr round 1 (radius: 5)
[00:05:02 -59581.781674] Model parameter optimization (eps = 1.000000)
[00:05:03 -59576.616646] SLOW spr round 1 (radius: 5)
[00:05:05 -59576.573670] SLOW spr round 2 (radius: 10)
[00:05:08 -59576.572986] SLOW spr round 3 (radius: 15)
[00:05:10 -59576.572985] SLOW spr round 4 (radius: 20)
[00:05:11 -59576.572985] SLOW spr round 5 (radius: 25)
[00:05:12 -59576.572985] Model parameter optimization (eps = 0.100000)

[00:05:17] ML tree search #16, logLikelihood: -59568.503054



Final LogLikelihood: -59568.151944

AIC score: 119490.303887 / AICc score: 119492.479190 / BIC score: 120955.870729
Free parameters (model + branch lengths): 177

Best ML tree saved to: /home/hikoyu/analysis/Genome/SARS-CoV-2/phylogeny/RAxML-NG/DNA/part/uni/SARS-CoV-2_200311.8.raxml.bestTree
All ML trees saved to: /home/hikoyu/analysis/Genome/SARS-CoV-2/phylogeny/RAxML-NG/DNA/part/uni/SARS-CoV-2_200311.8.raxml.mlTrees
Optimized model saved to: /home/hikoyu/analysis/Genome/SARS-CoV-2/phylogeny/RAxML-NG/DNA/part/uni/SARS-CoV-2_200311.8.raxml.bestModel

Execution log saved to: /home/hikoyu/analysis/Genome/SARS-CoV-2/phylogeny/RAxML-NG/DNA/part/uni/SARS-CoV-2_200311.8.raxml.log

Analysis started: 11-Mar-2020 03:22:19 / finished: 11-Mar-2020 03:27:36

Elapsed time: 317.149 seconds

