
RAxML-NG v. 0.9.0 released on 20.05.2019 by The Exelixis Lab.
Developed by: Alexey M. Kozlov and Alexandros Stamatakis.
Contributors: Diego Darriba, Tomas Flouri, Benoit Morel, Sarah Lutteropp, Ben Bettisworth.
Latest version: https://github.com/amkozlov/raxml-ng
Questions/problems/suggestions? Please visit: https://groups.google.com/forum/#!forum/raxml

RAxML-NG was called at 01-Apr-2020 08:20:55 as follows:

raxml-ng --threads 1 --bootstrap --bs-trees 83 --seed 873947441 --prefix phylogeny/RAxML-NG/DNA/part/uni/SARS-CoV-2_200331.7 --msa phylogeny/RAxML-NG/DNA/part/uni/SARS-CoV-2_200331.raxml.rba --outgroup MG772933.1

Analysis options:
  run mode: Bootstrapping
  start tree(s): 
  bootstrap replicates: 83
  random seed: 873947441
  tip-inner: OFF
  pattern compression: ON
  per-rate scalers: OFF
  site repeats: ON
  branch lengths: proportional (ML estimate, algorithm: NR-FAST)
  SIMD kernels: AVX2
  parallelization: NONE/sequential

[00:00:00] Loading binary alignment from file: phylogeny/RAxML-NG/DNA/part/uni/SARS-CoV-2_200331.raxml.rba
[00:00:00] Alignment comprises 117 taxa, 11 partitions and 520 patterns

Partition 0: orf1ab_U
Model: TIM3+I+G4m+B
Alignment sites / patterns: 13215 / 160
Gaps: 0.10 %
Invariant sites: 88.40 %

Partition 1: orf1ab_D
Model: TN93+FO+I+G4m+B
Alignment sites / patterns: 8091 / 90
Gaps: 0.04 %
Invariant sites: 84.54 %

Partition 2: S
Model: TIM2+G4m+B
Alignment sites / patterns: 3822 / 89
Gaps: 0.03 %
Invariant sites: 74.49 %

Partition 3: ORF3a
Model: TPM2uf+FO+I+G4m+B
Alignment sites / patterns: 828 / 33
Gaps: 0.00 %
Invariant sites: 85.51 %

Partition 4: E
Model: JC+B
Alignment sites / patterns: 228 / 7
Gaps: 0.00 %
Invariant sites: 98.25 %

Partition 5: M
Model: K80+I+B
Alignment sites / patterns: 669 / 34
Gaps: 0.00 %
Invariant sites: 90.73 %

Partition 6: ORF6
Model: TN93+FO+B
Alignment sites / patterns: 186 / 15
Gaps: 0.00 %
Invariant sites: 91.40 %

Partition 7: ORF7a
Model: HKY+FO+I+B
Alignment sites / patterns: 366 / 21
Gaps: 0.00 %
Invariant sites: 87.16 %

Partition 8: ORF8
Model: TN93+FO+I+G4m+B
Alignment sites / patterns: 366 / 24
Gaps: 0.00 %
Invariant sites: 86.07 %

Partition 9: N
Model: HKY+FO+I+B
Alignment sites / patterns: 1260 / 40
Gaps: 0.00 %
Invariant sites: 88.97 %

Partition 10: ORF10
Model: JC+B
Alignment sites / patterns: 117 / 7
Gaps: 0.00 %
Invariant sites: 97.44 %


[00:00:00] Data distribution: max. partitions/sites/weight per thread: 11 / 520 / 6832
[00:00:00] Starting bootstrapping analysis with 83 replicates.

[00:00:56] Bootstrap tree #1, logLikelihood: -60120.326302
[00:01:48] Bootstrap tree #2, logLikelihood: -60289.566984
[00:02:48] Bootstrap tree #3, logLikelihood: -60084.132451
[00:03:46] Bootstrap tree #4, logLikelihood: -60156.940647
[00:04:38] Bootstrap tree #5, logLikelihood: -60387.337607
[00:05:33] Bootstrap tree #6, logLikelihood: -60049.454102
[00:06:33] Bootstrap tree #7, logLikelihood: -60247.043121
[00:07:37] Bootstrap tree #8, logLikelihood: -60224.598439
[00:08:38] Bootstrap tree #9, logLikelihood: -60190.402653
[00:09:39] Bootstrap tree #10, logLikelihood: -60544.110207
[00:11:03] Bootstrap tree #11, logLikelihood: -60180.943985
[00:12:07] Bootstrap tree #12, logLikelihood: -60450.727745
[00:13:09] Bootstrap tree #13, logLikelihood: -59856.804753
[00:14:17] Bootstrap tree #14, logLikelihood: -60229.753380
[00:15:26] Bootstrap tree #15, logLikelihood: -60322.261909
[00:16:42] Bootstrap tree #16, logLikelihood: -60410.215912
[00:18:05] Bootstrap tree #17, logLikelihood: -60212.637131
[00:18:55] Bootstrap tree #18, logLikelihood: -60725.781074
[00:20:12] Bootstrap tree #19, logLikelihood: -60383.431432
[00:21:19] Bootstrap tree #20, logLikelihood: -60018.537269
[00:22:20] Bootstrap tree #21, logLikelihood: -60569.210851
[00:23:14] Bootstrap tree #22, logLikelihood: -60638.514470
[00:24:16] Bootstrap tree #23, logLikelihood: -59815.484529
[00:25:23] Bootstrap tree #24, logLikelihood: -60384.454858
[00:26:23] Bootstrap tree #25, logLikelihood: -60368.650427
[00:27:21] Bootstrap tree #26, logLikelihood: -60553.697274
[00:28:47] Bootstrap tree #27, logLikelihood: -60616.998521
[00:29:44] Bootstrap tree #28, logLikelihood: -60573.505885
[00:30:43] Bootstrap tree #29, logLikelihood: -60352.409941
[00:31:46] Bootstrap tree #30, logLikelihood: -60533.135654
[00:33:10] Bootstrap tree #31, logLikelihood: -60808.682767
[00:34:26] Bootstrap tree #32, logLikelihood: -60443.332683
[00:35:28] Bootstrap tree #33, logLikelihood: -60459.001379
[00:36:52] Bootstrap tree #34, logLikelihood: -60094.632802
[00:37:53] Bootstrap tree #35, logLikelihood: -60236.414920
[00:38:55] Bootstrap tree #36, logLikelihood: -60246.777174
[00:40:42] Bootstrap tree #37, logLikelihood: -60425.367518
[00:42:10] Bootstrap tree #38, logLikelihood: -60542.355344
[00:43:19] Bootstrap tree #39, logLikelihood: -60259.395041
[00:44:24] Bootstrap tree #40, logLikelihood: -59633.507050
[00:45:24] Bootstrap tree #41, logLikelihood: -60387.366334
[00:46:28] Bootstrap tree #42, logLikelihood: -60041.663104
[00:47:27] Bootstrap tree #43, logLikelihood: -60363.042020
[00:48:36] Bootstrap tree #44, logLikelihood: -60522.772733
[00:49:31] Bootstrap tree #45, logLikelihood: -60525.821013
[00:50:42] Bootstrap tree #46, logLikelihood: -60415.577854
[00:51:52] Bootstrap tree #47, logLikelihood: -60470.628292
[00:52:48] Bootstrap tree #48, logLikelihood: -59970.685146
[00:53:46] Bootstrap tree #49, logLikelihood: -60200.979595
[00:54:41] Bootstrap tree #50, logLikelihood: -60718.670473
[00:55:43] Bootstrap tree #51, logLikelihood: -60443.288155
[00:56:36] Bootstrap tree #52, logLikelihood: -60407.523956
[00:57:46] Bootstrap tree #53, logLikelihood: -60131.201824
[00:58:57] Bootstrap tree #54, logLikelihood: -60075.065710
[00:59:49] Bootstrap tree #55, logLikelihood: -60646.742589
[01:00:45] Bootstrap tree #56, logLikelihood: -60696.398699
[01:01:38] Bootstrap tree #57, logLikelihood: -60839.258961
[01:02:38] Bootstrap tree #58, logLikelihood: -59735.914035
[01:03:35] Bootstrap tree #59, logLikelihood: -60347.003737
[01:04:52] Bootstrap tree #60, logLikelihood: -60134.033937
[01:05:52] Bootstrap tree #61, logLikelihood: -60420.056644
[01:06:55] Bootstrap tree #62, logLikelihood: -60656.942846
[01:08:03] Bootstrap tree #63, logLikelihood: -60465.404489
[01:09:13] Bootstrap tree #64, logLikelihood: -59894.713507
[01:10:12] Bootstrap tree #65, logLikelihood: -60187.923149
[01:11:09] Bootstrap tree #66, logLikelihood: -60152.087987
[01:12:28] Bootstrap tree #67, logLikelihood: -60219.697089
[01:13:40] Bootstrap tree #68, logLikelihood: -60556.791001
[01:14:44] Bootstrap tree #69, logLikelihood: -60389.157998
[01:15:45] Bootstrap tree #70, logLikelihood: -60558.963848
[01:16:43] Bootstrap tree #71, logLikelihood: -60756.579619
[01:17:43] Bootstrap tree #72, logLikelihood: -60151.653322
[01:19:18] Bootstrap tree #73, logLikelihood: -60498.972237
[01:20:17] Bootstrap tree #74, logLikelihood: -59532.468137
[01:21:14] Bootstrap tree #75, logLikelihood: -60480.695461
[01:22:28] Bootstrap tree #76, logLikelihood: -60004.354711
[01:23:33] Bootstrap tree #77, logLikelihood: -59995.224771
[01:24:37] Bootstrap tree #78, logLikelihood: -60507.016597
[01:25:42] Bootstrap tree #79, logLikelihood: -60640.636081
[01:26:50] Bootstrap tree #80, logLikelihood: -60117.023165
[01:28:23] Bootstrap tree #81, logLikelihood: -60633.667940
[01:29:26] Bootstrap tree #82, logLikelihood: -60549.962881
[01:30:27] Bootstrap tree #83, logLikelihood: -60241.943849

Bootstrap trees saved to: /home/hikoyu/analysis/Genome/SARS-CoV-2/phylogeny/RAxML-NG/DNA/part/uni/SARS-CoV-2_200331.7.raxml.bootstraps

Execution log saved to: /home/hikoyu/analysis/Genome/SARS-CoV-2/phylogeny/RAxML-NG/DNA/part/uni/SARS-CoV-2_200331.7.raxml.log

Analysis started: 01-Apr-2020 08:20:55 / finished: 01-Apr-2020 09:51:23

Elapsed time: 5427.513 seconds

