
RAxML-NG v. 0.9.0 released on 20.05.2019 by The Exelixis Lab.
Developed by: Alexey M. Kozlov and Alexandros Stamatakis.
Contributors: Diego Darriba, Tomas Flouri, Benoit Morel, Sarah Lutteropp, Ben Bettisworth.
Latest version: https://github.com/amkozlov/raxml-ng
Questions/problems/suggestions? Please visit: https://groups.google.com/forum/#!forum/raxml

RAxML-NG was called at 16-Mar-2020 04:08:06 as follows:

raxml-ng --threads 1 --search --tree rand{8},pars{8} --seed 2814781702 --prefix phylogeny/RAxML-NG/DNA/part/uni/SARS-CoV-2_200314.11 --msa phylogeny/RAxML-NG/DNA/part/uni/SARS-CoV-2_200314.raxml.rba --outgroup MG772933.1

Analysis options:
  run mode: ML tree search
  start tree(s): random (8) + parsimony (8)
  random seed: 2814781702
  tip-inner: OFF
  pattern compression: ON
  per-rate scalers: OFF
  site repeats: ON
  fast spr radius: AUTO
  spr subtree cutoff: 1.000000
  branch lengths: proportional (ML estimate, algorithm: NR-FAST)
  SIMD kernels: AVX2
  parallelization: NONE/sequential

[00:00:00] Loading binary alignment from file: phylogeny/RAxML-NG/DNA/part/uni/SARS-CoV-2_200314.raxml.rba
[00:00:00] Alignment comprises 89 taxa, 11 partitions and 464 patterns

Partition 0: orf1ab_U
Model: TIM2+I+G4m+B
Alignment sites / patterns: 13215 / 137
Gaps: 0.10 %
Invariant sites: 88.64 %

Partition 1: orf1ab_D
Model: TIM2+I+G4m+B
Alignment sites / patterns: 8088 / 72
Gaps: 0.00 %
Invariant sites: 84.69 %

Partition 2: S
Model: TIM2+I+B
Alignment sites / patterns: 3822 / 85
Gaps: 0.04 %
Invariant sites: 74.52 %

Partition 3: ORF3a
Model: HKY+FO+G4m+B
Alignment sites / patterns: 828 / 30
Gaps: 0.00 %
Invariant sites: 85.63 %

Partition 4: E
Model: JC+B
Alignment sites / patterns: 228 / 8
Gaps: 0.00 %
Invariant sites: 97.81 %

Partition 5: M
Model: K80+I+B
Alignment sites / patterns: 669 / 33
Gaps: 0.01 %
Invariant sites: 90.88 %

Partition 6: ORF6
Model: HKY+FO+B
Alignment sites / patterns: 186 / 11
Gaps: 0.00 %
Invariant sites: 93.55 %

Partition 7: ORF7a
Model: HKY+FO+I+B
Alignment sites / patterns: 366 / 20
Gaps: 0.00 %
Invariant sites: 87.43 %

Partition 8: ORF8
Model: TN93ef+I+G4m+B
Alignment sites / patterns: 366 / 23
Gaps: 0.00 %
Invariant sites: 86.34 %

Partition 9: N
Model: HKY+FO+I+B
Alignment sites / patterns: 1260 / 38
Gaps: 0.00 %
Invariant sites: 89.21 %

Partition 10: ORF10
Model: JC+B
Alignment sites / patterns: 117 / 7
Gaps: 0.00 %
Invariant sites: 97.44 %


[00:00:00] Generating 8 random starting tree(s) with 89 taxa
[00:00:00] Generating 8 parsimony starting tree(s) with 89 taxa
[00:00:00] Data distribution: max. partitions/sites/weight per thread: 11 / 464 / 5000

Starting ML tree search with 16 distinct starting trees

[00:00:00 -144865.202546] Initial branch length optimization
[00:00:00 -62705.367097] Model parameter optimization (eps = 10.000000)
[00:00:02 -60737.869057] AUTODETECT spr round 1 (radius: 5)
[00:00:03 -60409.941437] AUTODETECT spr round 2 (radius: 10)
[00:00:04 -60192.566869] AUTODETECT spr round 3 (radius: 15)
[00:00:05 -60073.169877] AUTODETECT spr round 4 (radius: 20)
[00:00:06 -60032.863237] AUTODETECT spr round 5 (radius: 25)
[00:00:07 -60032.862631] SPR radius for FAST iterations: 20 (autodetect)
[00:00:07 -60032.862631] Model parameter optimization (eps = 3.000000)
[00:00:10 -59979.269860] FAST spr round 1 (radius: 20)
[00:00:14 -59905.090026] FAST spr round 2 (radius: 20)
[00:00:17 -59905.087339] Model parameter optimization (eps = 1.000000)
[00:00:18 -59901.144457] SLOW spr round 1 (radius: 5)
[00:00:21 -59901.139220] SLOW spr round 2 (radius: 10)
[00:00:24 -59901.138892] SLOW spr round 3 (radius: 15)
[00:00:27 -59901.138889] SLOW spr round 4 (radius: 20)
[00:00:29 -59901.138889] SLOW spr round 5 (radius: 25)
[00:00:31 -59901.138889] Model parameter optimization (eps = 0.100000)

[00:00:36] ML tree search #1, logLikelihood: -59897.491335

[00:00:36 -144854.456606] Initial branch length optimization
[00:00:36 -62656.629005] Model parameter optimization (eps = 10.000000)
[00:00:38 -60714.771329] AUTODETECT spr round 1 (radius: 5)
[00:00:39 -60432.294521] AUTODETECT spr round 2 (radius: 10)
[00:00:41 -60204.864246] AUTODETECT spr round 3 (radius: 15)
[00:00:42 -60138.994145] AUTODETECT spr round 4 (radius: 20)
[00:00:43 -60138.959952] SPR radius for FAST iterations: 15 (autodetect)
[00:00:43 -60138.959952] Model parameter optimization (eps = 3.000000)
[00:00:45 -60104.178268] FAST spr round 1 (radius: 15)
[00:00:48 -59922.299388] FAST spr round 2 (radius: 15)
[00:00:51 -59922.284810] Model parameter optimization (eps = 1.000000)
[00:00:55 -59901.076386] SLOW spr round 1 (radius: 5)
[00:00:58 -59900.900982] SLOW spr round 2 (radius: 5)
[00:01:01 -59900.898005] SLOW spr round 3 (radius: 10)
[00:01:06 -59900.897967] SLOW spr round 4 (radius: 15)
[00:01:09 -59900.897966] SLOW spr round 5 (radius: 20)
[00:01:12 -59900.897966] SLOW spr round 6 (radius: 25)
[00:01:13 -59900.897966] Model parameter optimization (eps = 0.100000)

[00:01:17] ML tree search #2, logLikelihood: -59897.478119

[00:01:17 -144864.876868] Initial branch length optimization
[00:01:17 -62723.471743] Model parameter optimization (eps = 10.000000)
[00:01:19 -60748.204868] AUTODETECT spr round 1 (radius: 5)
[00:01:20 -60402.762983] AUTODETECT spr round 2 (radius: 10)
[00:01:22 -60149.600571] AUTODETECT spr round 3 (radius: 15)
[00:01:23 -60061.024298] AUTODETECT spr round 4 (radius: 20)
[00:01:24 -60033.323124] AUTODETECT spr round 5 (radius: 25)
[00:01:25 -60033.323117] SPR radius for FAST iterations: 20 (autodetect)
[00:01:25 -60033.323117] Model parameter optimization (eps = 3.000000)
[00:01:28 -59979.211481] FAST spr round 1 (radius: 20)
[00:01:32 -59905.900218] FAST spr round 2 (radius: 20)
[00:01:34 -59905.894766] Model parameter optimization (eps = 1.000000)
[00:01:36 -59900.664527] SLOW spr round 1 (radius: 5)
[00:01:39 -59900.654901] SLOW spr round 2 (radius: 10)
[00:01:42 -59900.654820] SLOW spr round 3 (radius: 15)
[00:01:45 -59900.654819] SLOW spr round 4 (radius: 20)
[00:01:48 -59900.654819] SLOW spr round 5 (radius: 25)
[00:01:49 -59900.654819] Model parameter optimization (eps = 0.100000)

[00:01:54] ML tree search #3, logLikelihood: -59897.488074

[00:01:54 -144869.441089] Initial branch length optimization
[00:01:54 -62703.443058] Model parameter optimization (eps = 10.000000)
[00:01:56 -60731.641344] AUTODETECT spr round 1 (radius: 5)
[00:01:57 -60418.562515] AUTODETECT spr round 2 (radius: 10)
[00:01:59 -60232.872296] AUTODETECT spr round 3 (radius: 15)
[00:02:00 -60105.133410] AUTODETECT spr round 4 (radius: 20)
[00:02:02 -60073.173588] AUTODETECT spr round 5 (radius: 25)
[00:02:02 -60073.173579] SPR radius for FAST iterations: 20 (autodetect)
[00:02:02 -60073.173579] Model parameter optimization (eps = 3.000000)
[00:02:05 -60024.880812] FAST spr round 1 (radius: 20)
[00:02:09 -59908.914314] FAST spr round 2 (radius: 20)
[00:02:12 -59908.910866] Model parameter optimization (eps = 1.000000)
[00:02:14 -59900.919503] SLOW spr round 1 (radius: 5)
[00:02:17 -59900.684080] SLOW spr round 2 (radius: 5)
[00:02:20 -59900.677031] SLOW spr round 3 (radius: 10)
[00:02:25 -59900.677003] SLOW spr round 4 (radius: 15)
[00:02:29 -59900.677003] SLOW spr round 5 (radius: 20)
[00:02:31 -59900.677003] SLOW spr round 6 (radius: 25)
[00:02:33 -59900.677003] Model parameter optimization (eps = 0.100000)

[00:02:37] ML tree search #4, logLikelihood: -59897.486766

[00:02:37 -144877.366615] Initial branch length optimization
[00:02:37 -62732.246961] Model parameter optimization (eps = 10.000000)
[00:02:39 -60748.032142] AUTODETECT spr round 1 (radius: 5)
[00:02:40 -60544.423713] AUTODETECT spr round 2 (radius: 10)
[00:02:42 -60265.294362] AUTODETECT spr round 3 (radius: 15)
[00:02:43 -60150.905264] AUTODETECT spr round 4 (radius: 20)
[00:02:44 -60140.636383] AUTODETECT spr round 5 (radius: 25)
[00:02:45 -60140.636213] SPR radius for FAST iterations: 20 (autodetect)
[00:02:45 -60140.636213] Model parameter optimization (eps = 3.000000)
[00:02:48 -60104.452995] FAST spr round 1 (radius: 20)
[00:02:52 -59979.285945] FAST spr round 2 (radius: 20)
[00:02:55 -59979.282517] Model parameter optimization (eps = 1.000000)
[00:02:56 -59977.864108] SLOW spr round 1 (radius: 5)
[00:03:00 -59977.856997] SLOW spr round 2 (radius: 10)
[00:03:03 -59977.856997] SLOW spr round 3 (radius: 15)
[00:03:05 -59977.856997] SLOW spr round 4 (radius: 20)
[00:03:08 -59977.856997] SLOW spr round 5 (radius: 25)
[00:03:10 -59977.856997] Model parameter optimization (eps = 0.100000)

[00:03:11] ML tree search #5, logLikelihood: -59977.436193

[00:03:11 -144887.089434] Initial branch length optimization
[00:03:11 -62759.889628] Model parameter optimization (eps = 10.000000)
[00:03:13 -60757.813381] AUTODETECT spr round 1 (radius: 5)
[00:03:14 -60437.286895] AUTODETECT spr round 2 (radius: 10)
[00:03:16 -60242.803318] AUTODETECT spr round 3 (radius: 15)
[00:03:17 -60159.138785] AUTODETECT spr round 4 (radius: 20)
[00:03:19 -60149.953144] AUTODETECT spr round 5 (radius: 25)
[00:03:20 -60149.953144] SPR radius for FAST iterations: 20 (autodetect)
[00:03:20 -60149.953144] Model parameter optimization (eps = 3.000000)
[00:03:21 -60116.804279] FAST spr round 1 (radius: 20)
[00:03:26 -59927.806758] FAST spr round 2 (radius: 20)
[00:03:30 -59926.506406] FAST spr round 3 (radius: 20)
[00:03:33 -59926.502385] Model parameter optimization (eps = 1.000000)
[00:03:36 -59901.508873] SLOW spr round 1 (radius: 5)
[00:03:39 -59901.501662] SLOW spr round 2 (radius: 10)
[00:03:43 -59901.332223] SLOW spr round 3 (radius: 5)
[00:03:46 -59901.329221] SLOW spr round 4 (radius: 10)
[00:03:50 -59901.329198] SLOW spr round 5 (radius: 15)
[00:03:54 -59901.329197] SLOW spr round 6 (radius: 20)
[00:03:57 -59901.329197] SLOW spr round 7 (radius: 25)
[00:03:58 -59901.329197] Model parameter optimization (eps = 0.100000)

[00:04:02] ML tree search #6, logLikelihood: -59897.479487

[00:04:02 -144854.805550] Initial branch length optimization
[00:04:02 -62657.851733] Model parameter optimization (eps = 10.000000)
[00:04:04 -60711.295491] AUTODETECT spr round 1 (radius: 5)
[00:04:05 -60408.992009] AUTODETECT spr round 2 (radius: 10)
[00:04:07 -60107.128766] AUTODETECT spr round 3 (radius: 15)
[00:04:08 -60056.778373] AUTODETECT spr round 4 (radius: 20)
[00:04:10 -60055.040902] AUTODETECT spr round 5 (radius: 25)
[00:04:10 -59995.925029] SPR radius for FAST iterations: 25 (autodetect)
[00:04:10 -59995.925029] Model parameter optimization (eps = 3.000000)
[00:04:13 -59945.444340] FAST spr round 1 (radius: 25)
[00:04:18 -59904.783186] FAST spr round 2 (radius: 25)
[00:04:21 -59904.780433] Model parameter optimization (eps = 1.000000)
[00:04:22 -59900.909976] SLOW spr round 1 (radius: 5)
[00:04:26 -59900.905511] SLOW spr round 2 (radius: 10)
[00:04:30 -59900.905456] SLOW spr round 3 (radius: 15)
[00:04:34 -59900.905455] SLOW spr round 4 (radius: 20)
[00:04:36 -59900.905455] SLOW spr round 5 (radius: 25)
[00:04:38 -59900.905455] Model parameter optimization (eps = 0.100000)

[00:04:42] ML tree search #7, logLikelihood: -59897.488370

[00:04:42 -144856.645853] Initial branch length optimization
[00:04:42 -62687.932632] Model parameter optimization (eps = 10.000000)
[00:04:44 -60727.126930] AUTODETECT spr round 1 (radius: 5)
[00:04:45 -60442.860058] AUTODETECT spr round 2 (radius: 10)
[00:04:47 -60288.535608] AUTODETECT spr round 3 (radius: 15)
[00:04:48 -60227.648080] AUTODETECT spr round 4 (radius: 20)
[00:04:49 -60170.522896] AUTODETECT spr round 5 (radius: 25)
[00:04:50 -60170.522829] SPR radius for FAST iterations: 20 (autodetect)
[00:04:50 -60170.522829] Model parameter optimization (eps = 3.000000)
[00:04:52 -60132.517398] FAST spr round 1 (radius: 20)
[00:04:56 -59979.547042] FAST spr round 2 (radius: 20)
[00:05:00 -59979.543175] Model parameter optimization (eps = 1.000000)
[00:05:00 -59978.041130] SLOW spr round 1 (radius: 5)
[00:05:04 -59978.036643] SLOW spr round 2 (radius: 10)
[00:05:07 -59978.035947] SLOW spr round 3 (radius: 15)
[00:05:10 -59978.035947] SLOW spr round 4 (radius: 20)
[00:05:12 -59920.804042] SLOW spr round 5 (radius: 5)
[00:05:16 -59920.797974] SLOW spr round 6 (radius: 10)
[00:05:20 -59920.797429] SLOW spr round 7 (radius: 15)
[00:05:23 -59920.797372] SLOW spr round 8 (radius: 20)
[00:05:25 -59920.797366] SLOW spr round 9 (radius: 25)
[00:05:27 -59920.797365] Model parameter optimization (eps = 0.100000)

[00:05:35] ML tree search #8, logLikelihood: -59897.839787

[00:05:35 -142300.256630] Initial branch length optimization
[00:05:35 -61345.928438] Model parameter optimization (eps = 10.000000)
[00:05:36 -59927.649549] AUTODETECT spr round 1 (radius: 5)
[00:05:37 -59920.140051] AUTODETECT spr round 2 (radius: 10)
[00:05:38 -59920.137861] SPR radius for FAST iterations: 5 (autodetect)
[00:05:38 -59920.137861] Model parameter optimization (eps = 3.000000)
[00:05:39 -59912.456134] FAST spr round 1 (radius: 5)
[00:05:41 -59912.411892] Model parameter optimization (eps = 1.000000)
[00:05:43 -59906.983100] SLOW spr round 1 (radius: 5)
[00:05:46 -59906.932965] SLOW spr round 2 (radius: 10)
[00:05:49 -59906.930500] SLOW spr round 3 (radius: 15)
[00:05:52 -59906.930500] SLOW spr round 4 (radius: 20)
[00:05:54 -59905.504548] SLOW spr round 5 (radius: 5)
[00:05:58 -59905.499081] SLOW spr round 6 (radius: 10)
[00:06:01 -59905.499070] SLOW spr round 7 (radius: 15)
[00:06:04 -59905.499070] SLOW spr round 8 (radius: 20)
[00:06:07 -59905.499070] SLOW spr round 9 (radius: 25)
[00:06:09 -59905.499070] Model parameter optimization (eps = 0.100000)

[00:06:17] ML tree search #9, logLikelihood: -59897.552495

[00:06:17 -142301.267426] Initial branch length optimization
[00:06:17 -61333.854613] Model parameter optimization (eps = 10.000000)
[00:06:18 -59918.835961] AUTODETECT spr round 1 (radius: 5)
[00:06:19 -59918.790554] SPR radius for FAST iterations: 5 (autodetect)
[00:06:19 -59918.790554] Model parameter optimization (eps = 3.000000)
[00:06:20 -59910.925607] FAST spr round 1 (radius: 5)
[00:06:21 -59910.878013] Model parameter optimization (eps = 1.000000)
[00:06:23 -59906.430757] SLOW spr round 1 (radius: 5)
[00:06:26 -59906.379754] SLOW spr round 2 (radius: 10)
[00:06:29 -59906.376315] SLOW spr round 3 (radius: 15)
[00:06:32 -59906.375450] SLOW spr round 4 (radius: 20)
[00:06:34 -59906.375450] SLOW spr round 5 (radius: 25)
[00:06:36 -59906.375450] Model parameter optimization (eps = 0.100000)

[00:06:45] ML tree search #10, logLikelihood: -59898.182319

[00:06:45 -142302.324336] Initial branch length optimization
[00:06:46 -61333.854813] Model parameter optimization (eps = 10.000000)
[00:06:47 -59918.837537] AUTODETECT spr round 1 (radius: 5)
[00:06:48 -59918.789313] SPR radius for FAST iterations: 5 (autodetect)
[00:06:48 -59918.789313] Model parameter optimization (eps = 3.000000)
[00:06:49 -59910.922302] FAST spr round 1 (radius: 5)
[00:06:50 -59910.874708] Model parameter optimization (eps = 1.000000)
[00:06:51 -59906.420370] SLOW spr round 1 (radius: 5)
[00:06:55 -59906.370712] SLOW spr round 2 (radius: 10)
[00:06:59 -59906.369795] SLOW spr round 3 (radius: 15)
[00:07:02 -59906.369794] SLOW spr round 4 (radius: 20)
[00:07:04 -59906.369794] SLOW spr round 5 (radius: 25)
[00:07:06 -59906.369794] Model parameter optimization (eps = 0.100000)

[00:07:15] ML tree search #11, logLikelihood: -59898.190498

[00:07:15 -142301.297417] Initial branch length optimization
[00:07:15 -61333.856869] Model parameter optimization (eps = 10.000000)
[00:07:17 -59918.830804] AUTODETECT spr round 1 (radius: 5)
[00:07:17 -59918.783794] SPR radius for FAST iterations: 5 (autodetect)
[00:07:17 -59918.783794] Model parameter optimization (eps = 3.000000)
[00:07:19 -59910.915497] FAST spr round 1 (radius: 5)
[00:07:20 -59910.869998] Model parameter optimization (eps = 1.000000)
[00:07:21 -59906.418786] SLOW spr round 1 (radius: 5)
[00:07:24 -59906.367455] SLOW spr round 2 (radius: 10)
[00:07:29 -59906.366563] SLOW spr round 3 (radius: 15)
[00:07:32 -59906.366563] SLOW spr round 4 (radius: 20)
[00:07:34 -59906.366563] SLOW spr round 5 (radius: 25)
[00:07:36 -59906.366563] Model parameter optimization (eps = 0.100000)

[00:07:46] ML tree search #12, logLikelihood: -59898.182180

[00:07:46 -142305.313891] Initial branch length optimization
[00:07:46 -61343.965326] Model parameter optimization (eps = 10.000000)
[00:07:47 -59927.552345] AUTODETECT spr round 1 (radius: 5)
[00:07:48 -59918.634387] AUTODETECT spr round 2 (radius: 10)
[00:07:50 -59918.630603] SPR radius for FAST iterations: 5 (autodetect)
[00:07:50 -59918.630603] Model parameter optimization (eps = 3.000000)
[00:07:51 -59910.829262] FAST spr round 1 (radius: 5)
[00:07:52 -59910.782402] Model parameter optimization (eps = 1.000000)
[00:07:53 -59906.387614] SLOW spr round 1 (radius: 5)
[00:07:56 -59906.339063] SLOW spr round 2 (radius: 10)
[00:08:00 -59906.336015] SLOW spr round 3 (radius: 15)
[00:08:03 -59906.336014] SLOW spr round 4 (radius: 20)
[00:08:06 -59906.336014] SLOW spr round 5 (radius: 25)
[00:08:08 -59906.336014] Model parameter optimization (eps = 0.100000)

[00:08:18] ML tree search #13, logLikelihood: -59898.186858

[00:08:18 -142307.780090] Initial branch length optimization
[00:08:19 -61345.653484] Model parameter optimization (eps = 10.000000)
[00:08:20 -59929.551610] AUTODETECT spr round 1 (radius: 5)
[00:08:21 -59918.934741] AUTODETECT spr round 2 (radius: 10)
[00:08:23 -59918.930734] SPR radius for FAST iterations: 5 (autodetect)
[00:08:23 -59918.930734] Model parameter optimization (eps = 3.000000)
[00:08:24 -59911.020426] FAST spr round 1 (radius: 5)
[00:08:25 -59910.973107] Model parameter optimization (eps = 1.000000)
[00:08:27 -59905.544214] SLOW spr round 1 (radius: 5)
[00:08:30 -59905.496829] SLOW spr round 2 (radius: 10)
[00:08:35 -59905.494698] SLOW spr round 3 (radius: 15)
[00:08:38 -59905.494698] SLOW spr round 4 (radius: 20)
[00:08:40 -59905.494698] SLOW spr round 5 (radius: 25)
[00:08:41 -59905.494698] Model parameter optimization (eps = 0.100000)

[00:08:50] ML tree search #14, logLikelihood: -59897.543527

[00:08:50 -142299.830882] Initial branch length optimization
[00:08:50 -61336.845297] Model parameter optimization (eps = 10.000000)
[00:08:52 -59920.399687] AUTODETECT spr round 1 (radius: 5)
[00:08:52 -59920.363235] SPR radius for FAST iterations: 5 (autodetect)
[00:08:52 -59920.363235] Model parameter optimization (eps = 3.000000)
[00:08:54 -59912.588023] FAST spr round 1 (radius: 5)
[00:08:55 -59911.101707] FAST spr round 2 (radius: 5)
[00:08:56 -59911.095650] Model parameter optimization (eps = 1.000000)
[00:08:58 -59905.732753] SLOW spr round 1 (radius: 5)
[00:09:01 -59905.690617] SLOW spr round 2 (radius: 10)
[00:09:05 -59905.687016] SLOW spr round 3 (radius: 15)
[00:09:08 -59905.687015] SLOW spr round 4 (radius: 20)
[00:09:10 -59905.687015] SLOW spr round 5 (radius: 25)
[00:09:12 -59905.687015] Model parameter optimization (eps = 0.100000)

[00:09:19] ML tree search #15, logLikelihood: -59898.186539

[00:09:19 -142300.839525] Initial branch length optimization
[00:09:19 -61337.595201] Model parameter optimization (eps = 10.000000)
[00:09:20 -59920.360500] AUTODETECT spr round 1 (radius: 5)
[00:09:21 -59920.322457] SPR radius for FAST iterations: 5 (autodetect)
[00:09:21 -59920.322457] Model parameter optimization (eps = 3.000000)
[00:09:22 -59912.570788] FAST spr round 1 (radius: 5)
[00:09:23 -59912.524768] Model parameter optimization (eps = 1.000000)
[00:09:25 -59907.051448] SLOW spr round 1 (radius: 5)
[00:09:27 -59907.003488] SLOW spr round 2 (radius: 10)
[00:09:30 -59906.999980] SLOW spr round 3 (radius: 15)
[00:09:32 -59906.999980] SLOW spr round 4 (radius: 20)
[00:09:34 -59906.999980] SLOW spr round 5 (radius: 25)
[00:09:36 -59906.999980] Model parameter optimization (eps = 0.100000)

[00:09:43] ML tree search #16, logLikelihood: -59898.793543



Final LogLikelihood: -59897.478119

AIC score: 120242.956237 / AICc score: 120246.441714 / BIC score: 122097.684895
Free parameters (model + branch lengths): 224

Best ML tree saved to: /home/hikoyu/analysis/Genome/SARS-CoV-2/phylogeny/RAxML-NG/DNA/part/uni/SARS-CoV-2_200314.11.raxml.bestTree
All ML trees saved to: /home/hikoyu/analysis/Genome/SARS-CoV-2/phylogeny/RAxML-NG/DNA/part/uni/SARS-CoV-2_200314.11.raxml.mlTrees
Optimized model saved to: /home/hikoyu/analysis/Genome/SARS-CoV-2/phylogeny/RAxML-NG/DNA/part/uni/SARS-CoV-2_200314.11.raxml.bestModel

Execution log saved to: /home/hikoyu/analysis/Genome/SARS-CoV-2/phylogeny/RAxML-NG/DNA/part/uni/SARS-CoV-2_200314.11.raxml.log

Analysis started: 16-Mar-2020 04:08:06 / finished: 16-Mar-2020 04:17:50

Elapsed time: 583.316 seconds

