
RAxML-NG v. 0.9.0 released on 20.05.2019 by The Exelixis Lab.
Developed by: Alexey M. Kozlov and Alexandros Stamatakis.
Contributors: Diego Darriba, Tomas Flouri, Benoit Morel, Sarah Lutteropp, Ben Bettisworth.
Latest version: https://github.com/amkozlov/raxml-ng
Questions/problems/suggestions? Please visit: https://groups.google.com/forum/#!forum/raxml

RAxML-NG was called at 19-Apr-2020 09:27:13 as follows:

raxml-ng --threads 1 --bootstrap --bs-trees 83 --seed 640199559 --prefix phylogeny/RAxML-NG/DNA/part/uni/SARS-CoV-2_200414.9 --msa phylogeny/RAxML-NG/DNA/part/uni/SARS-CoV-2_200414.raxml.rba --outgroup MG772933.1

Analysis options:
  run mode: Bootstrapping
  start tree(s): 
  bootstrap replicates: 83
  random seed: 640199559
  tip-inner: OFF
  pattern compression: ON
  per-rate scalers: OFF
  site repeats: ON
  branch lengths: proportional (ML estimate, algorithm: NR-FAST)
  SIMD kernels: AVX2
  parallelization: NONE/sequential

[00:00:00] Loading binary alignment from file: phylogeny/RAxML-NG/DNA/part/uni/SARS-CoV-2_200414.raxml.rba
[00:00:00] Alignment comprises 376 taxa, 11 partitions and 780 patterns

Partition 0: orf1ab_U
Model: TIM3+I+G4m+B
Alignment sites / patterns: 13212 / 266
Gaps: 0.07 %
Invariant sites: 87.93 %

Partition 1: orf1ab_D
Model: TIM2+I+G4m+B
Alignment sites / patterns: 8097 / 151
Gaps: 0.11 %
Invariant sites: 84.14 %

Partition 2: S
Model: TIM3+I+G4m+B
Alignment sites / patterns: 3822 / 126
Gaps: 0.01 %
Invariant sites: 74.15 %

Partition 3: ORF3a
Model: TVM+FO+I+G4m+B
Alignment sites / patterns: 828 / 48
Gaps: 0.00 %
Invariant sites: 84.54 %

Partition 4: E
Model: JC+B
Alignment sites / patterns: 228 / 10
Gaps: 0.00 %
Invariant sites: 96.93 %

Partition 5: M
Model: K80+I+G4m+B
Alignment sites / patterns: 669 / 37
Gaps: 0.00 %
Invariant sites: 90.28 %

Partition 6: ORF6
Model: TN93+FO+I+G4m+B
Alignment sites / patterns: 186 / 16
Gaps: 0.00 %
Invariant sites: 90.86 %

Partition 7: ORF7a
Model: HKY+FO+I+B
Alignment sites / patterns: 366 / 26
Gaps: 0.00 %
Invariant sites: 85.79 %

Partition 8: ORF8
Model: TIM3+I+G4m+B
Alignment sites / patterns: 366 / 30
Gaps: 0.00 %
Invariant sites: 85.25 %

Partition 9: N
Model: HKY+FO+I+G4m+B
Alignment sites / patterns: 1260 / 61
Gaps: 0.00 %
Invariant sites: 87.54 %

Partition 10: ORF10
Model: JC+B
Alignment sites / patterns: 117 / 9
Gaps: 0.00 %
Invariant sites: 95.73 %


[00:00:00] Data distribution: max. partitions/sites/weight per thread: 11 / 780 / 11940
[00:00:00] Starting bootstrapping analysis with 83 replicates.

[00:08:16] Bootstrap tree #1, logLikelihood: -63589.692855
[00:17:33] Bootstrap tree #2, logLikelihood: -62856.049357
[00:27:22] Bootstrap tree #3, logLikelihood: -63275.995336
[00:36:07] Bootstrap tree #4, logLikelihood: -62829.247374
[00:45:05] Bootstrap tree #5, logLikelihood: -63813.115165
[00:58:16] Bootstrap tree #6, logLikelihood: -62669.569397
[01:08:52] Bootstrap tree #7, logLikelihood: -62777.132827
[01:18:36] Bootstrap tree #8, logLikelihood: -63033.799150
[01:29:53] Bootstrap tree #9, logLikelihood: -63238.470538
[01:39:11] Bootstrap tree #10, logLikelihood: -63378.786055
[01:50:50] Bootstrap tree #11, logLikelihood: -63011.521602
[01:59:21] Bootstrap tree #12, logLikelihood: -63210.222367
[02:08:58] Bootstrap tree #13, logLikelihood: -63348.633364
[02:18:47] Bootstrap tree #14, logLikelihood: -63418.327090
[02:32:09] Bootstrap tree #15, logLikelihood: -63617.938130
[02:41:59] Bootstrap tree #16, logLikelihood: -62476.600992
[02:53:46] Bootstrap tree #17, logLikelihood: -62442.386839
[03:03:34] Bootstrap tree #18, logLikelihood: -62939.505881
[03:13:28] Bootstrap tree #19, logLikelihood: -63221.410377
[03:23:19] Bootstrap tree #20, logLikelihood: -63364.223296
[03:37:06] Bootstrap tree #21, logLikelihood: -62101.235590
[03:46:56] Bootstrap tree #22, logLikelihood: -63433.702086
[03:56:39] Bootstrap tree #23, logLikelihood: -62764.465214
[04:07:33] Bootstrap tree #24, logLikelihood: -63083.666245
[04:17:30] Bootstrap tree #25, logLikelihood: -64498.581228
[04:27:31] Bootstrap tree #26, logLikelihood: -63472.065260
[04:36:38] Bootstrap tree #27, logLikelihood: -63182.578728
[04:49:13] Bootstrap tree #28, logLikelihood: -63475.114422
[04:58:58] Bootstrap tree #29, logLikelihood: -63577.976690
[05:08:51] Bootstrap tree #30, logLikelihood: -63036.251986
[05:18:57] Bootstrap tree #31, logLikelihood: -63107.395058
[05:28:42] Bootstrap tree #32, logLikelihood: -62868.225325
[05:38:27] Bootstrap tree #33, logLikelihood: -63489.563362
[05:46:54] Bootstrap tree #34, logLikelihood: -63844.077445
[05:58:43] Bootstrap tree #35, logLikelihood: -63549.191559
[06:09:32] Bootstrap tree #36, logLikelihood: -62244.788633
[06:18:48] Bootstrap tree #37, logLikelihood: -62781.718689
[06:32:19] Bootstrap tree #38, logLikelihood: -63906.660365
[06:43:59] Bootstrap tree #39, logLikelihood: -63729.937798
[06:56:47] Bootstrap tree #40, logLikelihood: -63526.531129
[07:06:31] Bootstrap tree #41, logLikelihood: -63239.563117
[07:21:49] Bootstrap tree #42, logLikelihood: -63266.875429
[07:33:06] Bootstrap tree #43, logLikelihood: -63287.417616
[07:45:12] Bootstrap tree #44, logLikelihood: -62913.052844
[07:59:14] Bootstrap tree #45, logLikelihood: -63377.839949
[08:16:58] Bootstrap tree #46, logLikelihood: -63501.875294
[08:26:48] Bootstrap tree #47, logLikelihood: -63388.500191
[08:36:35] Bootstrap tree #48, logLikelihood: -62798.483345
[08:45:27] Bootstrap tree #49, logLikelihood: -62873.597300
[08:56:37] Bootstrap tree #50, logLikelihood: -62926.526132
[09:08:44] Bootstrap tree #51, logLikelihood: -63111.879525
[09:18:33] Bootstrap tree #52, logLikelihood: -63008.977909
[09:28:37] Bootstrap tree #53, logLikelihood: -62873.473888
[09:39:54] Bootstrap tree #54, logLikelihood: -64539.007305
[09:53:30] Bootstrap tree #55, logLikelihood: -63654.833637
[10:05:09] Bootstrap tree #56, logLikelihood: -63240.553723
[10:15:45] Bootstrap tree #57, logLikelihood: -64135.284337
[10:31:51] Bootstrap tree #58, logLikelihood: -63103.427484
[10:42:05] Bootstrap tree #59, logLikelihood: -63545.181982
[10:52:42] Bootstrap tree #60, logLikelihood: -62740.186371
[11:02:50] Bootstrap tree #61, logLikelihood: -63437.149207
[11:11:18] Bootstrap tree #62, logLikelihood: -62786.365138
[11:21:53] Bootstrap tree #63, logLikelihood: -63520.637539
[11:32:17] Bootstrap tree #64, logLikelihood: -62756.029726
[11:42:26] Bootstrap tree #65, logLikelihood: -63806.550738
[11:55:32] Bootstrap tree #66, logLikelihood: -62833.692976
[12:06:26] Bootstrap tree #67, logLikelihood: -63035.905054
[12:18:31] Bootstrap tree #68, logLikelihood: -63583.357011
[12:28:12] Bootstrap tree #69, logLikelihood: -64058.441396
[12:38:02] Bootstrap tree #70, logLikelihood: -63448.853134
[12:48:05] Bootstrap tree #71, logLikelihood: -62847.896753
[12:57:20] Bootstrap tree #72, logLikelihood: -63552.277138
[13:07:09] Bootstrap tree #73, logLikelihood: -63398.383784
[13:19:45] Bootstrap tree #74, logLikelihood: -63098.504941
[13:29:05] Bootstrap tree #75, logLikelihood: -63241.154078
[13:37:50] Bootstrap tree #76, logLikelihood: -62939.544765
[13:48:16] Bootstrap tree #77, logLikelihood: -62755.139395
[13:57:34] Bootstrap tree #78, logLikelihood: -63270.963258
[14:06:27] Bootstrap tree #79, logLikelihood: -62988.307495
[14:20:42] Bootstrap tree #80, logLikelihood: -63472.755350
[14:35:32] Bootstrap tree #81, logLikelihood: -63391.403671
[14:46:11] Bootstrap tree #82, logLikelihood: -62965.363891
[14:54:54] Bootstrap tree #83, logLikelihood: -64279.544234

Bootstrap trees saved to: /home/hikoyu/analysis/Genome/SARS-CoV-2/phylogeny/RAxML-NG/DNA/part/uni/SARS-CoV-2_200414.9.raxml.bootstraps

Execution log saved to: /home/hikoyu/analysis/Genome/SARS-CoV-2/phylogeny/RAxML-NG/DNA/part/uni/SARS-CoV-2_200414.9.raxml.log

Analysis started: 19-Apr-2020 09:27:13 / finished: 20-Apr-2020 00:22:08

Elapsed time: 53694.932 seconds

