
RAxML-NG v. 0.9.0 released on 20.05.2019 by The Exelixis Lab.
Developed by: Alexey M. Kozlov and Alexandros Stamatakis.
Contributors: Diego Darriba, Tomas Flouri, Benoit Morel, Sarah Lutteropp, Ben Bettisworth.
Latest version: https://github.com/amkozlov/raxml-ng
Questions/problems/suggestions? Please visit: https://groups.google.com/forum/#!forum/raxml

RAxML-NG was called at 16-Mar-2020 03:46:23 as follows:

raxml-ng --threads 1 --search --tree rand{9},pars{9} --seed 3885505997 --prefix phylogeny/RAxML-NG/DNA/part/uni/SARS-CoV-2_200314.0 --msa phylogeny/RAxML-NG/DNA/part/uni/SARS-CoV-2_200314.raxml.rba --outgroup MG772933.1

Analysis options:
  run mode: ML tree search
  start tree(s): random (9) + parsimony (9)
  random seed: 3885505997
  tip-inner: OFF
  pattern compression: ON
  per-rate scalers: OFF
  site repeats: ON
  fast spr radius: AUTO
  spr subtree cutoff: 1.000000
  branch lengths: proportional (ML estimate, algorithm: NR-FAST)
  SIMD kernels: AVX2
  parallelization: NONE/sequential

[00:00:00] Loading binary alignment from file: phylogeny/RAxML-NG/DNA/part/uni/SARS-CoV-2_200314.raxml.rba
[00:00:00] Alignment comprises 89 taxa, 11 partitions and 464 patterns

Partition 0: orf1ab_U
Model: TIM2+I+G4m+B
Alignment sites / patterns: 13215 / 137
Gaps: 0.10 %
Invariant sites: 88.64 %

Partition 1: orf1ab_D
Model: TIM2+I+G4m+B
Alignment sites / patterns: 8088 / 72
Gaps: 0.00 %
Invariant sites: 84.69 %

Partition 2: S
Model: TIM2+I+B
Alignment sites / patterns: 3822 / 85
Gaps: 0.04 %
Invariant sites: 74.52 %

Partition 3: ORF3a
Model: HKY+FO+G4m+B
Alignment sites / patterns: 828 / 30
Gaps: 0.00 %
Invariant sites: 85.63 %

Partition 4: E
Model: JC+B
Alignment sites / patterns: 228 / 8
Gaps: 0.00 %
Invariant sites: 97.81 %

Partition 5: M
Model: K80+I+B
Alignment sites / patterns: 669 / 33
Gaps: 0.01 %
Invariant sites: 90.88 %

Partition 6: ORF6
Model: HKY+FO+B
Alignment sites / patterns: 186 / 11
Gaps: 0.00 %
Invariant sites: 93.55 %

Partition 7: ORF7a
Model: HKY+FO+I+B
Alignment sites / patterns: 366 / 20
Gaps: 0.00 %
Invariant sites: 87.43 %

Partition 8: ORF8
Model: TN93ef+I+G4m+B
Alignment sites / patterns: 366 / 23
Gaps: 0.00 %
Invariant sites: 86.34 %

Partition 9: N
Model: HKY+FO+I+B
Alignment sites / patterns: 1260 / 38
Gaps: 0.00 %
Invariant sites: 89.21 %

Partition 10: ORF10
Model: JC+B
Alignment sites / patterns: 117 / 7
Gaps: 0.00 %
Invariant sites: 97.44 %


[00:00:00] Generating 9 random starting tree(s) with 89 taxa
[00:00:00] Generating 9 parsimony starting tree(s) with 89 taxa
[00:00:00] Data distribution: max. partitions/sites/weight per thread: 11 / 464 / 5000

Starting ML tree search with 18 distinct starting trees

[00:00:00 -144856.406064] Initial branch length optimization
[00:00:00 -62688.201984] Model parameter optimization (eps = 10.000000)
[00:00:02 -60710.793735] AUTODETECT spr round 1 (radius: 5)
[00:00:03 -60420.090468] AUTODETECT spr round 2 (radius: 10)
[00:00:04 -60234.422324] AUTODETECT spr round 3 (radius: 15)
[00:00:05 -60090.311143] AUTODETECT spr round 4 (radius: 20)
[00:00:06 -60075.779417] AUTODETECT spr round 5 (radius: 25)
[00:00:07 -60075.779417] SPR radius for FAST iterations: 20 (autodetect)
[00:00:07 -60075.779417] Model parameter optimization (eps = 3.000000)
[00:00:09 -60037.157356] FAST spr round 1 (radius: 20)
[00:00:13 -59979.532825] FAST spr round 2 (radius: 20)
[00:00:16 -59979.525872] Model parameter optimization (eps = 1.000000)
[00:00:17 -59978.009431] SLOW spr round 1 (radius: 5)
[00:00:20 -59978.006624] SLOW spr round 2 (radius: 10)
[00:00:23 -59978.006623] SLOW spr round 3 (radius: 15)
[00:00:25 -59978.006377] SLOW spr round 4 (radius: 20)
[00:00:28 -59978.006377] SLOW spr round 5 (radius: 25)
[00:00:29 -59920.546797] SLOW spr round 6 (radius: 5)
[00:00:33 -59920.532039] SLOW spr round 7 (radius: 10)
[00:00:37 -59920.531796] SLOW spr round 8 (radius: 15)
[00:00:40 -59920.531111] SLOW spr round 9 (radius: 20)
[00:00:43 -59920.531108] SLOW spr round 10 (radius: 25)
[00:00:45 -59920.531108] Model parameter optimization (eps = 0.100000)

[00:00:51] ML tree search #1, logLikelihood: -59897.839201

[00:00:51 -144857.708180] Initial branch length optimization
[00:00:52 -62683.010054] Model parameter optimization (eps = 10.000000)
[00:00:54 -60726.863152] AUTODETECT spr round 1 (radius: 5)
[00:00:55 -60450.297077] AUTODETECT spr round 2 (radius: 10)
[00:00:56 -60223.421755] AUTODETECT spr round 3 (radius: 15)
[00:00:57 -60120.816216] AUTODETECT spr round 4 (radius: 20)
[00:00:59 -60053.312703] AUTODETECT spr round 5 (radius: 25)
[00:01:00 -60053.312703] SPR radius for FAST iterations: 20 (autodetect)
[00:01:00 -60053.312703] Model parameter optimization (eps = 3.000000)
[00:01:01 -60015.098001] FAST spr round 1 (radius: 20)
[00:01:05 -59922.231528] FAST spr round 2 (radius: 20)
[00:01:08 -59922.218729] Model parameter optimization (eps = 1.000000)
[00:01:11 -59901.185751] SLOW spr round 1 (radius: 5)
[00:01:15 -59901.010340] SLOW spr round 2 (radius: 5)
[00:01:18 -59901.004807] SLOW spr round 3 (radius: 10)
[00:01:21 -59901.004768] SLOW spr round 4 (radius: 15)
[00:01:24 -59901.004470] SLOW spr round 5 (radius: 20)
[00:01:27 -59901.004470] SLOW spr round 6 (radius: 25)
[00:01:28 -59901.004470] Model parameter optimization (eps = 0.100000)

[00:01:32] ML tree search #2, logLikelihood: -59897.479230

[00:01:32 -144879.709591] Initial branch length optimization
[00:01:32 -62725.295743] Model parameter optimization (eps = 10.000000)
[00:01:34 -60742.867390] AUTODETECT spr round 1 (radius: 5)
[00:01:35 -60526.678073] AUTODETECT spr round 2 (radius: 10)
[00:01:37 -60257.652557] AUTODETECT spr round 3 (radius: 15)
[00:01:38 -60077.628504] AUTODETECT spr round 4 (radius: 20)
[00:01:40 -60051.863971] AUTODETECT spr round 5 (radius: 25)
[00:01:40 -60051.848207] SPR radius for FAST iterations: 20 (autodetect)
[00:01:40 -60051.848207] Model parameter optimization (eps = 3.000000)
[00:01:43 -60002.587668] FAST spr round 1 (radius: 20)
[00:01:47 -59906.507627] FAST spr round 2 (radius: 20)
[00:01:50 -59906.470626] Model parameter optimization (eps = 1.000000)
[00:01:51 -59900.643000] SLOW spr round 1 (radius: 5)
[00:01:54 -59900.632392] SLOW spr round 2 (radius: 10)
[00:01:57 -59900.632332] SLOW spr round 3 (radius: 15)
[00:02:00 -59900.632331] SLOW spr round 4 (radius: 20)
[00:02:03 -59900.632331] SLOW spr round 5 (radius: 25)
[00:02:05 -59900.632331] Model parameter optimization (eps = 0.100000)

[00:02:09] ML tree search #3, logLikelihood: -59897.486533

[00:02:09 -144863.396879] Initial branch length optimization
[00:02:10 -62697.523445] Model parameter optimization (eps = 10.000000)
[00:02:12 -60732.994074] AUTODETECT spr round 1 (radius: 5)
[00:02:13 -60430.362650] AUTODETECT spr round 2 (radius: 10)
[00:02:14 -60134.850072] AUTODETECT spr round 3 (radius: 15)
[00:02:16 -60041.552778] AUTODETECT spr round 4 (radius: 20)
[00:02:17 -60040.198864] AUTODETECT spr round 5 (radius: 25)
[00:02:17 -60040.198864] SPR radius for FAST iterations: 20 (autodetect)
[00:02:17 -60040.198864] Model parameter optimization (eps = 3.000000)
[00:02:19 -60002.160115] FAST spr round 1 (radius: 20)
[00:02:23 -59922.466911] FAST spr round 2 (radius: 20)
[00:02:27 -59922.456322] Model parameter optimization (eps = 1.000000)
[00:02:30 -59901.163626] SLOW spr round 1 (radius: 5)
[00:02:33 -59901.160336] SLOW spr round 2 (radius: 10)
[00:02:37 -59900.988557] SLOW spr round 3 (radius: 5)
[00:02:40 -59900.985691] SLOW spr round 4 (radius: 10)
[00:02:44 -59900.985669] SLOW spr round 5 (radius: 15)
[00:02:48 -59900.985668] SLOW spr round 6 (radius: 20)
[00:02:50 -59900.985668] SLOW spr round 7 (radius: 25)
[00:02:51 -59900.985668] Model parameter optimization (eps = 0.100000)

[00:02:55] ML tree search #4, logLikelihood: -59897.479089

[00:02:55 -144875.751007] Initial branch length optimization
[00:02:55 -62747.820273] Model parameter optimization (eps = 10.000000)
[00:02:58 -60747.731488] AUTODETECT spr round 1 (radius: 5)
[00:02:59 -60407.177730] AUTODETECT spr round 2 (radius: 10)
[00:03:00 -60163.029142] AUTODETECT spr round 3 (radius: 15)
[00:03:02 -60072.395741] AUTODETECT spr round 4 (radius: 20)
[00:03:03 -60055.740638] AUTODETECT spr round 5 (radius: 25)
[00:03:03 -60055.738525] SPR radius for FAST iterations: 20 (autodetect)
[00:03:03 -60055.738525] Model parameter optimization (eps = 3.000000)
[00:03:06 -60005.903114] FAST spr round 1 (radius: 20)
[00:03:11 -59908.362191] FAST spr round 2 (radius: 20)
[00:03:13 -59906.489764] FAST spr round 3 (radius: 20)
[00:03:15 -59906.487138] Model parameter optimization (eps = 1.000000)
[00:03:17 -59900.809190] SLOW spr round 1 (radius: 5)
[00:03:20 -59900.805495] SLOW spr round 2 (radius: 10)
[00:03:23 -59900.805404] SLOW spr round 3 (radius: 15)
[00:03:27 -59900.805402] SLOW spr round 4 (radius: 20)
[00:03:30 -59900.805402] SLOW spr round 5 (radius: 25)
[00:03:31 -59900.805402] Model parameter optimization (eps = 0.100000)

[00:03:34] ML tree search #5, logLikelihood: -59897.490968

[00:03:34 -144869.081853] Initial branch length optimization
[00:03:34 -62696.195380] Model parameter optimization (eps = 10.000000)
[00:03:37 -60731.175354] AUTODETECT spr round 1 (radius: 5)
[00:03:37 -60331.762612] AUTODETECT spr round 2 (radius: 10)
[00:03:39 -60170.086178] AUTODETECT spr round 3 (radius: 15)
[00:03:40 -60116.862904] AUTODETECT spr round 4 (radius: 20)
[00:03:41 -60080.304050] AUTODETECT spr round 5 (radius: 25)
[00:03:42 -60080.304012] SPR radius for FAST iterations: 20 (autodetect)
[00:03:42 -60080.304012] Model parameter optimization (eps = 3.000000)
[00:03:44 -60031.617012] FAST spr round 1 (radius: 20)
[00:03:48 -59908.364473] FAST spr round 2 (radius: 20)
[00:03:51 -59908.361620] Model parameter optimization (eps = 1.000000)
[00:03:53 -59900.558846] SLOW spr round 1 (radius: 5)
[00:03:56 -59900.555839] SLOW spr round 2 (radius: 10)
[00:03:59 -59900.555768] SLOW spr round 3 (radius: 15)
[00:04:02 -59900.554884] SLOW spr round 4 (radius: 20)
[00:04:04 -59900.554884] SLOW spr round 5 (radius: 25)
[00:04:06 -59900.554884] Model parameter optimization (eps = 0.100000)

[00:04:10] ML tree search #6, logLikelihood: -59897.486877

[00:04:10 -144877.419260] Initial branch length optimization
[00:04:10 -62730.714198] Model parameter optimization (eps = 10.000000)
[00:04:13 -60731.600622] AUTODETECT spr round 1 (radius: 5)
[00:04:14 -60422.513778] AUTODETECT spr round 2 (radius: 10)
[00:04:15 -60085.216516] AUTODETECT spr round 3 (radius: 15)
[00:04:17 -60084.087898] AUTODETECT spr round 4 (radius: 20)
[00:04:18 -60075.082301] AUTODETECT spr round 5 (radius: 25)
[00:04:18 -60075.082192] SPR radius for FAST iterations: 20 (autodetect)
[00:04:18 -60075.082192] Model parameter optimization (eps = 3.000000)
[00:04:21 -60021.972920] FAST spr round 1 (radius: 20)
[00:04:26 -59906.568083] FAST spr round 2 (radius: 20)
[00:04:28 -59906.564214] Model parameter optimization (eps = 1.000000)
[00:04:30 -59901.202120] SLOW spr round 1 (radius: 5)
[00:04:33 -59900.973324] SLOW spr round 2 (radius: 5)
[00:04:36 -59900.966305] SLOW spr round 3 (radius: 10)
[00:04:40 -59900.965407] SLOW spr round 4 (radius: 15)
[00:04:43 -59900.965406] SLOW spr round 5 (radius: 20)
[00:04:45 -59900.965406] SLOW spr round 6 (radius: 25)
[00:04:46 -59900.965406] Model parameter optimization (eps = 0.100000)

[00:04:50] ML tree search #7, logLikelihood: -59897.490113

[00:04:50 -144873.933906] Initial branch length optimization
[00:04:50 -62744.528342] Model parameter optimization (eps = 10.000000)
[00:04:52 -60752.337383] AUTODETECT spr round 1 (radius: 5)
[00:04:53 -60391.894977] AUTODETECT spr round 2 (radius: 10)
[00:04:55 -60255.405414] AUTODETECT spr round 3 (radius: 15)
[00:04:56 -60135.197864] AUTODETECT spr round 4 (radius: 20)
[00:04:57 -60103.285256] AUTODETECT spr round 5 (radius: 25)
[00:04:58 -60103.285254] SPR radius for FAST iterations: 20 (autodetect)
[00:04:58 -60103.285254] Model parameter optimization (eps = 3.000000)
[00:05:00 -60064.312577] FAST spr round 1 (radius: 20)
[00:05:04 -59923.893943] FAST spr round 2 (radius: 20)
[00:05:06 -59923.884100] Model parameter optimization (eps = 1.000000)
[00:05:09 -59900.880830] SLOW spr round 1 (radius: 5)
[00:05:12 -59900.875631] SLOW spr round 2 (radius: 10)
[00:05:15 -59900.875488] SLOW spr round 3 (radius: 15)
[00:05:18 -59900.875484] SLOW spr round 4 (radius: 20)
[00:05:20 -59900.875484] SLOW spr round 5 (radius: 25)
[00:05:22 -59900.875484] Model parameter optimization (eps = 0.100000)

[00:05:26] ML tree search #8, logLikelihood: -59897.481452

[00:05:26 -144857.343112] Initial branch length optimization
[00:05:26 -62707.517863] Model parameter optimization (eps = 10.000000)
[00:05:28 -60737.139228] AUTODETECT spr round 1 (radius: 5)
[00:05:29 -60455.757666] AUTODETECT spr round 2 (radius: 10)
[00:05:30 -60216.228189] AUTODETECT spr round 3 (radius: 15)
[00:05:32 -60133.794539] AUTODETECT spr round 4 (radius: 20)
[00:05:33 -60053.745093] AUTODETECT spr round 5 (radius: 25)
[00:05:34 -60053.723886] SPR radius for FAST iterations: 20 (autodetect)
[00:05:34 -60053.723886] Model parameter optimization (eps = 3.000000)
[00:05:37 -60004.421620] FAST spr round 1 (radius: 20)
[00:05:41 -59906.084985] FAST spr round 2 (radius: 20)
[00:05:44 -59906.081845] Model parameter optimization (eps = 1.000000)
[00:05:46 -59900.730812] SLOW spr round 1 (radius: 5)
[00:05:49 -59900.720990] SLOW spr round 2 (radius: 10)
[00:05:52 -59900.720907] SLOW spr round 3 (radius: 15)
[00:05:55 -59900.720905] SLOW spr round 4 (radius: 20)
[00:05:58 -59900.720905] SLOW spr round 5 (radius: 25)
[00:06:00 -59900.720905] Model parameter optimization (eps = 0.100000)

[00:06:04] ML tree search #9, logLikelihood: -59897.488619

[00:06:04 -142303.890642] Initial branch length optimization
[00:06:04 -61336.827107] Model parameter optimization (eps = 10.000000)
[00:06:05 -59920.032974] AUTODETECT spr round 1 (radius: 5)
[00:06:06 -59918.542594] AUTODETECT spr round 2 (radius: 10)
[00:06:08 -59918.540385] SPR radius for FAST iterations: 5 (autodetect)
[00:06:08 -59918.540385] Model parameter optimization (eps = 3.000000)
[00:06:09 -59910.795467] FAST spr round 1 (radius: 5)
[00:06:10 -59910.750100] Model parameter optimization (eps = 1.000000)
[00:06:11 -59906.371516] SLOW spr round 1 (radius: 5)
[00:06:14 -59906.319310] SLOW spr round 2 (radius: 10)
[00:06:19 -59906.318417] SLOW spr round 3 (radius: 15)
[00:06:21 -59906.318417] SLOW spr round 4 (radius: 20)
[00:06:23 -59906.318417] SLOW spr round 5 (radius: 25)
[00:06:25 -59906.317535] Model parameter optimization (eps = 0.100000)

[00:06:33] ML tree search #10, logLikelihood: -59898.180395

[00:06:33 -142299.648522] Initial branch length optimization
[00:06:33 -61339.688106] Model parameter optimization (eps = 10.000000)
[00:06:35 -59922.165436] AUTODETECT spr round 1 (radius: 5)
[00:06:35 -59918.976507] AUTODETECT spr round 2 (radius: 10)
[00:06:37 -59918.970883] SPR radius for FAST iterations: 5 (autodetect)
[00:06:37 -59918.970883] Model parameter optimization (eps = 3.000000)
[00:06:38 -59911.050314] FAST spr round 1 (radius: 5)
[00:06:39 -59911.005532] Model parameter optimization (eps = 1.000000)
[00:06:41 -59905.730533] SLOW spr round 1 (radius: 5)
[00:06:44 -59905.683422] SLOW spr round 2 (radius: 10)
[00:06:48 -59905.678965] SLOW spr round 3 (radius: 15)
[00:06:51 -59905.678680] SLOW spr round 4 (radius: 20)
[00:06:54 -59905.678680] SLOW spr round 5 (radius: 25)
[00:06:56 -59905.678680] Model parameter optimization (eps = 0.100000)

[00:07:04] ML tree search #11, logLikelihood: -59898.193521

[00:07:04 -142299.742489] Initial branch length optimization
[00:07:04 -61345.176540] Model parameter optimization (eps = 10.000000)
[00:07:06 -59927.678242] AUTODETECT spr round 1 (radius: 5)
[00:07:06 -59920.165859] AUTODETECT spr round 2 (radius: 10)
[00:07:08 -59920.161742] SPR radius for FAST iterations: 5 (autodetect)
[00:07:08 -59920.161742] Model parameter optimization (eps = 3.000000)
[00:07:09 -59912.468901] FAST spr round 1 (radius: 5)
[00:07:10 -59912.427537] Model parameter optimization (eps = 1.000000)
[00:07:12 -59907.189797] SLOW spr round 1 (radius: 5)
[00:07:15 -59907.131896] SLOW spr round 2 (radius: 10)
[00:07:19 -59905.674619] SLOW spr round 3 (radius: 5)
[00:07:22 -59905.671393] SLOW spr round 4 (radius: 10)
[00:07:26 -59905.671383] SLOW spr round 5 (radius: 15)
[00:07:30 -59905.671383] SLOW spr round 6 (radius: 20)
[00:07:32 -59905.671383] SLOW spr round 7 (radius: 25)
[00:07:34 -59905.671383] Model parameter optimization (eps = 0.100000)

[00:07:41] ML tree search #12, logLikelihood: -59898.182193

[00:07:41 -142307.085008] Initial branch length optimization
[00:07:42 -61349.650649] Model parameter optimization (eps = 10.000000)
[00:07:43 -59930.235139] AUTODETECT spr round 1 (radius: 5)
[00:07:44 -59928.742148] AUTODETECT spr round 2 (radius: 10)
[00:07:45 -59928.738937] SPR radius for FAST iterations: 5 (autodetect)
[00:07:45 -59928.738937] Model parameter optimization (eps = 3.000000)
[00:07:46 -59921.088616] FAST spr round 1 (radius: 5)
[00:07:48 -59912.319335] FAST spr round 2 (radius: 5)
[00:07:49 -59912.309096] Model parameter optimization (eps = 1.000000)
[00:07:51 -59906.934523] SLOW spr round 1 (radius: 5)
[00:07:54 -59906.885969] SLOW spr round 2 (radius: 10)
[00:07:58 -59906.884958] SLOW spr round 3 (radius: 15)
[00:08:02 -59905.459842] SLOW spr round 4 (radius: 5)
[00:08:05 -59905.454352] SLOW spr round 5 (radius: 10)
[00:08:08 -59905.454341] SLOW spr round 6 (radius: 15)
[00:08:12 -59905.454341] SLOW spr round 7 (radius: 20)
[00:08:14 -59905.454341] SLOW spr round 8 (radius: 25)
[00:08:16 -59905.454341] Model parameter optimization (eps = 0.100000)

[00:08:24] ML tree search #13, logLikelihood: -59897.551474

[00:08:24 -142303.873718] Initial branch length optimization
[00:08:24 -61336.824883] Model parameter optimization (eps = 10.000000)
[00:08:26 -59920.036950] AUTODETECT spr round 1 (radius: 5)
[00:08:27 -59918.546494] AUTODETECT spr round 2 (radius: 10)
[00:08:28 -59918.542861] SPR radius for FAST iterations: 5 (autodetect)
[00:08:28 -59918.542861] Model parameter optimization (eps = 3.000000)
[00:08:29 -59910.799891] FAST spr round 1 (radius: 5)
[00:08:31 -59910.754871] Model parameter optimization (eps = 1.000000)
[00:08:32 -59906.375200] SLOW spr round 1 (radius: 5)
[00:08:35 -59906.330121] SLOW spr round 2 (radius: 10)
[00:08:39 -59906.325731] SLOW spr round 3 (radius: 15)
[00:08:43 -59906.325731] SLOW spr round 4 (radius: 20)
[00:08:46 -59906.325731] SLOW spr round 5 (radius: 25)
[00:08:48 -59906.325731] Model parameter optimization (eps = 0.100000)

[00:08:58] ML tree search #14, logLikelihood: -59898.188754

[00:08:58 -142309.613715] Initial branch length optimization
[00:08:58 -61350.792139] Model parameter optimization (eps = 10.000000)
[00:08:59 -59936.549864] AUTODETECT spr round 1 (radius: 5)
[00:09:00 -59936.507941] SPR radius for FAST iterations: 5 (autodetect)
[00:09:00 -59936.507941] Model parameter optimization (eps = 3.000000)
[00:09:02 -59926.305644] FAST spr round 1 (radius: 5)
[00:09:03 -59926.241164] Model parameter optimization (eps = 1.000000)
[00:09:04 -59922.760780] SLOW spr round 1 (radius: 5)
[00:09:08 -59922.723647] SLOW spr round 2 (radius: 10)
[00:09:12 -59908.460266] SLOW spr round 3 (radius: 5)
[00:09:16 -59905.981823] SLOW spr round 4 (radius: 5)
[00:09:19 -59905.979132] SLOW spr round 5 (radius: 10)
[00:09:23 -59905.979118] SLOW spr round 6 (radius: 15)
[00:09:27 -59905.978473] SLOW spr round 7 (radius: 20)
[00:09:29 -59905.978473] SLOW spr round 8 (radius: 25)
[00:09:31 -59905.978473] Model parameter optimization (eps = 0.100000)

[00:09:39] ML tree search #15, logLikelihood: -59897.542526

[00:09:39 -142303.447620] Initial branch length optimization
[00:09:39 -61348.397567] Model parameter optimization (eps = 10.000000)
[00:09:40 -59929.611099] AUTODETECT spr round 1 (radius: 5)
[00:09:41 -59920.164717] AUTODETECT spr round 2 (radius: 10)
[00:09:43 -59920.162461] SPR radius for FAST iterations: 5 (autodetect)
[00:09:43 -59920.162461] Model parameter optimization (eps = 3.000000)
[00:09:44 -59912.493110] FAST spr round 1 (radius: 5)
[00:09:45 -59912.451516] Model parameter optimization (eps = 1.000000)
[00:09:47 -59907.035008] SLOW spr round 1 (radius: 5)
[00:09:50 -59906.986364] SLOW spr round 2 (radius: 10)
[00:09:54 -59906.985496] SLOW spr round 3 (radius: 15)
[00:09:58 -59905.558740] SLOW spr round 4 (radius: 5)
[00:10:01 -59905.553590] SLOW spr round 5 (radius: 10)
[00:10:05 -59905.553589] SLOW spr round 6 (radius: 15)
[00:10:08 -59905.553589] SLOW spr round 7 (radius: 20)
[00:10:11 -59905.553589] SLOW spr round 8 (radius: 25)
[00:10:13 -59905.553589] Model parameter optimization (eps = 0.100000)

[00:10:22] ML tree search #16, logLikelihood: -59897.554452

[00:10:22 -142301.133899] Initial branch length optimization
[00:10:22 -61336.699318] Model parameter optimization (eps = 10.000000)
[00:10:23 -59920.601831] AUTODETECT spr round 1 (radius: 5)
[00:10:24 -59918.630215] AUTODETECT spr round 2 (radius: 10)
[00:10:25 -59918.624422] SPR radius for FAST iterations: 5 (autodetect)
[00:10:25 -59918.624422] Model parameter optimization (eps = 3.000000)
[00:10:26 -59910.844017] FAST spr round 1 (radius: 5)
[00:10:28 -59910.799241] Model parameter optimization (eps = 1.000000)
[00:10:29 -59906.389124] SLOW spr round 1 (radius: 5)
[00:10:33 -59906.339457] SLOW spr round 2 (radius: 10)
[00:10:36 -59906.339438] SLOW spr round 3 (radius: 15)
[00:10:40 -59906.339437] SLOW spr round 4 (radius: 20)
[00:10:42 -59906.339437] SLOW spr round 5 (radius: 25)
[00:10:44 -59906.339437] Model parameter optimization (eps = 0.100000)

[00:10:53] ML tree search #17, logLikelihood: -59898.184186

[00:10:53 -142301.637738] Initial branch length optimization
[00:10:53 -61333.868597] Model parameter optimization (eps = 10.000000)
[00:10:55 -59918.896930] AUTODETECT spr round 1 (radius: 5)
[00:10:56 -59918.854745] SPR radius for FAST iterations: 5 (autodetect)
[00:10:56 -59918.854745] Model parameter optimization (eps = 3.000000)
[00:10:57 -59910.991903] FAST spr round 1 (radius: 5)
[00:10:58 -59910.942310] Model parameter optimization (eps = 1.000000)
[00:11:00 -59905.724081] SLOW spr round 1 (radius: 5)
[00:11:03 -59905.672170] SLOW spr round 2 (radius: 10)
[00:11:07 -59905.669951] SLOW spr round 3 (radius: 15)
[00:11:11 -59905.669951] SLOW spr round 4 (radius: 20)
[00:11:13 -59905.669951] SLOW spr round 5 (radius: 25)
[00:11:15 -59905.669951] Model parameter optimization (eps = 0.100000)

[00:11:24] ML tree search #18, logLikelihood: -59898.189555



Final LogLikelihood: -59897.479089

AIC score: 120242.958179 / AICc score: 120246.443656 / BIC score: 122097.686836
Free parameters (model + branch lengths): 224

Best ML tree saved to: /home/hikoyu/analysis/Genome/SARS-CoV-2/phylogeny/RAxML-NG/DNA/part/uni/SARS-CoV-2_200314.0.raxml.bestTree
All ML trees saved to: /home/hikoyu/analysis/Genome/SARS-CoV-2/phylogeny/RAxML-NG/DNA/part/uni/SARS-CoV-2_200314.0.raxml.mlTrees
Optimized model saved to: /home/hikoyu/analysis/Genome/SARS-CoV-2/phylogeny/RAxML-NG/DNA/part/uni/SARS-CoV-2_200314.0.raxml.bestModel

Execution log saved to: /home/hikoyu/analysis/Genome/SARS-CoV-2/phylogeny/RAxML-NG/DNA/part/uni/SARS-CoV-2_200314.0.raxml.log

Analysis started: 16-Mar-2020 03:46:23 / finished: 16-Mar-2020 03:57:47

Elapsed time: 684.058 seconds

