
RAxML-NG v. 0.9.0 released on 20.05.2019 by The Exelixis Lab.
Developed by: Alexey M. Kozlov and Alexandros Stamatakis.
Contributors: Diego Darriba, Tomas Flouri, Benoit Morel, Sarah Lutteropp, Ben Bettisworth.
Latest version: https://github.com/amkozlov/raxml-ng
Questions/problems/suggestions? Please visit: https://groups.google.com/forum/#!forum/raxml

RAxML-NG was called at 18-Apr-2020 03:59:06 as follows:

raxml-ng --threads 1 --bootstrap --bs-trees 84 --seed 2218057853 --prefix phylogeny/RAxML-NG/DNA/part/uni/SARS-CoV-2_200414.1 --msa phylogeny/RAxML-NG/DNA/part/uni/SARS-CoV-2_200414.raxml.rba --outgroup MG772933.1

Analysis options:
  run mode: Bootstrapping
  start tree(s): 
  bootstrap replicates: 84
  random seed: 2218057853
  tip-inner: OFF
  pattern compression: ON
  per-rate scalers: OFF
  site repeats: ON
  branch lengths: proportional (ML estimate, algorithm: NR-FAST)
  SIMD kernels: AVX2
  parallelization: NONE/sequential

[00:00:00] Loading binary alignment from file: phylogeny/RAxML-NG/DNA/part/uni/SARS-CoV-2_200414.raxml.rba
[00:00:00] Alignment comprises 376 taxa, 11 partitions and 780 patterns

Partition 0: orf1ab_U
Model: TIM3+I+G4m+B
Alignment sites / patterns: 13212 / 266
Gaps: 0.07 %
Invariant sites: 87.93 %

Partition 1: orf1ab_D
Model: TIM2+I+G4m+B
Alignment sites / patterns: 8097 / 151
Gaps: 0.11 %
Invariant sites: 84.14 %

Partition 2: S
Model: TIM3+I+G4m+B
Alignment sites / patterns: 3822 / 126
Gaps: 0.01 %
Invariant sites: 74.15 %

Partition 3: ORF3a
Model: TVM+FO+I+G4m+B
Alignment sites / patterns: 828 / 48
Gaps: 0.00 %
Invariant sites: 84.54 %

Partition 4: E
Model: JC+B
Alignment sites / patterns: 228 / 10
Gaps: 0.00 %
Invariant sites: 96.93 %

Partition 5: M
Model: K80+I+G4m+B
Alignment sites / patterns: 669 / 37
Gaps: 0.00 %
Invariant sites: 90.28 %

Partition 6: ORF6
Model: TN93+FO+I+G4m+B
Alignment sites / patterns: 186 / 16
Gaps: 0.00 %
Invariant sites: 90.86 %

Partition 7: ORF7a
Model: HKY+FO+I+B
Alignment sites / patterns: 366 / 26
Gaps: 0.00 %
Invariant sites: 85.79 %

Partition 8: ORF8
Model: TIM3+I+G4m+B
Alignment sites / patterns: 366 / 30
Gaps: 0.00 %
Invariant sites: 85.25 %

Partition 9: N
Model: HKY+FO+I+G4m+B
Alignment sites / patterns: 1260 / 61
Gaps: 0.00 %
Invariant sites: 87.54 %

Partition 10: ORF10
Model: JC+B
Alignment sites / patterns: 117 / 9
Gaps: 0.00 %
Invariant sites: 95.73 %


[00:00:00] Data distribution: max. partitions/sites/weight per thread: 11 / 780 / 11940
[00:00:00] Starting bootstrapping analysis with 84 replicates.

[00:11:01] Bootstrap tree #1, logLikelihood: -62919.831114
[00:20:11] Bootstrap tree #2, logLikelihood: -63975.470816
[00:30:49] Bootstrap tree #3, logLikelihood: -63714.058254
[00:38:55] Bootstrap tree #4, logLikelihood: -62687.866948
[00:48:28] Bootstrap tree #5, logLikelihood: -64633.276036
[00:59:48] Bootstrap tree #6, logLikelihood: -62873.797711
[01:08:05] Bootstrap tree #7, logLikelihood: -63524.639945
[01:20:19] Bootstrap tree #8, logLikelihood: -63208.035603
[01:28:38] Bootstrap tree #9, logLikelihood: -63555.931590
[01:42:54] Bootstrap tree #10, logLikelihood: -62770.596531
[01:51:53] Bootstrap tree #11, logLikelihood: -63086.113582
[02:03:02] Bootstrap tree #12, logLikelihood: -63011.855249
[02:11:51] Bootstrap tree #13, logLikelihood: -63151.913641
[02:20:38] Bootstrap tree #14, logLikelihood: -63026.716259
[02:29:59] Bootstrap tree #15, logLikelihood: -62777.749620
[02:40:34] Bootstrap tree #16, logLikelihood: -63350.696777
[02:49:14] Bootstrap tree #17, logLikelihood: -63435.305549
[02:58:38] Bootstrap tree #18, logLikelihood: -62761.139766
[03:08:03] Bootstrap tree #19, logLikelihood: -62937.806205
[03:19:29] Bootstrap tree #20, logLikelihood: -63145.745214
[03:29:28] Bootstrap tree #21, logLikelihood: -63207.171783
[03:39:22] Bootstrap tree #22, logLikelihood: -63346.239510
[03:48:45] Bootstrap tree #23, logLikelihood: -63324.227425
[04:02:23] Bootstrap tree #24, logLikelihood: -63316.992183
[04:22:12] Bootstrap tree #25, logLikelihood: -62864.562424
[04:31:36] Bootstrap tree #26, logLikelihood: -63783.105862
[04:44:35] Bootstrap tree #27, logLikelihood: -64310.181722
[04:55:00] Bootstrap tree #28, logLikelihood: -62995.475383
[05:08:11] Bootstrap tree #29, logLikelihood: -63583.984155
[05:22:26] Bootstrap tree #30, logLikelihood: -63228.521864
[05:32:17] Bootstrap tree #31, logLikelihood: -63462.803197
[05:45:17] Bootstrap tree #32, logLikelihood: -63029.681325
[05:54:25] Bootstrap tree #33, logLikelihood: -62771.355155
[06:05:47] Bootstrap tree #34, logLikelihood: -63634.586856
[06:16:31] Bootstrap tree #35, logLikelihood: -62800.572050
[06:26:18] Bootstrap tree #36, logLikelihood: -62653.308309
[06:35:46] Bootstrap tree #37, logLikelihood: -62895.536178
[06:44:20] Bootstrap tree #38, logLikelihood: -62525.041984
[06:56:35] Bootstrap tree #39, logLikelihood: -63546.493651
[07:05:58] Bootstrap tree #40, logLikelihood: -63396.967465
[07:15:28] Bootstrap tree #41, logLikelihood: -62700.956455
[07:25:03] Bootstrap tree #42, logLikelihood: -63803.592574
[07:34:28] Bootstrap tree #43, logLikelihood: -62897.533827
[07:46:55] Bootstrap tree #44, logLikelihood: -64770.794107
[07:56:46] Bootstrap tree #45, logLikelihood: -63069.947482
[08:10:06] Bootstrap tree #46, logLikelihood: -62586.257786
[08:19:17] Bootstrap tree #47, logLikelihood: -63309.765828
[08:31:17] Bootstrap tree #48, logLikelihood: -63449.146153
[08:40:43] Bootstrap tree #49, logLikelihood: -63054.635531
[08:51:10] Bootstrap tree #50, logLikelihood: -63228.244747
[09:01:24] Bootstrap tree #51, logLikelihood: -63180.006943
[09:18:39] Bootstrap tree #52, logLikelihood: -63080.941337
[09:27:48] Bootstrap tree #53, logLikelihood: -63340.816779
[09:37:26] Bootstrap tree #54, logLikelihood: -63369.146549
[09:48:22] Bootstrap tree #55, logLikelihood: -62851.167147
[09:57:23] Bootstrap tree #56, logLikelihood: -62328.020843
[10:06:57] Bootstrap tree #57, logLikelihood: -64734.769523
[10:16:58] Bootstrap tree #58, logLikelihood: -63436.709549
[10:27:47] Bootstrap tree #59, logLikelihood: -64101.694396
[10:39:14] Bootstrap tree #60, logLikelihood: -62369.698964
[10:54:53] Bootstrap tree #61, logLikelihood: -63141.087586
[11:05:17] Bootstrap tree #62, logLikelihood: -63196.473216
[11:15:39] Bootstrap tree #63, logLikelihood: -62959.808779
[11:25:56] Bootstrap tree #64, logLikelihood: -63054.760400
[11:36:47] Bootstrap tree #65, logLikelihood: -62703.625184
[11:45:33] Bootstrap tree #66, logLikelihood: -63653.363807
[12:04:00] Bootstrap tree #67, logLikelihood: -62565.571705
[12:13:12] Bootstrap tree #68, logLikelihood: -63241.790928
[12:22:53] Bootstrap tree #69, logLikelihood: -63055.963317
[12:31:22] Bootstrap tree #70, logLikelihood: -63385.825227
[12:44:19] Bootstrap tree #71, logLikelihood: -63058.268634
[12:53:31] Bootstrap tree #72, logLikelihood: -63029.058761
[13:04:15] Bootstrap tree #73, logLikelihood: -63060.745961
[13:16:40] Bootstrap tree #74, logLikelihood: -63506.185344
[13:25:37] Bootstrap tree #75, logLikelihood: -63129.655204
[13:34:55] Bootstrap tree #76, logLikelihood: -62895.755735
[13:44:37] Bootstrap tree #77, logLikelihood: -62973.732564
[13:54:08] Bootstrap tree #78, logLikelihood: -63365.795874
[14:06:20] Bootstrap tree #79, logLikelihood: -63214.749890
[14:16:29] Bootstrap tree #80, logLikelihood: -63582.207556
[14:27:45] Bootstrap tree #81, logLikelihood: -63135.711370
[14:37:40] Bootstrap tree #82, logLikelihood: -63550.996556
[14:48:12] Bootstrap tree #83, logLikelihood: -63413.493751
[14:58:56] Bootstrap tree #84, logLikelihood: -62902.898849

Bootstrap trees saved to: /home/hikoyu/analysis/Genome/SARS-CoV-2/phylogeny/RAxML-NG/DNA/part/uni/SARS-CoV-2_200414.1.raxml.bootstraps

Execution log saved to: /home/hikoyu/analysis/Genome/SARS-CoV-2/phylogeny/RAxML-NG/DNA/part/uni/SARS-CoV-2_200414.1.raxml.log

Analysis started: 18-Apr-2020 03:59:06 / finished: 18-Apr-2020 18:58:03

Elapsed time: 53937.153 seconds

