
RAxML-NG v. 0.9.0 released on 20.05.2019 by The Exelixis Lab.
Developed by: Alexey M. Kozlov and Alexandros Stamatakis.
Contributors: Diego Darriba, Tomas Flouri, Benoit Morel, Sarah Lutteropp, Ben Bettisworth.
Latest version: https://github.com/amkozlov/raxml-ng
Questions/problems/suggestions? Please visit: https://groups.google.com/forum/#!forum/raxml

RAxML-NG was called at 19-Mar-2020 05:55:56 as follows:

raxml-ng --threads 1 --bootstrap --bs-trees 83 --seed 4108000561 --prefix phylogeny/RAxML-NG/DNA/part/uni/SARS-CoV-2_200318.10 --msa phylogeny/RAxML-NG/DNA/part/uni/SARS-CoV-2_200318.raxml.rba --outgroup MG772933.1

Analysis options:
  run mode: Bootstrapping
  start tree(s): 
  bootstrap replicates: 83
  random seed: 4108000561
  tip-inner: OFF
  pattern compression: ON
  per-rate scalers: OFF
  site repeats: ON
  branch lengths: proportional (ML estimate, algorithm: NR-FAST)
  SIMD kernels: AVX2
  parallelization: NONE/sequential

[00:00:00] Loading binary alignment from file: phylogeny/RAxML-NG/DNA/part/uni/SARS-CoV-2_200318.raxml.rba
[00:00:00] Alignment comprises 74 taxa, 11 partitions and 454 patterns

Partition 0: orf1ab_U
Model: TIM2+I+G4m+B
Alignment sites / patterns: 13215 / 126
Gaps: 0.10 %
Invariant sites: 88.69 %

Partition 1: orf1ab_D
Model: TIM2+I+G4m+B
Alignment sites / patterns: 8091 / 78
Gaps: 0.04 %
Invariant sites: 84.66 %

Partition 2: S
Model: TIM2+I+B
Alignment sites / patterns: 3822 / 84
Gaps: 0.05 %
Invariant sites: 74.52 %

Partition 3: ORF3a
Model: HKY+FO+G4m+B
Alignment sites / patterns: 828 / 30
Gaps: 0.00 %
Invariant sites: 85.63 %

Partition 4: E
Model: JC+B
Alignment sites / patterns: 228 / 7
Gaps: 0.00 %
Invariant sites: 98.25 %

Partition 5: M
Model: K80+I+B
Alignment sites / patterns: 669 / 33
Gaps: 0.01 %
Invariant sites: 90.88 %

Partition 6: ORF6
Model: HKY+FO+B
Alignment sites / patterns: 186 / 11
Gaps: 0.00 %
Invariant sites: 93.55 %

Partition 7: ORF7a
Model: HKY+FO+I+B
Alignment sites / patterns: 366 / 20
Gaps: 0.00 %
Invariant sites: 87.43 %

Partition 8: ORF8
Model: TN93ef+I+G4m+B
Alignment sites / patterns: 366 / 23
Gaps: 0.00 %
Invariant sites: 86.34 %

Partition 9: N
Model: TN93+FO+I+B
Alignment sites / patterns: 1260 / 35
Gaps: 0.00 %
Invariant sites: 89.37 %

Partition 10: ORF10
Model: JC+B
Alignment sites / patterns: 117 / 7
Gaps: 0.00 %
Invariant sites: 97.44 %


[00:00:00] Data distribution: max. partitions/sites/weight per thread: 11 / 454 / 4900
[00:00:00] Starting bootstrapping analysis with 83 replicates.

[00:00:22] Bootstrap tree #1, logLikelihood: -60328.161762
[00:00:45] Bootstrap tree #2, logLikelihood: -59397.995974
[00:01:07] Bootstrap tree #3, logLikelihood: -59590.977996
[00:01:33] Bootstrap tree #4, logLikelihood: -59706.950812
[00:02:07] Bootstrap tree #5, logLikelihood: -60010.979324
[00:02:39] Bootstrap tree #6, logLikelihood: -59813.707229
[00:03:08] Bootstrap tree #7, logLikelihood: -59648.779870
[00:03:34] Bootstrap tree #8, logLikelihood: -59673.058517
[00:04:02] Bootstrap tree #9, logLikelihood: -59216.494777
[00:04:44] Bootstrap tree #10, logLikelihood: -59628.930001
[00:05:12] Bootstrap tree #11, logLikelihood: -59685.744334
[00:05:38] Bootstrap tree #12, logLikelihood: -59752.698493
[00:06:04] Bootstrap tree #13, logLikelihood: -59748.764682
[00:06:28] Bootstrap tree #14, logLikelihood: -59250.950076
[00:07:01] Bootstrap tree #15, logLikelihood: -59234.244586
[00:07:28] Bootstrap tree #16, logLikelihood: -59735.048774
[00:07:52] Bootstrap tree #17, logLikelihood: -60017.881950
[00:08:20] Bootstrap tree #18, logLikelihood: -59494.039576
[00:08:45] Bootstrap tree #19, logLikelihood: -59307.603364
[00:09:11] Bootstrap tree #20, logLikelihood: -59633.382807
[00:09:34] Bootstrap tree #21, logLikelihood: -59927.537772
[00:10:02] Bootstrap tree #22, logLikelihood: -59896.728578
[00:10:24] Bootstrap tree #23, logLikelihood: -59765.192475
[00:10:51] Bootstrap tree #24, logLikelihood: -59725.221580
[00:11:16] Bootstrap tree #25, logLikelihood: -59699.610053
[00:11:41] Bootstrap tree #26, logLikelihood: -59880.912962
[00:12:07] Bootstrap tree #27, logLikelihood: -60039.423511
[00:12:33] Bootstrap tree #28, logLikelihood: -59412.826356
[00:12:58] Bootstrap tree #29, logLikelihood: -59731.662670
[00:13:25] Bootstrap tree #30, logLikelihood: -59489.625358
[00:13:48] Bootstrap tree #31, logLikelihood: -59366.071119
[00:14:13] Bootstrap tree #32, logLikelihood: -59575.611421
[00:14:46] Bootstrap tree #33, logLikelihood: -60029.268270
[00:15:10] Bootstrap tree #34, logLikelihood: -59360.836867
[00:15:42] Bootstrap tree #35, logLikelihood: -59562.560283
[00:16:09] Bootstrap tree #36, logLikelihood: -59663.072953
[00:16:32] Bootstrap tree #37, logLikelihood: -59861.532193
[00:16:55] Bootstrap tree #38, logLikelihood: -59730.368577
[00:17:21] Bootstrap tree #39, logLikelihood: -59880.592911
[00:17:50] Bootstrap tree #40, logLikelihood: -59918.441177
[00:18:16] Bootstrap tree #41, logLikelihood: -59084.625151
[00:18:42] Bootstrap tree #42, logLikelihood: -59709.610376
[00:19:09] Bootstrap tree #43, logLikelihood: -59661.842944
[00:19:35] Bootstrap tree #44, logLikelihood: -59793.247967
[00:19:59] Bootstrap tree #45, logLikelihood: -59926.001781
[00:20:22] Bootstrap tree #46, logLikelihood: -59324.913163
[00:20:43] Bootstrap tree #47, logLikelihood: -59773.698865
[00:21:21] Bootstrap tree #48, logLikelihood: -59361.508528
[00:21:45] Bootstrap tree #49, logLikelihood: -59930.882951
[00:22:08] Bootstrap tree #50, logLikelihood: -59561.603843
[00:22:34] Bootstrap tree #51, logLikelihood: -59934.447236
[00:23:00] Bootstrap tree #52, logLikelihood: -59407.116327
[00:23:24] Bootstrap tree #53, logLikelihood: -59547.465718
[00:23:55] Bootstrap tree #54, logLikelihood: -59649.902983
[00:24:21] Bootstrap tree #55, logLikelihood: -59927.173156
[00:24:45] Bootstrap tree #56, logLikelihood: -59512.942704
[00:25:08] Bootstrap tree #57, logLikelihood: -59858.982381
[00:25:49] Bootstrap tree #58, logLikelihood: -60164.849634
[00:26:13] Bootstrap tree #59, logLikelihood: -59855.584749
[00:26:43] Bootstrap tree #60, logLikelihood: -59589.069460
[00:27:12] Bootstrap tree #61, logLikelihood: -59601.550964
[00:27:38] Bootstrap tree #62, logLikelihood: -59396.223173
[00:28:01] Bootstrap tree #63, logLikelihood: -59876.526847
[00:28:34] Bootstrap tree #64, logLikelihood: -60079.510979
[00:29:08] Bootstrap tree #65, logLikelihood: -59908.254761
[00:29:44] Bootstrap tree #66, logLikelihood: -59890.559982
[00:30:13] Bootstrap tree #67, logLikelihood: -59508.258786
[00:30:49] Bootstrap tree #68, logLikelihood: -60001.795200
[00:31:14] Bootstrap tree #69, logLikelihood: -59766.829976
[00:31:39] Bootstrap tree #70, logLikelihood: -59916.036442
[00:32:03] Bootstrap tree #71, logLikelihood: -59154.886160
[00:32:31] Bootstrap tree #72, logLikelihood: -59660.069937
[00:32:59] Bootstrap tree #73, logLikelihood: -59748.911473
[00:33:27] Bootstrap tree #74, logLikelihood: -59515.854775
[00:33:56] Bootstrap tree #75, logLikelihood: -59451.509984
[00:34:24] Bootstrap tree #76, logLikelihood: -59617.101288
[00:34:48] Bootstrap tree #77, logLikelihood: -59759.972170
[00:35:13] Bootstrap tree #78, logLikelihood: -60047.018416
[00:35:38] Bootstrap tree #79, logLikelihood: -59674.034171
[00:36:05] Bootstrap tree #80, logLikelihood: -59743.189042
[00:36:26] Bootstrap tree #81, logLikelihood: -59762.355031
[00:36:46] Bootstrap tree #82, logLikelihood: -59799.547803
[00:37:09] Bootstrap tree #83, logLikelihood: -59765.772777

Bootstrap trees saved to: /home/hikoyu/analysis/Genome/SARS-CoV-2/phylogeny/RAxML-NG/DNA/part/uni/SARS-CoV-2_200318.10.raxml.bootstraps

Execution log saved to: /home/hikoyu/analysis/Genome/SARS-CoV-2/phylogeny/RAxML-NG/DNA/part/uni/SARS-CoV-2_200318.10.raxml.log

Analysis started: 19-Mar-2020 05:55:56 / finished: 19-Mar-2020 06:33:06

Elapsed time: 2229.915 seconds

