
RAxML-NG v. 0.9.0 released on 20.05.2019 by The Exelixis Lab.
Developed by: Alexey M. Kozlov and Alexandros Stamatakis.
Contributors: Diego Darriba, Tomas Flouri, Benoit Morel, Sarah Lutteropp, Ben Bettisworth.
Latest version: https://github.com/amkozlov/raxml-ng
Questions/problems/suggestions? Please visit: https://groups.google.com/forum/#!forum/raxml

RAxML-NG was called at 18-Apr-2020 03:59:06 as follows:

raxml-ng --threads 1 --bootstrap --bs-trees 84 --seed 3893024425 --prefix phylogeny/RAxML-NG/DNA/part/uni/SARS-CoV-2_200414.3 --msa phylogeny/RAxML-NG/DNA/part/uni/SARS-CoV-2_200414.raxml.rba --outgroup MG772933.1

Analysis options:
  run mode: Bootstrapping
  start tree(s): 
  bootstrap replicates: 84
  random seed: 3893024425
  tip-inner: OFF
  pattern compression: ON
  per-rate scalers: OFF
  site repeats: ON
  branch lengths: proportional (ML estimate, algorithm: NR-FAST)
  SIMD kernels: AVX2
  parallelization: NONE/sequential

[00:00:00] Loading binary alignment from file: phylogeny/RAxML-NG/DNA/part/uni/SARS-CoV-2_200414.raxml.rba
[00:00:00] Alignment comprises 376 taxa, 11 partitions and 780 patterns

Partition 0: orf1ab_U
Model: TIM3+I+G4m+B
Alignment sites / patterns: 13212 / 266
Gaps: 0.07 %
Invariant sites: 87.93 %

Partition 1: orf1ab_D
Model: TIM2+I+G4m+B
Alignment sites / patterns: 8097 / 151
Gaps: 0.11 %
Invariant sites: 84.14 %

Partition 2: S
Model: TIM3+I+G4m+B
Alignment sites / patterns: 3822 / 126
Gaps: 0.01 %
Invariant sites: 74.15 %

Partition 3: ORF3a
Model: TVM+FO+I+G4m+B
Alignment sites / patterns: 828 / 48
Gaps: 0.00 %
Invariant sites: 84.54 %

Partition 4: E
Model: JC+B
Alignment sites / patterns: 228 / 10
Gaps: 0.00 %
Invariant sites: 96.93 %

Partition 5: M
Model: K80+I+G4m+B
Alignment sites / patterns: 669 / 37
Gaps: 0.00 %
Invariant sites: 90.28 %

Partition 6: ORF6
Model: TN93+FO+I+G4m+B
Alignment sites / patterns: 186 / 16
Gaps: 0.00 %
Invariant sites: 90.86 %

Partition 7: ORF7a
Model: HKY+FO+I+B
Alignment sites / patterns: 366 / 26
Gaps: 0.00 %
Invariant sites: 85.79 %

Partition 8: ORF8
Model: TIM3+I+G4m+B
Alignment sites / patterns: 366 / 30
Gaps: 0.00 %
Invariant sites: 85.25 %

Partition 9: N
Model: HKY+FO+I+G4m+B
Alignment sites / patterns: 1260 / 61
Gaps: 0.00 %
Invariant sites: 87.54 %

Partition 10: ORF10
Model: JC+B
Alignment sites / patterns: 117 / 9
Gaps: 0.00 %
Invariant sites: 95.73 %


[00:00:00] Data distribution: max. partitions/sites/weight per thread: 11 / 780 / 11940
[00:00:00] Starting bootstrapping analysis with 84 replicates.

[00:07:40] Bootstrap tree #1, logLikelihood: -63049.502928
[00:16:26] Bootstrap tree #2, logLikelihood: -62908.870409
[00:26:33] Bootstrap tree #3, logLikelihood: -63381.050253
[00:36:21] Bootstrap tree #4, logLikelihood: -62995.889100
[00:45:33] Bootstrap tree #5, logLikelihood: -63559.910688
[00:55:04] Bootstrap tree #6, logLikelihood: -63003.357111
[01:04:41] Bootstrap tree #7, logLikelihood: -63651.401474
[01:13:22] Bootstrap tree #8, logLikelihood: -63135.378593
[01:22:47] Bootstrap tree #9, logLikelihood: -62842.884497
[01:35:42] Bootstrap tree #10, logLikelihood: -63222.831233
[01:45:02] Bootstrap tree #11, logLikelihood: -63218.077960
[01:54:25] Bootstrap tree #12, logLikelihood: -62862.446238
[02:04:32] Bootstrap tree #13, logLikelihood: -63080.725042
[02:13:49] Bootstrap tree #14, logLikelihood: -62962.011261
[02:26:07] Bootstrap tree #15, logLikelihood: -63537.058033
[02:35:36] Bootstrap tree #16, logLikelihood: -63345.412818
[02:45:57] Bootstrap tree #17, logLikelihood: -62908.045826
[02:55:38] Bootstrap tree #18, logLikelihood: -62817.520196
[03:11:34] Bootstrap tree #19, logLikelihood: -63280.387321
[03:21:10] Bootstrap tree #20, logLikelihood: -63522.377126
[03:30:24] Bootstrap tree #21, logLikelihood: -63483.049316
[03:39:41] Bootstrap tree #22, logLikelihood: -62867.995483
[03:50:05] Bootstrap tree #23, logLikelihood: -63521.252180
[03:59:06] Bootstrap tree #24, logLikelihood: -62847.116299
[04:07:50] Bootstrap tree #25, logLikelihood: -63183.679740
[04:16:32] Bootstrap tree #26, logLikelihood: -62985.827723
[04:24:42] Bootstrap tree #27, logLikelihood: -63126.894704
[04:36:25] Bootstrap tree #28, logLikelihood: -63454.887817
[04:54:25] Bootstrap tree #29, logLikelihood: -63612.063802
[05:04:46] Bootstrap tree #30, logLikelihood: -63026.540417
[05:14:22] Bootstrap tree #31, logLikelihood: -63323.686002
[05:23:27] Bootstrap tree #32, logLikelihood: -63301.657340
[05:34:56] Bootstrap tree #33, logLikelihood: -63099.011210
[05:48:52] Bootstrap tree #34, logLikelihood: -62806.847180
[05:57:34] Bootstrap tree #35, logLikelihood: -63210.985888
[06:09:42] Bootstrap tree #36, logLikelihood: -63546.700074
[06:18:55] Bootstrap tree #37, logLikelihood: -62960.007673
[06:28:53] Bootstrap tree #38, logLikelihood: -62619.133547
[06:38:34] Bootstrap tree #39, logLikelihood: -63219.985040
[06:48:59] Bootstrap tree #40, logLikelihood: -63114.665698
[07:00:24] Bootstrap tree #41, logLikelihood: -62730.917057
[07:13:47] Bootstrap tree #42, logLikelihood: -63300.737220
[07:26:18] Bootstrap tree #43, logLikelihood: -64354.679935
[07:35:44] Bootstrap tree #44, logLikelihood: -62743.689643
[07:49:23] Bootstrap tree #45, logLikelihood: -64307.279512
[08:01:44] Bootstrap tree #46, logLikelihood: -63051.049574
[08:11:41] Bootstrap tree #47, logLikelihood: -63710.937010
[08:21:32] Bootstrap tree #48, logLikelihood: -64030.990726
[08:33:59] Bootstrap tree #49, logLikelihood: -63203.389714
[08:43:54] Bootstrap tree #50, logLikelihood: -62487.019637
[08:53:28] Bootstrap tree #51, logLikelihood: -63527.587788
[09:03:42] Bootstrap tree #52, logLikelihood: -63490.667917
[09:13:33] Bootstrap tree #53, logLikelihood: -62649.731965
[09:25:18] Bootstrap tree #54, logLikelihood: -63334.490234
[09:34:47] Bootstrap tree #55, logLikelihood: -63099.129929
[09:43:22] Bootstrap tree #56, logLikelihood: -63112.395750
[09:53:42] Bootstrap tree #57, logLikelihood: -63262.605976
[10:04:29] Bootstrap tree #58, logLikelihood: -63537.463817
[10:16:30] Bootstrap tree #59, logLikelihood: -63006.559171
[10:24:55] Bootstrap tree #60, logLikelihood: -63550.918496
[10:34:12] Bootstrap tree #61, logLikelihood: -62556.482386
[10:49:15] Bootstrap tree #62, logLikelihood: -63225.610583
[10:58:02] Bootstrap tree #63, logLikelihood: -63345.015719
[11:08:26] Bootstrap tree #64, logLikelihood: -63107.852245
[11:18:44] Bootstrap tree #65, logLikelihood: -63991.379973
[11:28:18] Bootstrap tree #66, logLikelihood: -63428.057248
[11:42:00] Bootstrap tree #67, logLikelihood: -62841.829672
[11:50:42] Bootstrap tree #68, logLikelihood: -63224.212502
[12:02:21] Bootstrap tree #69, logLikelihood: -63040.620076
[12:17:09] Bootstrap tree #70, logLikelihood: -63039.091926
[12:30:16] Bootstrap tree #71, logLikelihood: -62790.296448
[12:40:06] Bootstrap tree #72, logLikelihood: -63053.081352
[12:49:31] Bootstrap tree #73, logLikelihood: -63685.688429
[13:04:31] Bootstrap tree #74, logLikelihood: -63516.330341
[13:14:14] Bootstrap tree #75, logLikelihood: -62923.199947
[13:23:44] Bootstrap tree #76, logLikelihood: -62961.423464
[13:45:29] Bootstrap tree #77, logLikelihood: -64115.777893
[13:54:32] Bootstrap tree #78, logLikelihood: -63101.492928
[14:05:07] Bootstrap tree #79, logLikelihood: -62939.480286
[14:13:53] Bootstrap tree #80, logLikelihood: -63302.436933
[14:24:57] Bootstrap tree #81, logLikelihood: -63005.829336
[14:34:39] Bootstrap tree #82, logLikelihood: -63539.408902
[14:44:05] Bootstrap tree #83, logLikelihood: -64559.678566
[14:52:54] Bootstrap tree #84, logLikelihood: -62766.364076

Bootstrap trees saved to: /home/hikoyu/analysis/Genome/SARS-CoV-2/phylogeny/RAxML-NG/DNA/part/uni/SARS-CoV-2_200414.3.raxml.bootstraps

Execution log saved to: /home/hikoyu/analysis/Genome/SARS-CoV-2/phylogeny/RAxML-NG/DNA/part/uni/SARS-CoV-2_200414.3.raxml.log

Analysis started: 18-Apr-2020 03:59:06 / finished: 18-Apr-2020 18:52:01

Elapsed time: 53574.893 seconds

