
RAxML-NG v. 0.9.0 released on 20.05.2019 by The Exelixis Lab.
Developed by: Alexey M. Kozlov and Alexandros Stamatakis.
Contributors: Diego Darriba, Tomas Flouri, Benoit Morel, Sarah Lutteropp, Ben Bettisworth.
Latest version: https://github.com/amkozlov/raxml-ng
Questions/problems/suggestions? Please visit: https://groups.google.com/forum/#!forum/raxml

RAxML-NG was called at 01-Apr-2020 06:09:57 as follows:

raxml-ng --threads 1 --search --tree rand{8},pars{8} --seed 3401808148 --prefix phylogeny/RAxML-NG/DNA/part/uni/SARS-CoV-2_200331.6 --msa phylogeny/RAxML-NG/DNA/part/uni/SARS-CoV-2_200331.raxml.rba --outgroup MG772933.1

Analysis options:
  run mode: ML tree search
  start tree(s): random (8) + parsimony (8)
  random seed: 3401808148
  tip-inner: OFF
  pattern compression: ON
  per-rate scalers: OFF
  site repeats: ON
  fast spr radius: AUTO
  spr subtree cutoff: 1.000000
  branch lengths: proportional (ML estimate, algorithm: NR-FAST)
  SIMD kernels: AVX2
  parallelization: NONE/sequential

[00:00:00] Loading binary alignment from file: phylogeny/RAxML-NG/DNA/part/uni/SARS-CoV-2_200331.raxml.rba
[00:00:00] Alignment comprises 117 taxa, 11 partitions and 520 patterns

Partition 0: orf1ab_U
Model: TIM3+I+G4m+B
Alignment sites / patterns: 13215 / 160
Gaps: 0.10 %
Invariant sites: 88.40 %

Partition 1: orf1ab_D
Model: TN93+FO+I+G4m+B
Alignment sites / patterns: 8091 / 90
Gaps: 0.04 %
Invariant sites: 84.54 %

Partition 2: S
Model: TIM2+G4m+B
Alignment sites / patterns: 3822 / 89
Gaps: 0.03 %
Invariant sites: 74.49 %

Partition 3: ORF3a
Model: TPM2uf+FO+I+G4m+B
Alignment sites / patterns: 828 / 33
Gaps: 0.00 %
Invariant sites: 85.51 %

Partition 4: E
Model: JC+B
Alignment sites / patterns: 228 / 7
Gaps: 0.00 %
Invariant sites: 98.25 %

Partition 5: M
Model: K80+I+B
Alignment sites / patterns: 669 / 34
Gaps: 0.00 %
Invariant sites: 90.73 %

Partition 6: ORF6
Model: TN93+FO+B
Alignment sites / patterns: 186 / 15
Gaps: 0.00 %
Invariant sites: 91.40 %

Partition 7: ORF7a
Model: HKY+FO+I+B
Alignment sites / patterns: 366 / 21
Gaps: 0.00 %
Invariant sites: 87.16 %

Partition 8: ORF8
Model: TN93+FO+I+G4m+B
Alignment sites / patterns: 366 / 24
Gaps: 0.00 %
Invariant sites: 86.07 %

Partition 9: N
Model: HKY+FO+I+B
Alignment sites / patterns: 1260 / 40
Gaps: 0.00 %
Invariant sites: 88.97 %

Partition 10: ORF10
Model: JC+B
Alignment sites / patterns: 117 / 7
Gaps: 0.00 %
Invariant sites: 97.44 %


[00:00:00] Generating 8 random starting tree(s) with 117 taxa
[00:00:00] Generating 8 parsimony starting tree(s) with 117 taxa
[00:00:00] Data distribution: max. partitions/sites/weight per thread: 11 / 520 / 6832

Starting ML tree search with 16 distinct starting trees

[00:00:00 -144387.307594] Initial branch length optimization
[00:00:00 -64944.389064] Model parameter optimization (eps = 10.000000)
[00:00:04 -62430.901284] AUTODETECT spr round 1 (radius: 5)
[00:00:06 -61515.518347] AUTODETECT spr round 2 (radius: 10)
[00:00:08 -61039.213394] AUTODETECT spr round 3 (radius: 15)
[00:00:11 -60832.692065] AUTODETECT spr round 4 (radius: 20)
[00:00:14 -60827.159083] AUTODETECT spr round 5 (radius: 25)
[00:00:15 -60827.159080] SPR radius for FAST iterations: 20 (autodetect)
[00:00:15 -60827.159080] Model parameter optimization (eps = 3.000000)
[00:00:19 -60753.835637] FAST spr round 1 (radius: 20)
[00:00:26 -60497.990119] FAST spr round 2 (radius: 20)
[00:00:33 -60497.612644] FAST spr round 3 (radius: 20)
[00:00:37 -60497.606442] Model parameter optimization (eps = 1.000000)
[00:00:43 -60457.398593] SLOW spr round 1 (radius: 5)
[00:00:48 -60457.385502] SLOW spr round 2 (radius: 10)
[00:00:54 -60457.353779] SLOW spr round 3 (radius: 15)
[00:00:59 -60457.349251] SLOW spr round 4 (radius: 20)
[00:01:03 -60457.349243] SLOW spr round 5 (radius: 25)
[00:01:08 -60457.349243] Model parameter optimization (eps = 0.100000)

[00:01:10] ML tree search #1, logLikelihood: -60456.481900

[00:01:10 -144380.264930] Initial branch length optimization
[00:01:10 -64911.476946] Model parameter optimization (eps = 10.000000)
[00:01:15 -62384.243268] AUTODETECT spr round 1 (radius: 5)
[00:01:16 -61417.812556] AUTODETECT spr round 2 (radius: 10)
[00:01:19 -60868.430984] AUTODETECT spr round 3 (radius: 15)
[00:01:21 -60783.227368] AUTODETECT spr round 4 (radius: 20)
[00:01:24 -60751.665674] AUTODETECT spr round 5 (radius: 25)
[00:01:26 -60751.662346] SPR radius for FAST iterations: 20 (autodetect)
[00:01:26 -60751.662346] Model parameter optimization (eps = 3.000000)
[00:01:30 -60687.312619] FAST spr round 1 (radius: 20)
[00:01:37 -60498.763482] FAST spr round 2 (radius: 20)
[00:01:42 -60498.197370] FAST spr round 3 (radius: 20)
[00:01:46 -60498.190953] Model parameter optimization (eps = 1.000000)
[00:01:52 -60457.520017] SLOW spr round 1 (radius: 5)
[00:01:57 -60457.507327] SLOW spr round 2 (radius: 10)
[00:02:03 -60457.493168] SLOW spr round 3 (radius: 15)
[00:02:08 -60457.300662] SLOW spr round 4 (radius: 5)
[00:02:14 -60457.296663] SLOW spr round 5 (radius: 10)
[00:02:20 -60457.296659] SLOW spr round 6 (radius: 15)
[00:02:25 -60457.296659] SLOW spr round 7 (radius: 20)
[00:02:30 -60457.296659] SLOW spr round 8 (radius: 25)
[00:02:35 -60457.296659] Model parameter optimization (eps = 0.100000)

[00:02:37] ML tree search #2, logLikelihood: -60456.263860

[00:02:37 -144347.485310] Initial branch length optimization
[00:02:38 -64793.610690] Model parameter optimization (eps = 10.000000)
[00:02:42 -62333.206562] AUTODETECT spr round 1 (radius: 5)
[00:02:44 -61384.536430] AUTODETECT spr round 2 (radius: 10)
[00:02:47 -60894.018062] AUTODETECT spr round 3 (radius: 15)
[00:02:50 -60756.199114] AUTODETECT spr round 4 (radius: 20)
[00:02:53 -60740.888634] AUTODETECT spr round 5 (radius: 25)
[00:02:56 -60687.494652] SPR radius for FAST iterations: 25 (autodetect)
[00:02:56 -60687.494652] Model parameter optimization (eps = 3.000000)
[00:03:01 -60584.317190] FAST spr round 1 (radius: 25)
[00:03:09 -60463.874937] FAST spr round 2 (radius: 25)
[00:03:14 -60463.856429] Model parameter optimization (eps = 1.000000)
[00:03:16 -60457.197325] SLOW spr round 1 (radius: 5)
[00:03:21 -60457.190613] SLOW spr round 2 (radius: 10)
[00:03:27 -60457.190511] SLOW spr round 3 (radius: 15)
[00:03:32 -60457.190511] SLOW spr round 4 (radius: 20)
[00:03:37 -60457.009727] SLOW spr round 5 (radius: 5)
[00:03:44 -60457.006098] SLOW spr round 6 (radius: 10)
[00:03:49 -60457.006096] SLOW spr round 7 (radius: 15)
[00:03:55 -60457.006096] SLOW spr round 8 (radius: 20)
[00:04:00 -60457.006096] SLOW spr round 9 (radius: 25)
[00:04:05 -60457.006096] Model parameter optimization (eps = 0.100000)

[00:04:07] ML tree search #3, logLikelihood: -60456.191573

[00:04:07 -144383.238471] Initial branch length optimization
[00:04:07 -64874.604389] Model parameter optimization (eps = 10.000000)
[00:04:12 -62373.899277] AUTODETECT spr round 1 (radius: 5)
[00:04:13 -61360.231093] AUTODETECT spr round 2 (radius: 10)
[00:04:16 -60845.325999] AUTODETECT spr round 3 (radius: 15)
[00:04:19 -60698.114414] AUTODETECT spr round 4 (radius: 20)
[00:04:22 -60696.168011] AUTODETECT spr round 5 (radius: 25)
[00:04:24 -60696.167597] SPR radius for FAST iterations: 20 (autodetect)
[00:04:24 -60696.167597] Model parameter optimization (eps = 3.000000)
[00:04:29 -60584.812948] FAST spr round 1 (radius: 20)
[00:04:36 -60463.639522] FAST spr round 2 (radius: 20)
[00:04:40 -60463.636299] Model parameter optimization (eps = 1.000000)
[00:04:43 -60456.939489] SLOW spr round 1 (radius: 5)
[00:04:49 -60456.931873] SLOW spr round 2 (radius: 10)
[00:04:55 -60456.931781] SLOW spr round 3 (radius: 15)
[00:04:59 -60456.931780] SLOW spr round 4 (radius: 20)
[00:05:04 -60456.931780] SLOW spr round 5 (radius: 25)
[00:05:10 -60456.931780] Model parameter optimization (eps = 0.100000)

[00:05:12] ML tree search #4, logLikelihood: -60456.309793

[00:05:12 -144375.866510] Initial branch length optimization
[00:05:12 -64830.914713] Model parameter optimization (eps = 10.000000)
[00:05:17 -62358.234699] AUTODETECT spr round 1 (radius: 5)
[00:05:18 -61473.687842] AUTODETECT spr round 2 (radius: 10)
[00:05:21 -60931.512930] AUTODETECT spr round 3 (radius: 15)
[00:05:24 -60834.684977] AUTODETECT spr round 4 (radius: 20)
[00:05:27 -60800.244704] AUTODETECT spr round 5 (radius: 25)
[00:05:29 -60748.323200] SPR radius for FAST iterations: 25 (autodetect)
[00:05:29 -60748.323200] Model parameter optimization (eps = 3.000000)
[00:05:35 -60651.149201] FAST spr round 1 (radius: 25)
[00:05:43 -60467.447447] FAST spr round 2 (radius: 25)
[00:05:47 -60467.444060] Model parameter optimization (eps = 1.000000)
[00:05:50 -60457.391409] SLOW spr round 1 (radius: 5)
[00:05:55 -60457.382850] SLOW spr round 2 (radius: 10)
[00:06:02 -60457.329179] SLOW spr round 3 (radius: 15)
[00:06:06 -60457.166804] SLOW spr round 4 (radius: 5)
[00:06:13 -60457.162957] SLOW spr round 5 (radius: 10)
[00:06:19 -60457.162953] SLOW spr round 6 (radius: 15)
[00:06:24 -60457.162953] SLOW spr round 7 (radius: 20)
[00:06:30 -60457.162953] SLOW spr round 8 (radius: 25)
[00:06:35 -60457.162953] Model parameter optimization (eps = 0.100000)

[00:06:37] ML tree search #5, logLikelihood: -60456.193304

[00:06:37 -144383.300929] Initial branch length optimization
[00:06:38 -64868.519746] Model parameter optimization (eps = 10.000000)
[00:06:42 -62353.076426] AUTODETECT spr round 1 (radius: 5)
[00:06:44 -61477.168872] AUTODETECT spr round 2 (radius: 10)
[00:06:46 -60885.345974] AUTODETECT spr round 3 (radius: 15)
[00:06:49 -60704.432995] AUTODETECT spr round 4 (radius: 20)
[00:06:52 -60702.646972] AUTODETECT spr round 5 (radius: 25)
[00:06:54 -60702.643648] SPR radius for FAST iterations: 20 (autodetect)
[00:06:54 -60702.643648] Model parameter optimization (eps = 3.000000)
[00:07:00 -60596.691136] FAST spr round 1 (radius: 20)
[00:07:07 -60465.017645] FAST spr round 2 (radius: 20)
[00:07:12 -60465.012620] Model parameter optimization (eps = 1.000000)
[00:07:14 -60457.344136] SLOW spr round 1 (radius: 5)
[00:07:19 -60457.334355] SLOW spr round 2 (radius: 10)
[00:07:25 -60457.114160] SLOW spr round 3 (radius: 5)
[00:07:31 -60457.110032] SLOW spr round 4 (radius: 10)
[00:07:37 -60457.110028] SLOW spr round 5 (radius: 15)
[00:07:41 -60457.110028] SLOW spr round 6 (radius: 20)
[00:07:46 -60457.110028] SLOW spr round 7 (radius: 25)
[00:07:50 -60457.110028] Model parameter optimization (eps = 0.100000)

[00:07:53] ML tree search #6, logLikelihood: -60456.302970

[00:07:53 -144401.760886] Initial branch length optimization
[00:07:53 -64953.846524] Model parameter optimization (eps = 10.000000)
[00:07:57 -62422.309355] AUTODETECT spr round 1 (radius: 5)
[00:07:59 -61530.815925] AUTODETECT spr round 2 (radius: 10)
[00:08:01 -61012.218522] AUTODETECT spr round 3 (radius: 15)
[00:08:05 -60763.279662] AUTODETECT spr round 4 (radius: 20)
[00:08:07 -60763.279033] SPR radius for FAST iterations: 15 (autodetect)
[00:08:07 -60763.279033] Model parameter optimization (eps = 3.000000)
[00:08:11 -60695.737226] FAST spr round 1 (radius: 15)
[00:08:17 -60499.433788] FAST spr round 2 (radius: 15)
[00:08:22 -60498.870789] FAST spr round 3 (radius: 15)
[00:08:25 -60498.861506] Model parameter optimization (eps = 1.000000)
[00:08:31 -60457.411148] SLOW spr round 1 (radius: 5)
[00:08:37 -60457.381304] SLOW spr round 2 (radius: 10)
[00:08:42 -60457.376472] SLOW spr round 3 (radius: 15)
[00:08:46 -60457.376457] SLOW spr round 4 (radius: 20)
[00:08:51 -60457.376457] SLOW spr round 5 (radius: 25)
[00:08:57 -60457.376457] Model parameter optimization (eps = 0.100000)

[00:08:59] ML tree search #7, logLikelihood: -60456.541729

[00:08:59 -144406.397330] Initial branch length optimization
[00:08:59 -64968.725225] Model parameter optimization (eps = 10.000000)
[00:09:04 -62438.430339] AUTODETECT spr round 1 (radius: 5)
[00:09:06 -61394.177184] AUTODETECT spr round 2 (radius: 10)
[00:09:08 -61012.803050] AUTODETECT spr round 3 (radius: 15)
[00:09:10 -60898.942536] AUTODETECT spr round 4 (radius: 20)
[00:09:13 -60849.954270] AUTODETECT spr round 5 (radius: 25)
[00:09:15 -60849.954240] SPR radius for FAST iterations: 20 (autodetect)
[00:09:15 -60849.954240] Model parameter optimization (eps = 3.000000)
[00:09:18 -60789.002281] FAST spr round 1 (radius: 20)
[00:09:25 -60501.459940] FAST spr round 2 (radius: 20)
[00:09:29 -60501.450259] Model parameter optimization (eps = 1.000000)
[00:09:35 -60457.540752] SLOW spr round 1 (radius: 5)
[00:09:41 -60457.509105] SLOW spr round 2 (radius: 10)
[00:09:46 -60457.327363] SLOW spr round 3 (radius: 5)
[00:09:52 -60457.323319] SLOW spr round 4 (radius: 10)
[00:09:57 -60457.323314] SLOW spr round 5 (radius: 15)
[00:10:01 -60457.323314] SLOW spr round 6 (radius: 20)
[00:10:07 -60457.323314] SLOW spr round 7 (radius: 25)
[00:10:12 -60457.323314] Model parameter optimization (eps = 0.100000)

[00:10:14] ML tree search #8, logLikelihood: -60456.226333

[00:10:14 -140938.670099] Initial branch length optimization
[00:10:15 -62155.227658] Model parameter optimization (eps = 10.000000)
[00:10:17 -60469.187267] AUTODETECT spr round 1 (radius: 5)
[00:10:19 -60464.886611] AUTODETECT spr round 2 (radius: 10)
[00:10:21 -60464.677753] AUTODETECT spr round 3 (radius: 15)
[00:10:23 -60464.677514] SPR radius for FAST iterations: 10 (autodetect)
[00:10:23 -60464.677514] Model parameter optimization (eps = 3.000000)
[00:10:25 -60459.452440] FAST spr round 1 (radius: 10)
[00:10:29 -60459.424930] Model parameter optimization (eps = 1.000000)
[00:10:30 -60457.672773] SLOW spr round 1 (radius: 5)
[00:10:36 -60457.650536] SLOW spr round 2 (radius: 10)
[00:10:42 -60457.649640] SLOW spr round 3 (radius: 15)
[00:10:47 -60457.635084] SLOW spr round 4 (radius: 20)
[00:10:51 -60457.635084] SLOW spr round 5 (radius: 25)
[00:10:57 -60457.635084] Model parameter optimization (eps = 0.100000)

[00:11:00] ML tree search #9, logLikelihood: -60456.581679

[00:11:00 -140939.396920] Initial branch length optimization
[00:11:01 -62153.429031] Model parameter optimization (eps = 10.000000)
[00:11:04 -60465.355024] AUTODETECT spr round 1 (radius: 5)
[00:11:05 -60464.377860] AUTODETECT spr round 2 (radius: 10)
[00:11:08 -60462.388979] AUTODETECT spr round 3 (radius: 15)
[00:11:11 -60462.144016] AUTODETECT spr round 4 (radius: 20)
[00:11:13 -60462.144001] SPR radius for FAST iterations: 15 (autodetect)
[00:11:13 -60462.144001] Model parameter optimization (eps = 3.000000)
[00:11:14 -60459.873543] FAST spr round 1 (radius: 15)
[00:11:19 -60459.854917] Model parameter optimization (eps = 1.000000)
[00:11:20 -60457.830910] SLOW spr round 1 (radius: 5)
[00:11:26 -60457.815013] SLOW spr round 2 (radius: 10)
[00:11:32 -60457.809681] SLOW spr round 3 (radius: 15)
[00:11:37 -60457.809665] SLOW spr round 4 (radius: 20)
[00:11:41 -60457.809665] SLOW spr round 5 (radius: 25)
[00:11:47 -60457.809665] Model parameter optimization (eps = 0.100000)

[00:11:50] ML tree search #10, logLikelihood: -60456.611411

[00:11:50 -140941.213048] Initial branch length optimization
[00:11:50 -62160.689519] Model parameter optimization (eps = 10.000000)
[00:11:52 -60474.511066] AUTODETECT spr round 1 (radius: 5)
[00:11:54 -60464.757572] AUTODETECT spr round 2 (radius: 10)
[00:11:56 -60464.543482] AUTODETECT spr round 3 (radius: 15)
[00:11:59 -60464.542070] SPR radius for FAST iterations: 10 (autodetect)
[00:11:59 -60464.542070] Model parameter optimization (eps = 3.000000)
[00:12:01 -60459.414494] FAST spr round 1 (radius: 10)
[00:12:05 -60459.378709] Model parameter optimization (eps = 1.000000)
[00:12:06 -60457.655450] SLOW spr round 1 (radius: 5)
[00:12:12 -60457.635710] SLOW spr round 2 (radius: 10)
[00:12:19 -60457.631394] SLOW spr round 3 (radius: 15)
[00:12:24 -60457.631392] SLOW spr round 4 (radius: 20)
[00:12:29 -60457.631392] SLOW spr round 5 (radius: 25)
[00:12:34 -60457.631392] Model parameter optimization (eps = 0.100000)

[00:12:37] ML tree search #11, logLikelihood: -60456.578129

[00:12:37 -140937.874472] Initial branch length optimization
[00:12:37 -62164.835412] Model parameter optimization (eps = 10.000000)
[00:12:40 -60476.936171] AUTODETECT spr round 1 (radius: 5)
[00:12:41 -60464.506142] AUTODETECT spr round 2 (radius: 10)
[00:12:43 -60464.502698] SPR radius for FAST iterations: 5 (autodetect)
[00:12:43 -60464.502698] Model parameter optimization (eps = 3.000000)
[00:12:45 -60459.482237] FAST spr round 1 (radius: 5)
[00:12:47 -60459.455402] Model parameter optimization (eps = 1.000000)
[00:12:48 -60457.732762] SLOW spr round 1 (radius: 5)
[00:12:54 -60457.709619] SLOW spr round 2 (radius: 10)
[00:13:00 -60457.708791] SLOW spr round 3 (radius: 15)
[00:13:05 -60457.694114] SLOW spr round 4 (radius: 20)
[00:13:11 -60457.694114] SLOW spr round 5 (radius: 25)
[00:13:16 -60457.694114] Model parameter optimization (eps = 0.100000)

[00:13:19] ML tree search #12, logLikelihood: -60456.601172

[00:13:19 -140936.450498] Initial branch length optimization
[00:13:19 -62150.477915] Model parameter optimization (eps = 10.000000)
[00:13:22 -60465.898328] AUTODETECT spr round 1 (radius: 5)
[00:13:23 -60464.976791] AUTODETECT spr round 2 (radius: 10)
[00:13:26 -60464.768897] AUTODETECT spr round 3 (radius: 15)
[00:13:28 -60464.767621] SPR radius for FAST iterations: 10 (autodetect)
[00:13:28 -60464.767621] Model parameter optimization (eps = 3.000000)
[00:13:29 -60459.498105] FAST spr round 1 (radius: 10)
[00:13:33 -60459.458565] Model parameter optimization (eps = 1.000000)
[00:13:34 -60457.679472] SLOW spr round 1 (radius: 5)
[00:13:39 -60457.657398] SLOW spr round 2 (radius: 10)
[00:13:45 -60457.655821] SLOW spr round 3 (radius: 15)
[00:13:50 -60457.655821] SLOW spr round 4 (radius: 20)
[00:13:55 -60457.655821] SLOW spr round 5 (radius: 25)
[00:14:01 -60457.655821] Model parameter optimization (eps = 0.100000)

[00:14:04] ML tree search #13, logLikelihood: -60456.584909

[00:14:04 -140937.576428] Initial branch length optimization
[00:14:04 -62165.060221] Model parameter optimization (eps = 10.000000)
[00:14:06 -60477.601721] AUTODETECT spr round 1 (radius: 5)
[00:14:08 -60467.057127] AUTODETECT spr round 2 (radius: 10)
[00:14:10 -60467.052816] SPR radius for FAST iterations: 5 (autodetect)
[00:14:10 -60467.052816] Model parameter optimization (eps = 3.000000)
[00:14:12 -60462.160313] FAST spr round 1 (radius: 5)
[00:14:14 -60460.712856] FAST spr round 2 (radius: 5)
[00:14:16 -60460.035146] FAST spr round 3 (radius: 5)
[00:14:18 -60460.030508] Model parameter optimization (eps = 1.000000)
[00:14:19 -60458.175884] SLOW spr round 1 (radius: 5)
[00:14:24 -60458.164320] SLOW spr round 2 (radius: 10)
[00:14:29 -60458.159960] SLOW spr round 3 (radius: 15)
[00:14:34 -60457.856343] SLOW spr round 4 (radius: 5)
[00:14:40 -60457.852737] SLOW spr round 5 (radius: 10)
[00:14:46 -60457.852735] SLOW spr round 6 (radius: 15)
[00:14:51 -60457.852735] SLOW spr round 7 (radius: 20)
[00:14:56 -60457.852735] SLOW spr round 8 (radius: 25)
[00:15:01 -60457.852735] Model parameter optimization (eps = 0.100000)

[00:15:04] ML tree search #14, logLikelihood: -60456.565634

[00:15:04 -140932.572400] Initial branch length optimization
[00:15:04 -62157.363418] Model parameter optimization (eps = 10.000000)
[00:15:06 -60470.310644] AUTODETECT spr round 1 (radius: 5)
[00:15:08 -60467.956966] AUTODETECT spr round 2 (radius: 10)
[00:15:10 -60465.079348] AUTODETECT spr round 3 (radius: 15)
[00:15:13 -60465.078520] SPR radius for FAST iterations: 10 (autodetect)
[00:15:13 -60465.078520] Model parameter optimization (eps = 3.000000)
[00:15:14 -60459.975637] FAST spr round 1 (radius: 10)
[00:15:18 -60459.927624] Model parameter optimization (eps = 1.000000)
[00:15:19 -60458.137129] SLOW spr round 1 (radius: 5)
[00:15:26 -60458.120931] SLOW spr round 2 (radius: 10)
[00:15:32 -60457.815305] SLOW spr round 3 (radius: 5)
[00:15:38 -60457.809888] SLOW spr round 4 (radius: 10)
[00:15:44 -60457.809873] SLOW spr round 5 (radius: 15)
[00:15:48 -60457.809873] SLOW spr round 6 (radius: 20)
[00:15:52 -60457.809873] SLOW spr round 7 (radius: 25)
[00:15:57 -60457.809873] Model parameter optimization (eps = 0.100000)

[00:16:00] ML tree search #15, logLikelihood: -60456.566232

[00:16:00 -140936.861434] Initial branch length optimization
[00:16:00 -62168.987495] Model parameter optimization (eps = 10.000000)
[00:16:03 -60475.367868] AUTODETECT spr round 1 (radius: 5)
[00:16:05 -60463.778701] AUTODETECT spr round 2 (radius: 10)
[00:16:07 -60463.269474] AUTODETECT spr round 3 (radius: 15)
[00:16:10 -60463.269473] SPR radius for FAST iterations: 10 (autodetect)
[00:16:10 -60463.269473] Model parameter optimization (eps = 3.000000)
[00:16:10 -60461.001225] FAST spr round 1 (radius: 10)
[00:16:14 -60460.988851] Model parameter optimization (eps = 1.000000)
[00:16:15 -60458.856940] SLOW spr round 1 (radius: 5)
[00:16:22 -60458.837703] SLOW spr round 2 (radius: 10)
[00:16:28 -60458.836434] SLOW spr round 3 (radius: 15)
[00:16:33 -60458.836434] SLOW spr round 4 (radius: 20)
[00:16:39 -60458.836434] SLOW spr round 5 (radius: 25)
[00:16:44 -60458.836434] Model parameter optimization (eps = 0.100000)

[00:16:48] ML tree search #16, logLikelihood: -60457.415771



Final LogLikelihood: -60456.191573

AIC score: 121488.383146 / AICc score: 121494.151329 / BIC score: 123873.063921
Free parameters (model + branch lengths): 288

Best ML tree saved to: /home/hikoyu/analysis/Genome/SARS-CoV-2/phylogeny/RAxML-NG/DNA/part/uni/SARS-CoV-2_200331.6.raxml.bestTree
All ML trees saved to: /home/hikoyu/analysis/Genome/SARS-CoV-2/phylogeny/RAxML-NG/DNA/part/uni/SARS-CoV-2_200331.6.raxml.mlTrees
Optimized model saved to: /home/hikoyu/analysis/Genome/SARS-CoV-2/phylogeny/RAxML-NG/DNA/part/uni/SARS-CoV-2_200331.6.raxml.bestModel

Execution log saved to: /home/hikoyu/analysis/Genome/SARS-CoV-2/phylogeny/RAxML-NG/DNA/part/uni/SARS-CoV-2_200331.6.raxml.log

Analysis started: 01-Apr-2020 06:09:57 / finished: 01-Apr-2020 06:26:46

Elapsed time: 1008.763 seconds

