
RAxML-NG v. 0.9.0 released on 20.05.2019 by The Exelixis Lab.
Developed by: Alexey M. Kozlov and Alexandros Stamatakis.
Contributors: Diego Darriba, Tomas Flouri, Benoit Morel, Sarah Lutteropp, Ben Bettisworth.
Latest version: https://github.com/amkozlov/raxml-ng
Questions/problems/suggestions? Please visit: https://groups.google.com/forum/#!forum/raxml

RAxML-NG was called at 18-Apr-2020 03:59:06 as follows:

raxml-ng --threads 1 --bootstrap --bs-trees 84 --seed 3792405230 --prefix phylogeny/RAxML-NG/DNA/part/uni/SARS-CoV-2_200414.0 --msa phylogeny/RAxML-NG/DNA/part/uni/SARS-CoV-2_200414.raxml.rba --outgroup MG772933.1

Analysis options:
  run mode: Bootstrapping
  start tree(s): 
  bootstrap replicates: 84
  random seed: 3792405230
  tip-inner: OFF
  pattern compression: ON
  per-rate scalers: OFF
  site repeats: ON
  branch lengths: proportional (ML estimate, algorithm: NR-FAST)
  SIMD kernels: AVX2
  parallelization: NONE/sequential

[00:00:00] Loading binary alignment from file: phylogeny/RAxML-NG/DNA/part/uni/SARS-CoV-2_200414.raxml.rba
[00:00:00] Alignment comprises 376 taxa, 11 partitions and 780 patterns

Partition 0: orf1ab_U
Model: TIM3+I+G4m+B
Alignment sites / patterns: 13212 / 266
Gaps: 0.07 %
Invariant sites: 87.93 %

Partition 1: orf1ab_D
Model: TIM2+I+G4m+B
Alignment sites / patterns: 8097 / 151
Gaps: 0.11 %
Invariant sites: 84.14 %

Partition 2: S
Model: TIM3+I+G4m+B
Alignment sites / patterns: 3822 / 126
Gaps: 0.01 %
Invariant sites: 74.15 %

Partition 3: ORF3a
Model: TVM+FO+I+G4m+B
Alignment sites / patterns: 828 / 48
Gaps: 0.00 %
Invariant sites: 84.54 %

Partition 4: E
Model: JC+B
Alignment sites / patterns: 228 / 10
Gaps: 0.00 %
Invariant sites: 96.93 %

Partition 5: M
Model: K80+I+G4m+B
Alignment sites / patterns: 669 / 37
Gaps: 0.00 %
Invariant sites: 90.28 %

Partition 6: ORF6
Model: TN93+FO+I+G4m+B
Alignment sites / patterns: 186 / 16
Gaps: 0.00 %
Invariant sites: 90.86 %

Partition 7: ORF7a
Model: HKY+FO+I+B
Alignment sites / patterns: 366 / 26
Gaps: 0.00 %
Invariant sites: 85.79 %

Partition 8: ORF8
Model: TIM3+I+G4m+B
Alignment sites / patterns: 366 / 30
Gaps: 0.00 %
Invariant sites: 85.25 %

Partition 9: N
Model: HKY+FO+I+G4m+B
Alignment sites / patterns: 1260 / 61
Gaps: 0.00 %
Invariant sites: 87.54 %

Partition 10: ORF10
Model: JC+B
Alignment sites / patterns: 117 / 9
Gaps: 0.00 %
Invariant sites: 95.73 %


[00:00:00] Data distribution: max. partitions/sites/weight per thread: 11 / 780 / 11940
[00:00:00] Starting bootstrapping analysis with 84 replicates.

[00:14:40] Bootstrap tree #1, logLikelihood: -63350.100531
[00:29:07] Bootstrap tree #2, logLikelihood: -62204.194911
[00:38:27] Bootstrap tree #3, logLikelihood: -63130.303348
[00:47:24] Bootstrap tree #4, logLikelihood: -63013.428862
[00:56:24] Bootstrap tree #5, logLikelihood: -62536.116252
[01:07:17] Bootstrap tree #6, logLikelihood: -62836.571987
[01:16:59] Bootstrap tree #7, logLikelihood: -62764.764988
[01:26:21] Bootstrap tree #8, logLikelihood: -62267.497404
[01:36:41] Bootstrap tree #9, logLikelihood: -62942.208471
[01:50:04] Bootstrap tree #10, logLikelihood: -63437.478883
[02:08:33] Bootstrap tree #11, logLikelihood: -64066.315464
[02:19:52] Bootstrap tree #12, logLikelihood: -62724.680889
[02:28:58] Bootstrap tree #13, logLikelihood: -63190.650974
[02:37:51] Bootstrap tree #14, logLikelihood: -62703.717354
[02:48:43] Bootstrap tree #15, logLikelihood: -63287.787709
[02:59:02] Bootstrap tree #16, logLikelihood: -63820.782753
[03:08:12] Bootstrap tree #17, logLikelihood: -63329.610445
[03:20:54] Bootstrap tree #18, logLikelihood: -62449.234742
[03:31:57] Bootstrap tree #19, logLikelihood: -63014.762803
[03:42:02] Bootstrap tree #20, logLikelihood: -62944.859810
[03:51:33] Bootstrap tree #21, logLikelihood: -63204.553567
[04:00:47] Bootstrap tree #22, logLikelihood: -62697.898858
[04:11:49] Bootstrap tree #23, logLikelihood: -62742.657169
[04:24:00] Bootstrap tree #24, logLikelihood: -63272.710044
[04:33:20] Bootstrap tree #25, logLikelihood: -63156.065729
[04:46:45] Bootstrap tree #26, logLikelihood: -62821.280624
[04:56:29] Bootstrap tree #27, logLikelihood: -62912.526425
[05:06:04] Bootstrap tree #28, logLikelihood: -64148.689648
[05:15:30] Bootstrap tree #29, logLikelihood: -63241.365892
[05:25:03] Bootstrap tree #30, logLikelihood: -63640.612530
[05:35:12] Bootstrap tree #31, logLikelihood: -63058.286163
[05:43:47] Bootstrap tree #32, logLikelihood: -63169.638539
[05:54:19] Bootstrap tree #33, logLikelihood: -63497.912692
[06:03:39] Bootstrap tree #34, logLikelihood: -63454.912481
[06:15:31] Bootstrap tree #35, logLikelihood: -62799.280484
[06:24:30] Bootstrap tree #36, logLikelihood: -63589.342494
[06:37:55] Bootstrap tree #37, logLikelihood: -64436.387504
[06:46:33] Bootstrap tree #38, logLikelihood: -63312.976794
[06:57:31] Bootstrap tree #39, logLikelihood: -64088.076835
[07:07:13] Bootstrap tree #40, logLikelihood: -63193.634885
[07:16:44] Bootstrap tree #41, logLikelihood: -63344.856430
[07:26:43] Bootstrap tree #42, logLikelihood: -62648.388988
[07:38:56] Bootstrap tree #43, logLikelihood: -63402.203511
[07:49:48] Bootstrap tree #44, logLikelihood: -63466.422658
[08:04:14] Bootstrap tree #45, logLikelihood: -62965.219673
[08:16:43] Bootstrap tree #46, logLikelihood: -63089.782045
[08:26:49] Bootstrap tree #47, logLikelihood: -63064.611840
[08:39:32] Bootstrap tree #48, logLikelihood: -62933.684214
[08:49:38] Bootstrap tree #49, logLikelihood: -62525.496968
[08:59:53] Bootstrap tree #50, logLikelihood: -62681.374710
[09:09:02] Bootstrap tree #51, logLikelihood: -62535.768352
[09:18:52] Bootstrap tree #52, logLikelihood: -63463.572965
[09:28:49] Bootstrap tree #53, logLikelihood: -63281.555841
[09:38:33] Bootstrap tree #54, logLikelihood: -63347.647194
[09:50:37] Bootstrap tree #55, logLikelihood: -63245.952946
[10:01:03] Bootstrap tree #56, logLikelihood: -63769.649032
[10:14:17] Bootstrap tree #57, logLikelihood: -62963.908270
[10:24:07] Bootstrap tree #58, logLikelihood: -63617.261847
[10:39:44] Bootstrap tree #59, logLikelihood: -63270.176419
[10:48:14] Bootstrap tree #60, logLikelihood: -63034.056486
[10:58:15] Bootstrap tree #61, logLikelihood: -62706.897809
[11:16:30] Bootstrap tree #62, logLikelihood: -63424.063464
[11:26:34] Bootstrap tree #63, logLikelihood: -63594.834678
[11:38:26] Bootstrap tree #64, logLikelihood: -62549.209325
[11:48:35] Bootstrap tree #65, logLikelihood: -65269.851736
[11:58:43] Bootstrap tree #66, logLikelihood: -63289.989180
[12:07:54] Bootstrap tree #67, logLikelihood: -62663.901343
[12:16:55] Bootstrap tree #68, logLikelihood: -63400.474385
[12:26:23] Bootstrap tree #69, logLikelihood: -63492.300700
[12:35:27] Bootstrap tree #70, logLikelihood: -63037.314712
[12:48:42] Bootstrap tree #71, logLikelihood: -62982.070017
[12:58:39] Bootstrap tree #72, logLikelihood: -63344.929629
[13:09:04] Bootstrap tree #73, logLikelihood: -63275.943621
[13:18:23] Bootstrap tree #74, logLikelihood: -63141.032404
[13:28:02] Bootstrap tree #75, logLikelihood: -63334.086613
[13:36:28] Bootstrap tree #76, logLikelihood: -63602.903179
[13:46:12] Bootstrap tree #77, logLikelihood: -63282.064647
[13:55:15] Bootstrap tree #78, logLikelihood: -63601.550486
[14:11:55] Bootstrap tree #79, logLikelihood: -62894.251636
[14:21:40] Bootstrap tree #80, logLikelihood: -63908.452011
[14:30:28] Bootstrap tree #81, logLikelihood: -62790.734268
[14:40:36] Bootstrap tree #82, logLikelihood: -62993.576460
[14:53:53] Bootstrap tree #83, logLikelihood: -63599.164154
[15:03:38] Bootstrap tree #84, logLikelihood: -63471.317181

Bootstrap trees saved to: /home/hikoyu/analysis/Genome/SARS-CoV-2/phylogeny/RAxML-NG/DNA/part/uni/SARS-CoV-2_200414.0.raxml.bootstraps

Execution log saved to: /home/hikoyu/analysis/Genome/SARS-CoV-2/phylogeny/RAxML-NG/DNA/part/uni/SARS-CoV-2_200414.0.raxml.log

Analysis started: 18-Apr-2020 03:59:06 / finished: 18-Apr-2020 19:02:45

Elapsed time: 54218.890 seconds

