
RAxML-NG v. 0.9.0 released on 20.05.2019 by The Exelixis Lab.
Developed by: Alexey M. Kozlov and Alexandros Stamatakis.
Contributors: Diego Darriba, Tomas Flouri, Benoit Morel, Sarah Lutteropp, Ben Bettisworth.
Latest version: https://github.com/amkozlov/raxml-ng
Questions/problems/suggestions? Please visit: https://groups.google.com/forum/#!forum/raxml

RAxML-NG was called at 11-Mar-2020 03:10:51 as follows:

raxml-ng --threads 1 --search --tree rand{9},pars{9} --seed 1920784158 --prefix phylogeny/RAxML-NG/DNA/part/uni/SARS-CoV-2_200311.0 --msa phylogeny/RAxML-NG/DNA/part/uni/SARS-CoV-2_200311.raxml.rba --outgroup MG772933.1

Analysis options:
  run mode: ML tree search
  start tree(s): random (9) + parsimony (9)
  random seed: 1920784158
  tip-inner: OFF
  pattern compression: ON
  per-rate scalers: OFF
  site repeats: ON
  fast spr radius: AUTO
  spr subtree cutoff: 1.000000
  branch lengths: proportional (ML estimate, algorithm: NR-FAST)
  SIMD kernels: AVX2
  parallelization: NONE/sequential

[00:00:00] Loading binary alignment from file: phylogeny/RAxML-NG/DNA/part/uni/SARS-CoV-2_200311.raxml.rba
[00:00:00] Alignment comprises 64 taxa, 11 partitions and 435 patterns

Partition 0: orf1ab_U
Model: TIM2+I+G4m+B
Alignment sites / patterns: 13215 / 117
Gaps: 0.10 %
Invariant sites: 88.75 %

Partition 1: orf1ab_D
Model: TIM2+G4m+B
Alignment sites / patterns: 8088 / 71
Gaps: 0.00 %
Invariant sites: 84.71 %

Partition 2: S
Model: TIM2+I+B
Alignment sites / patterns: 3822 / 81
Gaps: 0.05 %
Invariant sites: 74.57 %

Partition 3: ORF3a
Model: HKY+FO+G4m+B
Alignment sites / patterns: 828 / 30
Gaps: 0.00 %
Invariant sites: 85.63 %

Partition 4: E
Model: JC+B
Alignment sites / patterns: 228 / 7
Gaps: 0.00 %
Invariant sites: 98.25 %

Partition 5: M
Model: K80+I+B
Alignment sites / patterns: 669 / 33
Gaps: 0.01 %
Invariant sites: 90.88 %

Partition 6: ORF6
Model: HKY+FO+B
Alignment sites / patterns: 186 / 11
Gaps: 0.00 %
Invariant sites: 93.55 %

Partition 7: ORF7a
Model: HKY+FO+I+B
Alignment sites / patterns: 366 / 20
Gaps: 0.00 %
Invariant sites: 87.43 %

Partition 8: ORF8
Model: TN93+FO+I+G4m+B
Alignment sites / patterns: 366 / 23
Gaps: 0.00 %
Invariant sites: 86.34 %

Partition 9: N
Model: TN93+FO+I+B
Alignment sites / patterns: 1260 / 35
Gaps: 0.00 %
Invariant sites: 89.37 %

Partition 10: ORF10
Model: JC+B
Alignment sites / patterns: 117 / 7
Gaps: 0.00 %
Invariant sites: 97.44 %


[00:00:00] Generating 9 random starting tree(s) with 64 taxa
[00:00:00] Generating 9 parsimony starting tree(s) with 64 taxa
[00:00:00] Data distribution: max. partitions/sites/weight per thread: 11 / 435 / 4632

Starting ML tree search with 18 distinct starting trees

[00:00:00 -141846.430144] Initial branch length optimization
[00:00:00 -62173.180627] Model parameter optimization (eps = 10.000000)
[00:00:01 -60184.183233] AUTODETECT spr round 1 (radius: 5)
[00:00:02 -59891.711936] AUTODETECT spr round 2 (radius: 10)
[00:00:03 -59744.138198] AUTODETECT spr round 3 (radius: 15)
[00:00:03 -59721.811273] AUTODETECT spr round 4 (radius: 20)
[00:00:04 -59721.811273] SPR radius for FAST iterations: 15 (autodetect)
[00:00:04 -59721.811273] Model parameter optimization (eps = 3.000000)
[00:00:05 -59687.194750] FAST spr round 1 (radius: 15)
[00:00:07 -59591.080511] FAST spr round 2 (radius: 15)
[00:00:09 -59591.071687] Model parameter optimization (eps = 1.000000)
[00:00:11 -59571.522825] SLOW spr round 1 (radius: 5)
[00:00:13 -59571.518541] SLOW spr round 2 (radius: 10)
[00:00:15 -59571.518381] SLOW spr round 3 (radius: 15)
[00:00:17 -59571.518375] SLOW spr round 4 (radius: 20)
[00:00:18 -59571.518375] SLOW spr round 5 (radius: 25)
[00:00:18 -59571.518375] Model parameter optimization (eps = 0.100000)

[00:00:20] ML tree search #1, logLikelihood: -59568.154013

[00:00:20 -141831.202225] Initial branch length optimization
[00:00:20 -62088.844579] Model parameter optimization (eps = 10.000000)
[00:00:22 -60142.489312] AUTODETECT spr round 1 (radius: 5)
[00:00:23 -59898.966486] AUTODETECT spr round 2 (radius: 10)
[00:00:24 -59772.053240] AUTODETECT spr round 3 (radius: 15)
[00:00:24 -59751.609119] AUTODETECT spr round 4 (radius: 20)
[00:00:25 -59751.609118] SPR radius for FAST iterations: 15 (autodetect)
[00:00:25 -59751.609118] Model parameter optimization (eps = 3.000000)
[00:00:26 -59718.440456] FAST spr round 1 (radius: 15)
[00:00:28 -59651.908058] FAST spr round 2 (radius: 15)
[00:00:29 -59595.481689] FAST spr round 3 (radius: 15)
[00:00:31 -59595.474554] Model parameter optimization (eps = 1.000000)
[00:00:33 -59576.837416] SLOW spr round 1 (radius: 5)
[00:00:35 -59576.834545] SLOW spr round 2 (radius: 10)
[00:00:38 -59576.834123] SLOW spr round 3 (radius: 15)
[00:00:40 -59574.194603] SLOW spr round 4 (radius: 5)
[00:00:42 -59573.046702] SLOW spr round 5 (radius: 5)
[00:00:44 -59573.045343] SLOW spr round 6 (radius: 10)
[00:00:47 -59573.045342] SLOW spr round 7 (radius: 15)
[00:00:48 -59573.045342] SLOW spr round 8 (radius: 20)
[00:00:49 -59573.045342] SLOW spr round 9 (radius: 25)
[00:00:50 -59573.045342] Model parameter optimization (eps = 0.100000)

[00:00:53] ML tree search #2, logLikelihood: -59568.155326

[00:00:53 -141851.706344] Initial branch length optimization
[00:00:53 -62189.669148] Model parameter optimization (eps = 10.000000)
[00:00:55 -60191.591511] AUTODETECT spr round 1 (radius: 5)
[00:00:55 -59945.230065] AUTODETECT spr round 2 (radius: 10)
[00:00:56 -59776.889254] AUTODETECT spr round 3 (radius: 15)
[00:00:57 -59746.004880] AUTODETECT spr round 4 (radius: 20)
[00:00:57 -59746.004879] SPR radius for FAST iterations: 15 (autodetect)
[00:00:57 -59746.004879] Model parameter optimization (eps = 3.000000)
[00:00:59 -59710.013720] FAST spr round 1 (radius: 15)
[00:01:01 -59590.937111] FAST spr round 2 (radius: 15)
[00:01:02 -59590.924758] Model parameter optimization (eps = 1.000000)
[00:01:05 -59571.470943] SLOW spr round 1 (radius: 5)
[00:01:07 -59571.466711] SLOW spr round 2 (radius: 10)
[00:01:09 -59571.466266] SLOW spr round 3 (radius: 15)
[00:01:11 -59571.466260] SLOW spr round 4 (radius: 20)
[00:01:12 -59571.466260] SLOW spr round 5 (radius: 25)
[00:01:13 -59571.466260] Model parameter optimization (eps = 0.100000)

[00:01:15] ML tree search #3, logLikelihood: -59568.154740

[00:01:15 -141850.048936] Initial branch length optimization
[00:01:15 -62147.348836] Model parameter optimization (eps = 10.000000)
[00:01:18 -60171.008843] AUTODETECT spr round 1 (radius: 5)
[00:01:18 -59887.954072] AUTODETECT spr round 2 (radius: 10)
[00:01:19 -59731.048590] AUTODETECT spr round 3 (radius: 15)
[00:01:20 -59722.417709] AUTODETECT spr round 4 (radius: 20)
[00:01:20 -59722.417709] SPR radius for FAST iterations: 15 (autodetect)
[00:01:20 -59722.417709] Model parameter optimization (eps = 3.000000)
[00:01:21 -59687.898629] FAST spr round 1 (radius: 15)
[00:01:23 -59592.461560] FAST spr round 2 (radius: 15)
[00:01:25 -59592.453532] Model parameter optimization (eps = 1.000000)
[00:01:27 -59571.764771] SLOW spr round 1 (radius: 5)
[00:01:29 -59571.755738] SLOW spr round 2 (radius: 10)
[00:01:32 -59571.755560] SLOW spr round 3 (radius: 15)
[00:01:33 -59571.755553] SLOW spr round 4 (radius: 20)
[00:01:34 -59571.755553] SLOW spr round 5 (radius: 25)
[00:01:34 -59571.755553] Model parameter optimization (eps = 0.100000)

[00:01:37] ML tree search #4, logLikelihood: -59568.155099

[00:01:37 -141820.236467] Initial branch length optimization
[00:01:37 -62075.056485] Model parameter optimization (eps = 10.000000)
[00:01:39 -60141.329496] AUTODETECT spr round 1 (radius: 5)
[00:01:39 -59934.325453] AUTODETECT spr round 2 (radius: 10)
[00:01:40 -59741.245342] AUTODETECT spr round 3 (radius: 15)
[00:01:41 -59696.163740] AUTODETECT spr round 4 (radius: 20)
[00:01:42 -59696.161301] SPR radius for FAST iterations: 15 (autodetect)
[00:01:42 -59696.161301] Model parameter optimization (eps = 3.000000)
[00:01:43 -59654.415471] FAST spr round 1 (radius: 15)
[00:01:45 -59577.750282] FAST spr round 2 (radius: 15)
[00:01:47 -59577.749191] Model parameter optimization (eps = 1.000000)
[00:01:48 -59571.498324] SLOW spr round 1 (radius: 5)
[00:01:50 -59571.495016] SLOW spr round 2 (radius: 10)
[00:01:52 -59571.494914] SLOW spr round 3 (radius: 15)
[00:01:54 -59571.494910] SLOW spr round 4 (radius: 20)
[00:01:55 -59571.494910] SLOW spr round 5 (radius: 25)
[00:01:56 -59571.494910] Model parameter optimization (eps = 0.100000)

[00:01:59] ML tree search #5, logLikelihood: -59568.151614

[00:01:59 -141847.684338] Initial branch length optimization
[00:01:59 -62138.176722] Model parameter optimization (eps = 10.000000)
[00:02:01 -60166.381153] AUTODETECT spr round 1 (radius: 5)
[00:02:01 -59889.211363] AUTODETECT spr round 2 (radius: 10)
[00:02:02 -59770.935027] AUTODETECT spr round 3 (radius: 15)
[00:02:03 -59710.732139] AUTODETECT spr round 4 (radius: 20)
[00:02:03 -59709.439618] AUTODETECT spr round 5 (radius: 25)
[00:02:04 -59709.437721] SPR radius for FAST iterations: 20 (autodetect)
[00:02:04 -59709.437721] Model parameter optimization (eps = 3.000000)
[00:02:05 -59666.934756] FAST spr round 1 (radius: 20)
[00:02:07 -59578.206782] FAST spr round 2 (radius: 20)
[00:02:09 -59578.205482] Model parameter optimization (eps = 1.000000)
[00:02:10 -59571.792852] SLOW spr round 1 (radius: 5)
[00:02:12 -59571.787987] SLOW spr round 2 (radius: 10)
[00:02:14 -59571.787893] SLOW spr round 3 (radius: 15)
[00:02:16 -59571.787891] SLOW spr round 4 (radius: 20)
[00:02:17 -59571.787890] SLOW spr round 5 (radius: 25)
[00:02:18 -59571.787890] Model parameter optimization (eps = 0.100000)

[00:02:21] ML tree search #6, logLikelihood: -59568.153911

[00:02:21 -141840.939299] Initial branch length optimization
[00:02:21 -62138.784470] Model parameter optimization (eps = 10.000000)
[00:02:23 -60163.207001] AUTODETECT spr round 1 (radius: 5)
[00:02:23 -59931.846764] AUTODETECT spr round 2 (radius: 10)
[00:02:24 -59733.388257] AUTODETECT spr round 3 (radius: 15)
[00:02:25 -59665.411617] AUTODETECT spr round 4 (radius: 20)
[00:02:25 -59664.268680] AUTODETECT spr round 5 (radius: 25)
[00:02:25 -59664.263123] SPR radius for FAST iterations: 20 (autodetect)
[00:02:25 -59664.263123] Model parameter optimization (eps = 3.000000)
[00:02:27 -59621.425682] FAST spr round 1 (radius: 20)
[00:02:29 -59580.096336] FAST spr round 2 (radius: 20)
[00:02:31 -59580.095174] Model parameter optimization (eps = 1.000000)
[00:02:32 -59571.237334] SLOW spr round 1 (radius: 5)
[00:02:34 -59571.233128] SLOW spr round 2 (radius: 10)
[00:02:36 -59571.233096] SLOW spr round 3 (radius: 15)
[00:02:37 -59571.232795] SLOW spr round 4 (radius: 20)
[00:02:39 -59571.232795] SLOW spr round 5 (radius: 25)
[00:02:40 -59571.232795] Model parameter optimization (eps = 0.100000)

[00:02:42] ML tree search #7, logLikelihood: -59568.152161

[00:02:42 -141823.319448] Initial branch length optimization
[00:02:42 -62103.052365] Model parameter optimization (eps = 10.000000)
[00:02:43 -60150.825813] AUTODETECT spr round 1 (radius: 5)
[00:02:44 -59932.448838] AUTODETECT spr round 2 (radius: 10)
[00:02:45 -59774.693907] AUTODETECT spr round 3 (radius: 15)
[00:02:45 -59729.935255] AUTODETECT spr round 4 (radius: 20)
[00:02:46 -59668.828076] AUTODETECT spr round 5 (radius: 25)
[00:02:46 -59668.806047] SPR radius for FAST iterations: 20 (autodetect)
[00:02:46 -59668.806047] Model parameter optimization (eps = 3.000000)
[00:02:48 -59621.030088] FAST spr round 1 (radius: 20)
[00:02:50 -59576.560936] FAST spr round 2 (radius: 20)
[00:02:52 -59575.432005] FAST spr round 3 (radius: 20)
[00:02:53 -59575.431983] Model parameter optimization (eps = 1.000000)
[00:02:54 -59571.664225] SLOW spr round 1 (radius: 5)
[00:02:56 -59571.659581] SLOW spr round 2 (radius: 10)
[00:02:58 -59571.659507] SLOW spr round 3 (radius: 15)
[00:03:00 -59571.659504] SLOW spr round 4 (radius: 20)
[00:03:01 -59571.659504] SLOW spr round 5 (radius: 25)
[00:03:01 -59571.659504] Model parameter optimization (eps = 0.100000)

[00:03:03] ML tree search #8, logLikelihood: -59568.152722

[00:03:03 -141857.394487] Initial branch length optimization
[00:03:03 -62189.688642] Model parameter optimization (eps = 10.000000)
[00:03:05 -60186.381285] AUTODETECT spr round 1 (radius: 5)
[00:03:06 -59815.046522] AUTODETECT spr round 2 (radius: 10)
[00:03:07 -59689.487546] AUTODETECT spr round 3 (radius: 15)
[00:03:07 -59670.879596] AUTODETECT spr round 4 (radius: 20)
[00:03:08 -59670.879567] SPR radius for FAST iterations: 15 (autodetect)
[00:03:08 -59670.879567] Model parameter optimization (eps = 3.000000)
[00:03:10 -59625.180273] FAST spr round 1 (radius: 15)
[00:03:12 -59577.954029] FAST spr round 2 (radius: 15)
[00:03:13 -59577.953154] Model parameter optimization (eps = 1.000000)
[00:03:14 -59571.461537] SLOW spr round 1 (radius: 5)
[00:03:16 -59571.457120] SLOW spr round 2 (radius: 10)
[00:03:19 -59571.457033] SLOW spr round 3 (radius: 15)
[00:03:20 -59571.457030] SLOW spr round 4 (radius: 20)
[00:03:22 -59571.457030] SLOW spr round 5 (radius: 25)
[00:03:22 -59571.457030] Model parameter optimization (eps = 0.100000)

[00:03:24] ML tree search #9, logLikelihood: -59568.153725

[00:03:24 -139375.897211] Initial branch length optimization
[00:03:24 -60996.629211] Model parameter optimization (eps = 10.000000)
[00:03:25 -59593.692745] AUTODETECT spr round 1 (radius: 5)
[00:03:26 -59593.662590] SPR radius for FAST iterations: 5 (autodetect)
[00:03:26 -59593.662590] Model parameter optimization (eps = 3.000000)
[00:03:27 -59582.201657] FAST spr round 1 (radius: 5)
[00:03:28 -59582.152081] Model parameter optimization (eps = 1.000000)
[00:03:29 -59577.124391] SLOW spr round 1 (radius: 5)
[00:03:31 -59577.088838] SLOW spr round 2 (radius: 10)
[00:03:33 -59577.086595] SLOW spr round 3 (radius: 15)
[00:03:35 -59577.086309] SLOW spr round 4 (radius: 20)
[00:03:36 -59577.086309] SLOW spr round 5 (radius: 25)
[00:03:37 -59577.086309] Model parameter optimization (eps = 0.100000)

[00:03:42] ML tree search #10, logLikelihood: -59569.285827

[00:03:42 -139375.909643] Initial branch length optimization
[00:03:42 -61000.256118] Model parameter optimization (eps = 10.000000)
[00:03:43 -59595.261656] AUTODETECT spr round 1 (radius: 5)
[00:03:44 -59593.501810] AUTODETECT spr round 2 (radius: 10)
[00:03:45 -59593.498200] SPR radius for FAST iterations: 5 (autodetect)
[00:03:45 -59593.498200] Model parameter optimization (eps = 3.000000)
[00:03:45 -59582.030421] FAST spr round 1 (radius: 5)
[00:03:46 -59581.982208] Model parameter optimization (eps = 1.000000)
[00:03:48 -59576.725109] SLOW spr round 1 (radius: 5)
[00:03:50 -59576.687572] SLOW spr round 2 (radius: 10)
[00:03:52 -59576.685788] SLOW spr round 3 (radius: 15)
[00:03:54 -59576.685788] SLOW spr round 4 (radius: 20)
[00:03:55 -59576.685788] SLOW spr round 5 (radius: 25)
[00:03:56 -59576.685788] Model parameter optimization (eps = 0.100000)

[00:04:01] ML tree search #11, logLikelihood: -59568.501032

[00:04:01 -139375.958726] Initial branch length optimization
[00:04:01 -60996.654445] Model parameter optimization (eps = 10.000000)
[00:04:02 -59593.765554] AUTODETECT spr round 1 (radius: 5)
[00:04:03 -59593.737055] SPR radius for FAST iterations: 5 (autodetect)
[00:04:03 -59593.737055] Model parameter optimization (eps = 3.000000)
[00:04:03 -59582.232207] FAST spr round 1 (radius: 5)
[00:04:04 -59582.180282] Model parameter optimization (eps = 1.000000)
[00:04:06 -59577.136656] SLOW spr round 1 (radius: 5)
[00:04:08 -59577.101227] SLOW spr round 2 (radius: 10)
[00:04:10 -59577.100330] SLOW spr round 3 (radius: 15)
[00:04:12 -59577.100330] SLOW spr round 4 (radius: 20)
[00:04:14 -59577.100330] SLOW spr round 5 (radius: 25)
[00:04:15 -59577.100330] Model parameter optimization (eps = 0.100000)

[00:04:20] ML tree search #12, logLikelihood: -59569.287566

[00:04:20 -139375.543055] Initial branch length optimization
[00:04:20 -60996.649590] Model parameter optimization (eps = 10.000000)
[00:04:21 -59593.569521] AUTODETECT spr round 1 (radius: 5)
[00:04:21 -59593.537896] SPR radius for FAST iterations: 5 (autodetect)
[00:04:21 -59593.537896] Model parameter optimization (eps = 3.000000)
[00:04:22 -59582.080147] FAST spr round 1 (radius: 5)
[00:04:23 -59582.028900] Model parameter optimization (eps = 1.000000)
[00:04:25 -59577.041208] SLOW spr round 1 (radius: 5)
[00:04:27 -59577.004042] SLOW spr round 2 (radius: 10)
[00:04:29 -59577.002996] SLOW spr round 3 (radius: 15)
[00:04:31 -59577.002996] SLOW spr round 4 (radius: 20)
[00:04:32 -59577.002996] SLOW spr round 5 (radius: 25)
[00:04:33 -59577.002996] Model parameter optimization (eps = 0.100000)

[00:04:38] ML tree search #13, logLikelihood: -59569.287669

[00:04:38 -139377.979198] Initial branch length optimization
[00:04:38 -61007.656754] Model parameter optimization (eps = 10.000000)
[00:04:39 -59602.091561] AUTODETECT spr round 1 (radius: 5)
[00:04:39 -59593.474942] AUTODETECT spr round 2 (radius: 10)
[00:04:40 -59593.472803] SPR radius for FAST iterations: 5 (autodetect)
[00:04:40 -59593.472803] Model parameter optimization (eps = 3.000000)
[00:04:41 -59582.017608] FAST spr round 1 (radius: 5)
[00:04:42 -59581.972933] Model parameter optimization (eps = 1.000000)
[00:04:43 -59576.722448] SLOW spr round 1 (radius: 5)
[00:04:45 -59576.683184] SLOW spr round 2 (radius: 10)
[00:04:48 -59576.681843] SLOW spr round 3 (radius: 15)
[00:04:50 -59576.681843] SLOW spr round 4 (radius: 20)
[00:04:51 -59576.681843] SLOW spr round 5 (radius: 25)
[00:04:52 -59576.681843] Model parameter optimization (eps = 0.100000)

[00:04:57] ML tree search #14, logLikelihood: -59568.500275

[00:04:57 -139375.807842] Initial branch length optimization
[00:04:57 -60997.394605] Model parameter optimization (eps = 10.000000)
[00:04:58 -59593.740500] AUTODETECT spr round 1 (radius: 5)
[00:04:59 -59593.712739] SPR radius for FAST iterations: 5 (autodetect)
[00:04:59 -59593.712739] Model parameter optimization (eps = 3.000000)
[00:05:00 -59582.136769] FAST spr round 1 (radius: 5)
[00:05:01 -59582.089600] Model parameter optimization (eps = 1.000000)
[00:05:02 -59576.775778] SLOW spr round 1 (radius: 5)
[00:05:04 -59576.737703] SLOW spr round 2 (radius: 10)
[00:05:07 -59576.736781] SLOW spr round 3 (radius: 15)
[00:05:08 -59576.736781] SLOW spr round 4 (radius: 20)
[00:05:09 -59576.736781] SLOW spr round 5 (radius: 25)
[00:05:09 -59576.736781] Model parameter optimization (eps = 0.100000)

[00:05:14] ML tree search #15, logLikelihood: -59568.500255

[00:05:14 -139378.559273] Initial branch length optimization
[00:05:14 -61008.795953] Model parameter optimization (eps = 10.000000)
[00:05:15 -59604.184912] AUTODETECT spr round 1 (radius: 5)
[00:05:15 -59593.520438] AUTODETECT spr round 2 (radius: 10)
[00:05:16 -59593.519254] SPR radius for FAST iterations: 5 (autodetect)
[00:05:16 -59593.519254] Model parameter optimization (eps = 3.000000)
[00:05:17 -59582.110875] FAST spr round 1 (radius: 5)
[00:05:18 -59582.064163] Model parameter optimization (eps = 1.000000)
[00:05:19 -59577.075256] SLOW spr round 1 (radius: 5)
[00:05:22 -59577.034752] SLOW spr round 2 (radius: 10)
[00:05:24 -59577.034288] SLOW spr round 3 (radius: 15)
[00:05:26 -59577.034288] SLOW spr round 4 (radius: 20)
[00:05:27 -59577.034288] SLOW spr round 5 (radius: 25)
[00:05:28 -59577.034288] Model parameter optimization (eps = 0.100000)

[00:05:34] ML tree search #16, logLikelihood: -59569.284027

[00:05:34 -139375.443622] Initial branch length optimization
[00:05:34 -60996.651306] Model parameter optimization (eps = 10.000000)
[00:05:35 -59593.701314] AUTODETECT spr round 1 (radius: 5)
[00:05:35 -59593.670785] SPR radius for FAST iterations: 5 (autodetect)
[00:05:35 -59593.670785] Model parameter optimization (eps = 3.000000)
[00:05:36 -59582.129913] FAST spr round 1 (radius: 5)
[00:05:37 -59582.079898] Model parameter optimization (eps = 1.000000)
[00:05:38 -59577.060492] SLOW spr round 1 (radius: 5)
[00:05:41 -59577.015057] SLOW spr round 2 (radius: 10)
[00:05:44 -59577.014508] SLOW spr round 3 (radius: 15)
[00:05:46 -59577.014507] SLOW spr round 4 (radius: 20)
[00:05:47 -59577.014507] SLOW spr round 5 (radius: 25)
[00:05:47 -59577.014507] Model parameter optimization (eps = 0.100000)

[00:05:52] ML tree search #17, logLikelihood: -59569.288589

[00:05:52 -139375.958163] Initial branch length optimization
[00:05:52 -60996.654552] Model parameter optimization (eps = 10.000000)
[00:05:53 -59593.759115] AUTODETECT spr round 1 (radius: 5)
[00:05:54 -59593.728026] SPR radius for FAST iterations: 5 (autodetect)
[00:05:54 -59593.728026] Model parameter optimization (eps = 3.000000)
[00:05:55 -59582.218064] FAST spr round 1 (radius: 5)
[00:05:56 -59582.170101] Model parameter optimization (eps = 1.000000)
[00:05:57 -59577.129319] SLOW spr round 1 (radius: 5)
[00:05:59 -59577.091785] SLOW spr round 2 (radius: 10)
[00:06:02 -59577.090869] SLOW spr round 3 (radius: 15)
[00:06:03 -59577.090869] SLOW spr round 4 (radius: 20)
[00:06:04 -59577.090869] SLOW spr round 5 (radius: 25)
[00:06:04 -59577.090869] Model parameter optimization (eps = 0.100000)

[00:06:09] ML tree search #18, logLikelihood: -59569.285424



Final LogLikelihood: -59568.151614

AIC score: 119490.303229 / AICc score: 119492.478531 / BIC score: 120955.870070
Free parameters (model + branch lengths): 177

Best ML tree saved to: /home/hikoyu/analysis/Genome/SARS-CoV-2/phylogeny/RAxML-NG/DNA/part/uni/SARS-CoV-2_200311.0.raxml.bestTree
All ML trees saved to: /home/hikoyu/analysis/Genome/SARS-CoV-2/phylogeny/RAxML-NG/DNA/part/uni/SARS-CoV-2_200311.0.raxml.mlTrees
Optimized model saved to: /home/hikoyu/analysis/Genome/SARS-CoV-2/phylogeny/RAxML-NG/DNA/part/uni/SARS-CoV-2_200311.0.raxml.bestModel

Execution log saved to: /home/hikoyu/analysis/Genome/SARS-CoV-2/phylogeny/RAxML-NG/DNA/part/uni/SARS-CoV-2_200311.0.raxml.log

Analysis started: 11-Mar-2020 03:10:51 / finished: 11-Mar-2020 03:17:01

Elapsed time: 369.820 seconds

