
RAxML-NG v. 0.9.0 released on 20.05.2019 by The Exelixis Lab.
Developed by: Alexey M. Kozlov and Alexandros Stamatakis.
Contributors: Diego Darriba, Tomas Flouri, Benoit Morel, Sarah Lutteropp, Ben Bettisworth.
Latest version: https://github.com/amkozlov/raxml-ng
Questions/problems/suggestions? Please visit: https://groups.google.com/forum/#!forum/raxml

RAxML-NG was called at 21-Mar-2020 22:00:36 as follows:

raxml-ng --threads 1 --bootstrap --bs-trees 83 --seed 2325639211 --prefix phylogeny/RAxML-NG/DNA/part/uni/SARS-CoV-2_200320.9 --msa phylogeny/RAxML-NG/DNA/part/uni/SARS-CoV-2_200320.raxml.rba --outgroup MG772933.1

Analysis options:
  run mode: Bootstrapping
  start tree(s): 
  bootstrap replicates: 83
  random seed: 2325639211
  tip-inner: OFF
  pattern compression: ON
  per-rate scalers: OFF
  site repeats: ON
  branch lengths: proportional (ML estimate, algorithm: NR-FAST)
  SIMD kernels: AVX2
  parallelization: NONE/sequential

[00:00:00] Loading binary alignment from file: phylogeny/RAxML-NG/DNA/part/uni/SARS-CoV-2_200320.raxml.rba
[00:00:00] Alignment comprises 78 taxa, 11 partitions and 458 patterns

Partition 0: orf1ab_U
Model: TIM2+I+G4m+B
Alignment sites / patterns: 13215 / 128
Gaps: 0.10 %
Invariant sites: 88.69 %

Partition 1: orf1ab_D
Model: TIM2+I+G4m+B
Alignment sites / patterns: 8091 / 79
Gaps: 0.04 %
Invariant sites: 84.64 %

Partition 2: S
Model: TIM2+I+B
Alignment sites / patterns: 3822 / 85
Gaps: 0.04 %
Invariant sites: 74.49 %

Partition 3: ORF3a
Model: HKY+FO+G4m+B
Alignment sites / patterns: 828 / 30
Gaps: 0.00 %
Invariant sites: 85.63 %

Partition 4: E
Model: JC+B
Alignment sites / patterns: 228 / 7
Gaps: 0.00 %
Invariant sites: 98.25 %

Partition 5: M
Model: K80+I+B
Alignment sites / patterns: 669 / 33
Gaps: 0.01 %
Invariant sites: 90.88 %

Partition 6: ORF6
Model: HKY+FO+B
Alignment sites / patterns: 186 / 11
Gaps: 0.00 %
Invariant sites: 93.55 %

Partition 7: ORF7a
Model: HKY+FO+I+B
Alignment sites / patterns: 366 / 20
Gaps: 0.00 %
Invariant sites: 87.43 %

Partition 8: ORF8
Model: TN93ef+I+G4m+B
Alignment sites / patterns: 366 / 23
Gaps: 0.00 %
Invariant sites: 86.34 %

Partition 9: N
Model: TIM2+I+B
Alignment sites / patterns: 1260 / 35
Gaps: 0.00 %
Invariant sites: 89.37 %

Partition 10: ORF10
Model: JC+B
Alignment sites / patterns: 117 / 7
Gaps: 0.00 %
Invariant sites: 97.44 %


[00:00:00] Data distribution: max. partitions/sites/weight per thread: 11 / 458 / 4952
[00:00:00] Starting bootstrapping analysis with 83 replicates.

[00:00:23] Bootstrap tree #1, logLikelihood: -60142.624986
[00:00:48] Bootstrap tree #2, logLikelihood: -59365.049384
[00:01:14] Bootstrap tree #3, logLikelihood: -60260.492805
[00:01:46] Bootstrap tree #4, logLikelihood: -59790.564664
[00:02:20] Bootstrap tree #5, logLikelihood: -59516.875613
[00:02:50] Bootstrap tree #6, logLikelihood: -60283.976395
[00:03:25] Bootstrap tree #7, logLikelihood: -59973.039901
[00:03:59] Bootstrap tree #8, logLikelihood: -59444.530204
[00:04:24] Bootstrap tree #9, logLikelihood: -59653.219241
[00:04:52] Bootstrap tree #10, logLikelihood: -59548.331550
[00:05:16] Bootstrap tree #11, logLikelihood: -59496.320780
[00:05:41] Bootstrap tree #12, logLikelihood: -59695.710454
[00:06:09] Bootstrap tree #13, logLikelihood: -60012.621592
[00:06:37] Bootstrap tree #14, logLikelihood: -59908.754575
[00:07:07] Bootstrap tree #15, logLikelihood: -60048.501936
[00:07:39] Bootstrap tree #16, logLikelihood: -59526.889446
[00:08:15] Bootstrap tree #17, logLikelihood: -59457.592619
[00:08:44] Bootstrap tree #18, logLikelihood: -59834.892688
[00:09:11] Bootstrap tree #19, logLikelihood: -59821.940064
[00:09:41] Bootstrap tree #20, logLikelihood: -59674.234123
[00:10:10] Bootstrap tree #21, logLikelihood: -59716.523522
[00:10:38] Bootstrap tree #22, logLikelihood: -59732.250103
[00:11:07] Bootstrap tree #23, logLikelihood: -59800.898380
[00:11:49] Bootstrap tree #24, logLikelihood: -59937.523720
[00:12:21] Bootstrap tree #25, logLikelihood: -59645.960247
[00:12:48] Bootstrap tree #26, logLikelihood: -59669.866725
[00:13:14] Bootstrap tree #27, logLikelihood: -59597.626226
[00:13:41] Bootstrap tree #28, logLikelihood: -60187.385353
[00:14:17] Bootstrap tree #29, logLikelihood: -60036.176309
[00:14:51] Bootstrap tree #30, logLikelihood: -59792.913184
[00:15:19] Bootstrap tree #31, logLikelihood: -59316.340002
[00:15:48] Bootstrap tree #32, logLikelihood: -59499.142946
[00:16:18] Bootstrap tree #33, logLikelihood: -59992.446803
[00:16:46] Bootstrap tree #34, logLikelihood: -59826.422627
[00:17:14] Bootstrap tree #35, logLikelihood: -60022.129061
[00:17:43] Bootstrap tree #36, logLikelihood: -59366.088501
[00:18:15] Bootstrap tree #37, logLikelihood: -59639.155231
[00:18:45] Bootstrap tree #38, logLikelihood: -60185.910665
[00:19:24] Bootstrap tree #39, logLikelihood: -59574.049301
[00:19:56] Bootstrap tree #40, logLikelihood: -59880.630351
[00:20:22] Bootstrap tree #41, logLikelihood: -59812.712691
[00:20:49] Bootstrap tree #42, logLikelihood: -59933.299450
[00:21:16] Bootstrap tree #43, logLikelihood: -59854.978897
[00:21:42] Bootstrap tree #44, logLikelihood: -59401.316479
[00:22:08] Bootstrap tree #45, logLikelihood: -60092.679642
[00:22:37] Bootstrap tree #46, logLikelihood: -59410.487504
[00:23:06] Bootstrap tree #47, logLikelihood: -60170.969516
[00:23:33] Bootstrap tree #48, logLikelihood: -59803.284031
[00:24:01] Bootstrap tree #49, logLikelihood: -59977.839215
[00:24:29] Bootstrap tree #50, logLikelihood: -59626.250353
[00:24:58] Bootstrap tree #51, logLikelihood: -59658.913331
[00:25:36] Bootstrap tree #52, logLikelihood: -59789.770975
[00:26:03] Bootstrap tree #53, logLikelihood: -59959.661045
[00:26:37] Bootstrap tree #54, logLikelihood: -60205.888977
[00:27:06] Bootstrap tree #55, logLikelihood: -59813.428448
[00:27:32] Bootstrap tree #56, logLikelihood: -59850.791169
[00:28:05] Bootstrap tree #57, logLikelihood: -59917.847853
[00:28:32] Bootstrap tree #58, logLikelihood: -59539.848757
[00:29:12] Bootstrap tree #59, logLikelihood: -60460.933476
[00:29:44] Bootstrap tree #60, logLikelihood: -59599.280584
[00:30:12] Bootstrap tree #61, logLikelihood: -59920.811501
[00:30:38] Bootstrap tree #62, logLikelihood: -60389.618630
[00:31:16] Bootstrap tree #63, logLikelihood: -59958.163543
[00:31:47] Bootstrap tree #64, logLikelihood: -59942.580197
[00:32:16] Bootstrap tree #65, logLikelihood: -59870.246837
[00:32:44] Bootstrap tree #66, logLikelihood: -60045.745109
[00:33:24] Bootstrap tree #67, logLikelihood: -60194.379807
[00:34:00] Bootstrap tree #68, logLikelihood: -59681.516168
[00:34:29] Bootstrap tree #69, logLikelihood: -59672.841211
[00:34:56] Bootstrap tree #70, logLikelihood: -59770.229136
[00:35:25] Bootstrap tree #71, logLikelihood: -60127.699468
[00:35:53] Bootstrap tree #72, logLikelihood: -59590.930202
[00:36:20] Bootstrap tree #73, logLikelihood: -59801.561729
[00:36:45] Bootstrap tree #74, logLikelihood: -59754.227728
[00:37:14] Bootstrap tree #75, logLikelihood: -59571.536853
[00:37:42] Bootstrap tree #76, logLikelihood: -59603.355538
[00:38:09] Bootstrap tree #77, logLikelihood: -59706.233073
[00:38:41] Bootstrap tree #78, logLikelihood: -60593.896477
[00:39:08] Bootstrap tree #79, logLikelihood: -59821.099812
[00:39:33] Bootstrap tree #80, logLikelihood: -59812.634734
[00:40:01] Bootstrap tree #81, logLikelihood: -59612.713466
[00:40:37] Bootstrap tree #82, logLikelihood: -59472.393670
[00:41:00] Bootstrap tree #83, logLikelihood: -59897.396752

Bootstrap trees saved to: /home/hikoyu/analysis/Genome/SARS-CoV-2/phylogeny/RAxML-NG/DNA/part/uni/SARS-CoV-2_200320.9.raxml.bootstraps

Execution log saved to: /home/hikoyu/analysis/Genome/SARS-CoV-2/phylogeny/RAxML-NG/DNA/part/uni/SARS-CoV-2_200320.9.raxml.log

Analysis started: 21-Mar-2020 22:00:36 / finished: 21-Mar-2020 22:41:37

Elapsed time: 2460.721 seconds

