
RAxML-NG v. 0.9.0 released on 20.05.2019 by The Exelixis Lab.
Developed by: Alexey M. Kozlov and Alexandros Stamatakis.
Contributors: Diego Darriba, Tomas Flouri, Benoit Morel, Sarah Lutteropp, Ben Bettisworth.
Latest version: https://github.com/amkozlov/raxml-ng
Questions/problems/suggestions? Please visit: https://groups.google.com/forum/#!forum/raxml

RAxML-NG was called at 30-Mar-2020 02:44:18 as follows:

raxml-ng --threads 1 --search --tree rand{8},pars{8} --seed 1054358254 --prefix phylogeny/RAxML-NG/DNA/part/uni/SARS-CoV-2_200328.9 --msa phylogeny/RAxML-NG/DNA/part/uni/SARS-CoV-2_200328.raxml.rba --outgroup MG772933.1

Analysis options:
  run mode: ML tree search
  start tree(s): random (8) + parsimony (8)
  random seed: 1054358254
  tip-inner: OFF
  pattern compression: ON
  per-rate scalers: OFF
  site repeats: ON
  fast spr radius: AUTO
  spr subtree cutoff: 1.000000
  branch lengths: proportional (ML estimate, algorithm: NR-FAST)
  SIMD kernels: AVX2
  parallelization: NONE/sequential

[00:00:00] Loading binary alignment from file: phylogeny/RAxML-NG/DNA/part/uni/SARS-CoV-2_200328.raxml.rba
[00:00:00] Alignment comprises 80 taxa, 11 partitions and 473 patterns

Partition 0: orf1ab_U
Model: TIM2+I+G4m+B
Alignment sites / patterns: 13215 / 138
Gaps: 0.10 %
Invariant sites: 88.54 %

Partition 1: orf1ab_D
Model: TIM2+I+G4m+B
Alignment sites / patterns: 8091 / 80
Gaps: 0.04 %
Invariant sites: 84.62 %

Partition 2: S
Model: TIM2+I+B
Alignment sites / patterns: 3822 / 86
Gaps: 0.04 %
Invariant sites: 74.52 %

Partition 3: ORF3a
Model: HKY+FO+G4m+B
Alignment sites / patterns: 828 / 31
Gaps: 0.00 %
Invariant sites: 85.51 %

Partition 4: E
Model: JC+B
Alignment sites / patterns: 228 / 7
Gaps: 0.00 %
Invariant sites: 98.25 %

Partition 5: M
Model: K80+I+B
Alignment sites / patterns: 669 / 33
Gaps: 0.01 %
Invariant sites: 90.88 %

Partition 6: ORF6
Model: HKY+FO+B
Alignment sites / patterns: 186 / 11
Gaps: 0.00 %
Invariant sites: 93.55 %

Partition 7: ORF7a
Model: HKY+FO+I+B
Alignment sites / patterns: 366 / 20
Gaps: 0.00 %
Invariant sites: 87.43 %

Partition 8: ORF8
Model: TN93+FO+I+G4m+B
Alignment sites / patterns: 366 / 23
Gaps: 0.00 %
Invariant sites: 86.34 %

Partition 9: N
Model: TIM2+I+B
Alignment sites / patterns: 1260 / 37
Gaps: 0.00 %
Invariant sites: 89.29 %

Partition 10: ORF10
Model: JC+B
Alignment sites / patterns: 117 / 7
Gaps: 0.00 %
Invariant sites: 97.44 %


[00:00:00] Generating 8 random starting tree(s) with 80 taxa
[00:00:00] Generating 8 parsimony starting tree(s) with 80 taxa
[00:00:00] Data distribution: max. partitions/sites/weight per thread: 11 / 473 / 5156

Starting ML tree search with 16 distinct starting trees

[00:00:00 -139164.395553] Initial branch length optimization
[00:00:00 -62907.808746] Model parameter optimization (eps = 10.000000)
[00:00:02 -60978.655680] AUTODETECT spr round 1 (radius: 5)
[00:00:03 -60504.570078] AUTODETECT spr round 2 (radius: 10)
[00:00:04 -60373.854344] AUTODETECT spr round 3 (radius: 15)
[00:00:05 -60357.589956] AUTODETECT spr round 4 (radius: 20)
[00:00:05 -60285.071704] AUTODETECT spr round 5 (radius: 25)
[00:00:06 -60285.071702] SPR radius for FAST iterations: 20 (autodetect)
[00:00:06 -60285.071702] Model parameter optimization (eps = 3.000000)
[00:00:08 -60233.237220] FAST spr round 1 (radius: 20)
[00:00:11 -60175.932560] FAST spr round 2 (radius: 20)
[00:00:14 -60175.931129] Model parameter optimization (eps = 1.000000)
[00:00:15 -60168.295456] SLOW spr round 1 (radius: 5)
[00:00:18 -60168.289599] SLOW spr round 2 (radius: 10)
[00:00:21 -60168.289523] SLOW spr round 3 (radius: 15)
[00:00:24 -60168.289521] SLOW spr round 4 (radius: 20)
[00:00:26 -60168.289521] SLOW spr round 5 (radius: 25)
[00:00:28 -60168.289521] Model parameter optimization (eps = 0.100000)

[00:00:32] ML tree search #1, logLikelihood: -60164.251247

[00:00:32 -139221.823337] Initial branch length optimization
[00:00:32 -63011.778119] Model parameter optimization (eps = 10.000000)
[00:00:34 -61049.216455] AUTODETECT spr round 1 (radius: 5)
[00:00:35 -60724.629574] AUTODETECT spr round 2 (radius: 10)
[00:00:37 -60479.751772] AUTODETECT spr round 3 (radius: 15)
[00:00:38 -60392.086568] AUTODETECT spr round 4 (radius: 20)
[00:00:38 -60392.086545] SPR radius for FAST iterations: 15 (autodetect)
[00:00:38 -60392.086545] Model parameter optimization (eps = 3.000000)
[00:00:40 -60352.995823] FAST spr round 1 (radius: 15)
[00:00:43 -60200.240592] FAST spr round 2 (radius: 15)
[00:00:45 -60200.213671] Model parameter optimization (eps = 1.000000)
[00:00:48 -60173.814253] SLOW spr round 1 (radius: 5)
[00:00:51 -60173.810378] SLOW spr round 2 (radius: 10)
[00:00:54 -60173.810284] SLOW spr round 3 (radius: 15)
[00:00:57 -60171.135151] SLOW spr round 4 (radius: 5)
[00:01:01 -60169.341376] SLOW spr round 5 (radius: 5)
[00:01:04 -60169.341368] SLOW spr round 6 (radius: 10)
[00:01:07 -60169.341368] SLOW spr round 7 (radius: 15)
[00:01:11 -60169.341368] SLOW spr round 8 (radius: 20)
[00:01:13 -60169.341368] SLOW spr round 9 (radius: 25)
[00:01:14 -60169.341368] Model parameter optimization (eps = 0.100000)

[00:01:18] ML tree search #2, logLikelihood: -60164.248648

[00:01:18 -139207.418802] Initial branch length optimization
[00:01:18 -62975.990414] Model parameter optimization (eps = 10.000000)
[00:01:20 -61031.346967] AUTODETECT spr round 1 (radius: 5)
[00:01:21 -60699.178223] AUTODETECT spr round 2 (radius: 10)
[00:01:22 -60372.999039] AUTODETECT spr round 3 (radius: 15)
[00:01:24 -60324.032866] AUTODETECT spr round 4 (radius: 20)
[00:01:24 -60323.419043] AUTODETECT spr round 5 (radius: 25)
[00:01:25 -60322.415509] SPR radius for FAST iterations: 25 (autodetect)
[00:01:25 -60322.415509] Model parameter optimization (eps = 3.000000)
[00:01:28 -60263.033805] FAST spr round 1 (radius: 25)
[00:01:31 -60173.015059] FAST spr round 2 (radius: 25)
[00:01:34 -60173.012805] Model parameter optimization (eps = 1.000000)
[00:01:35 -60168.538308] SLOW spr round 1 (radius: 5)
[00:01:38 -60168.533425] SLOW spr round 2 (radius: 10)
[00:01:42 -60168.533340] SLOW spr round 3 (radius: 15)
[00:01:44 -60168.533338] SLOW spr round 4 (radius: 20)
[00:01:47 -60168.533338] SLOW spr round 5 (radius: 25)
[00:01:48 -60168.533338] Model parameter optimization (eps = 0.100000)

[00:01:53] ML tree search #3, logLikelihood: -60164.098838

[00:01:53 -139179.822601] Initial branch length optimization
[00:01:53 -62877.361439] Model parameter optimization (eps = 10.000000)
[00:01:55 -60980.203605] AUTODETECT spr round 1 (radius: 5)
[00:01:56 -60676.822452] AUTODETECT spr round 2 (radius: 10)
[00:01:57 -60490.965626] AUTODETECT spr round 3 (radius: 15)
[00:01:58 -60424.043084] AUTODETECT spr round 4 (radius: 20)
[00:01:59 -60424.043070] SPR radius for FAST iterations: 15 (autodetect)
[00:01:59 -60424.043070] Model parameter optimization (eps = 3.000000)
[00:02:01 -60386.213230] FAST spr round 1 (radius: 15)
[00:02:03 -60261.357549] FAST spr round 2 (radius: 15)
[00:02:06 -60260.200338] FAST spr round 3 (radius: 15)
[00:02:08 -60260.197374] Model parameter optimization (eps = 1.000000)
[00:02:09 -60257.805321] SLOW spr round 1 (radius: 5)
[00:02:12 -60257.798511] SLOW spr round 2 (radius: 10)
[00:02:15 -60257.798511] SLOW spr round 3 (radius: 15)
[00:02:17 -60257.798511] SLOW spr round 4 (radius: 20)
[00:02:18 -60257.762077] SLOW spr round 5 (radius: 25)
[00:02:20 -60257.759562] Model parameter optimization (eps = 0.100000)

[00:02:21] ML tree search #4, logLikelihood: -60256.601230

[00:02:21 -139221.562611] Initial branch length optimization
[00:02:22 -62976.162148] Model parameter optimization (eps = 10.000000)
[00:02:24 -61026.869599] AUTODETECT spr round 1 (radius: 5)
[00:02:25 -60674.652130] AUTODETECT spr round 2 (radius: 10)
[00:02:26 -60436.218999] AUTODETECT spr round 3 (radius: 15)
[00:02:27 -60384.332252] AUTODETECT spr round 4 (radius: 20)
[00:02:28 -60384.332251] SPR radius for FAST iterations: 15 (autodetect)
[00:02:28 -60384.332251] Model parameter optimization (eps = 3.000000)
[00:02:29 -60346.233621] FAST spr round 1 (radius: 15)
[00:02:32 -60194.788801] FAST spr round 2 (radius: 15)
[00:02:35 -60194.777250] Model parameter optimization (eps = 1.000000)
[00:02:38 -60167.979413] SLOW spr round 1 (radius: 5)
[00:02:42 -60167.971743] SLOW spr round 2 (radius: 10)
[00:02:46 -60167.971657] SLOW spr round 3 (radius: 15)
[00:02:48 -60167.971656] SLOW spr round 4 (radius: 20)
[00:02:50 -60167.971656] SLOW spr round 5 (radius: 25)
[00:02:51 -60167.971656] Model parameter optimization (eps = 0.100000)

[00:02:55] ML tree search #5, logLikelihood: -60164.084819

[00:02:55 -139196.159213] Initial branch length optimization
[00:02:55 -62970.922067] Model parameter optimization (eps = 10.000000)
[00:02:57 -61019.055399] AUTODETECT spr round 1 (radius: 5)
[00:02:58 -60691.271289] AUTODETECT spr round 2 (radius: 10)
[00:02:59 -60357.986891] AUTODETECT spr round 3 (radius: 15)
[00:03:01 -60257.016757] AUTODETECT spr round 4 (radius: 20)
[00:03:01 -60257.015436] SPR radius for FAST iterations: 15 (autodetect)
[00:03:01 -60257.015436] Model parameter optimization (eps = 3.000000)
[00:03:04 -60193.018620] FAST spr round 1 (radius: 15)
[00:03:07 -60172.752869] FAST spr round 2 (radius: 15)
[00:03:09 -60172.750840] Model parameter optimization (eps = 1.000000)
[00:03:10 -60169.033073] SLOW spr round 1 (radius: 5)
[00:03:13 -60169.008042] SLOW spr round 2 (radius: 10)
[00:03:17 -60169.007976] SLOW spr round 3 (radius: 15)
[00:03:20 -60169.007975] SLOW spr round 4 (radius: 20)
[00:03:22 -60169.007975] SLOW spr round 5 (radius: 25)
[00:03:23 -60169.007975] Model parameter optimization (eps = 0.100000)

[00:03:27] ML tree search #6, logLikelihood: -60164.819229

[00:03:27 -139196.184114] Initial branch length optimization
[00:03:27 -62930.322998] Model parameter optimization (eps = 10.000000)
[00:03:30 -60999.766133] AUTODETECT spr round 1 (radius: 5)
[00:03:30 -60567.815882] AUTODETECT spr round 2 (radius: 10)
[00:03:32 -60359.217694] AUTODETECT spr round 3 (radius: 15)
[00:03:33 -60349.721301] AUTODETECT spr round 4 (radius: 20)
[00:03:34 -60286.479581] AUTODETECT spr round 5 (radius: 25)
[00:03:34 -60285.083901] SPR radius for FAST iterations: 25 (autodetect)
[00:03:34 -60285.083901] Model parameter optimization (eps = 3.000000)
[00:03:37 -60221.639131] FAST spr round 1 (radius: 25)
[00:03:41 -60171.551756] FAST spr round 2 (radius: 25)
[00:03:43 -60171.549792] Model parameter optimization (eps = 1.000000)
[00:03:44 -60168.140492] SLOW spr round 1 (radius: 5)
[00:03:48 -60168.136104] SLOW spr round 2 (radius: 10)
[00:03:51 -60168.121393] SLOW spr round 3 (radius: 15)
[00:03:54 -60168.121392] SLOW spr round 4 (radius: 20)
[00:03:56 -60168.121392] SLOW spr round 5 (radius: 25)
[00:03:57 -60168.121392] Model parameter optimization (eps = 0.100000)

[00:04:01] ML tree search #7, logLikelihood: -60164.257595

[00:04:01 -139211.855691] Initial branch length optimization
[00:04:02 -62947.887996] Model parameter optimization (eps = 10.000000)
[00:04:04 -61000.475571] AUTODETECT spr round 1 (radius: 5)
[00:04:04 -60679.419120] AUTODETECT spr round 2 (radius: 10)
[00:04:06 -60396.770443] AUTODETECT spr round 3 (radius: 15)
[00:04:07 -60351.468108] AUTODETECT spr round 4 (radius: 20)
[00:04:08 -60348.620539] AUTODETECT spr round 5 (radius: 25)
[00:04:09 -60348.620431] SPR radius for FAST iterations: 20 (autodetect)
[00:04:09 -60348.620431] Model parameter optimization (eps = 3.000000)
[00:04:11 -60291.909570] FAST spr round 1 (radius: 20)
[00:04:15 -60194.736278] FAST spr round 2 (radius: 20)
[00:04:17 -60174.338194] FAST spr round 3 (radius: 20)
[00:04:19 -60174.336571] Model parameter optimization (eps = 1.000000)
[00:04:20 -60169.226710] SLOW spr round 1 (radius: 5)
[00:04:23 -60169.203247] SLOW spr round 2 (radius: 10)
[00:04:26 -60169.203177] SLOW spr round 3 (radius: 15)
[00:04:29 -60169.203176] SLOW spr round 4 (radius: 20)
[00:04:31 -60169.203176] SLOW spr round 5 (radius: 25)
[00:04:34 -60169.203176] Model parameter optimization (eps = 0.100000)

[00:04:38] ML tree search #8, logLikelihood: -60164.799066

[00:04:38 -136632.406517] Initial branch length optimization
[00:04:38 -61572.000610] Model parameter optimization (eps = 10.000000)
[00:04:39 -60182.851750] AUTODETECT spr round 1 (radius: 5)
[00:04:40 -60181.210464] AUTODETECT spr round 2 (radius: 10)
[00:04:41 -60181.177271] SPR radius for FAST iterations: 5 (autodetect)
[00:04:41 -60181.177271] Model parameter optimization (eps = 3.000000)
[00:04:42 -60175.190571] FAST spr round 1 (radius: 5)
[00:04:44 -60175.161991] Model parameter optimization (eps = 1.000000)
[00:04:44 -60172.864395] SLOW spr round 1 (radius: 5)
[00:04:47 -60172.319864] SLOW spr round 2 (radius: 5)
[00:04:51 -60172.315446] SLOW spr round 3 (radius: 10)
[00:04:54 -60172.300329] SLOW spr round 4 (radius: 15)
[00:04:56 -60172.300013] SLOW spr round 5 (radius: 20)
[00:04:58 -60172.300013] SLOW spr round 6 (radius: 25)
[00:05:00 -60172.300013] Model parameter optimization (eps = 0.100000)

[00:05:10] ML tree search #9, logLikelihood: -60164.582201

[00:05:10 -136633.975521] Initial branch length optimization
[00:05:10 -61574.177485] Model parameter optimization (eps = 10.000000)
[00:05:12 -60183.308266] AUTODETECT spr round 1 (radius: 5)
[00:05:13 -60180.629889] AUTODETECT spr round 2 (radius: 10)
[00:05:14 -60180.628458] SPR radius for FAST iterations: 5 (autodetect)
[00:05:14 -60180.628458] Model parameter optimization (eps = 3.000000)
[00:05:15 -60174.933434] FAST spr round 1 (radius: 5)
[00:05:16 -60174.904062] Model parameter optimization (eps = 1.000000)
[00:05:17 -60172.728655] SLOW spr round 1 (radius: 5)
[00:05:20 -60172.707197] SLOW spr round 2 (radius: 10)
[00:05:24 -60172.129051] SLOW spr round 3 (radius: 5)
[00:05:27 -60172.111341] SLOW spr round 4 (radius: 10)
[00:05:30 -60172.111334] SLOW spr round 5 (radius: 15)
[00:05:33 -60172.111334] SLOW spr round 6 (radius: 20)
[00:05:35 -60172.111334] SLOW spr round 7 (radius: 25)
[00:05:36 -60172.111334] Model parameter optimization (eps = 0.100000)

[00:05:48] ML tree search #10, logLikelihood: -60164.583222

[00:05:48 -136638.160761] Initial branch length optimization
[00:05:48 -61583.275224] Model parameter optimization (eps = 10.000000)
[00:05:49 -60192.029668] AUTODETECT spr round 1 (radius: 5)
[00:05:50 -60189.342133] AUTODETECT spr round 2 (radius: 10)
[00:05:51 -60180.658397] AUTODETECT spr round 3 (radius: 15)
[00:05:52 -60180.658397] SPR radius for FAST iterations: 10 (autodetect)
[00:05:52 -60180.658397] Model parameter optimization (eps = 3.000000)
[00:05:53 -60174.916115] FAST spr round 1 (radius: 10)
[00:05:56 -60174.886689] Model parameter optimization (eps = 1.000000)
[00:05:56 -60172.716718] SLOW spr round 1 (radius: 5)
[00:06:00 -60172.685701] SLOW spr round 2 (radius: 10)
[00:06:03 -60172.106146] SLOW spr round 3 (radius: 5)
[00:06:06 -60172.102364] SLOW spr round 4 (radius: 10)
[00:06:09 -60172.102014] SLOW spr round 5 (radius: 15)
[00:06:12 -60172.101825] SLOW spr round 6 (radius: 20)
[00:06:15 -60172.101825] SLOW spr round 7 (radius: 25)
[00:06:17 -60172.101825] Model parameter optimization (eps = 0.100000)

[00:06:27] ML tree search #11, logLikelihood: -60164.583051

[00:06:27 -136634.046660] Initial branch length optimization
[00:06:27 -61574.176172] Model parameter optimization (eps = 10.000000)
[00:06:28 -60183.309764] AUTODETECT spr round 1 (radius: 5)
[00:06:29 -60180.629293] AUTODETECT spr round 2 (radius: 10)
[00:06:30 -60180.628238] SPR radius for FAST iterations: 5 (autodetect)
[00:06:30 -60180.628238] Model parameter optimization (eps = 3.000000)
[00:06:31 -60174.936217] FAST spr round 1 (radius: 5)
[00:06:32 -60174.907502] Model parameter optimization (eps = 1.000000)
[00:06:33 -60172.729940] SLOW spr round 1 (radius: 5)
[00:06:36 -60172.711485] SLOW spr round 2 (radius: 10)
[00:06:40 -60172.709609] SLOW spr round 3 (radius: 15)
[00:06:43 -60172.708795] SLOW spr round 4 (radius: 20)
[00:06:45 -60172.708581] SLOW spr round 5 (radius: 25)
[00:06:47 -60172.708581] Model parameter optimization (eps = 0.100000)

[00:06:59] ML tree search #12, logLikelihood: -60165.703907

[00:06:59 -136634.009582] Initial branch length optimization
[00:06:59 -61574.175880] Model parameter optimization (eps = 10.000000)
[00:07:00 -60183.310797] AUTODETECT spr round 1 (radius: 5)
[00:07:01 -60180.629663] AUTODETECT spr round 2 (radius: 10)
[00:07:02 -60180.628238] SPR radius for FAST iterations: 5 (autodetect)
[00:07:02 -60180.628238] Model parameter optimization (eps = 3.000000)
[00:07:03 -60174.932086] FAST spr round 1 (radius: 5)
[00:07:04 -60174.905100] Model parameter optimization (eps = 1.000000)
[00:07:05 -60172.729912] SLOW spr round 1 (radius: 5)
[00:07:08 -60172.708286] SLOW spr round 2 (radius: 10)
[00:07:12 -60172.115570] SLOW spr round 3 (radius: 5)
[00:07:15 -60172.112388] SLOW spr round 4 (radius: 10)
[00:07:19 -60172.111700] SLOW spr round 5 (radius: 15)
[00:07:21 -60172.111700] SLOW spr round 6 (radius: 20)
[00:07:23 -60172.111700] SLOW spr round 7 (radius: 25)
[00:07:24 -60172.111700] Model parameter optimization (eps = 0.100000)

[00:07:35] ML tree search #13, logLikelihood: -60164.583491

[00:07:35 -136631.795050] Initial branch length optimization
[00:07:35 -61571.208376] Model parameter optimization (eps = 10.000000)
[00:07:36 -60182.560226] AUTODETECT spr round 1 (radius: 5)
[00:07:37 -60180.925370] AUTODETECT spr round 2 (radius: 10)
[00:07:38 -60180.922768] SPR radius for FAST iterations: 5 (autodetect)
[00:07:38 -60180.922768] Model parameter optimization (eps = 3.000000)
[00:07:39 -60175.098939] FAST spr round 1 (radius: 5)
[00:07:40 -60175.072302] Model parameter optimization (eps = 1.000000)
[00:07:41 -60172.826842] SLOW spr round 1 (radius: 5)
[00:07:44 -60172.282671] SLOW spr round 2 (radius: 5)
[00:07:47 -60172.278397] SLOW spr round 3 (radius: 10)
[00:07:50 -60172.277660] SLOW spr round 4 (radius: 15)
[00:07:53 -60172.277517] SLOW spr round 5 (radius: 20)
[00:07:55 -60172.262846] SLOW spr round 6 (radius: 25)
[00:07:57 -60172.262846] Model parameter optimization (eps = 0.100000)

[00:08:07] ML tree search #14, logLikelihood: -60164.584389

[00:08:07 -136634.117319] Initial branch length optimization
[00:08:07 -61574.167588] Model parameter optimization (eps = 10.000000)
[00:08:09 -60183.279490] AUTODETECT spr round 1 (radius: 5)
[00:08:09 -60181.634350] AUTODETECT spr round 2 (radius: 10)
[00:08:10 -60180.599252] AUTODETECT spr round 3 (radius: 15)
[00:08:12 -60180.599024] SPR radius for FAST iterations: 10 (autodetect)
[00:08:12 -60180.599024] Model parameter optimization (eps = 3.000000)
[00:08:13 -60174.922889] FAST spr round 1 (radius: 10)
[00:08:15 -60174.877607] Model parameter optimization (eps = 1.000000)
[00:08:16 -60172.707955] SLOW spr round 1 (radius: 5)
[00:08:19 -60172.690678] SLOW spr round 2 (radius: 10)
[00:08:22 -60172.689023] SLOW spr round 3 (radius: 15)
[00:08:25 -60172.111796] SLOW spr round 4 (radius: 5)
[00:08:28 -60172.107880] SLOW spr round 5 (radius: 10)
[00:08:32 -60172.107376] SLOW spr round 6 (radius: 15)
[00:08:34 -60172.107376] SLOW spr round 7 (radius: 20)
[00:08:36 -60172.107376] SLOW spr round 8 (radius: 25)
[00:08:37 -60172.107376] Model parameter optimization (eps = 0.100000)

[00:08:46] ML tree search #15, logLikelihood: -60164.582613

[00:08:46 -136631.807254] Initial branch length optimization
[00:08:46 -61571.208048] Model parameter optimization (eps = 10.000000)
[00:08:47 -60182.565430] AUTODETECT spr round 1 (radius: 5)
[00:08:48 -60180.521566] AUTODETECT spr round 2 (radius: 10)
[00:08:49 -60180.504876] SPR radius for FAST iterations: 5 (autodetect)
[00:08:49 -60180.504876] Model parameter optimization (eps = 3.000000)
[00:08:50 -60174.483427] FAST spr round 1 (radius: 5)
[00:08:51 -60174.458314] Model parameter optimization (eps = 1.000000)
[00:08:52 -60172.120652] SLOW spr round 1 (radius: 5)
[00:08:54 -60172.101419] SLOW spr round 2 (radius: 10)
[00:08:58 -60172.100272] SLOW spr round 3 (radius: 15)
[00:09:00 -60172.099917] SLOW spr round 4 (radius: 20)
[00:09:01 -60172.099917] SLOW spr round 5 (radius: 25)
[00:09:02 -60172.099917] Model parameter optimization (eps = 0.100000)

[00:09:11] ML tree search #16, logLikelihood: -60164.598697



Final LogLikelihood: -60164.084819

AIC score: 120744.169638 / AICc score: 120747.174027 / BIC score: 122466.439087
Free parameters (model + branch lengths): 208

Best ML tree saved to: /home/hikoyu/analysis/Genome/SARS-CoV-2/phylogeny/RAxML-NG/DNA/part/uni/SARS-CoV-2_200328.9.raxml.bestTree
All ML trees saved to: /home/hikoyu/analysis/Genome/SARS-CoV-2/phylogeny/RAxML-NG/DNA/part/uni/SARS-CoV-2_200328.9.raxml.mlTrees
Optimized model saved to: /home/hikoyu/analysis/Genome/SARS-CoV-2/phylogeny/RAxML-NG/DNA/part/uni/SARS-CoV-2_200328.9.raxml.bestModel

Execution log saved to: /home/hikoyu/analysis/Genome/SARS-CoV-2/phylogeny/RAxML-NG/DNA/part/uni/SARS-CoV-2_200328.9.raxml.log

Analysis started: 30-Mar-2020 02:44:18 / finished: 30-Mar-2020 02:53:30

Elapsed time: 551.435 seconds

