
RAxML-NG v. 0.9.0 released on 20.05.2019 by The Exelixis Lab.
Developed by: Alexey M. Kozlov and Alexandros Stamatakis.
Contributors: Diego Darriba, Tomas Flouri, Benoit Morel, Sarah Lutteropp, Ben Bettisworth.
Latest version: https://github.com/amkozlov/raxml-ng
Questions/problems/suggestions? Please visit: https://groups.google.com/forum/#!forum/raxml

RAxML-NG was called at 01-Apr-2020 05:51:29 as follows:

raxml-ng --threads 1 --search --tree rand{9},pars{9} --seed 220135127 --prefix phylogeny/RAxML-NG/DNA/part/uni/SARS-CoV-2_200331.2 --msa phylogeny/RAxML-NG/DNA/part/uni/SARS-CoV-2_200331.raxml.rba --outgroup MG772933.1

Analysis options:
  run mode: ML tree search
  start tree(s): random (9) + parsimony (9)
  random seed: 220135127
  tip-inner: OFF
  pattern compression: ON
  per-rate scalers: OFF
  site repeats: ON
  fast spr radius: AUTO
  spr subtree cutoff: 1.000000
  branch lengths: proportional (ML estimate, algorithm: NR-FAST)
  SIMD kernels: AVX2
  parallelization: NONE/sequential

[00:00:00] Loading binary alignment from file: phylogeny/RAxML-NG/DNA/part/uni/SARS-CoV-2_200331.raxml.rba
[00:00:00] Alignment comprises 117 taxa, 11 partitions and 520 patterns

Partition 0: orf1ab_U
Model: TIM3+I+G4m+B
Alignment sites / patterns: 13215 / 160
Gaps: 0.10 %
Invariant sites: 88.40 %

Partition 1: orf1ab_D
Model: TN93+FO+I+G4m+B
Alignment sites / patterns: 8091 / 90
Gaps: 0.04 %
Invariant sites: 84.54 %

Partition 2: S
Model: TIM2+G4m+B
Alignment sites / patterns: 3822 / 89
Gaps: 0.03 %
Invariant sites: 74.49 %

Partition 3: ORF3a
Model: TPM2uf+FO+I+G4m+B
Alignment sites / patterns: 828 / 33
Gaps: 0.00 %
Invariant sites: 85.51 %

Partition 4: E
Model: JC+B
Alignment sites / patterns: 228 / 7
Gaps: 0.00 %
Invariant sites: 98.25 %

Partition 5: M
Model: K80+I+B
Alignment sites / patterns: 669 / 34
Gaps: 0.00 %
Invariant sites: 90.73 %

Partition 6: ORF6
Model: TN93+FO+B
Alignment sites / patterns: 186 / 15
Gaps: 0.00 %
Invariant sites: 91.40 %

Partition 7: ORF7a
Model: HKY+FO+I+B
Alignment sites / patterns: 366 / 21
Gaps: 0.00 %
Invariant sites: 87.16 %

Partition 8: ORF8
Model: TN93+FO+I+G4m+B
Alignment sites / patterns: 366 / 24
Gaps: 0.00 %
Invariant sites: 86.07 %

Partition 9: N
Model: HKY+FO+I+B
Alignment sites / patterns: 1260 / 40
Gaps: 0.00 %
Invariant sites: 88.97 %

Partition 10: ORF10
Model: JC+B
Alignment sites / patterns: 117 / 7
Gaps: 0.00 %
Invariant sites: 97.44 %


[00:00:00] Generating 9 random starting tree(s) with 117 taxa
[00:00:00] Generating 9 parsimony starting tree(s) with 117 taxa
[00:00:00] Data distribution: max. partitions/sites/weight per thread: 11 / 520 / 6832

Starting ML tree search with 18 distinct starting trees

[00:00:00 -144393.792378] Initial branch length optimization
[00:00:00 -64932.453398] Model parameter optimization (eps = 10.000000)
[00:00:04 -62409.964372] AUTODETECT spr round 1 (radius: 5)
[00:00:06 -61432.856542] AUTODETECT spr round 2 (radius: 10)
[00:00:08 -60899.297727] AUTODETECT spr round 3 (radius: 15)
[00:00:10 -60695.942184] AUTODETECT spr round 4 (radius: 20)
[00:00:13 -60693.982590] AUTODETECT spr round 5 (radius: 25)
[00:00:15 -60693.979131] SPR radius for FAST iterations: 20 (autodetect)
[00:00:15 -60693.979131] Model parameter optimization (eps = 3.000000)
[00:00:20 -60575.787356] FAST spr round 1 (radius: 20)
[00:00:26 -60463.468892] FAST spr round 2 (radius: 20)
[00:00:30 -60463.464510] Model parameter optimization (eps = 1.000000)
[00:00:32 -60458.524747] SLOW spr round 1 (radius: 5)
[00:00:37 -60458.513685] SLOW spr round 2 (radius: 10)
[00:00:42 -60458.513542] SLOW spr round 3 (radius: 15)
[00:00:47 -60458.513540] SLOW spr round 4 (radius: 20)
[00:00:51 -60458.343578] SLOW spr round 5 (radius: 5)
[00:00:56 -60458.339845] SLOW spr round 6 (radius: 10)
[00:01:02 -60458.339842] SLOW spr round 7 (radius: 15)
[00:01:06 -60458.339842] SLOW spr round 8 (radius: 20)
[00:01:10 -60458.339842] SLOW spr round 9 (radius: 25)
[00:01:15 -60458.339842] Model parameter optimization (eps = 0.100000)

[00:01:18] ML tree search #1, logLikelihood: -60457.108189

[00:01:18 -144386.107459] Initial branch length optimization
[00:01:18 -64879.492554] Model parameter optimization (eps = 10.000000)
[00:01:22 -62384.847069] AUTODETECT spr round 1 (radius: 5)
[00:01:24 -61423.601473] AUTODETECT spr round 2 (radius: 10)
[00:01:27 -60891.883647] AUTODETECT spr round 3 (radius: 15)
[00:01:29 -60758.539321] AUTODETECT spr round 4 (radius: 20)
[00:01:32 -60706.650478] AUTODETECT spr round 5 (radius: 25)
[00:01:33 -60706.623943] SPR radius for FAST iterations: 20 (autodetect)
[00:01:33 -60706.623943] Model parameter optimization (eps = 3.000000)
[00:01:39 -60595.303214] FAST spr round 1 (radius: 20)
[00:01:46 -60463.349112] FAST spr round 2 (radius: 20)
[00:01:50 -60463.344856] Model parameter optimization (eps = 1.000000)
[00:01:52 -60457.766427] SLOW spr round 1 (radius: 5)
[00:01:57 -60457.754297] SLOW spr round 2 (radius: 10)
[00:02:03 -60457.754165] SLOW spr round 3 (radius: 15)
[00:02:07 -60457.586482] SLOW spr round 4 (radius: 5)
[00:02:13 -60457.581957] SLOW spr round 5 (radius: 10)
[00:02:19 -60457.581952] SLOW spr round 6 (radius: 15)
[00:02:23 -60457.581952] SLOW spr round 7 (radius: 20)
[00:02:28 -60457.581952] SLOW spr round 8 (radius: 25)
[00:02:33 -60457.581952] Model parameter optimization (eps = 0.100000)

[00:02:35] ML tree search #2, logLikelihood: -60456.268730

[00:02:35 -144383.149401] Initial branch length optimization
[00:02:36 -64852.116190] Model parameter optimization (eps = 10.000000)
[00:02:40 -62356.048928] AUTODETECT spr round 1 (radius: 5)
[00:02:42 -61422.727455] AUTODETECT spr round 2 (radius: 10)
[00:02:44 -60863.030196] AUTODETECT spr round 3 (radius: 15)
[00:02:47 -60692.559223] AUTODETECT spr round 4 (radius: 20)
[00:02:49 -60689.752515] AUTODETECT spr round 5 (radius: 25)
[00:02:51 -60689.748952] SPR radius for FAST iterations: 20 (autodetect)
[00:02:51 -60689.748952] Model parameter optimization (eps = 3.000000)
[00:02:57 -60577.501855] FAST spr round 1 (radius: 20)
[00:03:03 -60463.389489] FAST spr round 2 (radius: 20)
[00:03:08 -60463.274833] FAST spr round 3 (radius: 20)
[00:03:11 -60463.270548] Model parameter optimization (eps = 1.000000)
[00:03:13 -60456.880562] SLOW spr round 1 (radius: 5)
[00:03:18 -60456.874332] SLOW spr round 2 (radius: 10)
[00:03:24 -60456.874245] SLOW spr round 3 (radius: 15)
[00:03:28 -60456.874244] SLOW spr round 4 (radius: 20)
[00:03:32 -60456.874244] SLOW spr round 5 (radius: 25)
[00:03:39 -60456.874244] Model parameter optimization (eps = 0.100000)

[00:03:40] ML tree search #3, logLikelihood: -60456.368788

[00:03:40 -144388.472212] Initial branch length optimization
[00:03:41 -64903.219896] Model parameter optimization (eps = 10.000000)
[00:03:45 -62380.585112] AUTODETECT spr round 1 (radius: 5)
[00:03:46 -61322.034872] AUTODETECT spr round 2 (radius: 10)
[00:03:49 -60852.663517] AUTODETECT spr round 3 (radius: 15)
[00:03:52 -60759.677396] AUTODETECT spr round 4 (radius: 20)
[00:03:54 -60759.677343] SPR radius for FAST iterations: 15 (autodetect)
[00:03:54 -60759.677343] Model parameter optimization (eps = 3.000000)
[00:03:58 -60691.820093] FAST spr round 1 (radius: 15)
[00:04:03 -60497.104193] FAST spr round 2 (radius: 15)
[00:04:07 -60497.094962] Model parameter optimization (eps = 1.000000)
[00:04:12 -60457.321256] SLOW spr round 1 (radius: 5)
[00:04:18 -60457.313513] SLOW spr round 2 (radius: 10)
[00:04:24 -60457.152415] SLOW spr round 3 (radius: 5)
[00:04:29 -60457.148740] SLOW spr round 4 (radius: 10)
[00:04:35 -60457.148737] SLOW spr round 5 (radius: 15)
[00:04:38 -60457.148737] SLOW spr round 6 (radius: 20)
[00:04:44 -60457.148737] SLOW spr round 7 (radius: 25)
[00:04:49 -60457.148737] Model parameter optimization (eps = 0.100000)

[00:04:51] ML tree search #4, logLikelihood: -60456.106173

[00:04:51 -144411.283571] Initial branch length optimization
[00:04:52 -65049.981183] Model parameter optimization (eps = 10.000000)
[00:04:55 -62465.950273] AUTODETECT spr round 1 (radius: 5)
[00:04:57 -61501.402116] AUTODETECT spr round 2 (radius: 10)
[00:04:59 -60881.911897] AUTODETECT spr round 3 (radius: 15)
[00:05:02 -60752.389793] AUTODETECT spr round 4 (radius: 20)
[00:05:05 -60744.360150] AUTODETECT spr round 5 (radius: 25)
[00:05:07 -60744.296476] SPR radius for FAST iterations: 20 (autodetect)
[00:05:07 -60744.296476] Model parameter optimization (eps = 3.000000)
[00:05:11 -60678.468202] FAST spr round 1 (radius: 20)
[00:05:17 -60502.258733] FAST spr round 2 (radius: 20)
[00:05:23 -60501.819940] FAST spr round 3 (radius: 20)
[00:05:27 -60501.813875] Model parameter optimization (eps = 1.000000)
[00:05:32 -60458.335199] SLOW spr round 1 (radius: 5)
[00:05:37 -60458.328097] SLOW spr round 2 (radius: 10)
[00:05:44 -60457.433616] SLOW spr round 3 (radius: 5)
[00:05:49 -60457.429944] SLOW spr round 4 (radius: 10)
[00:05:55 -60457.429940] SLOW spr round 5 (radius: 15)
[00:06:00 -60457.429940] SLOW spr round 6 (radius: 20)
[00:06:04 -60457.429940] SLOW spr round 7 (radius: 25)
[00:06:08 -60457.429940] Model parameter optimization (eps = 0.100000)

[00:06:11] ML tree search #5, logLikelihood: -60456.143380

[00:06:11 -144398.946671] Initial branch length optimization
[00:06:12 -64930.840424] Model parameter optimization (eps = 10.000000)
[00:06:16 -62410.444106] AUTODETECT spr round 1 (radius: 5)
[00:06:17 -61269.155481] AUTODETECT spr round 2 (radius: 10)
[00:06:20 -60779.585980] AUTODETECT spr round 3 (radius: 15)
[00:06:23 -60688.618509] AUTODETECT spr round 4 (radius: 20)
[00:06:26 -60688.617399] SPR radius for FAST iterations: 15 (autodetect)
[00:06:26 -60688.617399] Model parameter optimization (eps = 3.000000)
[00:06:32 -60586.049565] FAST spr round 1 (radius: 15)
[00:06:38 -60465.304568] FAST spr round 2 (radius: 15)
[00:06:41 -60465.293301] Model parameter optimization (eps = 1.000000)
[00:06:44 -60457.359386] SLOW spr round 1 (radius: 5)
[00:06:49 -60457.351378] SLOW spr round 2 (radius: 10)
[00:06:54 -60457.351269] SLOW spr round 3 (radius: 15)
[00:06:59 -60457.153472] SLOW spr round 4 (radius: 5)
[00:07:05 -60457.149687] SLOW spr round 5 (radius: 10)
[00:07:11 -60457.149685] SLOW spr round 6 (radius: 15)
[00:07:16 -60457.149685] SLOW spr round 7 (radius: 20)
[00:07:22 -60457.149685] SLOW spr round 8 (radius: 25)
[00:07:28 -60457.149685] Model parameter optimization (eps = 0.100000)

[00:07:30] ML tree search #6, logLikelihood: -60456.310649

[00:07:30 -144339.933133] Initial branch length optimization
[00:07:30 -64809.474818] Model parameter optimization (eps = 10.000000)
[00:07:34 -62322.425837] AUTODETECT spr round 1 (radius: 5)
[00:07:36 -61219.352759] AUTODETECT spr round 2 (radius: 10)
[00:07:39 -60804.764581] AUTODETECT spr round 3 (radius: 15)
[00:07:42 -60700.074976] AUTODETECT spr round 4 (radius: 20)
[00:07:44 -60699.039093] AUTODETECT spr round 5 (radius: 25)
[00:07:46 -60699.039080] SPR radius for FAST iterations: 20 (autodetect)
[00:07:46 -60699.039080] Model parameter optimization (eps = 3.000000)
[00:07:49 -60636.735888] FAST spr round 1 (radius: 20)
[00:07:56 -60501.081410] FAST spr round 2 (radius: 20)
[00:08:01 -60501.071495] Model parameter optimization (eps = 1.000000)
[00:08:07 -60457.480507] SLOW spr round 1 (radius: 5)
[00:08:13 -60457.468787] SLOW spr round 2 (radius: 10)
[00:08:18 -60457.438502] SLOW spr round 3 (radius: 15)
[00:08:22 -60457.263874] SLOW spr round 4 (radius: 5)
[00:08:29 -60457.259995] SLOW spr round 5 (radius: 10)
[00:08:35 -60457.259991] SLOW spr round 6 (radius: 15)
[00:08:39 -60457.259991] SLOW spr round 7 (radius: 20)
[00:08:45 -60457.259991] SLOW spr round 8 (radius: 25)
[00:08:51 -60457.259991] Model parameter optimization (eps = 0.100000)

[00:08:53] ML tree search #7, logLikelihood: -60456.168019

[00:08:53 -144429.015901] Initial branch length optimization
[00:08:53 -65041.813701] Model parameter optimization (eps = 10.000000)
[00:08:57 -62493.064163] AUTODETECT spr round 1 (radius: 5)
[00:08:59 -61446.202434] AUTODETECT spr round 2 (radius: 10)
[00:09:01 -60849.903005] AUTODETECT spr round 3 (radius: 15)
[00:09:04 -60791.871158] AUTODETECT spr round 4 (radius: 20)
[00:09:07 -60776.413199] AUTODETECT spr round 5 (radius: 25)
[00:09:09 -60776.191929] SPR radius for FAST iterations: 25 (autodetect)
[00:09:09 -60776.191929] Model parameter optimization (eps = 3.000000)
[00:09:13 -60707.111666] FAST spr round 1 (radius: 25)
[00:09:20 -60507.051767] FAST spr round 2 (radius: 25)
[00:09:26 -60498.888294] FAST spr round 3 (radius: 25)
[00:09:30 -60498.888149] Model parameter optimization (eps = 1.000000)
[00:09:36 -60457.430149] SLOW spr round 1 (radius: 5)
[00:09:41 -60457.422443] SLOW spr round 2 (radius: 10)
[00:09:47 -60457.218854] SLOW spr round 3 (radius: 5)
[00:09:52 -60457.213782] SLOW spr round 4 (radius: 10)
[00:09:58 -60457.213776] SLOW spr round 5 (radius: 15)
[00:10:03 -60457.213776] SLOW spr round 6 (radius: 20)
[00:10:08 -60457.213776] SLOW spr round 7 (radius: 25)
[00:10:12 -60457.213776] Model parameter optimization (eps = 0.100000)

[00:10:14] ML tree search #8, logLikelihood: -60456.181271

[00:10:14 -144410.933588] Initial branch length optimization
[00:10:15 -64972.609917] Model parameter optimization (eps = 10.000000)
[00:10:19 -62438.055609] AUTODETECT spr round 1 (radius: 5)
[00:10:20 -61322.012613] AUTODETECT spr round 2 (radius: 10)
[00:10:23 -60873.416678] AUTODETECT spr round 3 (radius: 15)
[00:10:26 -60689.219786] AUTODETECT spr round 4 (radius: 20)
[00:10:29 -60689.194709] SPR radius for FAST iterations: 15 (autodetect)
[00:10:29 -60689.194709] Model parameter optimization (eps = 3.000000)
[00:10:35 -60576.175697] FAST spr round 1 (radius: 15)
[00:10:41 -60463.245343] FAST spr round 2 (radius: 15)
[00:10:45 -60463.241473] Model parameter optimization (eps = 1.000000)
[00:10:47 -60457.840682] SLOW spr round 1 (radius: 5)
[00:10:53 -60457.799277] SLOW spr round 2 (radius: 10)
[00:10:58 -60457.794639] SLOW spr round 3 (radius: 15)
[00:11:03 -60457.794624] SLOW spr round 4 (radius: 20)
[00:11:08 -60457.639704] SLOW spr round 5 (radius: 5)
[00:11:15 -60457.635572] SLOW spr round 6 (radius: 10)
[00:11:20 -60457.635569] SLOW spr round 7 (radius: 15)
[00:11:27 -60457.635569] SLOW spr round 8 (radius: 20)
[00:11:35 -60457.635569] SLOW spr round 9 (radius: 25)
[00:11:39 -60457.635569] Model parameter optimization (eps = 0.100000)

[00:11:42] ML tree search #9, logLikelihood: -60456.311417

[00:11:42 -140939.378527] Initial branch length optimization
[00:11:42 -62153.428514] Model parameter optimization (eps = 10.000000)
[00:11:47 -60465.357045] AUTODETECT spr round 1 (radius: 5)
[00:11:49 -60465.322270] SPR radius for FAST iterations: 5 (autodetect)
[00:11:49 -60465.322270] Model parameter optimization (eps = 3.000000)
[00:11:49 -60463.186846] FAST spr round 1 (radius: 5)
[00:11:52 -60462.187881] FAST spr round 2 (radius: 5)
[00:11:54 -60462.180714] Model parameter optimization (eps = 1.000000)
[00:11:55 -60460.044621] SLOW spr round 1 (radius: 5)
[00:12:00 -60459.875187] SLOW spr round 2 (radius: 5)
[00:12:06 -60459.870155] SLOW spr round 3 (radius: 10)
[00:12:11 -60459.571859] SLOW spr round 4 (radius: 5)
[00:12:17 -60457.836648] SLOW spr round 5 (radius: 5)
[00:12:22 -60457.833649] SLOW spr round 6 (radius: 10)
[00:12:27 -60457.833636] SLOW spr round 7 (radius: 15)
[00:12:32 -60457.833201] SLOW spr round 8 (radius: 20)
[00:12:37 -60457.833201] SLOW spr round 9 (radius: 25)
[00:12:41 -60457.833201] Model parameter optimization (eps = 0.100000)

[00:12:44] ML tree search #10, logLikelihood: -60456.591532

[00:12:44 -140938.613132] Initial branch length optimization
[00:12:45 -62160.431964] Model parameter optimization (eps = 10.000000)
[00:12:47 -60474.493450] AUTODETECT spr round 1 (radius: 5)
[00:12:48 -60464.350524] AUTODETECT spr round 2 (radius: 10)
[00:12:50 -60464.348416] SPR radius for FAST iterations: 5 (autodetect)
[00:12:50 -60464.348416] Model parameter optimization (eps = 3.000000)
[00:12:52 -60459.351234] FAST spr round 1 (radius: 5)
[00:12:54 -60459.323795] Model parameter optimization (eps = 1.000000)
[00:12:55 -60457.634169] SLOW spr round 1 (radius: 5)
[00:13:01 -60457.612280] SLOW spr round 2 (radius: 10)
[00:13:07 -60457.607082] SLOW spr round 3 (radius: 15)
[00:13:11 -60457.607070] SLOW spr round 4 (radius: 20)
[00:13:17 -60457.607070] SLOW spr round 5 (radius: 25)
[00:13:24 -60457.607070] Model parameter optimization (eps = 0.100000)

[00:13:27] ML tree search #11, logLikelihood: -60456.588271

[00:13:27 -140937.899817] Initial branch length optimization
[00:13:27 -62156.996603] Model parameter optimization (eps = 10.000000)
[00:13:30 -60467.091039] AUTODETECT spr round 1 (radius: 5)
[00:13:31 -60464.098266] AUTODETECT spr round 2 (radius: 10)
[00:13:33 -60462.108657] AUTODETECT spr round 3 (radius: 15)
[00:13:36 -60462.108327] SPR radius for FAST iterations: 10 (autodetect)
[00:13:36 -60462.108327] Model parameter optimization (eps = 3.000000)
[00:13:37 -60459.888710] FAST spr round 1 (radius: 10)
[00:13:40 -60459.857442] Model parameter optimization (eps = 1.000000)
[00:13:41 -60457.839113] SLOW spr round 1 (radius: 5)
[00:13:47 -60457.820592] SLOW spr round 2 (radius: 10)
[00:13:53 -60457.815764] SLOW spr round 3 (radius: 15)
[00:13:57 -60457.815213] SLOW spr round 4 (radius: 20)
[00:14:02 -60457.814743] SLOW spr round 5 (radius: 25)
[00:14:06 -60457.814743] Model parameter optimization (eps = 0.100000)

[00:14:09] ML tree search #12, logLikelihood: -60456.601304

[00:14:09 -140939.369014] Initial branch length optimization
[00:14:09 -62153.211705] Model parameter optimization (eps = 10.000000)
[00:14:11 -60467.405418] AUTODETECT spr round 1 (radius: 5)
[00:14:12 -60467.375214] SPR radius for FAST iterations: 5 (autodetect)
[00:14:12 -60467.375214] Model parameter optimization (eps = 3.000000)
[00:14:14 -60462.276398] FAST spr round 1 (radius: 5)
[00:14:17 -60461.252321] FAST spr round 2 (radius: 5)
[00:14:19 -60461.245106] Model parameter optimization (eps = 1.000000)
[00:14:20 -60459.404317] SLOW spr round 1 (radius: 5)
[00:14:26 -60457.550972] SLOW spr round 2 (radius: 5)
[00:14:30 -60457.542020] SLOW spr round 3 (radius: 10)
[00:14:35 -60457.542002] SLOW spr round 4 (radius: 15)
[00:14:39 -60457.542002] SLOW spr round 5 (radius: 20)
[00:14:44 -60457.542002] SLOW spr round 6 (radius: 25)
[00:14:48 -60457.542002] Model parameter optimization (eps = 0.100000)

[00:14:51] ML tree search #13, logLikelihood: -60456.601010

[00:14:51 -140938.196990] Initial branch length optimization
[00:14:51 -62160.854246] Model parameter optimization (eps = 10.000000)
[00:14:54 -60473.159643] AUTODETECT spr round 1 (radius: 5)
[00:14:56 -60464.675372] AUTODETECT spr round 2 (radius: 10)
[00:14:58 -60464.211938] AUTODETECT spr round 3 (radius: 15)
[00:15:01 -60464.211747] SPR radius for FAST iterations: 10 (autodetect)
[00:15:01 -60464.211747] Model parameter optimization (eps = 3.000000)
[00:15:01 -60461.826299] FAST spr round 1 (radius: 10)
[00:15:05 -60459.922234] FAST spr round 2 (radius: 10)
[00:15:09 -60459.915713] Model parameter optimization (eps = 1.000000)
[00:15:10 -60457.800006] SLOW spr round 1 (radius: 5)
[00:15:15 -60457.782321] SLOW spr round 2 (radius: 10)
[00:15:21 -60457.777579] SLOW spr round 3 (radius: 15)
[00:15:26 -60457.777132] SLOW spr round 4 (radius: 20)
[00:15:31 -60457.777132] SLOW spr round 5 (radius: 25)
[00:15:35 -60457.777132] Model parameter optimization (eps = 0.100000)

[00:15:37] ML tree search #14, logLikelihood: -60456.600540

[00:15:37 -140936.730217] Initial branch length optimization
[00:15:38 -62150.248964] Model parameter optimization (eps = 10.000000)
[00:15:40 -60465.379277] AUTODETECT spr round 1 (radius: 5)
[00:15:42 -60464.443297] AUTODETECT spr round 2 (radius: 10)
[00:15:44 -60464.427478] SPR radius for FAST iterations: 5 (autodetect)
[00:15:44 -60464.427478] Model parameter optimization (eps = 3.000000)
[00:15:45 -60459.381405] FAST spr round 1 (radius: 5)
[00:15:48 -60459.356615] Model parameter optimization (eps = 1.000000)
[00:15:49 -60457.642864] SLOW spr round 1 (radius: 5)
[00:15:54 -60457.616670] SLOW spr round 2 (radius: 10)
[00:16:00 -60457.616067] SLOW spr round 3 (radius: 15)
[00:16:05 -60457.616067] SLOW spr round 4 (radius: 20)
[00:16:09 -60457.616067] SLOW spr round 5 (radius: 25)
[00:16:14 -60457.616067] Model parameter optimization (eps = 0.100000)

[00:16:18] ML tree search #15, logLikelihood: -60456.580579

[00:16:18 -140934.302404] Initial branch length optimization
[00:16:18 -62155.477501] Model parameter optimization (eps = 10.000000)
[00:16:20 -60468.874213] AUTODETECT spr round 1 (radius: 5)
[00:16:22 -60465.879163] AUTODETECT spr round 2 (radius: 10)
[00:16:24 -60464.567286] AUTODETECT spr round 3 (radius: 15)
[00:16:27 -60464.551132] SPR radius for FAST iterations: 10 (autodetect)
[00:16:27 -60464.551132] Model parameter optimization (eps = 3.000000)
[00:16:28 -60459.449393] FAST spr round 1 (radius: 10)
[00:16:32 -60459.424450] Model parameter optimization (eps = 1.000000)
[00:16:34 -60457.667868] SLOW spr round 1 (radius: 5)
[00:16:40 -60457.646404] SLOW spr round 2 (radius: 10)
[00:16:45 -60457.646049] SLOW spr round 3 (radius: 15)
[00:16:50 -60457.645848] SLOW spr round 4 (radius: 20)
[00:16:55 -60457.645848] SLOW spr round 5 (radius: 25)
[00:16:59 -60457.645848] Model parameter optimization (eps = 0.100000)

[00:17:02] ML tree search #16, logLikelihood: -60456.586368

[00:17:02 -140936.710786] Initial branch length optimization
[00:17:03 -62150.248174] Model parameter optimization (eps = 10.000000)
[00:17:05 -60465.381387] AUTODETECT spr round 1 (radius: 5)
[00:17:06 -60464.447693] AUTODETECT spr round 2 (radius: 10)
[00:17:09 -60464.444075] SPR radius for FAST iterations: 5 (autodetect)
[00:17:09 -60464.444075] Model parameter optimization (eps = 3.000000)
[00:17:10 -60459.397455] FAST spr round 1 (radius: 5)
[00:17:13 -60459.356168] Model parameter optimization (eps = 1.000000)
[00:17:14 -60457.642163] SLOW spr round 1 (radius: 5)
[00:17:19 -60457.618691] SLOW spr round 2 (radius: 10)
[00:17:25 -60457.615239] SLOW spr round 3 (radius: 15)
[00:17:30 -60457.615227] SLOW spr round 4 (radius: 20)
[00:17:34 -60457.615227] SLOW spr round 5 (radius: 25)
[00:17:39 -60457.615227] Model parameter optimization (eps = 0.100000)

[00:17:42] ML tree search #17, logLikelihood: -60456.577622

[00:17:42 -140937.929840] Initial branch length optimization
[00:17:42 -62157.208765] Model parameter optimization (eps = 10.000000)
[00:17:44 -60470.041652] AUTODETECT spr round 1 (radius: 5)
[00:17:46 -60469.093732] AUTODETECT spr round 2 (radius: 10)
[00:17:48 -60464.813291] AUTODETECT spr round 3 (radius: 15)
[00:17:51 -60464.813280] SPR radius for FAST iterations: 10 (autodetect)
[00:17:51 -60464.813280] Model parameter optimization (eps = 3.000000)
[00:17:52 -60459.474324] FAST spr round 1 (radius: 10)
[00:17:56 -60459.436761] Model parameter optimization (eps = 1.000000)
[00:17:57 -60457.653113] SLOW spr round 1 (radius: 5)
[00:18:03 -60457.636761] SLOW spr round 2 (radius: 10)
[00:18:09 -60457.632582] SLOW spr round 3 (radius: 15)
[00:18:13 -60457.632570] SLOW spr round 4 (radius: 20)
[00:18:18 -60457.632570] SLOW spr round 5 (radius: 25)
[00:18:22 -60457.632570] Model parameter optimization (eps = 0.100000)

[00:18:25] ML tree search #18, logLikelihood: -60456.573979



Final LogLikelihood: -60456.106173

AIC score: 121488.212346 / AICc score: 121493.980530 / BIC score: 123872.893121
Free parameters (model + branch lengths): 288

Best ML tree saved to: /home/hikoyu/analysis/Genome/SARS-CoV-2/phylogeny/RAxML-NG/DNA/part/uni/SARS-CoV-2_200331.2.raxml.bestTree
All ML trees saved to: /home/hikoyu/analysis/Genome/SARS-CoV-2/phylogeny/RAxML-NG/DNA/part/uni/SARS-CoV-2_200331.2.raxml.mlTrees
Optimized model saved to: /home/hikoyu/analysis/Genome/SARS-CoV-2/phylogeny/RAxML-NG/DNA/part/uni/SARS-CoV-2_200331.2.raxml.bestModel

Execution log saved to: /home/hikoyu/analysis/Genome/SARS-CoV-2/phylogeny/RAxML-NG/DNA/part/uni/SARS-CoV-2_200331.2.raxml.log

Analysis started: 01-Apr-2020 05:51:29 / finished: 01-Apr-2020 06:09:55

Elapsed time: 1105.600 seconds

