
RAxML-NG v. 0.9.0 released on 20.05.2019 by The Exelixis Lab.
Developed by: Alexey M. Kozlov and Alexandros Stamatakis.
Contributors: Diego Darriba, Tomas Flouri, Benoit Morel, Sarah Lutteropp, Ben Bettisworth.
Latest version: https://github.com/amkozlov/raxml-ng
Questions/problems/suggestions? Please visit: https://groups.google.com/forum/#!forum/raxml

RAxML-NG was called at 16-Mar-2020 04:17:50 as follows:

raxml-ng --threads 1 --bootstrap --bs-trees 84 --seed 550433425 --prefix phylogeny/RAxML-NG/DNA/part/uni/SARS-CoV-2_200314.2 --msa phylogeny/RAxML-NG/DNA/part/uni/SARS-CoV-2_200314.raxml.rba --outgroup MG772933.1

Analysis options:
  run mode: Bootstrapping
  start tree(s): 
  bootstrap replicates: 84
  random seed: 550433425
  tip-inner: OFF
  pattern compression: ON
  per-rate scalers: OFF
  site repeats: ON
  branch lengths: proportional (ML estimate, algorithm: NR-FAST)
  SIMD kernels: AVX2
  parallelization: NONE/sequential

[00:00:00] Loading binary alignment from file: phylogeny/RAxML-NG/DNA/part/uni/SARS-CoV-2_200314.raxml.rba
[00:00:00] Alignment comprises 89 taxa, 11 partitions and 464 patterns

Partition 0: orf1ab_U
Model: TIM2+I+G4m+B
Alignment sites / patterns: 13215 / 137
Gaps: 0.10 %
Invariant sites: 88.64 %

Partition 1: orf1ab_D
Model: TIM2+I+G4m+B
Alignment sites / patterns: 8088 / 72
Gaps: 0.00 %
Invariant sites: 84.69 %

Partition 2: S
Model: TIM2+I+B
Alignment sites / patterns: 3822 / 85
Gaps: 0.04 %
Invariant sites: 74.52 %

Partition 3: ORF3a
Model: HKY+FO+G4m+B
Alignment sites / patterns: 828 / 30
Gaps: 0.00 %
Invariant sites: 85.63 %

Partition 4: E
Model: JC+B
Alignment sites / patterns: 228 / 8
Gaps: 0.00 %
Invariant sites: 97.81 %

Partition 5: M
Model: K80+I+B
Alignment sites / patterns: 669 / 33
Gaps: 0.01 %
Invariant sites: 90.88 %

Partition 6: ORF6
Model: HKY+FO+B
Alignment sites / patterns: 186 / 11
Gaps: 0.00 %
Invariant sites: 93.55 %

Partition 7: ORF7a
Model: HKY+FO+I+B
Alignment sites / patterns: 366 / 20
Gaps: 0.00 %
Invariant sites: 87.43 %

Partition 8: ORF8
Model: TN93ef+I+G4m+B
Alignment sites / patterns: 366 / 23
Gaps: 0.00 %
Invariant sites: 86.34 %

Partition 9: N
Model: HKY+FO+I+B
Alignment sites / patterns: 1260 / 38
Gaps: 0.00 %
Invariant sites: 89.21 %

Partition 10: ORF10
Model: JC+B
Alignment sites / patterns: 117 / 7
Gaps: 0.00 %
Invariant sites: 97.44 %


[00:00:00] Data distribution: max. partitions/sites/weight per thread: 11 / 464 / 5000
[00:00:00] Starting bootstrapping analysis with 84 replicates.

[00:00:37] Bootstrap tree #1, logLikelihood: -59839.842610
[00:01:11] Bootstrap tree #2, logLikelihood: -60070.096557
[00:01:42] Bootstrap tree #3, logLikelihood: -59671.685914
[00:02:26] Bootstrap tree #4, logLikelihood: -59419.829189
[00:02:58] Bootstrap tree #5, logLikelihood: -59791.732496
[00:03:30] Bootstrap tree #6, logLikelihood: -60220.295783
[00:04:03] Bootstrap tree #7, logLikelihood: -59542.956631
[00:04:33] Bootstrap tree #8, logLikelihood: -59186.482340
[00:05:12] Bootstrap tree #9, logLikelihood: -59698.725284
[00:05:43] Bootstrap tree #10, logLikelihood: -59681.584654
[00:06:17] Bootstrap tree #11, logLikelihood: -59654.719638
[00:06:54] Bootstrap tree #12, logLikelihood: -59764.572261
[00:07:39] Bootstrap tree #13, logLikelihood: -59231.054297
[00:08:25] Bootstrap tree #14, logLikelihood: -59739.094928
[00:08:55] Bootstrap tree #15, logLikelihood: -59456.025055
[00:09:31] Bootstrap tree #16, logLikelihood: -60048.171729
[00:10:07] Bootstrap tree #17, logLikelihood: -59391.488210
[00:10:39] Bootstrap tree #18, logLikelihood: -60365.605289
[00:11:16] Bootstrap tree #19, logLikelihood: -59888.304321
[00:11:49] Bootstrap tree #20, logLikelihood: -59536.741119
[00:12:24] Bootstrap tree #21, logLikelihood: -59609.103173
[00:13:02] Bootstrap tree #22, logLikelihood: -59989.343000
[00:13:39] Bootstrap tree #23, logLikelihood: -59551.626296
[00:14:14] Bootstrap tree #24, logLikelihood: -59941.728905
[00:15:04] Bootstrap tree #25, logLikelihood: -60234.349167
[00:15:48] Bootstrap tree #26, logLikelihood: -59799.130425
[00:16:41] Bootstrap tree #27, logLikelihood: -60451.407560
[00:17:13] Bootstrap tree #28, logLikelihood: -59575.339366
[00:17:46] Bootstrap tree #29, logLikelihood: -59963.285406
[00:18:21] Bootstrap tree #30, logLikelihood: -59734.293832
[00:19:12] Bootstrap tree #31, logLikelihood: -59671.209374
[00:19:50] Bootstrap tree #32, logLikelihood: -59802.180018
[00:20:38] Bootstrap tree #33, logLikelihood: -59882.900794
[00:21:11] Bootstrap tree #34, logLikelihood: -59623.506209
[00:21:44] Bootstrap tree #35, logLikelihood: -59594.943295
[00:22:17] Bootstrap tree #36, logLikelihood: -60080.578232
[00:22:50] Bootstrap tree #37, logLikelihood: -59609.828880
[00:23:24] Bootstrap tree #38, logLikelihood: -59712.879088
[00:24:02] Bootstrap tree #39, logLikelihood: -59761.289819
[00:24:38] Bootstrap tree #40, logLikelihood: -59966.999430
[00:25:09] Bootstrap tree #41, logLikelihood: -60280.300630
[00:25:43] Bootstrap tree #42, logLikelihood: -59680.162321
[00:26:16] Bootstrap tree #43, logLikelihood: -59723.119696
[00:26:49] Bootstrap tree #44, logLikelihood: -60010.827871
[00:27:47] Bootstrap tree #45, logLikelihood: -59995.499709
[00:28:35] Bootstrap tree #46, logLikelihood: -59915.962394
[00:29:08] Bootstrap tree #47, logLikelihood: -59725.471261
[00:29:40] Bootstrap tree #48, logLikelihood: -59892.502824
[00:30:13] Bootstrap tree #49, logLikelihood: -60209.460658
[00:30:52] Bootstrap tree #50, logLikelihood: -59454.883687
[00:31:28] Bootstrap tree #51, logLikelihood: -59464.896511
[00:32:04] Bootstrap tree #52, logLikelihood: -59748.817834
[00:32:53] Bootstrap tree #53, logLikelihood: -59736.548583
[00:33:28] Bootstrap tree #54, logLikelihood: -60198.396605
[00:34:03] Bootstrap tree #55, logLikelihood: -59956.745352
[00:34:40] Bootstrap tree #56, logLikelihood: -59880.643618
[00:35:14] Bootstrap tree #57, logLikelihood: -60095.555358
[00:35:49] Bootstrap tree #58, logLikelihood: -60065.896666
[00:36:34] Bootstrap tree #59, logLikelihood: -59825.889670
[00:37:17] Bootstrap tree #60, logLikelihood: -59600.371138
[00:37:49] Bootstrap tree #61, logLikelihood: -60029.773979
[00:38:22] Bootstrap tree #62, logLikelihood: -59730.155872
[00:38:53] Bootstrap tree #63, logLikelihood: -59779.633253
[00:39:31] Bootstrap tree #64, logLikelihood: -59887.520606
[00:40:09] Bootstrap tree #65, logLikelihood: -59846.498114
[00:40:56] Bootstrap tree #66, logLikelihood: -60056.378186
[00:41:31] Bootstrap tree #67, logLikelihood: -59508.342703
[00:42:16] Bootstrap tree #68, logLikelihood: -59474.814131
[00:43:02] Bootstrap tree #69, logLikelihood: -59876.638002
[00:43:36] Bootstrap tree #70, logLikelihood: -59228.098627
[00:44:22] Bootstrap tree #71, logLikelihood: -59862.993359
[00:45:04] Bootstrap tree #72, logLikelihood: -60108.979780
[00:45:39] Bootstrap tree #73, logLikelihood: -59835.769129
[00:46:14] Bootstrap tree #74, logLikelihood: -59981.952393
[00:47:06] Bootstrap tree #75, logLikelihood: -60046.378341
[00:47:40] Bootstrap tree #76, logLikelihood: -59535.919103
[00:48:12] Bootstrap tree #77, logLikelihood: -59522.327114
[00:48:49] Bootstrap tree #78, logLikelihood: -60022.247996
[00:49:27] Bootstrap tree #79, logLikelihood: -60123.293683
[00:50:00] Bootstrap tree #80, logLikelihood: -60037.460543
[00:50:36] Bootstrap tree #81, logLikelihood: -59928.034023
[00:51:14] Bootstrap tree #82, logLikelihood: -60103.958072
[00:51:50] Bootstrap tree #83, logLikelihood: -59620.606653
[00:52:25] Bootstrap tree #84, logLikelihood: -59976.843798

Bootstrap trees saved to: /home/hikoyu/analysis/Genome/SARS-CoV-2/phylogeny/RAxML-NG/DNA/part/uni/SARS-CoV-2_200314.2.raxml.bootstraps

Execution log saved to: /home/hikoyu/analysis/Genome/SARS-CoV-2/phylogeny/RAxML-NG/DNA/part/uni/SARS-CoV-2_200314.2.raxml.log

Analysis started: 16-Mar-2020 04:17:50 / finished: 16-Mar-2020 05:10:16

Elapsed time: 3145.411 seconds

