
RAxML-NG v. 0.9.0 released on 20.05.2019 by The Exelixis Lab.
Developed by: Alexey M. Kozlov and Alexandros Stamatakis.
Contributors: Diego Darriba, Tomas Flouri, Benoit Morel, Sarah Lutteropp, Ben Bettisworth.
Latest version: https://github.com/amkozlov/raxml-ng
Questions/problems/suggestions? Please visit: https://groups.google.com/forum/#!forum/raxml

RAxML-NG was called at 19-Mar-2020 04:26:42 as follows:

raxml-ng --threads 1 --search --tree rand{8},pars{8} --seed 2734738947 --prefix phylogeny/RAxML-NG/DNA/part/uni/SARS-CoV-2_200318.7 --msa phylogeny/RAxML-NG/DNA/part/uni/SARS-CoV-2_200318.raxml.rba --outgroup MG772933.1

Analysis options:
  run mode: ML tree search
  start tree(s): random (8) + parsimony (8)
  random seed: 2734738947
  tip-inner: OFF
  pattern compression: ON
  per-rate scalers: OFF
  site repeats: ON
  fast spr radius: AUTO
  spr subtree cutoff: 1.000000
  branch lengths: proportional (ML estimate, algorithm: NR-FAST)
  SIMD kernels: AVX2
  parallelization: NONE/sequential

[00:00:00] Loading binary alignment from file: phylogeny/RAxML-NG/DNA/part/uni/SARS-CoV-2_200318.raxml.rba
[00:00:00] Alignment comprises 74 taxa, 11 partitions and 454 patterns

Partition 0: orf1ab_U
Model: TIM2+I+G4m+B
Alignment sites / patterns: 13215 / 126
Gaps: 0.10 %
Invariant sites: 88.69 %

Partition 1: orf1ab_D
Model: TIM2+I+G4m+B
Alignment sites / patterns: 8091 / 78
Gaps: 0.04 %
Invariant sites: 84.66 %

Partition 2: S
Model: TIM2+I+B
Alignment sites / patterns: 3822 / 84
Gaps: 0.05 %
Invariant sites: 74.52 %

Partition 3: ORF3a
Model: HKY+FO+G4m+B
Alignment sites / patterns: 828 / 30
Gaps: 0.00 %
Invariant sites: 85.63 %

Partition 4: E
Model: JC+B
Alignment sites / patterns: 228 / 7
Gaps: 0.00 %
Invariant sites: 98.25 %

Partition 5: M
Model: K80+I+B
Alignment sites / patterns: 669 / 33
Gaps: 0.01 %
Invariant sites: 90.88 %

Partition 6: ORF6
Model: HKY+FO+B
Alignment sites / patterns: 186 / 11
Gaps: 0.00 %
Invariant sites: 93.55 %

Partition 7: ORF7a
Model: HKY+FO+I+B
Alignment sites / patterns: 366 / 20
Gaps: 0.00 %
Invariant sites: 87.43 %

Partition 8: ORF8
Model: TN93ef+I+G4m+B
Alignment sites / patterns: 366 / 23
Gaps: 0.00 %
Invariant sites: 86.34 %

Partition 9: N
Model: TN93+FO+I+B
Alignment sites / patterns: 1260 / 35
Gaps: 0.00 %
Invariant sites: 89.37 %

Partition 10: ORF10
Model: JC+B
Alignment sites / patterns: 117 / 7
Gaps: 0.00 %
Invariant sites: 97.44 %


[00:00:00] Generating 8 random starting tree(s) with 74 taxa
[00:00:00] Generating 8 parsimony starting tree(s) with 74 taxa
[00:00:00] Data distribution: max. partitions/sites/weight per thread: 11 / 454 / 4900

Starting ML tree search with 16 distinct starting trees

[00:00:00 -134938.840472] Initial branch length optimization
[00:00:00 -62575.045712] Model parameter optimization (eps = 10.000000)
[00:00:02 -60599.871613] AUTODETECT spr round 1 (radius: 5)
[00:00:02 -60184.564002] AUTODETECT spr round 2 (radius: 10)
[00:00:03 -59945.827921] AUTODETECT spr round 3 (radius: 15)
[00:00:04 -59918.450995] AUTODETECT spr round 4 (radius: 20)
[00:00:05 -59907.214802] AUTODETECT spr round 5 (radius: 25)
[00:00:05 -59907.214795] SPR radius for FAST iterations: 20 (autodetect)
[00:00:05 -59907.214795] Model parameter optimization (eps = 3.000000)
[00:00:08 -59853.647370] FAST spr round 1 (radius: 20)
[00:00:11 -59788.462752] FAST spr round 2 (radius: 20)
[00:00:13 -59788.460233] Model parameter optimization (eps = 1.000000)
[00:00:14 -59783.940464] SLOW spr round 1 (radius: 5)
[00:00:17 -59783.938385] SLOW spr round 2 (radius: 10)
[00:00:19 -59783.938355] SLOW spr round 3 (radius: 15)
[00:00:22 -59783.923658] SLOW spr round 4 (radius: 20)
[00:00:23 -59783.923658] SLOW spr round 5 (radius: 25)
[00:00:24 -59783.923658] Model parameter optimization (eps = 0.100000)

[00:00:26] ML tree search #1, logLikelihood: -59780.969854

[00:00:26 -134921.000506] Initial branch length optimization
[00:00:26 -62573.947820] Model parameter optimization (eps = 10.000000)
[00:00:29 -60587.834369] AUTODETECT spr round 1 (radius: 5)
[00:00:29 -60152.692360] AUTODETECT spr round 2 (radius: 10)
[00:00:30 -59906.223059] AUTODETECT spr round 3 (radius: 15)
[00:00:31 -59886.307958] AUTODETECT spr round 4 (radius: 20)
[00:00:31 -59886.307733] SPR radius for FAST iterations: 15 (autodetect)
[00:00:31 -59886.307733] Model parameter optimization (eps = 3.000000)
[00:00:34 -59833.355064] FAST spr round 1 (radius: 15)
[00:00:36 -59789.198692] FAST spr round 2 (radius: 15)
[00:00:37 -59789.196888] Model parameter optimization (eps = 1.000000)
[00:00:39 -59783.922703] SLOW spr round 1 (radius: 5)
[00:00:41 -59783.915559] SLOW spr round 2 (radius: 10)
[00:00:44 -59783.915498] SLOW spr round 3 (radius: 15)
[00:00:46 -59783.915496] SLOW spr round 4 (radius: 20)
[00:00:48 -59783.915496] SLOW spr round 5 (radius: 25)
[00:00:50 -59783.915496] Model parameter optimization (eps = 0.100000)

[00:00:53] ML tree search #2, logLikelihood: -59780.970552

[00:00:53 -134942.213701] Initial branch length optimization
[00:00:53 -62611.843596] Model parameter optimization (eps = 10.000000)
[00:00:55 -60632.219731] AUTODETECT spr round 1 (radius: 5)
[00:00:55 -60285.247142] AUTODETECT spr round 2 (radius: 10)
[00:00:56 -59974.364057] AUTODETECT spr round 3 (radius: 15)
[00:00:57 -59910.188335] AUTODETECT spr round 4 (radius: 20)
[00:00:58 -59885.105067] AUTODETECT spr round 5 (radius: 25)
[00:00:58 -59885.105005] SPR radius for FAST iterations: 20 (autodetect)
[00:00:58 -59885.105005] Model parameter optimization (eps = 3.000000)
[00:01:01 -59831.808313] FAST spr round 1 (radius: 20)
[00:01:03 -59789.242764] FAST spr round 2 (radius: 20)
[00:01:05 -59789.240407] Model parameter optimization (eps = 1.000000)
[00:01:06 -59783.851752] SLOW spr round 1 (radius: 5)
[00:01:09 -59783.849314] SLOW spr round 2 (radius: 10)
[00:01:12 -59783.849267] SLOW spr round 3 (radius: 15)
[00:01:14 -59783.834567] SLOW spr round 4 (radius: 20)
[00:01:15 -59783.834567] SLOW spr round 5 (radius: 25)
[00:01:16 -59783.834567] Model parameter optimization (eps = 0.100000)

[00:01:19] ML tree search #3, logLikelihood: -59780.965370

[00:01:19 -134961.029527] Initial branch length optimization
[00:01:19 -62659.384420] Model parameter optimization (eps = 10.000000)
[00:01:21 -60650.827013] AUTODETECT spr round 1 (radius: 5)
[00:01:22 -60220.448747] AUTODETECT spr round 2 (radius: 10)
[00:01:23 -60022.172988] AUTODETECT spr round 3 (radius: 15)
[00:01:24 -59921.932021] AUTODETECT spr round 4 (radius: 20)
[00:01:25 -59921.908772] SPR radius for FAST iterations: 15 (autodetect)
[00:01:25 -59921.908772] Model parameter optimization (eps = 3.000000)
[00:01:27 -59870.598298] FAST spr round 1 (radius: 15)
[00:01:29 -59788.763695] FAST spr round 2 (radius: 15)
[00:01:31 -59788.762227] Model parameter optimization (eps = 1.000000)
[00:01:32 -59783.708005] SLOW spr round 1 (radius: 5)
[00:01:34 -59783.702458] SLOW spr round 2 (radius: 10)
[00:01:37 -59783.702412] SLOW spr round 3 (radius: 15)
[00:01:39 -59783.702411] SLOW spr round 4 (radius: 20)
[00:01:41 -59783.702411] SLOW spr round 5 (radius: 25)
[00:01:43 -59783.702411] Model parameter optimization (eps = 0.100000)

[00:01:45] ML tree search #4, logLikelihood: -59780.981652

[00:01:45 -134972.765124] Initial branch length optimization
[00:01:45 -62683.731394] Model parameter optimization (eps = 10.000000)
[00:01:47 -60657.648818] AUTODETECT spr round 1 (radius: 5)
[00:01:48 -60185.619760] AUTODETECT spr round 2 (radius: 10)
[00:01:49 -60004.920222] AUTODETECT spr round 3 (radius: 15)
[00:01:50 -59956.083404] AUTODETECT spr round 4 (radius: 20)
[00:01:51 -59948.379102] AUTODETECT spr round 5 (radius: 25)
[00:01:51 -59948.379099] SPR radius for FAST iterations: 20 (autodetect)
[00:01:51 -59948.379099] Model parameter optimization (eps = 3.000000)
[00:01:54 -59897.329576] FAST spr round 1 (radius: 20)
[00:01:56 -59789.098827] FAST spr round 2 (radius: 20)
[00:01:58 -59789.096323] Model parameter optimization (eps = 1.000000)
[00:01:59 -59783.773680] SLOW spr round 1 (radius: 5)
[00:02:02 -59783.769914] SLOW spr round 2 (radius: 10)
[00:02:05 -59783.769606] SLOW spr round 3 (radius: 15)
[00:02:07 -59783.769605] SLOW spr round 4 (radius: 20)
[00:02:08 -59783.769605] SLOW spr round 5 (radius: 25)
[00:02:11 -59783.769605] Model parameter optimization (eps = 0.100000)

[00:02:13] ML tree search #5, logLikelihood: -59780.967287

[00:02:13 -134943.347578] Initial branch length optimization
[00:02:13 -62593.518654] Model parameter optimization (eps = 10.000000)
[00:02:15 -60604.494525] AUTODETECT spr round 1 (radius: 5)
[00:02:16 -60317.004034] AUTODETECT spr round 2 (radius: 10)
[00:02:17 -59990.930345] AUTODETECT spr round 3 (radius: 15)
[00:02:18 -59947.078139] AUTODETECT spr round 4 (radius: 20)
[00:02:19 -59947.077046] SPR radius for FAST iterations: 15 (autodetect)
[00:02:19 -59947.077046] Model parameter optimization (eps = 3.000000)
[00:02:20 -59908.156748] FAST spr round 1 (radius: 15)
[00:02:23 -59862.602673] FAST spr round 2 (radius: 15)
[00:02:26 -59805.135685] FAST spr round 3 (radius: 15)
[00:02:28 -59805.126693] Model parameter optimization (eps = 1.000000)
[00:02:31 -59784.388441] SLOW spr round 1 (radius: 5)
[00:02:33 -59784.381188] SLOW spr round 2 (radius: 10)
[00:02:36 -59784.381082] SLOW spr round 3 (radius: 15)
[00:02:38 -59784.381079] SLOW spr round 4 (radius: 20)
[00:02:40 -59784.381079] SLOW spr round 5 (radius: 25)
[00:02:41 -59784.381079] Model parameter optimization (eps = 0.100000)

[00:02:44] ML tree search #6, logLikelihood: -59780.962947

[00:02:44 -134957.300446] Initial branch length optimization
[00:02:44 -62636.629688] Model parameter optimization (eps = 10.000000)
[00:02:46 -60637.857690] AUTODETECT spr round 1 (radius: 5)
[00:02:47 -60255.292255] AUTODETECT spr round 2 (radius: 10)
[00:02:48 -60036.288316] AUTODETECT spr round 3 (radius: 15)
[00:02:49 -59982.774714] AUTODETECT spr round 4 (radius: 20)
[00:02:50 -59982.774701] SPR radius for FAST iterations: 15 (autodetect)
[00:02:50 -59982.774701] Model parameter optimization (eps = 3.000000)
[00:02:52 -59946.129961] FAST spr round 1 (radius: 15)
[00:02:54 -59805.738793] FAST spr round 2 (radius: 15)
[00:02:56 -59805.731619] Model parameter optimization (eps = 1.000000)
[00:02:59 -59784.250137] SLOW spr round 1 (radius: 5)
[00:03:02 -59784.247657] SLOW spr round 2 (radius: 10)
[00:03:05 -59784.247555] SLOW spr round 3 (radius: 15)
[00:03:08 -59784.247552] SLOW spr round 4 (radius: 20)
[00:03:09 -59784.247552] SLOW spr round 5 (radius: 25)
[00:03:11 -59784.247552] Model parameter optimization (eps = 0.100000)

[00:03:13] ML tree search #7, logLikelihood: -59780.964377

[00:03:13 -134927.913476] Initial branch length optimization
[00:03:13 -62582.160842] Model parameter optimization (eps = 10.000000)
[00:03:15 -60583.617164] AUTODETECT spr round 1 (radius: 5)
[00:03:16 -60179.701714] AUTODETECT spr round 2 (radius: 10)
[00:03:17 -60031.452639] AUTODETECT spr round 3 (radius: 15)
[00:03:18 -59964.158691] AUTODETECT spr round 4 (radius: 20)
[00:03:19 -59964.158691] SPR radius for FAST iterations: 15 (autodetect)
[00:03:19 -59964.158691] Model parameter optimization (eps = 3.000000)
[00:03:20 -59928.906359] FAST spr round 1 (radius: 15)
[00:03:23 -59804.737256] FAST spr round 2 (radius: 15)
[00:03:25 -59804.724429] Model parameter optimization (eps = 1.000000)
[00:03:28 -59784.218005] SLOW spr round 1 (radius: 5)
[00:03:31 -59784.210771] SLOW spr round 2 (radius: 10)
[00:03:33 -59784.210669] SLOW spr round 3 (radius: 15)
[00:03:35 -59784.210666] SLOW spr round 4 (radius: 20)
[00:03:37 -59784.210666] SLOW spr round 5 (radius: 25)
[00:03:39 -59784.210666] Model parameter optimization (eps = 0.100000)

[00:03:42] ML tree search #8, logLikelihood: -59780.965165

[00:03:42 -132380.706084] Initial branch length optimization
[00:03:42 -61220.942222] Model parameter optimization (eps = 10.000000)
[00:03:43 -59803.974869] AUTODETECT spr round 1 (radius: 5)
[00:03:44 -59803.940328] SPR radius for FAST iterations: 5 (autodetect)
[00:03:44 -59803.940328] Model parameter optimization (eps = 3.000000)
[00:03:45 -59793.691682] FAST spr round 1 (radius: 5)
[00:03:46 -59793.640529] Model parameter optimization (eps = 1.000000)
[00:03:47 -59790.074972] SLOW spr round 1 (radius: 5)
[00:03:50 -59790.044534] SLOW spr round 2 (radius: 10)
[00:03:53 -59790.043873] SLOW spr round 3 (radius: 15)
[00:03:55 -59790.043872] SLOW spr round 4 (radius: 20)
[00:03:57 -59790.043872] SLOW spr round 5 (radius: 25)
[00:03:58 -59790.043872] Model parameter optimization (eps = 0.100000)

[00:04:05] ML tree search #9, logLikelihood: -59781.980578

[00:04:05 -132380.350176] Initial branch length optimization
[00:04:05 -61220.928927] Model parameter optimization (eps = 10.000000)
[00:04:06 -59803.910153] AUTODETECT spr round 1 (radius: 5)
[00:04:06 -59803.873097] SPR radius for FAST iterations: 5 (autodetect)
[00:04:06 -59803.873097] Model parameter optimization (eps = 3.000000)
[00:04:08 -59793.624339] FAST spr round 1 (radius: 5)
[00:04:09 -59793.569725] Model parameter optimization (eps = 1.000000)
[00:04:10 -59790.007606] SLOW spr round 1 (radius: 5)
[00:04:12 -59789.974878] SLOW spr round 2 (radius: 10)
[00:04:15 -59789.974417] SLOW spr round 3 (radius: 15)
[00:04:17 -59789.974417] SLOW spr round 4 (radius: 20)
[00:04:18 -59789.974417] SLOW spr round 5 (radius: 25)
[00:04:20 -59789.974417] Model parameter optimization (eps = 0.100000)

[00:04:26] ML tree search #10, logLikelihood: -59781.981256

[00:04:26 -132383.517751] Initial branch length optimization
[00:04:26 -61224.667927] Model parameter optimization (eps = 10.000000)
[00:04:27 -59804.882293] AUTODETECT spr round 1 (radius: 5)
[00:04:28 -59804.846629] SPR radius for FAST iterations: 5 (autodetect)
[00:04:28 -59804.846629] Model parameter optimization (eps = 3.000000)
[00:04:29 -59793.818441] FAST spr round 1 (radius: 5)
[00:04:30 -59793.757645] Model parameter optimization (eps = 1.000000)
[00:04:31 -59789.686760] SLOW spr round 1 (radius: 5)
[00:04:34 -59789.468428] SLOW spr round 2 (radius: 5)
[00:04:37 -59789.463374] SLOW spr round 3 (radius: 10)
[00:04:40 -59789.448652] SLOW spr round 4 (radius: 15)
[00:04:43 -59789.448652] SLOW spr round 5 (radius: 20)
[00:04:44 -59789.448652] SLOW spr round 6 (radius: 25)
[00:04:46 -59789.448652] Model parameter optimization (eps = 0.100000)

[00:04:53] ML tree search #11, logLikelihood: -59781.241840

[00:04:53 -132382.133407] Initial branch length optimization
[00:04:53 -61225.714362] Model parameter optimization (eps = 10.000000)
[00:04:54 -59806.698182] AUTODETECT spr round 1 (radius: 5)
[00:04:55 -59803.685263] AUTODETECT spr round 2 (radius: 10)
[00:04:56 -59803.683712] SPR radius for FAST iterations: 5 (autodetect)
[00:04:56 -59803.683712] Model parameter optimization (eps = 3.000000)
[00:04:57 -59793.566137] FAST spr round 1 (radius: 5)
[00:04:58 -59793.516799] Model parameter optimization (eps = 1.000000)
[00:04:59 -59790.012034] SLOW spr round 1 (radius: 5)
[00:05:02 -59789.965362] SLOW spr round 2 (radius: 10)
[00:05:05 -59789.964385] SLOW spr round 3 (radius: 15)
[00:05:07 -59789.964385] SLOW spr round 4 (radius: 20)
[00:05:08 -59789.964385] SLOW spr round 5 (radius: 25)
[00:05:09 -59789.964385] Model parameter optimization (eps = 0.100000)

[00:05:16] ML tree search #12, logLikelihood: -59781.964675

[00:05:16 -132382.113770] Initial branch length optimization
[00:05:16 -61225.714290] Model parameter optimization (eps = 10.000000)
[00:05:17 -59806.709192] AUTODETECT spr round 1 (radius: 5)
[00:05:18 -59803.683177] AUTODETECT spr round 2 (radius: 10)
[00:05:19 -59803.680464] SPR radius for FAST iterations: 5 (autodetect)
[00:05:19 -59803.680464] Model parameter optimization (eps = 3.000000)
[00:05:20 -59793.553266] FAST spr round 1 (radius: 5)
[00:05:21 -59793.501261] Model parameter optimization (eps = 1.000000)
[00:05:22 -59789.995581] SLOW spr round 1 (radius: 5)
[00:05:24 -59789.967279] SLOW spr round 2 (radius: 10)
[00:05:27 -59789.966609] SLOW spr round 3 (radius: 15)
[00:05:29 -59789.966609] SLOW spr round 4 (radius: 20)
[00:05:31 -59789.966609] SLOW spr round 5 (radius: 25)
[00:05:33 -59789.966609] Model parameter optimization (eps = 0.100000)

[00:05:40] ML tree search #13, logLikelihood: -59781.965518

[00:05:40 -132380.330546] Initial branch length optimization
[00:05:40 -61220.929124] Model parameter optimization (eps = 10.000000)
[00:05:41 -59803.908836] AUTODETECT spr round 1 (radius: 5)
[00:05:42 -59803.867741] SPR radius for FAST iterations: 5 (autodetect)
[00:05:42 -59803.867741] Model parameter optimization (eps = 3.000000)
[00:05:43 -59793.615682] FAST spr round 1 (radius: 5)
[00:05:44 -59793.564421] Model parameter optimization (eps = 1.000000)
[00:05:45 -59790.004293] SLOW spr round 1 (radius: 5)
[00:05:48 -59789.970451] SLOW spr round 2 (radius: 10)
[00:05:51 -59789.968955] SLOW spr round 3 (radius: 15)
[00:05:53 -59789.968955] SLOW spr round 4 (radius: 20)
[00:05:55 -59789.954274] SLOW spr round 5 (radius: 25)
[00:05:56 -59789.954274] Model parameter optimization (eps = 0.100000)

[00:06:04] ML tree search #14, logLikelihood: -59781.966418

[00:06:04 -132380.821642] Initial branch length optimization
[00:06:04 -61221.677818] Model parameter optimization (eps = 10.000000)
[00:06:05 -59803.869226] AUTODETECT spr round 1 (radius: 5)
[00:06:06 -59803.834438] SPR radius for FAST iterations: 5 (autodetect)
[00:06:06 -59803.834438] Model parameter optimization (eps = 3.000000)
[00:06:07 -59793.548781] FAST spr round 1 (radius: 5)
[00:06:08 -59793.492711] Model parameter optimization (eps = 1.000000)
[00:06:09 -59789.753151] SLOW spr round 1 (radius: 5)
[00:06:12 -59789.707411] SLOW spr round 2 (radius: 10)
[00:06:15 -59789.706297] SLOW spr round 3 (radius: 15)
[00:06:18 -59789.706297] SLOW spr round 4 (radius: 20)
[00:06:19 -59789.706297] SLOW spr round 5 (radius: 25)
[00:06:20 -59789.706297] Model parameter optimization (eps = 0.100000)

[00:06:26] ML tree search #15, logLikelihood: -59781.255617

[00:06:26 -132381.323487] Initial branch length optimization
[00:06:26 -61221.688558] Model parameter optimization (eps = 10.000000)
[00:06:28 -59803.939532] AUTODETECT spr round 1 (radius: 5)
[00:06:28 -59803.906679] SPR radius for FAST iterations: 5 (autodetect)
[00:06:28 -59803.906679] Model parameter optimization (eps = 3.000000)
[00:06:29 -59793.631912] FAST spr round 1 (radius: 5)
[00:06:31 -59793.580605] Model parameter optimization (eps = 1.000000)
[00:06:32 -59789.841672] SLOW spr round 1 (radius: 5)
[00:06:34 -59789.800085] SLOW spr round 2 (radius: 10)
[00:06:37 -59789.798861] SLOW spr round 3 (radius: 15)
[00:06:39 -59789.798861] SLOW spr round 4 (radius: 20)
[00:06:41 -59789.798861] SLOW spr round 5 (radius: 25)
[00:06:43 -59789.798861] Model parameter optimization (eps = 0.100000)

[00:06:50] ML tree search #16, logLikelihood: -59781.251676



Final LogLikelihood: -59780.962947

AIC score: 119951.925894 / AICc score: 119954.566127 / BIC score: 121566.553502
Free parameters (model + branch lengths): 195

Best ML tree saved to: /home/hikoyu/analysis/Genome/SARS-CoV-2/phylogeny/RAxML-NG/DNA/part/uni/SARS-CoV-2_200318.7.raxml.bestTree
All ML trees saved to: /home/hikoyu/analysis/Genome/SARS-CoV-2/phylogeny/RAxML-NG/DNA/part/uni/SARS-CoV-2_200318.7.raxml.mlTrees
Optimized model saved to: /home/hikoyu/analysis/Genome/SARS-CoV-2/phylogeny/RAxML-NG/DNA/part/uni/SARS-CoV-2_200318.7.raxml.bestModel

Execution log saved to: /home/hikoyu/analysis/Genome/SARS-CoV-2/phylogeny/RAxML-NG/DNA/part/uni/SARS-CoV-2_200318.7.raxml.log

Analysis started: 19-Mar-2020 04:26:42 / finished: 19-Mar-2020 04:33:32

Elapsed time: 410.106 seconds

