
RAxML-NG v. 0.9.0 released on 20.05.2019 by The Exelixis Lab.
Developed by: Alexey M. Kozlov and Alexandros Stamatakis.
Contributors: Diego Darriba, Tomas Flouri, Benoit Morel, Sarah Lutteropp, Ben Bettisworth.
Latest version: https://github.com/amkozlov/raxml-ng
Questions/problems/suggestions? Please visit: https://groups.google.com/forum/#!forum/raxml

RAxML-NG was called at 16-Mar-2020 05:10:16 as follows:

raxml-ng --threads 1 --bootstrap --bs-trees 83 --seed 491151762 --prefix phylogeny/RAxML-NG/DNA/part/uni/SARS-CoV-2_200314.5 --msa phylogeny/RAxML-NG/DNA/part/uni/SARS-CoV-2_200314.raxml.rba --outgroup MG772933.1

Analysis options:
  run mode: Bootstrapping
  start tree(s): 
  bootstrap replicates: 83
  random seed: 491151762
  tip-inner: OFF
  pattern compression: ON
  per-rate scalers: OFF
  site repeats: ON
  branch lengths: proportional (ML estimate, algorithm: NR-FAST)
  SIMD kernels: AVX2
  parallelization: NONE/sequential

[00:00:00] Loading binary alignment from file: phylogeny/RAxML-NG/DNA/part/uni/SARS-CoV-2_200314.raxml.rba
[00:00:00] Alignment comprises 89 taxa, 11 partitions and 464 patterns

Partition 0: orf1ab_U
Model: TIM2+I+G4m+B
Alignment sites / patterns: 13215 / 137
Gaps: 0.10 %
Invariant sites: 88.64 %

Partition 1: orf1ab_D
Model: TIM2+I+G4m+B
Alignment sites / patterns: 8088 / 72
Gaps: 0.00 %
Invariant sites: 84.69 %

Partition 2: S
Model: TIM2+I+B
Alignment sites / patterns: 3822 / 85
Gaps: 0.04 %
Invariant sites: 74.52 %

Partition 3: ORF3a
Model: HKY+FO+G4m+B
Alignment sites / patterns: 828 / 30
Gaps: 0.00 %
Invariant sites: 85.63 %

Partition 4: E
Model: JC+B
Alignment sites / patterns: 228 / 8
Gaps: 0.00 %
Invariant sites: 97.81 %

Partition 5: M
Model: K80+I+B
Alignment sites / patterns: 669 / 33
Gaps: 0.01 %
Invariant sites: 90.88 %

Partition 6: ORF6
Model: HKY+FO+B
Alignment sites / patterns: 186 / 11
Gaps: 0.00 %
Invariant sites: 93.55 %

Partition 7: ORF7a
Model: HKY+FO+I+B
Alignment sites / patterns: 366 / 20
Gaps: 0.00 %
Invariant sites: 87.43 %

Partition 8: ORF8
Model: TN93ef+I+G4m+B
Alignment sites / patterns: 366 / 23
Gaps: 0.00 %
Invariant sites: 86.34 %

Partition 9: N
Model: HKY+FO+I+B
Alignment sites / patterns: 1260 / 38
Gaps: 0.00 %
Invariant sites: 89.21 %

Partition 10: ORF10
Model: JC+B
Alignment sites / patterns: 117 / 7
Gaps: 0.00 %
Invariant sites: 97.44 %


[00:00:00] Data distribution: max. partitions/sites/weight per thread: 11 / 464 / 5000
[00:00:00] Starting bootstrapping analysis with 83 replicates.

[00:00:33] Bootstrap tree #1, logLikelihood: -59868.307955
[00:01:09] Bootstrap tree #2, logLikelihood: -60226.206747
[00:01:43] Bootstrap tree #3, logLikelihood: -59866.249408
[00:02:19] Bootstrap tree #4, logLikelihood: -59742.002497
[00:02:51] Bootstrap tree #5, logLikelihood: -60243.233713
[00:03:24] Bootstrap tree #6, logLikelihood: -60057.630392
[00:04:09] Bootstrap tree #7, logLikelihood: -59926.635632
[00:04:40] Bootstrap tree #8, logLikelihood: -59275.120655
[00:05:16] Bootstrap tree #9, logLikelihood: -59805.126033
[00:05:52] Bootstrap tree #10, logLikelihood: -59679.013458
[00:06:32] Bootstrap tree #11, logLikelihood: -59742.282075
[00:07:14] Bootstrap tree #12, logLikelihood: -59837.519412
[00:07:51] Bootstrap tree #13, logLikelihood: -59925.569726
[00:08:27] Bootstrap tree #14, logLikelihood: -59520.161195
[00:09:02] Bootstrap tree #15, logLikelihood: -59815.896986
[00:09:30] Bootstrap tree #16, logLikelihood: -59397.322653
[00:10:02] Bootstrap tree #17, logLikelihood: -59725.516611
[00:10:43] Bootstrap tree #18, logLikelihood: -59492.742932
[00:11:27] Bootstrap tree #19, logLikelihood: -59610.100652
[00:12:02] Bootstrap tree #20, logLikelihood: -59793.335901
[00:12:34] Bootstrap tree #21, logLikelihood: -59366.137984
[00:13:35] Bootstrap tree #22, logLikelihood: -59947.207093
[00:14:09] Bootstrap tree #23, logLikelihood: -59797.047859
[00:14:43] Bootstrap tree #24, logLikelihood: -59484.553220
[00:15:23] Bootstrap tree #25, logLikelihood: -59640.777837
[00:15:56] Bootstrap tree #26, logLikelihood: -59408.620601
[00:16:44] Bootstrap tree #27, logLikelihood: -59796.178419
[00:17:18] Bootstrap tree #28, logLikelihood: -59152.967533
[00:17:54] Bootstrap tree #29, logLikelihood: -60102.515213
[00:18:31] Bootstrap tree #30, logLikelihood: -59993.737214
[00:19:07] Bootstrap tree #31, logLikelihood: -59423.442624
[00:19:40] Bootstrap tree #32, logLikelihood: -59400.698244
[00:20:17] Bootstrap tree #33, logLikelihood: -59915.427355
[00:21:25] Bootstrap tree #34, logLikelihood: -59788.193105
[00:22:02] Bootstrap tree #35, logLikelihood: -59763.554075
[00:22:46] Bootstrap tree #36, logLikelihood: -59779.737034
[00:23:35] Bootstrap tree #37, logLikelihood: -59403.433055
[00:24:13] Bootstrap tree #38, logLikelihood: -60178.376491
[00:24:49] Bootstrap tree #39, logLikelihood: -59593.288405
[00:25:24] Bootstrap tree #40, logLikelihood: -59513.328806
[00:26:02] Bootstrap tree #41, logLikelihood: -59760.637282
[00:26:38] Bootstrap tree #42, logLikelihood: -59896.271937
[00:27:13] Bootstrap tree #43, logLikelihood: -60175.601339
[00:28:03] Bootstrap tree #44, logLikelihood: -59800.579068
[00:28:45] Bootstrap tree #45, logLikelihood: -59394.510246
[00:29:23] Bootstrap tree #46, logLikelihood: -60101.391059
[00:29:59] Bootstrap tree #47, logLikelihood: -59854.467381
[00:30:32] Bootstrap tree #48, logLikelihood: -59765.468065
[00:31:05] Bootstrap tree #49, logLikelihood: -59945.487977
[00:31:38] Bootstrap tree #50, logLikelihood: -59855.531255
[00:32:07] Bootstrap tree #51, logLikelihood: -59778.421696
[00:33:00] Bootstrap tree #52, logLikelihood: -60458.245469
[00:33:39] Bootstrap tree #53, logLikelihood: -59919.130571
[00:34:17] Bootstrap tree #54, logLikelihood: -59854.591508
[00:34:52] Bootstrap tree #55, logLikelihood: -59987.700782
[00:35:35] Bootstrap tree #56, logLikelihood: -59646.540228
[00:36:11] Bootstrap tree #57, logLikelihood: -59703.976510
[00:36:44] Bootstrap tree #58, logLikelihood: -59878.442407
[00:37:22] Bootstrap tree #59, logLikelihood: -59493.037791
[00:37:57] Bootstrap tree #60, logLikelihood: -59949.887037
[00:38:29] Bootstrap tree #61, logLikelihood: -59728.705266
[00:39:03] Bootstrap tree #62, logLikelihood: -59976.701267
[00:39:47] Bootstrap tree #63, logLikelihood: -59661.354185
[00:40:16] Bootstrap tree #64, logLikelihood: -59448.199890
[00:40:51] Bootstrap tree #65, logLikelihood: -59704.041194
[00:41:30] Bootstrap tree #66, logLikelihood: -60022.131223
[00:42:14] Bootstrap tree #67, logLikelihood: -59632.093709
[00:42:48] Bootstrap tree #68, logLikelihood: -60068.219491
[00:43:22] Bootstrap tree #69, logLikelihood: -59951.011993
[00:44:00] Bootstrap tree #70, logLikelihood: -59661.315478
[00:44:36] Bootstrap tree #71, logLikelihood: -60164.921667
[00:45:17] Bootstrap tree #72, logLikelihood: -59812.715035
[00:45:49] Bootstrap tree #73, logLikelihood: -60320.134696
[00:46:24] Bootstrap tree #74, logLikelihood: -60074.260306
[00:46:58] Bootstrap tree #75, logLikelihood: -60124.175456
[00:47:28] Bootstrap tree #76, logLikelihood: -59754.702445
[00:48:03] Bootstrap tree #77, logLikelihood: -59585.833862
[00:48:45] Bootstrap tree #78, logLikelihood: -59915.005480
[00:49:26] Bootstrap tree #79, logLikelihood: -59929.730178
[00:50:09] Bootstrap tree #80, logLikelihood: -60273.470591
[00:50:42] Bootstrap tree #81, logLikelihood: -59264.042927
[00:51:19] Bootstrap tree #82, logLikelihood: -59673.481895
[00:51:50] Bootstrap tree #83, logLikelihood: -59610.114294

Bootstrap trees saved to: /home/hikoyu/analysis/Genome/SARS-CoV-2/phylogeny/RAxML-NG/DNA/part/uni/SARS-CoV-2_200314.5.raxml.bootstraps

Execution log saved to: /home/hikoyu/analysis/Genome/SARS-CoV-2/phylogeny/RAxML-NG/DNA/part/uni/SARS-CoV-2_200314.5.raxml.log

Analysis started: 16-Mar-2020 05:10:16 / finished: 16-Mar-2020 06:02:06

Elapsed time: 3110.490 seconds

