
RAxML-NG v. 0.9.0 released on 20.05.2019 by The Exelixis Lab.
Developed by: Alexey M. Kozlov and Alexandros Stamatakis.
Contributors: Diego Darriba, Tomas Flouri, Benoit Morel, Sarah Lutteropp, Ben Bettisworth.
Latest version: https://github.com/amkozlov/raxml-ng
Questions/problems/suggestions? Please visit: https://groups.google.com/forum/#!forum/raxml

RAxML-NG was called at 21-Mar-2020 20:14:05 as follows:

raxml-ng --threads 1 --parse --prefix phylogeny/RAxML-NG/DNA/part/uni/SARS-CoV-2_200320 --msa phylogeny/SARS-CoV-2_200320.aln.concat.fna --msa-format FASTA --data-type DNA --model phylogeny/ModelTest-NG/DNA/part/uni/SARS-CoV-2_200320.part.bic

Analysis options:
  run mode: Alignment parsing and compression
  start tree(s): 
  random seed: 1584789245
  tip-inner: OFF
  pattern compression: ON
  per-rate scalers: OFF
  site repeats: ON
  branch lengths: proportional (ML estimate, algorithm: NR-FAST)
  SIMD kernels: AVX2
  parallelization: NONE/sequential

[00:00:00] Reading alignment from file: phylogeny/SARS-CoV-2_200320.aln.concat.fna
[00:00:00] Loaded alignment with 78 taxa and 29148 sites

WARNING: Sequences LC522974.1 and LC522975.1 are exactly identical!
WARNING: Sequences LR757995.1 and MT066175.1 are exactly identical!
WARNING: Sequences LR757996.1 and MN908947.3 are exactly identical!
WARNING: Sequences LR757996.1 and MN988668.1 are exactly identical!
WARNING: Sequences LR757996.1 and MN988669.1 are exactly identical!
WARNING: Sequences LR757996.1 and MN996528.1 are exactly identical!
WARNING: Sequences LR757996.1 and MN996530.1 are exactly identical!
WARNING: Sequences LR757996.1 and MT019530.1 are exactly identical!
WARNING: Sequences LR757996.1 and MT019532.1 are exactly identical!
WARNING: Sequences LR757996.1 and MT039873.1 are exactly identical!
WARNING: Sequences LR757996.1 and MT093631.2 are exactly identical!
WARNING: Sequences LR757996.1 and MT192759.1 are exactly identical!
WARNING: Sequences MN985325.1 and MT020880.1 are exactly identical!
WARNING: Sequences MN985325.1 and MT020881.1 are exactly identical!
WARNING: Sequences MT027062.1 and MT027063.1 are exactly identical!
WARNING: Sequences MT135041.1 and MT135042.1 are exactly identical!
WARNING: Sequences MT135041.1 and MT135044.1 are exactly identical!
WARNING: Sequences MT163717.1 and MT163718.1 are exactly identical!
WARNING: Sequences MT192772.1 and MT192773.1 are exactly identical!
WARNING: Duplicate sequences found: 19

NOTE: Reduced alignment (with duplicates and gap-only sites/taxa removed) 
NOTE: was saved to: /home/hikoyu/analysis/Genome/SARS-CoV-2/phylogeny/RAxML-NG/DNA/part/uni/SARS-CoV-2_200320.raxml.reduced.phy

NOTE: The corresponding reduced partition file was saved to:
/home/hikoyu/analysis/Genome/SARS-CoV-2/phylogeny/RAxML-NG/DNA/part/uni/SARS-CoV-2_200320.raxml.reduced.partition

Alignment comprises 11 partitions and 458 patterns

Partition 0: orf1ab_U
Model: TIM2+I+G4m+B
Alignment sites / patterns: 13215 / 128
Gaps: 0.10 %
Invariant sites: 88.69 %

Partition 1: orf1ab_D
Model: TIM2+I+G4m+B
Alignment sites / patterns: 8091 / 79
Gaps: 0.04 %
Invariant sites: 84.64 %

Partition 2: S
Model: TIM2+I+B
Alignment sites / patterns: 3822 / 85
Gaps: 0.04 %
Invariant sites: 74.49 %

Partition 3: ORF3a
Model: HKY+FO+G4m+B
Alignment sites / patterns: 828 / 30
Gaps: 0.00 %
Invariant sites: 85.63 %

Partition 4: E
Model: JC+B
Alignment sites / patterns: 228 / 7
Gaps: 0.00 %
Invariant sites: 98.25 %

Partition 5: M
Model: K80+I+B
Alignment sites / patterns: 669 / 33
Gaps: 0.01 %
Invariant sites: 90.88 %

Partition 6: ORF6
Model: HKY+FO+B
Alignment sites / patterns: 186 / 11
Gaps: 0.00 %
Invariant sites: 93.55 %

Partition 7: ORF7a
Model: HKY+FO+I+B
Alignment sites / patterns: 366 / 20
Gaps: 0.00 %
Invariant sites: 87.43 %

Partition 8: ORF8
Model: TN93ef+I+G4m+B
Alignment sites / patterns: 366 / 23
Gaps: 0.00 %
Invariant sites: 86.34 %

Partition 9: N
Model: TIM2+I+B
Alignment sites / patterns: 1260 / 35
Gaps: 0.00 %
Invariant sites: 89.37 %

Partition 10: ORF10
Model: JC+B
Alignment sites / patterns: 117 / 7
Gaps: 0.00 %
Invariant sites: 97.44 %


NOTE: Binary MSA file created: phylogeny/RAxML-NG/DNA/part/uni/SARS-CoV-2_200320.raxml.rba

* Estimated memory requirements                : 6 MB

* Recommended number of threads / MPI processes: 1

Please note that numbers given above are rough estimates only. 
Actual memory consumption and parallel performance on your system may differ!

Alignment can be successfully read by RAxML-NG.


Execution log saved to: /home/hikoyu/analysis/Genome/SARS-CoV-2/phylogeny/RAxML-NG/DNA/part/uni/SARS-CoV-2_200320.raxml.log

Analysis started: 21-Mar-2020 20:14:05 / finished: 21-Mar-2020 20:14:05

Elapsed time: 0.091 seconds

