
RAxML-NG v. 0.9.0 released on 20.05.2019 by The Exelixis Lab.
Developed by: Alexey M. Kozlov and Alexandros Stamatakis.
Contributors: Diego Darriba, Tomas Flouri, Benoit Morel, Sarah Lutteropp, Ben Bettisworth.
Latest version: https://github.com/amkozlov/raxml-ng
Questions/problems/suggestions? Please visit: https://groups.google.com/forum/#!forum/raxml

RAxML-NG was called at 19-Mar-2020 04:26:27 as follows:

raxml-ng --threads 1 --search --tree rand{8},pars{8} --seed 2540526993 --prefix phylogeny/RAxML-NG/DNA/part/uni/SARS-CoV-2_200318.5 --msa phylogeny/RAxML-NG/DNA/part/uni/SARS-CoV-2_200318.raxml.rba --outgroup MG772933.1

Analysis options:
  run mode: ML tree search
  start tree(s): random (8) + parsimony (8)
  random seed: 2540526993
  tip-inner: OFF
  pattern compression: ON
  per-rate scalers: OFF
  site repeats: ON
  fast spr radius: AUTO
  spr subtree cutoff: 1.000000
  branch lengths: proportional (ML estimate, algorithm: NR-FAST)
  SIMD kernels: AVX2
  parallelization: NONE/sequential

[00:00:00] Loading binary alignment from file: phylogeny/RAxML-NG/DNA/part/uni/SARS-CoV-2_200318.raxml.rba
[00:00:00] Alignment comprises 74 taxa, 11 partitions and 454 patterns

Partition 0: orf1ab_U
Model: TIM2+I+G4m+B
Alignment sites / patterns: 13215 / 126
Gaps: 0.10 %
Invariant sites: 88.69 %

Partition 1: orf1ab_D
Model: TIM2+I+G4m+B
Alignment sites / patterns: 8091 / 78
Gaps: 0.04 %
Invariant sites: 84.66 %

Partition 2: S
Model: TIM2+I+B
Alignment sites / patterns: 3822 / 84
Gaps: 0.05 %
Invariant sites: 74.52 %

Partition 3: ORF3a
Model: HKY+FO+G4m+B
Alignment sites / patterns: 828 / 30
Gaps: 0.00 %
Invariant sites: 85.63 %

Partition 4: E
Model: JC+B
Alignment sites / patterns: 228 / 7
Gaps: 0.00 %
Invariant sites: 98.25 %

Partition 5: M
Model: K80+I+B
Alignment sites / patterns: 669 / 33
Gaps: 0.01 %
Invariant sites: 90.88 %

Partition 6: ORF6
Model: HKY+FO+B
Alignment sites / patterns: 186 / 11
Gaps: 0.00 %
Invariant sites: 93.55 %

Partition 7: ORF7a
Model: HKY+FO+I+B
Alignment sites / patterns: 366 / 20
Gaps: 0.00 %
Invariant sites: 87.43 %

Partition 8: ORF8
Model: TN93ef+I+G4m+B
Alignment sites / patterns: 366 / 23
Gaps: 0.00 %
Invariant sites: 86.34 %

Partition 9: N
Model: TN93+FO+I+B
Alignment sites / patterns: 1260 / 35
Gaps: 0.00 %
Invariant sites: 89.37 %

Partition 10: ORF10
Model: JC+B
Alignment sites / patterns: 117 / 7
Gaps: 0.00 %
Invariant sites: 97.44 %


[00:00:00] Generating 8 random starting tree(s) with 74 taxa
[00:00:00] Generating 8 parsimony starting tree(s) with 74 taxa
[00:00:00] Data distribution: max. partitions/sites/weight per thread: 11 / 454 / 4900

Starting ML tree search with 16 distinct starting trees

[00:00:00 -134944.887821] Initial branch length optimization
[00:00:00 -62620.797808] Model parameter optimization (eps = 10.000000)
[00:00:02 -60623.934965] AUTODETECT spr round 1 (radius: 5)
[00:00:02 -60339.162279] AUTODETECT spr round 2 (radius: 10)
[00:00:03 -60094.435423] AUTODETECT spr round 3 (radius: 15)
[00:00:04 -59970.990851] AUTODETECT spr round 4 (radius: 20)
[00:00:05 -59970.967639] SPR radius for FAST iterations: 15 (autodetect)
[00:00:05 -59970.967639] Model parameter optimization (eps = 3.000000)
[00:00:07 -59921.836424] FAST spr round 1 (radius: 15)
[00:00:09 -59790.070919] FAST spr round 2 (radius: 15)
[00:00:11 -59790.069146] Model parameter optimization (eps = 1.000000)
[00:00:12 -59784.398450] SLOW spr round 1 (radius: 5)
[00:00:15 -59784.390845] SLOW spr round 2 (radius: 10)
[00:00:17 -59784.390776] SLOW spr round 3 (radius: 15)
[00:00:20 -59784.390775] SLOW spr round 4 (radius: 20)
[00:00:22 -59784.390775] SLOW spr round 5 (radius: 25)
[00:00:23 -59784.390775] Model parameter optimization (eps = 0.100000)

[00:00:26] ML tree search #1, logLikelihood: -59780.969617

[00:00:26 -134940.883466] Initial branch length optimization
[00:00:26 -62602.984782] Model parameter optimization (eps = 10.000000)
[00:00:28 -60624.876769] AUTODETECT spr round 1 (radius: 5)
[00:00:28 -60196.990802] AUTODETECT spr round 2 (radius: 10)
[00:00:29 -59926.273579] AUTODETECT spr round 3 (radius: 15)
[00:00:30 -59897.086666] AUTODETECT spr round 4 (radius: 20)
[00:00:31 -59897.086637] SPR radius for FAST iterations: 15 (autodetect)
[00:00:31 -59897.086637] Model parameter optimization (eps = 3.000000)
[00:00:33 -59843.085048] FAST spr round 1 (radius: 15)
[00:00:36 -59788.529843] FAST spr round 2 (radius: 15)
[00:00:38 -59788.527298] Model parameter optimization (eps = 1.000000)
[00:00:39 -59783.846061] SLOW spr round 1 (radius: 5)
[00:00:42 -59783.839790] SLOW spr round 2 (radius: 10)
[00:00:46 -59783.839751] SLOW spr round 3 (radius: 15)
[00:00:48 -59783.839750] SLOW spr round 4 (radius: 20)
[00:00:49 -59783.839750] SLOW spr round 5 (radius: 25)
[00:00:50 -59783.839750] Model parameter optimization (eps = 0.100000)

[00:00:53] ML tree search #2, logLikelihood: -59780.965737

[00:00:53 -134963.334868] Initial branch length optimization
[00:00:53 -62688.016546] Model parameter optimization (eps = 10.000000)
[00:00:55 -60657.554043] AUTODETECT spr round 1 (radius: 5)
[00:00:55 -60231.535726] AUTODETECT spr round 2 (radius: 10)
[00:00:56 -59990.818814] AUTODETECT spr round 3 (radius: 15)
[00:00:57 -59917.715054] AUTODETECT spr round 4 (radius: 20)
[00:00:58 -59917.715044] SPR radius for FAST iterations: 15 (autodetect)
[00:00:58 -59917.715044] Model parameter optimization (eps = 3.000000)
[00:00:59 -59881.410143] FAST spr round 1 (radius: 15)
[00:01:02 -59809.398901] FAST spr round 2 (radius: 15)
[00:01:04 -59809.390188] Model parameter optimization (eps = 1.000000)
[00:01:07 -59783.995820] SLOW spr round 1 (radius: 5)
[00:01:10 -59783.988743] SLOW spr round 2 (radius: 10)
[00:01:13 -59783.988666] SLOW spr round 3 (radius: 15)
[00:01:16 -59783.988664] SLOW spr round 4 (radius: 20)
[00:01:18 -59783.988664] SLOW spr round 5 (radius: 25)
[00:01:20 -59783.988664] Model parameter optimization (eps = 0.100000)

[00:01:23] ML tree search #3, logLikelihood: -59780.963923

[00:01:23 -134940.878674] Initial branch length optimization
[00:01:23 -62604.992895] Model parameter optimization (eps = 10.000000)
[00:01:25 -60617.273496] AUTODETECT spr round 1 (radius: 5)
[00:01:26 -60306.924804] AUTODETECT spr round 2 (radius: 10)
[00:01:27 -60060.715429] AUTODETECT spr round 3 (radius: 15)
[00:01:28 -59961.518734] AUTODETECT spr round 4 (radius: 20)
[00:01:28 -59961.518732] SPR radius for FAST iterations: 15 (autodetect)
[00:01:28 -59961.518732] Model parameter optimization (eps = 3.000000)
[00:01:29 -59923.684159] FAST spr round 1 (radius: 15)
[00:01:32 -59863.065512] FAST spr round 2 (radius: 15)
[00:01:34 -59863.063280] Model parameter optimization (eps = 1.000000)
[00:01:35 -59861.375455] SLOW spr round 1 (radius: 5)
[00:01:38 -59861.370532] SLOW spr round 2 (radius: 10)
[00:01:40 -59861.355476] SLOW spr round 3 (radius: 15)
[00:01:42 -59802.959098] SLOW spr round 4 (radius: 5)
[00:01:45 -59802.949472] SLOW spr round 5 (radius: 10)
[00:01:48 -59802.948885] SLOW spr round 6 (radius: 15)
[00:01:51 -59802.948823] SLOW spr round 7 (radius: 20)
[00:01:53 -59802.948816] SLOW spr round 8 (radius: 25)
[00:01:54 -59802.948816] Model parameter optimization (eps = 0.100000)

[00:02:00] ML tree search #4, logLikelihood: -59780.966063

[00:02:00 -134956.339628] Initial branch length optimization
[00:02:00 -62644.694109] Model parameter optimization (eps = 10.000000)
[00:02:02 -60637.267718] AUTODETECT spr round 1 (radius: 5)
[00:02:03 -60246.709755] AUTODETECT spr round 2 (radius: 10)
[00:02:04 -59960.564682] AUTODETECT spr round 3 (radius: 15)
[00:02:05 -59914.172134] AUTODETECT spr round 4 (radius: 20)
[00:02:05 -59913.806126] AUTODETECT spr round 5 (radius: 25)
[00:02:06 -59909.155628] SPR radius for FAST iterations: 25 (autodetect)
[00:02:06 -59909.155628] Model parameter optimization (eps = 3.000000)
[00:02:08 -59859.280975] FAST spr round 1 (radius: 25)
[00:02:11 -59789.874147] FAST spr round 2 (radius: 25)
[00:02:13 -59789.872817] Model parameter optimization (eps = 1.000000)
[00:02:14 -59784.090609] SLOW spr round 1 (radius: 5)
[00:02:17 -59784.086642] SLOW spr round 2 (radius: 10)
[00:02:20 -59784.086570] SLOW spr round 3 (radius: 15)
[00:02:22 -59784.086568] SLOW spr round 4 (radius: 20)
[00:02:24 -59784.086568] SLOW spr round 5 (radius: 25)
[00:02:25 -59784.086568] Model parameter optimization (eps = 0.100000)

[00:02:28] ML tree search #5, logLikelihood: -59780.964882

[00:02:28 -134942.485366] Initial branch length optimization
[00:02:28 -62596.720878] Model parameter optimization (eps = 10.000000)
[00:02:30 -60611.755341] AUTODETECT spr round 1 (radius: 5)
[00:02:31 -60183.063987] AUTODETECT spr round 2 (radius: 10)
[00:02:32 -60041.143638] AUTODETECT spr round 3 (radius: 15)
[00:02:33 -59995.723781] AUTODETECT spr round 4 (radius: 20)
[00:02:34 -59995.606069] AUTODETECT spr round 5 (radius: 25)
[00:02:34 -59995.596121] SPR radius for FAST iterations: 20 (autodetect)
[00:02:34 -59995.596121] Model parameter optimization (eps = 3.000000)
[00:02:36 -59960.205185] FAST spr round 1 (radius: 20)
[00:02:39 -59805.523106] FAST spr round 2 (radius: 20)
[00:02:41 -59805.513212] Model parameter optimization (eps = 1.000000)
[00:02:44 -59784.247404] SLOW spr round 1 (radius: 5)
[00:02:47 -59784.241314] SLOW spr round 2 (radius: 10)
[00:02:50 -59784.241203] SLOW spr round 3 (radius: 15)
[00:02:52 -59784.241199] SLOW spr round 4 (radius: 20)
[00:02:54 -59784.241199] SLOW spr round 5 (radius: 25)
[00:02:55 -59784.241199] Model parameter optimization (eps = 0.100000)

[00:02:58] ML tree search #6, logLikelihood: -59780.965011

[00:02:58 -134582.764175] Initial branch length optimization
[00:02:58 -62562.707938] Model parameter optimization (eps = 10.000000)
[00:03:00 -60599.691152] AUTODETECT spr round 1 (radius: 5)
[00:03:01 -60114.769122] AUTODETECT spr round 2 (radius: 10)
[00:03:02 -59997.186201] AUTODETECT spr round 3 (radius: 15)
[00:03:02 -59952.040664] AUTODETECT spr round 4 (radius: 20)
[00:03:03 -59934.867795] AUTODETECT spr round 5 (radius: 25)
[00:03:04 -59934.867793] SPR radius for FAST iterations: 20 (autodetect)
[00:03:04 -59934.867793] Model parameter optimization (eps = 3.000000)
[00:03:06 -59888.237566] FAST spr round 1 (radius: 20)
[00:03:08 -59790.640865] FAST spr round 2 (radius: 20)
[00:03:10 -59790.638892] Model parameter optimization (eps = 1.000000)
[00:03:11 -59784.334043] SLOW spr round 1 (radius: 5)
[00:03:14 -59784.328624] SLOW spr round 2 (radius: 10)
[00:03:16 -59784.328559] SLOW spr round 3 (radius: 15)
[00:03:18 -59784.328557] SLOW spr round 4 (radius: 20)
[00:03:20 -59784.328557] SLOW spr round 5 (radius: 25)
[00:03:21 -59784.328557] Model parameter optimization (eps = 0.100000)

[00:03:24] ML tree search #7, logLikelihood: -59780.985434

[00:03:24 -134942.186470] Initial branch length optimization
[00:03:24 -62585.167345] Model parameter optimization (eps = 10.000000)
[00:03:26 -60610.903470] AUTODETECT spr round 1 (radius: 5)
[00:03:27 -60280.923279] AUTODETECT spr round 2 (radius: 10)
[00:03:28 -59972.961677] AUTODETECT spr round 3 (radius: 15)
[00:03:29 -59896.325139] AUTODETECT spr round 4 (radius: 20)
[00:03:30 -59896.323046] SPR radius for FAST iterations: 15 (autodetect)
[00:03:30 -59896.323046] Model parameter optimization (eps = 3.000000)
[00:03:32 -59841.935192] FAST spr round 1 (radius: 15)
[00:03:35 -59788.159936] FAST spr round 2 (radius: 15)
[00:03:37 -59788.158281] Model parameter optimization (eps = 1.000000)
[00:03:38 -59784.435304] SLOW spr round 1 (radius: 5)
[00:03:41 -59784.427697] SLOW spr round 2 (radius: 10)
[00:03:44 -59784.427625] SLOW spr round 3 (radius: 15)
[00:03:47 -59784.427623] SLOW spr round 4 (radius: 20)
[00:03:48 -59784.427623] SLOW spr round 5 (radius: 25)
[00:03:49 -59784.427623] Model parameter optimization (eps = 0.100000)

[00:03:52] ML tree search #8, logLikelihood: -59780.967829

[00:03:52 -132387.977614] Initial branch length optimization
[00:03:52 -61242.959385] Model parameter optimization (eps = 10.000000)
[00:03:53 -59823.054867] AUTODETECT spr round 1 (radius: 5)
[00:03:54 -59803.722264] AUTODETECT spr round 2 (radius: 10)
[00:03:55 -59803.718390] SPR radius for FAST iterations: 5 (autodetect)
[00:03:55 -59803.718390] Model parameter optimization (eps = 3.000000)
[00:03:56 -59793.507136] FAST spr round 1 (radius: 5)
[00:03:57 -59793.454568] Model parameter optimization (eps = 1.000000)
[00:03:58 -59789.760940] SLOW spr round 1 (radius: 5)
[00:04:01 -59789.733508] SLOW spr round 2 (radius: 10)
[00:04:04 -59789.732244] SLOW spr round 3 (radius: 15)
[00:04:06 -59789.732244] SLOW spr round 4 (radius: 20)
[00:04:07 -59789.732244] SLOW spr round 5 (radius: 25)
[00:04:09 -59789.732244] Model parameter optimization (eps = 0.100000)

[00:04:15] ML tree search #9, logLikelihood: -59781.249542

[00:04:15 -132382.955443] Initial branch length optimization
[00:04:15 -61223.920588] Model parameter optimization (eps = 10.000000)
[00:04:17 -59804.901911] AUTODETECT spr round 1 (radius: 5)
[00:04:17 -59803.574419] AUTODETECT spr round 2 (radius: 10)
[00:04:18 -59803.573928] SPR radius for FAST iterations: 5 (autodetect)
[00:04:18 -59803.573928] Model parameter optimization (eps = 3.000000)
[00:04:20 -59793.479099] FAST spr round 1 (radius: 5)
[00:04:21 -59793.428890] Model parameter optimization (eps = 1.000000)
[00:04:22 -59789.936887] SLOW spr round 1 (radius: 5)
[00:04:24 -59789.901900] SLOW spr round 2 (radius: 10)
[00:04:27 -59789.886071] SLOW spr round 3 (radius: 15)
[00:04:30 -59789.886071] SLOW spr round 4 (radius: 20)
[00:04:31 -59789.886071] SLOW spr round 5 (radius: 25)
[00:04:31 -59789.886071] Model parameter optimization (eps = 0.100000)

[00:04:38] ML tree search #10, logLikelihood: -59781.965130

[00:04:38 -132380.904864] Initial branch length optimization
[00:04:38 -61221.675528] Model parameter optimization (eps = 10.000000)
[00:04:39 -59803.870481] AUTODETECT spr round 1 (radius: 5)
[00:04:40 -59803.838681] SPR radius for FAST iterations: 5 (autodetect)
[00:04:40 -59803.838681] Model parameter optimization (eps = 3.000000)
[00:04:41 -59793.553557] FAST spr round 1 (radius: 5)
[00:04:42 -59793.498864] Model parameter optimization (eps = 1.000000)
[00:04:43 -59789.758622] SLOW spr round 1 (radius: 5)
[00:04:46 -59789.726932] SLOW spr round 2 (radius: 10)
[00:04:49 -59789.726565] SLOW spr round 3 (radius: 15)
[00:04:51 -59789.726565] SLOW spr round 4 (radius: 20)
[00:04:53 -59789.726565] SLOW spr round 5 (radius: 25)
[00:04:54 -59789.726565] Model parameter optimization (eps = 0.100000)

[00:05:00] ML tree search #11, logLikelihood: -59781.266050

[00:05:00 -132382.943611] Initial branch length optimization
[00:05:00 -61223.921018] Model parameter optimization (eps = 10.000000)
[00:05:01 -59804.905290] AUTODETECT spr round 1 (radius: 5)
[00:05:02 -59804.863664] SPR radius for FAST iterations: 5 (autodetect)
[00:05:02 -59804.863664] Model parameter optimization (eps = 3.000000)
[00:05:03 -59793.891918] FAST spr round 1 (radius: 5)
[00:05:04 -59793.833850] Model parameter optimization (eps = 1.000000)
[00:05:05 -59789.995587] SLOW spr round 1 (radius: 5)
[00:05:07 -59789.760837] SLOW spr round 2 (radius: 5)
[00:05:10 -59789.754354] SLOW spr round 3 (radius: 10)
[00:05:14 -59789.753425] SLOW spr round 4 (radius: 15)
[00:05:16 -59789.753424] SLOW spr round 5 (radius: 20)
[00:05:17 -59789.753424] SLOW spr round 6 (radius: 25)
[00:05:19 -59789.753424] Model parameter optimization (eps = 0.100000)

[00:05:25] ML tree search #12, logLikelihood: -59781.955666

[00:05:25 -132380.901798] Initial branch length optimization
[00:05:25 -61221.690694] Model parameter optimization (eps = 10.000000)
[00:05:27 -59803.940667] AUTODETECT spr round 1 (radius: 5)
[00:05:27 -59803.908992] SPR radius for FAST iterations: 5 (autodetect)
[00:05:27 -59803.908992] Model parameter optimization (eps = 3.000000)
[00:05:29 -59793.626779] FAST spr round 1 (radius: 5)
[00:05:30 -59793.572333] Model parameter optimization (eps = 1.000000)
[00:05:31 -59789.836139] SLOW spr round 1 (radius: 5)
[00:05:34 -59789.792701] SLOW spr round 2 (radius: 10)
[00:05:37 -59789.792132] SLOW spr round 3 (radius: 15)
[00:05:39 -59789.792132] SLOW spr round 4 (radius: 20)
[00:05:41 -59789.792132] SLOW spr round 5 (radius: 25)
[00:05:42 -59789.792132] Model parameter optimization (eps = 0.100000)

[00:05:49] ML tree search #13, logLikelihood: -59781.250504

[00:05:49 -132382.954332] Initial branch length optimization
[00:05:49 -61223.921049] Model parameter optimization (eps = 10.000000)
[00:05:51 -59804.904584] AUTODETECT spr round 1 (radius: 5)
[00:05:51 -59803.561245] AUTODETECT spr round 2 (radius: 10)
[00:05:52 -59803.560275] SPR radius for FAST iterations: 5 (autodetect)
[00:05:52 -59803.560275] Model parameter optimization (eps = 3.000000)
[00:05:54 -59793.465559] FAST spr round 1 (radius: 5)
[00:05:55 -59793.416266] Model parameter optimization (eps = 1.000000)
[00:05:56 -59789.922674] SLOW spr round 1 (radius: 5)
[00:05:58 -59789.888456] SLOW spr round 2 (radius: 10)
[00:06:01 -59789.887698] SLOW spr round 3 (radius: 15)
[00:06:03 -59789.887698] SLOW spr round 4 (radius: 20)
[00:06:05 -59789.887698] SLOW spr round 5 (radius: 25)
[00:06:07 -59789.887698] Model parameter optimization (eps = 0.100000)

[00:06:14] ML tree search #14, logLikelihood: -59781.966618

[00:06:14 -132380.261202] Initial branch length optimization
[00:06:14 -61223.794381] Model parameter optimization (eps = 10.000000)
[00:06:15 -59805.452003] AUTODETECT spr round 1 (radius: 5)
[00:06:15 -59805.413525] SPR radius for FAST iterations: 5 (autodetect)
[00:06:15 -59805.413525] Model parameter optimization (eps = 3.000000)
[00:06:17 -59794.643428] FAST spr round 1 (radius: 5)
[00:06:18 -59793.478331] FAST spr round 2 (radius: 5)
[00:06:19 -59793.471488] Model parameter optimization (eps = 1.000000)
[00:06:20 -59789.873523] SLOW spr round 1 (radius: 5)
[00:06:22 -59789.842433] SLOW spr round 2 (radius: 10)
[00:06:25 -59789.840980] SLOW spr round 3 (radius: 15)
[00:06:27 -59789.840980] SLOW spr round 4 (radius: 20)
[00:06:29 -59789.840980] SLOW spr round 5 (radius: 25)
[00:06:31 -59789.840980] Model parameter optimization (eps = 0.100000)

[00:06:36] ML tree search #15, logLikelihood: -59781.975750

[00:06:37 -132380.126170] Initial branch length optimization
[00:06:37 -61223.794554] Model parameter optimization (eps = 10.000000)
[00:06:38 -59805.449535] AUTODETECT spr round 1 (radius: 5)
[00:06:38 -59803.636248] AUTODETECT spr round 2 (radius: 10)
[00:06:40 -59803.635300] SPR radius for FAST iterations: 5 (autodetect)
[00:06:40 -59803.635300] Model parameter optimization (eps = 3.000000)
[00:06:41 -59793.500467] FAST spr round 1 (radius: 5)
[00:06:42 -59793.452140] Model parameter optimization (eps = 1.000000)
[00:06:43 -59789.938422] SLOW spr round 1 (radius: 5)
[00:06:46 -59789.902859] SLOW spr round 2 (radius: 10)
[00:06:48 -59789.901723] SLOW spr round 3 (radius: 15)
[00:06:51 -59789.901723] SLOW spr round 4 (radius: 20)
[00:06:53 -59789.901723] SLOW spr round 5 (radius: 25)
[00:06:54 -59789.901723] Model parameter optimization (eps = 0.100000)

[00:07:01] ML tree search #16, logLikelihood: -59781.966656



Final LogLikelihood: -59780.963923

AIC score: 119951.927846 / AICc score: 119954.568078 / BIC score: 121566.555454
Free parameters (model + branch lengths): 195

Best ML tree saved to: /home/hikoyu/analysis/Genome/SARS-CoV-2/phylogeny/RAxML-NG/DNA/part/uni/SARS-CoV-2_200318.5.raxml.bestTree
All ML trees saved to: /home/hikoyu/analysis/Genome/SARS-CoV-2/phylogeny/RAxML-NG/DNA/part/uni/SARS-CoV-2_200318.5.raxml.mlTrees
Optimized model saved to: /home/hikoyu/analysis/Genome/SARS-CoV-2/phylogeny/RAxML-NG/DNA/part/uni/SARS-CoV-2_200318.5.raxml.bestModel

Execution log saved to: /home/hikoyu/analysis/Genome/SARS-CoV-2/phylogeny/RAxML-NG/DNA/part/uni/SARS-CoV-2_200318.5.raxml.log

Analysis started: 19-Mar-2020 04:26:27 / finished: 19-Mar-2020 04:33:29

Elapsed time: 421.866 seconds

