
RAxML-NG v. 0.9.0 released on 20.05.2019 by The Exelixis Lab.
Developed by: Alexey M. Kozlov and Alexandros Stamatakis.
Contributors: Diego Darriba, Tomas Flouri, Benoit Morel, Sarah Lutteropp, Ben Bettisworth.
Latest version: https://github.com/amkozlov/raxml-ng
Questions/problems/suggestions? Please visit: https://groups.google.com/forum/#!forum/raxml

RAxML-NG was called at 01-Apr-2020 09:51:23 as follows:

raxml-ng --threads 1 --bootstrap --bs-trees 83 --seed 2389214212 --prefix phylogeny/RAxML-NG/DNA/part/uni/SARS-CoV-2_200331.10 --msa phylogeny/RAxML-NG/DNA/part/uni/SARS-CoV-2_200331.raxml.rba --outgroup MG772933.1

Analysis options:
  run mode: Bootstrapping
  start tree(s): 
  bootstrap replicates: 83
  random seed: 2389214212
  tip-inner: OFF
  pattern compression: ON
  per-rate scalers: OFF
  site repeats: ON
  branch lengths: proportional (ML estimate, algorithm: NR-FAST)
  SIMD kernels: AVX2
  parallelization: NONE/sequential

[00:00:00] Loading binary alignment from file: phylogeny/RAxML-NG/DNA/part/uni/SARS-CoV-2_200331.raxml.rba
[00:00:00] Alignment comprises 117 taxa, 11 partitions and 520 patterns

Partition 0: orf1ab_U
Model: TIM3+I+G4m+B
Alignment sites / patterns: 13215 / 160
Gaps: 0.10 %
Invariant sites: 88.40 %

Partition 1: orf1ab_D
Model: TN93+FO+I+G4m+B
Alignment sites / patterns: 8091 / 90
Gaps: 0.04 %
Invariant sites: 84.54 %

Partition 2: S
Model: TIM2+G4m+B
Alignment sites / patterns: 3822 / 89
Gaps: 0.03 %
Invariant sites: 74.49 %

Partition 3: ORF3a
Model: TPM2uf+FO+I+G4m+B
Alignment sites / patterns: 828 / 33
Gaps: 0.00 %
Invariant sites: 85.51 %

Partition 4: E
Model: JC+B
Alignment sites / patterns: 228 / 7
Gaps: 0.00 %
Invariant sites: 98.25 %

Partition 5: M
Model: K80+I+B
Alignment sites / patterns: 669 / 34
Gaps: 0.00 %
Invariant sites: 90.73 %

Partition 6: ORF6
Model: TN93+FO+B
Alignment sites / patterns: 186 / 15
Gaps: 0.00 %
Invariant sites: 91.40 %

Partition 7: ORF7a
Model: HKY+FO+I+B
Alignment sites / patterns: 366 / 21
Gaps: 0.00 %
Invariant sites: 87.16 %

Partition 8: ORF8
Model: TN93+FO+I+G4m+B
Alignment sites / patterns: 366 / 24
Gaps: 0.00 %
Invariant sites: 86.07 %

Partition 9: N
Model: HKY+FO+I+B
Alignment sites / patterns: 1260 / 40
Gaps: 0.00 %
Invariant sites: 88.97 %

Partition 10: ORF10
Model: JC+B
Alignment sites / patterns: 117 / 7
Gaps: 0.00 %
Invariant sites: 97.44 %


[00:00:00] Data distribution: max. partitions/sites/weight per thread: 11 / 520 / 6832
[00:00:00] Starting bootstrapping analysis with 83 replicates.

[00:00:56] Bootstrap tree #1, logLikelihood: -60339.220166
[00:01:52] Bootstrap tree #2, logLikelihood: -60293.443060
[00:02:58] Bootstrap tree #3, logLikelihood: -60497.105318
[00:03:59] Bootstrap tree #4, logLikelihood: -60769.927210
[00:04:59] Bootstrap tree #5, logLikelihood: -60881.822611
[00:06:22] Bootstrap tree #6, logLikelihood: -60053.231355
[00:07:23] Bootstrap tree #7, logLikelihood: -60166.588254
[00:08:31] Bootstrap tree #8, logLikelihood: -60324.727004
[00:09:28] Bootstrap tree #9, logLikelihood: -60309.813058
[00:10:37] Bootstrap tree #10, logLikelihood: -60247.836581
[00:11:37] Bootstrap tree #11, logLikelihood: -60406.526825
[00:12:38] Bootstrap tree #12, logLikelihood: -59822.236463
[00:13:44] Bootstrap tree #13, logLikelihood: -60155.761101
[00:14:39] Bootstrap tree #14, logLikelihood: -59983.820467
[00:15:37] Bootstrap tree #15, logLikelihood: -60335.981324
[00:16:49] Bootstrap tree #16, logLikelihood: -60739.699026
[00:18:19] Bootstrap tree #17, logLikelihood: -60125.944835
[00:19:25] Bootstrap tree #18, logLikelihood: -60160.493536
[00:20:17] Bootstrap tree #19, logLikelihood: -60505.731195
[00:21:14] Bootstrap tree #20, logLikelihood: -60708.257692
[00:22:12] Bootstrap tree #21, logLikelihood: -60316.318486
[00:23:04] Bootstrap tree #22, logLikelihood: -60018.908658
[00:24:07] Bootstrap tree #23, logLikelihood: -60230.676678
[00:25:16] Bootstrap tree #24, logLikelihood: -60646.727842
[00:26:30] Bootstrap tree #25, logLikelihood: -60417.204191
[00:27:18] Bootstrap tree #26, logLikelihood: -60060.297122
[00:28:15] Bootstrap tree #27, logLikelihood: -60076.068552
[00:29:13] Bootstrap tree #28, logLikelihood: -60397.031112
[00:30:09] Bootstrap tree #29, logLikelihood: -60609.145885
[00:31:14] Bootstrap tree #30, logLikelihood: -60220.751260
[00:32:23] Bootstrap tree #31, logLikelihood: -60092.826806
[00:33:31] Bootstrap tree #32, logLikelihood: -60620.745359
[00:34:31] Bootstrap tree #33, logLikelihood: -59648.605918
[00:35:44] Bootstrap tree #34, logLikelihood: -60656.038285
[00:36:46] Bootstrap tree #35, logLikelihood: -60380.175156
[00:37:56] Bootstrap tree #36, logLikelihood: -60488.755064
[00:39:02] Bootstrap tree #37, logLikelihood: -60420.025645
[00:40:15] Bootstrap tree #38, logLikelihood: -60175.108684
[00:41:38] Bootstrap tree #39, logLikelihood: -60305.639919
[00:42:45] Bootstrap tree #40, logLikelihood: -60221.645257
[00:43:44] Bootstrap tree #41, logLikelihood: -60447.007059
[00:45:14] Bootstrap tree #42, logLikelihood: -60465.798929
[00:46:18] Bootstrap tree #43, logLikelihood: -60344.341493
[00:47:21] Bootstrap tree #44, logLikelihood: -60346.179637
[00:48:24] Bootstrap tree #45, logLikelihood: -60520.167549
[00:49:46] Bootstrap tree #46, logLikelihood: -60235.427822
[00:50:43] Bootstrap tree #47, logLikelihood: -60047.671391
[00:51:40] Bootstrap tree #48, logLikelihood: -60543.852974
[00:52:35] Bootstrap tree #49, logLikelihood: -60036.003959
[00:53:31] Bootstrap tree #50, logLikelihood: -60289.688653
[00:54:53] Bootstrap tree #51, logLikelihood: -60280.732038
[00:56:10] Bootstrap tree #52, logLikelihood: -61053.414973
[00:57:19] Bootstrap tree #53, logLikelihood: -60619.820345
[00:58:23] Bootstrap tree #54, logLikelihood: -60650.513144
[00:59:25] Bootstrap tree #55, logLikelihood: -59601.763187
[01:00:24] Bootstrap tree #56, logLikelihood: -60594.300306
[01:01:29] Bootstrap tree #57, logLikelihood: -60152.111347
[01:02:20] Bootstrap tree #58, logLikelihood: -60405.209142
[01:03:22] Bootstrap tree #59, logLikelihood: -60568.352155
[01:04:19] Bootstrap tree #60, logLikelihood: -60059.769810
[01:05:20] Bootstrap tree #61, logLikelihood: -60188.743620
[01:06:21] Bootstrap tree #62, logLikelihood: -60780.796772
[01:07:13] Bootstrap tree #63, logLikelihood: -60461.779768
[01:08:08] Bootstrap tree #64, logLikelihood: -60498.126976
[01:09:15] Bootstrap tree #65, logLikelihood: -60607.535743
[01:10:14] Bootstrap tree #66, logLikelihood: -60360.117338
[01:11:19] Bootstrap tree #67, logLikelihood: -60288.590564
[01:12:56] Bootstrap tree #68, logLikelihood: -60348.918781
[01:13:54] Bootstrap tree #69, logLikelihood: -60676.770923
[01:14:53] Bootstrap tree #70, logLikelihood: -60318.709490
[01:15:54] Bootstrap tree #71, logLikelihood: -60580.414264
[01:16:58] Bootstrap tree #72, logLikelihood: -60070.540832
[01:18:02] Bootstrap tree #73, logLikelihood: -60280.905897
[01:19:11] Bootstrap tree #74, logLikelihood: -60239.000137
[01:20:48] Bootstrap tree #75, logLikelihood: -60354.317819
[01:21:47] Bootstrap tree #76, logLikelihood: -60358.927973
[01:22:58] Bootstrap tree #77, logLikelihood: -59934.763868
[01:24:09] Bootstrap tree #78, logLikelihood: -60091.740369
[01:25:22] Bootstrap tree #79, logLikelihood: -60128.807431
[01:26:27] Bootstrap tree #80, logLikelihood: -60411.342480
[01:27:21] Bootstrap tree #81, logLikelihood: -60693.289796
[01:28:35] Bootstrap tree #82, logLikelihood: -60356.234815
[01:29:28] Bootstrap tree #83, logLikelihood: -60403.552156

Bootstrap trees saved to: /home/hikoyu/analysis/Genome/SARS-CoV-2/phylogeny/RAxML-NG/DNA/part/uni/SARS-CoV-2_200331.10.raxml.bootstraps

Execution log saved to: /home/hikoyu/analysis/Genome/SARS-CoV-2/phylogeny/RAxML-NG/DNA/part/uni/SARS-CoV-2_200331.10.raxml.log

Analysis started: 01-Apr-2020 09:51:23 / finished: 01-Apr-2020 11:20:52

Elapsed time: 5368.979 seconds

