
RAxML-NG v. 0.9.0 released on 20.05.2019 by The Exelixis Lab.
Developed by: Alexey M. Kozlov and Alexandros Stamatakis.
Contributors: Diego Darriba, Tomas Flouri, Benoit Morel, Sarah Lutteropp, Ben Bettisworth.
Latest version: https://github.com/amkozlov/raxml-ng
Questions/problems/suggestions? Please visit: https://groups.google.com/forum/#!forum/raxml

RAxML-NG was called at 21-Mar-2020 20:38:13 as follows:

raxml-ng --threads 1 --bootstrap --bs-trees 84 --seed 3518072951 --prefix phylogeny/RAxML-NG/DNA/part/uni/SARS-CoV-2_200320.0 --msa phylogeny/RAxML-NG/DNA/part/uni/SARS-CoV-2_200320.raxml.rba --outgroup MG772933.1

Analysis options:
  run mode: Bootstrapping
  start tree(s): 
  bootstrap replicates: 84
  random seed: 3518072951
  tip-inner: OFF
  pattern compression: ON
  per-rate scalers: OFF
  site repeats: ON
  branch lengths: proportional (ML estimate, algorithm: NR-FAST)
  SIMD kernels: AVX2
  parallelization: NONE/sequential

[00:00:00] Loading binary alignment from file: phylogeny/RAxML-NG/DNA/part/uni/SARS-CoV-2_200320.raxml.rba
[00:00:00] Alignment comprises 78 taxa, 11 partitions and 458 patterns

Partition 0: orf1ab_U
Model: TIM2+I+G4m+B
Alignment sites / patterns: 13215 / 128
Gaps: 0.10 %
Invariant sites: 88.69 %

Partition 1: orf1ab_D
Model: TIM2+I+G4m+B
Alignment sites / patterns: 8091 / 79
Gaps: 0.04 %
Invariant sites: 84.64 %

Partition 2: S
Model: TIM2+I+B
Alignment sites / patterns: 3822 / 85
Gaps: 0.04 %
Invariant sites: 74.49 %

Partition 3: ORF3a
Model: HKY+FO+G4m+B
Alignment sites / patterns: 828 / 30
Gaps: 0.00 %
Invariant sites: 85.63 %

Partition 4: E
Model: JC+B
Alignment sites / patterns: 228 / 7
Gaps: 0.00 %
Invariant sites: 98.25 %

Partition 5: M
Model: K80+I+B
Alignment sites / patterns: 669 / 33
Gaps: 0.01 %
Invariant sites: 90.88 %

Partition 6: ORF6
Model: HKY+FO+B
Alignment sites / patterns: 186 / 11
Gaps: 0.00 %
Invariant sites: 93.55 %

Partition 7: ORF7a
Model: HKY+FO+I+B
Alignment sites / patterns: 366 / 20
Gaps: 0.00 %
Invariant sites: 87.43 %

Partition 8: ORF8
Model: TN93ef+I+G4m+B
Alignment sites / patterns: 366 / 23
Gaps: 0.00 %
Invariant sites: 86.34 %

Partition 9: N
Model: TIM2+I+B
Alignment sites / patterns: 1260 / 35
Gaps: 0.00 %
Invariant sites: 89.37 %

Partition 10: ORF10
Model: JC+B
Alignment sites / patterns: 117 / 7
Gaps: 0.00 %
Invariant sites: 97.44 %


[00:00:00] Data distribution: max. partitions/sites/weight per thread: 11 / 458 / 4952
[00:00:00] Starting bootstrapping analysis with 84 replicates.

[00:00:35] Bootstrap tree #1, logLikelihood: -59509.129506
[00:00:57] Bootstrap tree #2, logLikelihood: -59918.660313
[00:01:25] Bootstrap tree #3, logLikelihood: -59781.233989
[00:01:55] Bootstrap tree #4, logLikelihood: -59667.848253
[00:02:26] Bootstrap tree #5, logLikelihood: -59744.186046
[00:02:53] Bootstrap tree #6, logLikelihood: -59608.665095
[00:03:23] Bootstrap tree #7, logLikelihood: -60043.048652
[00:03:49] Bootstrap tree #8, logLikelihood: -59858.632631
[00:04:19] Bootstrap tree #9, logLikelihood: -59169.944556
[00:04:44] Bootstrap tree #10, logLikelihood: -59690.500506
[00:05:12] Bootstrap tree #11, logLikelihood: -59666.414541
[00:05:49] Bootstrap tree #12, logLikelihood: -59763.891327
[00:06:22] Bootstrap tree #13, logLikelihood: -59599.201235
[00:06:53] Bootstrap tree #14, logLikelihood: -59862.377874
[00:07:21] Bootstrap tree #15, logLikelihood: -59835.925880
[00:07:51] Bootstrap tree #16, logLikelihood: -59956.928458
[00:08:22] Bootstrap tree #17, logLikelihood: -59946.154719
[00:08:51] Bootstrap tree #18, logLikelihood: -60151.619577
[00:09:16] Bootstrap tree #19, logLikelihood: -59571.740597
[00:09:38] Bootstrap tree #20, logLikelihood: -59771.138910
[00:10:14] Bootstrap tree #21, logLikelihood: -59606.326565
[00:10:40] Bootstrap tree #22, logLikelihood: -59829.340794
[00:11:08] Bootstrap tree #23, logLikelihood: -60153.129465
[00:11:36] Bootstrap tree #24, logLikelihood: -59621.424852
[00:12:06] Bootstrap tree #25, logLikelihood: -59959.275513
[00:12:33] Bootstrap tree #26, logLikelihood: -59426.622961
[00:13:03] Bootstrap tree #27, logLikelihood: -59941.000467
[00:13:31] Bootstrap tree #28, logLikelihood: -60056.980030
[00:13:52] Bootstrap tree #29, logLikelihood: -59375.923082
[00:14:34] Bootstrap tree #30, logLikelihood: -60054.871685
[00:14:58] Bootstrap tree #31, logLikelihood: -59657.417152
[00:15:29] Bootstrap tree #32, logLikelihood: -59616.134559
[00:15:59] Bootstrap tree #33, logLikelihood: -59835.291860
[00:16:28] Bootstrap tree #34, logLikelihood: -60232.688965
[00:16:56] Bootstrap tree #35, logLikelihood: -59602.760634
[00:17:27] Bootstrap tree #36, logLikelihood: -59602.825356
[00:17:56] Bootstrap tree #37, logLikelihood: -59442.979472
[00:18:24] Bootstrap tree #38, logLikelihood: -59951.405719
[00:18:53] Bootstrap tree #39, logLikelihood: -60110.854723
[00:19:18] Bootstrap tree #40, logLikelihood: -59900.371297
[00:19:43] Bootstrap tree #41, logLikelihood: -59850.164312
[00:20:08] Bootstrap tree #42, logLikelihood: -59512.259092
[00:20:39] Bootstrap tree #43, logLikelihood: -59912.483644
[00:21:06] Bootstrap tree #44, logLikelihood: -59626.218658
[00:21:37] Bootstrap tree #45, logLikelihood: -59499.186592
[00:22:31] Bootstrap tree #46, logLikelihood: -59904.205870
[00:23:08] Bootstrap tree #47, logLikelihood: -59545.384090
[00:23:50] Bootstrap tree #48, logLikelihood: -59564.617125
[00:24:18] Bootstrap tree #49, logLikelihood: -59543.058527
[00:24:46] Bootstrap tree #50, logLikelihood: -60067.696229
[00:25:23] Bootstrap tree #51, logLikelihood: -59656.935751
[00:25:53] Bootstrap tree #52, logLikelihood: -59840.863147
[00:26:24] Bootstrap tree #53, logLikelihood: -59687.750825
[00:26:54] Bootstrap tree #54, logLikelihood: -60176.352471
[00:27:32] Bootstrap tree #55, logLikelihood: -59582.552953
[00:27:58] Bootstrap tree #56, logLikelihood: -59677.030319
[00:28:39] Bootstrap tree #57, logLikelihood: -59879.152524
[00:29:05] Bootstrap tree #58, logLikelihood: -59398.572582
[00:29:42] Bootstrap tree #59, logLikelihood: -59452.641911
[00:30:20] Bootstrap tree #60, logLikelihood: -59455.127285
[00:30:49] Bootstrap tree #61, logLikelihood: -59968.115077
[00:31:20] Bootstrap tree #62, logLikelihood: -60022.038377
[00:32:04] Bootstrap tree #63, logLikelihood: -59719.838609
[00:32:33] Bootstrap tree #64, logLikelihood: -59790.771589
[00:33:02] Bootstrap tree #65, logLikelihood: -59909.171080
[00:33:32] Bootstrap tree #66, logLikelihood: -60128.449237
[00:34:00] Bootstrap tree #67, logLikelihood: -59615.972280
[00:34:45] Bootstrap tree #68, logLikelihood: -59644.352031
[00:35:11] Bootstrap tree #69, logLikelihood: -59750.557341
[00:35:38] Bootstrap tree #70, logLikelihood: -59779.972195
[00:36:06] Bootstrap tree #71, logLikelihood: -60089.146056
[00:36:41] Bootstrap tree #72, logLikelihood: -60255.825228
[00:37:16] Bootstrap tree #73, logLikelihood: -59500.003977
[00:37:43] Bootstrap tree #74, logLikelihood: -59689.792160
[00:38:15] Bootstrap tree #75, logLikelihood: -59532.666486
[00:38:39] Bootstrap tree #76, logLikelihood: -59680.626103
[00:39:12] Bootstrap tree #77, logLikelihood: -59649.014251
[00:39:41] Bootstrap tree #78, logLikelihood: -59555.256583
[00:40:06] Bootstrap tree #79, logLikelihood: -59783.771245
[00:40:32] Bootstrap tree #80, logLikelihood: -59760.974378
[00:40:57] Bootstrap tree #81, logLikelihood: -60021.520194
[00:41:25] Bootstrap tree #82, logLikelihood: -60233.324493
[00:41:54] Bootstrap tree #83, logLikelihood: -59518.587755
[00:42:21] Bootstrap tree #84, logLikelihood: -59714.521189

Bootstrap trees saved to: /home/hikoyu/analysis/Genome/SARS-CoV-2/phylogeny/RAxML-NG/DNA/part/uni/SARS-CoV-2_200320.0.raxml.bootstraps

Execution log saved to: /home/hikoyu/analysis/Genome/SARS-CoV-2/phylogeny/RAxML-NG/DNA/part/uni/SARS-CoV-2_200320.0.raxml.log

Analysis started: 21-Mar-2020 20:38:13 / finished: 21-Mar-2020 21:20:35

Elapsed time: 2541.465 seconds

