
RAxML-NG v. 0.9.0 released on 20.05.2019 by The Exelixis Lab.
Developed by: Alexey M. Kozlov and Alexandros Stamatakis.
Contributors: Diego Darriba, Tomas Flouri, Benoit Morel, Sarah Lutteropp, Ben Bettisworth.
Latest version: https://github.com/amkozlov/raxml-ng
Questions/problems/suggestions? Please visit: https://groups.google.com/forum/#!forum/raxml

RAxML-NG was called at 30-Mar-2020 02:53:49 as follows:

raxml-ng --threads 1 --bootstrap --bs-trees 84 --seed 2727162551 --prefix phylogeny/RAxML-NG/DNA/part/uni/SARS-CoV-2_200328.1 --msa phylogeny/RAxML-NG/DNA/part/uni/SARS-CoV-2_200328.raxml.rba --outgroup MG772933.1

Analysis options:
  run mode: Bootstrapping
  start tree(s): 
  bootstrap replicates: 84
  random seed: 2727162551
  tip-inner: OFF
  pattern compression: ON
  per-rate scalers: OFF
  site repeats: ON
  branch lengths: proportional (ML estimate, algorithm: NR-FAST)
  SIMD kernels: AVX2
  parallelization: NONE/sequential

[00:00:00] Loading binary alignment from file: phylogeny/RAxML-NG/DNA/part/uni/SARS-CoV-2_200328.raxml.rba
[00:00:00] Alignment comprises 80 taxa, 11 partitions and 473 patterns

Partition 0: orf1ab_U
Model: TIM2+I+G4m+B
Alignment sites / patterns: 13215 / 138
Gaps: 0.10 %
Invariant sites: 88.54 %

Partition 1: orf1ab_D
Model: TIM2+I+G4m+B
Alignment sites / patterns: 8091 / 80
Gaps: 0.04 %
Invariant sites: 84.62 %

Partition 2: S
Model: TIM2+I+B
Alignment sites / patterns: 3822 / 86
Gaps: 0.04 %
Invariant sites: 74.52 %

Partition 3: ORF3a
Model: HKY+FO+G4m+B
Alignment sites / patterns: 828 / 31
Gaps: 0.00 %
Invariant sites: 85.51 %

Partition 4: E
Model: JC+B
Alignment sites / patterns: 228 / 7
Gaps: 0.00 %
Invariant sites: 98.25 %

Partition 5: M
Model: K80+I+B
Alignment sites / patterns: 669 / 33
Gaps: 0.01 %
Invariant sites: 90.88 %

Partition 6: ORF6
Model: HKY+FO+B
Alignment sites / patterns: 186 / 11
Gaps: 0.00 %
Invariant sites: 93.55 %

Partition 7: ORF7a
Model: HKY+FO+I+B
Alignment sites / patterns: 366 / 20
Gaps: 0.00 %
Invariant sites: 87.43 %

Partition 8: ORF8
Model: TN93+FO+I+G4m+B
Alignment sites / patterns: 366 / 23
Gaps: 0.00 %
Invariant sites: 86.34 %

Partition 9: N
Model: TIM2+I+B
Alignment sites / patterns: 1260 / 37
Gaps: 0.00 %
Invariant sites: 89.29 %

Partition 10: ORF10
Model: JC+B
Alignment sites / patterns: 117 / 7
Gaps: 0.00 %
Invariant sites: 97.44 %


[00:00:00] Data distribution: max. partitions/sites/weight per thread: 11 / 473 / 5156
[00:00:00] Starting bootstrapping analysis with 84 replicates.

[00:00:28] Bootstrap tree #1, logLikelihood: -60067.392044
[00:00:56] Bootstrap tree #2, logLikelihood: -60603.323596
[00:01:23] Bootstrap tree #3, logLikelihood: -59548.921869
[00:01:53] Bootstrap tree #4, logLikelihood: -60243.612055
[00:02:22] Bootstrap tree #5, logLikelihood: -60405.848453
[00:02:50] Bootstrap tree #6, logLikelihood: -60002.485387
[00:03:35] Bootstrap tree #7, logLikelihood: -59882.857645
[00:04:06] Bootstrap tree #8, logLikelihood: -60492.716596
[00:04:37] Bootstrap tree #9, logLikelihood: -60180.963989
[00:05:07] Bootstrap tree #10, logLikelihood: -60024.646355
[00:05:35] Bootstrap tree #11, logLikelihood: -60177.962294
[00:06:08] Bootstrap tree #12, logLikelihood: -59833.916599
[00:06:35] Bootstrap tree #13, logLikelihood: -59884.440971
[00:07:08] Bootstrap tree #14, logLikelihood: -60170.750330
[00:07:38] Bootstrap tree #15, logLikelihood: -60023.360804
[00:08:09] Bootstrap tree #16, logLikelihood: -60327.998012
[00:08:36] Bootstrap tree #17, logLikelihood: -59879.783505
[00:09:06] Bootstrap tree #18, logLikelihood: -60454.305173
[00:09:34] Bootstrap tree #19, logLikelihood: -60007.007579
[00:10:03] Bootstrap tree #20, logLikelihood: -60004.146446
[00:10:31] Bootstrap tree #21, logLikelihood: -60318.951420
[00:11:21] Bootstrap tree #22, logLikelihood: -60480.704138
[00:11:51] Bootstrap tree #23, logLikelihood: -60313.648372
[00:12:23] Bootstrap tree #24, logLikelihood: -59812.302072
[00:12:50] Bootstrap tree #25, logLikelihood: -59779.787475
[00:13:28] Bootstrap tree #26, logLikelihood: -59789.756407
[00:14:25] Bootstrap tree #27, logLikelihood: -59854.726392
[00:14:59] Bootstrap tree #28, logLikelihood: -60436.410944
[00:15:26] Bootstrap tree #29, logLikelihood: -59834.330865
[00:15:59] Bootstrap tree #30, logLikelihood: -59731.701641
[00:16:51] Bootstrap tree #31, logLikelihood: -60151.086609
[00:17:26] Bootstrap tree #32, logLikelihood: -59820.030507
[00:18:11] Bootstrap tree #33, logLikelihood: -59615.168325
[00:18:40] Bootstrap tree #34, logLikelihood: -60248.573960
[00:19:14] Bootstrap tree #35, logLikelihood: -60075.685621
[00:19:42] Bootstrap tree #36, logLikelihood: -59562.157835
[00:20:12] Bootstrap tree #37, logLikelihood: -60472.099344
[00:20:52] Bootstrap tree #38, logLikelihood: -59810.592259
[00:21:20] Bootstrap tree #39, logLikelihood: -60013.263861
[00:21:47] Bootstrap tree #40, logLikelihood: -60025.831972
[00:22:13] Bootstrap tree #41, logLikelihood: -60007.191344
[00:22:44] Bootstrap tree #42, logLikelihood: -59854.875779
[00:23:20] Bootstrap tree #43, logLikelihood: -60391.129415
[00:23:50] Bootstrap tree #44, logLikelihood: -59942.284318
[00:24:23] Bootstrap tree #45, logLikelihood: -60213.976335
[00:24:59] Bootstrap tree #46, logLikelihood: -59799.256113
[00:25:29] Bootstrap tree #47, logLikelihood: -60276.735946
[00:26:01] Bootstrap tree #48, logLikelihood: -59830.443552
[00:26:30] Bootstrap tree #49, logLikelihood: -60134.915080
[00:27:01] Bootstrap tree #50, logLikelihood: -60034.539579
[00:27:34] Bootstrap tree #51, logLikelihood: -59940.719202
[00:28:06] Bootstrap tree #52, logLikelihood: -59501.377640
[00:28:41] Bootstrap tree #53, logLikelihood: -60231.257373
[00:29:09] Bootstrap tree #54, logLikelihood: -60520.788216
[00:29:40] Bootstrap tree #55, logLikelihood: -60230.038085
[00:30:11] Bootstrap tree #56, logLikelihood: -60412.019828
[00:30:41] Bootstrap tree #57, logLikelihood: -60187.125206
[00:31:20] Bootstrap tree #58, logLikelihood: -59656.113995
[00:31:48] Bootstrap tree #59, logLikelihood: -60346.115856
[00:32:22] Bootstrap tree #60, logLikelihood: -59695.119747
[00:33:10] Bootstrap tree #61, logLikelihood: -60218.483838
[00:33:37] Bootstrap tree #62, logLikelihood: -60046.696925
[00:34:18] Bootstrap tree #63, logLikelihood: -59905.356742
[00:35:07] Bootstrap tree #64, logLikelihood: -60202.871607
[00:35:44] Bootstrap tree #65, logLikelihood: -59922.198451
[00:36:24] Bootstrap tree #66, logLikelihood: -59957.398418
[00:36:57] Bootstrap tree #67, logLikelihood: -60090.479334
[00:37:27] Bootstrap tree #68, logLikelihood: -60522.353228
[00:37:55] Bootstrap tree #69, logLikelihood: -59653.554072
[00:38:31] Bootstrap tree #70, logLikelihood: -60180.233145
[00:39:15] Bootstrap tree #71, logLikelihood: -60344.654135
[00:39:55] Bootstrap tree #72, logLikelihood: -60019.195140
[00:40:27] Bootstrap tree #73, logLikelihood: -60032.761236
[00:41:00] Bootstrap tree #74, logLikelihood: -60066.291613
[00:41:35] Bootstrap tree #75, logLikelihood: -59824.427278
[00:42:03] Bootstrap tree #76, logLikelihood: -60629.438892
[00:42:31] Bootstrap tree #77, logLikelihood: -60128.165403
[00:43:09] Bootstrap tree #78, logLikelihood: -59762.342171
[00:43:37] Bootstrap tree #79, logLikelihood: -60340.123202
[00:44:08] Bootstrap tree #80, logLikelihood: -60105.892672
[00:44:41] Bootstrap tree #81, logLikelihood: -59996.562147
[00:45:11] Bootstrap tree #82, logLikelihood: -59890.007361
[00:45:41] Bootstrap tree #83, logLikelihood: -59961.250153
[00:46:19] Bootstrap tree #84, logLikelihood: -60251.603535

Bootstrap trees saved to: /home/hikoyu/analysis/Genome/SARS-CoV-2/phylogeny/RAxML-NG/DNA/part/uni/SARS-CoV-2_200328.1.raxml.bootstraps

Execution log saved to: /home/hikoyu/analysis/Genome/SARS-CoV-2/phylogeny/RAxML-NG/DNA/part/uni/SARS-CoV-2_200328.1.raxml.log

Analysis started: 30-Mar-2020 02:53:49 / finished: 30-Mar-2020 03:40:08

Elapsed time: 2779.329 seconds

