
RAxML-NG v. 0.9.0 released on 20.05.2019 by The Exelixis Lab.
Developed by: Alexey M. Kozlov and Alexandros Stamatakis.
Contributors: Diego Darriba, Tomas Flouri, Benoit Morel, Sarah Lutteropp, Ben Bettisworth.
Latest version: https://github.com/amkozlov/raxml-ng
Questions/problems/suggestions? Please visit: https://groups.google.com/forum/#!forum/raxml

RAxML-NG was called at 11-Mar-2020 01:59:33 as follows:

raxml-ng --threads 1 --search --tree rand{8},pars{8} --seed 2244302855 --prefix phylogeny/RAxML-NG/DNA/univ/3rd/SARS-CoV-2_200311.10 --msa phylogeny/RAxML-NG/DNA/univ/3rd/SARS-CoV-2_200311.raxml.rba --outgroup MG772933.1

Analysis options:
  run mode: ML tree search
  start tree(s): random (8) + parsimony (8)
  random seed: 2244302855
  tip-inner: OFF
  pattern compression: ON
  per-rate scalers: OFF
  site repeats: ON
  fast spr radius: AUTO
  spr subtree cutoff: 1.000000
  branch lengths: proportional (ML estimate, algorithm: NR-FAST)
  SIMD kernels: AVX2
  parallelization: NONE/sequential

[00:00:00] Loading binary alignment from file: phylogeny/RAxML-NG/DNA/univ/3rd/SARS-CoV-2_200311.raxml.rba
[00:00:00] Alignment comprises 64 taxa, 2 partitions and 251 patterns

Partition 0: p1_p2
Model: GTR+FO+I+B
Alignment sites / patterns: 19430 / 130
Gaps: 0.05 %
Invariant sites: 94.66 %

Partition 1: p3
Model: GTR+FO+I+B
Alignment sites / patterns: 9715 / 121
Gaps: 0.05 %
Invariant sites: 68.22 %


[00:00:00] Generating 8 random starting tree(s) with 64 taxa
[00:00:00] Generating 8 parsimony starting tree(s) with 64 taxa
[00:00:00] Data distribution: max. partitions/sites/weight per thread: 2 / 251 / 1004

Starting ML tree search with 16 distinct starting trees

[00:00:00 -157499.651264] Initial branch length optimization
[00:00:00 -60598.241314] Model parameter optimization (eps = 10.000000)
[00:00:00 -57262.517885] AUTODETECT spr round 1 (radius: 5)
[00:00:00 -56952.952539] AUTODETECT spr round 2 (radius: 10)
[00:00:00 -56833.384363] AUTODETECT spr round 3 (radius: 15)
[00:00:00 -56758.850798] AUTODETECT spr round 4 (radius: 20)
[00:00:00 -56758.806456] SPR radius for FAST iterations: 15 (autodetect)
[00:00:00 -56758.806456] Model parameter optimization (eps = 3.000000)
[00:00:01 -56756.349269] FAST spr round 1 (radius: 15)
[00:00:01 -56639.980028] FAST spr round 2 (radius: 15)
[00:00:02 -56639.972717] Model parameter optimization (eps = 1.000000)
[00:00:02 -56622.755711] SLOW spr round 1 (radius: 5)
[00:00:02 -56622.733081] SLOW spr round 2 (radius: 10)
[00:00:03 -56622.731292] SLOW spr round 3 (radius: 15)
[00:00:04 -56622.731291] SLOW spr round 4 (radius: 20)
[00:00:04 -56622.731291] SLOW spr round 5 (radius: 25)
[00:00:04 -56622.731291] Model parameter optimization (eps = 0.100000)

[00:00:04] ML tree search #1, logLikelihood: -56622.139621

[00:00:04 -157466.033126] Initial branch length optimization
[00:00:04 -60483.454957] Model parameter optimization (eps = 10.000000)
[00:00:04 -57170.190192] AUTODETECT spr round 1 (radius: 5)
[00:00:05 -56880.869196] AUTODETECT spr round 2 (radius: 10)
[00:00:05 -56791.194279] AUTODETECT spr round 3 (radius: 15)
[00:00:05 -56763.262045] AUTODETECT spr round 4 (radius: 20)
[00:00:05 -56763.262045] SPR radius for FAST iterations: 15 (autodetect)
[00:00:05 -56763.262045] Model parameter optimization (eps = 3.000000)
[00:00:05 -56761.184604] FAST spr round 1 (radius: 15)
[00:00:06 -56639.237222] FAST spr round 2 (radius: 15)
[00:00:06 -56639.096049] FAST spr round 3 (radius: 15)
[00:00:06 -56639.089582] Model parameter optimization (eps = 1.000000)
[00:00:07 -56623.251811] SLOW spr round 1 (radius: 5)
[00:00:07 -56623.234470] SLOW spr round 2 (radius: 10)
[00:00:08 -56623.231534] SLOW spr round 3 (radius: 15)
[00:00:08 -56623.230995] SLOW spr round 4 (radius: 20)
[00:00:09 -56623.230995] SLOW spr round 5 (radius: 25)
[00:00:09 -56623.230995] Model parameter optimization (eps = 0.100000)

[00:00:09] ML tree search #2, logLikelihood: -56622.131147

[00:00:09 -157506.830490] Initial branch length optimization
[00:00:09 -60678.819192] Model parameter optimization (eps = 10.000000)
[00:00:09 -57322.300818] AUTODETECT spr round 1 (radius: 5)
[00:00:09 -56895.057874] AUTODETECT spr round 2 (radius: 10)
[00:00:10 -56729.886187] AUTODETECT spr round 3 (radius: 15)
[00:00:10 -56719.478746] AUTODETECT spr round 4 (radius: 20)
[00:00:10 -56719.478746] SPR radius for FAST iterations: 15 (autodetect)
[00:00:10 -56719.478746] Model parameter optimization (eps = 3.000000)
[00:00:10 -56716.800646] FAST spr round 1 (radius: 15)
[00:00:11 -56640.348526] FAST spr round 2 (radius: 15)
[00:00:11 -56640.342314] Model parameter optimization (eps = 1.000000)
[00:00:11 -56622.767549] SLOW spr round 1 (radius: 5)
[00:00:12 -56622.752669] SLOW spr round 2 (radius: 10)
[00:00:13 -56622.749973] SLOW spr round 3 (radius: 15)
[00:00:13 -56622.749729] SLOW spr round 4 (radius: 20)
[00:00:13 -56622.749729] SLOW spr round 5 (radius: 25)
[00:00:14 -56622.749729] Model parameter optimization (eps = 0.100000)

[00:00:14] ML tree search #3, logLikelihood: -56622.149304

[00:00:14 -157498.315631] Initial branch length optimization
[00:00:14 -60664.676981] Model parameter optimization (eps = 10.000000)
[00:00:14 -57314.858481] AUTODETECT spr round 1 (radius: 5)
[00:00:14 -56977.775361] AUTODETECT spr round 2 (radius: 10)
[00:00:14 -56778.683430] AUTODETECT spr round 3 (radius: 15)
[00:00:15 -56772.032270] AUTODETECT spr round 4 (radius: 20)
[00:00:15 -56713.441707] AUTODETECT spr round 5 (radius: 25)
[00:00:15 -56713.424731] SPR radius for FAST iterations: 20 (autodetect)
[00:00:15 -56713.424731] Model parameter optimization (eps = 3.000000)
[00:00:15 -56696.308364] FAST spr round 1 (radius: 20)
[00:00:16 -56626.428693] FAST spr round 2 (radius: 20)
[00:00:16 -56626.426731] Model parameter optimization (eps = 1.000000)
[00:00:16 -56622.854377] SLOW spr round 1 (radius: 5)
[00:00:17 -56622.842887] SLOW spr round 2 (radius: 10)
[00:00:17 -56622.840798] SLOW spr round 3 (radius: 15)
[00:00:18 -56622.839692] SLOW spr round 4 (radius: 20)
[00:00:18 -56622.839686] SLOW spr round 5 (radius: 25)
[00:00:18 -56622.839685] Model parameter optimization (eps = 0.100000)

[00:00:18] ML tree search #4, logLikelihood: -56622.092493

[00:00:18 -157497.598381] Initial branch length optimization
[00:00:18 -60665.323220] Model parameter optimization (eps = 10.000000)
[00:00:19 -57308.968060] AUTODETECT spr round 1 (radius: 5)
[00:00:19 -56950.807998] AUTODETECT spr round 2 (radius: 10)
[00:00:19 -56681.926722] AUTODETECT spr round 3 (radius: 15)
[00:00:19 -56658.374502] AUTODETECT spr round 4 (radius: 20)
[00:00:19 -56658.372127] SPR radius for FAST iterations: 15 (autodetect)
[00:00:19 -56658.372127] Model parameter optimization (eps = 3.000000)
[00:00:20 -56640.918931] FAST spr round 1 (radius: 15)
[00:00:20 -56626.403268] FAST spr round 2 (radius: 15)
[00:00:20 -56626.399845] Model parameter optimization (eps = 1.000000)
[00:00:21 -56622.866612] SLOW spr round 1 (radius: 5)
[00:00:21 -56622.856229] SLOW spr round 2 (radius: 10)
[00:00:22 -56622.853605] SLOW spr round 3 (radius: 15)
[00:00:22 -56622.852498] SLOW spr round 4 (radius: 20)
[00:00:22 -56622.852491] SLOW spr round 5 (radius: 25)
[00:00:22 -56622.852491] Model parameter optimization (eps = 0.100000)

[00:00:23] ML tree search #5, logLikelihood: -56622.095509

[00:00:23 -157501.314568] Initial branch length optimization
[00:00:23 -67989.337238] Model parameter optimization (eps = 10.000000)
[00:00:24 -57292.242074] AUTODETECT spr round 1 (radius: 5)
[00:00:25 -56920.618221] AUTODETECT spr round 2 (radius: 10)
[00:00:25 -56776.527624] AUTODETECT spr round 3 (radius: 15)
[00:00:25 -56721.472728] AUTODETECT spr round 4 (radius: 20)
[00:00:25 -56721.437444] SPR radius for FAST iterations: 15 (autodetect)
[00:00:25 -56721.437444] Model parameter optimization (eps = 3.000000)
[00:00:25 -56680.961507] FAST spr round 1 (radius: 15)
[00:00:26 -56626.876425] FAST spr round 2 (radius: 15)
[00:00:26 -56626.873932] Model parameter optimization (eps = 1.000000)
[00:00:27 -56623.037443] SLOW spr round 1 (radius: 5)
[00:00:27 -56623.034636] SLOW spr round 2 (radius: 10)
[00:00:28 -56623.034595] SLOW spr round 3 (radius: 15)
[00:00:28 -56623.034594] SLOW spr round 4 (radius: 20)
[00:00:29 -56623.034594] SLOW spr round 5 (radius: 25)
[00:00:29 -56623.034594] Model parameter optimization (eps = 0.100000)

[00:00:29] ML tree search #6, logLikelihood: -56622.125973

[00:00:29 -157479.603687] Initial branch length optimization
[00:00:29 -60617.323853] Model parameter optimization (eps = 10.000000)
[00:00:29 -57275.282542] AUTODETECT spr round 1 (radius: 5)
[00:00:29 -56873.036215] AUTODETECT spr round 2 (radius: 10)
[00:00:30 -56711.955754] AUTODETECT spr round 3 (radius: 15)
[00:00:30 -56687.820557] AUTODETECT spr round 4 (radius: 20)
[00:00:30 -56687.820548] SPR radius for FAST iterations: 15 (autodetect)
[00:00:30 -56687.820548] Model parameter optimization (eps = 3.000000)
[00:00:30 -56671.660783] FAST spr round 1 (radius: 15)
[00:00:30 -56626.374899] FAST spr round 2 (radius: 15)
[00:00:31 -56626.366641] Model parameter optimization (eps = 1.000000)
[00:00:31 -56622.855438] SLOW spr round 1 (radius: 5)
[00:00:32 -56622.850749] SLOW spr round 2 (radius: 10)
[00:00:32 -56622.848475] SLOW spr round 3 (radius: 15)
[00:00:33 -56622.847372] SLOW spr round 4 (radius: 20)
[00:00:33 -56622.847365] SLOW spr round 5 (radius: 25)
[00:00:33 -56622.847365] Model parameter optimization (eps = 0.100000)

[00:00:33] ML tree search #7, logLikelihood: -56622.102475

[00:00:33 -157475.967745] Initial branch length optimization
[00:00:33 -60602.094409] Model parameter optimization (eps = 10.000000)
[00:00:34 -57275.218846] AUTODETECT spr round 1 (radius: 5)
[00:00:34 -56858.972117] AUTODETECT spr round 2 (radius: 10)
[00:00:34 -56751.547283] AUTODETECT spr round 3 (radius: 15)
[00:00:34 -56732.718885] AUTODETECT spr round 4 (radius: 20)
[00:00:34 -56732.718885] SPR radius for FAST iterations: 15 (autodetect)
[00:00:34 -56732.718885] Model parameter optimization (eps = 3.000000)
[00:00:34 -56730.426139] FAST spr round 1 (radius: 15)
[00:00:35 -56639.499317] FAST spr round 2 (radius: 15)
[00:00:35 -56639.494341] Model parameter optimization (eps = 1.000000)
[00:00:36 -56623.271479] SLOW spr round 1 (radius: 5)
[00:00:36 -56623.252417] SLOW spr round 2 (radius: 10)
[00:00:37 -56623.247595] SLOW spr round 3 (radius: 15)
[00:00:38 -56623.247195] SLOW spr round 4 (radius: 20)
[00:00:38 -56623.247194] SLOW spr round 5 (radius: 25)
[00:00:38 -56623.247194] Model parameter optimization (eps = 0.100000)

[00:00:38] ML tree search #8, logLikelihood: -56622.132479

[00:00:38 -155783.026483] Initial branch length optimization
[00:00:38 -67299.446725] Model parameter optimization (eps = 10.000000)
[00:00:40 -56643.121795] AUTODETECT spr round 1 (radius: 5)
[00:00:40 -56643.088901] SPR radius for FAST iterations: 5 (autodetect)
[00:00:40 -56643.088901] Model parameter optimization (eps = 3.000000)
[00:00:41 -56626.280097] FAST spr round 1 (radius: 5)
[00:00:41 -56626.262199] Model parameter optimization (eps = 1.000000)
[00:00:41 -56622.857605] SLOW spr round 1 (radius: 5)
[00:00:42 -56622.848854] SLOW spr round 2 (radius: 10)
[00:00:42 -56622.848761] SLOW spr round 3 (radius: 15)
[00:00:42 -56622.848758] SLOW spr round 4 (radius: 20)
[00:00:43 -56622.848758] SLOW spr round 5 (radius: 25)
[00:00:43 -56622.848758] Model parameter optimization (eps = 0.100000)

[00:00:43] ML tree search #9, logLikelihood: -56622.108516

[00:00:43 -155785.063950] Initial branch length optimization
[00:00:43 -67300.895152] Model parameter optimization (eps = 10.000000)
[00:00:45 -56643.894088] AUTODETECT spr round 1 (radius: 5)
[00:00:45 -56643.871662] SPR radius for FAST iterations: 5 (autodetect)
[00:00:45 -56643.871662] Model parameter optimization (eps = 3.000000)
[00:00:46 -56627.752387] FAST spr round 1 (radius: 5)
[00:00:46 -56627.741239] Model parameter optimization (eps = 1.000000)
[00:00:46 -56624.426358] SLOW spr round 1 (radius: 5)
[00:00:47 -56624.418882] SLOW spr round 2 (radius: 10)
[00:00:47 -56624.418841] SLOW spr round 3 (radius: 15)
[00:00:48 -56624.418589] SLOW spr round 4 (radius: 20)
[00:00:48 -56624.418589] SLOW spr round 5 (radius: 25)
[00:00:48 -56624.418589] Model parameter optimization (eps = 0.100000)

[00:00:49] ML tree search #10, logLikelihood: -56623.643695

[00:00:49 -155786.066479] Initial branch length optimization
[00:00:49 -67299.433851] Model parameter optimization (eps = 10.000000)
[00:00:51 -56643.006275] AUTODETECT spr round 1 (radius: 5)
[00:00:51 -56642.901946] AUTODETECT spr round 2 (radius: 10)
[00:00:51 -56642.886975] SPR radius for FAST iterations: 5 (autodetect)
[00:00:51 -56642.886975] Model parameter optimization (eps = 3.000000)
[00:00:51 -56626.209355] FAST spr round 1 (radius: 5)
[00:00:51 -56626.191883] Model parameter optimization (eps = 1.000000)
[00:00:52 -56622.837117] SLOW spr round 1 (radius: 5)
[00:00:52 -56622.828508] SLOW spr round 2 (radius: 10)
[00:00:53 -56622.828421] SLOW spr round 3 (radius: 15)
[00:00:53 -56622.828418] SLOW spr round 4 (radius: 20)
[00:00:53 -56622.828418] SLOW spr round 5 (radius: 25)
[00:00:54 -56622.828418] Model parameter optimization (eps = 0.100000)

[00:00:54] ML tree search #11, logLikelihood: -56622.106234

[00:00:54 -155782.822524] Initial branch length optimization
[00:00:54 -67299.447719] Model parameter optimization (eps = 10.000000)
[00:00:56 -56643.088445] AUTODETECT spr round 1 (radius: 5)
[00:00:56 -56643.054309] SPR radius for FAST iterations: 5 (autodetect)
[00:00:56 -56643.054309] Model parameter optimization (eps = 3.000000)
[00:00:56 -56626.266311] FAST spr round 1 (radius: 5)
[00:00:56 -56626.248004] Model parameter optimization (eps = 1.000000)
[00:00:56 -56622.851967] SLOW spr round 1 (radius: 5)
[00:00:57 -56622.842882] SLOW spr round 2 (radius: 10)
[00:00:58 -56622.842792] SLOW spr round 3 (radius: 15)
[00:00:58 -56622.842789] SLOW spr round 4 (radius: 20)
[00:00:58 -56622.842789] SLOW spr round 5 (radius: 25)
[00:00:59 -56622.842789] Model parameter optimization (eps = 0.100000)

[00:00:59] ML tree search #12, logLikelihood: -56622.107837

[00:00:59 -155782.908519] Initial branch length optimization
[00:00:59 -67299.446940] Model parameter optimization (eps = 10.000000)
[00:01:01 -56643.351452] AUTODETECT spr round 1 (radius: 5)
[00:01:01 -56643.319113] SPR radius for FAST iterations: 5 (autodetect)
[00:01:01 -56643.319113] Model parameter optimization (eps = 3.000000)
[00:01:01 -56626.346394] FAST spr round 1 (radius: 5)
[00:01:01 -56626.328218] Model parameter optimization (eps = 1.000000)
[00:01:01 -56622.872566] SLOW spr round 1 (radius: 5)
[00:01:02 -56622.862462] SLOW spr round 2 (radius: 10)
[00:01:02 -56622.862368] SLOW spr round 3 (radius: 15)
[00:01:03 -56622.862364] SLOW spr round 4 (radius: 20)
[00:01:03 -56622.862364] SLOW spr round 5 (radius: 25)
[00:01:03 -56622.862364] Model parameter optimization (eps = 0.100000)

[00:01:04] ML tree search #13, logLikelihood: -56622.105071

[00:01:04 -155785.320072] Initial branch length optimization
[00:01:04 -67299.428444] Model parameter optimization (eps = 10.000000)
[00:01:06 -56641.650419] AUTODETECT spr round 1 (radius: 5)
[00:01:06 -56641.622010] SPR radius for FAST iterations: 5 (autodetect)
[00:01:06 -56641.622010] Model parameter optimization (eps = 3.000000)
[00:01:06 -56626.017676] FAST spr round 1 (radius: 5)
[00:01:06 -56626.007163] Model parameter optimization (eps = 1.000000)
[00:01:07 -56622.823713] SLOW spr round 1 (radius: 5)
[00:01:07 -56622.816523] SLOW spr round 2 (radius: 10)
[00:01:08 -56622.816489] SLOW spr round 3 (radius: 15)
[00:01:08 -56622.816488] SLOW spr round 4 (radius: 20)
[00:01:08 -56622.816488] SLOW spr round 5 (radius: 25)
[00:01:09 -56622.816488] Model parameter optimization (eps = 0.100000)

[00:01:09] ML tree search #14, logLikelihood: -56622.105876

[00:01:09 -155785.919796] Initial branch length optimization
[00:01:09 -67300.836297] Model parameter optimization (eps = 10.000000)
[00:01:11 -56644.153870] AUTODETECT spr round 1 (radius: 5)
[00:01:11 -56643.337182] AUTODETECT spr round 2 (radius: 10)
[00:01:11 -56643.332656] SPR radius for FAST iterations: 5 (autodetect)
[00:01:11 -56643.332656] Model parameter optimization (eps = 3.000000)
[00:01:12 -56626.345318] FAST spr round 1 (radius: 5)
[00:01:12 -56626.328363] Model parameter optimization (eps = 1.000000)
[00:01:12 -56622.872018] SLOW spr round 1 (radius: 5)
[00:01:12 -56622.863135] SLOW spr round 2 (radius: 10)
[00:01:13 -56622.863043] SLOW spr round 3 (radius: 15)
[00:01:14 -56622.863039] SLOW spr round 4 (radius: 20)
[00:01:14 -56622.863039] SLOW spr round 5 (radius: 25)
[00:01:14 -56622.863039] Model parameter optimization (eps = 0.100000)

[00:01:14] ML tree search #15, logLikelihood: -56622.109725

[00:01:14 -155782.984036] Initial branch length optimization
[00:01:14 -67299.445392] Model parameter optimization (eps = 10.000000)
[00:01:16 -56643.009460] AUTODETECT spr round 1 (radius: 5)
[00:01:16 -56642.981413] SPR radius for FAST iterations: 5 (autodetect)
[00:01:16 -56642.981413] Model parameter optimization (eps = 3.000000)
[00:01:17 -56626.246517] FAST spr round 1 (radius: 5)
[00:01:17 -56626.228653] Model parameter optimization (eps = 1.000000)
[00:01:17 -56622.848972] SLOW spr round 1 (radius: 5)
[00:01:18 -56622.839794] SLOW spr round 2 (radius: 10)
[00:01:18 -56622.839702] SLOW spr round 3 (radius: 15)
[00:01:18 -56622.839699] SLOW spr round 4 (radius: 20)
[00:01:19 -56622.839699] SLOW spr round 5 (radius: 25)
[00:01:19 -56622.839699] Model parameter optimization (eps = 0.100000)

[00:01:19] ML tree search #16, logLikelihood: -56622.107534



Final LogLikelihood: -56622.092493

AIC score: 113532.184987 / AICc score: 113533.624987 / BIC score: 114724.510552
Free parameters (model + branch lengths): 144

Best ML tree saved to: /home/hikoyu/analysis/Genome/SARS-CoV-2/phylogeny/RAxML-NG/DNA/univ/3rd/SARS-CoV-2_200311.10.raxml.bestTree
All ML trees saved to: /home/hikoyu/analysis/Genome/SARS-CoV-2/phylogeny/RAxML-NG/DNA/univ/3rd/SARS-CoV-2_200311.10.raxml.mlTrees
Optimized model saved to: /home/hikoyu/analysis/Genome/SARS-CoV-2/phylogeny/RAxML-NG/DNA/univ/3rd/SARS-CoV-2_200311.10.raxml.bestModel

Execution log saved to: /home/hikoyu/analysis/Genome/SARS-CoV-2/phylogeny/RAxML-NG/DNA/univ/3rd/SARS-CoV-2_200311.10.raxml.log

Analysis started: 11-Mar-2020 01:59:33 / finished: 11-Mar-2020 02:00:53

Elapsed time: 79.699 seconds

