
RAxML-NG v. 0.9.0 released on 20.05.2019 by The Exelixis Lab.
Developed by: Alexey M. Kozlov and Alexandros Stamatakis.
Contributors: Diego Darriba, Tomas Flouri, Benoit Morel, Sarah Lutteropp, Ben Bettisworth.
Latest version: https://github.com/amkozlov/raxml-ng
Questions/problems/suggestions? Please visit: https://groups.google.com/forum/#!forum/raxml

RAxML-NG was called at 16-Mar-2020 01:19:26 as follows:

raxml-ng --threads 1 --bootstrap --bs-trees 84 --seed 3837058111 --prefix phylogeny/RAxML-NG/DNA/univ/3rd/SARS-CoV-2_200314.1 --msa phylogeny/RAxML-NG/DNA/univ/3rd/SARS-CoV-2_200314.raxml.rba --outgroup MG772933.1

Analysis options:
  run mode: Bootstrapping
  start tree(s): 
  bootstrap replicates: 84
  random seed: 3837058111
  tip-inner: OFF
  pattern compression: ON
  per-rate scalers: OFF
  site repeats: ON
  branch lengths: proportional (ML estimate, algorithm: NR-FAST)
  SIMD kernels: AVX2
  parallelization: NONE/sequential

[00:00:00] Loading binary alignment from file: phylogeny/RAxML-NG/DNA/univ/3rd/SARS-CoV-2_200314.raxml.rba
[00:00:00] Alignment comprises 89 taxa, 2 partitions and 281 patterns

Partition 0: p1_p2
Model: GTR+FO+G4m+B
Alignment sites / patterns: 19430 / 146
Gaps: 0.05 %
Invariant sites: 94.60 %

Partition 1: p3
Model: GTR+FO+I+B
Alignment sites / patterns: 9715 / 135
Gaps: 0.05 %
Invariant sites: 68.14 %


[00:00:00] Data distribution: max. partitions/sites/weight per thread: 2 / 281 / 2876
[00:00:00] Starting bootstrapping analysis with 84 replicates.

[00:00:08] Bootstrap tree #1, logLikelihood: -56674.224178
[00:00:17] Bootstrap tree #2, logLikelihood: -56783.506363
[00:00:26] Bootstrap tree #3, logLikelihood: -56749.773755
[00:00:36] Bootstrap tree #4, logLikelihood: -57034.080659
[00:00:45] Bootstrap tree #5, logLikelihood: -56916.446416
[00:00:54] Bootstrap tree #6, logLikelihood: -56843.963897
[00:01:03] Bootstrap tree #7, logLikelihood: -56299.026563
[00:01:12] Bootstrap tree #8, logLikelihood: -56477.154630
[00:01:21] Bootstrap tree #9, logLikelihood: -57000.052813
[00:01:29] Bootstrap tree #10, logLikelihood: -57009.163340
[00:01:48] Bootstrap tree #11, logLikelihood: -57075.414353
[00:01:57] Bootstrap tree #12, logLikelihood: -56400.617475
[00:02:07] Bootstrap tree #13, logLikelihood: -56823.388969
[00:02:15] Bootstrap tree #14, logLikelihood: -57129.434239
[00:02:24] Bootstrap tree #15, logLikelihood: -56721.251489
[00:02:32] Bootstrap tree #16, logLikelihood: -56876.187921
[00:02:45] Bootstrap tree #17, logLikelihood: -56493.246714
[00:02:54] Bootstrap tree #18, logLikelihood: -56919.912607
[00:03:03] Bootstrap tree #19, logLikelihood: -56832.918439
[00:03:11] Bootstrap tree #20, logLikelihood: -56660.239080
[00:03:20] Bootstrap tree #21, logLikelihood: -56545.571802
[00:03:29] Bootstrap tree #22, logLikelihood: -56756.457247
[00:03:38] Bootstrap tree #23, logLikelihood: -56770.989590
[00:03:47] Bootstrap tree #24, logLikelihood: -56686.944301
[00:03:56] Bootstrap tree #25, logLikelihood: -56593.467548
[00:04:05] Bootstrap tree #26, logLikelihood: -56886.820155
[00:04:14] Bootstrap tree #27, logLikelihood: -56494.070173
[00:04:24] Bootstrap tree #28, logLikelihood: -56958.056466
[00:04:34] Bootstrap tree #29, logLikelihood: -56937.938759
[00:04:43] Bootstrap tree #30, logLikelihood: -57079.139016
[00:04:52] Bootstrap tree #31, logLikelihood: -56634.688269
[00:05:01] Bootstrap tree #32, logLikelihood: -57398.529183
[00:05:13] Bootstrap tree #33, logLikelihood: -56450.670285
[00:05:22] Bootstrap tree #34, logLikelihood: -57253.303953
[00:05:31] Bootstrap tree #35, logLikelihood: -56979.133569
[00:05:40] Bootstrap tree #36, logLikelihood: -56214.995304
[00:05:56] Bootstrap tree #37, logLikelihood: -56650.267554
[00:06:06] Bootstrap tree #38, logLikelihood: -56693.377580
[00:06:14] Bootstrap tree #39, logLikelihood: -56989.376477
[00:06:22] Bootstrap tree #40, logLikelihood: -57217.299608
[00:06:30] Bootstrap tree #41, logLikelihood: -56607.487949
[00:06:43] Bootstrap tree #42, logLikelihood: -56999.528903
[00:06:53] Bootstrap tree #43, logLikelihood: -57117.958413
[00:07:01] Bootstrap tree #44, logLikelihood: -56746.891641
[00:07:11] Bootstrap tree #45, logLikelihood: -56885.279970
[00:07:20] Bootstrap tree #46, logLikelihood: -56690.692237
[00:07:30] Bootstrap tree #47, logLikelihood: -56994.298190
[00:07:40] Bootstrap tree #48, logLikelihood: -57178.483982
[00:07:49] Bootstrap tree #49, logLikelihood: -57135.683226
[00:07:58] Bootstrap tree #50, logLikelihood: -56280.995066
[00:08:07] Bootstrap tree #51, logLikelihood: -57090.644262
[00:08:16] Bootstrap tree #52, logLikelihood: -56644.377803
[00:08:24] Bootstrap tree #53, logLikelihood: -56834.221221
[00:08:33] Bootstrap tree #54, logLikelihood: -57130.352754
[00:08:43] Bootstrap tree #55, logLikelihood: -56804.341259
[00:08:53] Bootstrap tree #56, logLikelihood: -56851.021897
[00:09:01] Bootstrap tree #57, logLikelihood: -56761.201062
[00:09:11] Bootstrap tree #58, logLikelihood: -56716.266009
[00:09:19] Bootstrap tree #59, logLikelihood: -56746.368461
[00:09:29] Bootstrap tree #60, logLikelihood: -56705.573240
[00:09:44] Bootstrap tree #61, logLikelihood: -56856.587557
[00:09:53] Bootstrap tree #62, logLikelihood: -57195.302360
[00:10:02] Bootstrap tree #63, logLikelihood: -56825.383257
[00:10:10] Bootstrap tree #64, logLikelihood: -56833.313297
[00:10:19] Bootstrap tree #65, logLikelihood: -56962.264294
[00:10:33] Bootstrap tree #66, logLikelihood: -56612.492753
[00:10:42] Bootstrap tree #67, logLikelihood: -56957.052714
[00:10:54] Bootstrap tree #68, logLikelihood: -56974.561482
[00:11:02] Bootstrap tree #69, logLikelihood: -56741.512545
[00:11:10] Bootstrap tree #70, logLikelihood: -56750.053519
[00:11:20] Bootstrap tree #71, logLikelihood: -57044.921188
[00:11:30] Bootstrap tree #72, logLikelihood: -56927.142201
[00:11:38] Bootstrap tree #73, logLikelihood: -56736.302073
[00:11:47] Bootstrap tree #74, logLikelihood: -57197.157625
[00:11:57] Bootstrap tree #75, logLikelihood: -56904.805435
[00:12:06] Bootstrap tree #76, logLikelihood: -56895.126773
[00:12:22] Bootstrap tree #77, logLikelihood: -56923.941523
[00:12:30] Bootstrap tree #78, logLikelihood: -56727.537162
[00:12:40] Bootstrap tree #79, logLikelihood: -57116.732961
[00:12:51] Bootstrap tree #80, logLikelihood: -56563.966855
[00:13:00] Bootstrap tree #81, logLikelihood: -57323.519698
[00:13:08] Bootstrap tree #82, logLikelihood: -56943.993932
[00:13:18] Bootstrap tree #83, logLikelihood: -56781.643547
[00:13:26] Bootstrap tree #84, logLikelihood: -56478.022336

Bootstrap trees saved to: /home/hikoyu/analysis/Genome/SARS-CoV-2/phylogeny/RAxML-NG/DNA/univ/3rd/SARS-CoV-2_200314.1.raxml.bootstraps

Execution log saved to: /home/hikoyu/analysis/Genome/SARS-CoV-2/phylogeny/RAxML-NG/DNA/univ/3rd/SARS-CoV-2_200314.1.raxml.log

Analysis started: 16-Mar-2020 01:19:26 / finished: 16-Mar-2020 01:32:52

Elapsed time: 806.837 seconds

