
RAxML-NG v. 0.9.0 released on 20.05.2019 by The Exelixis Lab.
Developed by: Alexey M. Kozlov and Alexandros Stamatakis.
Contributors: Diego Darriba, Tomas Flouri, Benoit Morel, Sarah Lutteropp, Ben Bettisworth.
Latest version: https://github.com/amkozlov/raxml-ng
Questions/problems/suggestions? Please visit: https://groups.google.com/forum/#!forum/raxml

RAxML-NG was called at 16-Apr-2020 11:21:28 as follows:

raxml-ng --threads 1 --bootstrap --bs-trees 83 --seed 2799490355 --prefix phylogeny/RAxML-NG/DNA/univ/3rd/SARS-CoV-2_200414.4 --msa phylogeny/RAxML-NG/DNA/univ/3rd/SARS-CoV-2_200414.raxml.rba --outgroup MG772933.1

Analysis options:
  run mode: Bootstrapping
  start tree(s): 
  bootstrap replicates: 83
  random seed: 2799490355
  tip-inner: OFF
  pattern compression: ON
  per-rate scalers: OFF
  site repeats: ON
  branch lengths: proportional (ML estimate, algorithm: NR-FAST)
  SIMD kernels: AVX2
  parallelization: NONE/sequential

[00:00:00] Loading binary alignment from file: phylogeny/RAxML-NG/DNA/univ/3rd/SARS-CoV-2_200414.raxml.rba
[00:00:00] Alignment comprises 376 taxa, 2 partitions and 615 patterns

Partition 0: p1_p2
Model: TIM3+G4m+B
Alignment sites / patterns: 19434 / 323
Gaps: 0.07 %
Invariant sites: 93.90 %

Partition 1: p3
Model: TIM3+G4m+B
Alignment sites / patterns: 9717 / 292
Gaps: 0.07 %
Invariant sites: 67.41 %


[00:00:00] Data distribution: max. partitions/sites/weight per thread: 2 / 615 / 9840
[00:00:00] Starting bootstrapping analysis with 83 replicates.

[00:02:53] Bootstrap tree #1, logLikelihood: -62712.960380
[00:05:49] Bootstrap tree #2, logLikelihood: -61923.653031
[00:08:35] Bootstrap tree #3, logLikelihood: -62472.004946
[00:11:27] Bootstrap tree #4, logLikelihood: -62048.124535
[00:14:03] Bootstrap tree #5, logLikelihood: -62535.013653
[00:16:40] Bootstrap tree #6, logLikelihood: -61551.066574
[00:19:28] Bootstrap tree #7, logLikelihood: -62045.757842
[00:24:25] Bootstrap tree #8, logLikelihood: -62164.919339
[00:27:36] Bootstrap tree #9, logLikelihood: -61893.931011
[00:30:41] Bootstrap tree #10, logLikelihood: -61873.696434
[00:33:23] Bootstrap tree #11, logLikelihood: -62022.218424
[00:36:28] Bootstrap tree #12, logLikelihood: -61696.110103
[00:39:46] Bootstrap tree #13, logLikelihood: -62434.453330
[00:42:41] Bootstrap tree #14, logLikelihood: -61917.882069
[00:45:51] Bootstrap tree #15, logLikelihood: -61847.786246
[00:49:11] Bootstrap tree #16, logLikelihood: -62047.783481
[00:52:30] Bootstrap tree #17, logLikelihood: -61847.781857
[00:55:14] Bootstrap tree #18, logLikelihood: -61420.762006
[00:58:21] Bootstrap tree #19, logLikelihood: -62218.779780
[01:01:22] Bootstrap tree #20, logLikelihood: -62108.497095
[01:04:04] Bootstrap tree #21, logLikelihood: -62016.691495
[01:07:15] Bootstrap tree #22, logLikelihood: -61839.177285
[01:09:41] Bootstrap tree #23, logLikelihood: -61531.653644
[01:12:58] Bootstrap tree #24, logLikelihood: -61714.780524
[01:17:10] Bootstrap tree #25, logLikelihood: -61907.796736
[01:22:42] Bootstrap tree #26, logLikelihood: -61938.330134
[01:25:56] Bootstrap tree #27, logLikelihood: -61590.334691
[01:29:10] Bootstrap tree #28, logLikelihood: -62034.715076
[01:32:36] Bootstrap tree #29, logLikelihood: -61861.346265
[01:37:02] Bootstrap tree #30, logLikelihood: -61980.883524
[01:39:53] Bootstrap tree #31, logLikelihood: -61785.914983
[01:43:28] Bootstrap tree #32, logLikelihood: -61298.691758
[01:47:06] Bootstrap tree #33, logLikelihood: -61448.946392
[01:51:01] Bootstrap tree #34, logLikelihood: -62172.060651
[01:53:48] Bootstrap tree #35, logLikelihood: -61708.701880
[01:56:36] Bootstrap tree #36, logLikelihood: -62293.460403
[01:59:43] Bootstrap tree #37, logLikelihood: -62031.827641
[02:02:57] Bootstrap tree #38, logLikelihood: -61895.359998
[02:05:44] Bootstrap tree #39, logLikelihood: -61726.335749
[02:08:21] Bootstrap tree #40, logLikelihood: -61710.688605
[02:11:19] Bootstrap tree #41, logLikelihood: -61804.798128
[02:14:35] Bootstrap tree #42, logLikelihood: -61797.423179
[02:17:34] Bootstrap tree #43, logLikelihood: -62023.881469
[02:20:17] Bootstrap tree #44, logLikelihood: -62010.733815
[02:23:05] Bootstrap tree #45, logLikelihood: -62671.895555
[02:26:51] Bootstrap tree #46, logLikelihood: -62207.585927
[02:29:56] Bootstrap tree #47, logLikelihood: -61777.903584
[02:32:47] Bootstrap tree #48, logLikelihood: -62454.483731
[02:35:15] Bootstrap tree #49, logLikelihood: -62496.650617
[02:38:07] Bootstrap tree #50, logLikelihood: -61537.488793
[02:41:56] Bootstrap tree #51, logLikelihood: -62040.698652
[02:44:42] Bootstrap tree #52, logLikelihood: -61576.838963
[02:47:20] Bootstrap tree #53, logLikelihood: -62076.083273
[02:50:04] Bootstrap tree #54, logLikelihood: -61384.713360
[02:52:45] Bootstrap tree #55, logLikelihood: -61712.759889
[02:57:09] Bootstrap tree #56, logLikelihood: -61952.735712
[02:59:52] Bootstrap tree #57, logLikelihood: -62402.527131
[03:02:38] Bootstrap tree #58, logLikelihood: -61857.522991
[03:05:37] Bootstrap tree #59, logLikelihood: -61813.975005
[03:08:34] Bootstrap tree #60, logLikelihood: -61930.096362
[03:12:27] Bootstrap tree #61, logLikelihood: -61816.887512
[03:15:46] Bootstrap tree #62, logLikelihood: -61570.690956
[03:18:27] Bootstrap tree #63, logLikelihood: -62166.735730
[03:22:37] Bootstrap tree #64, logLikelihood: -61519.408722
[03:27:48] Bootstrap tree #65, logLikelihood: -61989.558207
[03:31:19] Bootstrap tree #66, logLikelihood: -62160.497951
[03:34:11] Bootstrap tree #67, logLikelihood: -61642.090474
[03:36:51] Bootstrap tree #68, logLikelihood: -61938.431844
[03:39:51] Bootstrap tree #69, logLikelihood: -61475.310448
[03:42:57] Bootstrap tree #70, logLikelihood: -62215.216290
[03:46:03] Bootstrap tree #71, logLikelihood: -61766.328736
[03:48:56] Bootstrap tree #72, logLikelihood: -62203.932075
[03:51:47] Bootstrap tree #73, logLikelihood: -62257.900049
[03:54:53] Bootstrap tree #74, logLikelihood: -62173.167662
[03:57:54] Bootstrap tree #75, logLikelihood: -62324.861505
[04:01:30] Bootstrap tree #76, logLikelihood: -62099.697208
[04:04:09] Bootstrap tree #77, logLikelihood: -63108.543807
[04:07:15] Bootstrap tree #78, logLikelihood: -61860.863405
[04:10:32] Bootstrap tree #79, logLikelihood: -61858.262573
[04:13:14] Bootstrap tree #80, logLikelihood: -61884.691061
[04:16:18] Bootstrap tree #81, logLikelihood: -61800.255441
[04:18:46] Bootstrap tree #82, logLikelihood: -61906.281730
[04:22:41] Bootstrap tree #83, logLikelihood: -61844.772032

Bootstrap trees saved to: /home/hikoyu/analysis/Genome/SARS-CoV-2/phylogeny/RAxML-NG/DNA/univ/3rd/SARS-CoV-2_200414.4.raxml.bootstraps

Execution log saved to: /home/hikoyu/analysis/Genome/SARS-CoV-2/phylogeny/RAxML-NG/DNA/univ/3rd/SARS-CoV-2_200414.4.raxml.log

Analysis started: 16-Apr-2020 11:21:28 / finished: 16-Apr-2020 15:44:10

Elapsed time: 15762.092 seconds

