
RAxML-NG v. 0.9.0 released on 20.05.2019 by The Exelixis Lab.
Developed by: Alexey M. Kozlov and Alexandros Stamatakis.
Contributors: Diego Darriba, Tomas Flouri, Benoit Morel, Sarah Lutteropp, Ben Bettisworth.
Latest version: https://github.com/amkozlov/raxml-ng
Questions/problems/suggestions? Please visit: https://groups.google.com/forum/#!forum/raxml

RAxML-NG was called at 09-Apr-2020 05:39:25 as follows:

raxml-ng --threads 1 --bootstrap --bs-trees 83 --seed 1906555654 --prefix phylogeny/RAxML-NG/DNA/univ/3rd/SARS-CoV-2_200407.11 --msa phylogeny/RAxML-NG/DNA/univ/3rd/SARS-CoV-2_200407.raxml.rba --outgroup MG772933.1

Analysis options:
  run mode: Bootstrapping
  start tree(s): 
  bootstrap replicates: 83
  random seed: 1906555654
  tip-inner: OFF
  pattern compression: ON
  per-rate scalers: OFF
  site repeats: ON
  branch lengths: proportional (ML estimate, algorithm: NR-FAST)
  SIMD kernels: AVX2
  parallelization: NONE/sequential

[00:00:00] Loading binary alignment from file: phylogeny/RAxML-NG/DNA/univ/3rd/SARS-CoV-2_200407.raxml.rba
[00:00:00] Alignment comprises 285 taxa, 2 partitions and 498 patterns

Partition 0: p1_p2
Model: TIM3+G4m+B
Alignment sites / patterns: 19430 / 261
Gaps: 0.04 %
Invariant sites: 94.08 %

Partition 1: p3
Model: TIM3+G4m+B
Alignment sites / patterns: 9715 / 237
Gaps: 0.04 %
Invariant sites: 67.65 %


[00:00:00] Data distribution: max. partitions/sites/weight per thread: 2 / 498 / 7968
[00:00:00] Starting bootstrapping analysis with 83 replicates.

[00:01:23] Bootstrap tree #1, logLikelihood: -61032.931902
[00:03:00] Bootstrap tree #2, logLikelihood: -60904.403449
[00:04:28] Bootstrap tree #3, logLikelihood: -60548.416006
[00:06:04] Bootstrap tree #4, logLikelihood: -60562.217972
[00:08:17] Bootstrap tree #5, logLikelihood: -61017.477391
[00:09:59] Bootstrap tree #6, logLikelihood: -60491.142741
[00:11:28] Bootstrap tree #7, logLikelihood: -60918.051324
[00:13:03] Bootstrap tree #8, logLikelihood: -61014.993048
[00:14:38] Bootstrap tree #9, logLikelihood: -60669.794094
[00:16:06] Bootstrap tree #10, logLikelihood: -60481.620128
[00:17:36] Bootstrap tree #11, logLikelihood: -60912.395148
[00:19:07] Bootstrap tree #12, logLikelihood: -61119.248604
[00:21:13] Bootstrap tree #13, logLikelihood: -60881.825099
[00:22:45] Bootstrap tree #14, logLikelihood: -61107.275434
[00:24:16] Bootstrap tree #15, logLikelihood: -60870.686359
[00:25:58] Bootstrap tree #16, logLikelihood: -61045.840298
[00:27:27] Bootstrap tree #17, logLikelihood: -60744.901332
[00:29:06] Bootstrap tree #18, logLikelihood: -61021.885691
[00:30:55] Bootstrap tree #19, logLikelihood: -61089.843867
[00:32:23] Bootstrap tree #20, logLikelihood: -60972.680345
[00:34:09] Bootstrap tree #21, logLikelihood: -61056.713863
[00:35:56] Bootstrap tree #22, logLikelihood: -61114.543961
[00:37:44] Bootstrap tree #23, logLikelihood: -60686.660997
[00:39:18] Bootstrap tree #24, logLikelihood: -60894.385022
[00:40:53] Bootstrap tree #25, logLikelihood: -61361.122382
[00:42:30] Bootstrap tree #26, logLikelihood: -60959.495832
[00:44:10] Bootstrap tree #27, logLikelihood: -61096.223453
[00:45:40] Bootstrap tree #28, logLikelihood: -60772.059444
[00:47:21] Bootstrap tree #29, logLikelihood: -60977.787314
[00:48:52] Bootstrap tree #30, logLikelihood: -60834.608938
[00:50:33] Bootstrap tree #31, logLikelihood: -60642.384587
[00:52:09] Bootstrap tree #32, logLikelihood: -60774.210431
[00:53:46] Bootstrap tree #33, logLikelihood: -61122.251351
[00:55:17] Bootstrap tree #34, logLikelihood: -60549.384314
[00:56:55] Bootstrap tree #35, logLikelihood: -60739.629291
[00:58:27] Bootstrap tree #36, logLikelihood: -60548.323994
[01:00:06] Bootstrap tree #37, logLikelihood: -60932.225622
[01:01:44] Bootstrap tree #38, logLikelihood: -61520.217612
[01:04:30] Bootstrap tree #39, logLikelihood: -60856.489630
[01:06:08] Bootstrap tree #40, logLikelihood: -60949.565281
[01:07:51] Bootstrap tree #41, logLikelihood: -61011.876200
[01:09:33] Bootstrap tree #42, logLikelihood: -61409.276396
[01:11:00] Bootstrap tree #43, logLikelihood: -61160.069992
[01:13:18] Bootstrap tree #44, logLikelihood: -61457.367749
[01:14:53] Bootstrap tree #45, logLikelihood: -60614.508922
[01:16:28] Bootstrap tree #46, logLikelihood: -60895.948862
[01:18:04] Bootstrap tree #47, logLikelihood: -60854.964110
[01:19:46] Bootstrap tree #48, logLikelihood: -60818.323398
[01:22:11] Bootstrap tree #49, logLikelihood: -61110.657892
[01:23:36] Bootstrap tree #50, logLikelihood: -60828.311380
[01:25:24] Bootstrap tree #51, logLikelihood: -61276.484023
[01:27:29] Bootstrap tree #52, logLikelihood: -61224.257843
[01:29:00] Bootstrap tree #53, logLikelihood: -60984.884458
[01:30:50] Bootstrap tree #54, logLikelihood: -60278.650590
[01:32:21] Bootstrap tree #55, logLikelihood: -60647.798538
[01:34:08] Bootstrap tree #56, logLikelihood: -60653.360431
[01:35:48] Bootstrap tree #57, logLikelihood: -60889.348820
[01:39:51] Bootstrap tree #58, logLikelihood: -61217.549350
[01:41:29] Bootstrap tree #59, logLikelihood: -61132.348822
[01:43:02] Bootstrap tree #60, logLikelihood: -61359.851316
[01:44:25] Bootstrap tree #61, logLikelihood: -60948.296532
[01:46:04] Bootstrap tree #62, logLikelihood: -60459.639526
[01:48:01] Bootstrap tree #63, logLikelihood: -60748.401625
[01:49:50] Bootstrap tree #64, logLikelihood: -61014.993169
[01:51:23] Bootstrap tree #65, logLikelihood: -60440.757647
[01:52:50] Bootstrap tree #66, logLikelihood: -61281.191530
[01:54:32] Bootstrap tree #67, logLikelihood: -61321.887799
[01:56:14] Bootstrap tree #68, logLikelihood: -61137.281819
[01:57:49] Bootstrap tree #69, logLikelihood: -61039.529263
[01:59:50] Bootstrap tree #70, logLikelihood: -61256.272229
[02:01:25] Bootstrap tree #71, logLikelihood: -61024.352949
[02:03:15] Bootstrap tree #72, logLikelihood: -61013.534197
[02:04:50] Bootstrap tree #73, logLikelihood: -60830.981893
[02:06:21] Bootstrap tree #74, logLikelihood: -60716.004346
[02:08:01] Bootstrap tree #75, logLikelihood: -60463.989959
[02:09:29] Bootstrap tree #76, logLikelihood: -61047.976662
[02:10:50] Bootstrap tree #77, logLikelihood: -60731.437935
[02:12:13] Bootstrap tree #78, logLikelihood: -60569.641121
[02:13:36] Bootstrap tree #79, logLikelihood: -60619.282445
[02:15:01] Bootstrap tree #80, logLikelihood: -60728.771155
[02:16:35] Bootstrap tree #81, logLikelihood: -60745.483114
[02:17:55] Bootstrap tree #82, logLikelihood: -60634.244917
[02:19:20] Bootstrap tree #83, logLikelihood: -60599.510375

Bootstrap trees saved to: /home/hikoyu/analysis/Genome/SARS-CoV-2/phylogeny/RAxML-NG/DNA/univ/3rd/SARS-CoV-2_200407.11.raxml.bootstraps

Execution log saved to: /home/hikoyu/analysis/Genome/SARS-CoV-2/phylogeny/RAxML-NG/DNA/univ/3rd/SARS-CoV-2_200407.11.raxml.log

Analysis started: 09-Apr-2020 05:39:25 / finished: 09-Apr-2020 07:58:45

Elapsed time: 8360.565 seconds

