
RAxML-NG v. 0.9.0 released on 20.05.2019 by The Exelixis Lab.
Developed by: Alexey M. Kozlov and Alexandros Stamatakis.
Contributors: Diego Darriba, Tomas Flouri, Benoit Morel, Sarah Lutteropp, Ben Bettisworth.
Latest version: https://github.com/amkozlov/raxml-ng
Questions/problems/suggestions? Please visit: https://groups.google.com/forum/#!forum/raxml

RAxML-NG was called at 21-Mar-2020 18:20:20 as follows:

raxml-ng --threads 1 --bootstrap --bs-trees 84 --seed 4037011727 --prefix phylogeny/RAxML-NG/DNA/univ/3rd/SARS-CoV-2_200320.1 --msa phylogeny/RAxML-NG/DNA/univ/3rd/SARS-CoV-2_200320.raxml.rba --outgroup MG772933.1

Analysis options:
  run mode: Bootstrapping
  start tree(s): 
  bootstrap replicates: 84
  random seed: 4037011727
  tip-inner: OFF
  pattern compression: ON
  per-rate scalers: OFF
  site repeats: ON
  branch lengths: proportional (ML estimate, algorithm: NR-FAST)
  SIMD kernels: AVX2
  parallelization: NONE/sequential

[00:00:00] Loading binary alignment from file: phylogeny/RAxML-NG/DNA/univ/3rd/SARS-CoV-2_200320.raxml.rba
[00:00:00] Alignment comprises 78 taxa, 2 partitions and 275 patterns

Partition 0: p1_p2
Model: GTR+FO+G4m+B
Alignment sites / patterns: 19432 / 143
Gaps: 0.06 %
Invariant sites: 94.60 %

Partition 1: p3
Model: GTR+FO+I+B
Alignment sites / patterns: 9716 / 132
Gaps: 0.06 %
Invariant sites: 68.17 %


[00:00:00] Data distribution: max. partitions/sites/weight per thread: 2 / 275 / 2816
[00:00:00] Starting bootstrapping analysis with 84 replicates.

[00:00:06] Bootstrap tree #1, logLikelihood: -56688.109157
[00:00:13] Bootstrap tree #2, logLikelihood: -56800.157473
[00:00:21] Bootstrap tree #3, logLikelihood: -56771.884049
[00:00:27] Bootstrap tree #4, logLikelihood: -56801.877622
[00:00:34] Bootstrap tree #5, logLikelihood: -56800.261278
[00:00:41] Bootstrap tree #6, logLikelihood: -56729.961983
[00:00:49] Bootstrap tree #7, logLikelihood: -56852.855828
[00:00:57] Bootstrap tree #8, logLikelihood: -56909.396034
[00:01:04] Bootstrap tree #9, logLikelihood: -56794.984934
[00:01:11] Bootstrap tree #10, logLikelihood: -56673.428488
[00:01:17] Bootstrap tree #11, logLikelihood: -56928.334023
[00:01:24] Bootstrap tree #12, logLikelihood: -56992.151867
[00:01:32] Bootstrap tree #13, logLikelihood: -56468.021965
[00:01:38] Bootstrap tree #14, logLikelihood: -56433.972282
[00:01:47] Bootstrap tree #15, logLikelihood: -56919.006677
[00:01:54] Bootstrap tree #16, logLikelihood: -56542.573478
[00:02:00] Bootstrap tree #17, logLikelihood: -56517.837636
[00:02:07] Bootstrap tree #18, logLikelihood: -57117.943422
[00:02:16] Bootstrap tree #19, logLikelihood: -56634.917398
[00:02:23] Bootstrap tree #20, logLikelihood: -56828.664736
[00:02:30] Bootstrap tree #21, logLikelihood: -56825.524734
[00:02:38] Bootstrap tree #22, logLikelihood: -57447.429732
[00:02:44] Bootstrap tree #23, logLikelihood: -56440.718451
[00:02:51] Bootstrap tree #24, logLikelihood: -56757.051399
[00:03:01] Bootstrap tree #25, logLikelihood: -56423.016035
[00:03:08] Bootstrap tree #26, logLikelihood: -56719.341546
[00:03:17] Bootstrap tree #27, logLikelihood: -56389.634413
[00:03:24] Bootstrap tree #28, logLikelihood: -56849.104737
[00:03:30] Bootstrap tree #29, logLikelihood: -57095.020103
[00:03:37] Bootstrap tree #30, logLikelihood: -56681.078312
[00:03:45] Bootstrap tree #31, logLikelihood: -56768.781231
[00:03:52] Bootstrap tree #32, logLikelihood: -56532.293386
[00:03:58] Bootstrap tree #33, logLikelihood: -56772.693152
[00:04:06] Bootstrap tree #34, logLikelihood: -57048.835440
[00:04:14] Bootstrap tree #35, logLikelihood: -56946.927562
[00:04:23] Bootstrap tree #36, logLikelihood: -56937.473392
[00:04:29] Bootstrap tree #37, logLikelihood: -57023.534842
[00:04:35] Bootstrap tree #38, logLikelihood: -57224.907653
[00:04:43] Bootstrap tree #39, logLikelihood: -56386.382805
[00:04:50] Bootstrap tree #40, logLikelihood: -57129.374692
[00:04:56] Bootstrap tree #41, logLikelihood: -56880.240952
[00:05:04] Bootstrap tree #42, logLikelihood: -56648.592793
[00:05:11] Bootstrap tree #43, logLikelihood: -57015.473171
[00:05:18] Bootstrap tree #44, logLikelihood: -57083.715181
[00:05:25] Bootstrap tree #45, logLikelihood: -56843.825241
[00:05:32] Bootstrap tree #46, logLikelihood: -56875.227569
[00:05:40] Bootstrap tree #47, logLikelihood: -57161.242518
[00:05:47] Bootstrap tree #48, logLikelihood: -56819.481800
[00:05:53] Bootstrap tree #49, logLikelihood: -56767.970967
[00:06:00] Bootstrap tree #50, logLikelihood: -56884.839843
[00:06:07] Bootstrap tree #51, logLikelihood: -56671.719882
[00:06:14] Bootstrap tree #52, logLikelihood: -56779.638396
[00:06:21] Bootstrap tree #53, logLikelihood: -57348.890871
[00:06:28] Bootstrap tree #54, logLikelihood: -57026.916296
[00:06:35] Bootstrap tree #55, logLikelihood: -56745.931651
[00:06:42] Bootstrap tree #56, logLikelihood: -56980.616460
[00:06:49] Bootstrap tree #57, logLikelihood: -56823.124385
[00:06:56] Bootstrap tree #58, logLikelihood: -56740.549062
[00:07:03] Bootstrap tree #59, logLikelihood: -56552.857449
[00:07:10] Bootstrap tree #60, logLikelihood: -56700.221014
[00:07:16] Bootstrap tree #61, logLikelihood: -57054.417018
[00:07:25] Bootstrap tree #62, logLikelihood: -56811.206530
[00:07:32] Bootstrap tree #63, logLikelihood: -56983.035131
[00:07:42] Bootstrap tree #64, logLikelihood: -56510.727587
[00:07:50] Bootstrap tree #65, logLikelihood: -56758.232711
[00:07:58] Bootstrap tree #66, logLikelihood: -56547.008940
[00:08:06] Bootstrap tree #67, logLikelihood: -56662.900576
[00:08:14] Bootstrap tree #68, logLikelihood: -57120.413213
[00:08:21] Bootstrap tree #69, logLikelihood: -56633.367327
[00:08:29] Bootstrap tree #70, logLikelihood: -56554.103702
[00:08:36] Bootstrap tree #71, logLikelihood: -56700.772926
[00:08:44] Bootstrap tree #72, logLikelihood: -56456.366744
[00:08:51] Bootstrap tree #73, logLikelihood: -56771.949280
[00:08:59] Bootstrap tree #74, logLikelihood: -56678.462044
[00:09:07] Bootstrap tree #75, logLikelihood: -57211.191464
[00:09:14] Bootstrap tree #76, logLikelihood: -56807.389052
[00:09:20] Bootstrap tree #77, logLikelihood: -56922.179436
[00:09:28] Bootstrap tree #78, logLikelihood: -57198.287467
[00:09:36] Bootstrap tree #79, logLikelihood: -57034.902909
[00:09:43] Bootstrap tree #80, logLikelihood: -56757.173950
[00:09:49] Bootstrap tree #81, logLikelihood: -57431.397235
[00:09:57] Bootstrap tree #82, logLikelihood: -56886.784931
[00:10:03] Bootstrap tree #83, logLikelihood: -56362.473216
[00:10:10] Bootstrap tree #84, logLikelihood: -57016.864244

Bootstrap trees saved to: /home/hikoyu/analysis/Genome/SARS-CoV-2/phylogeny/RAxML-NG/DNA/univ/3rd/SARS-CoV-2_200320.1.raxml.bootstraps

Execution log saved to: /home/hikoyu/analysis/Genome/SARS-CoV-2/phylogeny/RAxML-NG/DNA/univ/3rd/SARS-CoV-2_200320.1.raxml.log

Analysis started: 21-Mar-2020 18:20:20 / finished: 21-Mar-2020 18:30:31

Elapsed time: 610.523 seconds

