
RAxML-NG v. 0.9.0 released on 20.05.2019 by The Exelixis Lab.
Developed by: Alexey M. Kozlov and Alexandros Stamatakis.
Contributors: Diego Darriba, Tomas Flouri, Benoit Morel, Sarah Lutteropp, Ben Bettisworth.
Latest version: https://github.com/amkozlov/raxml-ng
Questions/problems/suggestions? Please visit: https://groups.google.com/forum/#!forum/raxml

RAxML-NG was called at 01-Apr-2020 01:49:07 as follows:

raxml-ng --threads 1 --search --tree rand{9},pars{9} --seed 3804943852 --prefix phylogeny/RAxML-NG/DNA/univ/3rd/SARS-CoV-2_200331.1 --msa phylogeny/RAxML-NG/DNA/univ/3rd/SARS-CoV-2_200331.raxml.rba --outgroup MG772933.1

Analysis options:
  run mode: ML tree search
  start tree(s): random (9) + parsimony (9)
  random seed: 3804943852
  tip-inner: OFF
  pattern compression: ON
  per-rate scalers: OFF
  site repeats: ON
  fast spr radius: AUTO
  spr subtree cutoff: 1.000000
  branch lengths: proportional (ML estimate, algorithm: NR-FAST)
  SIMD kernels: AVX2
  parallelization: NONE/sequential

[00:00:00] Loading binary alignment from file: phylogeny/RAxML-NG/DNA/univ/3rd/SARS-CoV-2_200331.raxml.rba
[00:00:00] Alignment comprises 117 taxa, 2 partitions and 339 patterns

Partition 0: p1_p2
Model: TIM3+I+B
Alignment sites / patterns: 19432 / 179
Gaps: 0.06 %
Invariant sites: 94.39 %

Partition 1: p3
Model: TIM3+G4m+B
Alignment sites / patterns: 9716 / 160
Gaps: 0.06 %
Invariant sites: 67.98 %


[00:00:00] Generating 9 random starting tree(s) with 117 taxa
[00:00:00] Generating 9 parsimony starting tree(s) with 117 taxa
[00:00:00] Data distribution: max. partitions/sites/weight per thread: 2 / 339 / 3276

Starting ML tree search with 18 distinct starting trees

[00:00:00 -168677.367483] Initial branch length optimization
[00:00:00 -63788.491530] Model parameter optimization (eps = 10.000000)
[00:00:00 -61832.086685] AUTODETECT spr round 1 (radius: 5)
[00:00:01 -60363.160979] AUTODETECT spr round 2 (radius: 10)
[00:00:02 -59801.095770] AUTODETECT spr round 3 (radius: 15)
[00:00:03 -59789.619851] AUTODETECT spr round 4 (radius: 20)
[00:00:03 -59783.477935] AUTODETECT spr round 5 (radius: 25)
[00:00:04 -59783.477628] SPR radius for FAST iterations: 20 (autodetect)
[00:00:04 -59783.477628] Model parameter optimization (eps = 3.000000)
[00:00:05 -59708.098040] FAST spr round 1 (radius: 20)
[00:00:07 -59531.072688] FAST spr round 2 (radius: 20)
[00:00:09 -59531.062150] Model parameter optimization (eps = 1.000000)
[00:00:09 -59524.337784] SLOW spr round 1 (radius: 5)
[00:00:11 -59524.334562] SLOW spr round 2 (radius: 10)
[00:00:13 -59524.334553] SLOW spr round 3 (radius: 15)
[00:00:15 -59524.334553] SLOW spr round 4 (radius: 20)
[00:00:17 -59524.334553] SLOW spr round 5 (radius: 25)
[00:00:19 -59524.334553] Model parameter optimization (eps = 0.100000)

[00:00:19] ML tree search #1, logLikelihood: -59523.467545

[00:00:19 -168644.441808] Initial branch length optimization
[00:00:19 -63679.436553] Model parameter optimization (eps = 10.000000)
[00:00:20 -61752.399449] AUTODETECT spr round 1 (radius: 5)
[00:00:20 -60508.731881] AUTODETECT spr round 2 (radius: 10)
[00:00:21 -59897.575724] AUTODETECT spr round 3 (radius: 15)
[00:00:22 -59761.454662] AUTODETECT spr round 4 (radius: 20)
[00:00:23 -59743.582205] AUTODETECT spr round 5 (radius: 25)
[00:00:24 -59743.581765] SPR radius for FAST iterations: 20 (autodetect)
[00:00:24 -59743.581765] Model parameter optimization (eps = 3.000000)
[00:00:25 -59665.451996] FAST spr round 1 (radius: 20)
[00:00:27 -59529.397678] FAST spr round 2 (radius: 20)
[00:00:29 -59529.395321] Model parameter optimization (eps = 1.000000)
[00:00:29 -59524.236766] SLOW spr round 1 (radius: 5)
[00:00:31 -59524.231609] SLOW spr round 2 (radius: 10)
[00:00:33 -59524.231603] SLOW spr round 3 (radius: 15)
[00:00:35 -59524.231603] SLOW spr round 4 (radius: 20)
[00:00:37 -59524.231603] SLOW spr round 5 (radius: 25)
[00:00:38 -59524.231603] Model parameter optimization (eps = 0.100000)

[00:00:38] ML tree search #2, logLikelihood: -59523.461055

[00:00:38 -168628.088623] Initial branch length optimization
[00:00:38 -63582.944794] Model parameter optimization (eps = 10.000000)
[00:00:39 -61689.188002] AUTODETECT spr round 1 (radius: 5)
[00:00:40 -60230.203044] AUTODETECT spr round 2 (radius: 10)
[00:00:40 -59813.568998] AUTODETECT spr round 3 (radius: 15)
[00:00:41 -59776.846813] AUTODETECT spr round 4 (radius: 20)
[00:00:42 -59776.846813] SPR radius for FAST iterations: 15 (autodetect)
[00:00:42 -59776.846813] Model parameter optimization (eps = 3.000000)
[00:00:43 -59752.949722] FAST spr round 1 (radius: 15)
[00:00:45 -59582.675547] FAST spr round 2 (radius: 15)
[00:00:46 -59582.668792] Model parameter optimization (eps = 1.000000)
[00:00:47 -59524.591411] SLOW spr round 1 (radius: 5)
[00:00:49 -59524.318344] SLOW spr round 2 (radius: 5)
[00:00:51 -59524.318329] SLOW spr round 3 (radius: 10)
[00:00:53 -59524.318329] SLOW spr round 4 (radius: 15)
[00:00:54 -59524.318329] SLOW spr round 5 (radius: 20)
[00:00:56 -59524.318329] SLOW spr round 6 (radius: 25)
[00:00:58 -59524.318329] Model parameter optimization (eps = 0.100000)

[00:00:58] ML tree search #3, logLikelihood: -59523.469310

[00:00:58 -168639.094729] Initial branch length optimization
[00:00:58 -63638.887789] Model parameter optimization (eps = 10.000000)
[00:00:59 -61722.267821] AUTODETECT spr round 1 (radius: 5)
[00:00:59 -60401.462778] AUTODETECT spr round 2 (radius: 10)
[00:01:00 -59968.153133] AUTODETECT spr round 3 (radius: 15)
[00:01:01 -59752.468001] AUTODETECT spr round 4 (radius: 20)
[00:01:02 -59752.467998] SPR radius for FAST iterations: 15 (autodetect)
[00:01:02 -59752.467998] Model parameter optimization (eps = 3.000000)
[00:01:02 -59726.940170] FAST spr round 1 (radius: 15)
[00:01:04 -59591.912840] FAST spr round 2 (radius: 15)
[00:01:06 -59583.197252] FAST spr round 3 (radius: 15)
[00:01:07 -59583.197225] Model parameter optimization (eps = 1.000000)
[00:01:08 -59524.612642] SLOW spr round 1 (radius: 5)
[00:01:10 -59524.337765] SLOW spr round 2 (radius: 5)
[00:01:12 -59524.337750] SLOW spr round 3 (radius: 10)
[00:01:14 -59524.337750] SLOW spr round 4 (radius: 15)
[00:01:15 -59524.337279] SLOW spr round 5 (radius: 20)
[00:01:17 -59524.337279] SLOW spr round 6 (radius: 25)
[00:01:19 -59524.337279] Model parameter optimization (eps = 0.100000)

[00:01:19] ML tree search #4, logLikelihood: -59523.470185

[00:01:19 -168673.770801] Initial branch length optimization
[00:01:20 -63694.211095] Model parameter optimization (eps = 10.000000)
[00:01:20 -61759.622334] AUTODETECT spr round 1 (radius: 5)
[00:01:21 -60527.523974] AUTODETECT spr round 2 (radius: 10)
[00:01:22 -59832.531013] AUTODETECT spr round 3 (radius: 15)
[00:01:22 -59743.558984] AUTODETECT spr round 4 (radius: 20)
[00:01:23 -59725.588112] AUTODETECT spr round 5 (radius: 25)
[00:01:24 -59725.588084] SPR radius for FAST iterations: 20 (autodetect)
[00:01:24 -59725.588084] Model parameter optimization (eps = 3.000000)
[00:01:25 -59641.265431] FAST spr round 1 (radius: 20)
[00:01:28 -59528.569246] FAST spr round 2 (radius: 20)
[00:01:29 -59528.567090] Model parameter optimization (eps = 1.000000)
[00:01:30 -59524.564366] SLOW spr round 1 (radius: 5)
[00:01:32 -59524.078615] SLOW spr round 2 (radius: 5)
[00:01:33 -59524.078606] SLOW spr round 3 (radius: 10)
[00:01:35 -59524.063439] SLOW spr round 4 (radius: 15)
[00:01:37 -59524.063439] SLOW spr round 5 (radius: 20)
[00:01:39 -59524.063439] SLOW spr round 6 (radius: 25)
[00:01:40 -59524.063439] Model parameter optimization (eps = 0.100000)

[00:01:41] ML tree search #5, logLikelihood: -59523.496638

[00:01:41 -168667.295187] Initial branch length optimization
[00:01:41 -63752.652351] Model parameter optimization (eps = 10.000000)
[00:01:41 -61812.007751] AUTODETECT spr round 1 (radius: 5)
[00:01:42 -60500.833034] AUTODETECT spr round 2 (radius: 10)
[00:01:43 -59942.684831] AUTODETECT spr round 3 (radius: 15)
[00:01:44 -59857.883188] AUTODETECT spr round 4 (radius: 20)
[00:01:44 -59850.955474] AUTODETECT spr round 5 (radius: 25)
[00:01:45 -59834.313421] SPR radius for FAST iterations: 25 (autodetect)
[00:01:45 -59834.313421] Model parameter optimization (eps = 3.000000)
[00:01:45 -59809.883166] FAST spr round 1 (radius: 25)
[00:01:48 -59584.896971] FAST spr round 2 (radius: 25)
[00:01:50 -59584.824340] Model parameter optimization (eps = 1.000000)
[00:01:51 -59526.042011] SLOW spr round 1 (radius: 5)
[00:01:53 -59525.766028] SLOW spr round 2 (radius: 5)
[00:01:55 -59525.766012] SLOW spr round 3 (radius: 10)
[00:01:57 -59524.534276] SLOW spr round 4 (radius: 5)
[00:01:59 -59524.534276] SLOW spr round 5 (radius: 10)
[00:02:01 -59524.534276] SLOW spr round 6 (radius: 15)
[00:02:03 -59524.534276] SLOW spr round 7 (radius: 20)
[00:02:05 -59524.534276] SLOW spr round 8 (radius: 25)
[00:02:06 -59524.534276] Model parameter optimization (eps = 0.100000)

[00:02:07] ML tree search #6, logLikelihood: -59523.486178

[00:02:07 -168273.517377] Initial branch length optimization
[00:02:07 -63584.252028] Model parameter optimization (eps = 10.000000)
[00:02:07 -61684.560685] AUTODETECT spr round 1 (radius: 5)
[00:02:08 -60525.080730] AUTODETECT spr round 2 (radius: 10)
[00:02:09 -60037.262582] AUTODETECT spr round 3 (radius: 15)
[00:02:10 -59916.696629] AUTODETECT spr round 4 (radius: 20)
[00:02:11 -59857.395358] AUTODETECT spr round 5 (radius: 25)
[00:02:11 -59857.395355] SPR radius for FAST iterations: 20 (autodetect)
[00:02:11 -59857.395355] Model parameter optimization (eps = 3.000000)
[00:02:12 -59832.935574] FAST spr round 1 (radius: 20)
[00:02:14 -59582.623361] FAST spr round 2 (radius: 20)
[00:02:16 -59582.614644] Model parameter optimization (eps = 1.000000)
[00:02:17 -59524.596830] SLOW spr round 1 (radius: 5)
[00:02:19 -59524.323881] SLOW spr round 2 (radius: 5)
[00:02:21 -59524.323866] SLOW spr round 3 (radius: 10)
[00:02:23 -59524.323866] SLOW spr round 4 (radius: 15)
[00:02:24 -59524.323866] SLOW spr round 5 (radius: 20)
[00:02:26 -59524.323866] SLOW spr round 6 (radius: 25)
[00:02:28 -59524.323866] Model parameter optimization (eps = 0.100000)

[00:02:28] ML tree search #7, logLikelihood: -59523.469738

[00:02:28 -168660.708246] Initial branch length optimization
[00:02:28 -63705.729279] Model parameter optimization (eps = 10.000000)
[00:02:29 -61766.454603] AUTODETECT spr round 1 (radius: 5)
[00:02:29 -60463.476293] AUTODETECT spr round 2 (radius: 10)
[00:02:30 -59936.404941] AUTODETECT spr round 3 (radius: 15)
[00:02:31 -59836.531598] AUTODETECT spr round 4 (radius: 20)
[00:02:32 -59778.523282] AUTODETECT spr round 5 (radius: 25)
[00:02:33 -59778.523266] SPR radius for FAST iterations: 20 (autodetect)
[00:02:33 -59778.523266] Model parameter optimization (eps = 3.000000)
[00:02:34 -59695.085596] FAST spr round 1 (radius: 20)
[00:02:36 -59529.198979] FAST spr round 2 (radius: 20)
[00:02:38 -59528.964587] FAST spr round 3 (radius: 20)
[00:02:39 -59528.964587] Model parameter optimization (eps = 1.000000)
[00:02:39 -59524.333498] SLOW spr round 1 (radius: 5)
[00:02:41 -59524.330497] SLOW spr round 2 (radius: 10)
[00:02:43 -59524.330485] SLOW spr round 3 (radius: 15)
[00:02:45 -59524.330485] SLOW spr round 4 (radius: 20)
[00:02:46 -59524.330485] SLOW spr round 5 (radius: 25)
[00:02:49 -59524.330485] Model parameter optimization (eps = 0.100000)

[00:02:49] ML tree search #8, logLikelihood: -59523.469491

[00:02:49 -168641.965503] Initial branch length optimization
[00:02:49 -63680.968206] Model parameter optimization (eps = 10.000000)
[00:02:50 -61749.006177] AUTODETECT spr round 1 (radius: 5)
[00:02:50 -60549.067466] AUTODETECT spr round 2 (radius: 10)
[00:02:51 -60082.159558] AUTODETECT spr round 3 (radius: 15)
[00:02:52 -59892.651485] AUTODETECT spr round 4 (radius: 20)
[00:02:53 -59875.555581] AUTODETECT spr round 5 (radius: 25)
[00:02:53 -59875.555580] SPR radius for FAST iterations: 20 (autodetect)
[00:02:53 -59875.555580] Model parameter optimization (eps = 3.000000)
[00:02:54 -59848.304885] FAST spr round 1 (radius: 20)
[00:02:56 -59584.670044] FAST spr round 2 (radius: 20)
[00:02:58 -59584.612309] Model parameter optimization (eps = 1.000000)
[00:02:59 -59524.661239] SLOW spr round 1 (radius: 5)
[00:03:01 -59524.377463] SLOW spr round 2 (radius: 5)
[00:03:03 -59524.377447] SLOW spr round 3 (radius: 10)
[00:03:05 -59524.377447] SLOW spr round 4 (radius: 15)
[00:03:07 -59524.377447] SLOW spr round 5 (radius: 20)
[00:03:09 -59524.377447] SLOW spr round 6 (radius: 25)
[00:03:10 -59524.377447] Model parameter optimization (eps = 0.100000)

[00:03:10] ML tree search #9, logLikelihood: -59523.474700

[00:03:10 -165283.273636] Initial branch length optimization
[00:03:10 -60706.207528] Model parameter optimization (eps = 10.000000)
[00:03:11 -59528.048024] AUTODETECT spr round 1 (radius: 5)
[00:03:11 -59526.154019] AUTODETECT spr round 2 (radius: 10)
[00:03:12 -59526.136171] SPR radius for FAST iterations: 5 (autodetect)
[00:03:12 -59526.136171] Model parameter optimization (eps = 3.000000)
[00:03:12 -59525.978335] FAST spr round 1 (radius: 5)
[00:03:13 -59525.972907] Model parameter optimization (eps = 1.000000)
[00:03:13 -59525.928834] SLOW spr round 1 (radius: 5)
[00:03:15 -59525.922919] SLOW spr round 2 (radius: 10)
[00:03:17 -59525.409907] SLOW spr round 3 (radius: 5)
[00:03:18 -59525.409907] SLOW spr round 4 (radius: 10)
[00:03:20 -59525.409907] SLOW spr round 5 (radius: 15)
[00:03:22 -59523.501142] SLOW spr round 6 (radius: 5)
[00:03:24 -59523.501142] SLOW spr round 7 (radius: 10)
[00:03:26 -59523.501142] SLOW spr round 8 (radius: 15)
[00:03:28 -59523.501142] SLOW spr round 9 (radius: 20)
[00:03:29 -59523.501142] SLOW spr round 10 (radius: 25)
[00:03:31 -59523.501142] Model parameter optimization (eps = 0.100000)

[00:03:31] ML tree search #10, logLikelihood: -59523.471873

[00:03:31 -165279.974962] Initial branch length optimization
[00:03:31 -60704.196765] Model parameter optimization (eps = 10.000000)
[00:03:31 -59526.967716] AUTODETECT spr round 1 (radius: 5)
[00:03:32 -59524.475288] AUTODETECT spr round 2 (radius: 10)
[00:03:33 -59523.723889] AUTODETECT spr round 3 (radius: 15)
[00:03:34 -59523.723807] SPR radius for FAST iterations: 10 (autodetect)
[00:03:34 -59523.723807] Model parameter optimization (eps = 3.000000)
[00:03:34 -59523.569294] FAST spr round 1 (radius: 10)
[00:03:35 -59523.552443] Model parameter optimization (eps = 1.000000)
[00:03:35 -59523.507252] SLOW spr round 1 (radius: 5)
[00:03:37 -59523.501888] SLOW spr round 2 (radius: 10)
[00:03:39 -59523.501888] SLOW spr round 3 (radius: 15)
[00:03:41 -59523.486736] SLOW spr round 4 (radius: 20)
[00:03:43 -59523.486736] SLOW spr round 5 (radius: 25)
[00:03:45 -59523.486736] Model parameter optimization (eps = 0.100000)

[00:03:45] ML tree search #11, logLikelihood: -59523.468661

[00:03:45 -165277.804630] Initial branch length optimization
[00:03:45 -60704.530963] Model parameter optimization (eps = 10.000000)
[00:03:45 -59527.003232] AUTODETECT spr round 1 (radius: 5)
[00:03:46 -59526.173222] AUTODETECT spr round 2 (radius: 10)
[00:03:47 -59525.570140] AUTODETECT spr round 3 (radius: 15)
[00:03:47 -59525.555002] SPR radius for FAST iterations: 10 (autodetect)
[00:03:48 -59525.555002] Model parameter optimization (eps = 3.000000)
[00:03:48 -59525.410649] FAST spr round 1 (radius: 10)
[00:03:49 -59524.048670] FAST spr round 2 (radius: 10)
[00:03:50 -59524.048670] Model parameter optimization (eps = 1.000000)
[00:03:50 -59524.005165] SLOW spr round 1 (radius: 5)
[00:03:52 -59523.995295] SLOW spr round 2 (radius: 10)
[00:03:53 -59523.995290] SLOW spr round 3 (radius: 15)
[00:03:55 -59523.995290] SLOW spr round 4 (radius: 20)
[00:03:57 -59523.995290] SLOW spr round 5 (radius: 25)
[00:03:58 -59523.995290] Model parameter optimization (eps = 0.100000)

[00:03:58] ML tree search #12, logLikelihood: -59523.972212

[00:03:58 -165283.720669] Initial branch length optimization
[00:03:58 -60719.854247] Model parameter optimization (eps = 10.000000)
[00:03:59 -59540.158135] AUTODETECT spr round 1 (radius: 5)
[00:03:59 -59526.139779] AUTODETECT spr round 2 (radius: 10)
[00:04:00 -59526.137107] SPR radius for FAST iterations: 5 (autodetect)
[00:04:00 -59526.137107] Model parameter optimization (eps = 3.000000)
[00:04:00 -59525.984146] FAST spr round 1 (radius: 5)
[00:04:01 -59525.984144] Model parameter optimization (eps = 1.000000)
[00:04:01 -59525.941113] SLOW spr round 1 (radius: 5)
[00:04:03 -59525.920633] SLOW spr round 2 (radius: 10)
[00:04:05 -59525.408312] SLOW spr round 3 (radius: 5)
[00:04:07 -59523.497495] SLOW spr round 4 (radius: 5)
[00:04:08 -59523.497495] SLOW spr round 5 (radius: 10)
[00:04:10 -59523.497495] SLOW spr round 6 (radius: 15)
[00:04:12 -59523.497495] SLOW spr round 7 (radius: 20)
[00:04:14 -59523.497495] SLOW spr round 8 (radius: 25)
[00:04:16 -59523.497495] Model parameter optimization (eps = 0.100000)

[00:04:16] ML tree search #13, logLikelihood: -59523.469373

[00:04:16 -165280.926878] Initial branch length optimization
[00:04:16 -60704.471401] Model parameter optimization (eps = 10.000000)
[00:04:16 -59525.895008] AUTODETECT spr round 1 (radius: 5)
[00:04:17 -59524.726765] AUTODETECT spr round 2 (radius: 10)
[00:04:17 -59524.200495] AUTODETECT spr round 3 (radius: 15)
[00:04:18 -59524.198878] SPR radius for FAST iterations: 10 (autodetect)
[00:04:18 -59524.198878] Model parameter optimization (eps = 3.000000)
[00:04:18 -59524.041820] FAST spr round 1 (radius: 10)
[00:04:20 -59524.036464] Model parameter optimization (eps = 1.000000)
[00:04:20 -59523.989052] SLOW spr round 1 (radius: 5)
[00:04:22 -59523.985767] SLOW spr round 2 (radius: 10)
[00:04:24 -59523.985767] SLOW spr round 3 (radius: 15)
[00:04:25 -59523.486004] SLOW spr round 4 (radius: 5)
[00:04:27 -59523.485122] SLOW spr round 5 (radius: 10)
[00:04:29 -59523.485122] SLOW spr round 6 (radius: 15)
[00:04:31 -59523.485122] SLOW spr round 7 (radius: 20)
[00:04:33 -59523.485122] SLOW spr round 8 (radius: 25)
[00:04:34 -59523.485122] Model parameter optimization (eps = 0.100000)

[00:04:34] ML tree search #14, logLikelihood: -59523.467934

[00:04:34 -165278.509664] Initial branch length optimization
[00:04:34 -60706.710313] Model parameter optimization (eps = 10.000000)
[00:04:34 -59527.824564] AUTODETECT spr round 1 (radius: 5)
[00:04:35 -59527.002944] AUTODETECT spr round 2 (radius: 10)
[00:04:36 -59525.567325] AUTODETECT spr round 3 (radius: 15)
[00:04:37 -59525.552181] SPR radius for FAST iterations: 10 (autodetect)
[00:04:37 -59525.552181] Model parameter optimization (eps = 3.000000)
[00:04:37 -59525.410692] FAST spr round 1 (radius: 10)
[00:04:38 -59524.040803] FAST spr round 2 (radius: 10)
[00:04:39 -59524.040803] Model parameter optimization (eps = 1.000000)
[00:04:39 -59523.998183] SLOW spr round 1 (radius: 5)
[00:04:41 -59523.993096] SLOW spr round 2 (radius: 10)
[00:04:43 -59523.493114] SLOW spr round 3 (radius: 5)
[00:04:45 -59523.492226] SLOW spr round 4 (radius: 10)
[00:04:47 -59523.492226] SLOW spr round 5 (radius: 15)
[00:04:49 -59523.492226] SLOW spr round 6 (radius: 20)
[00:04:51 -59523.492226] SLOW spr round 7 (radius: 25)
[00:04:52 -59523.492226] Model parameter optimization (eps = 0.100000)

[00:04:52] ML tree search #15, logLikelihood: -59523.471892

[00:04:52 -165277.862005] Initial branch length optimization
[00:04:52 -60704.348984] Model parameter optimization (eps = 10.000000)
[00:04:53 -59526.993279] AUTODETECT spr round 1 (radius: 5)
[00:04:53 -59524.213416] AUTODETECT spr round 2 (radius: 10)
[00:04:54 -59524.213402] SPR radius for FAST iterations: 5 (autodetect)
[00:04:54 -59524.213402] Model parameter optimization (eps = 3.000000)
[00:04:54 -59524.072020] FAST spr round 1 (radius: 5)
[00:04:55 -59524.061358] Model parameter optimization (eps = 1.000000)
[00:04:55 -59524.019250] SLOW spr round 1 (radius: 5)
[00:04:57 -59524.011718] SLOW spr round 2 (radius: 10)
[00:04:59 -59523.492814] SLOW spr round 3 (radius: 5)
[00:05:01 -59523.492814] SLOW spr round 4 (radius: 10)
[00:05:03 -59523.492814] SLOW spr round 5 (radius: 15)
[00:05:05 -59523.492814] SLOW spr round 6 (radius: 20)
[00:05:06 -59523.492814] SLOW spr round 7 (radius: 25)
[00:05:08 -59523.492814] Model parameter optimization (eps = 0.100000)

[00:05:08] ML tree search #16, logLikelihood: -59523.472577

[00:05:08 -165282.675868] Initial branch length optimization
[00:05:08 -60713.676701] Model parameter optimization (eps = 10.000000)
[00:05:08 -59535.473153] AUTODETECT spr round 1 (radius: 5)
[00:05:09 -59524.197805] AUTODETECT spr round 2 (radius: 10)
[00:05:10 -59524.192428] SPR radius for FAST iterations: 5 (autodetect)
[00:05:10 -59524.192428] Model parameter optimization (eps = 3.000000)
[00:05:10 -59524.054886] FAST spr round 1 (radius: 5)
[00:05:10 -59524.049472] Model parameter optimization (eps = 1.000000)
[00:05:10 -59524.011654] SLOW spr round 1 (radius: 5)
[00:05:12 -59524.004525] SLOW spr round 2 (radius: 10)
[00:05:15 -59523.503626] SLOW spr round 3 (radius: 5)
[00:05:16 -59523.503626] SLOW spr round 4 (radius: 10)
[00:05:19 -59523.503626] SLOW spr round 5 (radius: 15)
[00:05:20 -59523.488408] SLOW spr round 6 (radius: 20)
[00:05:22 -59523.488408] SLOW spr round 7 (radius: 25)
[00:05:24 -59523.488408] Model parameter optimization (eps = 0.100000)

[00:05:24] ML tree search #17, logLikelihood: -59523.469740

[00:05:24 -165285.496523] Initial branch length optimization
[00:05:24 -60705.550744] Model parameter optimization (eps = 10.000000)
[00:05:24 -59527.509085] AUTODETECT spr round 1 (radius: 5)
[00:05:25 -59524.176008] AUTODETECT spr round 2 (radius: 10)
[00:05:26 -59524.176005] SPR radius for FAST iterations: 5 (autodetect)
[00:05:26 -59524.176005] Model parameter optimization (eps = 3.000000)
[00:05:26 -59524.026389] FAST spr round 1 (radius: 5)
[00:05:26 -59524.026385] Model parameter optimization (eps = 1.000000)
[00:05:27 -59523.984448] SLOW spr round 1 (radius: 5)
[00:05:28 -59523.977153] SLOW spr round 2 (radius: 10)
[00:05:30 -59523.477978] SLOW spr round 3 (radius: 5)
[00:05:32 -59523.477053] SLOW spr round 4 (radius: 10)
[00:05:34 -59523.477053] SLOW spr round 5 (radius: 15)
[00:05:36 -59523.477053] SLOW spr round 6 (radius: 20)
[00:05:37 -59523.477053] SLOW spr round 7 (radius: 25)
[00:05:39 -59523.477053] Model parameter optimization (eps = 0.100000)

[00:05:39] ML tree search #18, logLikelihood: -59523.461875



Final LogLikelihood: -59523.461055

AIC score: 119526.922110 / AICc score: 119530.923909 / BIC score: 121514.156089
Free parameters (model + branch lengths): 240

Best ML tree saved to: /home/hikoyu/analysis/Genome/SARS-CoV-2/phylogeny/RAxML-NG/DNA/univ/3rd/SARS-CoV-2_200331.1.raxml.bestTree
All ML trees saved to: /home/hikoyu/analysis/Genome/SARS-CoV-2/phylogeny/RAxML-NG/DNA/univ/3rd/SARS-CoV-2_200331.1.raxml.mlTrees
Optimized model saved to: /home/hikoyu/analysis/Genome/SARS-CoV-2/phylogeny/RAxML-NG/DNA/univ/3rd/SARS-CoV-2_200331.1.raxml.bestModel

Execution log saved to: /home/hikoyu/analysis/Genome/SARS-CoV-2/phylogeny/RAxML-NG/DNA/univ/3rd/SARS-CoV-2_200331.1.raxml.log

Analysis started: 01-Apr-2020 01:49:07 / finished: 01-Apr-2020 01:54:46

Elapsed time: 339.339 seconds

