
RAxML-NG v. 0.9.0 released on 20.05.2019 by The Exelixis Lab.
Developed by: Alexey M. Kozlov and Alexandros Stamatakis.
Contributors: Diego Darriba, Tomas Flouri, Benoit Morel, Sarah Lutteropp, Ben Bettisworth.
Latest version: https://github.com/amkozlov/raxml-ng
Questions/problems/suggestions? Please visit: https://groups.google.com/forum/#!forum/raxml

RAxML-NG was called at 09-Apr-2020 00:52:46 as follows:

raxml-ng --threads 1 --bootstrap --bs-trees 84 --seed 3144356820 --prefix phylogeny/RAxML-NG/DNA/univ/3rd/SARS-CoV-2_200407.1 --msa phylogeny/RAxML-NG/DNA/univ/3rd/SARS-CoV-2_200407.raxml.rba --outgroup MG772933.1

Analysis options:
  run mode: Bootstrapping
  start tree(s): 
  bootstrap replicates: 84
  random seed: 3144356820
  tip-inner: OFF
  pattern compression: ON
  per-rate scalers: OFF
  site repeats: ON
  branch lengths: proportional (ML estimate, algorithm: NR-FAST)
  SIMD kernels: AVX2
  parallelization: NONE/sequential

[00:00:00] Loading binary alignment from file: phylogeny/RAxML-NG/DNA/univ/3rd/SARS-CoV-2_200407.raxml.rba
[00:00:00] Alignment comprises 285 taxa, 2 partitions and 498 patterns

Partition 0: p1_p2
Model: TIM3+G4m+B
Alignment sites / patterns: 19430 / 261
Gaps: 0.04 %
Invariant sites: 94.08 %

Partition 1: p3
Model: TIM3+G4m+B
Alignment sites / patterns: 9715 / 237
Gaps: 0.04 %
Invariant sites: 67.65 %


[00:00:00] Data distribution: max. partitions/sites/weight per thread: 2 / 498 / 7968
[00:00:00] Starting bootstrapping analysis with 84 replicates.

[00:01:45] Bootstrap tree #1, logLikelihood: -61108.321955
[00:03:34] Bootstrap tree #2, logLikelihood: -61225.193588
[00:05:14] Bootstrap tree #3, logLikelihood: -60129.601129
[00:06:40] Bootstrap tree #4, logLikelihood: -60956.453981
[00:08:49] Bootstrap tree #5, logLikelihood: -60979.914934
[00:10:16] Bootstrap tree #6, logLikelihood: -60441.270917
[00:11:49] Bootstrap tree #7, logLikelihood: -60501.139797
[00:13:15] Bootstrap tree #8, logLikelihood: -60765.479953
[00:14:48] Bootstrap tree #9, logLikelihood: -60864.469946
[00:17:04] Bootstrap tree #10, logLikelihood: -60423.177244
[00:18:43] Bootstrap tree #11, logLikelihood: -60552.090348
[00:20:17] Bootstrap tree #12, logLikelihood: -61083.414161
[00:21:59] Bootstrap tree #13, logLikelihood: -60807.371104
[00:23:34] Bootstrap tree #14, logLikelihood: -60856.875713
[00:25:49] Bootstrap tree #15, logLikelihood: -60093.290902
[00:27:21] Bootstrap tree #16, logLikelihood: -61268.869890
[00:28:53] Bootstrap tree #17, logLikelihood: -60431.351892
[00:30:38] Bootstrap tree #18, logLikelihood: -61435.717062
[00:32:18] Bootstrap tree #19, logLikelihood: -60969.704963
[00:33:54] Bootstrap tree #20, logLikelihood: -60952.981711
[00:35:33] Bootstrap tree #21, logLikelihood: -60892.081402
[00:37:03] Bootstrap tree #22, logLikelihood: -60619.621724
[00:38:44] Bootstrap tree #23, logLikelihood: -60956.303864
[00:40:08] Bootstrap tree #24, logLikelihood: -60749.816172
[00:41:53] Bootstrap tree #25, logLikelihood: -61516.692193
[00:44:03] Bootstrap tree #26, logLikelihood: -61188.127976
[00:47:20] Bootstrap tree #27, logLikelihood: -60964.547716
[00:48:46] Bootstrap tree #28, logLikelihood: -60660.378771
[00:50:56] Bootstrap tree #29, logLikelihood: -61396.399984
[00:52:28] Bootstrap tree #30, logLikelihood: -60611.264133
[00:54:12] Bootstrap tree #31, logLikelihood: -61336.059621
[00:56:05] Bootstrap tree #32, logLikelihood: -60399.769508
[00:57:39] Bootstrap tree #33, logLikelihood: -61027.427822
[00:59:12] Bootstrap tree #34, logLikelihood: -60830.413688
[01:01:05] Bootstrap tree #35, logLikelihood: -61271.553747
[01:02:34] Bootstrap tree #36, logLikelihood: -60895.122455
[01:05:27] Bootstrap tree #37, logLikelihood: -61348.443496
[01:06:58] Bootstrap tree #38, logLikelihood: -61069.848703
[01:08:21] Bootstrap tree #39, logLikelihood: -60669.906764
[01:10:00] Bootstrap tree #40, logLikelihood: -60896.631449
[01:11:37] Bootstrap tree #41, logLikelihood: -61334.825904
[01:13:26] Bootstrap tree #42, logLikelihood: -60989.999946
[01:15:07] Bootstrap tree #43, logLikelihood: -60561.193600
[01:16:43] Bootstrap tree #44, logLikelihood: -60818.381368
[01:18:21] Bootstrap tree #45, logLikelihood: -60661.093964
[01:19:54] Bootstrap tree #46, logLikelihood: -60681.568769
[01:21:36] Bootstrap tree #47, logLikelihood: -61561.228679
[01:23:24] Bootstrap tree #48, logLikelihood: -61066.397062
[01:25:31] Bootstrap tree #49, logLikelihood: -60896.626888
[01:27:00] Bootstrap tree #50, logLikelihood: -61182.778720
[01:28:36] Bootstrap tree #51, logLikelihood: -60989.664702
[01:30:12] Bootstrap tree #52, logLikelihood: -60867.504056
[01:31:39] Bootstrap tree #53, logLikelihood: -60994.207299
[01:33:13] Bootstrap tree #54, logLikelihood: -60876.591457
[01:35:01] Bootstrap tree #55, logLikelihood: -60580.886553
[01:36:36] Bootstrap tree #56, logLikelihood: -61046.329239
[01:38:00] Bootstrap tree #57, logLikelihood: -60977.552788
[01:39:23] Bootstrap tree #58, logLikelihood: -61199.196123
[01:41:46] Bootstrap tree #59, logLikelihood: -61273.807600
[01:43:27] Bootstrap tree #60, logLikelihood: -60540.822114
[01:44:59] Bootstrap tree #61, logLikelihood: -60973.754841
[01:46:30] Bootstrap tree #62, logLikelihood: -61182.336027
[01:48:06] Bootstrap tree #63, logLikelihood: -60662.810919
[01:50:27] Bootstrap tree #64, logLikelihood: -60729.044097
[01:52:10] Bootstrap tree #65, logLikelihood: -61458.087030
[01:53:46] Bootstrap tree #66, logLikelihood: -60960.126347
[01:55:32] Bootstrap tree #67, logLikelihood: -60881.655261
[01:57:29] Bootstrap tree #68, logLikelihood: -60980.179996
[01:59:15] Bootstrap tree #69, logLikelihood: -60687.588903
[02:00:48] Bootstrap tree #70, logLikelihood: -60545.247243
[02:02:10] Bootstrap tree #71, logLikelihood: -61474.516953
[02:03:49] Bootstrap tree #72, logLikelihood: -60696.216535
[02:05:34] Bootstrap tree #73, logLikelihood: -61014.696706
[02:07:18] Bootstrap tree #74, logLikelihood: -61686.914304
[02:09:00] Bootstrap tree #75, logLikelihood: -60952.912716
[02:11:03] Bootstrap tree #76, logLikelihood: -60680.646745
[02:13:25] Bootstrap tree #77, logLikelihood: -60838.850301
[02:14:58] Bootstrap tree #78, logLikelihood: -60820.362772
[02:16:32] Bootstrap tree #79, logLikelihood: -60901.957575
[02:18:10] Bootstrap tree #80, logLikelihood: -60985.646747
[02:19:43] Bootstrap tree #81, logLikelihood: -61170.033299
[02:21:14] Bootstrap tree #82, logLikelihood: -61344.932375
[02:23:02] Bootstrap tree #83, logLikelihood: -60739.796382
[02:24:44] Bootstrap tree #84, logLikelihood: -61319.672780

Bootstrap trees saved to: /home/hikoyu/analysis/Genome/SARS-CoV-2/phylogeny/RAxML-NG/DNA/univ/3rd/SARS-CoV-2_200407.1.raxml.bootstraps

Execution log saved to: /home/hikoyu/analysis/Genome/SARS-CoV-2/phylogeny/RAxML-NG/DNA/univ/3rd/SARS-CoV-2_200407.1.raxml.log

Analysis started: 09-Apr-2020 00:52:46 / finished: 09-Apr-2020 03:17:31

Elapsed time: 8685.142 seconds

