
RAxML-NG v. 0.9.0 released on 20.05.2019 by The Exelixis Lab.
Developed by: Alexey M. Kozlov and Alexandros Stamatakis.
Contributors: Diego Darriba, Tomas Flouri, Benoit Morel, Sarah Lutteropp, Ben Bettisworth.
Latest version: https://github.com/amkozlov/raxml-ng
Questions/problems/suggestions? Please visit: https://groups.google.com/forum/#!forum/raxml

RAxML-NG was called at 16-Mar-2020 01:10:33 as follows:

raxml-ng --threads 1 --search --tree rand{9},pars{9} --seed 3053326548 --prefix phylogeny/RAxML-NG/DNA/univ/3rd/SARS-CoV-2_200314.3 --msa phylogeny/RAxML-NG/DNA/univ/3rd/SARS-CoV-2_200314.raxml.rba --outgroup MG772933.1

Analysis options:
  run mode: ML tree search
  start tree(s): random (9) + parsimony (9)
  random seed: 3053326548
  tip-inner: OFF
  pattern compression: ON
  per-rate scalers: OFF
  site repeats: ON
  fast spr radius: AUTO
  spr subtree cutoff: 1.000000
  branch lengths: proportional (ML estimate, algorithm: NR-FAST)
  SIMD kernels: AVX2
  parallelization: NONE/sequential

[00:00:00] Loading binary alignment from file: phylogeny/RAxML-NG/DNA/univ/3rd/SARS-CoV-2_200314.raxml.rba
[00:00:00] Alignment comprises 89 taxa, 2 partitions and 281 patterns

Partition 0: p1_p2
Model: GTR+FO+G4m+B
Alignment sites / patterns: 19430 / 146
Gaps: 0.05 %
Invariant sites: 94.60 %

Partition 1: p3
Model: GTR+FO+I+B
Alignment sites / patterns: 9715 / 135
Gaps: 0.05 %
Invariant sites: 68.14 %


[00:00:00] Generating 9 random starting tree(s) with 89 taxa
[00:00:00] Generating 9 parsimony starting tree(s) with 89 taxa
[00:00:00] Data distribution: max. partitions/sites/weight per thread: 2 / 281 / 2876

Starting ML tree search with 18 distinct starting trees

[00:00:00 -218998.895862] Initial branch length optimization
[00:00:00 -61250.091775] Model parameter optimization (eps = 10.000000)
[00:00:00 -57927.450723] AUTODETECT spr round 1 (radius: 5)
[00:00:00 -57471.282408] AUTODETECT spr round 2 (radius: 10)
[00:00:01 -57259.193581] AUTODETECT spr round 3 (radius: 15)
[00:00:01 -57144.019790] AUTODETECT spr round 4 (radius: 20)
[00:00:02 -57135.547247] AUTODETECT spr round 5 (radius: 25)
[00:00:02 -57135.547247] SPR radius for FAST iterations: 20 (autodetect)
[00:00:02 -57135.547247] Model parameter optimization (eps = 3.000000)
[00:00:02 -57131.720496] FAST spr round 1 (radius: 20)
[00:00:04 -56941.170094] FAST spr round 2 (radius: 20)
[00:00:05 -56933.355360] FAST spr round 3 (radius: 20)
[00:00:06 -56933.350059] Model parameter optimization (eps = 1.000000)
[00:00:06 -56928.767638] SLOW spr round 1 (radius: 5)
[00:00:07 -56928.761669] SLOW spr round 2 (radius: 10)
[00:00:08 -56928.761496] SLOW spr round 3 (radius: 15)
[00:00:09 -56928.761492] SLOW spr round 4 (radius: 20)
[00:00:10 -56928.761492] SLOW spr round 5 (radius: 25)
[00:00:11 -56928.761492] Model parameter optimization (eps = 0.100000)

[00:00:11] ML tree search #1, logLikelihood: -56928.348252

[00:00:11 -218968.658550] Initial branch length optimization
[00:00:11 -61196.917726] Model parameter optimization (eps = 10.000000)
[00:00:12 -57882.229213] AUTODETECT spr round 1 (radius: 5)
[00:00:12 -57490.225842] AUTODETECT spr round 2 (radius: 10)
[00:00:13 -57357.836514] AUTODETECT spr round 3 (radius: 15)
[00:00:13 -57221.845135] AUTODETECT spr round 4 (radius: 20)
[00:00:14 -57210.527380] AUTODETECT spr round 5 (radius: 25)
[00:00:14 -57210.527378] SPR radius for FAST iterations: 20 (autodetect)
[00:00:14 -57210.527378] Model parameter optimization (eps = 3.000000)
[00:00:14 -57207.738916] FAST spr round 1 (radius: 20)
[00:00:16 -56933.292298] FAST spr round 2 (radius: 20)
[00:00:17 -56933.027733] FAST spr round 3 (radius: 20)
[00:00:18 -56933.021540] Model parameter optimization (eps = 1.000000)
[00:00:18 -56928.617516] SLOW spr round 1 (radius: 5)
[00:00:19 -56928.608071] SLOW spr round 2 (radius: 10)
[00:00:21 -56928.607955] SLOW spr round 3 (radius: 15)
[00:00:22 -56928.607650] SLOW spr round 4 (radius: 20)
[00:00:23 -56928.607649] SLOW spr round 5 (radius: 25)
[00:00:23 -56928.607649] Model parameter optimization (eps = 0.100000)

[00:00:23] ML tree search #2, logLikelihood: -56928.373955

[00:00:23 -219012.791448] Initial branch length optimization
[00:00:23 -61325.388791] Model parameter optimization (eps = 10.000000)
[00:00:24 -57987.237635] AUTODETECT spr round 1 (radius: 5)
[00:00:24 -57471.420914] AUTODETECT spr round 2 (radius: 10)
[00:00:25 -57047.828491] AUTODETECT spr round 3 (radius: 15)
[00:00:25 -56990.073030] AUTODETECT spr round 4 (radius: 20)
[00:00:25 -56990.072899] SPR radius for FAST iterations: 15 (autodetect)
[00:00:25 -56990.072899] Model parameter optimization (eps = 3.000000)
[00:00:26 -56982.331490] FAST spr round 1 (radius: 15)
[00:00:27 -56953.064641] FAST spr round 2 (radius: 15)
[00:00:28 -56953.054176] Model parameter optimization (eps = 1.000000)
[00:00:28 -56953.005636] SLOW spr round 1 (radius: 5)
[00:00:29 -56953.003110] SLOW spr round 2 (radius: 10)
[00:00:30 -56953.003091] SLOW spr round 3 (radius: 15)
[00:00:32 -56953.003091] SLOW spr round 4 (radius: 20)
[00:00:33 -56928.358424] SLOW spr round 5 (radius: 5)
[00:00:34 -56928.358424] SLOW spr round 6 (radius: 10)
[00:00:35 -56928.358424] SLOW spr round 7 (radius: 15)
[00:00:37 -56928.358424] SLOW spr round 8 (radius: 20)
[00:00:37 -56928.358424] SLOW spr round 9 (radius: 25)
[00:00:38 -56928.358424] Model parameter optimization (eps = 0.100000)

[00:00:38] ML tree search #3, logLikelihood: -56928.312457

[00:00:38 -218984.651239] Initial branch length optimization
[00:00:38 -61237.122218] Model parameter optimization (eps = 10.000000)
[00:00:39 -57912.619406] AUTODETECT spr round 1 (radius: 5)
[00:00:39 -57517.542701] AUTODETECT spr round 2 (radius: 10)
[00:00:39 -57312.958242] AUTODETECT spr round 3 (radius: 15)
[00:00:40 -57169.134392] AUTODETECT spr round 4 (radius: 20)
[00:00:40 -57169.134388] SPR radius for FAST iterations: 15 (autodetect)
[00:00:40 -57169.134388] Model parameter optimization (eps = 3.000000)
[00:00:41 -57165.461930] FAST spr round 1 (radius: 15)
[00:00:42 -56933.341838] FAST spr round 2 (radius: 15)
[00:00:43 -56933.329439] Model parameter optimization (eps = 1.000000)
[00:00:43 -56928.798667] SLOW spr round 1 (radius: 5)
[00:00:45 -56928.787938] SLOW spr round 2 (radius: 10)
[00:00:46 -56928.787759] SLOW spr round 3 (radius: 15)
[00:00:47 -56928.787754] SLOW spr round 4 (radius: 20)
[00:00:48 -56928.787754] SLOW spr round 5 (radius: 25)
[00:00:49 -56928.787754] Model parameter optimization (eps = 0.100000)

[00:00:49] ML tree search #4, logLikelihood: -56928.351687

[00:00:49 -219005.386994] Initial branch length optimization
[00:00:49 -61314.565610] Model parameter optimization (eps = 10.000000)
[00:00:50 -57981.018559] AUTODETECT spr round 1 (radius: 5)
[00:00:50 -57480.065855] AUTODETECT spr round 2 (radius: 10)
[00:00:51 -57166.139884] AUTODETECT spr round 3 (radius: 15)
[00:00:51 -57041.996343] AUTODETECT spr round 4 (radius: 20)
[00:00:52 -57022.405744] AUTODETECT spr round 5 (radius: 25)
[00:00:52 -57022.405744] SPR radius for FAST iterations: 20 (autodetect)
[00:00:52 -57022.405744] Model parameter optimization (eps = 3.000000)
[00:00:52 -57015.060000] FAST spr round 1 (radius: 20)
[00:00:54 -56928.463932] FAST spr round 2 (radius: 20)
[00:00:55 -56928.461975] Model parameter optimization (eps = 1.000000)
[00:00:55 -56928.334480] SLOW spr round 1 (radius: 5)
[00:00:56 -56928.329618] SLOW spr round 2 (radius: 10)
[00:00:57 -56928.329388] SLOW spr round 3 (radius: 15)
[00:00:59 -56928.329388] SLOW spr round 4 (radius: 20)
[00:00:59 -56928.329388] SLOW spr round 5 (radius: 25)
[00:01:00 -56928.329388] Model parameter optimization (eps = 0.100000)

[00:01:00] ML tree search #5, logLikelihood: -56928.310377

[00:01:00 -219004.106022] Initial branch length optimization
[00:01:00 -61311.379623] Model parameter optimization (eps = 10.000000)
[00:01:00 -57974.178050] AUTODETECT spr round 1 (radius: 5)
[00:01:01 -57549.776333] AUTODETECT spr round 2 (radius: 10)
[00:01:01 -57197.589492] AUTODETECT spr round 3 (radius: 15)
[00:01:02 -57065.082879] AUTODETECT spr round 4 (radius: 20)
[00:01:02 -57011.557304] AUTODETECT spr round 5 (radius: 25)
[00:01:02 -57011.557302] SPR radius for FAST iterations: 20 (autodetect)
[00:01:02 -57011.557302] Model parameter optimization (eps = 3.000000)
[00:01:03 -57004.050737] FAST spr round 1 (radius: 20)
[00:01:04 -56928.398797] FAST spr round 2 (radius: 20)
[00:01:05 -56928.390949] Model parameter optimization (eps = 1.000000)
[00:01:05 -56928.329098] SLOW spr round 1 (radius: 5)
[00:01:07 -56928.326687] SLOW spr round 2 (radius: 10)
[00:01:08 -56928.326251] SLOW spr round 3 (radius: 15)
[00:01:09 -56928.326251] SLOW spr round 4 (radius: 20)
[00:01:10 -56928.326251] SLOW spr round 5 (radius: 25)
[00:01:11 -56928.326251] Model parameter optimization (eps = 0.100000)

[00:01:11] ML tree search #6, logLikelihood: -56928.304245

[00:01:11 -219009.458966] Initial branch length optimization
[00:01:11 -61278.533795] Model parameter optimization (eps = 10.000000)
[00:01:11 -57947.426244] AUTODETECT spr round 1 (radius: 5)
[00:01:11 -57471.497145] AUTODETECT spr round 2 (radius: 10)
[00:01:12 -57192.636656] AUTODETECT spr round 3 (radius: 15)
[00:01:12 -57035.647904] AUTODETECT spr round 4 (radius: 20)
[00:01:13 -57033.977161] AUTODETECT spr round 5 (radius: 25)
[00:01:13 -57033.976278] SPR radius for FAST iterations: 20 (autodetect)
[00:01:13 -57033.976278] Model parameter optimization (eps = 3.000000)
[00:01:13 -57026.921652] FAST spr round 1 (radius: 20)
[00:01:15 -56928.469016] FAST spr round 2 (radius: 20)
[00:01:16 -56928.465927] Model parameter optimization (eps = 1.000000)
[00:01:16 -56928.357234] SLOW spr round 1 (radius: 5)
[00:01:17 -56928.349202] SLOW spr round 2 (radius: 10)
[00:01:19 -56928.349182] SLOW spr round 3 (radius: 15)
[00:01:20 -56928.349182] SLOW spr round 4 (radius: 20)
[00:01:20 -56928.349182] SLOW spr round 5 (radius: 25)
[00:01:21 -56928.349182] Model parameter optimization (eps = 0.100000)

[00:01:21] ML tree search #7, logLikelihood: -56928.318688

[00:01:21 -218970.143625] Initial branch length optimization
[00:01:21 -61197.686582] Model parameter optimization (eps = 10.000000)
[00:01:22 -57874.422188] AUTODETECT spr round 1 (radius: 5)
[00:01:22 -57471.426388] AUTODETECT spr round 2 (radius: 10)
[00:01:23 -57363.277712] AUTODETECT spr round 3 (radius: 15)
[00:01:23 -57234.645913] AUTODETECT spr round 4 (radius: 20)
[00:01:23 -57223.122312] AUTODETECT spr round 5 (radius: 25)
[00:01:24 -57223.122312] SPR radius for FAST iterations: 20 (autodetect)
[00:01:24 -57223.122312] Model parameter optimization (eps = 3.000000)
[00:01:24 -57219.241853] FAST spr round 1 (radius: 20)
[00:01:26 -56933.433237] FAST spr round 2 (radius: 20)
[00:01:26 -56933.425058] Model parameter optimization (eps = 1.000000)
[00:01:27 -56928.820299] SLOW spr round 1 (radius: 5)
[00:01:28 -56928.808453] SLOW spr round 2 (radius: 10)
[00:01:29 -56928.808259] SLOW spr round 3 (radius: 15)
[00:01:30 -56928.808254] SLOW spr round 4 (radius: 20)
[00:01:31 -56928.808254] SLOW spr round 5 (radius: 25)
[00:01:31 -56928.808254] Model parameter optimization (eps = 0.100000)

[00:01:32] ML tree search #8, logLikelihood: -56928.355308

[00:01:32 -218990.228645] Initial branch length optimization
[00:01:32 -61262.278710] Model parameter optimization (eps = 10.000000)
[00:01:32 -57934.648232] AUTODETECT spr round 1 (radius: 5)
[00:01:33 -57494.411031] AUTODETECT spr round 2 (radius: 10)
[00:01:33 -57300.521194] AUTODETECT spr round 3 (radius: 15)
[00:01:34 -57242.314738] AUTODETECT spr round 4 (radius: 20)
[00:01:34 -57223.040084] AUTODETECT spr round 5 (radius: 25)
[00:01:34 -57223.040084] SPR radius for FAST iterations: 20 (autodetect)
[00:01:34 -57223.040084] Model parameter optimization (eps = 3.000000)
[00:01:35 -57219.415968] FAST spr round 1 (radius: 20)
[00:01:36 -56934.487993] FAST spr round 2 (radius: 20)
[00:01:37 -56934.477946] Model parameter optimization (eps = 1.000000)
[00:01:38 -56929.773650] SLOW spr round 1 (radius: 5)
[00:01:39 -56929.763063] SLOW spr round 2 (radius: 10)
[00:01:40 -56929.762885] SLOW spr round 3 (radius: 15)
[00:01:41 -56929.762880] SLOW spr round 4 (radius: 20)
[00:01:42 -56929.762880] SLOW spr round 5 (radius: 25)
[00:01:43 -56929.762880] Model parameter optimization (eps = 0.100000)

[00:01:43] ML tree search #9, logLikelihood: -56929.350594

[00:01:43 -216885.790374] Initial branch length optimization
[00:01:43 -59873.717846] Model parameter optimization (eps = 10.000000)
[00:01:44 -56940.455132] AUTODETECT spr round 1 (radius: 5)
[00:01:44 -56939.680543] AUTODETECT spr round 2 (radius: 10)
[00:01:44 -56939.677608] SPR radius for FAST iterations: 5 (autodetect)
[00:01:44 -56939.677608] Model parameter optimization (eps = 3.000000)
[00:01:45 -56933.868189] FAST spr round 1 (radius: 5)
[00:01:45 -56933.842689] Model parameter optimization (eps = 1.000000)
[00:01:45 -56931.893748] SLOW spr round 1 (radius: 5)
[00:01:47 -56931.874011] SLOW spr round 2 (radius: 10)
[00:01:48 -56929.420188] SLOW spr round 3 (radius: 5)
[00:01:49 -56929.419246] SLOW spr round 4 (radius: 10)
[00:01:51 -56929.419246] SLOW spr round 5 (radius: 15)
[00:01:52 -56929.419246] SLOW spr round 6 (radius: 20)
[00:01:53 -56929.419246] SLOW spr round 7 (radius: 25)
[00:01:53 -56929.419246] Model parameter optimization (eps = 0.100000)

[00:01:54] ML tree search #10, logLikelihood: -56928.444598

[00:01:54 -216883.069854] Initial branch length optimization
[00:01:54 -59873.806057] Model parameter optimization (eps = 10.000000)
[00:01:55 -56941.315993] AUTODETECT spr round 1 (radius: 5)
[00:01:55 -56939.872751] AUTODETECT spr round 2 (radius: 10)
[00:01:55 -56939.868510] SPR radius for FAST iterations: 5 (autodetect)
[00:01:55 -56939.868510] Model parameter optimization (eps = 3.000000)
[00:01:56 -56933.936012] FAST spr round 1 (radius: 5)
[00:01:56 -56933.909468] Model parameter optimization (eps = 1.000000)
[00:01:56 -56931.917136] SLOW spr round 1 (radius: 5)
[00:01:58 -56931.897977] SLOW spr round 2 (radius: 10)
[00:01:59 -56929.445293] SLOW spr round 3 (radius: 5)
[00:02:00 -56929.444552] SLOW spr round 4 (radius: 10)
[00:02:02 -56929.444552] SLOW spr round 5 (radius: 15)
[00:02:03 -56929.444552] SLOW spr round 6 (radius: 20)
[00:02:04 -56929.444552] SLOW spr round 7 (radius: 25)
[00:02:05 -56929.444552] Model parameter optimization (eps = 0.100000)

[00:02:05] ML tree search #11, logLikelihood: -56928.391894

[00:02:05 -216883.132092] Initial branch length optimization
[00:02:05 -59879.612673] Model parameter optimization (eps = 10.000000)
[00:02:06 -56948.492937] AUTODETECT spr round 1 (radius: 5)
[00:02:06 -56939.961434] AUTODETECT spr round 2 (radius: 10)
[00:02:07 -56937.701135] AUTODETECT spr round 3 (radius: 15)
[00:02:07 -56937.701135] SPR radius for FAST iterations: 10 (autodetect)
[00:02:07 -56937.701135] Model parameter optimization (eps = 3.000000)
[00:02:08 -56931.543878] FAST spr round 1 (radius: 10)
[00:02:09 -56931.526771] Model parameter optimization (eps = 1.000000)
[00:02:09 -56929.444190] SLOW spr round 1 (radius: 5)
[00:02:10 -56929.426628] SLOW spr round 2 (radius: 10)
[00:02:12 -56929.422308] SLOW spr round 3 (radius: 15)
[00:02:13 -56929.421957] SLOW spr round 4 (radius: 20)
[00:02:14 -56929.421957] SLOW spr round 5 (radius: 25)
[00:02:14 -56929.421957] Model parameter optimization (eps = 0.100000)

[00:02:15] ML tree search #12, logLikelihood: -56928.444582

[00:02:15 -216886.871876] Initial branch length optimization
[00:02:15 -59874.073359] Model parameter optimization (eps = 10.000000)
[00:02:15 -56939.640854] AUTODETECT spr round 1 (radius: 5)
[00:02:16 -56939.317902] AUTODETECT spr round 2 (radius: 10)
[00:02:16 -56937.590944] AUTODETECT spr round 3 (radius: 15)
[00:02:17 -56937.590944] SPR radius for FAST iterations: 10 (autodetect)
[00:02:17 -56937.590944] Model parameter optimization (eps = 3.000000)
[00:02:17 -56931.529115] FAST spr round 1 (radius: 10)
[00:02:18 -56931.512509] Model parameter optimization (eps = 1.000000)
[00:02:18 -56929.439764] SLOW spr round 1 (radius: 5)
[00:02:19 -56929.422050] SLOW spr round 2 (radius: 10)
[00:02:21 -56929.417724] SLOW spr round 3 (radius: 15)
[00:02:22 -56929.417163] SLOW spr round 4 (radius: 20)
[00:02:23 -56929.416752] SLOW spr round 5 (radius: 25)
[00:02:24 -56929.416752] Model parameter optimization (eps = 0.100000)

[00:02:24] ML tree search #13, logLikelihood: -56928.444057

[00:02:24 -216884.377517] Initial branch length optimization
[00:02:24 -59872.305639] Model parameter optimization (eps = 10.000000)
[00:02:25 -56940.347129] AUTODETECT spr round 1 (radius: 5)
[00:02:25 -56940.019228] AUTODETECT spr round 2 (radius: 10)
[00:02:25 -56940.019206] SPR radius for FAST iterations: 5 (autodetect)
[00:02:25 -56940.019206] Model parameter optimization (eps = 3.000000)
[00:02:26 -56934.013255] FAST spr round 1 (radius: 5)
[00:02:26 -56933.998336] Model parameter optimization (eps = 1.000000)
[00:02:26 -56931.975666] SLOW spr round 1 (radius: 5)
[00:02:28 -56931.963080] SLOW spr round 2 (radius: 10)
[00:02:29 -56931.959048] SLOW spr round 3 (radius: 15)
[00:02:30 -56930.516578] SLOW spr round 4 (radius: 5)
[00:02:31 -56930.513842] SLOW spr round 5 (radius: 10)
[00:02:32 -56930.513842] SLOW spr round 6 (radius: 15)
[00:02:34 -56930.513842] SLOW spr round 7 (radius: 20)
[00:02:35 -56930.513842] SLOW spr round 8 (radius: 25)
[00:02:35 -56930.513842] Model parameter optimization (eps = 0.100000)

[00:02:36] ML tree search #14, logLikelihood: -56929.397388

[00:02:36 -216887.213465] Initial branch length optimization
[00:02:36 -59883.243964] Model parameter optimization (eps = 10.000000)
[00:02:37 -56947.262752] AUTODETECT spr round 1 (radius: 5)
[00:02:37 -56937.398875] AUTODETECT spr round 2 (radius: 10)
[00:02:37 -56937.398872] SPR radius for FAST iterations: 5 (autodetect)
[00:02:37 -56937.398872] Model parameter optimization (eps = 3.000000)
[00:02:38 -56931.433827] FAST spr round 1 (radius: 5)
[00:02:38 -56931.419400] Model parameter optimization (eps = 1.000000)
[00:02:39 -56929.402955] SLOW spr round 1 (radius: 5)
[00:02:40 -56929.391060] SLOW spr round 2 (radius: 10)
[00:02:41 -56929.387030] SLOW spr round 3 (radius: 15)
[00:02:42 -56929.386499] SLOW spr round 4 (radius: 20)
[00:02:43 -56929.386335] SLOW spr round 5 (radius: 25)
[00:02:44 -56929.386335] Model parameter optimization (eps = 0.100000)

[00:02:44] ML tree search #15, logLikelihood: -56928.440407

[00:02:44 -216886.999523] Initial branch length optimization
[00:02:44 -59874.209732] Model parameter optimization (eps = 10.000000)
[00:02:45 -56939.649002] AUTODETECT spr round 1 (radius: 5)
[00:02:45 -56939.329885] AUTODETECT spr round 2 (radius: 10)
[00:02:46 -56937.602829] AUTODETECT spr round 3 (radius: 15)
[00:02:46 -56937.602829] SPR radius for FAST iterations: 10 (autodetect)
[00:02:46 -56937.602829] Model parameter optimization (eps = 3.000000)
[00:02:47 -56931.530695] FAST spr round 1 (radius: 10)
[00:02:48 -56931.509907] Model parameter optimization (eps = 1.000000)
[00:02:48 -56929.436039] SLOW spr round 1 (radius: 5)
[00:02:49 -56929.416025] SLOW spr round 2 (radius: 10)
[00:02:51 -56929.415540] SLOW spr round 3 (radius: 15)
[00:02:52 -56929.415539] SLOW spr round 4 (radius: 20)
[00:02:52 -56929.415539] SLOW spr round 5 (radius: 25)
[00:02:53 -56929.415539] Model parameter optimization (eps = 0.100000)

[00:02:54] ML tree search #16, logLikelihood: -56928.445208

[00:02:54 -216884.487861] Initial branch length optimization
[00:02:54 -59872.004540] Model parameter optimization (eps = 10.000000)
[00:02:54 -56939.971957] AUTODETECT spr round 1 (radius: 5)
[00:02:55 -56939.957965] SPR radius for FAST iterations: 5 (autodetect)
[00:02:55 -56939.957965] Model parameter optimization (eps = 3.000000)
[00:02:55 -56933.977287] FAST spr round 1 (radius: 5)
[00:02:55 -56933.949325] Model parameter optimization (eps = 1.000000)
[00:02:56 -56931.932889] SLOW spr round 1 (radius: 5)
[00:02:57 -56931.912161] SLOW spr round 2 (radius: 10)
[00:02:58 -56930.464076] SLOW spr round 3 (radius: 5)
[00:02:59 -56930.461032] SLOW spr round 4 (radius: 10)
[00:03:00 -56930.461032] SLOW spr round 5 (radius: 15)
[00:03:02 -56930.461032] SLOW spr round 6 (radius: 20)
[00:03:02 -56930.461032] SLOW spr round 7 (radius: 25)
[00:03:03 -56930.461032] Model parameter optimization (eps = 0.100000)

[00:03:04] ML tree search #17, logLikelihood: -56929.393644

[00:03:04 -216886.866631] Initial branch length optimization
[00:03:04 -59874.073428] Model parameter optimization (eps = 10.000000)
[00:03:04 -56939.640213] AUTODETECT spr round 1 (radius: 5)
[00:03:05 -56939.317272] AUTODETECT spr round 2 (radius: 10)
[00:03:05 -56937.590297] AUTODETECT spr round 3 (radius: 15)
[00:03:05 -56937.590295] SPR radius for FAST iterations: 10 (autodetect)
[00:03:05 -56937.590295] Model parameter optimization (eps = 3.000000)
[00:03:06 -56931.531050] FAST spr round 1 (radius: 10)
[00:03:07 -56931.513748] Model parameter optimization (eps = 1.000000)
[00:03:07 -56929.439879] SLOW spr round 1 (radius: 5)
[00:03:08 -56929.421926] SLOW spr round 2 (radius: 10)
[00:03:10 -56929.417890] SLOW spr round 3 (radius: 15)
[00:03:11 -56929.417581] SLOW spr round 4 (radius: 20)
[00:03:12 -56929.417581] SLOW spr round 5 (radius: 25)
[00:03:12 -56929.417581] Model parameter optimization (eps = 0.100000)

[00:03:13] ML tree search #18, logLikelihood: -56928.443824



Final LogLikelihood: -56928.304245

AIC score: 114244.608491 / AICc score: 114247.221962 / BIC score: 115850.935989
Free parameters (model + branch lengths): 194

Best ML tree saved to: /home/hikoyu/analysis/Genome/SARS-CoV-2/phylogeny/RAxML-NG/DNA/univ/3rd/SARS-CoV-2_200314.3.raxml.bestTree
All ML trees saved to: /home/hikoyu/analysis/Genome/SARS-CoV-2/phylogeny/RAxML-NG/DNA/univ/3rd/SARS-CoV-2_200314.3.raxml.mlTrees
Optimized model saved to: /home/hikoyu/analysis/Genome/SARS-CoV-2/phylogeny/RAxML-NG/DNA/univ/3rd/SARS-CoV-2_200314.3.raxml.bestModel

Execution log saved to: /home/hikoyu/analysis/Genome/SARS-CoV-2/phylogeny/RAxML-NG/DNA/univ/3rd/SARS-CoV-2_200314.3.raxml.log

Analysis started: 16-Mar-2020 01:10:33 / finished: 16-Mar-2020 01:13:46

Elapsed time: 193.357 seconds

