
RAxML-NG v. 0.9.0 released on 20.05.2019 by The Exelixis Lab.
Developed by: Alexey M. Kozlov and Alexandros Stamatakis.
Contributors: Diego Darriba, Tomas Flouri, Benoit Morel, Sarah Lutteropp, Ben Bettisworth.
Latest version: https://github.com/amkozlov/raxml-ng
Questions/problems/suggestions? Please visit: https://groups.google.com/forum/#!forum/raxml

RAxML-NG was called at 19-Mar-2020 02:30:44 as follows:

raxml-ng --threads 1 --search --tree rand{8},pars{8} --seed 3741798500 --prefix phylogeny/RAxML-NG/DNA/univ/3rd/SARS-CoV-2_200318.8 --msa phylogeny/RAxML-NG/DNA/univ/3rd/SARS-CoV-2_200318.raxml.rba --outgroup MG772933.1

Analysis options:
  run mode: ML tree search
  start tree(s): random (8) + parsimony (8)
  random seed: 3741798500
  tip-inner: OFF
  pattern compression: ON
  per-rate scalers: OFF
  site repeats: ON
  fast spr radius: AUTO
  spr subtree cutoff: 1.000000
  branch lengths: proportional (ML estimate, algorithm: NR-FAST)
  SIMD kernels: AVX2
  parallelization: NONE/sequential

[00:00:00] Loading binary alignment from file: phylogeny/RAxML-NG/DNA/univ/3rd/SARS-CoV-2_200318.raxml.rba
[00:00:00] Alignment comprises 74 taxa, 2 partitions and 271 patterns

Partition 0: p1_p2
Model: GTR+FO+G4m+B
Alignment sites / patterns: 19432 / 140
Gaps: 0.06 %
Invariant sites: 94.62 %

Partition 1: p3
Model: GTR+FO+I+B
Alignment sites / patterns: 9716 / 131
Gaps: 0.06 %
Invariant sites: 68.17 %


[00:00:00] Generating 8 random starting tree(s) with 74 taxa
[00:00:00] Generating 8 parsimony starting tree(s) with 74 taxa
[00:00:00] Data distribution: max. partitions/sites/weight per thread: 2 / 271 / 2764

Starting ML tree search with 16 distinct starting trees

[00:00:00 -197165.908330] Initial branch length optimization
[00:00:00 -61202.558214] Model parameter optimization (eps = 10.000000)
[00:00:00 -57872.351692] AUTODETECT spr round 1 (radius: 5)
[00:00:00 -57266.672148] AUTODETECT spr round 2 (radius: 10)
[00:00:01 -57039.280618] AUTODETECT spr round 3 (radius: 15)
[00:00:01 -56919.229447] AUTODETECT spr round 4 (radius: 20)
[00:00:01 -56919.224068] SPR radius for FAST iterations: 15 (autodetect)
[00:00:01 -56919.224068] Model parameter optimization (eps = 3.000000)
[00:00:01 -56911.753997] FAST spr round 1 (radius: 15)
[00:00:02 -56821.064922] FAST spr round 2 (radius: 15)
[00:00:03 -56821.061847] Model parameter optimization (eps = 1.000000)
[00:00:03 -56821.006753] SLOW spr round 1 (radius: 5)
[00:00:04 -56820.996586] SLOW spr round 2 (radius: 10)
[00:00:05 -56820.996427] SLOW spr round 3 (radius: 15)
[00:00:06 -56820.996426] SLOW spr round 4 (radius: 20)
[00:00:07 -56820.996426] SLOW spr round 5 (radius: 25)
[00:00:07 -56820.996426] Model parameter optimization (eps = 0.100000)

[00:00:07] ML tree search #1, logLikelihood: -56820.990010

[00:00:07 -197185.043210] Initial branch length optimization
[00:00:07 -61303.611419] Model parameter optimization (eps = 10.000000)
[00:00:07 -57951.033556] AUTODETECT spr round 1 (radius: 5)
[00:00:08 -57305.125361] AUTODETECT spr round 2 (radius: 10)
[00:00:08 -57063.613849] AUTODETECT spr round 3 (radius: 15)
[00:00:09 -57061.971549] AUTODETECT spr round 4 (radius: 20)
[00:00:09 -57061.971549] SPR radius for FAST iterations: 15 (autodetect)
[00:00:09 -57061.971549] Model parameter optimization (eps = 3.000000)
[00:00:09 -57057.190149] FAST spr round 1 (radius: 15)
[00:00:10 -56825.497924] FAST spr round 2 (radius: 15)
[00:00:11 -56825.489094] Model parameter optimization (eps = 1.000000)
[00:00:11 -56821.360086] SLOW spr round 1 (radius: 5)
[00:00:12 -56821.347110] SLOW spr round 2 (radius: 10)
[00:00:13 -56821.346968] SLOW spr round 3 (radius: 15)
[00:00:14 -56821.346964] SLOW spr round 4 (radius: 20)
[00:00:14 -56821.346964] SLOW spr round 5 (radius: 25)
[00:00:14 -56821.346964] Model parameter optimization (eps = 0.100000)

[00:00:15] ML tree search #2, logLikelihood: -56821.082522

[00:00:15 -197162.093891] Initial branch length optimization
[00:00:15 -61164.168150] Model parameter optimization (eps = 10.000000)
[00:00:15 -57842.899067] AUTODETECT spr round 1 (radius: 5)
[00:00:15 -57324.552478] AUTODETECT spr round 2 (radius: 10)
[00:00:16 -57045.443901] AUTODETECT spr round 3 (radius: 15)
[00:00:16 -56923.181216] AUTODETECT spr round 4 (radius: 20)
[00:00:16 -56923.175826] SPR radius for FAST iterations: 15 (autodetect)
[00:00:16 -56923.175826] Model parameter optimization (eps = 3.000000)
[00:00:17 -56916.256437] FAST spr round 1 (radius: 15)
[00:00:18 -56821.029202] FAST spr round 2 (radius: 15)
[00:00:18 -56821.025262] Model parameter optimization (eps = 1.000000)
[00:00:18 -56820.994724] SLOW spr round 1 (radius: 5)
[00:00:19 -56820.989982] SLOW spr round 2 (radius: 10)
[00:00:20 -56820.989840] SLOW spr round 3 (radius: 15)
[00:00:21 -56820.989840] SLOW spr round 4 (radius: 20)
[00:00:22 -56820.989840] SLOW spr round 5 (radius: 25)
[00:00:22 -56820.989840] Model parameter optimization (eps = 0.100000)

[00:00:22] ML tree search #3, logLikelihood: -56820.988645

[00:00:22 -197163.436332] Initial branch length optimization
[00:00:22 -61214.822146] Model parameter optimization (eps = 10.000000)
[00:00:22 -57884.596765] AUTODETECT spr round 1 (radius: 5)
[00:00:23 -57280.370545] AUTODETECT spr round 2 (radius: 10)
[00:00:23 -56950.135662] AUTODETECT spr round 3 (radius: 15)
[00:00:23 -56947.902624] AUTODETECT spr round 4 (radius: 20)
[00:00:23 -56947.902479] SPR radius for FAST iterations: 15 (autodetect)
[00:00:24 -56947.902479] Model parameter optimization (eps = 3.000000)
[00:00:24 -56941.017181] FAST spr round 1 (radius: 15)
[00:00:25 -56821.072583] FAST spr round 2 (radius: 15)
[00:00:25 -56821.068407] Model parameter optimization (eps = 1.000000)
[00:00:25 -56820.996993] SLOW spr round 1 (radius: 5)
[00:00:26 -56820.996583] SLOW spr round 2 (radius: 10)
[00:00:27 -56820.996583] SLOW spr round 3 (radius: 15)
[00:00:28 -56820.996583] SLOW spr round 4 (radius: 20)
[00:00:29 -56820.996583] SLOW spr round 5 (radius: 25)
[00:00:30 -56820.996583] Model parameter optimization (eps = 0.100000)

[00:00:30] ML tree search #4, logLikelihood: -56820.992721

[00:00:30 -197146.064616] Initial branch length optimization
[00:00:30 -61231.852825] Model parameter optimization (eps = 10.000000)
[00:00:30 -57893.660650] AUTODETECT spr round 1 (radius: 5)
[00:00:30 -57257.101462] AUTODETECT spr round 2 (radius: 10)
[00:00:31 -57022.279953] AUTODETECT spr round 3 (radius: 15)
[00:00:31 -56954.855331] AUTODETECT spr round 4 (radius: 20)
[00:00:31 -56944.965850] AUTODETECT spr round 5 (radius: 25)
[00:00:31 -56937.428313] SPR radius for FAST iterations: 25 (autodetect)
[00:00:31 -56937.428313] Model parameter optimization (eps = 3.000000)
[00:00:32 -56930.042716] FAST spr round 1 (radius: 25)
[00:00:33 -56821.043588] FAST spr round 2 (radius: 25)
[00:00:34 -56821.040975] Model parameter optimization (eps = 1.000000)
[00:00:34 -56821.000991] SLOW spr round 1 (radius: 5)
[00:00:35 -56821.000989] SLOW spr round 2 (radius: 10)
[00:00:36 -56821.000261] SLOW spr round 3 (radius: 15)
[00:00:37 -56821.000261] SLOW spr round 4 (radius: 20)
[00:00:37 -56821.000261] SLOW spr round 5 (radius: 25)
[00:00:37 -56821.000261] Model parameter optimization (eps = 0.100000)

[00:00:37] ML tree search #5, logLikelihood: -56820.995435

[00:00:37 -197174.172580] Initial branch length optimization
[00:00:38 -61251.821916] Model parameter optimization (eps = 10.000000)
[00:00:38 -57907.858465] AUTODETECT spr round 1 (radius: 5)
[00:00:38 -57314.888377] AUTODETECT spr round 2 (radius: 10)
[00:00:39 -57018.160955] AUTODETECT spr round 3 (radius: 15)
[00:00:39 -56964.026672] AUTODETECT spr round 4 (radius: 20)
[00:00:39 -56964.026672] SPR radius for FAST iterations: 15 (autodetect)
[00:00:39 -56964.026672] Model parameter optimization (eps = 3.000000)
[00:00:39 -56959.241846] FAST spr round 1 (radius: 15)
[00:00:40 -56825.316201] FAST spr round 2 (radius: 15)
[00:00:41 -56825.309418] Model parameter optimization (eps = 1.000000)
[00:00:41 -56821.332006] SLOW spr round 1 (radius: 5)
[00:00:42 -56821.322244] SLOW spr round 2 (radius: 10)
[00:00:44 -56821.322111] SLOW spr round 3 (radius: 15)
[00:00:45 -56821.322107] SLOW spr round 4 (radius: 20)
[00:00:45 -56821.322107] SLOW spr round 5 (radius: 25)
[00:00:45 -56821.322107] Model parameter optimization (eps = 0.100000)

[00:00:45] ML tree search #6, logLikelihood: -56821.076055

[00:00:45 -197186.483415] Initial branch length optimization
[00:00:45 -61258.224811] Model parameter optimization (eps = 10.000000)
[00:00:46 -57915.596385] AUTODETECT spr round 1 (radius: 5)
[00:00:46 -57390.695977] AUTODETECT spr round 2 (radius: 10)
[00:00:46 -57140.581537] AUTODETECT spr round 3 (radius: 15)
[00:00:47 -57012.819158] AUTODETECT spr round 4 (radius: 20)
[00:00:47 -57012.819056] SPR radius for FAST iterations: 15 (autodetect)
[00:00:47 -57012.819056] Model parameter optimization (eps = 3.000000)
[00:00:47 -57008.217404] FAST spr round 1 (radius: 15)
[00:00:48 -56825.483936] FAST spr round 2 (radius: 15)
[00:00:49 -56825.480271] Model parameter optimization (eps = 1.000000)
[00:00:49 -56821.339044] SLOW spr round 1 (radius: 5)
[00:00:50 -56821.329675] SLOW spr round 2 (radius: 10)
[00:00:51 -56821.329533] SLOW spr round 3 (radius: 15)
[00:00:52 -56821.329529] SLOW spr round 4 (radius: 20)
[00:00:53 -56821.329529] SLOW spr round 5 (radius: 25)
[00:00:53 -56821.329529] Model parameter optimization (eps = 0.100000)

[00:00:53] ML tree search #7, logLikelihood: -56821.078144

[00:00:53 -197172.336336] Initial branch length optimization
[00:00:53 -61246.710332] Model parameter optimization (eps = 10.000000)
[00:00:54 -57909.608424] AUTODETECT spr round 1 (radius: 5)
[00:00:54 -57420.935466] AUTODETECT spr round 2 (radius: 10)
[00:00:54 -57045.075380] AUTODETECT spr round 3 (radius: 15)
[00:00:55 -56931.345012] AUTODETECT spr round 4 (radius: 20)
[00:00:55 -56931.344841] SPR radius for FAST iterations: 15 (autodetect)
[00:00:55 -56931.344841] Model parameter optimization (eps = 3.000000)
[00:00:55 -56923.868723] FAST spr round 1 (radius: 15)
[00:00:56 -56821.105273] FAST spr round 2 (radius: 15)
[00:00:57 -56821.104626] Model parameter optimization (eps = 1.000000)
[00:00:57 -56821.022414] SLOW spr round 1 (radius: 5)
[00:00:58 -56821.003010] SLOW spr round 2 (radius: 10)
[00:00:59 -56821.003010] SLOW spr round 3 (radius: 15)
[00:01:00 -56821.003010] SLOW spr round 4 (radius: 20)
[00:01:00 -56821.003010] SLOW spr round 5 (radius: 25)
[00:01:00 -56821.003010] Model parameter optimization (eps = 0.100000)

[00:01:00] ML tree search #8, logLikelihood: -56820.997631

[00:01:00 -195055.724148] Initial branch length optimization
[00:01:00 -59764.269832] Model parameter optimization (eps = 10.000000)
[00:01:01 -56833.469806] AUTODETECT spr round 1 (radius: 5)
[00:01:01 -56833.194504] AUTODETECT spr round 2 (radius: 10)
[00:01:01 -56831.514742] AUTODETECT spr round 3 (radius: 15)
[00:01:02 -56831.514737] SPR radius for FAST iterations: 10 (autodetect)
[00:01:02 -56831.514737] Model parameter optimization (eps = 3.000000)
[00:01:02 -56824.795965] FAST spr round 1 (radius: 10)
[00:01:02 -56824.775603] Model parameter optimization (eps = 1.000000)
[00:01:03 -56822.354638] SLOW spr round 1 (radius: 5)
[00:01:04 -56822.338038] SLOW spr round 2 (radius: 10)
[00:01:05 -56822.336826] SLOW spr round 3 (radius: 15)
[00:01:06 -56822.336589] SLOW spr round 4 (radius: 20)
[00:01:06 -56822.336589] SLOW spr round 5 (radius: 25)
[00:01:07 -56822.336589] Model parameter optimization (eps = 0.100000)

[00:01:07] ML tree search #9, logLikelihood: -56821.107715

[00:01:08 -195054.634409] Initial branch length optimization
[00:01:08 -59763.998043] Model parameter optimization (eps = 10.000000)
[00:01:08 -56831.945433] AUTODETECT spr round 1 (radius: 5)
[00:01:08 -56831.914665] SPR radius for FAST iterations: 5 (autodetect)
[00:01:08 -56831.914665] Model parameter optimization (eps = 3.000000)
[00:01:08 -56825.052542] FAST spr round 1 (radius: 5)
[00:01:09 -56824.482999] FAST spr round 2 (radius: 5)
[00:01:09 -56824.480677] Model parameter optimization (eps = 1.000000)
[00:01:09 -56822.215469] SLOW spr round 1 (radius: 5)
[00:01:10 -56822.206716] SLOW spr round 2 (radius: 10)
[00:01:11 -56822.204238] SLOW spr round 3 (radius: 15)
[00:01:12 -56822.204006] SLOW spr round 4 (radius: 20)
[00:01:13 -56822.203800] SLOW spr round 5 (radius: 25)
[00:01:13 -56822.203800] Model parameter optimization (eps = 0.100000)

[00:01:14] ML tree search #10, logLikelihood: -56821.098251

[00:01:14 -195054.645791] Initial branch length optimization
[00:01:14 -59773.426856] Model parameter optimization (eps = 10.000000)
[00:01:14 -56841.844098] AUTODETECT spr round 1 (radius: 5)
[00:01:14 -56831.295763] AUTODETECT spr round 2 (radius: 10)
[00:01:15 -56831.294393] SPR radius for FAST iterations: 5 (autodetect)
[00:01:15 -56831.294393] Model parameter optimization (eps = 3.000000)
[00:01:15 -56824.666024] FAST spr round 1 (radius: 5)
[00:01:15 -56824.641377] Model parameter optimization (eps = 1.000000)
[00:01:16 -56822.298524] SLOW spr round 1 (radius: 5)
[00:01:17 -56822.286139] SLOW spr round 2 (radius: 10)
[00:01:18 -56822.285098] SLOW spr round 3 (radius: 15)
[00:01:19 -56822.284382] SLOW spr round 4 (radius: 20)
[00:01:20 -56822.284382] SLOW spr round 5 (radius: 25)
[00:01:20 -56822.284382] Model parameter optimization (eps = 0.100000)

[00:01:21] ML tree search #11, logLikelihood: -56821.118939

[00:01:21 -195054.701234] Initial branch length optimization
[00:01:21 -59773.133596] Model parameter optimization (eps = 10.000000)
[00:01:21 -56840.820167] AUTODETECT spr round 1 (radius: 5)
[00:01:21 -56831.275425] AUTODETECT spr round 2 (radius: 10)
[00:01:21 -56831.274644] SPR radius for FAST iterations: 5 (autodetect)
[00:01:21 -56831.274644] Model parameter optimization (eps = 3.000000)
[00:01:22 -56824.668658] FAST spr round 1 (radius: 5)
[00:01:22 -56824.644233] Model parameter optimization (eps = 1.000000)
[00:01:22 -56822.305523] SLOW spr round 1 (radius: 5)
[00:01:23 -56822.271613] SLOW spr round 2 (radius: 10)
[00:01:24 -56822.271001] SLOW spr round 3 (radius: 15)
[00:01:25 -56822.270426] SLOW spr round 4 (radius: 20)
[00:01:26 -56822.270426] SLOW spr round 5 (radius: 25)
[00:01:26 -56822.270426] Model parameter optimization (eps = 0.100000)

[00:01:27] ML tree search #12, logLikelihood: -56821.104059

[00:01:27 -195056.511711] Initial branch length optimization
[00:01:27 -59763.968387] Model parameter optimization (eps = 10.000000)
[00:01:27 -56833.157663] AUTODETECT spr round 1 (radius: 5)
[00:01:28 -56833.141220] SPR radius for FAST iterations: 5 (autodetect)
[00:01:28 -56833.141220] Model parameter optimization (eps = 3.000000)
[00:01:28 -56826.375293] FAST spr round 1 (radius: 5)
[00:01:28 -56826.333903] Model parameter optimization (eps = 1.000000)
[00:01:28 -56823.904017] SLOW spr round 1 (radius: 5)
[00:01:29 -56822.280826] SLOW spr round 2 (radius: 5)
[00:01:30 -56822.278298] SLOW spr round 3 (radius: 10)
[00:01:31 -56822.278171] SLOW spr round 4 (radius: 15)
[00:01:32 -56822.278171] SLOW spr round 5 (radius: 20)
[00:01:33 -56822.278171] SLOW spr round 6 (radius: 25)
[00:01:33 -56822.278171] Model parameter optimization (eps = 0.100000)

[00:01:34] ML tree search #13, logLikelihood: -56821.099308

[00:01:34 -195051.844800] Initial branch length optimization
[00:01:34 -59762.212262] Model parameter optimization (eps = 10.000000)
[00:01:34 -56831.552930] AUTODETECT spr round 1 (radius: 5)
[00:01:35 -56831.539366] SPR radius for FAST iterations: 5 (autodetect)
[00:01:35 -56831.539366] Model parameter optimization (eps = 3.000000)
[00:01:35 -56824.810724] FAST spr round 1 (radius: 5)
[00:01:35 -56824.784999] Model parameter optimization (eps = 1.000000)
[00:01:36 -56822.366153] SLOW spr round 1 (radius: 5)
[00:01:37 -56822.347035] SLOW spr round 2 (radius: 10)
[00:01:38 -56822.346794] SLOW spr round 3 (radius: 15)
[00:01:39 -56822.332193] SLOW spr round 4 (radius: 20)
[00:01:39 -56822.332193] SLOW spr round 5 (radius: 25)
[00:01:40 -56822.332193] Model parameter optimization (eps = 0.100000)

[00:01:40] ML tree search #14, logLikelihood: -56821.106468

[00:01:40 -195057.257672] Initial branch length optimization
[00:01:40 -59775.206896] Model parameter optimization (eps = 10.000000)
[00:01:41 -56842.796380] AUTODETECT spr round 1 (radius: 5)
[00:01:41 -56833.004655] AUTODETECT spr round 2 (radius: 10)
[00:01:41 -56831.307880] AUTODETECT spr round 3 (radius: 15)
[00:01:42 -56831.307879] SPR radius for FAST iterations: 10 (autodetect)
[00:01:42 -56831.307879] Model parameter optimization (eps = 3.000000)
[00:01:42 -56824.720262] FAST spr round 1 (radius: 10)
[00:01:43 -56824.702073] Model parameter optimization (eps = 1.000000)
[00:01:43 -56822.337325] SLOW spr round 1 (radius: 5)
[00:01:44 -56822.318283] SLOW spr round 2 (radius: 10)
[00:01:45 -56822.317679] SLOW spr round 3 (radius: 15)
[00:01:46 -56822.317679] SLOW spr round 4 (radius: 20)
[00:01:46 -56822.317679] SLOW spr round 5 (radius: 25)
[00:01:46 -56822.317679] Model parameter optimization (eps = 0.100000)

[00:01:47] ML tree search #15, logLikelihood: -56821.105767

[00:01:47 -195057.334652] Initial branch length optimization
[00:01:47 -59775.207307] Model parameter optimization (eps = 10.000000)
[00:01:48 -56842.795800] AUTODETECT spr round 1 (radius: 5)
[00:01:48 -56833.002779] AUTODETECT spr round 2 (radius: 10)
[00:01:48 -56833.002773] SPR radius for FAST iterations: 5 (autodetect)
[00:01:48 -56833.002773] Model parameter optimization (eps = 3.000000)
[00:01:48 -56826.344639] FAST spr round 1 (radius: 5)
[00:01:49 -56826.330350] Model parameter optimization (eps = 1.000000)
[00:01:49 -56823.933980] SLOW spr round 1 (radius: 5)
[00:01:50 -56823.900353] SLOW spr round 2 (radius: 10)
[00:01:51 -56822.293073] SLOW spr round 3 (radius: 5)
[00:01:52 -56822.290680] SLOW spr round 4 (radius: 10)
[00:01:53 -56822.290679] SLOW spr round 5 (radius: 15)
[00:01:54 -56822.290679] SLOW spr round 6 (radius: 20)
[00:01:55 -56822.290679] SLOW spr round 7 (radius: 25)
[00:01:55 -56822.290679] Model parameter optimization (eps = 0.100000)

[00:01:56] ML tree search #16, logLikelihood: -56821.102093



Final LogLikelihood: -56820.988645

AIC score: 113969.977291 / AICc score: 113971.844592 / BIC score: 115327.920510
Free parameters (model + branch lengths): 164

Best ML tree saved to: /home/hikoyu/analysis/Genome/SARS-CoV-2/phylogeny/RAxML-NG/DNA/univ/3rd/SARS-CoV-2_200318.8.raxml.bestTree
All ML trees saved to: /home/hikoyu/analysis/Genome/SARS-CoV-2/phylogeny/RAxML-NG/DNA/univ/3rd/SARS-CoV-2_200318.8.raxml.mlTrees
Optimized model saved to: /home/hikoyu/analysis/Genome/SARS-CoV-2/phylogeny/RAxML-NG/DNA/univ/3rd/SARS-CoV-2_200318.8.raxml.bestModel

Execution log saved to: /home/hikoyu/analysis/Genome/SARS-CoV-2/phylogeny/RAxML-NG/DNA/univ/3rd/SARS-CoV-2_200318.8.raxml.log

Analysis started: 19-Mar-2020 02:30:44 / finished: 19-Mar-2020 02:32:40

Elapsed time: 116.170 seconds

