
RAxML-NG v. 0.9.0 released on 20.05.2019 by The Exelixis Lab.
Developed by: Alexey M. Kozlov and Alexandros Stamatakis.
Contributors: Diego Darriba, Tomas Flouri, Benoit Morel, Sarah Lutteropp, Ben Bettisworth.
Latest version: https://github.com/amkozlov/raxml-ng
Questions/problems/suggestions? Please visit: https://groups.google.com/forum/#!forum/raxml

RAxML-NG was called at 11-Mar-2020 01:58:08 as follows:

raxml-ng --threads 1 --search --tree rand{8},pars{8} --seed 3119974378 --prefix phylogeny/RAxML-NG/DNA/univ/3rd/SARS-CoV-2_200311.4 --msa phylogeny/RAxML-NG/DNA/univ/3rd/SARS-CoV-2_200311.raxml.rba --outgroup MG772933.1

Analysis options:
  run mode: ML tree search
  start tree(s): random (8) + parsimony (8)
  random seed: 3119974378
  tip-inner: OFF
  pattern compression: ON
  per-rate scalers: OFF
  site repeats: ON
  fast spr radius: AUTO
  spr subtree cutoff: 1.000000
  branch lengths: proportional (ML estimate, algorithm: NR-FAST)
  SIMD kernels: AVX2
  parallelization: NONE/sequential

[00:00:00] Loading binary alignment from file: phylogeny/RAxML-NG/DNA/univ/3rd/SARS-CoV-2_200311.raxml.rba
[00:00:00] Alignment comprises 64 taxa, 2 partitions and 251 patterns

Partition 0: p1_p2
Model: GTR+FO+I+B
Alignment sites / patterns: 19430 / 130
Gaps: 0.05 %
Invariant sites: 94.66 %

Partition 1: p3
Model: GTR+FO+I+B
Alignment sites / patterns: 9715 / 121
Gaps: 0.05 %
Invariant sites: 68.22 %


[00:00:00] Generating 8 random starting tree(s) with 64 taxa
[00:00:00] Generating 8 parsimony starting tree(s) with 64 taxa
[00:00:00] Data distribution: max. partitions/sites/weight per thread: 2 / 251 / 1004

Starting ML tree search with 16 distinct starting trees

[00:00:00 -157467.971254] Initial branch length optimization
[00:00:00 -60653.780934] Model parameter optimization (eps = 10.000000)
[00:00:00 -57303.147025] AUTODETECT spr round 1 (radius: 5)
[00:00:00 -56847.901126] AUTODETECT spr round 2 (radius: 10)
[00:00:00 -56778.680924] AUTODETECT spr round 3 (radius: 15)
[00:00:00 -56703.745673] AUTODETECT spr round 4 (radius: 20)
[00:00:01 -56703.745442] SPR radius for FAST iterations: 15 (autodetect)
[00:00:01 -56703.745442] Model parameter optimization (eps = 3.000000)
[00:00:01 -56686.873418] FAST spr round 1 (radius: 15)
[00:00:01 -56626.537193] FAST spr round 2 (radius: 15)
[00:00:02 -56626.523826] Model parameter optimization (eps = 1.000000)
[00:00:02 -56622.887423] SLOW spr round 1 (radius: 5)
[00:00:02 -56622.882333] SLOW spr round 2 (radius: 10)
[00:00:03 -56622.880394] SLOW spr round 3 (radius: 15)
[00:00:03 -56622.879283] SLOW spr round 4 (radius: 20)
[00:00:04 -56622.879277] SLOW spr round 5 (radius: 25)
[00:00:04 -56622.879276] Model parameter optimization (eps = 0.100000)

[00:00:04] ML tree search #1, logLikelihood: -56622.106117

[00:00:04 -157490.967227] Initial branch length optimization
[00:00:04 -60612.497323] Model parameter optimization (eps = 10.000000)
[00:00:05 -57270.236459] AUTODETECT spr round 1 (radius: 5)
[00:00:05 -56963.973702] AUTODETECT spr round 2 (radius: 10)
[00:00:05 -56757.964931] AUTODETECT spr round 3 (radius: 15)
[00:00:05 -56715.388478] AUTODETECT spr round 4 (radius: 20)
[00:00:05 -56715.386514] SPR radius for FAST iterations: 15 (autodetect)
[00:00:05 -56715.386514] Model parameter optimization (eps = 3.000000)
[00:00:05 -56699.101502] FAST spr round 1 (radius: 15)
[00:00:06 -56626.464005] FAST spr round 2 (radius: 15)
[00:00:06 -56626.454054] Model parameter optimization (eps = 1.000000)
[00:00:06 -56622.847062] SLOW spr round 1 (radius: 5)
[00:00:07 -56622.843680] SLOW spr round 2 (radius: 10)
[00:00:08 -56622.841675] SLOW spr round 3 (radius: 15)
[00:00:08 -56622.840587] SLOW spr round 4 (radius: 20)
[00:00:08 -56622.840581] SLOW spr round 5 (radius: 25)
[00:00:08 -56622.840581] Model parameter optimization (eps = 0.100000)

[00:00:08] ML tree search #2, logLikelihood: -56622.091431

[00:00:08 -157494.604169] Initial branch length optimization
[00:00:09 -60648.131979] Model parameter optimization (eps = 10.000000)
[00:00:09 -57300.419891] AUTODETECT spr round 1 (radius: 5)
[00:00:09 -56928.901992] AUTODETECT spr round 2 (radius: 10)
[00:00:09 -56707.385447] AUTODETECT spr round 3 (radius: 15)
[00:00:09 -56671.391599] AUTODETECT spr round 4 (radius: 20)
[00:00:09 -56671.389617] SPR radius for FAST iterations: 15 (autodetect)
[00:00:09 -56671.389617] Model parameter optimization (eps = 3.000000)
[00:00:10 -56654.541375] FAST spr round 1 (radius: 15)
[00:00:10 -56626.277645] FAST spr round 2 (radius: 15)
[00:00:11 -56626.274869] Model parameter optimization (eps = 1.000000)
[00:00:11 -56622.812026] SLOW spr round 1 (radius: 5)
[00:00:11 -56622.801897] SLOW spr round 2 (radius: 10)
[00:00:12 -56622.799560] SLOW spr round 3 (radius: 15)
[00:00:12 -56622.798485] SLOW spr round 4 (radius: 20)
[00:00:13 -56622.798479] SLOW spr round 5 (radius: 25)
[00:00:13 -56622.798479] Model parameter optimization (eps = 0.100000)

[00:00:13] ML tree search #3, logLikelihood: -56622.158321

[00:00:13 -157488.453348] Initial branch length optimization
[00:00:13 -60640.182334] Model parameter optimization (eps = 10.000000)
[00:00:13 -57295.505256] AUTODETECT spr round 1 (radius: 5)
[00:00:13 -56915.501474] AUTODETECT spr round 2 (radius: 10)
[00:00:14 -56674.161599] AUTODETECT spr round 3 (radius: 15)
[00:00:14 -56647.914169] AUTODETECT spr round 4 (radius: 20)
[00:00:14 -56647.908976] SPR radius for FAST iterations: 15 (autodetect)
[00:00:14 -56647.908976] Model parameter optimization (eps = 3.000000)
[00:00:14 -56632.106460] FAST spr round 1 (radius: 15)
[00:00:15 -56626.739484] FAST spr round 2 (radius: 15)
[00:00:15 -56626.735174] Model parameter optimization (eps = 1.000000)
[00:00:15 -56622.956034] SLOW spr round 1 (radius: 5)
[00:00:16 -56622.944891] SLOW spr round 2 (radius: 10)
[00:00:16 -56622.942197] SLOW spr round 3 (radius: 15)
[00:00:17 -56622.941074] SLOW spr round 4 (radius: 20)
[00:00:17 -56622.940028] SLOW spr round 5 (radius: 25)
[00:00:17 -56622.940022] Model parameter optimization (eps = 0.100000)

[00:00:17] ML tree search #4, logLikelihood: -56622.105794

[00:00:17 -157488.311020] Initial branch length optimization
[00:00:17 -60627.687807] Model parameter optimization (eps = 10.000000)
[00:00:18 -57286.099991] AUTODETECT spr round 1 (radius: 5)
[00:00:18 -56936.177669] AUTODETECT spr round 2 (radius: 10)
[00:00:18 -56733.510294] AUTODETECT spr round 3 (radius: 15)
[00:00:18 -56733.467231] SPR radius for FAST iterations: 10 (autodetect)
[00:00:18 -56733.467231] Model parameter optimization (eps = 3.000000)
[00:00:18 -56730.890590] FAST spr round 1 (radius: 10)
[00:00:19 -56699.092253] FAST spr round 2 (radius: 10)
[00:00:19 -56639.981990] FAST spr round 3 (radius: 10)
[00:00:19 -56639.851443] FAST spr round 4 (radius: 10)
[00:00:20 -56639.850787] Model parameter optimization (eps = 1.000000)
[00:00:20 -56622.752672] SLOW spr round 1 (radius: 5)
[00:00:20 -56622.729143] SLOW spr round 2 (radius: 10)
[00:00:21 -56622.727815] SLOW spr round 3 (radius: 15)
[00:00:21 -56622.727815] SLOW spr round 4 (radius: 20)
[00:00:22 -56622.727815] SLOW spr round 5 (radius: 25)
[00:00:22 -56622.727815] Model parameter optimization (eps = 0.100000)

[00:00:22] ML tree search #5, logLikelihood: -56622.145195

[00:00:22 -157484.382045] Initial branch length optimization
[00:00:22 -60604.834804] Model parameter optimization (eps = 10.000000)
[00:00:22 -57273.507026] AUTODETECT spr round 1 (radius: 5)
[00:00:23 -56926.112811] AUTODETECT spr round 2 (radius: 10)
[00:00:23 -56786.014114] AUTODETECT spr round 3 (radius: 15)
[00:00:23 -56777.435360] AUTODETECT spr round 4 (radius: 20)
[00:00:23 -56777.435360] SPR radius for FAST iterations: 15 (autodetect)
[00:00:23 -56777.435360] Model parameter optimization (eps = 3.000000)
[00:00:23 -56775.373907] FAST spr round 1 (radius: 15)
[00:00:24 -56640.141886] FAST spr round 2 (radius: 15)
[00:00:24 -56640.134033] Model parameter optimization (eps = 1.000000)
[00:00:25 -56622.751950] SLOW spr round 1 (radius: 5)
[00:00:25 -56622.729511] SLOW spr round 2 (radius: 10)
[00:00:26 -56622.726122] SLOW spr round 3 (radius: 15)
[00:00:27 -56622.726122] SLOW spr round 4 (radius: 20)
[00:00:27 -56622.726122] SLOW spr round 5 (radius: 25)
[00:00:27 -56622.726122] Model parameter optimization (eps = 0.100000)

[00:00:27] ML tree search #6, logLikelihood: -56622.138641

[00:00:27 -157497.726113] Initial branch length optimization
[00:00:27 -60662.570914] Model parameter optimization (eps = 10.000000)
[00:00:28 -57308.941593] AUTODETECT spr round 1 (radius: 5)
[00:00:28 -56924.577839] AUTODETECT spr round 2 (radius: 10)
[00:00:28 -56768.449289] AUTODETECT spr round 3 (radius: 15)
[00:00:28 -56739.529483] AUTODETECT spr round 4 (radius: 20)
[00:00:28 -56739.529483] SPR radius for FAST iterations: 15 (autodetect)
[00:00:28 -56739.529483] Model parameter optimization (eps = 3.000000)
[00:00:28 -56737.200054] FAST spr round 1 (radius: 15)
[00:00:29 -56640.343192] FAST spr round 2 (radius: 15)
[00:00:29 -56640.337369] Model parameter optimization (eps = 1.000000)
[00:00:30 -56622.781668] SLOW spr round 1 (radius: 5)
[00:00:30 -56622.761569] SLOW spr round 2 (radius: 10)
[00:00:31 -56622.760108] SLOW spr round 3 (radius: 15)
[00:00:31 -56622.760108] SLOW spr round 4 (radius: 20)
[00:00:32 -56622.760108] SLOW spr round 5 (radius: 25)
[00:00:32 -56622.760108] Model parameter optimization (eps = 0.100000)

[00:00:32] ML tree search #7, logLikelihood: -56622.150153

[00:00:32 -157475.108174] Initial branch length optimization
[00:00:32 -60588.178176] Model parameter optimization (eps = 10.000000)
[00:00:32 -57256.139082] AUTODETECT spr round 1 (radius: 5)
[00:00:33 -57011.307880] AUTODETECT spr round 2 (radius: 10)
[00:00:33 -56705.574442] AUTODETECT spr round 3 (radius: 15)
[00:00:33 -56680.184531] AUTODETECT spr round 4 (radius: 20)
[00:00:33 -56680.182518] SPR radius for FAST iterations: 15 (autodetect)
[00:00:33 -56680.182518] Model parameter optimization (eps = 3.000000)
[00:00:33 -56664.432412] FAST spr round 1 (radius: 15)
[00:00:34 -56626.019335] FAST spr round 2 (radius: 15)
[00:00:34 -56626.017704] Model parameter optimization (eps = 1.000000)
[00:00:34 -56622.787435] SLOW spr round 1 (radius: 5)
[00:00:35 -56622.777061] SLOW spr round 2 (radius: 10)
[00:00:36 -56622.774985] SLOW spr round 3 (radius: 15)
[00:00:36 -56622.773949] SLOW spr round 4 (radius: 20)
[00:00:36 -56622.773943] SLOW spr round 5 (radius: 25)
[00:00:36 -56622.773942] Model parameter optimization (eps = 0.100000)

[00:00:37] ML tree search #8, logLikelihood: -56622.086393

[00:00:37 -155786.070479] Initial branch length optimization
[00:00:37 -67299.447150] Model parameter optimization (eps = 10.000000)
[00:00:39 -56643.354104] AUTODETECT spr round 1 (radius: 5)
[00:00:39 -56643.323528] SPR radius for FAST iterations: 5 (autodetect)
[00:00:39 -56643.323528] Model parameter optimization (eps = 3.000000)
[00:00:39 -56626.550476] FAST spr round 1 (radius: 5)
[00:00:39 -56626.532305] Model parameter optimization (eps = 1.000000)
[00:00:39 -56623.137483] SLOW spr round 1 (radius: 5)
[00:00:40 -56623.123003] SLOW spr round 2 (radius: 10)
[00:00:40 -56622.904650] SLOW spr round 3 (radius: 5)
[00:00:41 -56622.899524] SLOW spr round 4 (radius: 10)
[00:00:41 -56622.899524] SLOW spr round 5 (radius: 15)
[00:00:42 -56622.899524] SLOW spr round 6 (radius: 20)
[00:00:42 -56622.899524] SLOW spr round 7 (radius: 25)
[00:00:42 -56622.899524] Model parameter optimization (eps = 0.100000)

[00:00:43] ML tree search #9, logLikelihood: -56622.112302

[00:00:43 -155788.188181] Initial branch length optimization
[00:00:43 -67310.261320] Model parameter optimization (eps = 10.000000)
[00:00:44 -56650.449495] AUTODETECT spr round 1 (radius: 5)
[00:00:45 -56642.715881] AUTODETECT spr round 2 (radius: 10)
[00:00:45 -56641.927172] AUTODETECT spr round 3 (radius: 15)
[00:00:45 -56641.925928] SPR radius for FAST iterations: 10 (autodetect)
[00:00:45 -56641.925928] Model parameter optimization (eps = 3.000000)
[00:00:45 -56626.146686] FAST spr round 1 (radius: 10)
[00:00:45 -56626.138337] Model parameter optimization (eps = 1.000000)
[00:00:46 -56622.861518] SLOW spr round 1 (radius: 5)
[00:00:46 -56622.853059] SLOW spr round 2 (radius: 10)
[00:00:47 -56622.853025] SLOW spr round 3 (radius: 15)
[00:00:47 -56622.853024] SLOW spr round 4 (radius: 20)
[00:00:47 -56622.853024] SLOW spr round 5 (radius: 25)
[00:00:48 -56622.853024] Model parameter optimization (eps = 0.100000)

[00:00:48] ML tree search #10, logLikelihood: -56622.109454

[00:00:48 -155785.300298] Initial branch length optimization
[00:00:48 -67299.428482] Model parameter optimization (eps = 10.000000)
[00:00:50 -56642.066485] AUTODETECT spr round 1 (radius: 5)
[00:00:50 -56642.044908] SPR radius for FAST iterations: 5 (autodetect)
[00:00:50 -56642.044908] Model parameter optimization (eps = 3.000000)
[00:00:50 -56626.082664] FAST spr round 1 (radius: 5)
[00:00:50 -56626.072716] Model parameter optimization (eps = 1.000000)
[00:00:51 -56622.843745] SLOW spr round 1 (radius: 5)
[00:00:51 -56622.836560] SLOW spr round 2 (radius: 10)
[00:00:52 -56622.836527] SLOW spr round 3 (radius: 15)
[00:00:52 -56622.836526] SLOW spr round 4 (radius: 20)
[00:00:53 -56622.836526] SLOW spr round 5 (radius: 25)
[00:00:53 -56622.836526] Model parameter optimization (eps = 0.100000)

[00:00:53] ML tree search #11, logLikelihood: -56622.108109

[00:00:53 -155789.063335] Initial branch length optimization
[00:00:53 -67299.446472] Model parameter optimization (eps = 10.000000)
[00:00:55 -56643.077655] AUTODETECT spr round 1 (radius: 5)
[00:00:55 -56643.048522] SPR radius for FAST iterations: 5 (autodetect)
[00:00:55 -56643.048522] Model parameter optimization (eps = 3.000000)
[00:00:56 -56626.455779] FAST spr round 1 (radius: 5)
[00:00:56 -56626.437470] Model parameter optimization (eps = 1.000000)
[00:00:56 -56623.111949] SLOW spr round 1 (radius: 5)
[00:00:56 -56623.097521] SLOW spr round 2 (radius: 10)
[00:00:57 -56622.873192] SLOW spr round 3 (radius: 5)
[00:00:57 -56622.873192] SLOW spr round 4 (radius: 10)
[00:00:58 -56622.873192] SLOW spr round 5 (radius: 15)
[00:00:58 -56622.873192] SLOW spr round 6 (radius: 20)
[00:00:59 -56622.873192] SLOW spr round 7 (radius: 25)
[00:00:59 -56622.873192] Model parameter optimization (eps = 0.100000)

[00:00:59] ML tree search #12, logLikelihood: -56622.107631

[00:00:59 -155792.588248] Initial branch length optimization
[00:00:59 -67335.751661] Model parameter optimization (eps = 10.000000)
[00:01:01 -56675.650030] AUTODETECT spr round 1 (radius: 5)
[00:01:01 -56674.672544] AUTODETECT spr round 2 (radius: 10)
[00:01:01 -56653.919704] AUTODETECT spr round 3 (radius: 15)
[00:01:02 -56653.918056] SPR radius for FAST iterations: 10 (autodetect)
[00:01:02 -56653.918056] Model parameter optimization (eps = 3.000000)
[00:01:02 -56637.828072] FAST spr round 1 (radius: 10)
[00:01:02 -56637.812185] Model parameter optimization (eps = 1.000000)
[00:01:02 -56634.618319] SLOW spr round 1 (radius: 5)
[00:01:03 -56634.609896] SLOW spr round 2 (radius: 10)
[00:01:03 -56634.609816] SLOW spr round 3 (radius: 15)
[00:01:04 -56634.609813] SLOW spr round 4 (radius: 20)
[00:01:04 -56623.192786] SLOW spr round 5 (radius: 5)
[00:01:05 -56623.190968] SLOW spr round 6 (radius: 10)
[00:01:05 -56623.190958] SLOW spr round 7 (radius: 15)
[00:01:06 -56623.190958] SLOW spr round 8 (radius: 20)
[00:01:06 -56623.190957] SLOW spr round 9 (radius: 25)
[00:01:06 -56623.190957] Model parameter optimization (eps = 0.100000)

[00:01:07] ML tree search #13, logLikelihood: -56622.120084

[00:01:07 -155782.745659] Initial branch length optimization
[00:01:07 -59554.693192] Model parameter optimization (eps = 10.000000)
[00:01:07 -56635.225501] AUTODETECT spr round 1 (radius: 5)
[00:01:07 -56635.049712] AUTODETECT spr round 2 (radius: 10)
[00:01:07 -56635.048726] SPR radius for FAST iterations: 5 (autodetect)
[00:01:07 -56635.048726] Model parameter optimization (eps = 3.000000)
[00:01:07 -56627.796647] FAST spr round 1 (radius: 5)
[00:01:07 -56627.771196] Model parameter optimization (eps = 1.000000)
[00:01:08 -56625.098436] SLOW spr round 1 (radius: 5)
[00:01:08 -56625.078868] SLOW spr round 2 (radius: 10)
[00:01:09 -56623.483698] SLOW spr round 3 (radius: 5)
[00:01:10 -56623.481024] SLOW spr round 4 (radius: 10)
[00:01:10 -56623.480352] SLOW spr round 5 (radius: 15)
[00:01:11 -56623.480352] SLOW spr round 6 (radius: 20)
[00:01:11 -56623.480352] SLOW spr round 7 (radius: 25)
[00:01:11 -56623.480352] Model parameter optimization (eps = 0.100000)

[00:01:11] ML tree search #14, logLikelihood: -56622.154614

[00:01:11 -155782.724970] Initial branch length optimization
[00:01:11 -67300.837905] Model parameter optimization (eps = 10.000000)
[00:01:13 -56644.181112] AUTODETECT spr round 1 (radius: 5)
[00:01:13 -56644.149277] SPR radius for FAST iterations: 5 (autodetect)
[00:01:13 -56644.149277] Model parameter optimization (eps = 3.000000)
[00:01:14 -56627.720353] FAST spr round 1 (radius: 5)
[00:01:14 -56627.702807] Model parameter optimization (eps = 1.000000)
[00:01:14 -56624.379727] SLOW spr round 1 (radius: 5)
[00:01:15 -56624.369977] SLOW spr round 2 (radius: 10)
[00:01:15 -56624.369879] SLOW spr round 3 (radius: 15)
[00:01:16 -56624.369875] SLOW spr round 4 (radius: 20)
[00:01:16 -56624.369875] SLOW spr round 5 (radius: 25)
[00:01:16 -56624.369875] Model parameter optimization (eps = 0.100000)

[00:01:16] ML tree search #15, logLikelihood: -56623.637474

[00:01:16 -155783.036104] Initial branch length optimization
[00:01:16 -59552.809773] Model parameter optimization (eps = 10.000000)
[00:01:17 -56633.624363] AUTODETECT spr round 1 (radius: 5)
[00:01:17 -56633.453811] AUTODETECT spr round 2 (radius: 10)
[00:01:17 -56633.453670] SPR radius for FAST iterations: 5 (autodetect)
[00:01:17 -56633.453670] Model parameter optimization (eps = 3.000000)
[00:01:17 -56626.262282] FAST spr round 1 (radius: 5)
[00:01:17 -56626.235221] Model parameter optimization (eps = 1.000000)
[00:01:17 -56623.570954] SLOW spr round 1 (radius: 5)
[00:01:18 -56623.549439] SLOW spr round 2 (radius: 10)
[00:01:19 -56623.548314] SLOW spr round 3 (radius: 15)
[00:01:19 -56623.548314] SLOW spr round 4 (radius: 20)
[00:01:20 -56623.548314] SLOW spr round 5 (radius: 25)
[00:01:20 -56623.548314] Model parameter optimization (eps = 0.100000)

[00:01:20] ML tree search #16, logLikelihood: -56622.177102



Final LogLikelihood: -56622.086393

AIC score: 113532.172786 / AICc score: 113533.612786 / BIC score: 114724.498351
Free parameters (model + branch lengths): 144

Best ML tree saved to: /home/hikoyu/analysis/Genome/SARS-CoV-2/phylogeny/RAxML-NG/DNA/univ/3rd/SARS-CoV-2_200311.4.raxml.bestTree
All ML trees saved to: /home/hikoyu/analysis/Genome/SARS-CoV-2/phylogeny/RAxML-NG/DNA/univ/3rd/SARS-CoV-2_200311.4.raxml.mlTrees
Optimized model saved to: /home/hikoyu/analysis/Genome/SARS-CoV-2/phylogeny/RAxML-NG/DNA/univ/3rd/SARS-CoV-2_200311.4.raxml.bestModel

Execution log saved to: /home/hikoyu/analysis/Genome/SARS-CoV-2/phylogeny/RAxML-NG/DNA/univ/3rd/SARS-CoV-2_200311.4.raxml.log

Analysis started: 11-Mar-2020 01:58:08 / finished: 11-Mar-2020 01:59:29

Elapsed time: 80.536 seconds

