
RAxML-NG v. 0.9.0 released on 20.05.2019 by The Exelixis Lab.
Developed by: Alexey M. Kozlov and Alexandros Stamatakis.
Contributors: Diego Darriba, Tomas Flouri, Benoit Morel, Sarah Lutteropp, Ben Bettisworth.
Latest version: https://github.com/amkozlov/raxml-ng
Questions/problems/suggestions? Please visit: https://groups.google.com/forum/#!forum/raxml

RAxML-NG was called at 01-Apr-2020 02:27:32 as follows:

raxml-ng --threads 1 --bootstrap --bs-trees 83 --seed 645432339 --prefix phylogeny/RAxML-NG/DNA/univ/3rd/SARS-CoV-2_200331.4 --msa phylogeny/RAxML-NG/DNA/univ/3rd/SARS-CoV-2_200331.raxml.rba --outgroup MG772933.1

Analysis options:
  run mode: Bootstrapping
  start tree(s): 
  bootstrap replicates: 83
  random seed: 645432339
  tip-inner: OFF
  pattern compression: ON
  per-rate scalers: OFF
  site repeats: ON
  branch lengths: proportional (ML estimate, algorithm: NR-FAST)
  SIMD kernels: AVX2
  parallelization: NONE/sequential

[00:00:00] Loading binary alignment from file: phylogeny/RAxML-NG/DNA/univ/3rd/SARS-CoV-2_200331.raxml.rba
[00:00:00] Alignment comprises 117 taxa, 2 partitions and 339 patterns

Partition 0: p1_p2
Model: TIM3+I+B
Alignment sites / patterns: 19432 / 179
Gaps: 0.06 %
Invariant sites: 94.39 %

Partition 1: p3
Model: TIM3+G4m+B
Alignment sites / patterns: 9716 / 160
Gaps: 0.06 %
Invariant sites: 67.98 %


[00:00:00] Data distribution: max. partitions/sites/weight per thread: 2 / 339 / 3276
[00:00:00] Starting bootstrapping analysis with 83 replicates.

[00:00:15] Bootstrap tree #1, logLikelihood: -59477.926606
[00:00:31] Bootstrap tree #2, logLikelihood: -59299.214559
[00:00:47] Bootstrap tree #3, logLikelihood: -59869.476301
[00:01:03] Bootstrap tree #4, logLikelihood: -59173.613613
[00:01:17] Bootstrap tree #5, logLikelihood: -59385.309287
[00:01:32] Bootstrap tree #6, logLikelihood: -59124.475712
[00:01:47] Bootstrap tree #7, logLikelihood: -59849.594178
[00:02:12] Bootstrap tree #8, logLikelihood: -59236.437493
[00:02:26] Bootstrap tree #9, logLikelihood: -59293.603615
[00:02:41] Bootstrap tree #10, logLikelihood: -58780.186786
[00:03:03] Bootstrap tree #11, logLikelihood: -59666.185237
[00:03:20] Bootstrap tree #12, logLikelihood: -59328.329362
[00:03:37] Bootstrap tree #13, logLikelihood: -59254.057829
[00:04:01] Bootstrap tree #14, logLikelihood: -59194.950315
[00:04:15] Bootstrap tree #15, logLikelihood: -59759.046070
[00:04:31] Bootstrap tree #16, logLikelihood: -59315.034101
[00:04:46] Bootstrap tree #17, logLikelihood: -59415.948408
[00:05:03] Bootstrap tree #18, logLikelihood: -59682.368302
[00:05:19] Bootstrap tree #19, logLikelihood: -59616.843883
[00:05:34] Bootstrap tree #20, logLikelihood: -59426.183476
[00:05:52] Bootstrap tree #21, logLikelihood: -59971.967885
[00:06:08] Bootstrap tree #22, logLikelihood: -59991.859708
[00:06:25] Bootstrap tree #23, logLikelihood: -59909.857282
[00:06:39] Bootstrap tree #24, logLikelihood: -59688.954253
[00:06:57] Bootstrap tree #25, logLikelihood: -59261.253047
[00:07:15] Bootstrap tree #26, logLikelihood: -59495.281916
[00:07:32] Bootstrap tree #27, logLikelihood: -58762.306941
[00:07:47] Bootstrap tree #28, logLikelihood: -59174.438276
[00:08:02] Bootstrap tree #29, logLikelihood: -59522.254497
[00:08:15] Bootstrap tree #30, logLikelihood: -59702.020266
[00:08:33] Bootstrap tree #31, logLikelihood: -59712.842224
[00:08:51] Bootstrap tree #32, logLikelihood: -59713.224421
[00:09:05] Bootstrap tree #33, logLikelihood: -59500.018172
[00:09:21] Bootstrap tree #34, logLikelihood: -59873.528137
[00:09:35] Bootstrap tree #35, logLikelihood: -59327.456054
[00:09:50] Bootstrap tree #36, logLikelihood: -59138.246903
[00:10:05] Bootstrap tree #37, logLikelihood: -59081.772728
[00:10:20] Bootstrap tree #38, logLikelihood: -59257.329804
[00:10:35] Bootstrap tree #39, logLikelihood: -59367.746984
[00:10:50] Bootstrap tree #40, logLikelihood: -59697.699139
[00:11:07] Bootstrap tree #41, logLikelihood: -59696.546023
[00:11:20] Bootstrap tree #42, logLikelihood: -59233.082773
[00:11:35] Bootstrap tree #43, logLikelihood: -59785.089146
[00:11:49] Bootstrap tree #44, logLikelihood: -59246.537278
[00:12:04] Bootstrap tree #45, logLikelihood: -59336.305948
[00:12:18] Bootstrap tree #46, logLikelihood: -59675.433675
[00:12:32] Bootstrap tree #47, logLikelihood: -58841.889010
[00:12:47] Bootstrap tree #48, logLikelihood: -59588.211036
[00:13:03] Bootstrap tree #49, logLikelihood: -59359.594782
[00:13:33] Bootstrap tree #50, logLikelihood: -59915.188026
[00:13:48] Bootstrap tree #51, logLikelihood: -59639.984323
[00:14:06] Bootstrap tree #52, logLikelihood: -59003.835911
[00:14:21] Bootstrap tree #53, logLikelihood: -59275.976665
[00:14:39] Bootstrap tree #54, logLikelihood: -59705.739141
[00:14:52] Bootstrap tree #55, logLikelihood: -59519.956956
[00:15:11] Bootstrap tree #56, logLikelihood: -59349.808326
[00:15:26] Bootstrap tree #57, logLikelihood: -59483.423856
[00:15:51] Bootstrap tree #58, logLikelihood: -59280.887377
[00:16:05] Bootstrap tree #59, logLikelihood: -59049.790154
[00:16:18] Bootstrap tree #60, logLikelihood: -59830.286111
[00:16:32] Bootstrap tree #61, logLikelihood: -59611.034045
[00:16:51] Bootstrap tree #62, logLikelihood: -59608.552985
[00:17:08] Bootstrap tree #63, logLikelihood: -59898.894150
[00:17:24] Bootstrap tree #64, logLikelihood: -59634.430587
[00:17:38] Bootstrap tree #65, logLikelihood: -59788.697325
[00:17:54] Bootstrap tree #66, logLikelihood: -59277.959690
[00:18:07] Bootstrap tree #67, logLikelihood: -59639.397091
[00:18:20] Bootstrap tree #68, logLikelihood: -59423.928504
[00:18:34] Bootstrap tree #69, logLikelihood: -59365.412167
[00:18:48] Bootstrap tree #70, logLikelihood: -59380.062952
[00:19:02] Bootstrap tree #71, logLikelihood: -59306.050401
[00:19:17] Bootstrap tree #72, logLikelihood: -59038.149588
[00:19:33] Bootstrap tree #73, logLikelihood: -59557.862123
[00:19:47] Bootstrap tree #74, logLikelihood: -59308.080025
[00:20:03] Bootstrap tree #75, logLikelihood: -59449.747587
[00:20:19] Bootstrap tree #76, logLikelihood: -59183.790250
[00:20:40] Bootstrap tree #77, logLikelihood: -59583.501840
[00:20:56] Bootstrap tree #78, logLikelihood: -59329.762022
[00:21:19] Bootstrap tree #79, logLikelihood: -59752.437477
[00:21:35] Bootstrap tree #80, logLikelihood: -59372.901200
[00:21:50] Bootstrap tree #81, logLikelihood: -59571.073903
[00:22:05] Bootstrap tree #82, logLikelihood: -59566.178258
[00:22:19] Bootstrap tree #83, logLikelihood: -59236.860063

Bootstrap trees saved to: /home/hikoyu/analysis/Genome/SARS-CoV-2/phylogeny/RAxML-NG/DNA/univ/3rd/SARS-CoV-2_200331.4.raxml.bootstraps

Execution log saved to: /home/hikoyu/analysis/Genome/SARS-CoV-2/phylogeny/RAxML-NG/DNA/univ/3rd/SARS-CoV-2_200331.4.raxml.log

Analysis started: 01-Apr-2020 02:27:32 / finished: 01-Apr-2020 02:49:51

Elapsed time: 1339.733 seconds

