
RAxML-NG v. 0.9.0 released on 20.05.2019 by The Exelixis Lab.
Developed by: Alexey M. Kozlov and Alexandros Stamatakis.
Contributors: Diego Darriba, Tomas Flouri, Benoit Morel, Sarah Lutteropp, Ben Bettisworth.
Latest version: https://github.com/amkozlov/raxml-ng
Questions/problems/suggestions? Please visit: https://groups.google.com/forum/#!forum/raxml

RAxML-NG was called at 19-Mar-2020 02:51:20 as follows:

raxml-ng --threads 1 --bootstrap --bs-trees 83 --seed 2373186131 --prefix phylogeny/RAxML-NG/DNA/univ/3rd/SARS-CoV-2_200318.9 --msa phylogeny/RAxML-NG/DNA/univ/3rd/SARS-CoV-2_200318.raxml.rba --outgroup MG772933.1

Analysis options:
  run mode: Bootstrapping
  start tree(s): 
  bootstrap replicates: 83
  random seed: 2373186131
  tip-inner: OFF
  pattern compression: ON
  per-rate scalers: OFF
  site repeats: ON
  branch lengths: proportional (ML estimate, algorithm: NR-FAST)
  SIMD kernels: AVX2
  parallelization: NONE/sequential

[00:00:00] Loading binary alignment from file: phylogeny/RAxML-NG/DNA/univ/3rd/SARS-CoV-2_200318.raxml.rba
[00:00:00] Alignment comprises 74 taxa, 2 partitions and 271 patterns

Partition 0: p1_p2
Model: GTR+FO+G4m+B
Alignment sites / patterns: 19432 / 140
Gaps: 0.06 %
Invariant sites: 94.62 %

Partition 1: p3
Model: GTR+FO+I+B
Alignment sites / patterns: 9716 / 131
Gaps: 0.06 %
Invariant sites: 68.17 %


[00:00:00] Data distribution: max. partitions/sites/weight per thread: 2 / 271 / 2764
[00:00:00] Starting bootstrapping analysis with 83 replicates.

[00:00:06] Bootstrap tree #1, logLikelihood: -56829.646697
[00:00:15] Bootstrap tree #2, logLikelihood: -56887.622164
[00:00:21] Bootstrap tree #3, logLikelihood: -56763.304419
[00:00:28] Bootstrap tree #4, logLikelihood: -57396.042071
[00:00:35] Bootstrap tree #5, logLikelihood: -56503.777669
[00:00:41] Bootstrap tree #6, logLikelihood: -56852.840501
[00:00:47] Bootstrap tree #7, logLikelihood: -56743.279536
[00:00:55] Bootstrap tree #8, logLikelihood: -56763.416969
[00:01:01] Bootstrap tree #9, logLikelihood: -56562.451629
[00:01:07] Bootstrap tree #10, logLikelihood: -56847.157136
[00:01:14] Bootstrap tree #11, logLikelihood: -56873.004058
[00:01:21] Bootstrap tree #12, logLikelihood: -56465.288082
[00:01:28] Bootstrap tree #13, logLikelihood: -57015.701607
[00:01:35] Bootstrap tree #14, logLikelihood: -56424.741893
[00:01:42] Bootstrap tree #15, logLikelihood: -56502.991986
[00:01:49] Bootstrap tree #16, logLikelihood: -56692.768694
[00:01:56] Bootstrap tree #17, logLikelihood: -57237.835730
[00:02:03] Bootstrap tree #18, logLikelihood: -57144.750801
[00:02:09] Bootstrap tree #19, logLikelihood: -57016.290647
[00:02:16] Bootstrap tree #20, logLikelihood: -57009.066824
[00:02:22] Bootstrap tree #21, logLikelihood: -57348.285804
[00:02:31] Bootstrap tree #22, logLikelihood: -56379.005126
[00:02:37] Bootstrap tree #23, logLikelihood: -56911.710154
[00:02:44] Bootstrap tree #24, logLikelihood: -56799.418301
[00:02:50] Bootstrap tree #25, logLikelihood: -56740.531993
[00:02:55] Bootstrap tree #26, logLikelihood: -57013.929030
[00:03:01] Bootstrap tree #27, logLikelihood: -56914.884400
[00:03:08] Bootstrap tree #28, logLikelihood: -56904.951563
[00:03:15] Bootstrap tree #29, logLikelihood: -56910.611181
[00:03:21] Bootstrap tree #30, logLikelihood: -56666.573435
[00:03:27] Bootstrap tree #31, logLikelihood: -57256.177963
[00:03:33] Bootstrap tree #32, logLikelihood: -56482.679305
[00:03:40] Bootstrap tree #33, logLikelihood: -56741.404438
[00:03:46] Bootstrap tree #34, logLikelihood: -56264.884539
[00:03:53] Bootstrap tree #35, logLikelihood: -56836.729547
[00:04:01] Bootstrap tree #36, logLikelihood: -56718.397611
[00:04:08] Bootstrap tree #37, logLikelihood: -57054.402383
[00:04:13] Bootstrap tree #38, logLikelihood: -56815.130003
[00:04:20] Bootstrap tree #39, logLikelihood: -56550.346772
[00:04:27] Bootstrap tree #40, logLikelihood: -57037.003632
[00:04:34] Bootstrap tree #41, logLikelihood: -56648.313334
[00:04:40] Bootstrap tree #42, logLikelihood: -57054.784638
[00:04:46] Bootstrap tree #43, logLikelihood: -56738.230646
[00:04:53] Bootstrap tree #44, logLikelihood: -56539.638327
[00:04:59] Bootstrap tree #45, logLikelihood: -56801.405109
[00:05:05] Bootstrap tree #46, logLikelihood: -56587.952278
[00:05:11] Bootstrap tree #47, logLikelihood: -56871.190172
[00:05:17] Bootstrap tree #48, logLikelihood: -56710.085966
[00:05:23] Bootstrap tree #49, logLikelihood: -57117.228368
[00:05:29] Bootstrap tree #50, logLikelihood: -56620.409676
[00:05:36] Bootstrap tree #51, logLikelihood: -56962.964457
[00:05:42] Bootstrap tree #52, logLikelihood: -57149.284116
[00:05:49] Bootstrap tree #53, logLikelihood: -56757.680843
[00:05:54] Bootstrap tree #54, logLikelihood: -56817.877167
[00:05:59] Bootstrap tree #55, logLikelihood: -56690.044995
[00:06:06] Bootstrap tree #56, logLikelihood: -56595.111086
[00:06:12] Bootstrap tree #57, logLikelihood: -57308.812433
[00:06:19] Bootstrap tree #58, logLikelihood: -56686.463981
[00:06:24] Bootstrap tree #59, logLikelihood: -56922.024600
[00:06:29] Bootstrap tree #60, logLikelihood: -57163.147541
[00:06:36] Bootstrap tree #61, logLikelihood: -56582.664392
[00:06:42] Bootstrap tree #62, logLikelihood: -56970.441941
[00:06:48] Bootstrap tree #63, logLikelihood: -56842.888890
[00:06:56] Bootstrap tree #64, logLikelihood: -56903.487695
[00:07:03] Bootstrap tree #65, logLikelihood: -56836.630812
[00:07:09] Bootstrap tree #66, logLikelihood: -56673.075996
[00:07:16] Bootstrap tree #67, logLikelihood: -56682.841637
[00:07:21] Bootstrap tree #68, logLikelihood: -56773.913195
[00:07:27] Bootstrap tree #69, logLikelihood: -56579.776947
[00:07:34] Bootstrap tree #70, logLikelihood: -56730.137146
[00:07:41] Bootstrap tree #71, logLikelihood: -56590.508899
[00:07:47] Bootstrap tree #72, logLikelihood: -56760.961324
[00:07:53] Bootstrap tree #73, logLikelihood: -56967.965789
[00:08:00] Bootstrap tree #74, logLikelihood: -57090.242160
[00:08:07] Bootstrap tree #75, logLikelihood: -56656.872050
[00:08:14] Bootstrap tree #76, logLikelihood: -56460.038862
[00:08:21] Bootstrap tree #77, logLikelihood: -56692.186999
[00:08:27] Bootstrap tree #78, logLikelihood: -56323.831886
[00:08:33] Bootstrap tree #79, logLikelihood: -56682.997376
[00:08:39] Bootstrap tree #80, logLikelihood: -56583.846589
[00:08:46] Bootstrap tree #81, logLikelihood: -56628.040185
[00:08:52] Bootstrap tree #82, logLikelihood: -57079.973494
[00:08:58] Bootstrap tree #83, logLikelihood: -56578.372252

Bootstrap trees saved to: /home/hikoyu/analysis/Genome/SARS-CoV-2/phylogeny/RAxML-NG/DNA/univ/3rd/SARS-CoV-2_200318.9.raxml.bootstraps

Execution log saved to: /home/hikoyu/analysis/Genome/SARS-CoV-2/phylogeny/RAxML-NG/DNA/univ/3rd/SARS-CoV-2_200318.9.raxml.log

Analysis started: 19-Mar-2020 02:51:20 / finished: 19-Mar-2020 03:00:18

Elapsed time: 538.155 seconds

