
RAxML-NG v. 0.9.0 released on 20.05.2019 by The Exelixis Lab.
Developed by: Alexey M. Kozlov and Alexandros Stamatakis.
Contributors: Diego Darriba, Tomas Flouri, Benoit Morel, Sarah Lutteropp, Ben Bettisworth.
Latest version: https://github.com/amkozlov/raxml-ng
Questions/problems/suggestions? Please visit: https://groups.google.com/forum/#!forum/raxml

RAxML-NG was called at 16-Mar-2020 01:32:56 as follows:

raxml-ng --threads 1 --bootstrap --bs-trees 83 --seed 733040033 --prefix phylogeny/RAxML-NG/DNA/univ/3rd/SARS-CoV-2_200314.7 --msa phylogeny/RAxML-NG/DNA/univ/3rd/SARS-CoV-2_200314.raxml.rba --outgroup MG772933.1

Analysis options:
  run mode: Bootstrapping
  start tree(s): 
  bootstrap replicates: 83
  random seed: 733040033
  tip-inner: OFF
  pattern compression: ON
  per-rate scalers: OFF
  site repeats: ON
  branch lengths: proportional (ML estimate, algorithm: NR-FAST)
  SIMD kernels: AVX2
  parallelization: NONE/sequential

[00:00:00] Loading binary alignment from file: phylogeny/RAxML-NG/DNA/univ/3rd/SARS-CoV-2_200314.raxml.rba
[00:00:00] Alignment comprises 89 taxa, 2 partitions and 281 patterns

Partition 0: p1_p2
Model: GTR+FO+G4m+B
Alignment sites / patterns: 19430 / 146
Gaps: 0.05 %
Invariant sites: 94.60 %

Partition 1: p3
Model: GTR+FO+I+B
Alignment sites / patterns: 9715 / 135
Gaps: 0.05 %
Invariant sites: 68.14 %


[00:00:00] Data distribution: max. partitions/sites/weight per thread: 2 / 281 / 2876
[00:00:00] Starting bootstrapping analysis with 83 replicates.

[00:00:09] Bootstrap tree #1, logLikelihood: -56841.673325
[00:00:18] Bootstrap tree #2, logLikelihood: -56695.943754
[00:00:26] Bootstrap tree #3, logLikelihood: -56731.161819
[00:00:39] Bootstrap tree #4, logLikelihood: -56856.290245
[00:00:48] Bootstrap tree #5, logLikelihood: -57149.880049
[00:00:57] Bootstrap tree #6, logLikelihood: -56795.420639
[00:01:07] Bootstrap tree #7, logLikelihood: -57062.737517
[00:01:15] Bootstrap tree #8, logLikelihood: -56855.091520
[00:01:23] Bootstrap tree #9, logLikelihood: -56479.050723
[00:01:32] Bootstrap tree #10, logLikelihood: -56745.522846
[00:01:41] Bootstrap tree #11, logLikelihood: -57118.326864
[00:01:50] Bootstrap tree #12, logLikelihood: -56906.823412
[00:02:00] Bootstrap tree #13, logLikelihood: -56605.568626
[00:02:09] Bootstrap tree #14, logLikelihood: -57061.280620
[00:02:26] Bootstrap tree #15, logLikelihood: -56850.482507
[00:02:34] Bootstrap tree #16, logLikelihood: -56976.467582
[00:02:46] Bootstrap tree #17, logLikelihood: -56647.885785
[00:02:55] Bootstrap tree #18, logLikelihood: -57318.117049
[00:03:12] Bootstrap tree #19, logLikelihood: -56760.998941
[00:03:22] Bootstrap tree #20, logLikelihood: -56549.391495
[00:03:32] Bootstrap tree #21, logLikelihood: -57051.112957
[00:03:43] Bootstrap tree #22, logLikelihood: -57131.801634
[00:03:52] Bootstrap tree #23, logLikelihood: -56730.323680
[00:04:01] Bootstrap tree #24, logLikelihood: -56671.950426
[00:04:09] Bootstrap tree #25, logLikelihood: -56600.527558
[00:04:18] Bootstrap tree #26, logLikelihood: -57193.846310
[00:04:27] Bootstrap tree #27, logLikelihood: -56755.060476
[00:04:37] Bootstrap tree #28, logLikelihood: -56735.367339
[00:04:46] Bootstrap tree #29, logLikelihood: -56728.228525
[00:04:56] Bootstrap tree #30, logLikelihood: -57100.614449
[00:05:09] Bootstrap tree #31, logLikelihood: -56538.918192
[00:05:19] Bootstrap tree #32, logLikelihood: -56779.352901
[00:05:29] Bootstrap tree #33, logLikelihood: -56733.913872
[00:05:38] Bootstrap tree #34, logLikelihood: -56947.340179
[00:05:48] Bootstrap tree #35, logLikelihood: -56784.874920
[00:05:57] Bootstrap tree #36, logLikelihood: -56806.398366
[00:06:06] Bootstrap tree #37, logLikelihood: -56587.411005
[00:06:16] Bootstrap tree #38, logLikelihood: -56852.275988
[00:06:26] Bootstrap tree #39, logLikelihood: -56721.354825
[00:06:36] Bootstrap tree #40, logLikelihood: -56651.137212
[00:06:44] Bootstrap tree #41, logLikelihood: -57145.797058
[00:06:54] Bootstrap tree #42, logLikelihood: -56840.065579
[00:07:04] Bootstrap tree #43, logLikelihood: -56777.142396
[00:07:13] Bootstrap tree #44, logLikelihood: -57073.084689
[00:07:25] Bootstrap tree #45, logLikelihood: -56836.334079
[00:07:34] Bootstrap tree #46, logLikelihood: -57180.409683
[00:07:42] Bootstrap tree #47, logLikelihood: -57026.242037
[00:07:53] Bootstrap tree #48, logLikelihood: -56807.878908
[00:08:00] Bootstrap tree #49, logLikelihood: -56625.625284
[00:08:09] Bootstrap tree #50, logLikelihood: -56930.540397
[00:08:19] Bootstrap tree #51, logLikelihood: -56493.280843
[00:08:30] Bootstrap tree #52, logLikelihood: -56678.574920
[00:08:41] Bootstrap tree #53, logLikelihood: -56958.298156
[00:08:49] Bootstrap tree #54, logLikelihood: -56987.720073
[00:09:08] Bootstrap tree #55, logLikelihood: -56829.077461
[00:09:16] Bootstrap tree #56, logLikelihood: -56831.280853
[00:09:26] Bootstrap tree #57, logLikelihood: -57007.683353
[00:09:34] Bootstrap tree #58, logLikelihood: -56517.974975
[00:09:43] Bootstrap tree #59, logLikelihood: -57170.416490
[00:09:52] Bootstrap tree #60, logLikelihood: -56093.793954
[00:10:02] Bootstrap tree #61, logLikelihood: -57131.456886
[00:10:12] Bootstrap tree #62, logLikelihood: -56685.584246
[00:10:21] Bootstrap tree #63, logLikelihood: -57236.628532
[00:10:30] Bootstrap tree #64, logLikelihood: -56744.555361
[00:10:38] Bootstrap tree #65, logLikelihood: -57050.088563
[00:10:47] Bootstrap tree #66, logLikelihood: -56636.777055
[00:10:56] Bootstrap tree #67, logLikelihood: -57282.175165
[00:11:05] Bootstrap tree #68, logLikelihood: -56697.074477
[00:11:16] Bootstrap tree #69, logLikelihood: -57267.997635
[00:11:25] Bootstrap tree #70, logLikelihood: -57252.335055
[00:11:35] Bootstrap tree #71, logLikelihood: -56769.487647
[00:11:43] Bootstrap tree #72, logLikelihood: -56608.561602
[00:11:57] Bootstrap tree #73, logLikelihood: -57115.692904
[00:12:07] Bootstrap tree #74, logLikelihood: -56688.542846
[00:12:17] Bootstrap tree #75, logLikelihood: -56729.153861
[00:12:27] Bootstrap tree #76, logLikelihood: -57243.974452
[00:12:40] Bootstrap tree #77, logLikelihood: -57003.202212
[00:12:48] Bootstrap tree #78, logLikelihood: -56901.186018
[00:12:57] Bootstrap tree #79, logLikelihood: -56890.187224
[00:13:07] Bootstrap tree #80, logLikelihood: -57156.973861
[00:13:16] Bootstrap tree #81, logLikelihood: -56639.910974
[00:13:25] Bootstrap tree #82, logLikelihood: -56917.458286
[00:13:35] Bootstrap tree #83, logLikelihood: -56426.504747

Bootstrap trees saved to: /home/hikoyu/analysis/Genome/SARS-CoV-2/phylogeny/RAxML-NG/DNA/univ/3rd/SARS-CoV-2_200314.7.raxml.bootstraps

Execution log saved to: /home/hikoyu/analysis/Genome/SARS-CoV-2/phylogeny/RAxML-NG/DNA/univ/3rd/SARS-CoV-2_200314.7.raxml.log

Analysis started: 16-Mar-2020 01:32:56 / finished: 16-Mar-2020 01:46:31

Elapsed time: 815.635 seconds

