
RAxML-NG v. 0.9.0 released on 20.05.2019 by The Exelixis Lab.
Developed by: Alexey M. Kozlov and Alexandros Stamatakis.
Contributors: Diego Darriba, Tomas Flouri, Benoit Morel, Sarah Lutteropp, Ben Bettisworth.
Latest version: https://github.com/amkozlov/raxml-ng
Questions/problems/suggestions? Please visit: https://groups.google.com/forum/#!forum/raxml

RAxML-NG was called at 11-Mar-2020 02:12:58 as follows:

raxml-ng --threads 1 --bootstrap --bs-trees 83 --seed 3999115399 --prefix phylogeny/RAxML-NG/DNA/univ/3rd/SARS-CoV-2_200311.10 --msa phylogeny/RAxML-NG/DNA/univ/3rd/SARS-CoV-2_200311.raxml.rba --outgroup MG772933.1

Analysis options:
  run mode: Bootstrapping
  start tree(s): 
  bootstrap replicates: 83
  random seed: 3999115399
  tip-inner: OFF
  pattern compression: ON
  per-rate scalers: OFF
  site repeats: ON
  branch lengths: proportional (ML estimate, algorithm: NR-FAST)
  SIMD kernels: AVX2
  parallelization: NONE/sequential

[00:00:00] Loading binary alignment from file: phylogeny/RAxML-NG/DNA/univ/3rd/SARS-CoV-2_200311.raxml.rba
[00:00:00] Alignment comprises 64 taxa, 2 partitions and 251 patterns

Partition 0: p1_p2
Model: GTR+FO+I+B
Alignment sites / patterns: 19430 / 130
Gaps: 0.05 %
Invariant sites: 94.66 %

Partition 1: p3
Model: GTR+FO+I+B
Alignment sites / patterns: 9715 / 121
Gaps: 0.05 %
Invariant sites: 68.22 %


[00:00:00] Data distribution: max. partitions/sites/weight per thread: 2 / 251 / 1004
[00:00:00] Starting bootstrapping analysis with 83 replicates.

[00:00:03] Bootstrap tree #1, logLikelihood: -56904.792180
[00:00:07] Bootstrap tree #2, logLikelihood: -56585.045632
[00:00:11] Bootstrap tree #3, logLikelihood: -56775.797566
[00:00:18] Bootstrap tree #4, logLikelihood: -56144.484858
[00:00:23] Bootstrap tree #5, logLikelihood: -56586.103583
[00:00:28] Bootstrap tree #6, logLikelihood: -56306.505539
[00:00:32] Bootstrap tree #7, logLikelihood: -56444.310962
[00:00:37] Bootstrap tree #8, logLikelihood: -56529.891699
[00:00:44] Bootstrap tree #9, logLikelihood: -56721.536160
[00:00:49] Bootstrap tree #10, logLikelihood: -56139.900335
[00:00:53] Bootstrap tree #11, logLikelihood: -56363.763813
[00:00:57] Bootstrap tree #12, logLikelihood: -56708.840764
[00:01:00] Bootstrap tree #13, logLikelihood: -56440.193766
[00:01:04] Bootstrap tree #14, logLikelihood: -56269.087894
[00:01:08] Bootstrap tree #15, logLikelihood: -55968.706845
[00:01:12] Bootstrap tree #16, logLikelihood: -56535.004866
[00:01:15] Bootstrap tree #17, logLikelihood: -56625.203551
[00:01:19] Bootstrap tree #18, logLikelihood: -57026.312752
[00:01:22] Bootstrap tree #19, logLikelihood: -56619.830690
[00:01:26] Bootstrap tree #20, logLikelihood: -56447.565706
[00:01:30] Bootstrap tree #21, logLikelihood: -56808.805724
[00:01:34] Bootstrap tree #22, logLikelihood: -56407.563497
[00:01:37] Bootstrap tree #23, logLikelihood: -56197.539320
[00:01:44] Bootstrap tree #24, logLikelihood: -56799.200012
[00:01:49] Bootstrap tree #25, logLikelihood: -56641.486749
[00:01:53] Bootstrap tree #26, logLikelihood: -56704.426909
[00:01:58] Bootstrap tree #27, logLikelihood: -56619.685794
[00:02:02] Bootstrap tree #28, logLikelihood: -56659.416331
[00:02:08] Bootstrap tree #29, logLikelihood: -56330.173779
[00:02:11] Bootstrap tree #30, logLikelihood: -56433.566086
[00:02:15] Bootstrap tree #31, logLikelihood: -56650.495766
[00:02:21] Bootstrap tree #32, logLikelihood: -56218.424079
[00:02:26] Bootstrap tree #33, logLikelihood: -56627.172904
[00:02:30] Bootstrap tree #34, logLikelihood: -56706.296571
[00:02:34] Bootstrap tree #35, logLikelihood: -56716.169804
[00:02:38] Bootstrap tree #36, logLikelihood: -56673.766408
[00:02:42] Bootstrap tree #37, logLikelihood: -56155.642988
[00:02:48] Bootstrap tree #38, logLikelihood: -56589.154859
[00:02:52] Bootstrap tree #39, logLikelihood: -56722.748336
[00:02:57] Bootstrap tree #40, logLikelihood: -56344.018088
[00:03:03] Bootstrap tree #41, logLikelihood: -56690.605433
[00:03:07] Bootstrap tree #42, logLikelihood: -57119.439643
[00:03:11] Bootstrap tree #43, logLikelihood: -56559.912058
[00:03:14] Bootstrap tree #44, logLikelihood: -56286.985665
[00:03:19] Bootstrap tree #45, logLikelihood: -57042.399132
[00:03:22] Bootstrap tree #46, logLikelihood: -56067.042974
[00:03:26] Bootstrap tree #47, logLikelihood: -56714.210103
[00:03:30] Bootstrap tree #48, logLikelihood: -56796.120911
[00:03:33] Bootstrap tree #49, logLikelihood: -56444.873967
[00:03:37] Bootstrap tree #50, logLikelihood: -56632.424225
[00:03:41] Bootstrap tree #51, logLikelihood: -56405.245803
[00:03:47] Bootstrap tree #52, logLikelihood: -56572.623045
[00:03:51] Bootstrap tree #53, logLikelihood: -56532.240407
[00:03:55] Bootstrap tree #54, logLikelihood: -56099.457309
[00:04:00] Bootstrap tree #55, logLikelihood: -56710.390499
[00:04:05] Bootstrap tree #56, logLikelihood: -56782.995125
[00:04:09] Bootstrap tree #57, logLikelihood: -56253.668840
[00:04:13] Bootstrap tree #58, logLikelihood: -56995.100605
[00:04:16] Bootstrap tree #59, logLikelihood: -56651.289067
[00:04:20] Bootstrap tree #60, logLikelihood: -56750.543480
[00:04:26] Bootstrap tree #61, logLikelihood: -56046.084565
[00:04:31] Bootstrap tree #62, logLikelihood: -56817.902527
[00:04:35] Bootstrap tree #63, logLikelihood: -56490.307713
[00:04:39] Bootstrap tree #64, logLikelihood: -56627.010170
[00:04:43] Bootstrap tree #65, logLikelihood: -57320.779073
[00:04:48] Bootstrap tree #66, logLikelihood: -56945.684185
[00:04:52] Bootstrap tree #67, logLikelihood: -56286.474190
[00:04:56] Bootstrap tree #68, logLikelihood: -56161.066142
[00:05:00] Bootstrap tree #69, logLikelihood: -56872.606452
[00:05:05] Bootstrap tree #70, logLikelihood: -56953.284142
[00:05:09] Bootstrap tree #71, logLikelihood: -56515.944378
[00:05:13] Bootstrap tree #72, logLikelihood: -56772.849062
[00:05:17] Bootstrap tree #73, logLikelihood: -56367.325558
[00:05:23] Bootstrap tree #74, logLikelihood: -56609.376411
[00:05:27] Bootstrap tree #75, logLikelihood: -56862.408518
[00:05:32] Bootstrap tree #76, logLikelihood: -56566.362117
[00:05:36] Bootstrap tree #77, logLikelihood: -56785.384214
[00:05:40] Bootstrap tree #78, logLikelihood: -56532.885167
[00:05:46] Bootstrap tree #79, logLikelihood: -56113.192917
[00:05:50] Bootstrap tree #80, logLikelihood: -56243.928014
[00:05:56] Bootstrap tree #81, logLikelihood: -56774.765003
[00:06:01] Bootstrap tree #82, logLikelihood: -56529.213325
[00:06:04] Bootstrap tree #83, logLikelihood: -56837.645968

Bootstrap trees saved to: /home/hikoyu/analysis/Genome/SARS-CoV-2/phylogeny/RAxML-NG/DNA/univ/3rd/SARS-CoV-2_200311.10.raxml.bootstraps

Execution log saved to: /home/hikoyu/analysis/Genome/SARS-CoV-2/phylogeny/RAxML-NG/DNA/univ/3rd/SARS-CoV-2_200311.10.raxml.log

Analysis started: 11-Mar-2020 02:12:58 / finished: 11-Mar-2020 02:19:03

Elapsed time: 364.738 seconds

