
RAxML-NG v. 0.9.0 released on 20.05.2019 by The Exelixis Lab.
Developed by: Alexey M. Kozlov and Alexandros Stamatakis.
Contributors: Diego Darriba, Tomas Flouri, Benoit Morel, Sarah Lutteropp, Ben Bettisworth.
Latest version: https://github.com/amkozlov/raxml-ng
Questions/problems/suggestions? Please visit: https://groups.google.com/forum/#!forum/raxml

RAxML-NG was called at 16-Apr-2020 06:58:50 as follows:

raxml-ng --threads 1 --bootstrap --bs-trees 84 --seed 2393321281 --prefix phylogeny/RAxML-NG/DNA/univ/3rd/SARS-CoV-2_200414.2 --msa phylogeny/RAxML-NG/DNA/univ/3rd/SARS-CoV-2_200414.raxml.rba --outgroup MG772933.1

Analysis options:
  run mode: Bootstrapping
  start tree(s): 
  bootstrap replicates: 84
  random seed: 2393321281
  tip-inner: OFF
  pattern compression: ON
  per-rate scalers: OFF
  site repeats: ON
  branch lengths: proportional (ML estimate, algorithm: NR-FAST)
  SIMD kernels: AVX2
  parallelization: NONE/sequential

[00:00:00] Loading binary alignment from file: phylogeny/RAxML-NG/DNA/univ/3rd/SARS-CoV-2_200414.raxml.rba
[00:00:00] Alignment comprises 376 taxa, 2 partitions and 615 patterns

Partition 0: p1_p2
Model: TIM3+G4m+B
Alignment sites / patterns: 19434 / 323
Gaps: 0.07 %
Invariant sites: 93.90 %

Partition 1: p3
Model: TIM3+G4m+B
Alignment sites / patterns: 9717 / 292
Gaps: 0.07 %
Invariant sites: 67.41 %


[00:00:00] Data distribution: max. partitions/sites/weight per thread: 2 / 615 / 9840
[00:00:00] Starting bootstrapping analysis with 84 replicates.

[00:03:03] Bootstrap tree #1, logLikelihood: -61911.975473
[00:07:24] Bootstrap tree #2, logLikelihood: -62023.877558
[00:10:28] Bootstrap tree #3, logLikelihood: -62199.450452
[00:13:07] Bootstrap tree #4, logLikelihood: -61870.468431
[00:16:14] Bootstrap tree #5, logLikelihood: -62064.836219
[00:18:55] Bootstrap tree #6, logLikelihood: -62238.043028
[00:21:50] Bootstrap tree #7, logLikelihood: -61747.134904
[00:25:08] Bootstrap tree #8, logLikelihood: -61721.560019
[00:28:07] Bootstrap tree #9, logLikelihood: -61718.114002
[00:30:49] Bootstrap tree #10, logLikelihood: -61457.448764
[00:35:04] Bootstrap tree #11, logLikelihood: -61649.706308
[00:37:52] Bootstrap tree #12, logLikelihood: -62153.544272
[00:40:42] Bootstrap tree #13, logLikelihood: -61828.490613
[00:43:32] Bootstrap tree #14, logLikelihood: -61828.743247
[00:47:19] Bootstrap tree #15, logLikelihood: -62216.972826
[00:50:13] Bootstrap tree #16, logLikelihood: -62145.624588
[00:53:18] Bootstrap tree #17, logLikelihood: -61360.255119
[00:56:16] Bootstrap tree #18, logLikelihood: -62448.586416
[00:59:03] Bootstrap tree #19, logLikelihood: -61600.652692
[01:02:08] Bootstrap tree #20, logLikelihood: -61579.199578
[01:04:54] Bootstrap tree #21, logLikelihood: -61969.257007
[01:08:26] Bootstrap tree #22, logLikelihood: -61774.567009
[01:11:31] Bootstrap tree #23, logLikelihood: -62334.121239
[01:14:33] Bootstrap tree #24, logLikelihood: -61837.822001
[01:17:20] Bootstrap tree #25, logLikelihood: -62103.489353
[01:20:07] Bootstrap tree #26, logLikelihood: -61978.180818
[01:23:12] Bootstrap tree #27, logLikelihood: -61642.816028
[01:26:00] Bootstrap tree #28, logLikelihood: -61997.879777
[01:28:57] Bootstrap tree #29, logLikelihood: -61886.418154
[01:31:55] Bootstrap tree #30, logLikelihood: -61655.000751
[01:34:33] Bootstrap tree #31, logLikelihood: -62050.569654
[01:38:42] Bootstrap tree #32, logLikelihood: -62465.299621
[01:41:37] Bootstrap tree #33, logLikelihood: -61861.877698
[01:44:39] Bootstrap tree #34, logLikelihood: -61880.426906
[01:47:50] Bootstrap tree #35, logLikelihood: -62245.111727
[01:50:44] Bootstrap tree #36, logLikelihood: -62264.953462
[01:54:12] Bootstrap tree #37, logLikelihood: -62148.202802
[01:56:57] Bootstrap tree #38, logLikelihood: -61255.662213
[01:59:43] Bootstrap tree #39, logLikelihood: -61816.122006
[02:02:33] Bootstrap tree #40, logLikelihood: -61730.671800
[02:05:23] Bootstrap tree #41, logLikelihood: -62097.357308
[02:09:08] Bootstrap tree #42, logLikelihood: -62130.073776
[02:12:14] Bootstrap tree #43, logLikelihood: -62080.942860
[02:15:46] Bootstrap tree #44, logLikelihood: -61723.535074
[02:18:47] Bootstrap tree #45, logLikelihood: -61681.340827
[02:22:53] Bootstrap tree #46, logLikelihood: -61856.568685
[02:25:52] Bootstrap tree #47, logLikelihood: -62268.252323
[02:28:44] Bootstrap tree #48, logLikelihood: -61963.528524
[02:32:02] Bootstrap tree #49, logLikelihood: -62049.735558
[02:34:47] Bootstrap tree #50, logLikelihood: -61920.309905
[02:37:53] Bootstrap tree #51, logLikelihood: -61509.677321
[02:40:53] Bootstrap tree #52, logLikelihood: -61718.213000
[02:43:48] Bootstrap tree #53, logLikelihood: -61584.307258
[02:46:43] Bootstrap tree #54, logLikelihood: -61767.353452
[02:49:08] Bootstrap tree #55, logLikelihood: -62161.687240
[02:53:02] Bootstrap tree #56, logLikelihood: -61789.796463
[02:56:11] Bootstrap tree #57, logLikelihood: -61827.899785
[02:58:45] Bootstrap tree #58, logLikelihood: -62583.997046
[03:01:35] Bootstrap tree #59, logLikelihood: -61985.393136
[03:04:40] Bootstrap tree #60, logLikelihood: -62196.967685
[03:07:52] Bootstrap tree #61, logLikelihood: -62310.714990
[03:10:35] Bootstrap tree #62, logLikelihood: -61559.123021
[03:13:55] Bootstrap tree #63, logLikelihood: -61688.756105
[03:18:16] Bootstrap tree #64, logLikelihood: -61849.079764
[03:21:29] Bootstrap tree #65, logLikelihood: -61829.816188
[03:24:09] Bootstrap tree #66, logLikelihood: -61619.939288
[03:27:06] Bootstrap tree #67, logLikelihood: -61581.334933
[03:30:07] Bootstrap tree #68, logLikelihood: -62003.296311
[03:33:14] Bootstrap tree #69, logLikelihood: -61765.248174
[03:36:29] Bootstrap tree #70, logLikelihood: -61951.516584
[03:39:07] Bootstrap tree #71, logLikelihood: -61773.800042
[03:42:04] Bootstrap tree #72, logLikelihood: -62165.671962
[03:45:09] Bootstrap tree #73, logLikelihood: -61947.479316
[03:49:33] Bootstrap tree #74, logLikelihood: -61708.120126
[03:52:26] Bootstrap tree #75, logLikelihood: -62492.073399
[03:56:33] Bootstrap tree #76, logLikelihood: -62677.215808
[03:59:28] Bootstrap tree #77, logLikelihood: -62079.551822
[04:02:36] Bootstrap tree #78, logLikelihood: -63018.525039
[04:06:03] Bootstrap tree #79, logLikelihood: -61655.441079
[04:09:48] Bootstrap tree #80, logLikelihood: -61815.018585
[04:12:15] Bootstrap tree #81, logLikelihood: -61652.734142
[04:15:13] Bootstrap tree #82, logLikelihood: -62227.626632
[04:18:57] Bootstrap tree #83, logLikelihood: -62249.288762
[04:23:50] Bootstrap tree #84, logLikelihood: -61561.697545

Bootstrap trees saved to: /home/hikoyu/analysis/Genome/SARS-CoV-2/phylogeny/RAxML-NG/DNA/univ/3rd/SARS-CoV-2_200414.2.raxml.bootstraps

Execution log saved to: /home/hikoyu/analysis/Genome/SARS-CoV-2/phylogeny/RAxML-NG/DNA/univ/3rd/SARS-CoV-2_200414.2.raxml.log

Analysis started: 16-Apr-2020 06:58:50 / finished: 16-Apr-2020 11:22:41

Elapsed time: 15830.898 seconds

