
RAxML-NG v. 0.9.0 released on 20.05.2019 by The Exelixis Lab.
Developed by: Alexey M. Kozlov and Alexandros Stamatakis.
Contributors: Diego Darriba, Tomas Flouri, Benoit Morel, Sarah Lutteropp, Ben Bettisworth.
Latest version: https://github.com/amkozlov/raxml-ng
Questions/problems/suggestions? Please visit: https://groups.google.com/forum/#!forum/raxml

RAxML-NG was called at 11-Mar-2020 01:56:36 as follows:

raxml-ng --threads 1 --search --tree rand{9},pars{9} --seed 4096161688 --prefix phylogeny/RAxML-NG/DNA/univ/3rd/SARS-CoV-2_200311.0 --msa phylogeny/RAxML-NG/DNA/univ/3rd/SARS-CoV-2_200311.raxml.rba --outgroup MG772933.1

Analysis options:
  run mode: ML tree search
  start tree(s): random (9) + parsimony (9)
  random seed: 4096161688
  tip-inner: OFF
  pattern compression: ON
  per-rate scalers: OFF
  site repeats: ON
  fast spr radius: AUTO
  spr subtree cutoff: 1.000000
  branch lengths: proportional (ML estimate, algorithm: NR-FAST)
  SIMD kernels: AVX2
  parallelization: NONE/sequential

[00:00:00] Loading binary alignment from file: phylogeny/RAxML-NG/DNA/univ/3rd/SARS-CoV-2_200311.raxml.rba
[00:00:00] Alignment comprises 64 taxa, 2 partitions and 251 patterns

Partition 0: p1_p2
Model: GTR+FO+I+B
Alignment sites / patterns: 19430 / 130
Gaps: 0.05 %
Invariant sites: 94.66 %

Partition 1: p3
Model: GTR+FO+I+B
Alignment sites / patterns: 9715 / 121
Gaps: 0.05 %
Invariant sites: 68.22 %


[00:00:00] Generating 9 random starting tree(s) with 64 taxa
[00:00:00] Generating 9 parsimony starting tree(s) with 64 taxa
[00:00:00] Data distribution: max. partitions/sites/weight per thread: 2 / 251 / 1004

Starting ML tree search with 18 distinct starting trees

[00:00:00 -157496.822749] Initial branch length optimization
[00:00:00 -60645.502865] Model parameter optimization (eps = 10.000000)
[00:00:00 -57294.798137] AUTODETECT spr round 1 (radius: 5)
[00:00:00 -57059.420788] AUTODETECT spr round 2 (radius: 10)
[00:00:00 -56865.123487] AUTODETECT spr round 3 (radius: 15)
[00:00:00 -56788.683670] AUTODETECT spr round 4 (radius: 20)
[00:00:00 -56788.683666] SPR radius for FAST iterations: 15 (autodetect)
[00:00:00 -56788.683666] Model parameter optimization (eps = 3.000000)
[00:00:01 -56786.170033] FAST spr round 1 (radius: 15)
[00:00:01 -56640.435468] FAST spr round 2 (radius: 15)
[00:00:01 -56640.430907] Model parameter optimization (eps = 1.000000)
[00:00:02 -56622.785533] SLOW spr round 1 (radius: 5)
[00:00:02 -56622.761880] SLOW spr round 2 (radius: 10)
[00:00:03 -56622.759381] SLOW spr round 3 (radius: 15)
[00:00:03 -56622.758845] SLOW spr round 4 (radius: 20)
[00:00:04 -56622.758845] SLOW spr round 5 (radius: 25)
[00:00:04 -56622.758845] Model parameter optimization (eps = 0.100000)

[00:00:04] ML tree search #1, logLikelihood: -56622.152253

[00:00:04 -157514.524982] Initial branch length optimization
[00:00:04 -68020.740090] Model parameter optimization (eps = 10.000000)
[00:00:06 -57320.246081] AUTODETECT spr round 1 (radius: 5)
[00:00:06 -56947.801631] AUTODETECT spr round 2 (radius: 10)
[00:00:06 -56755.669653] AUTODETECT spr round 3 (radius: 15)
[00:00:07 -56755.669467] SPR radius for FAST iterations: 10 (autodetect)
[00:00:07 -56755.669467] Model parameter optimization (eps = 3.000000)
[00:00:07 -56742.099008] FAST spr round 1 (radius: 10)
[00:00:07 -56647.618081] FAST spr round 2 (radius: 10)
[00:00:07 -56647.613994] Model parameter optimization (eps = 1.000000)
[00:00:08 -56623.045900] SLOW spr round 1 (radius: 5)
[00:00:08 -56623.039045] SLOW spr round 2 (radius: 10)
[00:00:09 -56623.037432] SLOW spr round 3 (radius: 15)
[00:00:10 -56623.037423] SLOW spr round 4 (radius: 20)
[00:00:10 -56623.037422] SLOW spr round 5 (radius: 25)
[00:00:10 -56623.037422] Model parameter optimization (eps = 0.100000)

[00:00:10] ML tree search #2, logLikelihood: -56622.106649

[00:00:10 -157521.256876] Initial branch length optimization
[00:00:10 -60697.739902] Model parameter optimization (eps = 10.000000)
[00:00:11 -57338.113250] AUTODETECT spr round 1 (radius: 5)
[00:00:11 -56960.052933] AUTODETECT spr round 2 (radius: 10)
[00:00:11 -56710.264382] AUTODETECT spr round 3 (radius: 15)
[00:00:11 -56710.264364] SPR radius for FAST iterations: 10 (autodetect)
[00:00:11 -56710.264364] Model parameter optimization (eps = 3.000000)
[00:00:11 -56707.432694] FAST spr round 1 (radius: 10)
[00:00:12 -56640.589962] FAST spr round 2 (radius: 10)
[00:00:12 -56640.584643] Model parameter optimization (eps = 1.000000)
[00:00:12 -56622.816973] SLOW spr round 1 (radius: 5)
[00:00:13 -56622.793271] SLOW spr round 2 (radius: 10)
[00:00:14 -56622.790794] SLOW spr round 3 (radius: 15)
[00:00:14 -56622.790794] SLOW spr round 4 (radius: 20)
[00:00:14 -56622.790794] SLOW spr round 5 (radius: 25)
[00:00:14 -56622.790794] Model parameter optimization (eps = 0.100000)

[00:00:14] ML tree search #3, logLikelihood: -56622.157813

[00:00:14 -157485.914163] Initial branch length optimization
[00:00:15 -60637.930285] Model parameter optimization (eps = 10.000000)
[00:00:15 -57299.935698] AUTODETECT spr round 1 (radius: 5)
[00:00:15 -56919.686475] AUTODETECT spr round 2 (radius: 10)
[00:00:15 -56791.075397] AUTODETECT spr round 3 (radius: 15)
[00:00:15 -56718.052400] AUTODETECT spr round 4 (radius: 20)
[00:00:15 -56718.033752] SPR radius for FAST iterations: 15 (autodetect)
[00:00:15 -56718.033752] Model parameter optimization (eps = 3.000000)
[00:00:16 -56715.692371] FAST spr round 1 (radius: 15)
[00:00:16 -56640.499188] FAST spr round 2 (radius: 15)
[00:00:17 -56640.365619] FAST spr round 3 (radius: 15)
[00:00:17 -56640.365197] Model parameter optimization (eps = 1.000000)
[00:00:17 -56622.770410] SLOW spr round 1 (radius: 5)
[00:00:18 -56622.749633] SLOW spr round 2 (radius: 10)
[00:00:19 -56622.748495] SLOW spr round 3 (radius: 15)
[00:00:19 -56622.748495] SLOW spr round 4 (radius: 20)
[00:00:19 -56622.748495] SLOW spr round 5 (radius: 25)
[00:00:20 -56622.748495] Model parameter optimization (eps = 0.100000)

[00:00:20] ML tree search #4, logLikelihood: -56622.148160

[00:00:20 -157494.612064] Initial branch length optimization
[00:00:20 -60610.300737] Model parameter optimization (eps = 10.000000)
[00:00:20 -57273.003327] AUTODETECT spr round 1 (radius: 5)
[00:00:20 -56843.858868] AUTODETECT spr round 2 (radius: 10)
[00:00:20 -56730.198322] AUTODETECT spr round 3 (radius: 15)
[00:00:21 -56693.246828] AUTODETECT spr round 4 (radius: 20)
[00:00:21 -56693.246748] SPR radius for FAST iterations: 15 (autodetect)
[00:00:21 -56693.246748] Model parameter optimization (eps = 3.000000)
[00:00:21 -56676.740464] FAST spr round 1 (radius: 15)
[00:00:21 -56626.381986] FAST spr round 2 (radius: 15)
[00:00:22 -56626.191571] FAST spr round 3 (radius: 15)
[00:00:22 -56626.186261] Model parameter optimization (eps = 1.000000)
[00:00:22 -56622.803977] SLOW spr round 1 (radius: 5)
[00:00:23 -56622.800728] SLOW spr round 2 (radius: 10)
[00:00:23 -56622.799037] SLOW spr round 3 (radius: 15)
[00:00:24 -56622.797941] SLOW spr round 4 (radius: 20)
[00:00:24 -56622.797935] SLOW spr round 5 (radius: 25)
[00:00:24 -56622.797935] Model parameter optimization (eps = 0.100000)

[00:00:25] ML tree search #5, logLikelihood: -56622.156362

[00:00:25 -157499.052796] Initial branch length optimization
[00:00:25 -60598.760423] Model parameter optimization (eps = 10.000000)
[00:00:25 -57268.439072] AUTODETECT spr round 1 (radius: 5)
[00:00:25 -56976.412082] AUTODETECT spr round 2 (radius: 10)
[00:00:25 -56814.593610] AUTODETECT spr round 3 (radius: 15)
[00:00:25 -56759.798595] AUTODETECT spr round 4 (radius: 20)
[00:00:26 -56759.798592] SPR radius for FAST iterations: 15 (autodetect)
[00:00:26 -56759.798592] Model parameter optimization (eps = 3.000000)
[00:00:26 -56757.485000] FAST spr round 1 (radius: 15)
[00:00:26 -56639.518844] FAST spr round 2 (radius: 15)
[00:00:27 -56639.514221] Model parameter optimization (eps = 1.000000)
[00:00:27 -56623.291508] SLOW spr round 1 (radius: 5)
[00:00:27 -56623.265914] SLOW spr round 2 (radius: 10)
[00:00:28 -56623.264057] SLOW spr round 3 (radius: 15)
[00:00:29 -56623.264056] SLOW spr round 4 (radius: 20)
[00:00:29 -56623.264056] SLOW spr round 5 (radius: 25)
[00:00:29 -56623.264056] Model parameter optimization (eps = 0.100000)

[00:00:29] ML tree search #6, logLikelihood: -56622.131449

[00:00:29 -157502.994213] Initial branch length optimization
[00:00:29 -60624.260158] Model parameter optimization (eps = 10.000000)
[00:00:30 -57285.050264] AUTODETECT spr round 1 (radius: 5)
[00:00:30 -56920.578124] AUTODETECT spr round 2 (radius: 10)
[00:00:30 -56771.439952] AUTODETECT spr round 3 (radius: 15)
[00:00:30 -56717.249617] AUTODETECT spr round 4 (radius: 20)
[00:00:30 -56710.824669] AUTODETECT spr round 5 (radius: 25)
[00:00:30 -56710.824650] SPR radius for FAST iterations: 20 (autodetect)
[00:00:30 -56710.824650] Model parameter optimization (eps = 3.000000)
[00:00:31 -56694.550364] FAST spr round 1 (radius: 20)
[00:00:31 -56626.305966] FAST spr round 2 (radius: 20)
[00:00:31 -56626.296356] Model parameter optimization (eps = 1.000000)
[00:00:32 -56622.852550] SLOW spr round 1 (radius: 5)
[00:00:32 -56622.848505] SLOW spr round 2 (radius: 10)
[00:00:33 -56622.846994] SLOW spr round 3 (radius: 15)
[00:00:33 -56622.845605] SLOW spr round 4 (radius: 20)
[00:00:34 -56622.845598] SLOW spr round 5 (radius: 25)
[00:00:34 -56622.845598] Model parameter optimization (eps = 0.100000)

[00:00:34] ML tree search #7, logLikelihood: -56622.104675

[00:00:34 -157501.822902] Initial branch length optimization
[00:00:34 -60632.179837] Model parameter optimization (eps = 10.000000)
[00:00:34 -57285.691495] AUTODETECT spr round 1 (radius: 5)
[00:00:34 -56905.492702] AUTODETECT spr round 2 (radius: 10)
[00:00:35 -56761.957852] AUTODETECT spr round 3 (radius: 15)
[00:00:35 -56761.956631] SPR radius for FAST iterations: 10 (autodetect)
[00:00:35 -56761.956631] Model parameter optimization (eps = 3.000000)
[00:00:35 -56759.528114] FAST spr round 1 (radius: 10)
[00:00:35 -56640.523327] FAST spr round 2 (radius: 10)
[00:00:36 -56640.516890] Model parameter optimization (eps = 1.000000)
[00:00:36 -56622.767433] SLOW spr round 1 (radius: 5)
[00:00:36 -56622.753954] SLOW spr round 2 (radius: 10)
[00:00:37 -56622.750624] SLOW spr round 3 (radius: 15)
[00:00:38 -56622.750623] SLOW spr round 4 (radius: 20)
[00:00:38 -56622.750623] SLOW spr round 5 (radius: 25)
[00:00:38 -56622.750623] Model parameter optimization (eps = 0.100000)

[00:00:38] ML tree search #8, logLikelihood: -56622.149727

[00:00:38 -157471.012975] Initial branch length optimization
[00:00:38 -60596.769658] Model parameter optimization (eps = 10.000000)
[00:00:39 -57271.046472] AUTODETECT spr round 1 (radius: 5)
[00:00:39 -56902.053815] AUTODETECT spr round 2 (radius: 10)
[00:00:39 -56792.034723] AUTODETECT spr round 3 (radius: 15)
[00:00:39 -56722.890272] AUTODETECT spr round 4 (radius: 20)
[00:00:39 -56722.888307] SPR radius for FAST iterations: 15 (autodetect)
[00:00:39 -56722.888307] Model parameter optimization (eps = 3.000000)
[00:00:39 -56706.875048] FAST spr round 1 (radius: 15)
[00:00:40 -56625.964408] FAST spr round 2 (radius: 15)
[00:00:40 -56625.962994] Model parameter optimization (eps = 1.000000)
[00:00:40 -56622.743286] SLOW spr round 1 (radius: 5)
[00:00:41 -56622.738593] SLOW spr round 2 (radius: 10)
[00:00:41 -56622.736832] SLOW spr round 3 (radius: 15)
[00:00:42 -56622.736823] SLOW spr round 4 (radius: 20)
[00:00:42 -56622.736822] SLOW spr round 5 (radius: 25)
[00:00:42 -56622.736822] Model parameter optimization (eps = 0.100000)

[00:00:43] ML tree search #9, logLikelihood: -56622.082065

[00:00:43 -155783.044066] Initial branch length optimization
[00:00:43 -67301.153427] Model parameter optimization (eps = 10.000000)
[00:00:45 -56644.019088] AUTODETECT spr round 1 (radius: 5)
[00:00:45 -56643.990414] SPR radius for FAST iterations: 5 (autodetect)
[00:00:45 -56643.990414] Model parameter optimization (eps = 3.000000)
[00:00:45 -56627.357650] FAST spr round 1 (radius: 5)
[00:00:45 -56627.339334] Model parameter optimization (eps = 1.000000)
[00:00:45 -56623.990950] SLOW spr round 1 (radius: 5)
[00:00:46 -56623.987362] SLOW spr round 2 (radius: 10)
[00:00:46 -56622.873975] SLOW spr round 3 (radius: 5)
[00:00:47 -56622.873962] SLOW spr round 4 (radius: 10)
[00:00:47 -56622.873962] SLOW spr round 5 (radius: 15)
[00:00:48 -56622.873962] SLOW spr round 6 (radius: 20)
[00:00:48 -56622.873962] SLOW spr round 7 (radius: 25)
[00:00:48 -56622.873962] Model parameter optimization (eps = 0.100000)

[00:00:49] ML tree search #10, logLikelihood: -56622.110226

[00:00:49 -155784.929619] Initial branch length optimization
[00:00:49 -67299.445991] Model parameter optimization (eps = 10.000000)
[00:00:51 -56643.181791] AUTODETECT spr round 1 (radius: 5)
[00:00:51 -56643.095146] SPR radius for FAST iterations: 5 (autodetect)
[00:00:51 -56643.095146] Model parameter optimization (eps = 3.000000)
[00:00:51 -56626.285092] FAST spr round 1 (radius: 5)
[00:00:51 -56626.266827] Model parameter optimization (eps = 1.000000)
[00:00:52 -56622.859336] SLOW spr round 1 (radius: 5)
[00:00:52 -56622.846778] SLOW spr round 2 (radius: 10)
[00:00:53 -56622.846686] SLOW spr round 3 (radius: 15)
[00:00:53 -56622.846683] SLOW spr round 4 (radius: 20)
[00:00:53 -56622.846683] SLOW spr round 5 (radius: 25)
[00:00:54 -56622.846683] Model parameter optimization (eps = 0.100000)

[00:00:54] ML tree search #11, logLikelihood: -56622.106271

[00:00:54 -155785.348554] Initial branch length optimization
[00:00:54 -67299.428522] Model parameter optimization (eps = 10.000000)
[00:00:56 -56642.037155] AUTODETECT spr round 1 (radius: 5)
[00:00:56 -56642.015632] SPR radius for FAST iterations: 5 (autodetect)
[00:00:56 -56642.015632] Model parameter optimization (eps = 3.000000)
[00:00:56 -56626.072395] FAST spr round 1 (radius: 5)
[00:00:56 -56626.062467] Model parameter optimization (eps = 1.000000)
[00:00:57 -56622.840861] SLOW spr round 1 (radius: 5)
[00:00:57 -56622.833639] SLOW spr round 2 (radius: 10)
[00:00:57 -56622.833606] SLOW spr round 3 (radius: 15)
[00:00:58 -56622.833605] SLOW spr round 4 (radius: 20)
[00:00:58 -56622.833604] SLOW spr round 5 (radius: 25)
[00:00:58 -56622.833604] Model parameter optimization (eps = 0.100000)

[00:00:59] ML tree search #12, logLikelihood: -56622.107703

[00:00:59 -155785.523265] Initial branch length optimization
[00:00:59 -67299.428992] Model parameter optimization (eps = 10.000000)
[00:01:01 -56641.853721] AUTODETECT spr round 1 (radius: 5)
[00:01:01 -56641.826022] SPR radius for FAST iterations: 5 (autodetect)
[00:01:01 -56641.826022] Model parameter optimization (eps = 3.000000)
[00:01:01 -56626.029447] FAST spr round 1 (radius: 5)
[00:01:01 -56626.019620] Model parameter optimization (eps = 1.000000)
[00:01:01 -56622.828714] SLOW spr round 1 (radius: 5)
[00:01:02 -56622.820381] SLOW spr round 2 (radius: 10)
[00:01:02 -56622.820349] SLOW spr round 3 (radius: 15)
[00:01:03 -56622.820347] SLOW spr round 4 (radius: 20)
[00:01:03 -56622.820347] SLOW spr round 5 (radius: 25)
[00:01:03 -56622.820347] Model parameter optimization (eps = 0.100000)

[00:01:03] ML tree search #13, logLikelihood: -56622.103251

[00:01:03 -155785.078525] Initial branch length optimization
[00:01:03 -67300.820189] Model parameter optimization (eps = 10.000000)
[00:01:05 -56641.592260] AUTODETECT spr round 1 (radius: 5)
[00:01:06 -56640.767547] AUTODETECT spr round 2 (radius: 10)
[00:01:06 -56640.757923] SPR radius for FAST iterations: 5 (autodetect)
[00:01:06 -56640.757923] Model parameter optimization (eps = 3.000000)
[00:01:06 -56625.784572] FAST spr round 1 (radius: 5)
[00:01:06 -56625.776115] Model parameter optimization (eps = 1.000000)
[00:01:06 -56623.360141] SLOW spr round 1 (radius: 5)
[00:01:07 -56623.353027] SLOW spr round 2 (radius: 10)
[00:01:07 -56623.353000] SLOW spr round 3 (radius: 15)
[00:01:08 -56623.352999] SLOW spr round 4 (radius: 20)
[00:01:08 -56623.352999] SLOW spr round 5 (radius: 25)
[00:01:08 -56623.352999] Model parameter optimization (eps = 0.100000)

[00:01:08] ML tree search #14, logLikelihood: -56622.149146

[00:01:08 -155782.782717] Initial branch length optimization
[00:01:08 -67300.837821] Model parameter optimization (eps = 10.000000)
[00:01:11 -56644.131586] AUTODETECT spr round 1 (radius: 5)
[00:01:11 -56644.098913] SPR radius for FAST iterations: 5 (autodetect)
[00:01:11 -56644.098913] Model parameter optimization (eps = 3.000000)
[00:01:11 -56627.701788] FAST spr round 1 (radius: 5)
[00:01:11 -56627.684241] Model parameter optimization (eps = 1.000000)
[00:01:11 -56624.376860] SLOW spr round 1 (radius: 5)
[00:01:12 -56624.367801] SLOW spr round 2 (radius: 10)
[00:01:12 -56624.367703] SLOW spr round 3 (radius: 15)
[00:01:13 -56624.367700] SLOW spr round 4 (radius: 20)
[00:01:13 -56624.367700] SLOW spr round 5 (radius: 25)
[00:01:14 -56623.037791] SLOW spr round 6 (radius: 5)
[00:01:14 -56623.036863] SLOW spr round 7 (radius: 10)
[00:01:15 -56623.036858] SLOW spr round 8 (radius: 15)
[00:01:15 -56623.036858] SLOW spr round 9 (radius: 20)
[00:01:15 -56623.036858] SLOW spr round 10 (radius: 25)
[00:01:16 -56623.036858] Model parameter optimization (eps = 0.100000)

[00:01:16] ML tree search #15, logLikelihood: -56622.111659

[00:01:16 -155782.748505] Initial branch length optimization
[00:01:16 -67300.837676] Model parameter optimization (eps = 10.000000)
[00:01:18 -56644.297735] AUTODETECT spr round 1 (radius: 5)
[00:01:18 -56644.259271] SPR radius for FAST iterations: 5 (autodetect)
[00:01:18 -56644.259271] Model parameter optimization (eps = 3.000000)
[00:01:18 -56627.754332] FAST spr round 1 (radius: 5)
[00:01:18 -56627.736661] Model parameter optimization (eps = 1.000000)
[00:01:18 -56624.386789] SLOW spr round 1 (radius: 5)
[00:01:19 -56624.383175] SLOW spr round 2 (radius: 10)
[00:01:19 -56623.054844] SLOW spr round 3 (radius: 5)
[00:01:20 -56623.053748] SLOW spr round 4 (radius: 10)
[00:01:20 -56623.053743] SLOW spr round 5 (radius: 15)
[00:01:21 -56623.053743] SLOW spr round 6 (radius: 20)
[00:01:21 -56623.053743] SLOW spr round 7 (radius: 25)
[00:01:21 -56623.053743] Model parameter optimization (eps = 0.100000)

[00:01:22] ML tree search #16, logLikelihood: -56622.110602

[00:01:22 -155789.049146] Initial branch length optimization
[00:01:22 -67299.446853] Model parameter optimization (eps = 10.000000)
[00:01:24 -56643.215542] AUTODETECT spr round 1 (radius: 5)
[00:01:24 -56643.187231] SPR radius for FAST iterations: 5 (autodetect)
[00:01:24 -56643.187231] Model parameter optimization (eps = 3.000000)
[00:01:24 -56626.506785] FAST spr round 1 (radius: 5)
[00:01:24 -56626.488715] Model parameter optimization (eps = 1.000000)
[00:01:24 -56623.126194] SLOW spr round 1 (radius: 5)
[00:01:25 -56623.111744] SLOW spr round 2 (radius: 10)
[00:01:25 -56622.893415] SLOW spr round 3 (radius: 5)
[00:01:26 -56622.887882] SLOW spr round 4 (radius: 10)
[00:01:26 -56622.887882] SLOW spr round 5 (radius: 15)
[00:01:27 -56622.887882] SLOW spr round 6 (radius: 20)
[00:01:27 -56622.887882] SLOW spr round 7 (radius: 25)
[00:01:27 -56622.887882] Model parameter optimization (eps = 0.100000)

[00:01:27] ML tree search #17, logLikelihood: -56622.111587

[00:01:28 -155785.303652] Initial branch length optimization
[00:01:28 -67299.445911] Model parameter optimization (eps = 10.000000)
[00:01:29 -56643.035571] AUTODETECT spr round 1 (radius: 5)
[00:01:30 -56643.007257] SPR radius for FAST iterations: 5 (autodetect)
[00:01:30 -56643.007257] Model parameter optimization (eps = 3.000000)
[00:01:30 -56626.247069] FAST spr round 1 (radius: 5)
[00:01:30 -56626.229083] Model parameter optimization (eps = 1.000000)
[00:01:30 -56622.847558] SLOW spr round 1 (radius: 5)
[00:01:31 -56622.838780] SLOW spr round 2 (radius: 10)
[00:01:31 -56622.838690] SLOW spr round 3 (radius: 15)
[00:01:32 -56622.838686] SLOW spr round 4 (radius: 20)
[00:01:32 -56622.838686] SLOW spr round 5 (radius: 25)
[00:01:32 -56622.838686] Model parameter optimization (eps = 0.100000)

[00:01:32] ML tree search #18, logLikelihood: -56622.105365



Final LogLikelihood: -56622.082065

AIC score: 113532.164131 / AICc score: 113533.604131 / BIC score: 114724.489697
Free parameters (model + branch lengths): 144

Best ML tree saved to: /home/hikoyu/analysis/Genome/SARS-CoV-2/phylogeny/RAxML-NG/DNA/univ/3rd/SARS-CoV-2_200311.0.raxml.bestTree
All ML trees saved to: /home/hikoyu/analysis/Genome/SARS-CoV-2/phylogeny/RAxML-NG/DNA/univ/3rd/SARS-CoV-2_200311.0.raxml.mlTrees
Optimized model saved to: /home/hikoyu/analysis/Genome/SARS-CoV-2/phylogeny/RAxML-NG/DNA/univ/3rd/SARS-CoV-2_200311.0.raxml.bestModel

Execution log saved to: /home/hikoyu/analysis/Genome/SARS-CoV-2/phylogeny/RAxML-NG/DNA/univ/3rd/SARS-CoV-2_200311.0.raxml.log

Analysis started: 11-Mar-2020 01:56:36 / finished: 11-Mar-2020 01:58:09

Elapsed time: 92.949 seconds

