
RAxML-NG v. 0.9.0 released on 20.05.2019 by The Exelixis Lab.
Developed by: Alexey M. Kozlov and Alexandros Stamatakis.
Contributors: Diego Darriba, Tomas Flouri, Benoit Morel, Sarah Lutteropp, Ben Bettisworth.
Latest version: https://github.com/amkozlov/raxml-ng
Questions/problems/suggestions? Please visit: https://groups.google.com/forum/#!forum/raxml

RAxML-NG was called at 01-Apr-2020 02:05:03 as follows:

raxml-ng --threads 1 --bootstrap --bs-trees 84 --seed 2976981621 --prefix phylogeny/RAxML-NG/DNA/univ/3rd/SARS-CoV-2_200331.1 --msa phylogeny/RAxML-NG/DNA/univ/3rd/SARS-CoV-2_200331.raxml.rba --outgroup MG772933.1

Analysis options:
  run mode: Bootstrapping
  start tree(s): 
  bootstrap replicates: 84
  random seed: 2976981621
  tip-inner: OFF
  pattern compression: ON
  per-rate scalers: OFF
  site repeats: ON
  branch lengths: proportional (ML estimate, algorithm: NR-FAST)
  SIMD kernels: AVX2
  parallelization: NONE/sequential

[00:00:00] Loading binary alignment from file: phylogeny/RAxML-NG/DNA/univ/3rd/SARS-CoV-2_200331.raxml.rba
[00:00:00] Alignment comprises 117 taxa, 2 partitions and 339 patterns

Partition 0: p1_p2
Model: TIM3+I+B
Alignment sites / patterns: 19432 / 179
Gaps: 0.06 %
Invariant sites: 94.39 %

Partition 1: p3
Model: TIM3+G4m+B
Alignment sites / patterns: 9716 / 160
Gaps: 0.06 %
Invariant sites: 67.98 %


[00:00:00] Data distribution: max. partitions/sites/weight per thread: 2 / 339 / 3276
[00:00:00] Starting bootstrapping analysis with 84 replicates.

[00:00:15] Bootstrap tree #1, logLikelihood: -58975.135153
[00:00:28] Bootstrap tree #2, logLikelihood: -59192.371502
[00:00:45] Bootstrap tree #3, logLikelihood: -59098.814763
[00:01:00] Bootstrap tree #4, logLikelihood: -59032.732612
[00:01:13] Bootstrap tree #5, logLikelihood: -58833.362789
[00:01:27] Bootstrap tree #6, logLikelihood: -59385.677635
[00:01:43] Bootstrap tree #7, logLikelihood: -59323.817072
[00:01:57] Bootstrap tree #8, logLikelihood: -59461.836079
[00:02:12] Bootstrap tree #9, logLikelihood: -59415.992824
[00:02:28] Bootstrap tree #10, logLikelihood: -59355.918063
[00:02:44] Bootstrap tree #11, logLikelihood: -59489.723035
[00:02:58] Bootstrap tree #12, logLikelihood: -58939.961696
[00:03:15] Bootstrap tree #13, logLikelihood: -59111.391558
[00:03:31] Bootstrap tree #14, logLikelihood: -59163.661189
[00:03:48] Bootstrap tree #15, logLikelihood: -59001.689887
[00:04:05] Bootstrap tree #16, logLikelihood: -59183.970593
[00:04:20] Bootstrap tree #17, logLikelihood: -59461.142492
[00:04:35] Bootstrap tree #18, logLikelihood: -59304.105101
[00:04:53] Bootstrap tree #19, logLikelihood: -59594.985918
[00:05:08] Bootstrap tree #20, logLikelihood: -59417.127269
[00:05:22] Bootstrap tree #21, logLikelihood: -59553.397357
[00:05:36] Bootstrap tree #22, logLikelihood: -59729.583601
[00:05:51] Bootstrap tree #23, logLikelihood: -59212.390784
[00:06:05] Bootstrap tree #24, logLikelihood: -59284.719359
[00:06:20] Bootstrap tree #25, logLikelihood: -59440.036992
[00:06:35] Bootstrap tree #26, logLikelihood: -59604.641487
[00:06:49] Bootstrap tree #27, logLikelihood: -59258.129091
[00:07:05] Bootstrap tree #28, logLikelihood: -59506.199492
[00:07:19] Bootstrap tree #29, logLikelihood: -59456.674660
[00:07:39] Bootstrap tree #30, logLikelihood: -59312.084533
[00:07:55] Bootstrap tree #31, logLikelihood: -59166.014736
[00:08:10] Bootstrap tree #32, logLikelihood: -59878.998306
[00:08:27] Bootstrap tree #33, logLikelihood: -59522.384499
[00:08:49] Bootstrap tree #34, logLikelihood: -59403.272513
[00:09:03] Bootstrap tree #35, logLikelihood: -59322.001507
[00:09:18] Bootstrap tree #36, logLikelihood: -59527.141344
[00:09:34] Bootstrap tree #37, logLikelihood: -59237.221678
[00:09:48] Bootstrap tree #38, logLikelihood: -59487.162195
[00:10:03] Bootstrap tree #39, logLikelihood: -59954.417676
[00:10:17] Bootstrap tree #40, logLikelihood: -59415.784521
[00:10:32] Bootstrap tree #41, logLikelihood: -59428.617785
[00:10:49] Bootstrap tree #42, logLikelihood: -58917.711663
[00:11:03] Bootstrap tree #43, logLikelihood: -59406.638869
[00:11:17] Bootstrap tree #44, logLikelihood: -59051.294285
[00:11:33] Bootstrap tree #45, logLikelihood: -59855.677983
[00:11:49] Bootstrap tree #46, logLikelihood: -59975.560368
[00:12:04] Bootstrap tree #47, logLikelihood: -59547.715633
[00:12:25] Bootstrap tree #48, logLikelihood: -59877.787949
[00:12:41] Bootstrap tree #49, logLikelihood: -59274.987956
[00:13:04] Bootstrap tree #50, logLikelihood: -59321.974624
[00:13:26] Bootstrap tree #51, logLikelihood: -59550.689712
[00:13:40] Bootstrap tree #52, logLikelihood: -59906.627294
[00:13:58] Bootstrap tree #53, logLikelihood: -59362.906547
[00:14:13] Bootstrap tree #54, logLikelihood: -59399.889964
[00:14:28] Bootstrap tree #55, logLikelihood: -59517.568045
[00:14:43] Bootstrap tree #56, logLikelihood: -59069.498013
[00:15:01] Bootstrap tree #57, logLikelihood: -59212.472570
[00:15:17] Bootstrap tree #58, logLikelihood: -59312.623433
[00:15:33] Bootstrap tree #59, logLikelihood: -59486.427716
[00:15:50] Bootstrap tree #60, logLikelihood: -59569.760857
[00:16:08] Bootstrap tree #61, logLikelihood: -59376.190331
[00:16:22] Bootstrap tree #62, logLikelihood: -59461.871629
[00:16:37] Bootstrap tree #63, logLikelihood: -59399.237113
[00:16:54] Bootstrap tree #64, logLikelihood: -59008.459982
[00:17:08] Bootstrap tree #65, logLikelihood: -59641.297731
[00:17:23] Bootstrap tree #66, logLikelihood: -59418.166655
[00:17:41] Bootstrap tree #67, logLikelihood: -59152.816044
[00:17:54] Bootstrap tree #68, logLikelihood: -59263.956472
[00:18:10] Bootstrap tree #69, logLikelihood: -59599.078562
[00:18:27] Bootstrap tree #70, logLikelihood: -59512.450930
[00:18:43] Bootstrap tree #71, logLikelihood: -58880.606705
[00:18:58] Bootstrap tree #72, logLikelihood: -59444.841502
[00:19:13] Bootstrap tree #73, logLikelihood: -59562.534627
[00:19:35] Bootstrap tree #74, logLikelihood: -59244.201047
[00:19:51] Bootstrap tree #75, logLikelihood: -59435.238368
[00:20:07] Bootstrap tree #76, logLikelihood: -59617.985403
[00:20:29] Bootstrap tree #77, logLikelihood: -59426.820184
[00:20:51] Bootstrap tree #78, logLikelihood: -58996.398872
[00:21:05] Bootstrap tree #79, logLikelihood: -59696.469927
[00:21:24] Bootstrap tree #80, logLikelihood: -59150.358122
[00:21:40] Bootstrap tree #81, logLikelihood: -59236.441045
[00:21:55] Bootstrap tree #82, logLikelihood: -59681.865193
[00:22:10] Bootstrap tree #83, logLikelihood: -59177.051406
[00:22:28] Bootstrap tree #84, logLikelihood: -59633.861998

Bootstrap trees saved to: /home/hikoyu/analysis/Genome/SARS-CoV-2/phylogeny/RAxML-NG/DNA/univ/3rd/SARS-CoV-2_200331.1.raxml.bootstraps

Execution log saved to: /home/hikoyu/analysis/Genome/SARS-CoV-2/phylogeny/RAxML-NG/DNA/univ/3rd/SARS-CoV-2_200331.1.raxml.log

Analysis started: 01-Apr-2020 02:05:03 / finished: 01-Apr-2020 02:27:32

Elapsed time: 1348.877 seconds

