
RAxML-NG v. 0.9.0 released on 20.05.2019 by The Exelixis Lab.
Developed by: Alexey M. Kozlov and Alexandros Stamatakis.
Contributors: Diego Darriba, Tomas Flouri, Benoit Morel, Sarah Lutteropp, Ben Bettisworth.
Latest version: https://github.com/amkozlov/raxml-ng
Questions/problems/suggestions? Please visit: https://groups.google.com/forum/#!forum/raxml

RAxML-NG was called at 16-Mar-2020 01:45:25 as follows:

raxml-ng --threads 1 --bootstrap --bs-trees 83 --seed 2096468775 --prefix phylogeny/RAxML-NG/DNA/univ/3rd/SARS-CoV-2_200314.9 --msa phylogeny/RAxML-NG/DNA/univ/3rd/SARS-CoV-2_200314.raxml.rba --outgroup MG772933.1

Analysis options:
  run mode: Bootstrapping
  start tree(s): 
  bootstrap replicates: 83
  random seed: 2096468775
  tip-inner: OFF
  pattern compression: ON
  per-rate scalers: OFF
  site repeats: ON
  branch lengths: proportional (ML estimate, algorithm: NR-FAST)
  SIMD kernels: AVX2
  parallelization: NONE/sequential

[00:00:00] Loading binary alignment from file: phylogeny/RAxML-NG/DNA/univ/3rd/SARS-CoV-2_200314.raxml.rba
[00:00:00] Alignment comprises 89 taxa, 2 partitions and 281 patterns

Partition 0: p1_p2
Model: GTR+FO+G4m+B
Alignment sites / patterns: 19430 / 146
Gaps: 0.05 %
Invariant sites: 94.60 %

Partition 1: p3
Model: GTR+FO+I+B
Alignment sites / patterns: 9715 / 135
Gaps: 0.05 %
Invariant sites: 68.14 %


[00:00:00] Data distribution: max. partitions/sites/weight per thread: 2 / 281 / 2876
[00:00:00] Starting bootstrapping analysis with 83 replicates.

[00:00:08] Bootstrap tree #1, logLikelihood: -56754.445269
[00:00:26] Bootstrap tree #2, logLikelihood: -57196.182362
[00:00:36] Bootstrap tree #3, logLikelihood: -56664.980338
[00:00:46] Bootstrap tree #4, logLikelihood: -56575.984309
[00:00:56] Bootstrap tree #5, logLikelihood: -57213.571471
[00:01:05] Bootstrap tree #6, logLikelihood: -57023.009181
[00:01:14] Bootstrap tree #7, logLikelihood: -57166.854530
[00:01:23] Bootstrap tree #8, logLikelihood: -56821.418638
[00:01:32] Bootstrap tree #9, logLikelihood: -56764.046025
[00:01:41] Bootstrap tree #10, logLikelihood: -56978.087109
[00:01:49] Bootstrap tree #11, logLikelihood: -57084.259617
[00:01:56] Bootstrap tree #12, logLikelihood: -56713.905676
[00:02:05] Bootstrap tree #13, logLikelihood: -57089.167598
[00:02:14] Bootstrap tree #14, logLikelihood: -56773.324527
[00:02:23] Bootstrap tree #15, logLikelihood: -56926.877185
[00:02:31] Bootstrap tree #16, logLikelihood: -56426.370880
[00:02:40] Bootstrap tree #17, logLikelihood: -56726.782687
[00:03:00] Bootstrap tree #18, logLikelihood: -56688.999799
[00:03:09] Bootstrap tree #19, logLikelihood: -56893.576911
[00:03:21] Bootstrap tree #20, logLikelihood: -57040.497120
[00:03:35] Bootstrap tree #21, logLikelihood: -56659.785798
[00:03:46] Bootstrap tree #22, logLikelihood: -57112.959580
[00:04:08] Bootstrap tree #23, logLikelihood: -56897.953266
[00:04:17] Bootstrap tree #24, logLikelihood: -56783.706568
[00:04:26] Bootstrap tree #25, logLikelihood: -56707.625859
[00:04:35] Bootstrap tree #26, logLikelihood: -56979.334107
[00:04:44] Bootstrap tree #27, logLikelihood: -57065.144176
[00:04:52] Bootstrap tree #28, logLikelihood: -56733.454599
[00:05:02] Bootstrap tree #29, logLikelihood: -56491.559335
[00:05:11] Bootstrap tree #30, logLikelihood: -56465.936333
[00:05:20] Bootstrap tree #31, logLikelihood: -56762.406062
[00:05:29] Bootstrap tree #32, logLikelihood: -57124.894474
[00:05:38] Bootstrap tree #33, logLikelihood: -57468.600444
[00:05:51] Bootstrap tree #34, logLikelihood: -56786.522226
[00:05:59] Bootstrap tree #35, logLikelihood: -56845.765091
[00:06:08] Bootstrap tree #36, logLikelihood: -56991.963515
[00:06:18] Bootstrap tree #37, logLikelihood: -56842.630165
[00:06:26] Bootstrap tree #38, logLikelihood: -57048.084839
[00:06:36] Bootstrap tree #39, logLikelihood: -56740.447985
[00:06:47] Bootstrap tree #40, logLikelihood: -56818.542431
[00:06:55] Bootstrap tree #41, logLikelihood: -56589.139206
[00:07:03] Bootstrap tree #42, logLikelihood: -56946.053624
[00:07:12] Bootstrap tree #43, logLikelihood: -57336.934171
[00:07:22] Bootstrap tree #44, logLikelihood: -57112.712870
[00:07:31] Bootstrap tree #45, logLikelihood: -57006.281992
[00:07:41] Bootstrap tree #46, logLikelihood: -56616.867680
[00:07:51] Bootstrap tree #47, logLikelihood: -56794.693013
[00:07:58] Bootstrap tree #48, logLikelihood: -56634.839670
[00:08:07] Bootstrap tree #49, logLikelihood: -56593.065840
[00:08:15] Bootstrap tree #50, logLikelihood: -56350.135609
[00:08:24] Bootstrap tree #51, logLikelihood: -57251.545430
[00:08:35] Bootstrap tree #52, logLikelihood: -56834.717692
[00:08:43] Bootstrap tree #53, logLikelihood: -56699.252810
[00:08:52] Bootstrap tree #54, logLikelihood: -56707.751929
[00:09:03] Bootstrap tree #55, logLikelihood: -57021.998135
[00:09:12] Bootstrap tree #56, logLikelihood: -57087.868077
[00:09:20] Bootstrap tree #57, logLikelihood: -56633.746281
[00:09:30] Bootstrap tree #58, logLikelihood: -56956.151616
[00:09:38] Bootstrap tree #59, logLikelihood: -56844.535826
[00:09:47] Bootstrap tree #60, logLikelihood: -56940.753869
[00:09:56] Bootstrap tree #61, logLikelihood: -56674.797564
[00:10:05] Bootstrap tree #62, logLikelihood: -56909.844332
[00:10:13] Bootstrap tree #63, logLikelihood: -56634.293549
[00:10:22] Bootstrap tree #64, logLikelihood: -57072.811130
[00:10:30] Bootstrap tree #65, logLikelihood: -57166.490015
[00:10:40] Bootstrap tree #66, logLikelihood: -57324.705383
[00:10:50] Bootstrap tree #67, logLikelihood: -56879.588815
[00:10:58] Bootstrap tree #68, logLikelihood: -57241.258768
[00:11:08] Bootstrap tree #69, logLikelihood: -56872.866678
[00:11:17] Bootstrap tree #70, logLikelihood: -56958.215953
[00:11:27] Bootstrap tree #71, logLikelihood: -56671.072213
[00:11:36] Bootstrap tree #72, logLikelihood: -56835.037673
[00:11:46] Bootstrap tree #73, logLikelihood: -57239.285852
[00:11:55] Bootstrap tree #74, logLikelihood: -56303.609613
[00:12:04] Bootstrap tree #75, logLikelihood: -56876.338582
[00:12:13] Bootstrap tree #76, logLikelihood: -56846.402939
[00:12:22] Bootstrap tree #77, logLikelihood: -56401.361975
[00:12:32] Bootstrap tree #78, logLikelihood: -57076.294843
[00:12:40] Bootstrap tree #79, logLikelihood: -56412.662508
[00:12:53] Bootstrap tree #80, logLikelihood: -56445.878116
[00:13:01] Bootstrap tree #81, logLikelihood: -56326.484272
[00:13:11] Bootstrap tree #82, logLikelihood: -56740.513711
[00:13:18] Bootstrap tree #83, logLikelihood: -56879.500445

Bootstrap trees saved to: /home/hikoyu/analysis/Genome/SARS-CoV-2/phylogeny/RAxML-NG/DNA/univ/3rd/SARS-CoV-2_200314.9.raxml.bootstraps

Execution log saved to: /home/hikoyu/analysis/Genome/SARS-CoV-2/phylogeny/RAxML-NG/DNA/univ/3rd/SARS-CoV-2_200314.9.raxml.log

Analysis started: 16-Mar-2020 01:45:25 / finished: 16-Mar-2020 01:58:44

Elapsed time: 799.062 seconds

