
RAxML-NG v. 0.9.0 released on 20.05.2019 by The Exelixis Lab.
Developed by: Alexey M. Kozlov and Alexandros Stamatakis.
Contributors: Diego Darriba, Tomas Flouri, Benoit Morel, Sarah Lutteropp, Ben Bettisworth.
Latest version: https://github.com/amkozlov/raxml-ng
Questions/problems/suggestions? Please visit: https://groups.google.com/forum/#!forum/raxml

RAxML-NG was called at 21-Mar-2020 18:30:40 as follows:

raxml-ng --threads 1 --bootstrap --bs-trees 83 --seed 2156637735 --prefix phylogeny/RAxML-NG/DNA/univ/3rd/SARS-CoV-2_200320.7 --msa phylogeny/RAxML-NG/DNA/univ/3rd/SARS-CoV-2_200320.raxml.rba --outgroup MG772933.1

Analysis options:
  run mode: Bootstrapping
  start tree(s): 
  bootstrap replicates: 83
  random seed: 2156637735
  tip-inner: OFF
  pattern compression: ON
  per-rate scalers: OFF
  site repeats: ON
  branch lengths: proportional (ML estimate, algorithm: NR-FAST)
  SIMD kernels: AVX2
  parallelization: NONE/sequential

[00:00:00] Loading binary alignment from file: phylogeny/RAxML-NG/DNA/univ/3rd/SARS-CoV-2_200320.raxml.rba
[00:00:00] Alignment comprises 78 taxa, 2 partitions and 275 patterns

Partition 0: p1_p2
Model: GTR+FO+G4m+B
Alignment sites / patterns: 19432 / 143
Gaps: 0.06 %
Invariant sites: 94.60 %

Partition 1: p3
Model: GTR+FO+I+B
Alignment sites / patterns: 9716 / 132
Gaps: 0.06 %
Invariant sites: 68.17 %


[00:00:00] Data distribution: max. partitions/sites/weight per thread: 2 / 275 / 2816
[00:00:00] Starting bootstrapping analysis with 83 replicates.

[00:00:08] Bootstrap tree #1, logLikelihood: -57199.290831
[00:00:14] Bootstrap tree #2, logLikelihood: -56345.690023
[00:00:21] Bootstrap tree #3, logLikelihood: -57201.636139
[00:00:28] Bootstrap tree #4, logLikelihood: -57235.149428
[00:00:34] Bootstrap tree #5, logLikelihood: -56840.062864
[00:00:40] Bootstrap tree #6, logLikelihood: -56376.944862
[00:00:47] Bootstrap tree #7, logLikelihood: -56973.157404
[00:00:53] Bootstrap tree #8, logLikelihood: -57180.120596
[00:01:01] Bootstrap tree #9, logLikelihood: -56783.127876
[00:01:08] Bootstrap tree #10, logLikelihood: -56551.263305
[00:01:15] Bootstrap tree #11, logLikelihood: -56830.306285
[00:01:22] Bootstrap tree #12, logLikelihood: -56775.872978
[00:01:30] Bootstrap tree #13, logLikelihood: -56917.896981
[00:01:37] Bootstrap tree #14, logLikelihood: -56891.343314
[00:01:45] Bootstrap tree #15, logLikelihood: -56747.166067
[00:01:52] Bootstrap tree #16, logLikelihood: -56564.323361
[00:01:58] Bootstrap tree #17, logLikelihood: -56361.841322
[00:02:06] Bootstrap tree #18, logLikelihood: -56903.589059
[00:02:12] Bootstrap tree #19, logLikelihood: -56632.154149
[00:02:20] Bootstrap tree #20, logLikelihood: -56791.054239
[00:02:30] Bootstrap tree #21, logLikelihood: -56990.079357
[00:02:37] Bootstrap tree #22, logLikelihood: -56341.242356
[00:02:46] Bootstrap tree #23, logLikelihood: -56853.069294
[00:02:53] Bootstrap tree #24, logLikelihood: -56515.488931
[00:03:01] Bootstrap tree #25, logLikelihood: -56660.138577
[00:03:07] Bootstrap tree #26, logLikelihood: -56918.520774
[00:03:15] Bootstrap tree #27, logLikelihood: -57307.288377
[00:03:22] Bootstrap tree #28, logLikelihood: -56730.680112
[00:03:29] Bootstrap tree #29, logLikelihood: -56804.110601
[00:03:36] Bootstrap tree #30, logLikelihood: -56609.381767
[00:03:42] Bootstrap tree #31, logLikelihood: -56458.954996
[00:03:52] Bootstrap tree #32, logLikelihood: -57033.602082
[00:04:03] Bootstrap tree #33, logLikelihood: -56806.800934
[00:04:11] Bootstrap tree #34, logLikelihood: -56642.260346
[00:04:18] Bootstrap tree #35, logLikelihood: -57141.369742
[00:04:26] Bootstrap tree #36, logLikelihood: -56922.147582
[00:04:34] Bootstrap tree #37, logLikelihood: -57084.591668
[00:04:41] Bootstrap tree #38, logLikelihood: -56898.566134
[00:04:47] Bootstrap tree #39, logLikelihood: -56666.491749
[00:04:56] Bootstrap tree #40, logLikelihood: -56763.259801
[00:05:04] Bootstrap tree #41, logLikelihood: -56770.651138
[00:05:12] Bootstrap tree #42, logLikelihood: -56758.999473
[00:05:19] Bootstrap tree #43, logLikelihood: -56785.182912
[00:05:27] Bootstrap tree #44, logLikelihood: -57035.554020
[00:05:35] Bootstrap tree #45, logLikelihood: -57259.229430
[00:05:44] Bootstrap tree #46, logLikelihood: -57074.914130
[00:05:50] Bootstrap tree #47, logLikelihood: -56657.439985
[00:05:56] Bootstrap tree #48, logLikelihood: -57370.668957
[00:06:04] Bootstrap tree #49, logLikelihood: -56640.196027
[00:06:10] Bootstrap tree #50, logLikelihood: -56899.183496
[00:06:17] Bootstrap tree #51, logLikelihood: -57116.999331
[00:06:25] Bootstrap tree #52, logLikelihood: -57168.196278
[00:06:32] Bootstrap tree #53, logLikelihood: -56514.994060
[00:06:39] Bootstrap tree #54, logLikelihood: -56704.714118
[00:06:46] Bootstrap tree #55, logLikelihood: -57060.470411
[00:06:52] Bootstrap tree #56, logLikelihood: -56518.213517
[00:07:02] Bootstrap tree #57, logLikelihood: -56747.512993
[00:07:09] Bootstrap tree #58, logLikelihood: -56458.494831
[00:07:15] Bootstrap tree #59, logLikelihood: -56594.170741
[00:07:23] Bootstrap tree #60, logLikelihood: -56923.933607
[00:07:30] Bootstrap tree #61, logLikelihood: -57036.368557
[00:07:38] Bootstrap tree #62, logLikelihood: -56924.050274
[00:07:44] Bootstrap tree #63, logLikelihood: -56941.064151
[00:07:57] Bootstrap tree #64, logLikelihood: -56586.870255
[00:08:04] Bootstrap tree #65, logLikelihood: -56853.508870
[00:08:11] Bootstrap tree #66, logLikelihood: -56786.251242
[00:08:19] Bootstrap tree #67, logLikelihood: -57004.942162
[00:08:27] Bootstrap tree #68, logLikelihood: -56798.960332
[00:08:36] Bootstrap tree #69, logLikelihood: -56868.113676
[00:08:42] Bootstrap tree #70, logLikelihood: -56530.596521
[00:08:49] Bootstrap tree #71, logLikelihood: -56744.100509
[00:08:57] Bootstrap tree #72, logLikelihood: -56933.224769
[00:09:04] Bootstrap tree #73, logLikelihood: -56883.891559
[00:09:14] Bootstrap tree #74, logLikelihood: -56650.202145
[00:09:22] Bootstrap tree #75, logLikelihood: -56759.287703
[00:09:28] Bootstrap tree #76, logLikelihood: -57077.085554
[00:09:36] Bootstrap tree #77, logLikelihood: -56685.547963
[00:09:43] Bootstrap tree #78, logLikelihood: -56554.786613
[00:09:50] Bootstrap tree #79, logLikelihood: -56586.539047
[00:10:01] Bootstrap tree #80, logLikelihood: -56704.138584
[00:10:07] Bootstrap tree #81, logLikelihood: -56834.652760
[00:10:14] Bootstrap tree #82, logLikelihood: -56823.198520
[00:10:22] Bootstrap tree #83, logLikelihood: -56691.435304

Bootstrap trees saved to: /home/hikoyu/analysis/Genome/SARS-CoV-2/phylogeny/RAxML-NG/DNA/univ/3rd/SARS-CoV-2_200320.7.raxml.bootstraps

Execution log saved to: /home/hikoyu/analysis/Genome/SARS-CoV-2/phylogeny/RAxML-NG/DNA/univ/3rd/SARS-CoV-2_200320.7.raxml.log

Analysis started: 21-Mar-2020 18:30:40 / finished: 21-Mar-2020 18:41:02

Elapsed time: 622.380 seconds

