
RAxML-NG v. 0.9.0 released on 20.05.2019 by The Exelixis Lab.
Developed by: Alexey M. Kozlov and Alexandros Stamatakis.
Contributors: Diego Darriba, Tomas Flouri, Benoit Morel, Sarah Lutteropp, Ben Bettisworth.
Latest version: https://github.com/amkozlov/raxml-ng
Questions/problems/suggestions? Please visit: https://groups.google.com/forum/#!forum/raxml

RAxML-NG was called at 19-Mar-2020 02:28:49 as follows:

raxml-ng --threads 1 --search --tree rand{8},pars{8} --seed 2793629825 --prefix phylogeny/RAxML-NG/DNA/univ/3rd/SARS-CoV-2_200318.4 --msa phylogeny/RAxML-NG/DNA/univ/3rd/SARS-CoV-2_200318.raxml.rba --outgroup MG772933.1

Analysis options:
  run mode: ML tree search
  start tree(s): random (8) + parsimony (8)
  random seed: 2793629825
  tip-inner: OFF
  pattern compression: ON
  per-rate scalers: OFF
  site repeats: ON
  fast spr radius: AUTO
  spr subtree cutoff: 1.000000
  branch lengths: proportional (ML estimate, algorithm: NR-FAST)
  SIMD kernels: AVX2
  parallelization: NONE/sequential

[00:00:00] Loading binary alignment from file: phylogeny/RAxML-NG/DNA/univ/3rd/SARS-CoV-2_200318.raxml.rba
[00:00:00] Alignment comprises 74 taxa, 2 partitions and 271 patterns

Partition 0: p1_p2
Model: GTR+FO+G4m+B
Alignment sites / patterns: 19432 / 140
Gaps: 0.06 %
Invariant sites: 94.62 %

Partition 1: p3
Model: GTR+FO+I+B
Alignment sites / patterns: 9716 / 131
Gaps: 0.06 %
Invariant sites: 68.17 %


[00:00:00] Generating 8 random starting tree(s) with 74 taxa
[00:00:00] Generating 8 parsimony starting tree(s) with 74 taxa
[00:00:00] Data distribution: max. partitions/sites/weight per thread: 2 / 271 / 2764

Starting ML tree search with 16 distinct starting trees

[00:00:00 -197141.760236] Initial branch length optimization
[00:00:00 -61128.485124] Model parameter optimization (eps = 10.000000)
[00:00:00 -57807.521132] AUTODETECT spr round 1 (radius: 5)
[00:00:00 -57244.407965] AUTODETECT spr round 2 (radius: 10)
[00:00:01 -57066.506713] AUTODETECT spr round 3 (radius: 15)
[00:00:01 -57031.435064] AUTODETECT spr round 4 (radius: 20)
[00:00:01 -57031.431460] SPR radius for FAST iterations: 15 (autodetect)
[00:00:01 -57031.431460] Model parameter optimization (eps = 3.000000)
[00:00:01 -57027.258885] FAST spr round 1 (radius: 15)
[00:00:02 -56825.477360] FAST spr round 2 (radius: 15)
[00:00:03 -56825.472774] Model parameter optimization (eps = 1.000000)
[00:00:03 -56821.360924] SLOW spr round 1 (radius: 5)
[00:00:04 -56821.351461] SLOW spr round 2 (radius: 10)
[00:00:06 -56821.351304] SLOW spr round 3 (radius: 15)
[00:00:07 -56821.351300] SLOW spr round 4 (radius: 20)
[00:00:07 -56821.351300] SLOW spr round 5 (radius: 25)
[00:00:07 -56821.351300] Model parameter optimization (eps = 0.100000)

[00:00:08] ML tree search #1, logLikelihood: -56821.083340

[00:00:08 -197170.502590] Initial branch length optimization
[00:00:08 -61164.430760] Model parameter optimization (eps = 10.000000)
[00:00:08 -57837.518809] AUTODETECT spr round 1 (radius: 5)
[00:00:08 -57418.776029] AUTODETECT spr round 2 (radius: 10)
[00:00:09 -57119.320305] AUTODETECT spr round 3 (radius: 15)
[00:00:09 -56943.753742] AUTODETECT spr round 4 (radius: 20)
[00:00:09 -56943.749003] SPR radius for FAST iterations: 15 (autodetect)
[00:00:09 -56943.749003] Model parameter optimization (eps = 3.000000)
[00:00:10 -56937.057694] FAST spr round 1 (radius: 15)
[00:00:11 -56821.120735] FAST spr round 2 (radius: 15)
[00:00:11 -56821.118085] Model parameter optimization (eps = 1.000000)
[00:00:11 -56821.011366] SLOW spr round 1 (radius: 5)
[00:00:12 -56821.003730] SLOW spr round 2 (radius: 10)
[00:00:13 -56821.003717] SLOW spr round 3 (radius: 15)
[00:00:14 -56821.003717] SLOW spr round 4 (radius: 20)
[00:00:15 -56821.003717] SLOW spr round 5 (radius: 25)
[00:00:15 -56821.003717] Model parameter optimization (eps = 0.100000)

[00:00:15] ML tree search #2, logLikelihood: -56820.993310

[00:00:15 -197152.760375] Initial branch length optimization
[00:00:15 -61161.013669] Model parameter optimization (eps = 10.000000)
[00:00:15 -57840.127818] AUTODETECT spr round 1 (radius: 5)
[00:00:16 -57342.595174] AUTODETECT spr round 2 (radius: 10)
[00:00:16 -56952.636100] AUTODETECT spr round 3 (radius: 15)
[00:00:16 -56896.812634] AUTODETECT spr round 4 (radius: 20)
[00:00:17 -56896.812496] SPR radius for FAST iterations: 15 (autodetect)
[00:00:17 -56896.812496] Model parameter optimization (eps = 3.000000)
[00:00:17 -56889.955332] FAST spr round 1 (radius: 15)
[00:00:18 -56821.035705] FAST spr round 2 (radius: 15)
[00:00:19 -56821.030118] Model parameter optimization (eps = 1.000000)
[00:00:19 -56821.004532] SLOW spr round 1 (radius: 5)
[00:00:20 -56820.999753] SLOW spr round 2 (radius: 10)
[00:00:21 -56820.999753] SLOW spr round 3 (radius: 15)
[00:00:22 -56820.999753] SLOW spr round 4 (radius: 20)
[00:00:22 -56820.999753] SLOW spr round 5 (radius: 25)
[00:00:22 -56820.999753] Model parameter optimization (eps = 0.100000)

[00:00:22] ML tree search #3, logLikelihood: -56820.995385

[00:00:22 -197177.831958] Initial branch length optimization
[00:00:22 -61220.786256] Model parameter optimization (eps = 10.000000)
[00:00:23 -57884.581556] AUTODETECT spr round 1 (radius: 5)
[00:00:23 -57293.210962] AUTODETECT spr round 2 (radius: 10)
[00:00:23 -57010.351854] AUTODETECT spr round 3 (radius: 15)
[00:00:24 -57006.241673] AUTODETECT spr round 4 (radius: 20)
[00:00:24 -57005.686985] AUTODETECT spr round 5 (radius: 25)
[00:00:24 -57001.902005] SPR radius for FAST iterations: 25 (autodetect)
[00:00:24 -57001.902005] Model parameter optimization (eps = 3.000000)
[00:00:24 -56997.091830] FAST spr round 1 (radius: 25)
[00:00:25 -56825.647110] FAST spr round 2 (radius: 25)
[00:00:26 -56825.418194] FAST spr round 3 (radius: 25)
[00:00:27 -56825.418105] Model parameter optimization (eps = 1.000000)
[00:00:27 -56821.353602] SLOW spr round 1 (radius: 5)
[00:00:28 -56821.349507] SLOW spr round 2 (radius: 10)
[00:00:29 -56821.349372] SLOW spr round 3 (radius: 15)
[00:00:30 -56821.349368] SLOW spr round 4 (radius: 20)
[00:00:31 -56821.349368] SLOW spr round 5 (radius: 25)
[00:00:31 -56821.349368] Model parameter optimization (eps = 0.100000)

[00:00:31] ML tree search #4, logLikelihood: -56821.082657

[00:00:31 -197165.144993] Initial branch length optimization
[00:00:31 -61234.191336] Model parameter optimization (eps = 10.000000)
[00:00:32 -57898.535379] AUTODETECT spr round 1 (radius: 5)
[00:00:32 -57235.070419] AUTODETECT spr round 2 (radius: 10)
[00:00:32 -57016.590246] AUTODETECT spr round 3 (radius: 15)
[00:00:32 -57005.059842] AUTODETECT spr round 4 (radius: 20)
[00:00:33 -57005.059842] SPR radius for FAST iterations: 15 (autodetect)
[00:00:33 -57005.059842] Model parameter optimization (eps = 3.000000)
[00:00:33 -57000.372335] FAST spr round 1 (radius: 15)
[00:00:34 -56825.392710] FAST spr round 2 (radius: 15)
[00:00:35 -56825.384293] Model parameter optimization (eps = 1.000000)
[00:00:35 -56821.332450] SLOW spr round 1 (radius: 5)
[00:00:36 -56821.322014] SLOW spr round 2 (radius: 10)
[00:00:37 -56821.321870] SLOW spr round 3 (radius: 15)
[00:00:37 -56821.321866] SLOW spr round 4 (radius: 20)
[00:00:38 -56821.321866] SLOW spr round 5 (radius: 25)
[00:00:39 -56821.321866] Model parameter optimization (eps = 0.100000)

[00:00:39] ML tree search #5, logLikelihood: -56821.076203

[00:00:39 -197136.623571] Initial branch length optimization
[00:00:39 -61139.577099] Model parameter optimization (eps = 10.000000)
[00:00:39 -57819.583024] AUTODETECT spr round 1 (radius: 5)
[00:00:40 -57347.566106] AUTODETECT spr round 2 (radius: 10)
[00:00:40 -57050.174736] AUTODETECT spr round 3 (radius: 15)
[00:00:40 -57050.174736] SPR radius for FAST iterations: 10 (autodetect)
[00:00:40 -57050.174736] Model parameter optimization (eps = 3.000000)
[00:00:41 -57047.454536] FAST spr round 1 (radius: 10)
[00:00:41 -56826.535173] FAST spr round 2 (radius: 10)
[00:00:42 -56825.418229] FAST spr round 3 (radius: 10)
[00:00:42 -56825.410927] Model parameter optimization (eps = 1.000000)
[00:00:42 -56821.208709] SLOW spr round 1 (radius: 5)
[00:00:43 -56821.205129] SLOW spr round 2 (radius: 10)
[00:00:44 -56821.205044] SLOW spr round 3 (radius: 15)
[00:00:45 -56821.205042] SLOW spr round 4 (radius: 20)
[00:00:46 -56821.205042] SLOW spr round 5 (radius: 25)
[00:00:46 -56821.205042] Model parameter optimization (eps = 0.100000)

[00:00:47] ML tree search #6, logLikelihood: -56821.043016

[00:00:47 -197182.050357] Initial branch length optimization
[00:00:47 -61267.661212] Model parameter optimization (eps = 10.000000)
[00:00:47 -57927.029462] AUTODETECT spr round 1 (radius: 5)
[00:00:47 -57361.183249] AUTODETECT spr round 2 (radius: 10)
[00:00:48 -57044.135683] AUTODETECT spr round 3 (radius: 15)
[00:00:48 -57043.474991] AUTODETECT spr round 4 (radius: 20)
[00:00:48 -57043.474988] SPR radius for FAST iterations: 15 (autodetect)
[00:00:48 -57043.474988] Model parameter optimization (eps = 3.000000)
[00:00:48 -57038.898460] FAST spr round 1 (radius: 15)
[00:00:49 -56833.320582] FAST spr round 2 (radius: 15)
[00:00:50 -56825.519465] FAST spr round 3 (radius: 15)
[00:00:51 -56825.518347] Model parameter optimization (eps = 1.000000)
[00:00:51 -56821.361901] SLOW spr round 1 (radius: 5)
[00:00:52 -56821.357360] SLOW spr round 2 (radius: 10)
[00:00:53 -56821.357216] SLOW spr round 3 (radius: 15)
[00:00:54 -56821.357212] SLOW spr round 4 (radius: 20)
[00:00:54 -56821.357212] SLOW spr round 5 (radius: 25)
[00:00:55 -56821.357212] Model parameter optimization (eps = 0.100000)

[00:00:55] ML tree search #7, logLikelihood: -56821.085216

[00:00:55 -197134.767020] Initial branch length optimization
[00:00:55 -61069.687316] Model parameter optimization (eps = 10.000000)
[00:00:56 -57761.075011] AUTODETECT spr round 1 (radius: 5)
[00:00:56 -57352.205486] AUTODETECT spr round 2 (radius: 10)
[00:00:56 -57101.448039] AUTODETECT spr round 3 (radius: 15)
[00:00:57 -56992.042640] AUTODETECT spr round 4 (radius: 20)
[00:00:57 -56992.042637] SPR radius for FAST iterations: 15 (autodetect)
[00:00:57 -56992.042637] Model parameter optimization (eps = 3.000000)
[00:00:57 -56988.329686] FAST spr round 1 (radius: 15)
[00:00:58 -56825.642177] FAST spr round 2 (radius: 15)
[00:00:59 -56825.427090] FAST spr round 3 (radius: 15)
[00:00:59 -56825.427023] Model parameter optimization (eps = 1.000000)
[00:00:59 -56821.335547] SLOW spr round 1 (radius: 5)
[00:01:00 -56821.325613] SLOW spr round 2 (radius: 10)
[00:01:01 -56821.325482] SLOW spr round 3 (radius: 15)
[00:01:02 -56821.325478] SLOW spr round 4 (radius: 20)
[00:01:03 -56821.325478] SLOW spr round 5 (radius: 25)
[00:01:03 -56821.325478] Model parameter optimization (eps = 0.100000)

[00:01:03] ML tree search #8, logLikelihood: -56821.075048

[00:01:03 -195055.725786] Initial branch length optimization
[00:01:04 -59764.125550] Model parameter optimization (eps = 10.000000)
[00:01:04 -56833.461557] AUTODETECT spr round 1 (radius: 5)
[00:01:04 -56833.181883] AUTODETECT spr round 2 (radius: 10)
[00:01:05 -56833.181831] SPR radius for FAST iterations: 5 (autodetect)
[00:01:05 -56833.181831] Model parameter optimization (eps = 3.000000)
[00:01:05 -56826.406214] FAST spr round 1 (radius: 5)
[00:01:05 -56826.390761] Model parameter optimization (eps = 1.000000)
[00:01:05 -56823.933107] SLOW spr round 1 (radius: 5)
[00:01:06 -56823.917835] SLOW spr round 2 (radius: 10)
[00:01:08 -56823.916808] SLOW spr round 3 (radius: 15)
[00:01:09 -56823.916807] SLOW spr round 4 (radius: 20)
[00:01:09 -56823.916807] SLOW spr round 5 (radius: 25)
[00:01:10 -56823.916807] Model parameter optimization (eps = 0.100000)

[00:01:10] ML tree search #9, logLikelihood: -56822.682120

[00:01:10 -195056.688030] Initial branch length optimization
[00:01:10 -59763.765560] Model parameter optimization (eps = 10.000000)
[00:01:11 -56831.926875] AUTODETECT spr round 1 (radius: 5)
[00:01:11 -56831.178922] AUTODETECT spr round 2 (radius: 10)
[00:01:11 -56831.174312] SPR radius for FAST iterations: 5 (autodetect)
[00:01:11 -56831.174312] Model parameter optimization (eps = 3.000000)
[00:01:11 -56824.627408] FAST spr round 1 (radius: 5)
[00:01:12 -56824.586553] Model parameter optimization (eps = 1.000000)
[00:01:12 -56822.272312] SLOW spr round 1 (radius: 5)
[00:01:13 -56822.254054] SLOW spr round 2 (radius: 10)
[00:01:14 -56822.253440] SLOW spr round 3 (radius: 15)
[00:01:15 -56822.253148] SLOW spr round 4 (radius: 20)
[00:01:15 -56822.253148] SLOW spr round 5 (radius: 25)
[00:01:16 -56822.253148] Model parameter optimization (eps = 0.100000)

[00:01:16] ML tree search #10, logLikelihood: -56821.103423

[00:01:16 -195056.117857] Initial branch length optimization
[00:01:16 -59773.132729] Model parameter optimization (eps = 10.000000)
[00:01:17 -56840.817618] AUTODETECT spr round 1 (radius: 5)
[00:01:17 -56831.275783] AUTODETECT spr round 2 (radius: 10)
[00:01:17 -56831.272694] SPR radius for FAST iterations: 5 (autodetect)
[00:01:17 -56831.272694] Model parameter optimization (eps = 3.000000)
[00:01:17 -56824.664065] FAST spr round 1 (radius: 5)
[00:01:18 -56824.625778] Model parameter optimization (eps = 1.000000)
[00:01:18 -56822.285951] SLOW spr round 1 (radius: 5)
[00:01:19 -56822.266245] SLOW spr round 2 (radius: 10)
[00:01:20 -56822.265763] SLOW spr round 3 (radius: 15)
[00:01:21 -56822.265173] SLOW spr round 4 (radius: 20)
[00:01:22 -56822.265173] SLOW spr round 5 (radius: 25)
[00:01:22 -56822.265173] Model parameter optimization (eps = 0.100000)

[00:01:22] ML tree search #11, logLikelihood: -56821.103124

[00:01:22 -195057.632935] Initial branch length optimization
[00:01:22 -59772.376378] Model parameter optimization (eps = 10.000000)
[00:01:23 -56838.783475] AUTODETECT spr round 1 (radius: 5)
[00:01:23 -56838.041688] AUTODETECT spr round 2 (radius: 10)
[00:01:23 -56830.988169] AUTODETECT spr round 3 (radius: 15)
[00:01:24 -56830.973207] SPR radius for FAST iterations: 10 (autodetect)
[00:01:24 -56830.973207] Model parameter optimization (eps = 3.000000)
[00:01:24 -56824.536591] FAST spr round 1 (radius: 10)
[00:01:25 -56824.512863] Model parameter optimization (eps = 1.000000)
[00:01:25 -56822.243859] SLOW spr round 1 (radius: 5)
[00:01:26 -56822.224363] SLOW spr round 2 (radius: 10)
[00:01:27 -56822.223313] SLOW spr round 3 (radius: 15)
[00:01:28 -56822.223168] SLOW spr round 4 (radius: 20)
[00:01:28 -56822.223168] SLOW spr round 5 (radius: 25)
[00:01:29 -56822.223168] Model parameter optimization (eps = 0.100000)

[00:01:29] ML tree search #12, logLikelihood: -56821.101102

[00:01:29 -195055.689088] Initial branch length optimization
[00:01:29 -59764.124717] Model parameter optimization (eps = 10.000000)
[00:01:30 -56833.462109] AUTODETECT spr round 1 (radius: 5)
[00:01:30 -56833.182290] AUTODETECT spr round 2 (radius: 10)
[00:01:30 -56833.182242] SPR radius for FAST iterations: 5 (autodetect)
[00:01:30 -56833.182242] Model parameter optimization (eps = 3.000000)
[00:01:31 -56826.409099] FAST spr round 1 (radius: 5)
[00:01:31 -56826.394175] Model parameter optimization (eps = 1.000000)
[00:01:31 -56823.936921] SLOW spr round 1 (radius: 5)
[00:01:32 -56823.921896] SLOW spr round 2 (radius: 10)
[00:01:33 -56823.920045] SLOW spr round 3 (radius: 15)
[00:01:34 -56823.920045] SLOW spr round 4 (radius: 20)
[00:01:35 -56823.920045] SLOW spr round 5 (radius: 25)
[00:01:35 -56823.920045] Model parameter optimization (eps = 0.100000)

[00:01:36] ML tree search #13, logLikelihood: -56822.682197

[00:01:36 -195054.320970] Initial branch length optimization
[00:01:36 -59765.767963] Model parameter optimization (eps = 10.000000)
[00:01:36 -56834.480688] AUTODETECT spr round 1 (radius: 5)
[00:01:37 -56834.467724] SPR radius for FAST iterations: 5 (autodetect)
[00:01:37 -56834.467724] Model parameter optimization (eps = 3.000000)
[00:01:37 -56827.614213] FAST spr round 1 (radius: 5)
[00:01:37 -56827.587910] Model parameter optimization (eps = 1.000000)
[00:01:37 -56825.121757] SLOW spr round 1 (radius: 5)
[00:01:38 -56823.832686] SLOW spr round 2 (radius: 5)
[00:01:39 -56822.227344] SLOW spr round 3 (radius: 5)
[00:01:40 -56822.225818] SLOW spr round 4 (radius: 10)
[00:01:41 -56822.211449] SLOW spr round 5 (radius: 15)
[00:01:42 -56822.211449] SLOW spr round 6 (radius: 20)
[00:01:43 -56822.211449] SLOW spr round 7 (radius: 25)
[00:01:43 -56822.211449] Model parameter optimization (eps = 0.100000)

[00:01:44] ML tree search #14, logLikelihood: -56821.158179

[00:01:44 -195053.998859] Initial branch length optimization
[00:01:44 -59762.054903] Model parameter optimization (eps = 10.000000)
[00:01:44 -56831.486468] AUTODETECT spr round 1 (radius: 5)
[00:01:44 -56831.470026] SPR radius for FAST iterations: 5 (autodetect)
[00:01:44 -56831.470026] Model parameter optimization (eps = 3.000000)
[00:01:45 -56824.746465] FAST spr round 1 (radius: 5)
[00:01:45 -56824.719671] Model parameter optimization (eps = 1.000000)
[00:01:45 -56822.328383] SLOW spr round 1 (radius: 5)
[00:01:46 -56822.309793] SLOW spr round 2 (radius: 10)
[00:01:47 -56822.308992] SLOW spr round 3 (radius: 15)
[00:01:48 -56822.308695] SLOW spr round 4 (radius: 20)
[00:01:49 -56822.308695] SLOW spr round 5 (radius: 25)
[00:01:49 -56822.308695] Model parameter optimization (eps = 0.100000)

[00:01:50] ML tree search #15, logLikelihood: -56821.120782

[00:01:50 -195051.835003] Initial branch length optimization
[00:01:50 -59762.212273] Model parameter optimization (eps = 10.000000)
[00:01:50 -56831.551803] AUTODETECT spr round 1 (radius: 5)
[00:01:50 -56831.538102] SPR radius for FAST iterations: 5 (autodetect)
[00:01:50 -56831.538102] Model parameter optimization (eps = 3.000000)
[00:01:50 -56824.811550] FAST spr round 1 (radius: 5)
[00:01:51 -56824.785794] Model parameter optimization (eps = 1.000000)
[00:01:51 -56822.367312] SLOW spr round 1 (radius: 5)
[00:01:52 -56822.349129] SLOW spr round 2 (radius: 10)
[00:01:53 -56822.333602] SLOW spr round 3 (radius: 15)
[00:01:54 -56822.333602] SLOW spr round 4 (radius: 20)
[00:01:54 -56822.333602] SLOW spr round 5 (radius: 25)
[00:01:55 -56822.333602] Model parameter optimization (eps = 0.100000)

[00:01:55] ML tree search #16, logLikelihood: -56821.106441



Final LogLikelihood: -56820.993310

AIC score: 113969.986619 / AICc score: 113971.853921 / BIC score: 115327.929838
Free parameters (model + branch lengths): 164

Best ML tree saved to: /home/hikoyu/analysis/Genome/SARS-CoV-2/phylogeny/RAxML-NG/DNA/univ/3rd/SARS-CoV-2_200318.4.raxml.bestTree
All ML trees saved to: /home/hikoyu/analysis/Genome/SARS-CoV-2/phylogeny/RAxML-NG/DNA/univ/3rd/SARS-CoV-2_200318.4.raxml.mlTrees
Optimized model saved to: /home/hikoyu/analysis/Genome/SARS-CoV-2/phylogeny/RAxML-NG/DNA/univ/3rd/SARS-CoV-2_200318.4.raxml.bestModel

Execution log saved to: /home/hikoyu/analysis/Genome/SARS-CoV-2/phylogeny/RAxML-NG/DNA/univ/3rd/SARS-CoV-2_200318.4.raxml.log

Analysis started: 19-Mar-2020 02:28:49 / finished: 19-Mar-2020 02:30:45

Elapsed time: 115.718 seconds

