
RAxML-NG v. 0.9.0 released on 20.05.2019 by The Exelixis Lab.
Developed by: Alexey M. Kozlov and Alexandros Stamatakis.
Contributors: Diego Darriba, Tomas Flouri, Benoit Morel, Sarah Lutteropp, Ben Bettisworth.
Latest version: https://github.com/amkozlov/raxml-ng
Questions/problems/suggestions? Please visit: https://groups.google.com/forum/#!forum/raxml

RAxML-NG was called at 11-Mar-2020 02:12:33 as follows:

raxml-ng --threads 1 --bootstrap --bs-trees 83 --seed 1241191056 --prefix phylogeny/RAxML-NG/DNA/univ/3rd/SARS-CoV-2_200311.8 --msa phylogeny/RAxML-NG/DNA/univ/3rd/SARS-CoV-2_200311.raxml.rba --outgroup MG772933.1

Analysis options:
  run mode: Bootstrapping
  start tree(s): 
  bootstrap replicates: 83
  random seed: 1241191056
  tip-inner: OFF
  pattern compression: ON
  per-rate scalers: OFF
  site repeats: ON
  branch lengths: proportional (ML estimate, algorithm: NR-FAST)
  SIMD kernels: AVX2
  parallelization: NONE/sequential

[00:00:00] Loading binary alignment from file: phylogeny/RAxML-NG/DNA/univ/3rd/SARS-CoV-2_200311.raxml.rba
[00:00:00] Alignment comprises 64 taxa, 2 partitions and 251 patterns

Partition 0: p1_p2
Model: GTR+FO+I+B
Alignment sites / patterns: 19430 / 130
Gaps: 0.05 %
Invariant sites: 94.66 %

Partition 1: p3
Model: GTR+FO+I+B
Alignment sites / patterns: 9715 / 121
Gaps: 0.05 %
Invariant sites: 68.22 %


[00:00:00] Data distribution: max. partitions/sites/weight per thread: 2 / 251 / 1004
[00:00:00] Starting bootstrapping analysis with 83 replicates.

[00:00:04] Bootstrap tree #1, logLikelihood: -56943.670664
[00:00:09] Bootstrap tree #2, logLikelihood: -56099.623701
[00:00:14] Bootstrap tree #3, logLikelihood: -57198.744483
[00:00:18] Bootstrap tree #4, logLikelihood: -56134.825930
[00:00:22] Bootstrap tree #5, logLikelihood: -56826.695563
[00:00:25] Bootstrap tree #6, logLikelihood: -56564.352518
[00:00:29] Bootstrap tree #7, logLikelihood: -57012.166427
[00:00:33] Bootstrap tree #8, logLikelihood: -56715.456255
[00:00:38] Bootstrap tree #9, logLikelihood: -56262.606167
[00:00:42] Bootstrap tree #10, logLikelihood: -56478.132349
[00:00:46] Bootstrap tree #11, logLikelihood: -56459.355669
[00:00:52] Bootstrap tree #12, logLikelihood: -56453.952609
[00:00:56] Bootstrap tree #13, logLikelihood: -56591.843213
[00:01:00] Bootstrap tree #14, logLikelihood: -57017.570592
[00:01:05] Bootstrap tree #15, logLikelihood: -56633.088423
[00:01:10] Bootstrap tree #16, logLikelihood: -56230.826270
[00:01:15] Bootstrap tree #17, logLikelihood: -56519.042814
[00:01:19] Bootstrap tree #18, logLikelihood: -56622.302442
[00:01:22] Bootstrap tree #19, logLikelihood: -56354.288614
[00:01:27] Bootstrap tree #20, logLikelihood: -56485.164315
[00:01:30] Bootstrap tree #21, logLikelihood: -56356.377165
[00:01:35] Bootstrap tree #22, logLikelihood: -56612.297226
[00:01:40] Bootstrap tree #23, logLikelihood: -56468.680320
[00:01:46] Bootstrap tree #24, logLikelihood: -56622.727876
[00:01:53] Bootstrap tree #25, logLikelihood: -56560.135223
[00:01:56] Bootstrap tree #26, logLikelihood: -56256.632517
[00:02:01] Bootstrap tree #27, logLikelihood: -56551.080915
[00:02:05] Bootstrap tree #28, logLikelihood: -56914.945329
[00:02:08] Bootstrap tree #29, logLikelihood: -56393.265298
[00:02:13] Bootstrap tree #30, logLikelihood: -56721.573435
[00:02:18] Bootstrap tree #31, logLikelihood: -56768.596941
[00:02:23] Bootstrap tree #32, logLikelihood: -56393.512606
[00:02:26] Bootstrap tree #33, logLikelihood: -56055.652307
[00:02:30] Bootstrap tree #34, logLikelihood: -56702.342040
[00:02:34] Bootstrap tree #35, logLikelihood: -56263.637060
[00:02:39] Bootstrap tree #36, logLikelihood: -56358.495648
[00:02:44] Bootstrap tree #37, logLikelihood: -56953.751502
[00:02:49] Bootstrap tree #38, logLikelihood: -56378.824720
[00:02:53] Bootstrap tree #39, logLikelihood: -56397.147009
[00:02:57] Bootstrap tree #40, logLikelihood: -56629.343845
[00:03:01] Bootstrap tree #41, logLikelihood: -56517.893047
[00:03:05] Bootstrap tree #42, logLikelihood: -56567.333596
[00:03:09] Bootstrap tree #43, logLikelihood: -56381.548490
[00:03:12] Bootstrap tree #44, logLikelihood: -56782.231535
[00:03:16] Bootstrap tree #45, logLikelihood: -56450.426540
[00:03:20] Bootstrap tree #46, logLikelihood: -56224.272243
[00:03:24] Bootstrap tree #47, logLikelihood: -56788.148951
[00:03:28] Bootstrap tree #48, logLikelihood: -56486.696468
[00:03:32] Bootstrap tree #49, logLikelihood: -56606.311367
[00:03:37] Bootstrap tree #50, logLikelihood: -57040.640710
[00:03:42] Bootstrap tree #51, logLikelihood: -56625.547332
[00:03:46] Bootstrap tree #52, logLikelihood: -56751.989085
[00:03:52] Bootstrap tree #53, logLikelihood: -56575.858532
[00:03:57] Bootstrap tree #54, logLikelihood: -56609.156908
[00:04:01] Bootstrap tree #55, logLikelihood: -56158.235084
[00:04:06] Bootstrap tree #56, logLikelihood: -56450.716910
[00:04:13] Bootstrap tree #57, logLikelihood: -56331.174781
[00:04:18] Bootstrap tree #58, logLikelihood: -56859.055758
[00:04:22] Bootstrap tree #59, logLikelihood: -56356.978357
[00:04:25] Bootstrap tree #60, logLikelihood: -56775.323315
[00:04:29] Bootstrap tree #61, logLikelihood: -56285.712959
[00:04:34] Bootstrap tree #62, logLikelihood: -56485.369124
[00:04:38] Bootstrap tree #63, logLikelihood: -56162.922937
[00:04:44] Bootstrap tree #64, logLikelihood: -56936.563362
[00:04:47] Bootstrap tree #65, logLikelihood: -56459.241506
[00:04:52] Bootstrap tree #66, logLikelihood: -56527.731493
[00:04:56] Bootstrap tree #67, logLikelihood: -56277.746856
[00:05:01] Bootstrap tree #68, logLikelihood: -56629.853775
[00:05:05] Bootstrap tree #69, logLikelihood: -56644.485056
[00:05:09] Bootstrap tree #70, logLikelihood: -56269.611020
[00:05:13] Bootstrap tree #71, logLikelihood: -56649.289837
[00:05:17] Bootstrap tree #72, logLikelihood: -56223.718669
[00:05:24] Bootstrap tree #73, logLikelihood: -56349.214834
[00:05:28] Bootstrap tree #74, logLikelihood: -56758.852572
[00:05:33] Bootstrap tree #75, logLikelihood: -57117.081038
[00:05:37] Bootstrap tree #76, logLikelihood: -57096.277943
[00:05:41] Bootstrap tree #77, logLikelihood: -56893.844568
[00:05:45] Bootstrap tree #78, logLikelihood: -56812.763067
[00:05:49] Bootstrap tree #79, logLikelihood: -56256.078108
[00:05:53] Bootstrap tree #80, logLikelihood: -56441.552507
[00:05:57] Bootstrap tree #81, logLikelihood: -56791.145592
[00:06:00] Bootstrap tree #82, logLikelihood: -56207.134086
[00:06:04] Bootstrap tree #83, logLikelihood: -56603.855702

Bootstrap trees saved to: /home/hikoyu/analysis/Genome/SARS-CoV-2/phylogeny/RAxML-NG/DNA/univ/3rd/SARS-CoV-2_200311.8.raxml.bootstraps

Execution log saved to: /home/hikoyu/analysis/Genome/SARS-CoV-2/phylogeny/RAxML-NG/DNA/univ/3rd/SARS-CoV-2_200311.8.raxml.log

Analysis started: 11-Mar-2020 02:12:33 / finished: 11-Mar-2020 02:18:38

Elapsed time: 364.690 seconds

