
RAxML-NG v. 0.9.0 released on 20.05.2019 by The Exelixis Lab.
Developed by: Alexey M. Kozlov and Alexandros Stamatakis.
Contributors: Diego Darriba, Tomas Flouri, Benoit Morel, Sarah Lutteropp, Ben Bettisworth.
Latest version: https://github.com/amkozlov/raxml-ng
Questions/problems/suggestions? Please visit: https://groups.google.com/forum/#!forum/raxml

RAxML-NG was called at 16-Apr-2020 21:40:52 as follows:

raxml-ng --threads 1 --support --tree phylogeny/RAxML-NG/DNA/univ/3rd/SARS-CoV-2_200414.10.raxml.bestTree --bs-trees phylogeny/RAxML-NG/DNA/univ/3rd/SARS-CoV-2_200414.raxml.bootstraps --prefix phylogeny/RAxML-NG/DNA/univ/3rd/SARS-CoV-2_200414 --outgroup MG772933.1

Analysis options:
  run mode: Compute bipartition support (Felsenstein Bootstrap)
  start tree(s): user
  random seed: 1587040852
  SIMD kernels: AVX2
  parallelization: NONE/sequential

Reading reference tree from file: phylogeny/RAxML-NG/DNA/univ/3rd/SARS-CoV-2_200414.10.raxml.bestTree
Reference tree size: 376

Reading bootstrap trees from file: phylogeny/RAxML-NG/DNA/univ/3rd/SARS-CoV-2_200414.raxml.bootstraps
Loaded 1000 trees with 376 taxa.

Best ML tree with Felsenstein bootstrap (FBP) support values saved to: /home/hikoyu/analysis/Genome/SARS-CoV-2/phylogeny/RAxML-NG/DNA/univ/3rd/SARS-CoV-2_200414.raxml.support

Execution log saved to: /home/hikoyu/analysis/Genome/SARS-CoV-2/phylogeny/RAxML-NG/DNA/univ/3rd/SARS-CoV-2_200414.raxml.log

Analysis started: 16-Apr-2020 21:40:52 / finished: 16-Apr-2020 21:40:53

Elapsed time: 0.816 seconds

