
RAxML-NG v. 0.9.0 released on 20.05.2019 by The Exelixis Lab.
Developed by: Alexey M. Kozlov and Alexandros Stamatakis.
Contributors: Diego Darriba, Tomas Flouri, Benoit Morel, Sarah Lutteropp, Ben Bettisworth.
Latest version: https://github.com/amkozlov/raxml-ng
Questions/problems/suggestions? Please visit: https://groups.google.com/forum/#!forum/raxml

RAxML-NG was called at 19-Mar-2020 02:51:55 as follows:

raxml-ng --threads 1 --bootstrap --bs-trees 83 --seed 4018499547 --prefix phylogeny/RAxML-NG/DNA/univ/3rd/SARS-CoV-2_200318.11 --msa phylogeny/RAxML-NG/DNA/univ/3rd/SARS-CoV-2_200318.raxml.rba --outgroup MG772933.1

Analysis options:
  run mode: Bootstrapping
  start tree(s): 
  bootstrap replicates: 83
  random seed: 4018499547
  tip-inner: OFF
  pattern compression: ON
  per-rate scalers: OFF
  site repeats: ON
  branch lengths: proportional (ML estimate, algorithm: NR-FAST)
  SIMD kernels: AVX2
  parallelization: NONE/sequential

[00:00:00] Loading binary alignment from file: phylogeny/RAxML-NG/DNA/univ/3rd/SARS-CoV-2_200318.raxml.rba
[00:00:00] Alignment comprises 74 taxa, 2 partitions and 271 patterns

Partition 0: p1_p2
Model: GTR+FO+G4m+B
Alignment sites / patterns: 19432 / 140
Gaps: 0.06 %
Invariant sites: 94.62 %

Partition 1: p3
Model: GTR+FO+I+B
Alignment sites / patterns: 9716 / 131
Gaps: 0.06 %
Invariant sites: 68.17 %


[00:00:00] Data distribution: max. partitions/sites/weight per thread: 2 / 271 / 2764
[00:00:00] Starting bootstrapping analysis with 83 replicates.

[00:00:05] Bootstrap tree #1, logLikelihood: -56761.321794
[00:00:12] Bootstrap tree #2, logLikelihood: -56242.298048
[00:00:18] Bootstrap tree #3, logLikelihood: -56564.181024
[00:00:24] Bootstrap tree #4, logLikelihood: -57053.988491
[00:00:30] Bootstrap tree #5, logLikelihood: -56541.343225
[00:00:39] Bootstrap tree #6, logLikelihood: -56829.283116
[00:00:45] Bootstrap tree #7, logLikelihood: -57157.939623
[00:00:51] Bootstrap tree #8, logLikelihood: -56546.833419
[00:00:58] Bootstrap tree #9, logLikelihood: -56583.759055
[00:01:05] Bootstrap tree #10, logLikelihood: -56507.380306
[00:01:12] Bootstrap tree #11, logLikelihood: -56449.122521
[00:01:21] Bootstrap tree #12, logLikelihood: -57210.349228
[00:01:29] Bootstrap tree #13, logLikelihood: -56591.828715
[00:01:36] Bootstrap tree #14, logLikelihood: -56931.165266
[00:01:43] Bootstrap tree #15, logLikelihood: -56863.684167
[00:01:50] Bootstrap tree #16, logLikelihood: -57099.093728
[00:01:56] Bootstrap tree #17, logLikelihood: -56252.918636
[00:02:02] Bootstrap tree #18, logLikelihood: -56606.203442
[00:02:07] Bootstrap tree #19, logLikelihood: -56265.198814
[00:02:14] Bootstrap tree #20, logLikelihood: -56395.758764
[00:02:20] Bootstrap tree #21, logLikelihood: -56320.382936
[00:02:26] Bootstrap tree #22, logLikelihood: -56845.275014
[00:02:33] Bootstrap tree #23, logLikelihood: -56575.571430
[00:02:40] Bootstrap tree #24, logLikelihood: -56765.809972
[00:02:46] Bootstrap tree #25, logLikelihood: -56370.467951
[00:02:52] Bootstrap tree #26, logLikelihood: -56530.098509
[00:02:59] Bootstrap tree #27, logLikelihood: -56920.114385
[00:03:06] Bootstrap tree #28, logLikelihood: -56872.088455
[00:03:11] Bootstrap tree #29, logLikelihood: -56696.380862
[00:03:17] Bootstrap tree #30, logLikelihood: -56956.823190
[00:03:24] Bootstrap tree #31, logLikelihood: -56773.079432
[00:03:32] Bootstrap tree #32, logLikelihood: -56646.646344
[00:03:38] Bootstrap tree #33, logLikelihood: -56642.593264
[00:03:45] Bootstrap tree #34, logLikelihood: -56461.349581
[00:03:52] Bootstrap tree #35, logLikelihood: -56774.713339
[00:03:58] Bootstrap tree #36, logLikelihood: -56442.230764
[00:04:03] Bootstrap tree #37, logLikelihood: -56499.931784
[00:04:09] Bootstrap tree #38, logLikelihood: -56502.832255
[00:04:16] Bootstrap tree #39, logLikelihood: -57085.709375
[00:04:23] Bootstrap tree #40, logLikelihood: -56694.750325
[00:04:30] Bootstrap tree #41, logLikelihood: -56458.144686
[00:04:37] Bootstrap tree #42, logLikelihood: -56694.691029
[00:04:44] Bootstrap tree #43, logLikelihood: -56814.850223
[00:04:51] Bootstrap tree #44, logLikelihood: -56724.059126
[00:04:58] Bootstrap tree #45, logLikelihood: -56789.388056
[00:05:04] Bootstrap tree #46, logLikelihood: -56924.606438
[00:05:11] Bootstrap tree #47, logLikelihood: -56912.327730
[00:05:18] Bootstrap tree #48, logLikelihood: -57056.672375
[00:05:25] Bootstrap tree #49, logLikelihood: -56666.981012
[00:05:31] Bootstrap tree #50, logLikelihood: -56977.770043
[00:05:37] Bootstrap tree #51, logLikelihood: -56204.383054
[00:05:44] Bootstrap tree #52, logLikelihood: -57006.084978
[00:05:51] Bootstrap tree #53, logLikelihood: -56729.320097
[00:05:58] Bootstrap tree #54, logLikelihood: -56693.747225
[00:06:04] Bootstrap tree #55, logLikelihood: -57130.683654
[00:06:09] Bootstrap tree #56, logLikelihood: -56878.900250
[00:06:18] Bootstrap tree #57, logLikelihood: -57133.757712
[00:06:24] Bootstrap tree #58, logLikelihood: -56649.464934
[00:06:31] Bootstrap tree #59, logLikelihood: -56647.207367
[00:06:35] Bootstrap tree #60, logLikelihood: -56816.568117
[00:06:46] Bootstrap tree #61, logLikelihood: -56681.599219
[00:06:52] Bootstrap tree #62, logLikelihood: -56429.947194
[00:06:58] Bootstrap tree #63, logLikelihood: -57069.874147
[00:07:05] Bootstrap tree #64, logLikelihood: -56749.914877
[00:07:16] Bootstrap tree #65, logLikelihood: -57106.057803
[00:07:21] Bootstrap tree #66, logLikelihood: -56516.588322
[00:07:27] Bootstrap tree #67, logLikelihood: -56930.417715
[00:07:34] Bootstrap tree #68, logLikelihood: -56529.096753
[00:07:40] Bootstrap tree #69, logLikelihood: -56467.511228
[00:07:46] Bootstrap tree #70, logLikelihood: -56805.093933
[00:07:52] Bootstrap tree #71, logLikelihood: -56838.210664
[00:07:58] Bootstrap tree #72, logLikelihood: -57113.750023
[00:08:06] Bootstrap tree #73, logLikelihood: -56445.509056
[00:08:12] Bootstrap tree #74, logLikelihood: -56620.603996
[00:08:18] Bootstrap tree #75, logLikelihood: -56650.603795
[00:08:23] Bootstrap tree #76, logLikelihood: -56392.640967
[00:08:30] Bootstrap tree #77, logLikelihood: -56042.503610
[00:08:35] Bootstrap tree #78, logLikelihood: -56450.564154
[00:08:40] Bootstrap tree #79, logLikelihood: -57145.271756
[00:08:46] Bootstrap tree #80, logLikelihood: -57201.136385
[00:08:52] Bootstrap tree #81, logLikelihood: -56869.136281
[00:09:00] Bootstrap tree #82, logLikelihood: -56848.521099
[00:09:04] Bootstrap tree #83, logLikelihood: -56240.928449

Bootstrap trees saved to: /home/hikoyu/analysis/Genome/SARS-CoV-2/phylogeny/RAxML-NG/DNA/univ/3rd/SARS-CoV-2_200318.11.raxml.bootstraps

Execution log saved to: /home/hikoyu/analysis/Genome/SARS-CoV-2/phylogeny/RAxML-NG/DNA/univ/3rd/SARS-CoV-2_200318.11.raxml.log

Analysis started: 19-Mar-2020 02:51:55 / finished: 19-Mar-2020 03:01:00

Elapsed time: 544.867 seconds

