
RAxML-NG v. 0.9.0 released on 20.05.2019 by The Exelixis Lab.
Developed by: Alexey M. Kozlov and Alexandros Stamatakis.
Contributors: Diego Darriba, Tomas Flouri, Benoit Morel, Sarah Lutteropp, Ben Bettisworth.
Latest version: https://github.com/amkozlov/raxml-ng
Questions/problems/suggestions? Please visit: https://groups.google.com/forum/#!forum/raxml

RAxML-NG was called at 16-Mar-2020 01:13:44 as follows:

raxml-ng --threads 1 --search --tree rand{8},pars{8} --seed 647958855 --prefix phylogeny/RAxML-NG/DNA/univ/3rd/SARS-CoV-2_200314.5 --msa phylogeny/RAxML-NG/DNA/univ/3rd/SARS-CoV-2_200314.raxml.rba --outgroup MG772933.1

Analysis options:
  run mode: ML tree search
  start tree(s): random (8) + parsimony (8)
  random seed: 647958855
  tip-inner: OFF
  pattern compression: ON
  per-rate scalers: OFF
  site repeats: ON
  fast spr radius: AUTO
  spr subtree cutoff: 1.000000
  branch lengths: proportional (ML estimate, algorithm: NR-FAST)
  SIMD kernels: AVX2
  parallelization: NONE/sequential

[00:00:00] Loading binary alignment from file: phylogeny/RAxML-NG/DNA/univ/3rd/SARS-CoV-2_200314.raxml.rba
[00:00:00] Alignment comprises 89 taxa, 2 partitions and 281 patterns

Partition 0: p1_p2
Model: GTR+FO+G4m+B
Alignment sites / patterns: 19430 / 146
Gaps: 0.05 %
Invariant sites: 94.60 %

Partition 1: p3
Model: GTR+FO+I+B
Alignment sites / patterns: 9715 / 135
Gaps: 0.05 %
Invariant sites: 68.14 %


[00:00:00] Generating 8 random starting tree(s) with 89 taxa
[00:00:00] Generating 8 parsimony starting tree(s) with 89 taxa
[00:00:00] Data distribution: max. partitions/sites/weight per thread: 2 / 281 / 2876

Starting ML tree search with 16 distinct starting trees

[00:00:00 -218969.403301] Initial branch length optimization
[00:00:00 -61219.434949] Model parameter optimization (eps = 10.000000)
[00:00:00 -57903.137595] AUTODETECT spr round 1 (radius: 5)
[00:00:00 -57465.920208] AUTODETECT spr round 2 (radius: 10)
[00:00:01 -57128.658715] AUTODETECT spr round 3 (radius: 15)
[00:00:01 -57097.541806] AUTODETECT spr round 4 (radius: 20)
[00:00:02 -57044.001150] AUTODETECT spr round 5 (radius: 25)
[00:00:02 -57044.001149] SPR radius for FAST iterations: 20 (autodetect)
[00:00:02 -57044.001149] Model parameter optimization (eps = 3.000000)
[00:00:02 -57037.343288] FAST spr round 1 (radius: 20)
[00:00:04 -56928.443539] FAST spr round 2 (radius: 20)
[00:00:05 -56928.440443] Model parameter optimization (eps = 1.000000)
[00:00:05 -56928.342634] SLOW spr round 1 (radius: 5)
[00:00:06 -56928.334911] SLOW spr round 2 (radius: 10)
[00:00:07 -56928.334891] SLOW spr round 3 (radius: 15)
[00:00:09 -56928.334891] SLOW spr round 4 (radius: 20)
[00:00:10 -56928.334891] SLOW spr round 5 (radius: 25)
[00:00:10 -56928.334891] Model parameter optimization (eps = 0.100000)

[00:00:10] ML tree search #1, logLikelihood: -56928.309161

[00:00:10 -218998.293966] Initial branch length optimization
[00:00:10 -61307.239590] Model parameter optimization (eps = 10.000000)
[00:00:11 -57969.825659] AUTODETECT spr round 1 (radius: 5)
[00:00:11 -57466.624966] AUTODETECT spr round 2 (radius: 10)
[00:00:12 -57214.149636] AUTODETECT spr round 3 (radius: 15)
[00:00:12 -57166.890086] AUTODETECT spr round 4 (radius: 20)
[00:00:13 -57166.884505] SPR radius for FAST iterations: 15 (autodetect)
[00:00:13 -57166.884505] Model parameter optimization (eps = 3.000000)
[00:00:13 -57163.012136] FAST spr round 1 (radius: 15)
[00:00:14 -56933.578107] FAST spr round 2 (radius: 15)
[00:00:15 -56933.345506] FAST spr round 3 (radius: 15)
[00:00:16 -56933.345405] Model parameter optimization (eps = 1.000000)
[00:00:16 -56928.779243] SLOW spr round 1 (radius: 5)
[00:00:17 -56928.767263] SLOW spr round 2 (radius: 10)
[00:00:19 -56928.767083] SLOW spr round 3 (radius: 15)
[00:00:20 -56928.766765] SLOW spr round 4 (radius: 20)
[00:00:20 -56928.766765] SLOW spr round 5 (radius: 25)
[00:00:21 -56928.766765] Model parameter optimization (eps = 0.100000)

[00:00:22] ML tree search #2, logLikelihood: -56928.348679

[00:00:22 -218976.475270] Initial branch length optimization
[00:00:22 -61283.510066] Model parameter optimization (eps = 10.000000)
[00:00:22 -57954.625935] AUTODETECT spr round 1 (radius: 5)
[00:00:22 -57294.635036] AUTODETECT spr round 2 (radius: 10)
[00:00:23 -57145.668670] AUTODETECT spr round 3 (radius: 15)
[00:00:23 -57109.542806] AUTODETECT spr round 4 (radius: 20)
[00:00:24 -57083.516557] AUTODETECT spr round 5 (radius: 25)
[00:00:24 -57083.516557] SPR radius for FAST iterations: 20 (autodetect)
[00:00:24 -57083.516557] Model parameter optimization (eps = 3.000000)
[00:00:24 -57076.523017] FAST spr round 1 (radius: 20)
[00:00:26 -56928.456104] FAST spr round 2 (radius: 20)
[00:00:27 -56928.451495] Model parameter optimization (eps = 1.000000)
[00:00:27 -56928.361834] SLOW spr round 1 (radius: 5)
[00:00:28 -56928.350988] SLOW spr round 2 (radius: 10)
[00:00:29 -56928.350968] SLOW spr round 3 (radius: 15)
[00:00:31 -56928.350967] SLOW spr round 4 (radius: 20)
[00:00:31 -56928.350967] SLOW spr round 5 (radius: 25)
[00:00:32 -56928.350967] Model parameter optimization (eps = 0.100000)

[00:00:32] ML tree search #3, logLikelihood: -56928.319125

[00:00:32 -218991.921873] Initial branch length optimization
[00:00:32 -61290.043298] Model parameter optimization (eps = 10.000000)
[00:00:33 -57955.970566] AUTODETECT spr round 1 (radius: 5)
[00:00:33 -57387.268868] AUTODETECT spr round 2 (radius: 10)
[00:00:33 -57191.813854] AUTODETECT spr round 3 (radius: 15)
[00:00:34 -57125.531034] AUTODETECT spr round 4 (radius: 20)
[00:00:34 -57066.456061] AUTODETECT spr round 5 (radius: 25)
[00:00:35 -57066.456058] SPR radius for FAST iterations: 20 (autodetect)
[00:00:35 -57066.456058] Model parameter optimization (eps = 3.000000)
[00:00:35 -57059.316877] FAST spr round 1 (radius: 20)
[00:00:36 -56928.497646] FAST spr round 2 (radius: 20)
[00:00:37 -56928.491649] Model parameter optimization (eps = 1.000000)
[00:00:37 -56928.380208] SLOW spr round 1 (radius: 5)
[00:00:39 -56928.372462] SLOW spr round 2 (radius: 10)
[00:00:40 -56928.372438] SLOW spr round 3 (radius: 15)
[00:00:41 -56928.372438] SLOW spr round 4 (radius: 20)
[00:00:42 -56928.372438] SLOW spr round 5 (radius: 25)
[00:00:43 -56928.372438] Model parameter optimization (eps = 0.100000)

[00:00:43] ML tree search #4, logLikelihood: -56928.332440

[00:00:43 -218971.758210] Initial branch length optimization
[00:00:43 -61209.701313] Model parameter optimization (eps = 10.000000)
[00:00:43 -57894.097613] AUTODETECT spr round 1 (radius: 5)
[00:00:44 -57506.851497] AUTODETECT spr round 2 (radius: 10)
[00:00:44 -57190.834289] AUTODETECT spr round 3 (radius: 15)
[00:00:45 -57006.629801] AUTODETECT spr round 4 (radius: 20)
[00:00:45 -56965.324257] AUTODETECT spr round 5 (radius: 25)
[00:00:46 -56965.324120] SPR radius for FAST iterations: 20 (autodetect)
[00:00:46 -56965.324120] Model parameter optimization (eps = 3.000000)
[00:00:46 -56958.367814] FAST spr round 1 (radius: 20)
[00:00:47 -56928.374126] FAST spr round 2 (radius: 20)
[00:00:48 -56928.371853] Model parameter optimization (eps = 1.000000)
[00:00:48 -56928.318689] SLOW spr round 1 (radius: 5)
[00:00:50 -56928.316280] SLOW spr round 2 (radius: 10)
[00:00:51 -56928.316265] SLOW spr round 3 (radius: 15)
[00:00:53 -56928.316264] SLOW spr round 4 (radius: 20)
[00:00:53 -56928.316264] SLOW spr round 5 (radius: 25)
[00:00:54 -56928.316264] Model parameter optimization (eps = 0.100000)

[00:00:54] ML tree search #5, logLikelihood: -56928.297890

[00:00:54 -218986.888935] Initial branch length optimization
[00:00:54 -61259.329474] Model parameter optimization (eps = 10.000000)
[00:00:54 -57935.012259] AUTODETECT spr round 1 (radius: 5)
[00:00:54 -57441.889765] AUTODETECT spr round 2 (radius: 10)
[00:00:55 -57309.473542] AUTODETECT spr round 3 (radius: 15)
[00:00:56 -57187.960529] AUTODETECT spr round 4 (radius: 20)
[00:00:56 -57187.960527] SPR radius for FAST iterations: 15 (autodetect)
[00:00:56 -57187.960527] Model parameter optimization (eps = 3.000000)
[00:00:56 -57184.977718] FAST spr round 1 (radius: 15)
[00:00:57 -56933.331544] FAST spr round 2 (radius: 15)
[00:00:58 -56933.072323] FAST spr round 3 (radius: 15)
[00:00:59 -56933.063221] Model parameter optimization (eps = 1.000000)
[00:00:59 -56928.597383] SLOW spr round 1 (radius: 5)
[00:01:00 -56928.592697] SLOW spr round 2 (radius: 10)
[00:01:01 -56928.592581] SLOW spr round 3 (radius: 15)
[00:01:03 -56928.592578] SLOW spr round 4 (radius: 20)
[00:01:03 -56928.592578] SLOW spr round 5 (radius: 25)
[00:01:04 -56928.592578] Model parameter optimization (eps = 0.100000)

[00:01:05] ML tree search #6, logLikelihood: -56928.369385

[00:01:05 -219002.020884] Initial branch length optimization
[00:01:05 -61267.276886] Model parameter optimization (eps = 10.000000)
[00:01:05 -57943.176387] AUTODETECT spr round 1 (radius: 5)
[00:01:05 -57489.530766] AUTODETECT spr round 2 (radius: 10)
[00:01:06 -57307.855123] AUTODETECT spr round 3 (radius: 15)
[00:01:06 -57260.601077] AUTODETECT spr round 4 (radius: 20)
[00:01:07 -57206.000027] AUTODETECT spr round 5 (radius: 25)
[00:01:07 -57206.000024] SPR radius for FAST iterations: 20 (autodetect)
[00:01:07 -57206.000024] Model parameter optimization (eps = 3.000000)
[00:01:07 -57203.147966] FAST spr round 1 (radius: 20)
[00:01:09 -56933.042848] FAST spr round 2 (radius: 20)
[00:01:10 -56933.023642] Model parameter optimization (eps = 1.000000)
[00:01:10 -56928.625311] SLOW spr round 1 (radius: 5)
[00:01:11 -56928.615785] SLOW spr round 2 (radius: 10)
[00:01:12 -56928.615643] SLOW spr round 3 (radius: 15)
[00:01:13 -56928.615640] SLOW spr round 4 (radius: 20)
[00:01:14 -56928.615640] SLOW spr round 5 (radius: 25)
[00:01:15 -56928.615640] Model parameter optimization (eps = 0.100000)

[00:01:15] ML tree search #7, logLikelihood: -56928.376158

[00:01:15 -219007.283465] Initial branch length optimization
[00:01:15 -61307.091332] Model parameter optimization (eps = 10.000000)
[00:01:15 -57972.919322] AUTODETECT spr round 1 (radius: 5)
[00:01:16 -57463.440281] AUTODETECT spr round 2 (radius: 10)
[00:01:16 -57284.581651] AUTODETECT spr round 3 (radius: 15)
[00:01:17 -57053.771800] AUTODETECT spr round 4 (radius: 20)
[00:01:17 -57037.880843] AUTODETECT spr round 5 (radius: 25)
[00:01:17 -57037.880691] SPR radius for FAST iterations: 20 (autodetect)
[00:01:17 -57037.880691] Model parameter optimization (eps = 3.000000)
[00:01:18 -57030.528528] FAST spr round 1 (radius: 20)
[00:01:19 -56930.666347] FAST spr round 2 (radius: 20)
[00:01:20 -56928.423454] FAST spr round 3 (radius: 20)
[00:01:21 -56928.422807] Model parameter optimization (eps = 1.000000)
[00:01:21 -56928.351584] SLOW spr round 1 (radius: 5)
[00:01:22 -56928.343555] SLOW spr round 2 (radius: 10)
[00:01:23 -56928.343186] SLOW spr round 3 (radius: 15)
[00:01:24 -56928.343186] SLOW spr round 4 (radius: 20)
[00:01:25 -56928.343186] SLOW spr round 5 (radius: 25)
[00:01:26 -56928.343186] Model parameter optimization (eps = 0.100000)

[00:01:26] ML tree search #8, logLikelihood: -56928.314828

[00:01:26 -216884.482704] Initial branch length optimization
[00:01:26 -59872.284557] Model parameter optimization (eps = 10.000000)
[00:01:27 -56940.344313] AUTODETECT spr round 1 (radius: 5)
[00:01:27 -56940.021444] AUTODETECT spr round 2 (radius: 10)
[00:01:27 -56937.761729] AUTODETECT spr round 3 (radius: 15)
[00:01:28 -56937.761729] SPR radius for FAST iterations: 10 (autodetect)
[00:01:28 -56937.761729] Model parameter optimization (eps = 3.000000)
[00:01:28 -56931.563165] FAST spr round 1 (radius: 10)
[00:01:29 -56931.545436] Model parameter optimization (eps = 1.000000)
[00:01:29 -56929.450804] SLOW spr round 1 (radius: 5)
[00:01:30 -56929.432575] SLOW spr round 2 (radius: 10)
[00:01:32 -56929.428188] SLOW spr round 3 (radius: 15)
[00:01:33 -56929.427964] SLOW spr round 4 (radius: 20)
[00:01:34 -56929.427964] SLOW spr round 5 (radius: 25)
[00:01:35 -56929.427964] Model parameter optimization (eps = 0.100000)

[00:01:35] ML tree search #9, logLikelihood: -56928.444070

[00:01:35 -216884.396778] Initial branch length optimization
[00:01:35 -59872.163764] Model parameter optimization (eps = 10.000000)
[00:01:36 -56940.332247] AUTODETECT spr round 1 (radius: 5)
[00:01:36 -56940.003540] AUTODETECT spr round 2 (radius: 10)
[00:01:37 -56940.003524] SPR radius for FAST iterations: 5 (autodetect)
[00:01:37 -56940.003524] Model parameter optimization (eps = 3.000000)
[00:01:37 -56934.010626] FAST spr round 1 (radius: 5)
[00:01:37 -56933.995483] Model parameter optimization (eps = 1.000000)
[00:01:38 -56931.975495] SLOW spr round 1 (radius: 5)
[00:01:39 -56931.964231] SLOW spr round 2 (radius: 10)
[00:01:41 -56929.512471] SLOW spr round 3 (radius: 5)
[00:01:42 -56929.509988] SLOW spr round 4 (radius: 10)
[00:01:43 -56929.509574] SLOW spr round 5 (radius: 15)
[00:01:44 -56929.509574] SLOW spr round 6 (radius: 20)
[00:01:45 -56929.509574] SLOW spr round 7 (radius: 25)
[00:01:46 -56929.509574] Model parameter optimization (eps = 0.100000)

[00:01:46] ML tree search #10, logLikelihood: -56928.394486

[00:01:46 -216884.342366] Initial branch length optimization
[00:01:46 -59872.163167] Model parameter optimization (eps = 10.000000)
[00:01:47 -56937.914606] AUTODETECT spr round 1 (radius: 5)
[00:01:47 -56937.585128] AUTODETECT spr round 2 (radius: 10)
[00:01:48 -56937.585126] SPR radius for FAST iterations: 5 (autodetect)
[00:01:48 -56937.585126] Model parameter optimization (eps = 3.000000)
[00:01:48 -56931.499867] FAST spr round 1 (radius: 5)
[00:01:49 -56931.485098] Model parameter optimization (eps = 1.000000)
[00:01:49 -56929.426495] SLOW spr round 1 (radius: 5)
[00:01:50 -56929.413099] SLOW spr round 2 (radius: 10)
[00:01:52 -56929.409307] SLOW spr round 3 (radius: 15)
[00:01:53 -56929.409135] SLOW spr round 4 (radius: 20)
[00:01:54 -56929.409135] SLOW spr round 5 (radius: 25)
[00:01:54 -56929.409135] Model parameter optimization (eps = 0.100000)

[00:01:55] ML tree search #11, logLikelihood: -56928.442174

[00:01:55 -216888.273467] Initial branch length optimization
[00:01:55 -59875.629313] Model parameter optimization (eps = 10.000000)
[00:01:55 -56939.756673] AUTODETECT spr round 1 (radius: 5)
[00:01:55 -56939.732117] SPR radius for FAST iterations: 5 (autodetect)
[00:01:55 -56939.732117] Model parameter optimization (eps = 3.000000)
[00:01:56 -56933.522297] FAST spr round 1 (radius: 5)
[00:01:56 -56933.493429] Model parameter optimization (eps = 1.000000)
[00:01:56 -56931.393927] SLOW spr round 1 (radius: 5)
[00:01:57 -56931.377925] SLOW spr round 2 (radius: 10)
[00:01:59 -56930.913150] SLOW spr round 3 (radius: 5)
[00:02:00 -56930.912736] SLOW spr round 4 (radius: 10)
[00:02:01 -56930.912735] SLOW spr round 5 (radius: 15)
[00:02:02 -56929.246730] SLOW spr round 6 (radius: 5)
[00:02:04 -56929.244179] SLOW spr round 7 (radius: 10)
[00:02:05 -56929.244167] SLOW spr round 8 (radius: 15)
[00:02:06 -56929.244167] SLOW spr round 9 (radius: 20)
[00:02:07 -56929.244167] SLOW spr round 10 (radius: 25)
[00:02:07 -56929.244167] Model parameter optimization (eps = 0.100000)

[00:02:08] ML tree search #12, logLikelihood: -56928.416160

[00:02:08 -216882.980827] Initial branch length optimization
[00:02:08 -59872.163694] Model parameter optimization (eps = 10.000000)
[00:02:09 -56940.335688] AUTODETECT spr round 1 (radius: 5)
[00:02:09 -56937.745678] AUTODETECT spr round 2 (radius: 10)
[00:02:10 -56937.745676] SPR radius for FAST iterations: 5 (autodetect)
[00:02:10 -56937.745676] Model parameter optimization (eps = 3.000000)
[00:02:10 -56931.554627] FAST spr round 1 (radius: 5)
[00:02:10 -56931.539510] Model parameter optimization (eps = 1.000000)
[00:02:10 -56929.445933] SLOW spr round 1 (radius: 5)
[00:02:12 -56929.432087] SLOW spr round 2 (radius: 10)
[00:02:13 -56929.428018] SLOW spr round 3 (radius: 15)
[00:02:14 -56929.427452] SLOW spr round 4 (radius: 20)
[00:02:15 -56929.427452] SLOW spr round 5 (radius: 25)
[00:02:16 -56929.427452] Model parameter optimization (eps = 0.100000)

[00:02:16] ML tree search #13, logLikelihood: -56928.443925

[00:02:16 -216885.720260] Initial branch length optimization
[00:02:16 -59873.896257] Model parameter optimization (eps = 10.000000)
[00:02:17 -56940.468554] AUTODETECT spr round 1 (radius: 5)
[00:02:17 -56939.694808] AUTODETECT spr round 2 (radius: 10)
[00:02:18 -56939.693211] SPR radius for FAST iterations: 5 (autodetect)
[00:02:18 -56939.693211] Model parameter optimization (eps = 3.000000)
[00:02:18 -56933.876300] FAST spr round 1 (radius: 5)
[00:02:18 -56933.850912] Model parameter optimization (eps = 1.000000)
[00:02:19 -56931.899252] SLOW spr round 1 (radius: 5)
[00:02:20 -56931.878961] SLOW spr round 2 (radius: 10)
[00:02:22 -56931.876107] SLOW spr round 3 (radius: 15)
[00:02:23 -56930.429284] SLOW spr round 4 (radius: 5)
[00:02:24 -56930.426668] SLOW spr round 5 (radius: 10)
[00:02:26 -56930.426668] SLOW spr round 6 (radius: 15)
[00:02:27 -56930.426668] SLOW spr round 7 (radius: 20)
[00:02:28 -56930.426668] SLOW spr round 8 (radius: 25)
[00:02:29 -56930.426668] Model parameter optimization (eps = 0.100000)

[00:02:29] ML tree search #14, logLikelihood: -56929.445869

[00:02:29 -216887.952053] Initial branch length optimization
[00:02:29 -59873.717698] Model parameter optimization (eps = 10.000000)
[00:02:30 -56938.026961] AUTODETECT spr round 1 (radius: 5)
[00:02:30 -56937.258718] AUTODETECT spr round 2 (radius: 10)
[00:02:30 -56937.253403] SPR radius for FAST iterations: 5 (autodetect)
[00:02:30 -56937.253403] Model parameter optimization (eps = 3.000000)
[00:02:30 -56931.358402] FAST spr round 1 (radius: 5)
[00:02:31 -56931.333884] Model parameter optimization (eps = 1.000000)
[00:02:31 -56929.345928] SLOW spr round 1 (radius: 5)
[00:02:32 -56929.325462] SLOW spr round 2 (radius: 10)
[00:02:34 -56929.322960] SLOW spr round 3 (radius: 15)
[00:02:35 -56929.322790] SLOW spr round 4 (radius: 20)
[00:02:36 -56929.322639] SLOW spr round 5 (radius: 25)
[00:02:37 -56929.322639] Model parameter optimization (eps = 0.100000)

[00:02:37] ML tree search #15, logLikelihood: -56928.431392

[00:02:37 -216883.066013] Initial branch length optimization
[00:02:37 -59873.964227] Model parameter optimization (eps = 10.000000)
[00:02:38 -56939.252160] AUTODETECT spr round 1 (radius: 5)
[00:02:38 -56937.496494] AUTODETECT spr round 2 (radius: 10)
[00:02:38 -56937.496491] SPR radius for FAST iterations: 5 (autodetect)
[00:02:38 -56937.496491] Model parameter optimization (eps = 3.000000)
[00:02:39 -56931.466723] FAST spr round 1 (radius: 5)
[00:02:39 -56931.451753] Model parameter optimization (eps = 1.000000)
[00:02:39 -56929.414662] SLOW spr round 1 (radius: 5)
[00:02:41 -56929.401185] SLOW spr round 2 (radius: 10)
[00:02:42 -56929.397740] SLOW spr round 3 (radius: 15)
[00:02:44 -56929.397737] SLOW spr round 4 (radius: 20)
[00:02:44 -56929.397737] SLOW spr round 5 (radius: 25)
[00:02:44 -56929.397737] Model parameter optimization (eps = 0.100000)

[00:02:45] ML tree search #16, logLikelihood: -56928.441529



Final LogLikelihood: -56928.297890

AIC score: 114244.595781 / AICc score: 114247.209252 / BIC score: 115850.923279
Free parameters (model + branch lengths): 194

Best ML tree saved to: /home/hikoyu/analysis/Genome/SARS-CoV-2/phylogeny/RAxML-NG/DNA/univ/3rd/SARS-CoV-2_200314.5.raxml.bestTree
All ML trees saved to: /home/hikoyu/analysis/Genome/SARS-CoV-2/phylogeny/RAxML-NG/DNA/univ/3rd/SARS-CoV-2_200314.5.raxml.mlTrees
Optimized model saved to: /home/hikoyu/analysis/Genome/SARS-CoV-2/phylogeny/RAxML-NG/DNA/univ/3rd/SARS-CoV-2_200314.5.raxml.bestModel

Execution log saved to: /home/hikoyu/analysis/Genome/SARS-CoV-2/phylogeny/RAxML-NG/DNA/univ/3rd/SARS-CoV-2_200314.5.raxml.log

Analysis started: 16-Mar-2020 01:13:44 / finished: 16-Mar-2020 01:16:29

Elapsed time: 165.355 seconds

