
RAxML-NG v. 0.9.0 released on 20.05.2019 by The Exelixis Lab.
Developed by: Alexey M. Kozlov and Alexandros Stamatakis.
Contributors: Diego Darriba, Tomas Flouri, Benoit Morel, Sarah Lutteropp, Ben Bettisworth.
Latest version: https://github.com/amkozlov/raxml-ng
Questions/problems/suggestions? Please visit: https://groups.google.com/forum/#!forum/raxml

RAxML-NG was called at 30-Mar-2020 00:31:14 as follows:

raxml-ng --threads 1 --search --tree rand{8},pars{8} --seed 1271171457 --prefix phylogeny/RAxML-NG/DNA/univ/3rd/SARS-CoV-2_200328.8 --msa phylogeny/RAxML-NG/DNA/univ/3rd/SARS-CoV-2_200328.raxml.rba --outgroup MG772933.1

Analysis options:
  run mode: ML tree search
  start tree(s): random (8) + parsimony (8)
  random seed: 1271171457
  tip-inner: OFF
  pattern compression: ON
  per-rate scalers: OFF
  site repeats: ON
  fast spr radius: AUTO
  spr subtree cutoff: 1.000000
  branch lengths: proportional (ML estimate, algorithm: NR-FAST)
  SIMD kernels: AVX2
  parallelization: NONE/sequential

[00:00:00] Loading binary alignment from file: phylogeny/RAxML-NG/DNA/univ/3rd/SARS-CoV-2_200328.raxml.rba
[00:00:00] Alignment comprises 80 taxa, 2 partitions and 291 patterns

Partition 0: p1_p2
Model: TIM3+I+B
Alignment sites / patterns: 19432 / 151
Gaps: 0.06 %
Invariant sites: 94.52 %

Partition 1: p3
Model: GTR+FO+I+B
Alignment sites / patterns: 9716 / 140
Gaps: 0.06 %
Invariant sites: 68.10 %


[00:00:00] Generating 8 random starting tree(s) with 80 taxa
[00:00:00] Generating 8 parsimony starting tree(s) with 80 taxa
[00:00:00] Data distribution: max. partitions/sites/weight per thread: 2 / 291 / 1164

Starting ML tree search with 16 distinct starting trees

[00:00:00 -179368.219480] Initial branch length optimization
[00:00:00 -61545.077596] Model parameter optimization (eps = 10.000000)
[00:00:00 -58431.616150] AUTODETECT spr round 1 (radius: 5)
[00:00:00 -57919.915896] AUTODETECT spr round 2 (radius: 10)
[00:00:01 -57725.747061] AUTODETECT spr round 3 (radius: 15)
[00:00:01 -57672.282071] AUTODETECT spr round 4 (radius: 20)
[00:00:01 -57672.282069] SPR radius for FAST iterations: 15 (autodetect)
[00:00:01 -57672.282069] Model parameter optimization (eps = 3.000000)
[00:00:01 -57668.259962] FAST spr round 1 (radius: 15)
[00:00:02 -57513.346713] FAST spr round 2 (radius: 15)
[00:00:03 -57513.185330] FAST spr round 3 (radius: 15)
[00:00:03 -57513.184768] Model parameter optimization (eps = 1.000000)
[00:00:04 -57488.071979] SLOW spr round 1 (radius: 5)
[00:00:04 -57487.817077] SLOW spr round 2 (radius: 5)
[00:00:05 -57487.813319] SLOW spr round 3 (radius: 10)
[00:00:06 -57487.812566] SLOW spr round 4 (radius: 15)
[00:00:07 -57487.812267] SLOW spr round 5 (radius: 20)
[00:00:07 -57487.811978] SLOW spr round 6 (radius: 25)
[00:00:08 -57487.811978] Model parameter optimization (eps = 0.100000)

[00:00:08] ML tree search #1, logLikelihood: -57487.104240

[00:00:08 -179367.670404] Initial branch length optimization
[00:00:08 -61535.063032] Model parameter optimization (eps = 10.000000)
[00:00:08 -58436.427414] AUTODETECT spr round 1 (radius: 5)
[00:00:08 -57889.064729] AUTODETECT spr round 2 (radius: 10)
[00:00:09 -57664.043973] AUTODETECT spr round 3 (radius: 15)
[00:00:09 -57620.069904] AUTODETECT spr round 4 (radius: 20)
[00:00:09 -57619.603066] AUTODETECT spr round 5 (radius: 25)
[00:00:09 -57619.602860] SPR radius for FAST iterations: 20 (autodetect)
[00:00:09 -57619.602860] Model parameter optimization (eps = 3.000000)
[00:00:10 -57592.625833] FAST spr round 1 (radius: 20)
[00:00:11 -57491.492403] FAST spr round 2 (radius: 20)
[00:00:11 -57491.478792] Model parameter optimization (eps = 1.000000)
[00:00:12 -57487.758371] SLOW spr round 1 (radius: 5)
[00:00:12 -57487.755495] SLOW spr round 2 (radius: 10)
[00:00:13 -57487.755476] SLOW spr round 3 (radius: 15)
[00:00:14 -57487.517997] SLOW spr round 4 (radius: 5)
[00:00:15 -57487.517997] SLOW spr round 5 (radius: 10)
[00:00:16 -57487.517997] SLOW spr round 6 (radius: 15)
[00:00:17 -57487.517997] SLOW spr round 7 (radius: 20)
[00:00:17 -57487.517997] SLOW spr round 8 (radius: 25)
[00:00:17 -57487.517997] Model parameter optimization (eps = 0.100000)

[00:00:18] ML tree search #2, logLikelihood: -57487.066203

[00:00:18 -179367.767110] Initial branch length optimization
[00:00:18 -61517.846706] Model parameter optimization (eps = 10.000000)
[00:00:18 -58419.999326] AUTODETECT spr round 1 (radius: 5)
[00:00:18 -57948.321618] AUTODETECT spr round 2 (radius: 10)
[00:00:19 -57677.228902] AUTODETECT spr round 3 (radius: 15)
[00:00:19 -57599.189806] AUTODETECT spr round 4 (radius: 20)
[00:00:19 -57599.173630] SPR radius for FAST iterations: 15 (autodetect)
[00:00:19 -57599.173630] Model parameter optimization (eps = 3.000000)
[00:00:19 -57576.601978] FAST spr round 1 (radius: 15)
[00:00:20 -57493.082871] FAST spr round 2 (radius: 15)
[00:00:21 -57493.071081] Model parameter optimization (eps = 1.000000)
[00:00:21 -57488.009554] SLOW spr round 1 (radius: 5)
[00:00:22 -57488.003076] SLOW spr round 2 (radius: 10)
[00:00:23 -57487.762996] SLOW spr round 3 (radius: 5)
[00:00:24 -57487.761643] SLOW spr round 4 (radius: 10)
[00:00:24 -57487.760505] SLOW spr round 5 (radius: 15)
[00:00:25 -57487.760501] SLOW spr round 6 (radius: 20)
[00:00:26 -57487.760501] SLOW spr round 7 (radius: 25)
[00:00:26 -57487.760501] Model parameter optimization (eps = 0.100000)

[00:00:26] ML tree search #3, logLikelihood: -57487.087036

[00:00:26 -179385.034090] Initial branch length optimization
[00:00:26 -61564.633470] Model parameter optimization (eps = 10.000000)
[00:00:27 -58454.926510] AUTODETECT spr round 1 (radius: 5)
[00:00:27 -58000.350735] AUTODETECT spr round 2 (radius: 10)
[00:00:27 -57770.360013] AUTODETECT spr round 3 (radius: 15)
[00:00:27 -57709.097886] AUTODETECT spr round 4 (radius: 20)
[00:00:28 -57664.673535] AUTODETECT spr round 5 (radius: 25)
[00:00:28 -57664.673534] SPR radius for FAST iterations: 20 (autodetect)
[00:00:28 -57664.673534] Model parameter optimization (eps = 3.000000)
[00:00:28 -57659.137809] FAST spr round 1 (radius: 20)
[00:00:29 -57511.495530] FAST spr round 2 (radius: 20)
[00:00:30 -57511.339966] FAST spr round 3 (radius: 20)
[00:00:30 -57511.339457] Model parameter optimization (eps = 1.000000)
[00:00:31 -57487.743574] SLOW spr round 1 (radius: 5)
[00:00:31 -57487.725291] SLOW spr round 2 (radius: 10)
[00:00:32 -57487.722369] SLOW spr round 3 (radius: 15)
[00:00:33 -57487.722057] SLOW spr round 4 (radius: 20)
[00:00:33 -57487.722057] SLOW spr round 5 (radius: 25)
[00:00:34 -57487.722057] Model parameter optimization (eps = 0.100000)

[00:00:34] ML tree search #4, logLikelihood: -57487.099184

[00:00:34 -179388.796634] Initial branch length optimization
[00:00:34 -61609.844667] Model parameter optimization (eps = 10.000000)
[00:00:34 -58482.008328] AUTODETECT spr round 1 (radius: 5)
[00:00:34 -57872.231203] AUTODETECT spr round 2 (radius: 10)
[00:00:35 -57652.104306] AUTODETECT spr round 3 (radius: 15)
[00:00:35 -57637.147363] AUTODETECT spr round 4 (radius: 20)
[00:00:35 -57637.136153] SPR radius for FAST iterations: 15 (autodetect)
[00:00:35 -57637.136153] Model parameter optimization (eps = 3.000000)
[00:00:36 -57631.885892] FAST spr round 1 (radius: 15)
[00:00:36 -57513.147629] FAST spr round 2 (radius: 15)
[00:00:37 -57513.142072] Model parameter optimization (eps = 1.000000)
[00:00:38 -57488.077384] SLOW spr round 1 (radius: 5)
[00:00:38 -57487.821356] SLOW spr round 2 (radius: 5)
[00:00:39 -57487.819027] SLOW spr round 3 (radius: 10)
[00:00:40 -57487.818310] SLOW spr round 4 (radius: 15)
[00:00:41 -57487.817942] SLOW spr round 5 (radius: 20)
[00:00:41 -57487.817942] SLOW spr round 6 (radius: 25)
[00:00:42 -57487.817942] Model parameter optimization (eps = 0.100000)

[00:00:42] ML tree search #5, logLikelihood: -57487.112475

[00:00:42 -179384.396729] Initial branch length optimization
[00:00:42 -61583.579643] Model parameter optimization (eps = 10.000000)
[00:00:42 -58460.118951] AUTODETECT spr round 1 (radius: 5)
[00:00:42 -57908.495276] AUTODETECT spr round 2 (radius: 10)
[00:00:43 -57682.630369] AUTODETECT spr round 3 (radius: 15)
[00:00:43 -57664.924980] AUTODETECT spr round 4 (radius: 20)
[00:00:43 -57651.545558] AUTODETECT spr round 5 (radius: 25)
[00:00:44 -57651.544464] SPR radius for FAST iterations: 20 (autodetect)
[00:00:44 -57651.544464] Model parameter optimization (eps = 3.000000)
[00:00:44 -57646.632707] FAST spr round 1 (radius: 20)
[00:00:45 -57512.947778] FAST spr round 2 (radius: 20)
[00:00:46 -57512.939197] Model parameter optimization (eps = 1.000000)
[00:00:46 -57487.874174] SLOW spr round 1 (radius: 5)
[00:00:47 -57487.861465] SLOW spr round 2 (radius: 10)
[00:00:48 -57487.860861] SLOW spr round 3 (radius: 15)
[00:00:49 -57487.859940] SLOW spr round 4 (radius: 20)
[00:00:49 -57487.859940] SLOW spr round 5 (radius: 25)
[00:00:50 -57487.859940] Model parameter optimization (eps = 0.100000)

[00:00:50] ML tree search #6, logLikelihood: -57487.056815

[00:00:50 -179384.022371] Initial branch length optimization
[00:00:50 -61560.380198] Model parameter optimization (eps = 10.000000)
[00:00:50 -58439.621766] AUTODETECT spr round 1 (radius: 5)
[00:00:51 -57960.541947] AUTODETECT spr round 2 (radius: 10)
[00:00:51 -57664.680832] AUTODETECT spr round 3 (radius: 15)
[00:00:51 -57654.343794] AUTODETECT spr round 4 (radius: 20)
[00:00:52 -57654.343348] SPR radius for FAST iterations: 15 (autodetect)
[00:00:52 -57654.343348] Model parameter optimization (eps = 3.000000)
[00:00:52 -57649.673320] FAST spr round 1 (radius: 15)
[00:00:53 -57531.021554] FAST spr round 2 (radius: 15)
[00:00:53 -57513.015085] FAST spr round 3 (radius: 15)
[00:00:54 -57513.013755] Model parameter optimization (eps = 1.000000)
[00:00:54 -57488.086481] SLOW spr round 1 (radius: 5)
[00:00:55 -57488.074235] SLOW spr round 2 (radius: 10)
[00:00:56 -57487.819533] SLOW spr round 3 (radius: 5)
[00:00:57 -57487.818363] SLOW spr round 4 (radius: 10)
[00:00:58 -57487.817826] SLOW spr round 5 (radius: 15)
[00:00:58 -57487.817647] SLOW spr round 6 (radius: 20)
[00:00:59 -57487.817464] SLOW spr round 7 (radius: 25)
[00:00:59 -57487.817464] Model parameter optimization (eps = 0.100000)

[00:00:59] ML tree search #7, logLikelihood: -57487.099373

[00:00:59 -179374.967745] Initial branch length optimization
[00:00:59 -61535.646262] Model parameter optimization (eps = 10.000000)
[00:01:00 -58425.643856] AUTODETECT spr round 1 (radius: 5)
[00:01:00 -57957.397672] AUTODETECT spr round 2 (radius: 10)
[00:01:00 -57793.438318] AUTODETECT spr round 3 (radius: 15)
[00:01:01 -57690.271229] AUTODETECT spr round 4 (radius: 20)
[00:01:01 -57674.385616] AUTODETECT spr round 5 (radius: 25)
[00:01:01 -57674.385616] SPR radius for FAST iterations: 20 (autodetect)
[00:01:01 -57674.385616] Model parameter optimization (eps = 3.000000)
[00:01:01 -57669.653745] FAST spr round 1 (radius: 20)
[00:01:02 -57512.567308] FAST spr round 2 (radius: 20)
[00:01:03 -57512.565225] Model parameter optimization (eps = 1.000000)
[00:01:03 -57488.074444] SLOW spr round 1 (radius: 5)
[00:01:04 -57488.050100] SLOW spr round 2 (radius: 10)
[00:01:05 -57487.809607] SLOW spr round 3 (radius: 5)
[00:01:06 -57487.808538] SLOW spr round 4 (radius: 10)
[00:01:08 -57487.808538] SLOW spr round 5 (radius: 15)
[00:01:08 -57487.808538] SLOW spr round 6 (radius: 20)
[00:01:09 -57487.808538] SLOW spr round 7 (radius: 25)
[00:01:09 -57487.808538] Model parameter optimization (eps = 0.100000)

[00:01:09] ML tree search #8, logLikelihood: -57487.053297

[00:01:09 -177572.109681] Initial branch length optimization
[00:01:09 -67898.070219] Model parameter optimization (eps = 10.000000)
[00:01:12 -57517.139981] AUTODETECT spr round 1 (radius: 5)
[00:01:12 -57508.190213] AUTODETECT spr round 2 (radius: 10)
[00:01:12 -57508.187134] SPR radius for FAST iterations: 5 (autodetect)
[00:01:12 -57508.187134] Model parameter optimization (eps = 3.000000)
[00:01:13 -57490.163895] FAST spr round 1 (radius: 5)
[00:01:13 -57490.149452] Model parameter optimization (eps = 1.000000)
[00:01:13 -57488.004093] SLOW spr round 1 (radius: 5)
[00:01:14 -57487.996356] SLOW spr round 2 (radius: 10)
[00:01:15 -57487.757249] SLOW spr round 3 (radius: 5)
[00:01:15 -57487.757249] SLOW spr round 4 (radius: 10)
[00:01:16 -57487.757249] SLOW spr round 5 (radius: 15)
[00:01:17 -57487.757249] SLOW spr round 6 (radius: 20)
[00:01:17 -57487.757249] SLOW spr round 7 (radius: 25)
[00:01:18 -57487.757249] Model parameter optimization (eps = 0.100000)

[00:01:18] ML tree search #9, logLikelihood: -57487.117797

[00:01:18 -177570.058874] Initial branch length optimization
[00:01:18 -67889.172070] Model parameter optimization (eps = 10.000000)
[00:01:21 -57511.804246] AUTODETECT spr round 1 (radius: 5)
[00:01:21 -57511.769322] SPR radius for FAST iterations: 5 (autodetect)
[00:01:21 -57511.769322] Model parameter optimization (eps = 3.000000)
[00:01:21 -57492.116675] FAST spr round 1 (radius: 5)
[00:01:21 -57492.104052] Model parameter optimization (eps = 1.000000)
[00:01:22 -57489.565713] SLOW spr round 1 (radius: 5)
[00:01:22 -57489.559436] SLOW spr round 2 (radius: 10)
[00:01:23 -57487.915633] SLOW spr round 3 (radius: 5)
[00:01:24 -57487.915633] SLOW spr round 4 (radius: 10)
[00:01:25 -57487.915633] SLOW spr round 5 (radius: 15)
[00:01:25 -57487.915633] SLOW spr round 6 (radius: 20)
[00:01:26 -57487.915633] SLOW spr round 7 (radius: 25)
[00:01:26 -57487.915633] Model parameter optimization (eps = 0.100000)

[00:01:26] ML tree search #10, logLikelihood: -57487.074024

[00:01:26 -177569.494442] Initial branch length optimization
[00:01:26 -67898.491069] Model parameter optimization (eps = 10.000000)
[00:01:29 -57519.131549] AUTODETECT spr round 1 (radius: 5)
[00:01:29 -57508.988059] AUTODETECT spr round 2 (radius: 10)
[00:01:29 -57508.842480] AUTODETECT spr round 3 (radius: 15)
[00:01:30 -57508.840007] SPR radius for FAST iterations: 10 (autodetect)
[00:01:30 -57508.840007] Model parameter optimization (eps = 3.000000)
[00:01:30 -57491.393830] FAST spr round 1 (radius: 10)
[00:01:30 -57491.377174] Model parameter optimization (eps = 1.000000)
[00:01:31 -57489.310664] SLOW spr round 1 (radius: 5)
[00:01:31 -57489.302241] SLOW spr round 2 (radius: 10)
[00:01:32 -57489.060530] SLOW spr round 3 (radius: 5)
[00:01:33 -57489.060529] SLOW spr round 4 (radius: 10)
[00:01:34 -57489.060529] SLOW spr round 5 (radius: 15)
[00:01:34 -57489.060529] SLOW spr round 6 (radius: 20)
[00:01:35 -57487.922748] SLOW spr round 7 (radius: 5)
[00:01:36 -57487.921657] SLOW spr round 8 (radius: 10)
[00:01:36 -57487.921652] SLOW spr round 9 (radius: 15)
[00:01:37 -57487.921652] SLOW spr round 10 (radius: 20)
[00:01:38 -57487.921652] SLOW spr round 11 (radius: 25)
[00:01:38 -57487.921652] Model parameter optimization (eps = 0.100000)

[00:01:38] ML tree search #11, logLikelihood: -57487.072156

[00:01:38 -177574.607980] Initial branch length optimization
[00:01:38 -67905.970407] Model parameter optimization (eps = 10.000000)
[00:01:41 -57525.047605] AUTODETECT spr round 1 (radius: 5)
[00:01:41 -57523.314672] AUTODETECT spr round 2 (radius: 10)
[00:01:41 -57522.252747] AUTODETECT spr round 3 (radius: 15)
[00:01:42 -57522.251037] SPR radius for FAST iterations: 10 (autodetect)
[00:01:42 -57522.251037] Model parameter optimization (eps = 3.000000)
[00:01:42 -57505.717691] FAST spr round 1 (radius: 10)
[00:01:42 -57505.703149] Model parameter optimization (eps = 1.000000)
[00:01:42 -57503.714794] SLOW spr round 1 (radius: 5)
[00:01:43 -57503.710680] SLOW spr round 2 (radius: 10)
[00:01:44 -57503.471168] SLOW spr round 3 (radius: 5)
[00:01:45 -57503.471168] SLOW spr round 4 (radius: 10)
[00:01:45 -57503.471168] SLOW spr round 5 (radius: 15)
[00:01:46 -57503.471168] SLOW spr round 6 (radius: 20)
[00:01:47 -57503.471168] SLOW spr round 7 (radius: 25)
[00:01:47 -57489.586525] SLOW spr round 8 (radius: 5)
[00:01:48 -57488.636006] SLOW spr round 9 (radius: 5)
[00:01:49 -57488.320991] SLOW spr round 10 (radius: 5)
[00:01:49 -57488.320982] SLOW spr round 11 (radius: 10)
[00:01:50 -57488.320982] SLOW spr round 12 (radius: 15)
[00:01:51 -57488.320982] SLOW spr round 13 (radius: 20)
[00:01:51 -57488.320982] SLOW spr round 14 (radius: 25)
[00:01:52 -57488.320982] Model parameter optimization (eps = 0.100000)

[00:01:52] ML tree search #12, logLikelihood: -57487.097566

[00:01:52 -177569.990615] Initial branch length optimization
[00:01:52 -67889.172061] Model parameter optimization (eps = 10.000000)
[00:01:55 -57511.640508] AUTODETECT spr round 1 (radius: 5)
[00:01:55 -57509.915661] AUTODETECT spr round 2 (radius: 10)
[00:01:55 -57509.904506] SPR radius for FAST iterations: 5 (autodetect)
[00:01:55 -57509.904506] Model parameter optimization (eps = 3.000000)
[00:01:56 -57490.716696] FAST spr round 1 (radius: 5)
[00:01:56 -57490.705681] Model parameter optimization (eps = 1.000000)
[00:01:56 -57488.218993] SLOW spr round 1 (radius: 5)
[00:01:57 -57488.212676] SLOW spr round 2 (radius: 10)
[00:01:57 -57487.972768] SLOW spr round 3 (radius: 5)
[00:01:58 -57487.972768] SLOW spr round 4 (radius: 10)
[00:01:59 -57487.972768] SLOW spr round 5 (radius: 15)
[00:02:00 -57487.972768] SLOW spr round 6 (radius: 20)
[00:02:00 -57487.972768] SLOW spr round 7 (radius: 25)
[00:02:01 -57487.972768] Model parameter optimization (eps = 0.100000)

[00:02:01] ML tree search #13, logLikelihood: -57487.083428

[00:02:01 -177569.705679] Initial branch length optimization
[00:02:01 -67890.467129] Model parameter optimization (eps = 10.000000)
[00:02:04 -57512.127050] AUTODETECT spr round 1 (radius: 5)
[00:02:04 -57510.384266] AUTODETECT spr round 2 (radius: 10)
[00:02:04 -57509.810775] AUTODETECT spr round 3 (radius: 15)
[00:02:04 -57509.807168] SPR radius for FAST iterations: 10 (autodetect)
[00:02:04 -57509.807168] Model parameter optimization (eps = 3.000000)
[00:02:05 -57490.712797] FAST spr round 1 (radius: 10)
[00:02:05 -57490.701654] Model parameter optimization (eps = 1.000000)
[00:02:05 -57488.180547] SLOW spr round 1 (radius: 5)
[00:02:06 -57488.174355] SLOW spr round 2 (radius: 10)
[00:02:07 -57487.934544] SLOW spr round 3 (radius: 5)
[00:02:07 -57487.934543] SLOW spr round 4 (radius: 10)
[00:02:08 -57487.934543] SLOW spr round 5 (radius: 15)
[00:02:09 -57487.934543] SLOW spr round 6 (radius: 20)
[00:02:09 -57487.934543] SLOW spr round 7 (radius: 25)
[00:02:10 -57487.934543] Model parameter optimization (eps = 0.100000)

[00:02:10] ML tree search #14, logLikelihood: -57487.082614

[00:02:10 -177569.812107] Initial branch length optimization
[00:02:10 -67889.172113] Model parameter optimization (eps = 10.000000)
[00:02:12 -57511.975391] AUTODETECT spr round 1 (radius: 5)
[00:02:13 -57510.247515] AUTODETECT spr round 2 (radius: 10)
[00:02:13 -57510.236165] SPR radius for FAST iterations: 5 (autodetect)
[00:02:13 -57510.236165] Model parameter optimization (eps = 3.000000)
[00:02:13 -57490.795673] FAST spr round 1 (radius: 5)
[00:02:13 -57490.783729] Model parameter optimization (eps = 1.000000)
[00:02:14 -57488.243624] SLOW spr round 1 (radius: 5)
[00:02:14 -57488.237096] SLOW spr round 2 (radius: 10)
[00:02:15 -57488.237072] SLOW spr round 3 (radius: 15)
[00:02:15 -57487.997096] SLOW spr round 4 (radius: 5)
[00:02:16 -57487.997096] SLOW spr round 5 (radius: 10)
[00:02:17 -57487.997096] SLOW spr round 6 (radius: 15)
[00:02:17 -57487.997096] SLOW spr round 7 (radius: 20)
[00:02:18 -57487.997096] SLOW spr round 8 (radius: 25)
[00:02:18 -57487.997096] Model parameter optimization (eps = 0.100000)

[00:02:19] ML tree search #15, logLikelihood: -57487.084599

[00:02:19 -177567.373833] Initial branch length optimization
[00:02:19 -67890.467356] Model parameter optimization (eps = 10.000000)
[00:02:21 -57512.169992] AUTODETECT spr round 1 (radius: 5)
[00:02:21 -57510.423510] AUTODETECT spr round 2 (radius: 10)
[00:02:21 -57510.412236] SPR radius for FAST iterations: 5 (autodetect)
[00:02:21 -57510.412236] Model parameter optimization (eps = 3.000000)
[00:02:22 -57491.888111] FAST spr round 1 (radius: 5)
[00:02:22 -57491.877586] Model parameter optimization (eps = 1.000000)
[00:02:22 -57489.499309] SLOW spr round 1 (radius: 5)
[00:02:23 -57489.493281] SLOW spr round 2 (radius: 10)
[00:02:23 -57489.250782] SLOW spr round 3 (radius: 5)
[00:02:24 -57489.250782] SLOW spr round 4 (radius: 10)
[00:02:24 -57489.250782] SLOW spr round 5 (radius: 15)
[00:02:25 -57489.250782] SLOW spr round 6 (radius: 20)
[00:02:25 -57489.250782] SLOW spr round 7 (radius: 25)
[00:02:26 -57488.130179] SLOW spr round 8 (radius: 5)
[00:02:26 -57488.130179] SLOW spr round 9 (radius: 10)
[00:02:27 -57488.130179] SLOW spr round 10 (radius: 15)
[00:02:28 -57488.130179] SLOW spr round 11 (radius: 20)
[00:02:28 -57488.130179] SLOW spr round 12 (radius: 25)
[00:02:28 -57488.130179] Model parameter optimization (eps = 0.100000)

[00:02:29] ML tree search #16, logLikelihood: -57487.084146



Final LogLikelihood: -57487.053297

AIC score: 115316.106594 / AICc score: 115318.136688 / BIC score: 116732.010804
Free parameters (model + branch lengths): 171

Best ML tree saved to: /home/hikoyu/analysis/Genome/SARS-CoV-2/phylogeny/RAxML-NG/DNA/univ/3rd/SARS-CoV-2_200328.8.raxml.bestTree
All ML trees saved to: /home/hikoyu/analysis/Genome/SARS-CoV-2/phylogeny/RAxML-NG/DNA/univ/3rd/SARS-CoV-2_200328.8.raxml.mlTrees
Optimized model saved to: /home/hikoyu/analysis/Genome/SARS-CoV-2/phylogeny/RAxML-NG/DNA/univ/3rd/SARS-CoV-2_200328.8.raxml.bestModel

Execution log saved to: /home/hikoyu/analysis/Genome/SARS-CoV-2/phylogeny/RAxML-NG/DNA/univ/3rd/SARS-CoV-2_200328.8.raxml.log

Analysis started: 30-Mar-2020 00:31:14 / finished: 30-Mar-2020 00:33:43

Elapsed time: 149.173 seconds

