
RAxML-NG v. 0.9.0 released on 20.05.2019 by The Exelixis Lab.
Developed by: Alexey M. Kozlov and Alexandros Stamatakis.
Contributors: Diego Darriba, Tomas Flouri, Benoit Morel, Sarah Lutteropp, Ben Bettisworth.
Latest version: https://github.com/amkozlov/raxml-ng
Questions/problems/suggestions? Please visit: https://groups.google.com/forum/#!forum/raxml

RAxML-NG was called at 16-Apr-2020 11:25:29 as follows:

raxml-ng --threads 1 --bootstrap --bs-trees 83 --seed 2585971703 --prefix phylogeny/RAxML-NG/DNA/univ/3rd/SARS-CoV-2_200414.7 --msa phylogeny/RAxML-NG/DNA/univ/3rd/SARS-CoV-2_200414.raxml.rba --outgroup MG772933.1

Analysis options:
  run mode: Bootstrapping
  start tree(s): 
  bootstrap replicates: 83
  random seed: 2585971703
  tip-inner: OFF
  pattern compression: ON
  per-rate scalers: OFF
  site repeats: ON
  branch lengths: proportional (ML estimate, algorithm: NR-FAST)
  SIMD kernels: AVX2
  parallelization: NONE/sequential

[00:00:00] Loading binary alignment from file: phylogeny/RAxML-NG/DNA/univ/3rd/SARS-CoV-2_200414.raxml.rba
[00:00:00] Alignment comprises 376 taxa, 2 partitions and 615 patterns

Partition 0: p1_p2
Model: TIM3+G4m+B
Alignment sites / patterns: 19434 / 323
Gaps: 0.07 %
Invariant sites: 93.90 %

Partition 1: p3
Model: TIM3+G4m+B
Alignment sites / patterns: 9717 / 292
Gaps: 0.07 %
Invariant sites: 67.41 %


[00:00:00] Data distribution: max. partitions/sites/weight per thread: 2 / 615 / 9840
[00:00:00] Starting bootstrapping analysis with 83 replicates.

[00:03:04] Bootstrap tree #1, logLikelihood: -62444.295500
[00:05:53] Bootstrap tree #2, logLikelihood: -61868.867042
[00:08:52] Bootstrap tree #3, logLikelihood: -62211.881515
[00:11:41] Bootstrap tree #4, logLikelihood: -61660.081523
[00:14:25] Bootstrap tree #5, logLikelihood: -61884.177400
[00:17:23] Bootstrap tree #6, logLikelihood: -62552.016741
[00:20:08] Bootstrap tree #7, logLikelihood: -61936.207508
[00:23:10] Bootstrap tree #8, logLikelihood: -61228.783975
[00:25:47] Bootstrap tree #9, logLikelihood: -61680.678453
[00:28:41] Bootstrap tree #10, logLikelihood: -62150.814528
[00:31:43] Bootstrap tree #11, logLikelihood: -62337.447655
[00:34:24] Bootstrap tree #12, logLikelihood: -62103.142885
[00:37:04] Bootstrap tree #13, logLikelihood: -62005.233609
[00:41:35] Bootstrap tree #14, logLikelihood: -61976.136541
[00:44:33] Bootstrap tree #15, logLikelihood: -61140.803683
[00:47:29] Bootstrap tree #16, logLikelihood: -61755.544987
[00:50:26] Bootstrap tree #17, logLikelihood: -61945.817983
[00:53:40] Bootstrap tree #18, logLikelihood: -61814.289958
[00:57:03] Bootstrap tree #19, logLikelihood: -61593.701446
[01:00:13] Bootstrap tree #20, logLikelihood: -61598.484259
[01:03:01] Bootstrap tree #21, logLikelihood: -62334.794850
[01:06:15] Bootstrap tree #22, logLikelihood: -62257.632981
[01:09:03] Bootstrap tree #23, logLikelihood: -62046.613487
[01:11:36] Bootstrap tree #24, logLikelihood: -61297.013887
[01:14:25] Bootstrap tree #25, logLikelihood: -61703.939609
[01:17:03] Bootstrap tree #26, logLikelihood: -61844.408347
[01:19:57] Bootstrap tree #27, logLikelihood: -62077.410322
[01:22:49] Bootstrap tree #28, logLikelihood: -61600.943673
[01:26:14] Bootstrap tree #29, logLikelihood: -62108.040825
[01:29:05] Bootstrap tree #30, logLikelihood: -61958.756912
[01:33:44] Bootstrap tree #31, logLikelihood: -61988.852550
[01:36:32] Bootstrap tree #32, logLikelihood: -61587.932390
[01:39:39] Bootstrap tree #33, logLikelihood: -62435.589929
[01:42:36] Bootstrap tree #34, logLikelihood: -61869.683161
[01:45:25] Bootstrap tree #35, logLikelihood: -61685.962956
[01:49:02] Bootstrap tree #36, logLikelihood: -62390.868388
[01:52:15] Bootstrap tree #37, logLikelihood: -61752.286852
[01:56:23] Bootstrap tree #38, logLikelihood: -61805.269663
[01:59:10] Bootstrap tree #39, logLikelihood: -61949.420383
[02:02:24] Bootstrap tree #40, logLikelihood: -61483.741075
[02:06:27] Bootstrap tree #41, logLikelihood: -61810.612066
[02:12:49] Bootstrap tree #42, logLikelihood: -62619.409188
[02:15:28] Bootstrap tree #43, logLikelihood: -62308.490511
[02:18:41] Bootstrap tree #44, logLikelihood: -61733.594287
[02:21:34] Bootstrap tree #45, logLikelihood: -61487.246905
[02:24:34] Bootstrap tree #46, logLikelihood: -62023.362003
[02:28:17] Bootstrap tree #47, logLikelihood: -61909.959589
[02:31:58] Bootstrap tree #48, logLikelihood: -62456.711997
[02:34:56] Bootstrap tree #49, logLikelihood: -62498.031914
[02:38:00] Bootstrap tree #50, logLikelihood: -61548.203987
[02:41:13] Bootstrap tree #51, logLikelihood: -62476.540369
[02:44:17] Bootstrap tree #52, logLikelihood: -62096.472796
[02:47:24] Bootstrap tree #53, logLikelihood: -61264.392658
[02:50:01] Bootstrap tree #54, logLikelihood: -61805.752549
[02:52:58] Bootstrap tree #55, logLikelihood: -61395.479275
[02:55:58] Bootstrap tree #56, logLikelihood: -61860.548796
[02:59:00] Bootstrap tree #57, logLikelihood: -61922.137332
[03:02:07] Bootstrap tree #58, logLikelihood: -61532.980793
[03:05:49] Bootstrap tree #59, logLikelihood: -61770.726999
[03:08:38] Bootstrap tree #60, logLikelihood: -62656.138321
[03:11:43] Bootstrap tree #61, logLikelihood: -61915.685171
[03:14:12] Bootstrap tree #62, logLikelihood: -61645.203822
[03:16:52] Bootstrap tree #63, logLikelihood: -61904.695081
[03:19:42] Bootstrap tree #64, logLikelihood: -61904.018421
[03:22:29] Bootstrap tree #65, logLikelihood: -62016.639986
[03:25:34] Bootstrap tree #66, logLikelihood: -61832.991564
[03:29:18] Bootstrap tree #67, logLikelihood: -61820.875666
[03:32:09] Bootstrap tree #68, logLikelihood: -61765.834163
[03:35:04] Bootstrap tree #69, logLikelihood: -61668.538363
[03:37:59] Bootstrap tree #70, logLikelihood: -62006.410528
[03:40:45] Bootstrap tree #71, logLikelihood: -62096.477116
[03:43:31] Bootstrap tree #72, logLikelihood: -62255.668134
[03:46:42] Bootstrap tree #73, logLikelihood: -62199.478732
[03:49:32] Bootstrap tree #74, logLikelihood: -61533.045237
[03:52:32] Bootstrap tree #75, logLikelihood: -62150.152785
[03:56:01] Bootstrap tree #76, logLikelihood: -62029.630726
[03:59:41] Bootstrap tree #77, logLikelihood: -61972.252186
[04:02:37] Bootstrap tree #78, logLikelihood: -62064.476229
[04:05:54] Bootstrap tree #79, logLikelihood: -61768.708065
[04:10:47] Bootstrap tree #80, logLikelihood: -62092.327396
[04:13:41] Bootstrap tree #81, logLikelihood: -61765.545203
[04:16:31] Bootstrap tree #82, logLikelihood: -61785.764779
[04:19:07] Bootstrap tree #83, logLikelihood: -61484.375688

Bootstrap trees saved to: /home/hikoyu/analysis/Genome/SARS-CoV-2/phylogeny/RAxML-NG/DNA/univ/3rd/SARS-CoV-2_200414.7.raxml.bootstraps

Execution log saved to: /home/hikoyu/analysis/Genome/SARS-CoV-2/phylogeny/RAxML-NG/DNA/univ/3rd/SARS-CoV-2_200414.7.raxml.log

Analysis started: 16-Apr-2020 11:25:29 / finished: 16-Apr-2020 15:44:37

Elapsed time: 15548.132 seconds

