
RAxML-NG v. 0.9.0 released on 20.05.2019 by The Exelixis Lab.
Developed by: Alexey M. Kozlov and Alexandros Stamatakis.
Contributors: Diego Darriba, Tomas Flouri, Benoit Morel, Sarah Lutteropp, Ben Bettisworth.
Latest version: https://github.com/amkozlov/raxml-ng
Questions/problems/suggestions? Please visit: https://groups.google.com/forum/#!forum/raxml

RAxML-NG was called at 19-Mar-2020 02:51:24 as follows:

raxml-ng --threads 1 --bootstrap --bs-trees 83 --seed 370173459 --prefix phylogeny/RAxML-NG/DNA/univ/3rd/SARS-CoV-2_200318.10 --msa phylogeny/RAxML-NG/DNA/univ/3rd/SARS-CoV-2_200318.raxml.rba --outgroup MG772933.1

Analysis options:
  run mode: Bootstrapping
  start tree(s): 
  bootstrap replicates: 83
  random seed: 370173459
  tip-inner: OFF
  pattern compression: ON
  per-rate scalers: OFF
  site repeats: ON
  branch lengths: proportional (ML estimate, algorithm: NR-FAST)
  SIMD kernels: AVX2
  parallelization: NONE/sequential

[00:00:00] Loading binary alignment from file: phylogeny/RAxML-NG/DNA/univ/3rd/SARS-CoV-2_200318.raxml.rba
[00:00:00] Alignment comprises 74 taxa, 2 partitions and 271 patterns

Partition 0: p1_p2
Model: GTR+FO+G4m+B
Alignment sites / patterns: 19432 / 140
Gaps: 0.06 %
Invariant sites: 94.62 %

Partition 1: p3
Model: GTR+FO+I+B
Alignment sites / patterns: 9716 / 131
Gaps: 0.06 %
Invariant sites: 68.17 %


[00:00:00] Data distribution: max. partitions/sites/weight per thread: 2 / 271 / 2764
[00:00:00] Starting bootstrapping analysis with 83 replicates.

[00:00:06] Bootstrap tree #1, logLikelihood: -56478.073865
[00:00:13] Bootstrap tree #2, logLikelihood: -56506.832850
[00:00:19] Bootstrap tree #3, logLikelihood: -56581.207620
[00:00:25] Bootstrap tree #4, logLikelihood: -56977.640454
[00:00:31] Bootstrap tree #5, logLikelihood: -56584.739833
[00:00:37] Bootstrap tree #6, logLikelihood: -57056.704434
[00:00:44] Bootstrap tree #7, logLikelihood: -57016.488988
[00:00:51] Bootstrap tree #8, logLikelihood: -56489.750869
[00:00:58] Bootstrap tree #9, logLikelihood: -56597.077113
[00:01:05] Bootstrap tree #10, logLikelihood: -57102.961522
[00:01:10] Bootstrap tree #11, logLikelihood: -57095.684821
[00:01:16] Bootstrap tree #12, logLikelihood: -56642.147982
[00:01:23] Bootstrap tree #13, logLikelihood: -56447.437321
[00:01:29] Bootstrap tree #14, logLikelihood: -56609.675764
[00:01:36] Bootstrap tree #15, logLikelihood: -56687.247676
[00:01:43] Bootstrap tree #16, logLikelihood: -56850.263910
[00:01:49] Bootstrap tree #17, logLikelihood: -56494.579381
[00:01:56] Bootstrap tree #18, logLikelihood: -56622.476064
[00:02:02] Bootstrap tree #19, logLikelihood: -56745.955438
[00:02:07] Bootstrap tree #20, logLikelihood: -56986.957255
[00:02:17] Bootstrap tree #21, logLikelihood: -56937.071213
[00:02:23] Bootstrap tree #22, logLikelihood: -57012.492917
[00:02:28] Bootstrap tree #23, logLikelihood: -56583.402997
[00:02:34] Bootstrap tree #24, logLikelihood: -56727.305761
[00:02:40] Bootstrap tree #25, logLikelihood: -56385.911453
[00:02:46] Bootstrap tree #26, logLikelihood: -57077.312292
[00:02:53] Bootstrap tree #27, logLikelihood: -56658.845532
[00:03:00] Bootstrap tree #28, logLikelihood: -56806.377276
[00:03:07] Bootstrap tree #29, logLikelihood: -56755.122966
[00:03:14] Bootstrap tree #30, logLikelihood: -56986.206396
[00:03:20] Bootstrap tree #31, logLikelihood: -56623.873290
[00:03:28] Bootstrap tree #32, logLikelihood: -57187.440096
[00:03:35] Bootstrap tree #33, logLikelihood: -57076.534597
[00:03:41] Bootstrap tree #34, logLikelihood: -56506.606917
[00:03:47] Bootstrap tree #35, logLikelihood: -56810.709825
[00:03:54] Bootstrap tree #36, logLikelihood: -56701.848571
[00:04:01] Bootstrap tree #37, logLikelihood: -56784.484682
[00:04:07] Bootstrap tree #38, logLikelihood: -56890.963031
[00:04:14] Bootstrap tree #39, logLikelihood: -57103.262671
[00:04:21] Bootstrap tree #40, logLikelihood: -57201.553739
[00:04:27] Bootstrap tree #41, logLikelihood: -56613.535876
[00:04:37] Bootstrap tree #42, logLikelihood: -56916.327242
[00:04:43] Bootstrap tree #43, logLikelihood: -56506.138682
[00:04:50] Bootstrap tree #44, logLikelihood: -56766.352903
[00:04:55] Bootstrap tree #45, logLikelihood: -56751.975424
[00:05:01] Bootstrap tree #46, logLikelihood: -56655.488065
[00:05:08] Bootstrap tree #47, logLikelihood: -56961.073103
[00:05:15] Bootstrap tree #48, logLikelihood: -57005.324891
[00:05:20] Bootstrap tree #49, logLikelihood: -56808.293363
[00:05:26] Bootstrap tree #50, logLikelihood: -56594.027797
[00:05:32] Bootstrap tree #51, logLikelihood: -56667.101957
[00:05:39] Bootstrap tree #52, logLikelihood: -56912.113915
[00:05:49] Bootstrap tree #53, logLikelihood: -56525.461870
[00:05:55] Bootstrap tree #54, logLikelihood: -56548.652049
[00:06:01] Bootstrap tree #55, logLikelihood: -56660.878424
[00:06:08] Bootstrap tree #56, logLikelihood: -56763.943238
[00:06:14] Bootstrap tree #57, logLikelihood: -56597.608197
[00:06:20] Bootstrap tree #58, logLikelihood: -56479.472607
[00:06:26] Bootstrap tree #59, logLikelihood: -56979.957454
[00:06:32] Bootstrap tree #60, logLikelihood: -56822.420894
[00:06:39] Bootstrap tree #61, logLikelihood: -57202.139992
[00:06:45] Bootstrap tree #62, logLikelihood: -57012.709767
[00:06:52] Bootstrap tree #63, logLikelihood: -56907.890817
[00:06:59] Bootstrap tree #64, logLikelihood: -56645.220491
[00:07:05] Bootstrap tree #65, logLikelihood: -57307.153691
[00:07:11] Bootstrap tree #66, logLikelihood: -56479.593497
[00:07:17] Bootstrap tree #67, logLikelihood: -57028.378712
[00:07:25] Bootstrap tree #68, logLikelihood: -56402.410634
[00:07:31] Bootstrap tree #69, logLikelihood: -56968.818566
[00:07:36] Bootstrap tree #70, logLikelihood: -56955.907323
[00:07:43] Bootstrap tree #71, logLikelihood: -56919.786669
[00:07:49] Bootstrap tree #72, logLikelihood: -56731.757269
[00:07:57] Bootstrap tree #73, logLikelihood: -56671.011458
[00:08:03] Bootstrap tree #74, logLikelihood: -56707.697875
[00:08:09] Bootstrap tree #75, logLikelihood: -57003.279985
[00:08:15] Bootstrap tree #76, logLikelihood: -56660.641759
[00:08:22] Bootstrap tree #77, logLikelihood: -56666.417438
[00:08:28] Bootstrap tree #78, logLikelihood: -56884.136313
[00:08:34] Bootstrap tree #79, logLikelihood: -56879.790253
[00:08:41] Bootstrap tree #80, logLikelihood: -56934.661303
[00:08:49] Bootstrap tree #81, logLikelihood: -56685.371397
[00:08:55] Bootstrap tree #82, logLikelihood: -56951.573790
[00:09:02] Bootstrap tree #83, logLikelihood: -56716.094863

Bootstrap trees saved to: /home/hikoyu/analysis/Genome/SARS-CoV-2/phylogeny/RAxML-NG/DNA/univ/3rd/SARS-CoV-2_200318.10.raxml.bootstraps

Execution log saved to: /home/hikoyu/analysis/Genome/SARS-CoV-2/phylogeny/RAxML-NG/DNA/univ/3rd/SARS-CoV-2_200318.10.raxml.log

Analysis started: 19-Mar-2020 02:51:24 / finished: 19-Mar-2020 03:00:26

Elapsed time: 542.216 seconds

