
RAxML-NG v. 0.9.0 released on 20.05.2019 by The Exelixis Lab.
Developed by: Alexey M. Kozlov and Alexandros Stamatakis.
Contributors: Diego Darriba, Tomas Flouri, Benoit Morel, Sarah Lutteropp, Ben Bettisworth.
Latest version: https://github.com/amkozlov/raxml-ng
Questions/problems/suggestions? Please visit: https://groups.google.com/forum/#!forum/raxml

RAxML-NG was called at 21-Mar-2020 18:40:49 as follows:

raxml-ng --threads 1 --bootstrap --bs-trees 83 --seed 1617898464 --prefix phylogeny/RAxML-NG/DNA/univ/3rd/SARS-CoV-2_200320.9 --msa phylogeny/RAxML-NG/DNA/univ/3rd/SARS-CoV-2_200320.raxml.rba --outgroup MG772933.1

Analysis options:
  run mode: Bootstrapping
  start tree(s): 
  bootstrap replicates: 83
  random seed: 1617898464
  tip-inner: OFF
  pattern compression: ON
  per-rate scalers: OFF
  site repeats: ON
  branch lengths: proportional (ML estimate, algorithm: NR-FAST)
  SIMD kernels: AVX2
  parallelization: NONE/sequential

[00:00:00] Loading binary alignment from file: phylogeny/RAxML-NG/DNA/univ/3rd/SARS-CoV-2_200320.raxml.rba
[00:00:00] Alignment comprises 78 taxa, 2 partitions and 275 patterns

Partition 0: p1_p2
Model: GTR+FO+G4m+B
Alignment sites / patterns: 19432 / 143
Gaps: 0.06 %
Invariant sites: 94.60 %

Partition 1: p3
Model: GTR+FO+I+B
Alignment sites / patterns: 9716 / 132
Gaps: 0.06 %
Invariant sites: 68.17 %


[00:00:00] Data distribution: max. partitions/sites/weight per thread: 2 / 275 / 2816
[00:00:00] Starting bootstrapping analysis with 83 replicates.

[00:00:06] Bootstrap tree #1, logLikelihood: -57050.484594
[00:00:13] Bootstrap tree #2, logLikelihood: -57036.493934
[00:00:20] Bootstrap tree #3, logLikelihood: -56548.993851
[00:00:28] Bootstrap tree #4, logLikelihood: -56910.848077
[00:00:36] Bootstrap tree #5, logLikelihood: -56781.755032
[00:00:43] Bootstrap tree #6, logLikelihood: -56622.952508
[00:00:51] Bootstrap tree #7, logLikelihood: -57057.815351
[00:00:58] Bootstrap tree #8, logLikelihood: -56586.123025
[00:01:05] Bootstrap tree #9, logLikelihood: -56575.962482
[00:01:13] Bootstrap tree #10, logLikelihood: -56815.034454
[00:01:19] Bootstrap tree #11, logLikelihood: -56870.329354
[00:01:26] Bootstrap tree #12, logLikelihood: -56346.206467
[00:01:32] Bootstrap tree #13, logLikelihood: -56676.663330
[00:01:39] Bootstrap tree #14, logLikelihood: -56987.014927
[00:01:45] Bootstrap tree #15, logLikelihood: -56526.622391
[00:01:51] Bootstrap tree #16, logLikelihood: -56747.145884
[00:02:02] Bootstrap tree #17, logLikelihood: -56733.618032
[00:02:09] Bootstrap tree #18, logLikelihood: -56781.825272
[00:02:15] Bootstrap tree #19, logLikelihood: -56975.649313
[00:02:22] Bootstrap tree #20, logLikelihood: -56831.408353
[00:02:29] Bootstrap tree #21, logLikelihood: -56773.618700
[00:02:34] Bootstrap tree #22, logLikelihood: -56607.495815
[00:02:41] Bootstrap tree #23, logLikelihood: -57583.910755
[00:02:47] Bootstrap tree #24, logLikelihood: -56584.110540
[00:02:55] Bootstrap tree #25, logLikelihood: -56635.074080
[00:03:01] Bootstrap tree #26, logLikelihood: -56503.576332
[00:03:08] Bootstrap tree #27, logLikelihood: -56897.000520
[00:03:15] Bootstrap tree #28, logLikelihood: -57084.300630
[00:03:22] Bootstrap tree #29, logLikelihood: -56237.445200
[00:03:28] Bootstrap tree #30, logLikelihood: -56839.047144
[00:03:35] Bootstrap tree #31, logLikelihood: -56453.821389
[00:03:43] Bootstrap tree #32, logLikelihood: -56482.019039
[00:03:50] Bootstrap tree #33, logLikelihood: -56641.979666
[00:03:57] Bootstrap tree #34, logLikelihood: -56899.571814
[00:04:05] Bootstrap tree #35, logLikelihood: -56646.812652
[00:04:15] Bootstrap tree #36, logLikelihood: -56911.020221
[00:04:21] Bootstrap tree #37, logLikelihood: -56815.915517
[00:04:30] Bootstrap tree #38, logLikelihood: -56790.964606
[00:04:37] Bootstrap tree #39, logLikelihood: -56931.682116
[00:04:44] Bootstrap tree #40, logLikelihood: -57009.657831
[00:04:51] Bootstrap tree #41, logLikelihood: -56302.373433
[00:04:58] Bootstrap tree #42, logLikelihood: -56903.515013
[00:05:05] Bootstrap tree #43, logLikelihood: -56813.493091
[00:05:12] Bootstrap tree #44, logLikelihood: -56510.025906
[00:05:19] Bootstrap tree #45, logLikelihood: -56839.253912
[00:05:27] Bootstrap tree #46, logLikelihood: -56907.188322
[00:05:34] Bootstrap tree #47, logLikelihood: -56759.020001
[00:05:41] Bootstrap tree #48, logLikelihood: -57265.661960
[00:05:49] Bootstrap tree #49, logLikelihood: -56744.137081
[00:05:56] Bootstrap tree #50, logLikelihood: -57056.954755
[00:06:02] Bootstrap tree #51, logLikelihood: -56927.474813
[00:06:09] Bootstrap tree #52, logLikelihood: -56815.430886
[00:06:15] Bootstrap tree #53, logLikelihood: -56871.215849
[00:06:23] Bootstrap tree #54, logLikelihood: -56981.653732
[00:06:31] Bootstrap tree #55, logLikelihood: -56814.226120
[00:06:38] Bootstrap tree #56, logLikelihood: -56795.510347
[00:06:45] Bootstrap tree #57, logLikelihood: -56832.483633
[00:06:53] Bootstrap tree #58, logLikelihood: -56901.718795
[00:07:00] Bootstrap tree #59, logLikelihood: -56406.863443
[00:07:08] Bootstrap tree #60, logLikelihood: -56785.070904
[00:07:15] Bootstrap tree #61, logLikelihood: -56938.107547
[00:07:24] Bootstrap tree #62, logLikelihood: -56469.498661
[00:07:32] Bootstrap tree #63, logLikelihood: -56868.349091
[00:07:39] Bootstrap tree #64, logLikelihood: -56677.688263
[00:07:45] Bootstrap tree #65, logLikelihood: -57131.514024
[00:07:52] Bootstrap tree #66, logLikelihood: -56721.464802
[00:08:00] Bootstrap tree #67, logLikelihood: -56608.408979
[00:08:07] Bootstrap tree #68, logLikelihood: -56171.563808
[00:08:15] Bootstrap tree #69, logLikelihood: -56642.790352
[00:08:23] Bootstrap tree #70, logLikelihood: -56903.140022
[00:08:29] Bootstrap tree #71, logLikelihood: -57020.962997
[00:08:35] Bootstrap tree #72, logLikelihood: -56531.472502
[00:08:45] Bootstrap tree #73, logLikelihood: -56942.273719
[00:08:52] Bootstrap tree #74, logLikelihood: -57032.469860
[00:08:58] Bootstrap tree #75, logLikelihood: -57057.092629
[00:09:07] Bootstrap tree #76, logLikelihood: -56891.429297
[00:09:14] Bootstrap tree #77, logLikelihood: -56921.726047
[00:09:22] Bootstrap tree #78, logLikelihood: -56722.688504
[00:09:28] Bootstrap tree #79, logLikelihood: -56423.404405
[00:09:36] Bootstrap tree #80, logLikelihood: -56783.084129
[00:09:44] Bootstrap tree #81, logLikelihood: -56768.322530
[00:09:52] Bootstrap tree #82, logLikelihood: -56915.666850
[00:09:59] Bootstrap tree #83, logLikelihood: -56912.379327

Bootstrap trees saved to: /home/hikoyu/analysis/Genome/SARS-CoV-2/phylogeny/RAxML-NG/DNA/univ/3rd/SARS-CoV-2_200320.9.raxml.bootstraps

Execution log saved to: /home/hikoyu/analysis/Genome/SARS-CoV-2/phylogeny/RAxML-NG/DNA/univ/3rd/SARS-CoV-2_200320.9.raxml.log

Analysis started: 21-Mar-2020 18:40:49 / finished: 21-Mar-2020 18:50:48

Elapsed time: 599.827 seconds

