
RAxML-NG v. 0.9.0 released on 20.05.2019 by The Exelixis Lab.
Developed by: Alexey M. Kozlov and Alexandros Stamatakis.
Contributors: Diego Darriba, Tomas Flouri, Benoit Morel, Sarah Lutteropp, Ben Bettisworth.
Latest version: https://github.com/amkozlov/raxml-ng
Questions/problems/suggestions? Please visit: https://groups.google.com/forum/#!forum/raxml

RAxML-NG was called at 11-Mar-2020 02:07:07 as follows:

raxml-ng --threads 1 --bootstrap --bs-trees 83 --seed 3328541151 --prefix phylogeny/RAxML-NG/DNA/univ/3rd/SARS-CoV-2_200311.7 --msa phylogeny/RAxML-NG/DNA/univ/3rd/SARS-CoV-2_200311.raxml.rba --outgroup MG772933.1

Analysis options:
  run mode: Bootstrapping
  start tree(s): 
  bootstrap replicates: 83
  random seed: 3328541151
  tip-inner: OFF
  pattern compression: ON
  per-rate scalers: OFF
  site repeats: ON
  branch lengths: proportional (ML estimate, algorithm: NR-FAST)
  SIMD kernels: AVX2
  parallelization: NONE/sequential

[00:00:00] Loading binary alignment from file: phylogeny/RAxML-NG/DNA/univ/3rd/SARS-CoV-2_200311.raxml.rba
[00:00:00] Alignment comprises 64 taxa, 2 partitions and 251 patterns

Partition 0: p1_p2
Model: GTR+FO+I+B
Alignment sites / patterns: 19430 / 130
Gaps: 0.05 %
Invariant sites: 94.66 %

Partition 1: p3
Model: GTR+FO+I+B
Alignment sites / patterns: 9715 / 121
Gaps: 0.05 %
Invariant sites: 68.22 %


[00:00:00] Data distribution: max. partitions/sites/weight per thread: 2 / 251 / 1004
[00:00:00] Starting bootstrapping analysis with 83 replicates.

[00:00:03] Bootstrap tree #1, logLikelihood: -56502.214722
[00:00:08] Bootstrap tree #2, logLikelihood: -56606.613197
[00:00:12] Bootstrap tree #3, logLikelihood: -56906.832072
[00:00:15] Bootstrap tree #4, logLikelihood: -56283.796116
[00:00:19] Bootstrap tree #5, logLikelihood: -56289.544119
[00:00:22] Bootstrap tree #6, logLikelihood: -56649.910728
[00:00:26] Bootstrap tree #7, logLikelihood: -56740.551328
[00:00:30] Bootstrap tree #8, logLikelihood: -56621.882139
[00:00:34] Bootstrap tree #9, logLikelihood: -56882.259870
[00:00:38] Bootstrap tree #10, logLikelihood: -56992.625656
[00:00:43] Bootstrap tree #11, logLikelihood: -56781.087055
[00:00:47] Bootstrap tree #12, logLikelihood: -56425.728860
[00:00:51] Bootstrap tree #13, logLikelihood: -56932.198582
[00:00:54] Bootstrap tree #14, logLikelihood: -56289.588441
[00:00:59] Bootstrap tree #15, logLikelihood: -56354.272176
[00:01:04] Bootstrap tree #16, logLikelihood: -56673.944803
[00:01:08] Bootstrap tree #17, logLikelihood: -56641.815080
[00:01:12] Bootstrap tree #18, logLikelihood: -56696.680586
[00:01:16] Bootstrap tree #19, logLikelihood: -56574.606827
[00:01:20] Bootstrap tree #20, logLikelihood: -56728.419410
[00:01:24] Bootstrap tree #21, logLikelihood: -57092.959562
[00:01:28] Bootstrap tree #22, logLikelihood: -57125.528107
[00:01:33] Bootstrap tree #23, logLikelihood: -56214.686499
[00:01:43] Bootstrap tree #24, logLikelihood: -56126.294720
[00:01:47] Bootstrap tree #25, logLikelihood: -56350.890884
[00:01:51] Bootstrap tree #26, logLikelihood: -56254.072229
[00:01:57] Bootstrap tree #27, logLikelihood: -56634.314180
[00:02:00] Bootstrap tree #28, logLikelihood: -56454.820310
[00:02:04] Bootstrap tree #29, logLikelihood: -56510.586370
[00:02:09] Bootstrap tree #30, logLikelihood: -56314.783199
[00:02:13] Bootstrap tree #31, logLikelihood: -56198.272771
[00:02:17] Bootstrap tree #32, logLikelihood: -56347.245737
[00:02:21] Bootstrap tree #33, logLikelihood: -56697.915304
[00:02:24] Bootstrap tree #34, logLikelihood: -56349.105327
[00:02:30] Bootstrap tree #35, logLikelihood: -56461.211302
[00:02:34] Bootstrap tree #36, logLikelihood: -56666.695676
[00:02:41] Bootstrap tree #37, logLikelihood: -56364.932886
[00:02:45] Bootstrap tree #38, logLikelihood: -56508.424410
[00:02:49] Bootstrap tree #39, logLikelihood: -56440.630215
[00:02:52] Bootstrap tree #40, logLikelihood: -56545.271621
[00:02:56] Bootstrap tree #41, logLikelihood: -56525.350039
[00:03:00] Bootstrap tree #42, logLikelihood: -56668.064763
[00:03:05] Bootstrap tree #43, logLikelihood: -56273.012728
[00:03:09] Bootstrap tree #44, logLikelihood: -56635.754073
[00:03:13] Bootstrap tree #45, logLikelihood: -56689.387714
[00:03:17] Bootstrap tree #46, logLikelihood: -56740.266202
[00:03:20] Bootstrap tree #47, logLikelihood: -56158.474473
[00:03:24] Bootstrap tree #48, logLikelihood: -56889.546348
[00:03:28] Bootstrap tree #49, logLikelihood: -56594.232827
[00:03:33] Bootstrap tree #50, logLikelihood: -56354.730863
[00:03:36] Bootstrap tree #51, logLikelihood: -56998.512596
[00:03:40] Bootstrap tree #52, logLikelihood: -56279.026874
[00:03:44] Bootstrap tree #53, logLikelihood: -56470.275535
[00:03:47] Bootstrap tree #54, logLikelihood: -56862.515477
[00:03:52] Bootstrap tree #55, logLikelihood: -56729.069500
[00:03:56] Bootstrap tree #56, logLikelihood: -56685.505294
[00:04:00] Bootstrap tree #57, logLikelihood: -56740.075673
[00:04:03] Bootstrap tree #58, logLikelihood: -56300.234617
[00:04:07] Bootstrap tree #59, logLikelihood: -56816.485510
[00:04:11] Bootstrap tree #60, logLikelihood: -56455.130291
[00:04:15] Bootstrap tree #61, logLikelihood: -56552.428434
[00:04:18] Bootstrap tree #62, logLikelihood: -56494.041308
[00:04:23] Bootstrap tree #63, logLikelihood: -56717.651395
[00:04:29] Bootstrap tree #64, logLikelihood: -56274.294891
[00:04:33] Bootstrap tree #65, logLikelihood: -56622.568664
[00:04:37] Bootstrap tree #66, logLikelihood: -56942.445097
[00:04:40] Bootstrap tree #67, logLikelihood: -56565.711817
[00:04:44] Bootstrap tree #68, logLikelihood: -56411.766946
[00:04:48] Bootstrap tree #69, logLikelihood: -56624.796647
[00:04:55] Bootstrap tree #70, logLikelihood: -56693.820369
[00:04:58] Bootstrap tree #71, logLikelihood: -56239.865700
[00:05:04] Bootstrap tree #72, logLikelihood: -56655.250600
[00:05:07] Bootstrap tree #73, logLikelihood: -56688.242633
[00:05:11] Bootstrap tree #74, logLikelihood: -57163.052556
[00:05:15] Bootstrap tree #75, logLikelihood: -56372.425436
[00:05:20] Bootstrap tree #76, logLikelihood: -56599.377742
[00:05:24] Bootstrap tree #77, logLikelihood: -56448.394558
[00:05:29] Bootstrap tree #78, logLikelihood: -56441.614218
[00:05:33] Bootstrap tree #79, logLikelihood: -56151.019084
[00:05:37] Bootstrap tree #80, logLikelihood: -56326.188096
[00:05:42] Bootstrap tree #81, logLikelihood: -56636.213348
[00:05:47] Bootstrap tree #82, logLikelihood: -56421.706314
[00:05:51] Bootstrap tree #83, logLikelihood: -56506.668092

Bootstrap trees saved to: /home/hikoyu/analysis/Genome/SARS-CoV-2/phylogeny/RAxML-NG/DNA/univ/3rd/SARS-CoV-2_200311.7.raxml.bootstraps

Execution log saved to: /home/hikoyu/analysis/Genome/SARS-CoV-2/phylogeny/RAxML-NG/DNA/univ/3rd/SARS-CoV-2_200311.7.raxml.log

Analysis started: 11-Mar-2020 02:07:07 / finished: 11-Mar-2020 02:12:58

Elapsed time: 351.603 seconds

