
RAxML-NG v. 0.9.0 released on 20.05.2019 by The Exelixis Lab.
Developed by: Alexey M. Kozlov and Alexandros Stamatakis.
Contributors: Diego Darriba, Tomas Flouri, Benoit Morel, Sarah Lutteropp, Ben Bettisworth.
Latest version: https://github.com/amkozlov/raxml-ng
Questions/problems/suggestions? Please visit: https://groups.google.com/forum/#!forum/raxml

RAxML-NG was called at 19-Mar-2020 20:25:28 as follows:

raxml-ng --threads 1 --bootstrap --bs-trees 83 --seed 3365029595 --prefix phylogeny/RAxML-NG/AA/univ/SARS-CoV-2_200318.11 --msa phylogeny/RAxML-NG/AA/univ/SARS-CoV-2_200318.raxml.rba --outgroup MG772933.1

Analysis options:
  run mode: Bootstrapping
  start tree(s): 
  bootstrap replicates: 83
  random seed: 3365029595
  tip-inner: OFF
  pattern compression: ON
  per-rate scalers: OFF
  site repeats: ON
  branch lengths: proportional (ML estimate, algorithm: NR-FAST)
  SIMD kernels: AVX2
  parallelization: NONE/sequential

[00:00:00] Loading binary alignment from file: phylogeny/RAxML-NG/AA/univ/SARS-CoV-2_200318.raxml.rba
[00:00:00] Alignment comprises 74 taxa, 1 partitions and 388 patterns

Partition 0: noname
Model: JTT-DCMUT+FC+G4m
Alignment sites / patterns: 9706 / 388
Gaps: 0.06 %
Invariant sites: 92.47 %


[00:00:00] Data distribution: max. partitions/sites/weight per thread: 1 / 388 / 31040
[00:00:00] Starting bootstrapping analysis with 83 replicates.

[00:01:11] Bootstrap tree #1, logLikelihood: -33438.535704
[00:02:08] Bootstrap tree #2, logLikelihood: -33376.618088
[00:03:23] Bootstrap tree #3, logLikelihood: -33044.574119
[00:04:22] Bootstrap tree #4, logLikelihood: -33436.180170
[00:05:31] Bootstrap tree #5, logLikelihood: -33572.267936
[00:06:41] Bootstrap tree #6, logLikelihood: -33444.011344
[00:07:51] Bootstrap tree #7, logLikelihood: -33312.557995
[00:08:57] Bootstrap tree #8, logLikelihood: -33676.809023
[00:10:00] Bootstrap tree #9, logLikelihood: -33588.371672
[00:11:07] Bootstrap tree #10, logLikelihood: -33489.413771
[00:12:16] Bootstrap tree #11, logLikelihood: -33901.724124
[00:13:21] Bootstrap tree #12, logLikelihood: -33176.444570
[00:14:17] Bootstrap tree #13, logLikelihood: -33104.860989
[00:15:19] Bootstrap tree #14, logLikelihood: -33093.691330
[00:16:22] Bootstrap tree #15, logLikelihood: -33193.620148
[00:17:29] Bootstrap tree #16, logLikelihood: -33443.513382
[00:18:33] Bootstrap tree #17, logLikelihood: -33288.098978
[00:19:38] Bootstrap tree #18, logLikelihood: -33563.253426
[00:20:44] Bootstrap tree #19, logLikelihood: -33811.539534
[00:21:53] Bootstrap tree #20, logLikelihood: -33420.680207
[00:23:08] Bootstrap tree #21, logLikelihood: -33457.541004
[00:24:18] Bootstrap tree #22, logLikelihood: -33273.816822
[00:25:35] Bootstrap tree #23, logLikelihood: -33175.714236
[00:26:42] Bootstrap tree #24, logLikelihood: -33670.646749
[00:28:02] Bootstrap tree #25, logLikelihood: -33284.463808
[00:29:06] Bootstrap tree #26, logLikelihood: -33338.483343
[00:30:19] Bootstrap tree #27, logLikelihood: -33463.723970
[00:31:22] Bootstrap tree #28, logLikelihood: -33500.395978
[00:32:37] Bootstrap tree #29, logLikelihood: -33342.096522
[00:33:43] Bootstrap tree #30, logLikelihood: -33495.118505
[00:34:51] Bootstrap tree #31, logLikelihood: -33305.701696
[00:35:59] Bootstrap tree #32, logLikelihood: -33466.909412
[00:37:03] Bootstrap tree #33, logLikelihood: -33096.426153
[00:38:22] Bootstrap tree #34, logLikelihood: -33534.131855
[00:39:29] Bootstrap tree #35, logLikelihood: -33231.993348
[00:41:10] Bootstrap tree #36, logLikelihood: -33515.403344
[00:43:24] Bootstrap tree #37, logLikelihood: -33442.363639
[00:44:42] Bootstrap tree #38, logLikelihood: -33545.127705
[00:45:54] Bootstrap tree #39, logLikelihood: -33622.400248
[00:46:59] Bootstrap tree #40, logLikelihood: -33333.689015
[00:48:12] Bootstrap tree #41, logLikelihood: -33509.898558
[00:49:21] Bootstrap tree #42, logLikelihood: -33333.914223
[00:52:37] Bootstrap tree #43, logLikelihood: -33116.146294
[00:53:39] Bootstrap tree #44, logLikelihood: -33449.170669
[00:54:44] Bootstrap tree #45, logLikelihood: -33666.160152
[00:56:01] Bootstrap tree #46, logLikelihood: -33419.041686
[00:57:04] Bootstrap tree #47, logLikelihood: -33269.406595
[00:58:11] Bootstrap tree #48, logLikelihood: -33636.299037
[00:59:20] Bootstrap tree #49, logLikelihood: -33553.145591
[01:00:17] Bootstrap tree #50, logLikelihood: -33350.927964
[01:01:33] Bootstrap tree #51, logLikelihood: -33489.080538
[01:02:36] Bootstrap tree #52, logLikelihood: -33279.457555
[01:03:44] Bootstrap tree #53, logLikelihood: -33489.425583
[01:05:06] Bootstrap tree #54, logLikelihood: -33377.461338
[01:06:06] Bootstrap tree #55, logLikelihood: -33235.398458
[01:07:13] Bootstrap tree #56, logLikelihood: -33174.165889
[01:08:24] Bootstrap tree #57, logLikelihood: -33489.107854
[01:10:08] Bootstrap tree #58, logLikelihood: -33351.090521
[01:11:08] Bootstrap tree #59, logLikelihood: -33557.479431
[01:12:08] Bootstrap tree #60, logLikelihood: -33640.373845
[01:13:15] Bootstrap tree #61, logLikelihood: -33154.178612
[01:14:11] Bootstrap tree #62, logLikelihood: -33450.695063
[01:15:13] Bootstrap tree #63, logLikelihood: -33444.641220
[01:16:20] Bootstrap tree #64, logLikelihood: -33428.285332
[01:17:29] Bootstrap tree #65, logLikelihood: -33206.307499
[01:18:31] Bootstrap tree #66, logLikelihood: -33359.399847
[01:19:34] Bootstrap tree #67, logLikelihood: -33257.399023
[01:20:51] Bootstrap tree #68, logLikelihood: -33274.135233
[01:22:03] Bootstrap tree #69, logLikelihood: -33289.439721
[01:23:03] Bootstrap tree #70, logLikelihood: -32978.195418
[01:24:19] Bootstrap tree #71, logLikelihood: -33513.421128
[01:25:42] Bootstrap tree #72, logLikelihood: -33577.020178
[01:26:53] Bootstrap tree #73, logLikelihood: -33537.936735
[01:29:05] Bootstrap tree #74, logLikelihood: -33141.809319
[01:30:09] Bootstrap tree #75, logLikelihood: -33684.266359
[01:31:04] Bootstrap tree #76, logLikelihood: -33511.393682
[01:32:17] Bootstrap tree #77, logLikelihood: -33545.345168
[01:33:21] Bootstrap tree #78, logLikelihood: -33383.314212
[01:34:30] Bootstrap tree #79, logLikelihood: -33198.344378
[01:35:18] Bootstrap tree #80, logLikelihood: -33406.712150
[01:36:15] Bootstrap tree #81, logLikelihood: -33517.416938
[01:36:58] Bootstrap tree #82, logLikelihood: -33475.718733
[01:37:46] Bootstrap tree #83, logLikelihood: -33312.816444

Bootstrap trees saved to: /home/hikoyu/analysis/Genome/SARS-CoV-2/phylogeny/RAxML-NG/AA/univ/SARS-CoV-2_200318.11.raxml.bootstraps

Execution log saved to: /home/hikoyu/analysis/Genome/SARS-CoV-2/phylogeny/RAxML-NG/AA/univ/SARS-CoV-2_200318.11.raxml.log

Analysis started: 19-Mar-2020 20:25:28 / finished: 19-Mar-2020 22:03:15

Elapsed time: 5867.012 seconds

