
RAxML-NG v. 0.9.0 released on 20.05.2019 by The Exelixis Lab.
Developed by: Alexey M. Kozlov and Alexandros Stamatakis.
Contributors: Diego Darriba, Tomas Flouri, Benoit Morel, Sarah Lutteropp, Ben Bettisworth.
Latest version: https://github.com/amkozlov/raxml-ng
Questions/problems/suggestions? Please visit: https://groups.google.com/forum/#!forum/raxml

RAxML-NG was called at 22-Mar-2020 10:02:23 as follows:

raxml-ng --threads 1 --search --tree rand{8},pars{8} --seed 4210305830 --prefix phylogeny/RAxML-NG/AA/univ/SARS-CoV-2_200320.10 --msa phylogeny/RAxML-NG/AA/univ/SARS-CoV-2_200320.raxml.rba --outgroup MG772933.1

Analysis options:
  run mode: ML tree search
  start tree(s): random (8) + parsimony (8)
  random seed: 4210305830
  tip-inner: OFF
  pattern compression: ON
  per-rate scalers: OFF
  site repeats: ON
  fast spr radius: AUTO
  spr subtree cutoff: 1.000000
  branch lengths: proportional (ML estimate, algorithm: NR-FAST)
  SIMD kernels: AVX2
  parallelization: NONE/sequential

[00:00:00] Loading binary alignment from file: phylogeny/RAxML-NG/AA/univ/SARS-CoV-2_200320.raxml.rba
[00:00:00] Alignment comprises 78 taxa, 1 partitions and 391 patterns

Partition 0: noname
Model: JTT-DCMUT+FC+G4m
Alignment sites / patterns: 9706 / 391
Gaps: 0.06 %
Invariant sites: 92.44 %


[00:00:00] Generating 8 random starting tree(s) with 78 taxa
[00:00:00] Generating 8 parsimony starting tree(s) with 78 taxa
[00:00:00] Data distribution: max. partitions/sites/weight per thread: 1 / 391 / 31280

Starting ML tree search with 16 distinct starting trees

[00:00:00 -67296.980040] Initial branch length optimization
[00:00:00 -34184.389098] Model parameter optimization (eps = 10.000000)
[00:00:00 -34104.390045] AUTODETECT spr round 1 (radius: 5)
[00:00:04 -33733.542453] AUTODETECT spr round 2 (radius: 10)
[00:00:11 -33646.479984] AUTODETECT spr round 3 (radius: 15)
[00:00:18 -33497.904384] AUTODETECT spr round 4 (radius: 20)
[00:00:22 -33497.904305] SPR radius for FAST iterations: 15 (autodetect)
[00:00:22 -33497.904305] Model parameter optimization (eps = 3.000000)
[00:00:22 -33493.864941] FAST spr round 1 (radius: 15)
[00:00:37 -33463.515040] FAST spr round 2 (radius: 15)
[00:00:46 -33463.515040] Model parameter optimization (eps = 1.000000)
[00:00:46 -33463.462869] SLOW spr round 1 (radius: 5)
[00:00:58 -33463.461697] SLOW spr round 2 (radius: 10)
[00:01:12 -33463.459670] SLOW spr round 3 (radius: 15)
[00:01:22 -33463.459610] SLOW spr round 4 (radius: 20)
[00:01:31 -33463.459610] SLOW spr round 5 (radius: 25)
[00:01:38 -33463.459610] Model parameter optimization (eps = 0.100000)

[00:01:39] ML tree search #1, logLikelihood: -33463.459314

[00:01:39 -67303.101583] Initial branch length optimization
[00:01:39 -34206.436483] Model parameter optimization (eps = 10.000000)
[00:01:39 -34126.095057] AUTODETECT spr round 1 (radius: 5)
[00:01:43 -33766.145986] AUTODETECT spr round 2 (radius: 10)
[00:01:49 -33691.335827] AUTODETECT spr round 3 (radius: 15)
[00:01:55 -33573.342314] AUTODETECT spr round 4 (radius: 20)
[00:01:59 -33573.342311] SPR radius for FAST iterations: 15 (autodetect)
[00:01:59 -33573.342311] Model parameter optimization (eps = 3.000000)
[00:02:00 -33573.342311] FAST spr round 1 (radius: 15)
[00:02:14 -33468.332686] FAST spr round 2 (radius: 15)
[00:02:23 -33468.332686] Model parameter optimization (eps = 1.000000)
[00:02:24 -33463.466141] SLOW spr round 1 (radius: 5)
[00:02:35 -33463.466139] SLOW spr round 2 (radius: 10)
[00:02:48 -33463.462932] SLOW spr round 3 (radius: 15)
[00:02:58 -33463.462932] SLOW spr round 4 (radius: 20)
[00:03:07 -33463.459478] SLOW spr round 5 (radius: 25)
[00:03:15 -33463.459478] Model parameter optimization (eps = 0.100000)

[00:03:15] ML tree search #2, logLikelihood: -33463.459375

[00:03:15 -67315.813079] Initial branch length optimization
[00:03:16 -34225.375821] Model parameter optimization (eps = 10.000000)
[00:03:16 -34142.695657] AUTODETECT spr round 1 (radius: 5)
[00:03:20 -33664.714004] AUTODETECT spr round 2 (radius: 10)
[00:03:26 -33561.663603] AUTODETECT spr round 3 (radius: 15)
[00:03:32 -33540.276800] AUTODETECT spr round 4 (radius: 20)
[00:03:36 -33540.276800] SPR radius for FAST iterations: 15 (autodetect)
[00:03:36 -33540.276800] Model parameter optimization (eps = 3.000000)
[00:03:36 -33540.276800] FAST spr round 1 (radius: 15)
[00:03:51 -33468.331358] FAST spr round 2 (radius: 15)
[00:04:01 -33468.331358] Model parameter optimization (eps = 1.000000)
[00:04:01 -33463.464781] SLOW spr round 1 (radius: 5)
[00:04:13 -33463.464778] SLOW spr round 2 (radius: 10)
[00:04:26 -33463.462755] SLOW spr round 3 (radius: 15)
[00:04:37 -33463.462755] SLOW spr round 4 (radius: 20)
[00:04:45 -33463.462755] SLOW spr round 5 (radius: 25)
[00:04:51 -33463.462755] Model parameter optimization (eps = 0.100000)

[00:04:51] ML tree search #3, logLikelihood: -33463.462652

[00:04:52 -67287.459816] Initial branch length optimization
[00:04:52 -34167.169054] Model parameter optimization (eps = 10.000000)
[00:04:52 -34087.942358] AUTODETECT spr round 1 (radius: 5)
[00:04:56 -33791.458568] AUTODETECT spr round 2 (radius: 10)
[00:05:02 -33638.092035] AUTODETECT spr round 3 (radius: 15)
[00:05:08 -33627.988183] AUTODETECT spr round 4 (radius: 20)
[00:05:12 -33627.988183] SPR radius for FAST iterations: 15 (autodetect)
[00:05:12 -33627.988183] Model parameter optimization (eps = 3.000000)
[00:05:12 -33627.988183] FAST spr round 1 (radius: 15)
[00:05:30 -33468.331541] FAST spr round 2 (radius: 15)
[00:05:39 -33468.331541] Model parameter optimization (eps = 1.000000)
[00:05:40 -33463.464961] SLOW spr round 1 (radius: 5)
[00:05:52 -33463.464958] SLOW spr round 2 (radius: 10)
[00:06:07 -33463.459477] SLOW spr round 3 (radius: 15)
[00:06:17 -33463.459477] SLOW spr round 4 (radius: 20)
[00:06:27 -33463.459477] SLOW spr round 5 (radius: 25)
[00:06:31 -33463.459477] Model parameter optimization (eps = 0.100000)

[00:06:31] ML tree search #4, logLikelihood: -33463.459370

[00:06:31 -67300.849679] Initial branch length optimization
[00:06:31 -34197.702219] Model parameter optimization (eps = 10.000000)
[00:06:32 -34117.938002] AUTODETECT spr round 1 (radius: 5)
[00:06:36 -33756.000906] AUTODETECT spr round 2 (radius: 10)
[00:06:43 -33599.305459] AUTODETECT spr round 3 (radius: 15)
[00:06:49 -33558.731992] AUTODETECT spr round 4 (radius: 20)
[00:06:53 -33558.731992] SPR radius for FAST iterations: 15 (autodetect)
[00:06:53 -33558.731992] Model parameter optimization (eps = 3.000000)
[00:06:53 -33558.731992] FAST spr round 1 (radius: 15)
[00:07:08 -33468.329235] FAST spr round 2 (radius: 15)
[00:07:17 -33468.329235] Model parameter optimization (eps = 1.000000)
[00:07:17 -33463.462727] SLOW spr round 1 (radius: 5)
[00:07:29 -33463.462656] SLOW spr round 2 (radius: 10)
[00:07:44 -33463.459485] SLOW spr round 3 (radius: 15)
[00:07:55 -33463.459485] SLOW spr round 4 (radius: 20)
[00:08:06 -33463.459485] SLOW spr round 5 (radius: 25)
[00:08:11 -33463.459485] Model parameter optimization (eps = 0.100000)

[00:08:11] ML tree search #5, logLikelihood: -33463.459371

[00:08:11 -67281.440638] Initial branch length optimization
[00:08:11 -34155.027537] Model parameter optimization (eps = 10.000000)
[00:08:12 -34077.125095] AUTODETECT spr round 1 (radius: 5)
[00:08:15 -33757.039979] AUTODETECT spr round 2 (radius: 10)
[00:08:21 -33588.801534] AUTODETECT spr round 3 (radius: 15)
[00:08:28 -33561.504921] AUTODETECT spr round 4 (radius: 20)
[00:08:32 -33561.504915] SPR radius for FAST iterations: 15 (autodetect)
[00:08:32 -33561.504915] Model parameter optimization (eps = 3.000000)
[00:08:32 -33561.504915] FAST spr round 1 (radius: 15)
[00:08:50 -33468.329469] FAST spr round 2 (radius: 15)
[00:08:59 -33468.329469] Model parameter optimization (eps = 1.000000)
[00:09:00 -33463.462930] SLOW spr round 1 (radius: 5)
[00:09:11 -33463.462927] SLOW spr round 2 (radius: 10)
[00:09:25 -33463.459472] SLOW spr round 3 (radius: 15)
[00:09:36 -33463.459472] SLOW spr round 4 (radius: 20)
[00:09:46 -33463.459472] SLOW spr round 5 (radius: 25)
[00:09:51 -33463.459472] Model parameter optimization (eps = 0.100000)

[00:09:51] ML tree search #6, logLikelihood: -33463.459369

[00:09:51 -67281.719870] Initial branch length optimization
[00:09:51 -34165.697215] Model parameter optimization (eps = 10.000000)
[00:09:52 -34085.717800] AUTODETECT spr round 1 (radius: 5)
[00:09:55 -33662.485096] AUTODETECT spr round 2 (radius: 10)
[00:10:02 -33539.642039] AUTODETECT spr round 3 (radius: 15)
[00:10:09 -33509.466179] AUTODETECT spr round 4 (radius: 20)
[00:10:11 -33509.466179] SPR radius for FAST iterations: 15 (autodetect)
[00:10:11 -33509.466179] Model parameter optimization (eps = 3.000000)
[00:10:11 -33505.697223] FAST spr round 1 (radius: 15)
[00:10:28 -33463.558780] FAST spr round 2 (radius: 15)
[00:10:38 -33463.558780] Model parameter optimization (eps = 1.000000)
[00:10:38 -33463.465322] SLOW spr round 1 (radius: 5)
[00:10:50 -33463.465312] SLOW spr round 2 (radius: 10)
[00:11:05 -33463.465312] SLOW spr round 3 (radius: 15)
[00:11:14 -33463.463286] SLOW spr round 4 (radius: 20)
[00:11:24 -33463.463286] SLOW spr round 5 (radius: 25)
[00:11:29 -33463.463286] Model parameter optimization (eps = 0.100000)

[00:11:29] ML tree search #7, logLikelihood: -33463.462830

[00:11:29 -67298.547482] Initial branch length optimization
[00:11:29 -34192.307898] Model parameter optimization (eps = 10.000000)
[00:11:30 -34112.422286] AUTODETECT spr round 1 (radius: 5)
[00:11:33 -33764.165840] AUTODETECT spr round 2 (radius: 10)
[00:11:39 -33620.805836] AUTODETECT spr round 3 (radius: 15)
[00:11:45 -33578.640082] AUTODETECT spr round 4 (radius: 20)
[00:11:48 -33578.640082] SPR radius for FAST iterations: 15 (autodetect)
[00:11:48 -33578.640082] Model parameter optimization (eps = 3.000000)
[00:11:48 -33578.640082] FAST spr round 1 (radius: 15)
[00:12:05 -33468.332633] FAST spr round 2 (radius: 15)
[00:12:16 -33468.332633] Model parameter optimization (eps = 1.000000)
[00:12:16 -33463.466117] SLOW spr round 1 (radius: 5)
[00:12:28 -33463.466114] SLOW spr round 2 (radius: 10)
[00:12:43 -33463.462940] SLOW spr round 3 (radius: 15)
[00:12:55 -33463.462940] SLOW spr round 4 (radius: 20)
[00:13:02 -33463.462940] SLOW spr round 5 (radius: 25)
[00:13:05 -33463.462940] Model parameter optimization (eps = 0.100000)

[00:13:05] ML tree search #8, logLikelihood: -33463.462826

[00:13:05 -66648.479560] Initial branch length optimization
[00:13:06 -33470.636485] Model parameter optimization (eps = 10.000000)
[00:13:06 -33464.304814] AUTODETECT spr round 1 (radius: 5)
[00:13:09 -33463.491585] AUTODETECT spr round 2 (radius: 10)
[00:13:13 -33463.491585] SPR radius for FAST iterations: 5 (autodetect)
[00:13:13 -33463.491585] Model parameter optimization (eps = 3.000000)
[00:13:14 -33463.462954] FAST spr round 1 (radius: 5)
[00:13:19 -33463.462953] Model parameter optimization (eps = 1.000000)
[00:13:19 -33463.462826] SLOW spr round 1 (radius: 5)
[00:13:30 -33463.462826] SLOW spr round 2 (radius: 10)
[00:13:39 -33463.462826] SLOW spr round 3 (radius: 15)
[00:13:48 -33463.462826] SLOW spr round 4 (radius: 20)
[00:13:55 -33463.462826] SLOW spr round 5 (radius: 25)
[00:14:02 -33463.462826] Model parameter optimization (eps = 0.100000)

[00:14:03] ML tree search #9, logLikelihood: -33463.462826

[00:14:03 -66646.327269] Initial branch length optimization
[00:14:03 -33469.827037] Model parameter optimization (eps = 10.000000)
[00:14:03 -33463.495577] AUTODETECT spr round 1 (radius: 5)
[00:14:06 -33463.494480] SPR radius for FAST iterations: 5 (autodetect)
[00:14:06 -33463.494480] Model parameter optimization (eps = 3.000000)
[00:14:06 -33463.466159] FAST spr round 1 (radius: 5)
[00:14:12 -33463.462948] Model parameter optimization (eps = 1.000000)
[00:14:12 -33463.462822] SLOW spr round 1 (radius: 5)
[00:14:22 -33463.462822] SLOW spr round 2 (radius: 10)
[00:14:32 -33463.462822] SLOW spr round 3 (radius: 15)
[00:14:40 -33463.462822] SLOW spr round 4 (radius: 20)
[00:14:47 -33463.462822] SLOW spr round 5 (radius: 25)
[00:14:57 -33463.462822] Model parameter optimization (eps = 0.100000)

[00:14:57] ML tree search #10, logLikelihood: -33463.462822

[00:14:57 -66648.478252] Initial branch length optimization
[00:14:57 -33470.656736] Model parameter optimization (eps = 10.000000)
[00:14:58 -33464.305026] AUTODETECT spr round 1 (radius: 5)
[00:15:01 -33464.300253] SPR radius for FAST iterations: 5 (autodetect)
[00:15:01 -33464.300253] Model parameter optimization (eps = 3.000000)
[00:15:01 -33464.272563] FAST spr round 1 (radius: 5)
[00:15:06 -33464.272558] Model parameter optimization (eps = 1.000000)
[00:15:06 -33464.272434] SLOW spr round 1 (radius: 5)
[00:15:16 -33464.272434] SLOW spr round 2 (radius: 10)
[00:15:26 -33464.272434] SLOW spr round 3 (radius: 15)
[00:15:34 -33464.272434] SLOW spr round 4 (radius: 20)
[00:15:41 -33464.272434] SLOW spr round 5 (radius: 25)
[00:15:48 -33463.799635] SLOW spr round 6 (radius: 5)
[00:15:59 -33463.799635] SLOW spr round 7 (radius: 10)
[00:16:09 -33463.799635] SLOW spr round 8 (radius: 15)
[00:16:17 -33463.799635] SLOW spr round 9 (radius: 20)
[00:16:25 -33463.799635] SLOW spr round 10 (radius: 25)
[00:16:32 -33463.799635] Model parameter optimization (eps = 0.100000)

[00:16:33] ML tree search #11, logLikelihood: -33463.799635

[00:16:33 -66648.150053] Initial branch length optimization
[00:16:33 -33471.370413] Model parameter optimization (eps = 10.000000)
[00:16:33 -33464.875194] AUTODETECT spr round 1 (radius: 5)
[00:16:36 -33464.873574] SPR radius for FAST iterations: 5 (autodetect)
[00:16:36 -33464.873574] Model parameter optimization (eps = 3.000000)
[00:16:36 -33464.845640] FAST spr round 1 (radius: 5)
[00:16:42 -33464.845636] Model parameter optimization (eps = 1.000000)
[00:16:42 -33464.845507] SLOW spr round 1 (radius: 5)
[00:16:53 -33464.842051] SLOW spr round 2 (radius: 10)
[00:17:03 -33464.842051] SLOW spr round 3 (radius: 15)
[00:17:12 -33464.838836] SLOW spr round 4 (radius: 20)
[00:17:20 -33463.460524] SLOW spr round 5 (radius: 5)
[00:17:31 -33463.460524] SLOW spr round 6 (radius: 10)
[00:17:41 -33463.460524] SLOW spr round 7 (radius: 15)
[00:17:51 -33463.460524] SLOW spr round 8 (radius: 20)
[00:17:58 -33463.460524] SLOW spr round 9 (radius: 25)
[00:18:05 -33463.460524] Model parameter optimization (eps = 0.100000)

[00:18:05] ML tree search #12, logLikelihood: -33463.459375

[00:18:05 -66648.485766] Initial branch length optimization
[00:18:05 -33470.636608] Model parameter optimization (eps = 10.000000)
[00:18:05 -33464.304989] AUTODETECT spr round 1 (radius: 5)
[00:18:09 -33464.303979] SPR radius for FAST iterations: 5 (autodetect)
[00:18:09 -33464.303979] Model parameter optimization (eps = 3.000000)
[00:18:09 -33464.275765] FAST spr round 1 (radius: 5)
[00:18:14 -33464.275760] Model parameter optimization (eps = 1.000000)
[00:18:14 -33464.275635] SLOW spr round 1 (radius: 5)
[00:18:25 -33464.272437] SLOW spr round 2 (radius: 10)
[00:18:35 -33464.272437] SLOW spr round 3 (radius: 15)
[00:18:43 -33464.272437] SLOW spr round 4 (radius: 20)
[00:18:51 -33464.272437] SLOW spr round 5 (radius: 25)
[00:18:58 -33464.272437] Model parameter optimization (eps = 0.100000)

[00:18:58] ML tree search #13, logLikelihood: -33464.272437

[00:18:58 -66647.540553] Initial branch length optimization
[00:18:58 -33471.326206] Model parameter optimization (eps = 10.000000)
[00:18:59 -33464.874241] AUTODETECT spr round 1 (radius: 5)
[00:19:02 -33464.873861] SPR radius for FAST iterations: 5 (autodetect)
[00:19:02 -33464.873861] Model parameter optimization (eps = 3.000000)
[00:19:02 -33464.844456] FAST spr round 1 (radius: 5)
[00:19:08 -33464.844454] Model parameter optimization (eps = 1.000000)
[00:19:08 -33464.844323] SLOW spr round 1 (radius: 5)
[00:19:19 -33464.842297] SLOW spr round 2 (radius: 10)
[00:19:29 -33464.842297] SLOW spr round 3 (radius: 15)
[00:19:37 -33462.843498] SLOW spr round 4 (radius: 5)
[00:19:47 -33462.843498] SLOW spr round 5 (radius: 10)
[00:19:56 -33462.843498] SLOW spr round 6 (radius: 15)
[00:20:05 -33462.843498] SLOW spr round 7 (radius: 20)
[00:20:12 -33462.843498] SLOW spr round 8 (radius: 25)
[00:20:19 -33462.843498] Model parameter optimization (eps = 0.100000)

[00:20:19] ML tree search #14, logLikelihood: -33462.842351

[00:20:19 -66647.876578] Initial branch length optimization
[00:20:19 -33470.635235] Model parameter optimization (eps = 10.000000)
[00:20:20 -33464.303503] AUTODETECT spr round 1 (radius: 5)
[00:20:23 -33464.303270] SPR radius for FAST iterations: 5 (autodetect)
[00:20:23 -33464.303270] Model parameter optimization (eps = 3.000000)
[00:20:23 -33464.274591] FAST spr round 1 (radius: 5)
[00:20:27 -33464.274590] Model parameter optimization (eps = 1.000000)
[00:20:27 -33464.274463] SLOW spr round 1 (radius: 5)
[00:20:37 -33464.272438] SLOW spr round 2 (radius: 10)
[00:20:45 -33463.799638] SLOW spr round 3 (radius: 5)
[00:20:55 -33463.799638] SLOW spr round 4 (radius: 10)
[00:21:04 -33463.799638] SLOW spr round 5 (radius: 15)
[00:21:12 -33463.799638] SLOW spr round 6 (radius: 20)
[00:21:18 -33463.799638] SLOW spr round 7 (radius: 25)
[00:21:23 -33463.799638] Model parameter optimization (eps = 0.100000)

[00:21:23] ML tree search #15, logLikelihood: -33463.799638

[00:21:23 -66648.147749] Initial branch length optimization
[00:21:23 -33471.327528] Model parameter optimization (eps = 10.000000)
[00:21:23 -33464.876205] AUTODETECT spr round 1 (radius: 5)
[00:21:26 -33464.873853] SPR radius for FAST iterations: 5 (autodetect)
[00:21:26 -33464.873853] Model parameter optimization (eps = 3.000000)
[00:21:26 -33464.844459] FAST spr round 1 (radius: 5)
[00:21:30 -33464.844454] Model parameter optimization (eps = 1.000000)
[00:21:31 -33464.844320] SLOW spr round 1 (radius: 5)
[00:21:39 -33464.842295] SLOW spr round 2 (radius: 10)
[00:21:47 -33464.842295] SLOW spr round 3 (radius: 15)
[00:21:54 -33464.842295] SLOW spr round 4 (radius: 20)
[00:21:59 -33464.842295] SLOW spr round 5 (radius: 25)
[00:22:05 -33464.842295] Model parameter optimization (eps = 0.100000)

[00:22:05] ML tree search #16, logLikelihood: -33464.842295


Optimized model parameters:

   Partition 0: noname
   Rate heterogeneity: GAMMA (4 cats, mean),  alpha: 0.280104 (ML),  weights&rates: (0.250000,0.003821) (0.250000,0.089137) (0.250000,0.560827) (0.250000,3.346215) 
   Base frequencies (empirical): 0.067604 0.036079 0.054749 0.052452 0.030325 0.037509 0.045250 0.059375 0.019285 0.052406 0.094694 0.057924 0.021138 0.050918 0.040597 0.067955 0.073906 0.011340 0.046076 0.080418 
   Substitution rates (model): 0.531678 0.557967 0.827445 0.574478 0.556725 1.066681 1.740159 0.219970 0.361684 0.310007 0.369437 0.469395 0.138293 1.959599 3.887095 4.582565 0.084329 0.139492 2.924161 0.451095 0.154899 1.019843 3.021995 0.318483 1.359652 3.210671 0.239195 0.372261 6.529255 0.431045 0.065314 0.710489 1.001551 0.650282 1.257961 0.235601 0.171995 5.549530 0.313311 0.768834 0.578115 0.773313 4.025778 0.491003 0.137289 2.529517 0.330720 0.073481 0.121804 5.057964 2.351311 0.027700 0.700693 0.164525 0.105625 0.521646 7.766557 1.272434 1.032342 0.115968 0.061486 0.282466 0.190001 0.032522 0.127164 0.589268 0.425159 0.057466 0.453952 0.315261 0.091304 0.053907 0.546389 0.724998 0.150559 0.164593 0.049009 0.409202 0.678335 0.123653 2.155331 0.469823 1.104181 2.114852 0.621323 3.417706 0.231294 5.684080 0.078270 0.709004 2.966732 0.456901 0.045683 1.608126 0.548807 0.523825 0.172206 0.254745 0.179771 1.115632 0.243768 0.111773 0.097485 1.731684 0.175084 0.043829 0.191994 0.312449 0.331584 0.114381 0.063452 0.465271 0.201696 0.053769 0.069492 0.269840 0.130379 0.050212 0.208081 1.874296 0.316862 0.544180 0.052500 0.470140 0.181788 0.540571 0.525096 0.329660 0.453428 1.141961 0.743458 0.477355 0.128193 5.848400 0.121827 2.335139 0.202562 4.831666 0.777090 0.098580 0.405119 2.553806 0.134510 0.303445 9.533943 0.146481 3.856906 2.500294 1.060504 0.592511 0.272514 0.530324 0.241094 1.761439 0.624581 0.024521 0.216345 0.474478 0.965641 0.089134 0.087904 0.124066 0.436181 0.164215 0.285564 2.114728 0.201334 0.189870 3.038533 0.148483 0.943971 0.138904 0.537922 5.484236 0.593478 2.788406 1.176961 0.069965 0.113850 0.211561 4.777647 0.310927 0.628608 0.408532 0.080556 0.201094 1.143980 0.747889 0.239697 0.165473 


Final LogLikelihood: -33462.842351

AIC score: 67271.684702 / AICc score: 67278.000690 / BIC score: 68513.911120
Free parameters (model + branch lengths): 173

Best ML tree saved to: /home/hikoyu/analysis/Genome/SARS-CoV-2/phylogeny/RAxML-NG/AA/univ/SARS-CoV-2_200320.10.raxml.bestTree
All ML trees saved to: /home/hikoyu/analysis/Genome/SARS-CoV-2/phylogeny/RAxML-NG/AA/univ/SARS-CoV-2_200320.10.raxml.mlTrees
Optimized model saved to: /home/hikoyu/analysis/Genome/SARS-CoV-2/phylogeny/RAxML-NG/AA/univ/SARS-CoV-2_200320.10.raxml.bestModel

Execution log saved to: /home/hikoyu/analysis/Genome/SARS-CoV-2/phylogeny/RAxML-NG/AA/univ/SARS-CoV-2_200320.10.raxml.log

Analysis started: 22-Mar-2020 10:02:23 / finished: 22-Mar-2020 10:24:28

Elapsed time: 1325.643 seconds

