
RAxML-NG v. 0.9.0 released on 20.05.2019 by The Exelixis Lab.
Developed by: Alexey M. Kozlov and Alexandros Stamatakis.
Contributors: Diego Darriba, Tomas Flouri, Benoit Morel, Sarah Lutteropp, Ben Bettisworth.
Latest version: https://github.com/amkozlov/raxml-ng
Questions/problems/suggestions? Please visit: https://groups.google.com/forum/#!forum/raxml

RAxML-NG was called at 11-Mar-2020 13:42:24 as follows:

raxml-ng --threads 1 --bootstrap --bs-trees 83 --seed 2901205716 --prefix phylogeny/RAxML-NG/AA/univ/SARS-CoV-2_200311.7 --msa phylogeny/RAxML-NG/AA/univ/SARS-CoV-2_200311.raxml.rba --outgroup MG772933.1

Analysis options:
  run mode: Bootstrapping
  start tree(s): 
  bootstrap replicates: 83
  random seed: 2901205716
  tip-inner: OFF
  pattern compression: ON
  per-rate scalers: OFF
  site repeats: ON
  branch lengths: proportional (ML estimate, algorithm: NR-FAST)
  SIMD kernels: AVX2
  parallelization: NONE/sequential

[00:00:00] Loading binary alignment from file: phylogeny/RAxML-NG/AA/univ/SARS-CoV-2_200311.raxml.rba
[00:00:00] Alignment comprises 64 taxa, 1 partitions and 378 patterns

Partition 0: noname
Model: JTT-DCMUT+FC+G4m
Alignment sites / patterns: 9705 / 378
Gaps: 0.05 %
Invariant sites: 92.56 %


[00:00:00] Data distribution: max. partitions/sites/weight per thread: 1 / 378 / 30240
[00:00:00] Starting bootstrapping analysis with 83 replicates.

[00:00:48] Bootstrap tree #1, logLikelihood: -33241.269235
[00:01:35] Bootstrap tree #2, logLikelihood: -33440.016608
[00:02:26] Bootstrap tree #3, logLikelihood: -33415.732276
[00:03:20] Bootstrap tree #4, logLikelihood: -33442.905384
[00:04:06] Bootstrap tree #5, logLikelihood: -33065.957283
[00:04:58] Bootstrap tree #6, logLikelihood: -33373.928994
[00:06:16] Bootstrap tree #7, logLikelihood: -33856.139604
[00:07:00] Bootstrap tree #8, logLikelihood: -33176.783850
[00:07:51] Bootstrap tree #9, logLikelihood: -33256.103105
[00:08:47] Bootstrap tree #10, logLikelihood: -33615.221850
[00:09:32] Bootstrap tree #11, logLikelihood: -33389.509692
[00:10:19] Bootstrap tree #12, logLikelihood: -33515.402944
[00:11:11] Bootstrap tree #13, logLikelihood: -33280.752686
[00:12:03] Bootstrap tree #14, logLikelihood: -33215.187596
[00:12:48] Bootstrap tree #15, logLikelihood: -33468.557975
[00:14:43] Bootstrap tree #16, logLikelihood: -33208.655865
[00:15:46] Bootstrap tree #17, logLikelihood: -33455.724308
[00:16:47] Bootstrap tree #18, logLikelihood: -33388.938343
[00:17:47] Bootstrap tree #19, logLikelihood: -33294.367455
[00:18:56] Bootstrap tree #20, logLikelihood: -33310.867470
[00:19:49] Bootstrap tree #21, logLikelihood: -33188.089753
[00:20:57] Bootstrap tree #22, logLikelihood: -33166.404899
[00:22:31] Bootstrap tree #23, logLikelihood: -33110.538961
[00:23:54] Bootstrap tree #24, logLikelihood: -33228.729112
[00:24:48] Bootstrap tree #25, logLikelihood: -33198.710991
[00:25:40] Bootstrap tree #26, logLikelihood: -33454.809579
[00:26:47] Bootstrap tree #27, logLikelihood: -33352.621307
[00:27:37] Bootstrap tree #28, logLikelihood: -33463.510402
[00:28:30] Bootstrap tree #29, logLikelihood: -33340.238435
[00:29:21] Bootstrap tree #30, logLikelihood: -33191.532783
[00:30:19] Bootstrap tree #31, logLikelihood: -33364.488203
[00:31:16] Bootstrap tree #32, logLikelihood: -33058.013222
[00:32:11] Bootstrap tree #33, logLikelihood: -33393.338370
[00:32:55] Bootstrap tree #34, logLikelihood: -33115.710926
[00:33:39] Bootstrap tree #35, logLikelihood: -33469.101866
[00:34:33] Bootstrap tree #36, logLikelihood: -33596.713540
[00:35:33] Bootstrap tree #37, logLikelihood: -33320.961022
[00:36:17] Bootstrap tree #38, logLikelihood: -33331.010122
[00:37:10] Bootstrap tree #39, logLikelihood: -33377.598026
[00:37:56] Bootstrap tree #40, logLikelihood: -33367.060921
[00:38:54] Bootstrap tree #41, logLikelihood: -33377.203530
[00:39:53] Bootstrap tree #42, logLikelihood: -33398.427249
[00:40:54] Bootstrap tree #43, logLikelihood: -33651.732524
[00:41:42] Bootstrap tree #44, logLikelihood: -33280.415553
[00:42:40] Bootstrap tree #45, logLikelihood: -33229.695232
[00:43:30] Bootstrap tree #46, logLikelihood: -32991.648383
[00:44:14] Bootstrap tree #47, logLikelihood: -33380.617938
[00:44:54] Bootstrap tree #48, logLikelihood: -33286.343415
[00:45:45] Bootstrap tree #49, logLikelihood: -33585.561779
[00:46:35] Bootstrap tree #50, logLikelihood: -33369.186061
[00:47:29] Bootstrap tree #51, logLikelihood: -33269.762752
[00:48:22] Bootstrap tree #52, logLikelihood: -33285.299680
[00:49:22] Bootstrap tree #53, logLikelihood: -33274.312695
[00:50:10] Bootstrap tree #54, logLikelihood: -33246.723551
[00:50:59] Bootstrap tree #55, logLikelihood: -33618.186640
[00:51:48] Bootstrap tree #56, logLikelihood: -33291.750847
[00:52:34] Bootstrap tree #57, logLikelihood: -33331.780972
[00:53:31] Bootstrap tree #58, logLikelihood: -33262.516878
[00:54:22] Bootstrap tree #59, logLikelihood: -33340.035415
[00:55:12] Bootstrap tree #60, logLikelihood: -32879.420063
[00:56:43] Bootstrap tree #61, logLikelihood: -33262.117038
[00:57:36] Bootstrap tree #62, logLikelihood: -33148.435568
[00:58:25] Bootstrap tree #63, logLikelihood: -33345.335659
[00:59:07] Bootstrap tree #64, logLikelihood: -33487.396227
[01:00:03] Bootstrap tree #65, logLikelihood: -33492.669302
[01:00:59] Bootstrap tree #66, logLikelihood: -33457.351443
[01:01:46] Bootstrap tree #67, logLikelihood: -33382.924888
[01:02:42] Bootstrap tree #68, logLikelihood: -33142.994701
[01:03:45] Bootstrap tree #69, logLikelihood: -33312.364456
[01:04:46] Bootstrap tree #70, logLikelihood: -33121.041286
[01:05:43] Bootstrap tree #71, logLikelihood: -33235.409888
[01:06:28] Bootstrap tree #72, logLikelihood: -33146.294720
[01:07:23] Bootstrap tree #73, logLikelihood: -32919.135163
[01:08:09] Bootstrap tree #74, logLikelihood: -33262.846567
[01:09:46] Bootstrap tree #75, logLikelihood: -33331.498406
[01:10:35] Bootstrap tree #76, logLikelihood: -33459.918253
[01:11:35] Bootstrap tree #77, logLikelihood: -33123.994312
[01:12:33] Bootstrap tree #78, logLikelihood: -33157.020324
[01:13:25] Bootstrap tree #79, logLikelihood: -33511.605823
[01:14:09] Bootstrap tree #80, logLikelihood: -33309.108710
[01:15:00] Bootstrap tree #81, logLikelihood: -33166.376521
[01:15:58] Bootstrap tree #82, logLikelihood: -33094.893985
[01:16:51] Bootstrap tree #83, logLikelihood: -33568.597087

Bootstrap trees saved to: /home/hikoyu/analysis/Genome/SARS-CoV-2/phylogeny/RAxML-NG/AA/univ/SARS-CoV-2_200311.7.raxml.bootstraps

Execution log saved to: /home/hikoyu/analysis/Genome/SARS-CoV-2/phylogeny/RAxML-NG/AA/univ/SARS-CoV-2_200311.7.raxml.log

Analysis started: 11-Mar-2020 13:42:24 / finished: 11-Mar-2020 14:59:16

Elapsed time: 4611.979 seconds

