
RAxML-NG v. 0.9.0 released on 20.05.2019 by The Exelixis Lab.
Developed by: Alexey M. Kozlov and Alexandros Stamatakis.
Contributors: Diego Darriba, Tomas Flouri, Benoit Morel, Sarah Lutteropp, Ben Bettisworth.
Latest version: https://github.com/amkozlov/raxml-ng
Questions/problems/suggestions? Please visit: https://groups.google.com/forum/#!forum/raxml

RAxML-NG was called at 11-Mar-2020 13:38:18 as follows:

raxml-ng --threads 1 --bootstrap --bs-trees 83 --seed 1730707523 --prefix phylogeny/RAxML-NG/AA/univ/SARS-CoV-2_200311.4 --msa phylogeny/RAxML-NG/AA/univ/SARS-CoV-2_200311.raxml.rba --outgroup MG772933.1

Analysis options:
  run mode: Bootstrapping
  start tree(s): 
  bootstrap replicates: 83
  random seed: 1730707523
  tip-inner: OFF
  pattern compression: ON
  per-rate scalers: OFF
  site repeats: ON
  branch lengths: proportional (ML estimate, algorithm: NR-FAST)
  SIMD kernels: AVX2
  parallelization: NONE/sequential

[00:00:00] Loading binary alignment from file: phylogeny/RAxML-NG/AA/univ/SARS-CoV-2_200311.raxml.rba
[00:00:00] Alignment comprises 64 taxa, 1 partitions and 378 patterns

Partition 0: noname
Model: JTT-DCMUT+FC+G4m
Alignment sites / patterns: 9705 / 378
Gaps: 0.05 %
Invariant sites: 92.56 %


[00:00:00] Data distribution: max. partitions/sites/weight per thread: 1 / 378 / 30240
[00:00:00] Starting bootstrapping analysis with 83 replicates.

[00:00:54] Bootstrap tree #1, logLikelihood: -33307.206215
[00:02:13] Bootstrap tree #2, logLikelihood: -33368.562282
[00:03:04] Bootstrap tree #3, logLikelihood: -33479.079573
[00:03:54] Bootstrap tree #4, logLikelihood: -33000.439628
[00:04:42] Bootstrap tree #5, logLikelihood: -33223.056973
[00:05:32] Bootstrap tree #6, logLikelihood: -33290.142454
[00:06:28] Bootstrap tree #7, logLikelihood: -33228.334324
[00:07:24] Bootstrap tree #8, logLikelihood: -33519.342470
[00:08:14] Bootstrap tree #9, logLikelihood: -33413.915750
[00:09:06] Bootstrap tree #10, logLikelihood: -33098.078362
[00:09:53] Bootstrap tree #11, logLikelihood: -33305.100012
[00:10:38] Bootstrap tree #12, logLikelihood: -33063.200291
[00:11:26] Bootstrap tree #13, logLikelihood: -33198.382000
[00:12:11] Bootstrap tree #14, logLikelihood: -33404.228800
[00:13:25] Bootstrap tree #15, logLikelihood: -33391.306694
[00:14:23] Bootstrap tree #16, logLikelihood: -33751.213494
[00:15:23] Bootstrap tree #17, logLikelihood: -33204.196289
[00:16:56] Bootstrap tree #18, logLikelihood: -33251.740440
[00:17:49] Bootstrap tree #19, logLikelihood: -33366.989476
[00:18:57] Bootstrap tree #20, logLikelihood: -33508.542053
[00:19:52] Bootstrap tree #21, logLikelihood: -33425.882884
[00:20:39] Bootstrap tree #22, logLikelihood: -33226.988687
[00:21:34] Bootstrap tree #23, logLikelihood: -33444.122276
[00:22:24] Bootstrap tree #24, logLikelihood: -33681.703763
[00:24:46] Bootstrap tree #25, logLikelihood: -33180.243475
[00:25:43] Bootstrap tree #26, logLikelihood: -33225.503091
[00:26:31] Bootstrap tree #27, logLikelihood: -33214.439314
[00:27:18] Bootstrap tree #28, logLikelihood: -33170.155913
[00:28:13] Bootstrap tree #29, logLikelihood: -33374.571568
[00:30:05] Bootstrap tree #30, logLikelihood: -33165.363516
[00:30:57] Bootstrap tree #31, logLikelihood: -33005.069740
[00:31:46] Bootstrap tree #32, logLikelihood: -33583.097174
[00:32:39] Bootstrap tree #33, logLikelihood: -33111.336812
[00:33:24] Bootstrap tree #34, logLikelihood: -33249.338562
[00:34:14] Bootstrap tree #35, logLikelihood: -33476.292304
[00:35:14] Bootstrap tree #36, logLikelihood: -33405.540441
[00:36:02] Bootstrap tree #37, logLikelihood: -33299.671783
[00:36:49] Bootstrap tree #38, logLikelihood: -33054.959978
[00:37:53] Bootstrap tree #39, logLikelihood: -33096.809683
[00:38:39] Bootstrap tree #40, logLikelihood: -32827.258384
[00:39:28] Bootstrap tree #41, logLikelihood: -33278.402703
[00:40:17] Bootstrap tree #42, logLikelihood: -33362.560908
[00:41:04] Bootstrap tree #43, logLikelihood: -33176.035839
[00:41:58] Bootstrap tree #44, logLikelihood: -33167.152303
[00:42:45] Bootstrap tree #45, logLikelihood: -33337.406589
[00:43:36] Bootstrap tree #46, logLikelihood: -33087.622730
[00:44:26] Bootstrap tree #47, logLikelihood: -33296.516854
[00:45:19] Bootstrap tree #48, logLikelihood: -33571.802740
[00:46:09] Bootstrap tree #49, logLikelihood: -33162.926121
[00:47:01] Bootstrap tree #50, logLikelihood: -33244.892736
[00:47:52] Bootstrap tree #51, logLikelihood: -33771.187546
[00:48:46] Bootstrap tree #52, logLikelihood: -33577.312722
[00:49:39] Bootstrap tree #53, logLikelihood: -32903.784064
[00:50:24] Bootstrap tree #54, logLikelihood: -32913.455716
[00:52:10] Bootstrap tree #55, logLikelihood: -33480.676290
[00:52:56] Bootstrap tree #56, logLikelihood: -33491.131986
[00:53:44] Bootstrap tree #57, logLikelihood: -33538.048770
[00:54:35] Bootstrap tree #58, logLikelihood: -33285.821988
[00:55:26] Bootstrap tree #59, logLikelihood: -33359.290395
[00:56:18] Bootstrap tree #60, logLikelihood: -33192.204315
[00:57:20] Bootstrap tree #61, logLikelihood: -33363.681300
[00:58:16] Bootstrap tree #62, logLikelihood: -33091.018868
[00:59:09] Bootstrap tree #63, logLikelihood: -33471.378121
[00:59:59] Bootstrap tree #64, logLikelihood: -33244.360180
[01:01:24] Bootstrap tree #65, logLikelihood: -33474.113096
[01:02:13] Bootstrap tree #66, logLikelihood: -33217.555296
[01:02:59] Bootstrap tree #67, logLikelihood: -33169.185082
[01:04:02] Bootstrap tree #68, logLikelihood: -33593.417751
[01:05:01] Bootstrap tree #69, logLikelihood: -33138.803458
[01:05:58] Bootstrap tree #70, logLikelihood: -33183.622104
[01:06:58] Bootstrap tree #71, logLikelihood: -33276.898919
[01:07:41] Bootstrap tree #72, logLikelihood: -33178.437528
[01:08:40] Bootstrap tree #73, logLikelihood: -33506.914569
[01:09:32] Bootstrap tree #74, logLikelihood: -33051.986957
[01:10:19] Bootstrap tree #75, logLikelihood: -33109.219320
[01:11:10] Bootstrap tree #76, logLikelihood: -33138.699316
[01:12:03] Bootstrap tree #77, logLikelihood: -33259.461054
[01:12:49] Bootstrap tree #78, logLikelihood: -33090.079808
[01:13:40] Bootstrap tree #79, logLikelihood: -33617.916223
[01:14:27] Bootstrap tree #80, logLikelihood: -33353.203909
[01:15:16] Bootstrap tree #81, logLikelihood: -33371.926716
[01:16:08] Bootstrap tree #82, logLikelihood: -33280.146255
[01:18:28] Bootstrap tree #83, logLikelihood: -33332.721697

Bootstrap trees saved to: /home/hikoyu/analysis/Genome/SARS-CoV-2/phylogeny/RAxML-NG/AA/univ/SARS-CoV-2_200311.4.raxml.bootstraps

Execution log saved to: /home/hikoyu/analysis/Genome/SARS-CoV-2/phylogeny/RAxML-NG/AA/univ/SARS-CoV-2_200311.4.raxml.log

Analysis started: 11-Mar-2020 13:38:18 / finished: 11-Mar-2020 14:56:46

Elapsed time: 4708.313 seconds

