
RAxML-NG v. 0.9.0 released on 20.05.2019 by The Exelixis Lab.
Developed by: Alexey M. Kozlov and Alexandros Stamatakis.
Contributors: Diego Darriba, Tomas Flouri, Benoit Morel, Sarah Lutteropp, Ben Bettisworth.
Latest version: https://github.com/amkozlov/raxml-ng
Questions/problems/suggestions? Please visit: https://groups.google.com/forum/#!forum/raxml

RAxML-NG was called at 19-Mar-2020 20:22:07 as follows:

raxml-ng --threads 1 --bootstrap --bs-trees 83 --seed 4292843746 --prefix phylogeny/RAxML-NG/AA/univ/SARS-CoV-2_200318.10 --msa phylogeny/RAxML-NG/AA/univ/SARS-CoV-2_200318.raxml.rba --outgroup MG772933.1

Analysis options:
  run mode: Bootstrapping
  start tree(s): 
  bootstrap replicates: 83
  random seed: 4292843746
  tip-inner: OFF
  pattern compression: ON
  per-rate scalers: OFF
  site repeats: ON
  branch lengths: proportional (ML estimate, algorithm: NR-FAST)
  SIMD kernels: AVX2
  parallelization: NONE/sequential

[00:00:00] Loading binary alignment from file: phylogeny/RAxML-NG/AA/univ/SARS-CoV-2_200318.raxml.rba
[00:00:00] Alignment comprises 74 taxa, 1 partitions and 388 patterns

Partition 0: noname
Model: JTT-DCMUT+FC+G4m
Alignment sites / patterns: 9706 / 388
Gaps: 0.06 %
Invariant sites: 92.47 %


[00:00:00] Data distribution: max. partitions/sites/weight per thread: 1 / 388 / 31040
[00:00:00] Starting bootstrapping analysis with 83 replicates.

[00:01:05] Bootstrap tree #1, logLikelihood: -33211.410619
[00:02:16] Bootstrap tree #2, logLikelihood: -33773.809497
[00:03:17] Bootstrap tree #3, logLikelihood: -33237.442521
[00:04:22] Bootstrap tree #4, logLikelihood: -33564.436955
[00:05:21] Bootstrap tree #5, logLikelihood: -33125.586709
[00:06:23] Bootstrap tree #6, logLikelihood: -33443.935659
[00:07:18] Bootstrap tree #7, logLikelihood: -33636.337425
[00:08:34] Bootstrap tree #8, logLikelihood: -33376.927371
[00:10:18] Bootstrap tree #9, logLikelihood: -33274.399341
[00:11:18] Bootstrap tree #10, logLikelihood: -33486.768710
[00:12:20] Bootstrap tree #11, logLikelihood: -33569.407408
[00:13:23] Bootstrap tree #12, logLikelihood: -33345.987772
[00:14:38] Bootstrap tree #13, logLikelihood: -33575.222652
[00:15:45] Bootstrap tree #14, logLikelihood: -33407.840317
[00:16:50] Bootstrap tree #15, logLikelihood: -33573.061712
[00:18:00] Bootstrap tree #16, logLikelihood: -33032.880115
[00:19:18] Bootstrap tree #17, logLikelihood: -33613.125603
[00:20:22] Bootstrap tree #18, logLikelihood: -33344.962345
[00:21:30] Bootstrap tree #19, logLikelihood: -33257.653856
[00:22:31] Bootstrap tree #20, logLikelihood: -33052.894226
[00:23:37] Bootstrap tree #21, logLikelihood: -33117.246613
[00:24:57] Bootstrap tree #22, logLikelihood: -33583.213809
[00:26:14] Bootstrap tree #23, logLikelihood: -32960.153991
[00:27:22] Bootstrap tree #24, logLikelihood: -33795.998150
[00:28:23] Bootstrap tree #25, logLikelihood: -33844.891432
[00:29:46] Bootstrap tree #26, logLikelihood: -33826.940266
[00:30:53] Bootstrap tree #27, logLikelihood: -33260.175261
[00:31:52] Bootstrap tree #28, logLikelihood: -33336.995762
[00:33:07] Bootstrap tree #29, logLikelihood: -33152.752073
[00:34:04] Bootstrap tree #30, logLikelihood: -33041.172405
[00:35:52] Bootstrap tree #31, logLikelihood: -33583.113763
[00:37:06] Bootstrap tree #32, logLikelihood: -33464.642611
[00:37:57] Bootstrap tree #33, logLikelihood: -33252.633253
[00:39:00] Bootstrap tree #34, logLikelihood: -33343.125972
[00:40:06] Bootstrap tree #35, logLikelihood: -33332.042668
[00:41:13] Bootstrap tree #36, logLikelihood: -33494.676820
[00:42:11] Bootstrap tree #37, logLikelihood: -33378.305553
[00:43:14] Bootstrap tree #38, logLikelihood: -33401.981507
[00:44:18] Bootstrap tree #39, logLikelihood: -33382.196851
[00:45:24] Bootstrap tree #40, logLikelihood: -33217.869303
[00:46:40] Bootstrap tree #41, logLikelihood: -33478.422644
[00:47:44] Bootstrap tree #42, logLikelihood: -33198.216412
[00:48:57] Bootstrap tree #43, logLikelihood: -33365.918198
[00:50:02] Bootstrap tree #44, logLikelihood: -33308.122918
[00:51:38] Bootstrap tree #45, logLikelihood: -33395.461504
[00:52:43] Bootstrap tree #46, logLikelihood: -33555.118070
[00:53:56] Bootstrap tree #47, logLikelihood: -33190.967956
[00:54:59] Bootstrap tree #48, logLikelihood: -33584.382199
[00:56:10] Bootstrap tree #49, logLikelihood: -33288.774917
[00:57:23] Bootstrap tree #50, logLikelihood: -33249.097914
[00:58:28] Bootstrap tree #51, logLikelihood: -33563.263716
[01:00:01] Bootstrap tree #52, logLikelihood: -33334.384461
[01:01:12] Bootstrap tree #53, logLikelihood: -33178.712518
[01:02:29] Bootstrap tree #54, logLikelihood: -33627.502490
[01:03:47] Bootstrap tree #55, logLikelihood: -33392.722789
[01:04:53] Bootstrap tree #56, logLikelihood: -33143.848278
[01:05:51] Bootstrap tree #57, logLikelihood: -33126.619898
[01:07:04] Bootstrap tree #58, logLikelihood: -33163.636114
[01:08:06] Bootstrap tree #59, logLikelihood: -33545.256689
[01:09:19] Bootstrap tree #60, logLikelihood: -33377.710269
[01:10:31] Bootstrap tree #61, logLikelihood: -33692.935016
[01:11:40] Bootstrap tree #62, logLikelihood: -33269.043650
[01:12:47] Bootstrap tree #63, logLikelihood: -33765.488323
[01:14:05] Bootstrap tree #64, logLikelihood: -33642.287228
[01:16:05] Bootstrap tree #65, logLikelihood: -33339.784696
[01:17:12] Bootstrap tree #66, logLikelihood: -33574.602042
[01:18:18] Bootstrap tree #67, logLikelihood: -33621.317899
[01:19:20] Bootstrap tree #68, logLikelihood: -33493.552519
[01:20:36] Bootstrap tree #69, logLikelihood: -33443.198908
[01:21:43] Bootstrap tree #70, logLikelihood: -33379.263840
[01:22:54] Bootstrap tree #71, logLikelihood: -33359.838878
[01:23:57] Bootstrap tree #72, logLikelihood: -33472.280628
[01:25:18] Bootstrap tree #73, logLikelihood: -33274.945301
[01:26:17] Bootstrap tree #74, logLikelihood: -33837.313904
[01:27:27] Bootstrap tree #75, logLikelihood: -33650.081654
[01:28:39] Bootstrap tree #76, logLikelihood: -33303.967567
[01:29:37] Bootstrap tree #77, logLikelihood: -33323.375092
[01:30:42] Bootstrap tree #78, logLikelihood: -33303.231611
[01:32:11] Bootstrap tree #79, logLikelihood: -33292.862297
[01:34:10] Bootstrap tree #80, logLikelihood: -33301.675933
[01:35:16] Bootstrap tree #81, logLikelihood: -33343.882978
[01:36:36] Bootstrap tree #82, logLikelihood: -33223.833927
[01:38:05] Bootstrap tree #83, logLikelihood: -33209.635396

Bootstrap trees saved to: /home/hikoyu/analysis/Genome/SARS-CoV-2/phylogeny/RAxML-NG/AA/univ/SARS-CoV-2_200318.10.raxml.bootstraps

Execution log saved to: /home/hikoyu/analysis/Genome/SARS-CoV-2/phylogeny/RAxML-NG/AA/univ/SARS-CoV-2_200318.10.raxml.log

Analysis started: 19-Mar-2020 20:22:07 / finished: 19-Mar-2020 22:00:12

Elapsed time: 5885.169 seconds

