
RAxML-NG v. 0.9.0 released on 20.05.2019 by The Exelixis Lab.
Developed by: Alexey M. Kozlov and Alexandros Stamatakis.
Contributors: Diego Darriba, Tomas Flouri, Benoit Morel, Sarah Lutteropp, Ben Bettisworth.
Latest version: https://github.com/amkozlov/raxml-ng
Questions/problems/suggestions? Please visit: https://groups.google.com/forum/#!forum/raxml

RAxML-NG was called at 19-Mar-2020 22:03:15 as follows:

raxml-ng --threads 1 --bsconverge --bs-trees phylogeny/RAxML-NG/AA/univ/SARS-CoV-2_200318.raxml.bootstraps --prefix phylogeny/RAxML-NG/AA/univ/SARS-CoV-2_200318 --outgroup MG772933.1

Analysis options:
  run mode: A posteriori bootstrap convergence test
  start tree(s): 
  random seed: 1584622995
  SIMD kernels: AVX2
  parallelization: NONE/sequential

Reading bootstrap trees from file: phylogeny/RAxML-NG/AA/univ/SARS-CoV-2_200318.raxml.bootstraps
Loaded 1000 trees with 74 taxa.

Performing bootstrap convergence assessment using autoMRE criterion

 # trees        avg WRF       avg WRF in %       # perms: wrf <= 3.00 %     converged?  
      50        209.962              7.826                            0        NO
     100        318.928              5.910                            0        NO
     150        393.424              4.822                            1        NO
     200        466.133              4.250                            4        NO
     250        521.065              3.781                           45        NO
     300        555.528              3.332                          242        NO
     350        630.353              3.229                          328        NO
     400        670.408              2.999                          531        NO
     450        739.483              2.930                          582        NO
     500        789.687              2.797                          740        NO
     550        812.113              2.607                          901        NO
     600        873.607              2.562                          964        NO
     650        893.183              2.411                          974        NO
     700        944.440              2.363                          986        NO
     750       1031.313              2.408                          995        YES
Bootstopping test converged after 750 trees


Execution log saved to: /home/hikoyu/analysis/Genome/SARS-CoV-2/phylogeny/RAxML-NG/AA/univ/SARS-CoV-2_200318.raxml.log

Analysis started: 19-Mar-2020 22:03:15 / finished: 19-Mar-2020 22:06:21

Elapsed time: 185.378 seconds

