
RAxML-NG v. 0.9.0 released on 20.05.2019 by The Exelixis Lab.
Developed by: Alexey M. Kozlov and Alexandros Stamatakis.
Contributors: Diego Darriba, Tomas Flouri, Benoit Morel, Sarah Lutteropp, Ben Bettisworth.
Latest version: https://github.com/amkozlov/raxml-ng
Questions/problems/suggestions? Please visit: https://groups.google.com/forum/#!forum/raxml

RAxML-NG was called at 22-Mar-2020 16:01:20 as follows:

raxml-ng --threads 1 --bsconverge --bs-trees phylogeny/RAxML-NG/AA/univ/SARS-CoV-2_200320.raxml.bootstraps --prefix phylogeny/RAxML-NG/AA/univ/SARS-CoV-2_200320 --outgroup MG772933.1

Analysis options:
  run mode: A posteriori bootstrap convergence test
  start tree(s): 
  random seed: 1584860480
  SIMD kernels: AVX2
  parallelization: NONE/sequential

Reading bootstrap trees from file: phylogeny/RAxML-NG/AA/univ/SARS-CoV-2_200320.raxml.bootstraps
Loaded 1000 trees with 78 taxa.

Performing bootstrap convergence assessment using autoMRE criterion

 # trees        avg WRF       avg WRF in %       # perms: wrf <= 3.00 %     converged?  
      50        206.389              7.400                            0        NO
     100        307.569              5.419                            0        NO
     150        406.952              4.776                            0        NO
     200        462.733              4.051                            7        NO
     250        541.573              3.768                           44        NO
     300        617.373              3.574                           78        NO
     350        677.461              3.358                          185        NO
     400        681.335              2.935                          566        NO
     450        736.282              2.806                          670        NO
     500        746.793              2.549                          881        NO
     550        818.829              2.538                          899        NO
     600        872.114              2.466                          925        NO
     650        952.517              2.482                          909        NO
     700       1035.646              2.493                          912        NO
     750       1080.026              2.420                          935        NO
     800       1090.144              2.280                          973        NO
     850       1150.801              2.258                          979        NO
     900       1176.244              2.173                          992        YES
Bootstopping test converged after 900 trees


Execution log saved to: /home/hikoyu/analysis/Genome/SARS-CoV-2/phylogeny/RAxML-NG/AA/univ/SARS-CoV-2_200320.raxml.log

Analysis started: 22-Mar-2020 16:01:20 / finished: 22-Mar-2020 16:06:58

Elapsed time: 338.670 seconds

