
RAxML-NG v. 0.9.0 released on 20.05.2019 by The Exelixis Lab.
Developed by: Alexey M. Kozlov and Alexandros Stamatakis.
Contributors: Diego Darriba, Tomas Flouri, Benoit Morel, Sarah Lutteropp, Ben Bettisworth.
Latest version: https://github.com/amkozlov/raxml-ng
Questions/problems/suggestions? Please visit: https://groups.google.com/forum/#!forum/raxml

RAxML-NG was called at 02-Apr-2020 10:42:44 as follows:

raxml-ng --threads 1 --search --tree rand{8},pars{8} --seed 1130543020 --prefix phylogeny/RAxML-NG/AA/univ/SARS-CoV-2_200331.5 --msa phylogeny/RAxML-NG/AA/univ/SARS-CoV-2_200331.raxml.rba --outgroup MG772933.1

Analysis options:
  run mode: ML tree search
  start tree(s): random (8) + parsimony (8)
  random seed: 1130543020
  tip-inner: OFF
  pattern compression: ON
  per-rate scalers: OFF
  site repeats: ON
  fast spr radius: AUTO
  spr subtree cutoff: 1.000000
  branch lengths: proportional (ML estimate, algorithm: NR-FAST)
  SIMD kernels: AVX2
  parallelization: NONE/sequential

[00:00:00] Loading binary alignment from file: phylogeny/RAxML-NG/AA/univ/SARS-CoV-2_200331.raxml.rba
[00:00:00] Alignment comprises 117 taxa, 1 partitions and 437 patterns

Partition 0: noname
Model: JTT-DCMUT+FC+G4m
Alignment sites / patterns: 9706 / 437
Gaps: 0.06 %
Invariant sites: 91.90 %


[00:00:00] Generating 8 random starting tree(s) with 117 taxa
[00:00:00] Generating 8 parsimony starting tree(s) with 117 taxa
[00:00:00] Data distribution: max. partitions/sites/weight per thread: 1 / 437 / 34960

Starting ML tree search with 16 distinct starting trees

[00:00:00 -78688.011641] Initial branch length optimization
[00:00:00 -35759.173990] Model parameter optimization (eps = 10.000000)
[00:00:01 -35634.302721] AUTODETECT spr round 1 (radius: 5)
[00:00:08 -34635.008353] AUTODETECT spr round 2 (radius: 10)
[00:00:21 -34305.008573] AUTODETECT spr round 3 (radius: 15)
[00:00:35 -34164.533628] AUTODETECT spr round 4 (radius: 20)
[00:00:45 -34164.533549] SPR radius for FAST iterations: 15 (autodetect)
[00:00:45 -34164.533549] Model parameter optimization (eps = 3.000000)
[00:00:45 -34156.408175] FAST spr round 1 (radius: 15)
[00:01:13 -34081.664177] FAST spr round 2 (radius: 15)
[00:01:30 -34081.664177] Model parameter optimization (eps = 1.000000)
[00:01:30 -34081.317673] SLOW spr round 1 (radius: 5)
[00:01:51 -34081.317649] SLOW spr round 2 (radius: 10)
[00:02:16 -34081.317649] SLOW spr round 3 (radius: 15)
[00:02:34 -34081.317649] SLOW spr round 4 (radius: 20)
[00:02:54 -34081.317649] SLOW spr round 5 (radius: 25)
[00:03:17 -34081.317649] Model parameter optimization (eps = 0.100000)

[00:03:17] ML tree search #1, logLikelihood: -34081.316391

[00:03:17 -78743.453645] Initial branch length optimization
[00:03:18 -35877.176456] Model parameter optimization (eps = 10.000000)
[00:03:18 -35745.715011] AUTODETECT spr round 1 (radius: 5)
[00:03:25 -34712.668147] AUTODETECT spr round 2 (radius: 10)
[00:03:37 -34276.700578] AUTODETECT spr round 3 (radius: 15)
[00:03:52 -34213.808312] AUTODETECT spr round 4 (radius: 20)
[00:04:07 -34213.808312] SPR radius for FAST iterations: 15 (autodetect)
[00:04:07 -34213.808312] Model parameter optimization (eps = 3.000000)
[00:04:07 -34206.953138] FAST spr round 1 (radius: 15)
[00:04:37 -34083.061926] FAST spr round 2 (radius: 15)
[00:04:53 -34083.061926] Model parameter optimization (eps = 1.000000)
[00:04:53 -34082.282962] SLOW spr round 1 (radius: 5)
[00:05:13 -34082.282897] SLOW spr round 2 (radius: 10)
[00:05:37 -34082.282663] SLOW spr round 3 (radius: 15)
[00:05:55 -34082.279593] SLOW spr round 4 (radius: 20)
[00:06:19 -34082.279593] SLOW spr round 5 (radius: 25)
[00:06:34 -34082.279593] Model parameter optimization (eps = 0.100000)

[00:06:34] ML tree search #2, logLikelihood: -34082.276996

[00:06:34 -78728.865814] Initial branch length optimization
[00:06:35 -35851.620888] Model parameter optimization (eps = 10.000000)
[00:06:35 -35721.572922] AUTODETECT spr round 1 (radius: 5)
[00:06:42 -34673.423371] AUTODETECT spr round 2 (radius: 10)
[00:06:56 -34287.735119] AUTODETECT spr round 3 (radius: 15)
[00:07:09 -34218.629555] AUTODETECT spr round 4 (radius: 20)
[00:07:20 -34207.769168] AUTODETECT spr round 5 (radius: 25)
[00:07:28 -34207.769168] SPR radius for FAST iterations: 20 (autodetect)
[00:07:28 -34207.769168] Model parameter optimization (eps = 3.000000)
[00:07:29 -34207.767496] FAST spr round 1 (radius: 20)
[00:08:01 -34092.934763] FAST spr round 2 (radius: 20)
[00:08:22 -34092.314462] FAST spr round 3 (radius: 20)
[00:08:34 -34092.314462] Model parameter optimization (eps = 1.000000)
[00:08:35 -34081.323155] SLOW spr round 1 (radius: 5)
[00:08:55 -34081.321913] SLOW spr round 2 (radius: 10)
[00:09:18 -34081.319895] SLOW spr round 3 (radius: 15)
[00:09:35 -34081.319895] SLOW spr round 4 (radius: 20)
[00:09:56 -34081.319895] SLOW spr round 5 (radius: 25)
[00:10:14 -34081.319895] Model parameter optimization (eps = 0.100000)

[00:10:14] ML tree search #3, logLikelihood: -34081.319835

[00:10:14 -78745.415575] Initial branch length optimization
[00:10:15 -35885.223735] Model parameter optimization (eps = 10.000000)
[00:10:15 -35753.226514] AUTODETECT spr round 1 (radius: 5)
[00:10:22 -34694.156231] AUTODETECT spr round 2 (radius: 10)
[00:10:34 -34397.268166] AUTODETECT spr round 3 (radius: 15)
[00:10:53 -34229.518480] AUTODETECT spr round 4 (radius: 20)
[00:11:05 -34229.518480] SPR radius for FAST iterations: 15 (autodetect)
[00:11:05 -34229.518480] Model parameter optimization (eps = 3.000000)
[00:11:05 -34223.074883] FAST spr round 1 (radius: 15)
[00:11:37 -34083.235924] FAST spr round 2 (radius: 15)
[00:11:57 -34083.235924] Model parameter optimization (eps = 1.000000)
[00:11:57 -34082.283692] SLOW spr round 1 (radius: 5)
[00:12:19 -34082.280442] SLOW spr round 2 (radius: 10)
[00:12:44 -34082.280442] SLOW spr round 3 (radius: 15)
[00:13:05 -34082.280266] SLOW spr round 4 (radius: 20)
[00:13:26 -34082.280266] SLOW spr round 5 (radius: 25)
[00:13:40 -34082.280266] Model parameter optimization (eps = 0.100000)

[00:13:40] ML tree search #4, logLikelihood: -34082.276864

[00:13:40 -78732.893309] Initial branch length optimization
[00:13:40 -35845.983485] Model parameter optimization (eps = 10.000000)
[00:13:41 -35716.163633] AUTODETECT spr round 1 (radius: 5)
[00:13:48 -34662.682675] AUTODETECT spr round 2 (radius: 10)
[00:14:00 -34340.909152] AUTODETECT spr round 3 (radius: 15)
[00:14:16 -34258.936892] AUTODETECT spr round 4 (radius: 20)
[00:14:27 -34258.936875] SPR radius for FAST iterations: 15 (autodetect)
[00:14:27 -34258.936875] Model parameter optimization (eps = 3.000000)
[00:14:27 -34258.936875] FAST spr round 1 (radius: 15)
[00:14:54 -34091.920246] FAST spr round 2 (radius: 15)
[00:15:10 -34091.920196] Model parameter optimization (eps = 1.000000)
[00:15:10 -34080.702777] SLOW spr round 1 (radius: 5)
[00:15:31 -34080.699505] SLOW spr round 2 (radius: 10)
[00:15:52 -34080.699505] SLOW spr round 3 (radius: 15)
[00:16:08 -34080.696054] SLOW spr round 4 (radius: 20)
[00:16:31 -34080.696054] SLOW spr round 5 (radius: 25)
[00:16:51 -34080.696054] Model parameter optimization (eps = 0.100000)

[00:16:51] ML tree search #5, logLikelihood: -34080.695986

[00:16:51 -78753.131606] Initial branch length optimization
[00:16:52 -35905.095439] Model parameter optimization (eps = 10.000000)
[00:16:52 -35772.285529] AUTODETECT spr round 1 (radius: 5)
[00:16:59 -34641.857139] AUTODETECT spr round 2 (radius: 10)
[00:17:11 -34360.301008] AUTODETECT spr round 3 (radius: 15)
[00:17:23 -34240.544072] AUTODETECT spr round 4 (radius: 20)
[00:17:35 -34240.544032] SPR radius for FAST iterations: 15 (autodetect)
[00:17:35 -34240.544032] Model parameter optimization (eps = 3.000000)
[00:17:35 -34240.544032] FAST spr round 1 (radius: 15)
[00:18:04 -34093.161000] FAST spr round 2 (radius: 15)
[00:18:22 -34093.161000] Model parameter optimization (eps = 1.000000)
[00:18:23 -34081.943615] SLOW spr round 1 (radius: 5)
[00:18:43 -34081.940385] SLOW spr round 2 (radius: 10)
[00:19:04 -34081.940385] SLOW spr round 3 (radius: 15)
[00:19:25 -34081.936934] SLOW spr round 4 (radius: 20)
[00:19:45 -34081.936934] SLOW spr round 5 (radius: 25)
[00:19:58 -34081.936934] Model parameter optimization (eps = 0.100000)

[00:19:58] ML tree search #6, logLikelihood: -34081.936867

[00:19:58 -78732.352007] Initial branch length optimization
[00:19:59 -35858.097304] Model parameter optimization (eps = 10.000000)
[00:19:59 -35728.540954] AUTODETECT spr round 1 (radius: 5)
[00:20:06 -34719.937703] AUTODETECT spr round 2 (radius: 10)
[00:20:25 -34362.833404] AUTODETECT spr round 3 (radius: 15)
[00:20:40 -34265.747296] AUTODETECT spr round 4 (radius: 20)
[00:20:53 -34265.747296] SPR radius for FAST iterations: 15 (autodetect)
[00:20:53 -34265.747296] Model parameter optimization (eps = 3.000000)
[00:20:53 -34265.747296] FAST spr round 1 (radius: 15)
[00:21:24 -34093.161039] FAST spr round 2 (radius: 15)
[00:21:44 -34093.161039] Model parameter optimization (eps = 1.000000)
[00:21:44 -34081.943638] SLOW spr round 1 (radius: 5)
[00:22:06 -34081.942406] SLOW spr round 2 (radius: 10)
[00:22:29 -34081.936937] SLOW spr round 3 (radius: 15)
[00:22:51 -34081.936937] SLOW spr round 4 (radius: 20)
[00:23:15 -34081.936937] SLOW spr round 5 (radius: 25)
[00:23:31 -34081.936937] Model parameter optimization (eps = 0.100000)

[00:23:31] ML tree search #7, logLikelihood: -34081.936867

[00:23:31 -78732.389298] Initial branch length optimization
[00:23:31 -35855.915808] Model parameter optimization (eps = 10.000000)
[00:23:32 -35726.340667] AUTODETECT spr round 1 (radius: 5)
[00:23:39 -34687.452444] AUTODETECT spr round 2 (radius: 10)
[00:23:51 -34426.445555] AUTODETECT spr round 3 (radius: 15)
[00:24:05 -34270.598729] AUTODETECT spr round 4 (radius: 20)
[00:24:14 -34231.819026] AUTODETECT spr round 5 (radius: 25)
[00:24:22 -34231.819025] SPR radius for FAST iterations: 20 (autodetect)
[00:24:22 -34231.819025] Model parameter optimization (eps = 3.000000)
[00:24:22 -34231.819025] FAST spr round 1 (radius: 20)
[00:24:53 -34093.157531] FAST spr round 2 (radius: 20)
[00:25:13 -34093.157531] Model parameter optimization (eps = 1.000000)
[00:25:13 -34081.940201] SLOW spr round 1 (radius: 5)
[00:25:35 -34081.319710] SLOW spr round 2 (radius: 5)
[00:25:54 -34081.319701] SLOW spr round 3 (radius: 10)
[00:26:16 -34081.319677] SLOW spr round 4 (radius: 15)
[00:26:33 -34081.319677] SLOW spr round 5 (radius: 20)
[00:26:54 -34081.319677] SLOW spr round 6 (radius: 25)
[00:27:14 -34081.319677] Model parameter optimization (eps = 0.100000)

[00:27:14] ML tree search #8, logLikelihood: -34081.319595

[00:27:14 -77503.189686] Initial branch length optimization
[00:27:14 -34085.393031] Model parameter optimization (eps = 10.000000)
[00:27:15 -34081.954495] AUTODETECT spr round 1 (radius: 5)
[00:27:20 -34081.952860] SPR radius for FAST iterations: 5 (autodetect)
[00:27:20 -34081.952860] Model parameter optimization (eps = 3.000000)
[00:27:21 -34081.942354] FAST spr round 1 (radius: 5)
[00:27:30 -34081.942353] Model parameter optimization (eps = 1.000000)
[00:27:30 -34081.942327] SLOW spr round 1 (radius: 5)
[00:27:48 -34081.940310] SLOW spr round 2 (radius: 10)
[00:28:05 -34081.940310] SLOW spr round 3 (radius: 15)
[00:28:20 -34081.940252] SLOW spr round 4 (radius: 20)
[00:28:37 -34081.940252] SLOW spr round 5 (radius: 25)
[00:28:55 -34081.940252] Model parameter optimization (eps = 0.100000)

[00:28:55] ML tree search #9, logLikelihood: -34081.940252

[00:28:56 -77508.057377] Initial branch length optimization
[00:28:56 -34089.204031] Model parameter optimization (eps = 10.000000)
[00:28:56 -34085.618643] AUTODETECT spr round 1 (radius: 5)
[00:29:03 -34085.618511] SPR radius for FAST iterations: 5 (autodetect)
[00:29:03 -34085.618511] Model parameter optimization (eps = 3.000000)
[00:29:03 -34085.606909] FAST spr round 1 (radius: 5)
[00:29:13 -34085.606909] Model parameter optimization (eps = 1.000000)
[00:29:14 -34085.606881] SLOW spr round 1 (radius: 5)
[00:29:33 -34085.606881] SLOW spr round 2 (radius: 10)
[00:29:50 -34085.133583] SLOW spr round 3 (radius: 5)
[00:30:09 -34085.133583] SLOW spr round 4 (radius: 10)
[00:30:27 -34085.133583] SLOW spr round 5 (radius: 15)
[00:30:44 -34085.133583] SLOW spr round 6 (radius: 20)
[00:31:07 -34085.133583] SLOW spr round 7 (radius: 25)
[00:31:28 -34085.133583] Model parameter optimization (eps = 0.100000)

[00:31:28] ML tree search #10, logLikelihood: -34085.133583

[00:31:28 -77505.033887] Initial branch length optimization
[00:31:28 -34086.926039] Model parameter optimization (eps = 10.000000)
[00:31:29 -34083.399712] AUTODETECT spr round 1 (radius: 5)
[00:31:35 -34081.945837] AUTODETECT spr round 2 (radius: 10)
[00:31:43 -34081.945833] SPR radius for FAST iterations: 5 (autodetect)
[00:31:43 -34081.945833] Model parameter optimization (eps = 3.000000)
[00:31:43 -34081.940331] FAST spr round 1 (radius: 5)
[00:31:53 -34081.940330] Model parameter optimization (eps = 1.000000)
[00:31:53 -34081.940319] SLOW spr round 1 (radius: 5)
[00:32:11 -34081.940319] SLOW spr round 2 (radius: 10)
[00:32:29 -34081.940319] SLOW spr round 3 (radius: 15)
[00:32:45 -34081.940260] SLOW spr round 4 (radius: 20)
[00:33:01 -34081.940260] SLOW spr round 5 (radius: 25)
[00:33:18 -34081.940260] Model parameter optimization (eps = 0.100000)

[00:33:18] ML tree search #11, logLikelihood: -34081.940260

[00:33:18 -77503.191818] Initial branch length optimization
[00:33:19 -34085.393167] Model parameter optimization (eps = 10.000000)
[00:33:19 -34081.954447] AUTODETECT spr round 1 (radius: 5)
[00:33:25 -34081.954036] SPR radius for FAST iterations: 5 (autodetect)
[00:33:25 -34081.954036] Model parameter optimization (eps = 3.000000)
[00:33:26 -34081.943556] FAST spr round 1 (radius: 5)
[00:33:35 -34081.943549] Model parameter optimization (eps = 1.000000)
[00:33:35 -34081.943524] SLOW spr round 1 (radius: 5)
[00:33:53 -34081.940318] SLOW spr round 2 (radius: 10)
[00:34:10 -34081.940318] SLOW spr round 3 (radius: 15)
[00:34:26 -34081.940318] SLOW spr round 4 (radius: 20)
[00:34:42 -34081.940260] SLOW spr round 5 (radius: 25)
[00:34:58 -34081.940260] Model parameter optimization (eps = 0.100000)

[00:34:59] ML tree search #12, logLikelihood: -34081.940260

[00:34:59 -77507.648939] Initial branch length optimization
[00:34:59 -34088.184343] Model parameter optimization (eps = 10.000000)
[00:34:59 -34084.671747] AUTODETECT spr round 1 (radius: 5)
[00:35:05 -34084.670369] SPR radius for FAST iterations: 5 (autodetect)
[00:35:05 -34084.670369] Model parameter optimization (eps = 3.000000)
[00:35:06 -34084.659461] FAST spr round 1 (radius: 5)
[00:35:15 -34084.659460] Model parameter optimization (eps = 1.000000)
[00:35:15 -34084.659435] SLOW spr round 1 (radius: 5)
[00:35:32 -34084.659435] SLOW spr round 2 (radius: 10)
[00:35:47 -34084.659435] SLOW spr round 3 (radius: 15)
[00:36:03 -34081.657604] SLOW spr round 4 (radius: 5)
[00:36:24 -34081.657553] SLOW spr round 5 (radius: 10)
[00:36:40 -34081.657553] SLOW spr round 6 (radius: 15)
[00:36:58 -34081.657553] SLOW spr round 7 (radius: 20)
[00:37:22 -34081.657553] SLOW spr round 8 (radius: 25)
[00:37:42 -34081.657553] Model parameter optimization (eps = 0.100000)

[00:37:43] ML tree search #13, logLikelihood: -34081.656657

[00:37:43 -77504.740114] Initial branch length optimization
[00:37:43 -34086.201275] Model parameter optimization (eps = 10.000000)
[00:37:44 -34082.763069] AUTODETECT spr round 1 (radius: 5)
[00:37:49 -34082.762881] SPR radius for FAST iterations: 5 (autodetect)
[00:37:49 -34082.762881] Model parameter optimization (eps = 3.000000)
[00:37:50 -34082.752394] FAST spr round 1 (radius: 5)
[00:37:59 -34082.752394] Model parameter optimization (eps = 1.000000)
[00:38:00 -34082.752370] SLOW spr round 1 (radius: 5)
[00:38:18 -34082.752361] SLOW spr round 2 (radius: 10)
[00:38:34 -34082.752361] SLOW spr round 3 (radius: 15)
[00:38:50 -34082.277041] SLOW spr round 4 (radius: 5)
[00:39:12 -34082.277041] SLOW spr round 5 (radius: 10)
[00:39:29 -34082.277041] SLOW spr round 6 (radius: 15)
[00:39:44 -34082.277041] SLOW spr round 7 (radius: 20)
[00:39:57 -34082.277041] SLOW spr round 8 (radius: 25)
[00:40:15 -34082.277041] Model parameter optimization (eps = 0.100000)

[00:40:16] ML tree search #14, logLikelihood: -34082.277041

[00:40:16 -77502.582078] Initial branch length optimization
[00:40:16 -34085.395095] Model parameter optimization (eps = 10.000000)
[00:40:16 -34081.953024] AUTODETECT spr round 1 (radius: 5)
[00:40:22 -34081.952757] SPR radius for FAST iterations: 5 (autodetect)
[00:40:22 -34081.952757] Model parameter optimization (eps = 3.000000)
[00:40:23 -34081.942357] FAST spr round 1 (radius: 5)
[00:40:31 -34081.942357] Model parameter optimization (eps = 1.000000)
[00:40:31 -34081.942334] SLOW spr round 1 (radius: 5)
[00:40:49 -34081.942334] SLOW spr round 2 (radius: 10)
[00:41:06 -34081.940316] SLOW spr round 3 (radius: 15)
[00:41:21 -34081.940316] SLOW spr round 4 (radius: 20)
[00:41:35 -34081.940316] SLOW spr round 5 (radius: 25)
[00:41:48 -34081.940316] Model parameter optimization (eps = 0.100000)

[00:41:48] ML tree search #15, logLikelihood: -34081.940316

[00:41:48 -77503.191867] Initial branch length optimization
[00:41:49 -34085.393275] Model parameter optimization (eps = 10.000000)
[00:41:49 -34081.954357] AUTODETECT spr round 1 (radius: 5)
[00:41:55 -34081.954055] SPR radius for FAST iterations: 5 (autodetect)
[00:41:55 -34081.954055] Model parameter optimization (eps = 3.000000)
[00:41:56 -34081.943573] FAST spr round 1 (radius: 5)
[00:42:04 -34081.943573] Model parameter optimization (eps = 1.000000)
[00:42:05 -34081.943548] SLOW spr round 1 (radius: 5)
[00:42:22 -34081.943548] SLOW spr round 2 (radius: 10)
[00:42:39 -34081.943548] SLOW spr round 3 (radius: 15)
[00:42:54 -34081.940323] SLOW spr round 4 (radius: 20)
[00:43:06 -34081.940323] SLOW spr round 5 (radius: 25)
[00:43:22 -34081.940323] Model parameter optimization (eps = 0.100000)

[00:43:22] ML tree search #16, logLikelihood: -34081.940323


Optimized model parameters:

   Partition 0: noname
   Rate heterogeneity: GAMMA (4 cats, mean),  alpha: 0.409378 (ML),  weights&rates: (0.250000,0.018090) (0.250000,0.188726) (0.250000,0.741232) (0.250000,3.051952) 
   Base frequencies (empirical): 0.067606 0.036076 0.054750 0.052444 0.030338 0.037504 0.045250 0.059379 0.019293 0.052405 0.094712 0.057925 0.021136 0.050927 0.040574 0.067967 0.073897 0.011340 0.046065 0.080414 
   Substitution rates (model): 0.531678 0.557967 0.827445 0.574478 0.556725 1.066681 1.740159 0.219970 0.361684 0.310007 0.369437 0.469395 0.138293 1.959599 3.887095 4.582565 0.084329 0.139492 2.924161 0.451095 0.154899 1.019843 3.021995 0.318483 1.359652 3.210671 0.239195 0.372261 6.529255 0.431045 0.065314 0.710489 1.001551 0.650282 1.257961 0.235601 0.171995 5.549530 0.313311 0.768834 0.578115 0.773313 4.025778 0.491003 0.137289 2.529517 0.330720 0.073481 0.121804 5.057964 2.351311 0.027700 0.700693 0.164525 0.105625 0.521646 7.766557 1.272434 1.032342 0.115968 0.061486 0.282466 0.190001 0.032522 0.127164 0.589268 0.425159 0.057466 0.453952 0.315261 0.091304 0.053907 0.546389 0.724998 0.150559 0.164593 0.049009 0.409202 0.678335 0.123653 2.155331 0.469823 1.104181 2.114852 0.621323 3.417706 0.231294 5.684080 0.078270 0.709004 2.966732 0.456901 0.045683 1.608126 0.548807 0.523825 0.172206 0.254745 0.179771 1.115632 0.243768 0.111773 0.097485 1.731684 0.175084 0.043829 0.191994 0.312449 0.331584 0.114381 0.063452 0.465271 0.201696 0.053769 0.069492 0.269840 0.130379 0.050212 0.208081 1.874296 0.316862 0.544180 0.052500 0.470140 0.181788 0.540571 0.525096 0.329660 0.453428 1.141961 0.743458 0.477355 0.128193 5.848400 0.121827 2.335139 0.202562 4.831666 0.777090 0.098580 0.405119 2.553806 0.134510 0.303445 9.533943 0.146481 3.856906 2.500294 1.060504 0.592511 0.272514 0.530324 0.241094 1.761439 0.624581 0.024521 0.216345 0.474478 0.965641 0.089134 0.087904 0.124066 0.436181 0.164215 0.285564 2.114728 0.201334 0.189870 3.038533 0.148483 0.943971 0.138904 0.537922 5.484236 0.593478 2.788406 1.176961 0.069965 0.113850 0.211561 4.777647 0.310927 0.628608 0.408532 0.080556 0.201094 1.143980 0.747889 0.239697 0.165473 


Final LogLikelihood: -34080.695986

AIC score: 68663.391972 / AICc score: 68676.772975 / BIC score: 70465.697354
Free parameters (model + branch lengths): 251

Best ML tree saved to: /home/hikoyu/analysis/Genome/SARS-CoV-2/phylogeny/RAxML-NG/AA/univ/SARS-CoV-2_200331.5.raxml.bestTree
All ML trees saved to: /home/hikoyu/analysis/Genome/SARS-CoV-2/phylogeny/RAxML-NG/AA/univ/SARS-CoV-2_200331.5.raxml.mlTrees
Optimized model saved to: /home/hikoyu/analysis/Genome/SARS-CoV-2/phylogeny/RAxML-NG/AA/univ/SARS-CoV-2_200331.5.raxml.bestModel

Execution log saved to: /home/hikoyu/analysis/Genome/SARS-CoV-2/phylogeny/RAxML-NG/AA/univ/SARS-CoV-2_200331.5.raxml.log

Analysis started: 02-Apr-2020 10:42:44 / finished: 02-Apr-2020 11:26:07

Elapsed time: 2602.438 seconds

