
RAxML-NG v. 0.9.0 released on 20.05.2019 by The Exelixis Lab.
Developed by: Alexey M. Kozlov and Alexandros Stamatakis.
Contributors: Diego Darriba, Tomas Flouri, Benoit Morel, Sarah Lutteropp, Ben Bettisworth.
Latest version: https://github.com/amkozlov/raxml-ng
Questions/problems/suggestions? Please visit: https://groups.google.com/forum/#!forum/raxml

RAxML-NG was called at 22-Mar-2020 10:24:28 as follows:

raxml-ng --threads 1 --bootstrap --bs-trees 84 --seed 3358833183 --prefix phylogeny/RAxML-NG/AA/univ/SARS-CoV-2_200320.3 --msa phylogeny/RAxML-NG/AA/univ/SARS-CoV-2_200320.raxml.rba --outgroup MG772933.1

Analysis options:
  run mode: Bootstrapping
  start tree(s): 
  bootstrap replicates: 84
  random seed: 3358833183
  tip-inner: OFF
  pattern compression: ON
  per-rate scalers: OFF
  site repeats: ON
  branch lengths: proportional (ML estimate, algorithm: NR-FAST)
  SIMD kernels: AVX2
  parallelization: NONE/sequential

[00:00:00] Loading binary alignment from file: phylogeny/RAxML-NG/AA/univ/SARS-CoV-2_200320.raxml.rba
[00:00:00] Alignment comprises 78 taxa, 1 partitions and 391 patterns

Partition 0: noname
Model: JTT-DCMUT+FC+G4m
Alignment sites / patterns: 9706 / 391
Gaps: 0.06 %
Invariant sites: 92.44 %


[00:00:00] Data distribution: max. partitions/sites/weight per thread: 1 / 391 / 31280
[00:00:00] Starting bootstrapping analysis with 84 replicates.

[00:01:14] Bootstrap tree #1, logLikelihood: -33385.271742
[00:02:38] Bootstrap tree #2, logLikelihood: -33281.452459
[00:03:46] Bootstrap tree #3, logLikelihood: -33169.963644
[00:05:15] Bootstrap tree #4, logLikelihood: -33287.266410
[00:06:27] Bootstrap tree #5, logLikelihood: -33317.278138
[00:07:54] Bootstrap tree #6, logLikelihood: -33286.228966
[00:09:14] Bootstrap tree #7, logLikelihood: -33561.825759
[00:10:39] Bootstrap tree #8, logLikelihood: -33528.919594
[00:11:55] Bootstrap tree #9, logLikelihood: -33258.710882
[00:14:07] Bootstrap tree #10, logLikelihood: -33672.953604
[00:15:19] Bootstrap tree #11, logLikelihood: -33356.658331
[00:16:34] Bootstrap tree #12, logLikelihood: -33567.846094
[00:17:43] Bootstrap tree #13, logLikelihood: -33425.218440
[00:19:50] Bootstrap tree #14, logLikelihood: -33167.490095
[00:21:06] Bootstrap tree #15, logLikelihood: -33472.438401
[00:22:11] Bootstrap tree #16, logLikelihood: -33484.191941
[00:23:32] Bootstrap tree #17, logLikelihood: -33382.581531
[00:24:57] Bootstrap tree #18, logLikelihood: -33523.109550
[00:26:05] Bootstrap tree #19, logLikelihood: -33376.260468
[00:27:18] Bootstrap tree #20, logLikelihood: -33205.824380
[00:29:04] Bootstrap tree #21, logLikelihood: -33470.446782
[00:30:15] Bootstrap tree #22, logLikelihood: -33386.509396
[00:31:37] Bootstrap tree #23, logLikelihood: -33476.409458
[00:33:30] Bootstrap tree #24, logLikelihood: -33417.815848
[00:34:44] Bootstrap tree #25, logLikelihood: -33432.320520
[00:35:57] Bootstrap tree #26, logLikelihood: -33411.884629
[00:37:17] Bootstrap tree #27, logLikelihood: -33609.104594
[00:38:32] Bootstrap tree #28, logLikelihood: -33598.159814
[00:40:00] Bootstrap tree #29, logLikelihood: -33394.722650
[00:41:13] Bootstrap tree #30, logLikelihood: -33730.951180
[00:42:24] Bootstrap tree #31, logLikelihood: -33132.422018
[00:43:27] Bootstrap tree #32, logLikelihood: -33526.707342
[00:44:48] Bootstrap tree #33, logLikelihood: -33412.925344
[00:46:22] Bootstrap tree #34, logLikelihood: -33260.598976
[00:47:48] Bootstrap tree #35, logLikelihood: -33391.943175
[00:49:16] Bootstrap tree #36, logLikelihood: -33344.597835
[00:50:28] Bootstrap tree #37, logLikelihood: -33281.108819
[00:51:59] Bootstrap tree #38, logLikelihood: -33224.805851
[00:53:15] Bootstrap tree #39, logLikelihood: -33151.070123
[00:54:27] Bootstrap tree #40, logLikelihood: -33464.354522
[00:55:36] Bootstrap tree #41, logLikelihood: -33768.934785
[00:56:41] Bootstrap tree #42, logLikelihood: -33587.871657
[00:57:53] Bootstrap tree #43, logLikelihood: -33440.783158
[00:59:07] Bootstrap tree #44, logLikelihood: -33212.086818
[01:00:35] Bootstrap tree #45, logLikelihood: -33496.713716
[01:01:45] Bootstrap tree #46, logLikelihood: -33189.924530
[01:03:15] Bootstrap tree #47, logLikelihood: -33695.622331
[01:04:24] Bootstrap tree #48, logLikelihood: -33488.585892
[01:06:06] Bootstrap tree #49, logLikelihood: -33262.232884
[01:07:15] Bootstrap tree #50, logLikelihood: -33253.912733
[01:08:34] Bootstrap tree #51, logLikelihood: -33384.371770
[01:09:53] Bootstrap tree #52, logLikelihood: -33558.800236
[01:11:01] Bootstrap tree #53, logLikelihood: -33117.893757
[01:12:14] Bootstrap tree #54, logLikelihood: -33396.970427
[01:13:42] Bootstrap tree #55, logLikelihood: -33476.360154
[01:14:52] Bootstrap tree #56, logLikelihood: -33490.900154
[01:16:19] Bootstrap tree #57, logLikelihood: -33477.269855
[01:17:44] Bootstrap tree #58, logLikelihood: -33383.377615
[01:18:57] Bootstrap tree #59, logLikelihood: -33651.449723
[01:19:55] Bootstrap tree #60, logLikelihood: -33411.006879
[01:21:19] Bootstrap tree #61, logLikelihood: -33229.349513
[01:22:34] Bootstrap tree #62, logLikelihood: -33316.739054
[01:23:49] Bootstrap tree #63, logLikelihood: -33488.115322
[01:24:57] Bootstrap tree #64, logLikelihood: -33584.935130
[01:26:14] Bootstrap tree #65, logLikelihood: -33520.263262
[01:27:30] Bootstrap tree #66, logLikelihood: -33388.169088
[01:30:17] Bootstrap tree #67, logLikelihood: -33419.492849
[01:31:31] Bootstrap tree #68, logLikelihood: -33508.164304
[01:33:30] Bootstrap tree #69, logLikelihood: -33029.468890
[01:35:01] Bootstrap tree #70, logLikelihood: -33440.043618
[01:36:16] Bootstrap tree #71, logLikelihood: -33588.336394
[01:37:45] Bootstrap tree #72, logLikelihood: -33685.906194
[01:38:57] Bootstrap tree #73, logLikelihood: -33623.071526
[01:40:07] Bootstrap tree #74, logLikelihood: -33239.874270
[01:41:24] Bootstrap tree #75, logLikelihood: -33380.511133
[01:42:36] Bootstrap tree #76, logLikelihood: -33274.677353
[01:43:36] Bootstrap tree #77, logLikelihood: -33595.893400
[01:45:06] Bootstrap tree #78, logLikelihood: -33439.808522
[01:46:18] Bootstrap tree #79, logLikelihood: -33303.052675
[01:48:27] Bootstrap tree #80, logLikelihood: -33414.517082
[01:49:40] Bootstrap tree #81, logLikelihood: -33208.516886
[01:50:50] Bootstrap tree #82, logLikelihood: -33614.961039
[01:52:08] Bootstrap tree #83, logLikelihood: -33858.920470
[01:53:24] Bootstrap tree #84, logLikelihood: -33279.267500

Bootstrap trees saved to: /home/hikoyu/analysis/Genome/SARS-CoV-2/phylogeny/RAxML-NG/AA/univ/SARS-CoV-2_200320.3.raxml.bootstraps

Execution log saved to: /home/hikoyu/analysis/Genome/SARS-CoV-2/phylogeny/RAxML-NG/AA/univ/SARS-CoV-2_200320.3.raxml.log

Analysis started: 22-Mar-2020 10:24:28 / finished: 22-Mar-2020 12:17:53

Elapsed time: 6804.647 seconds

