
RAxML-NG v. 0.9.0 released on 20.05.2019 by The Exelixis Lab.
Developed by: Alexey M. Kozlov and Alexandros Stamatakis.
Contributors: Diego Darriba, Tomas Flouri, Benoit Morel, Sarah Lutteropp, Ben Bettisworth.
Latest version: https://github.com/amkozlov/raxml-ng
Questions/problems/suggestions? Please visit: https://groups.google.com/forum/#!forum/raxml

RAxML-NG was called at 16-Mar-2020 19:57:16 as follows:

raxml-ng --threads 1 --search --tree rand{9},pars{9} --seed 3827043511 --prefix phylogeny/RAxML-NG/AA/univ/SARS-CoV-2_200314.1 --msa phylogeny/RAxML-NG/AA/univ/SARS-CoV-2_200314.raxml.rba --outgroup MG772933.1

Analysis options:
  run mode: ML tree search
  start tree(s): random (9) + parsimony (9)
  random seed: 3827043511
  tip-inner: OFF
  pattern compression: ON
  per-rate scalers: OFF
  site repeats: ON
  fast spr radius: AUTO
  spr subtree cutoff: 1.000000
  branch lengths: proportional (ML estimate, algorithm: NR-FAST)
  SIMD kernels: AVX2
  parallelization: NONE/sequential

[00:00:00] Loading binary alignment from file: phylogeny/RAxML-NG/AA/univ/SARS-CoV-2_200314.raxml.rba
[00:00:00] Alignment comprises 89 taxa, 1 partitions and 394 patterns

Partition 0: noname
Model: JTT-DCMUT+FC+G4m
Alignment sites / patterns: 9705 / 394
Gaps: 0.05 %
Invariant sites: 92.41 %


[00:00:00] Generating 9 random starting tree(s) with 89 taxa
[00:00:00] Generating 9 parsimony starting tree(s) with 89 taxa
[00:00:00] Data distribution: max. partitions/sites/weight per thread: 1 / 394 / 31520

Starting ML tree search with 18 distinct starting trees

[00:00:00 -70278.196641] Initial branch length optimization
[00:00:00 -34179.959456] Model parameter optimization (eps = 10.000000)
[00:00:00 -34101.355122] AUTODETECT spr round 1 (radius: 5)
[00:00:05 -33791.683746] AUTODETECT spr round 2 (radius: 10)
[00:00:12 -33689.095315] AUTODETECT spr round 3 (radius: 15)
[00:00:20 -33592.178817] AUTODETECT spr round 4 (radius: 20)
[00:00:26 -33592.178814] SPR radius for FAST iterations: 15 (autodetect)
[00:00:26 -33592.178814] Model parameter optimization (eps = 3.000000)
[00:00:26 -33592.178814] FAST spr round 1 (radius: 15)
[00:00:44 -33507.227804] FAST spr round 2 (radius: 15)
[00:00:54 -33507.227804] Model parameter optimization (eps = 1.000000)
[00:00:55 -33502.419318] SLOW spr round 1 (radius: 5)
[00:01:09 -33502.419315] SLOW spr round 2 (radius: 10)
[00:01:26 -33502.416074] SLOW spr round 3 (radius: 15)
[00:01:40 -33502.416074] SLOW spr round 4 (radius: 20)
[00:01:52 -33502.416074] SLOW spr round 5 (radius: 25)
[00:02:00 -33502.416074] Model parameter optimization (eps = 0.100000)

[00:02:00] ML tree search #1, logLikelihood: -33502.416015

[00:02:00 -70274.465544] Initial branch length optimization
[00:02:00 -34177.688922] Model parameter optimization (eps = 10.000000)
[00:02:01 -34100.705815] AUTODETECT spr round 1 (radius: 5)
[00:02:04 -33753.487092] AUTODETECT spr round 2 (radius: 10)
[00:02:11 -33631.191240] AUTODETECT spr round 3 (radius: 15)
[00:02:20 -33603.544977] AUTODETECT spr round 4 (radius: 20)
[00:02:26 -33576.170172] AUTODETECT spr round 5 (radius: 25)
[00:02:28 -33576.170168] SPR radius for FAST iterations: 20 (autodetect)
[00:02:28 -33576.170168] Model parameter optimization (eps = 3.000000)
[00:02:29 -33573.028505] FAST spr round 1 (radius: 20)
[00:02:56 -33502.656417] FAST spr round 2 (radius: 20)
[00:03:10 -33502.656417] Model parameter optimization (eps = 1.000000)
[00:03:10 -33502.420456] SLOW spr round 1 (radius: 5)
[00:03:23 -33502.420437] SLOW spr round 2 (radius: 10)
[00:03:41 -33502.420366] SLOW spr round 3 (radius: 15)
[00:03:57 -33502.420366] SLOW spr round 4 (radius: 20)
[00:04:07 -33502.420366] SLOW spr round 5 (radius: 25)
[00:04:14 -33502.420366] Model parameter optimization (eps = 0.100000)

[00:04:14] ML tree search #2, logLikelihood: -33502.419198

[00:04:14 -70271.419430] Initial branch length optimization
[00:04:14 -34173.263415] Model parameter optimization (eps = 10.000000)
[00:04:14 -34096.279746] AUTODETECT spr round 1 (radius: 5)
[00:04:19 -33824.695190] AUTODETECT spr round 2 (radius: 10)
[00:04:25 -33689.147245] AUTODETECT spr round 3 (radius: 15)
[00:04:33 -33597.773176] AUTODETECT spr round 4 (radius: 20)
[00:04:38 -33597.773175] SPR radius for FAST iterations: 15 (autodetect)
[00:04:38 -33597.773175] Model parameter optimization (eps = 3.000000)
[00:04:38 -33597.773175] FAST spr round 1 (radius: 15)
[00:04:58 -33506.891028] FAST spr round 2 (radius: 15)
[00:05:11 -33506.890989] Model parameter optimization (eps = 1.000000)
[00:05:11 -33502.082433] SLOW spr round 1 (radius: 5)
[00:05:26 -33502.081259] SLOW spr round 2 (radius: 10)
[00:05:44 -33502.079235] SLOW spr round 3 (radius: 15)
[00:06:01 -33502.075778] SLOW spr round 4 (radius: 20)
[00:06:10 -33502.075778] SLOW spr round 5 (radius: 25)
[00:06:20 -33502.075778] Model parameter optimization (eps = 0.100000)

[00:06:20] ML tree search #3, logLikelihood: -33502.075717

[00:06:20 -70259.606684] Initial branch length optimization
[00:06:20 -34138.981980] Model parameter optimization (eps = 10.000000)
[00:06:21 -34063.627091] AUTODETECT spr round 1 (radius: 5)
[00:06:25 -33779.173444] AUTODETECT spr round 2 (radius: 10)
[00:06:33 -33691.400349] AUTODETECT spr round 3 (radius: 15)
[00:06:41 -33639.865095] AUTODETECT spr round 4 (radius: 20)
[00:06:47 -33639.865093] SPR radius for FAST iterations: 15 (autodetect)
[00:06:47 -33639.865093] Model parameter optimization (eps = 3.000000)
[00:06:47 -33639.865093] FAST spr round 1 (radius: 15)
[00:07:05 -33507.227806] FAST spr round 2 (radius: 15)
[00:07:16 -33507.227794] Model parameter optimization (eps = 1.000000)
[00:07:17 -33502.419314] SLOW spr round 1 (radius: 5)
[00:07:30 -33502.416077] SLOW spr round 2 (radius: 10)
[00:07:46 -33502.416077] SLOW spr round 3 (radius: 15)
[00:08:00 -33502.416077] SLOW spr round 4 (radius: 20)
[00:08:10 -33502.416077] SLOW spr round 5 (radius: 25)
[00:08:18 -33502.416077] Model parameter optimization (eps = 0.100000)

[00:08:18] ML tree search #4, logLikelihood: -33502.416016

[00:08:18 -70262.401727] Initial branch length optimization
[00:08:19 -34141.336244] Model parameter optimization (eps = 10.000000)
[00:08:19 -34065.983880] AUTODETECT spr round 1 (radius: 5)
[00:08:23 -33772.979295] AUTODETECT spr round 2 (radius: 10)
[00:08:32 -33557.493546] AUTODETECT spr round 3 (radius: 15)
[00:08:40 -33526.684035] AUTODETECT spr round 4 (radius: 20)
[00:08:45 -33526.684035] SPR radius for FAST iterations: 15 (autodetect)
[00:08:45 -33526.684035] Model parameter optimization (eps = 3.000000)
[00:08:46 -33522.540983] FAST spr round 1 (radius: 15)
[00:09:06 -33502.114701] FAST spr round 2 (radius: 15)
[00:09:19 -33501.494281] FAST spr round 3 (radius: 15)
[00:09:30 -33501.491047] Model parameter optimization (eps = 1.000000)
[00:09:31 -33501.458754] SLOW spr round 1 (radius: 5)
[00:09:44 -33501.458752] SLOW spr round 2 (radius: 10)
[00:10:02 -33501.458752] SLOW spr round 3 (radius: 15)
[00:10:18 -33501.458752] SLOW spr round 4 (radius: 20)
[00:10:26 -33501.458752] SLOW spr round 5 (radius: 25)
[00:10:37 -33501.458752] Model parameter optimization (eps = 0.100000)

[00:10:37] ML tree search #5, logLikelihood: -33501.458583

[00:10:37 -70271.527759] Initial branch length optimization
[00:10:37 -34171.358772] Model parameter optimization (eps = 10.000000)
[00:10:38 -34095.062296] AUTODETECT spr round 1 (radius: 5)
[00:10:42 -33847.934768] AUTODETECT spr round 2 (radius: 10)
[00:10:49 -33595.932134] AUTODETECT spr round 3 (radius: 15)
[00:10:58 -33552.574033] AUTODETECT spr round 4 (radius: 20)
[00:11:03 -33525.194683] AUTODETECT spr round 5 (radius: 25)
[00:11:07 -33525.194673] SPR radius for FAST iterations: 20 (autodetect)
[00:11:07 -33525.194673] Model parameter optimization (eps = 3.000000)
[00:11:07 -33521.051696] FAST spr round 1 (radius: 20)
[00:11:30 -33502.114877] FAST spr round 2 (radius: 20)
[00:11:44 -33502.114877] Model parameter optimization (eps = 1.000000)
[00:11:44 -33502.082543] SLOW spr round 1 (radius: 5)
[00:11:58 -33502.082520] SLOW spr round 2 (radius: 10)
[00:12:16 -33502.079349] SLOW spr round 3 (radius: 15)
[00:12:32 -33502.075891] SLOW spr round 4 (radius: 20)
[00:12:40 -33502.075891] SLOW spr round 5 (radius: 25)
[00:12:51 -33502.075891] Model parameter optimization (eps = 0.100000)

[00:12:52] ML tree search #6, logLikelihood: -33502.075721

[00:12:52 -70282.174560] Initial branch length optimization
[00:12:52 -34198.038565] Model parameter optimization (eps = 10.000000)
[00:12:52 -34119.995831] AUTODETECT spr round 1 (radius: 5)
[00:12:57 -33813.942156] AUTODETECT spr round 2 (radius: 10)
[00:13:05 -33744.458316] AUTODETECT spr round 3 (radius: 15)
[00:13:13 -33619.751692] AUTODETECT spr round 4 (radius: 20)
[00:13:19 -33619.751679] SPR radius for FAST iterations: 15 (autodetect)
[00:13:19 -33619.751679] Model parameter optimization (eps = 3.000000)
[00:13:20 -33619.751679] FAST spr round 1 (radius: 15)
[00:13:38 -33507.226612] FAST spr round 2 (radius: 15)
[00:13:50 -33507.226612] Model parameter optimization (eps = 1.000000)
[00:13:51 -33502.418108] SLOW spr round 1 (radius: 5)
[00:14:05 -33502.418105] SLOW spr round 2 (radius: 10)
[00:14:23 -33502.417929] SLOW spr round 3 (radius: 15)
[00:14:38 -33502.416022] SLOW spr round 4 (radius: 20)
[00:14:48 -33502.416022] SLOW spr round 5 (radius: 25)
[00:14:58 -33502.079182] SLOW spr round 6 (radius: 5)
[00:15:15 -33502.079182] SLOW spr round 7 (radius: 10)
[00:15:33 -33502.079182] SLOW spr round 8 (radius: 15)
[00:15:47 -33502.079182] SLOW spr round 9 (radius: 20)
[00:15:58 -33502.079182] SLOW spr round 10 (radius: 25)
[00:16:07 -33502.075728] Model parameter optimization (eps = 0.100000)

[00:16:08] ML tree search #7, logLikelihood: -33502.075664

[00:16:08 -70260.450817] Initial branch length optimization
[00:16:08 -34147.201038] Model parameter optimization (eps = 10.000000)
[00:16:08 -34071.805610] AUTODETECT spr round 1 (radius: 5)
[00:16:13 -33807.363950] AUTODETECT spr round 2 (radius: 10)
[00:16:21 -33680.890147] AUTODETECT spr round 3 (radius: 15)
[00:16:30 -33658.029235] AUTODETECT spr round 4 (radius: 20)
[00:16:37 -33620.595475] AUTODETECT spr round 5 (radius: 25)
[00:16:41 -33620.595475] SPR radius for FAST iterations: 20 (autodetect)
[00:16:41 -33620.595475] Model parameter optimization (eps = 3.000000)
[00:16:41 -33620.595475] FAST spr round 1 (radius: 20)
[00:17:04 -33506.887790] FAST spr round 2 (radius: 20)
[00:17:18 -33506.887790] Model parameter optimization (eps = 1.000000)
[00:17:18 -33502.079239] SLOW spr round 1 (radius: 5)
[00:17:32 -33502.079236] SLOW spr round 2 (radius: 10)
[00:17:49 -33502.079236] SLOW spr round 3 (radius: 15)
[00:18:04 -33502.075781] SLOW spr round 4 (radius: 20)
[00:18:13 -33502.075781] SLOW spr round 5 (radius: 25)
[00:18:26 -33502.075781] Model parameter optimization (eps = 0.100000)

[00:18:26] ML tree search #8, logLikelihood: -33502.075716

[00:18:26 -70248.337041] Initial branch length optimization
[00:18:26 -34117.096815] Model parameter optimization (eps = 10.000000)
[00:18:27 -34043.516620] AUTODETECT spr round 1 (radius: 5)
[00:18:32 -33776.007301] AUTODETECT spr round 2 (radius: 10)
[00:18:41 -33667.403180] AUTODETECT spr round 3 (radius: 15)
[00:18:51 -33540.448965] AUTODETECT spr round 4 (radius: 20)
[00:18:56 -33540.448898] SPR radius for FAST iterations: 15 (autodetect)
[00:18:56 -33540.448898] Model parameter optimization (eps = 3.000000)
[00:18:56 -33536.909187] FAST spr round 1 (radius: 15)
[00:19:19 -33501.580359] FAST spr round 2 (radius: 15)
[00:19:32 -33501.580359] Model parameter optimization (eps = 1.000000)
[00:19:32 -33501.462360] SLOW spr round 1 (radius: 5)
[00:19:46 -33501.462354] SLOW spr round 2 (radius: 10)
[00:20:08 -33501.459159] SLOW spr round 3 (radius: 15)
[00:20:22 -33501.455706] SLOW spr round 4 (radius: 20)
[00:20:32 -33501.455706] SLOW spr round 5 (radius: 25)
[00:20:37 -33501.455706] Model parameter optimization (eps = 0.100000)

[00:20:37] ML tree search #9, logLikelihood: -33501.455140

[00:20:37 -69648.646262] Initial branch length optimization
[00:20:38 -33509.544103] Model parameter optimization (eps = 10.000000)
[00:20:38 -33502.921459] AUTODETECT spr round 1 (radius: 5)
[00:20:42 -33502.919848] SPR radius for FAST iterations: 5 (autodetect)
[00:20:42 -33502.919848] Model parameter optimization (eps = 3.000000)
[00:20:42 -33502.890960] FAST spr round 1 (radius: 5)
[00:20:48 -33502.890959] Model parameter optimization (eps = 1.000000)
[00:20:49 -33502.890833] SLOW spr round 1 (radius: 5)
[00:21:01 -33502.890833] SLOW spr round 2 (radius: 10)
[00:21:13 -33502.888805] SLOW spr round 3 (radius: 15)
[00:21:23 -33502.888805] SLOW spr round 4 (radius: 20)
[00:21:33 -33502.416010] SLOW spr round 5 (radius: 5)
[00:21:45 -33502.416010] SLOW spr round 6 (radius: 10)
[00:21:58 -33502.416010] SLOW spr round 7 (radius: 15)
[00:22:08 -33502.416010] SLOW spr round 8 (radius: 20)
[00:22:19 -33502.416010] SLOW spr round 9 (radius: 25)
[00:22:28 -33502.416010] Model parameter optimization (eps = 0.100000)

[00:22:28] ML tree search #10, logLikelihood: -33502.416010

[00:22:28 -69647.621206] Initial branch length optimization
[00:22:29 -33510.233861] Model parameter optimization (eps = 10.000000)
[00:22:29 -33503.488529] AUTODETECT spr round 1 (radius: 5)
[00:22:33 -33503.488349] SPR radius for FAST iterations: 5 (autodetect)
[00:22:33 -33503.488349] Model parameter optimization (eps = 3.000000)
[00:22:34 -33503.458619] FAST spr round 1 (radius: 5)
[00:22:39 -33503.458618] Model parameter optimization (eps = 1.000000)
[00:22:40 -33503.458465] SLOW spr round 1 (radius: 5)
[00:22:51 -33503.458465] SLOW spr round 2 (radius: 10)
[00:23:04 -33503.458465] SLOW spr round 3 (radius: 15)
[00:23:14 -33503.456440] SLOW spr round 4 (radius: 20)
[00:23:24 -33503.456440] SLOW spr round 5 (radius: 25)
[00:23:33 -33501.459730] SLOW spr round 6 (radius: 5)
[00:23:44 -33501.459730] SLOW spr round 7 (radius: 10)
[00:23:56 -33501.459730] SLOW spr round 8 (radius: 15)
[00:24:07 -33501.459730] SLOW spr round 9 (radius: 20)
[00:24:16 -33501.459730] SLOW spr round 10 (radius: 25)
[00:24:24 -33501.459730] Model parameter optimization (eps = 0.100000)

[00:24:25] ML tree search #11, logLikelihood: -33501.458599

[00:24:25 -69648.641712] Initial branch length optimization
[00:24:25 -33509.544101] Model parameter optimization (eps = 10.000000)
[00:24:25 -33502.921537] AUTODETECT spr round 1 (radius: 5)
[00:24:29 -33502.917833] SPR radius for FAST iterations: 5 (autodetect)
[00:24:29 -33502.917833] Model parameter optimization (eps = 3.000000)
[00:24:30 -33502.888935] FAST spr round 1 (radius: 5)
[00:24:35 -33502.888933] Model parameter optimization (eps = 1.000000)
[00:24:36 -33502.888807] SLOW spr round 1 (radius: 5)
[00:24:48 -33502.888807] SLOW spr round 2 (radius: 10)
[00:24:59 -33502.888807] SLOW spr round 3 (radius: 15)
[00:25:10 -33502.888807] SLOW spr round 4 (radius: 20)
[00:25:20 -33502.888807] SLOW spr round 5 (radius: 25)
[00:25:30 -33502.888807] Model parameter optimization (eps = 0.100000)

[00:25:30] ML tree search #12, logLikelihood: -33502.888807

[00:25:30 -69648.038438] Initial branch length optimization
[00:25:30 -33509.542858] Model parameter optimization (eps = 10.000000)
[00:25:31 -33502.920151] AUTODETECT spr round 1 (radius: 5)
[00:25:35 -33502.106663] AUTODETECT spr round 2 (radius: 10)
[00:25:39 -33502.106663] SPR radius for FAST iterations: 5 (autodetect)
[00:25:39 -33502.106663] Model parameter optimization (eps = 3.000000)
[00:25:40 -33502.077874] FAST spr round 1 (radius: 5)
[00:25:45 -33502.077873] Model parameter optimization (eps = 1.000000)
[00:25:46 -33502.077748] SLOW spr round 1 (radius: 5)
[00:25:58 -33502.077748] SLOW spr round 2 (radius: 10)
[00:26:10 -33502.075724] SLOW spr round 3 (radius: 15)
[00:26:20 -33502.075724] SLOW spr round 4 (radius: 20)
[00:26:29 -33502.075724] SLOW spr round 5 (radius: 25)
[00:26:39 -33502.075724] Model parameter optimization (eps = 0.100000)

[00:26:39] ML tree search #13, logLikelihood: -33502.075724

[00:26:39 -69646.490311] Initial branch length optimization
[00:26:39 -33508.734676] Model parameter optimization (eps = 10.000000)
[00:26:40 -33502.112531] AUTODETECT spr round 1 (radius: 5)
[00:26:43 -33502.111346] SPR radius for FAST iterations: 5 (autodetect)
[00:26:43 -33502.111346] Model parameter optimization (eps = 3.000000)
[00:26:44 -33502.082500] FAST spr round 1 (radius: 5)
[00:26:51 -33502.082495] Model parameter optimization (eps = 1.000000)
[00:26:51 -33502.082368] SLOW spr round 1 (radius: 5)
[00:27:03 -33502.082368] SLOW spr round 2 (radius: 10)
[00:27:15 -33502.079172] SLOW spr round 3 (radius: 15)
[00:27:25 -33502.079172] SLOW spr round 4 (radius: 20)
[00:27:35 -33502.079172] SLOW spr round 5 (radius: 25)
[00:27:44 -33502.079172] Model parameter optimization (eps = 0.100000)

[00:27:44] ML tree search #14, logLikelihood: -33502.079172

[00:27:44 -69648.641724] Initial branch length optimization
[00:27:44 -33509.544282] Model parameter optimization (eps = 10.000000)
[00:27:45 -33502.922061] AUTODETECT spr round 1 (radius: 5)
[00:27:49 -33502.917825] SPR radius for FAST iterations: 5 (autodetect)
[00:27:49 -33502.917825] Model parameter optimization (eps = 3.000000)
[00:27:49 -33502.888942] FAST spr round 1 (radius: 5)
[00:27:55 -33502.888938] Model parameter optimization (eps = 1.000000)
[00:27:55 -33502.888811] SLOW spr round 1 (radius: 5)
[00:28:07 -33502.888811] SLOW spr round 2 (radius: 10)
[00:28:19 -33502.888811] SLOW spr round 3 (radius: 15)
[00:28:30 -33502.888811] SLOW spr round 4 (radius: 20)
[00:28:39 -33502.888811] SLOW spr round 5 (radius: 25)
[00:28:48 -33502.888811] Model parameter optimization (eps = 0.100000)

[00:28:49] ML tree search #15, logLikelihood: -33502.888811

[00:28:49 -69649.779468] Initial branch length optimization
[00:28:49 -33511.043430] Model parameter optimization (eps = 10.000000)
[00:28:49 -33504.298059] AUTODETECT spr round 1 (radius: 5)
[00:28:53 -33504.297922] SPR radius for FAST iterations: 5 (autodetect)
[00:28:53 -33504.297922] Model parameter optimization (eps = 3.000000)
[00:28:53 -33504.268230] FAST spr round 1 (radius: 5)
[00:28:59 -33504.268229] Model parameter optimization (eps = 1.000000)
[00:29:00 -33504.268076] SLOW spr round 1 (radius: 5)
[00:29:11 -33504.268076] SLOW spr round 2 (radius: 10)
[00:29:23 -33504.268076] SLOW spr round 3 (radius: 15)
[00:29:33 -33504.266051] SLOW spr round 4 (radius: 20)
[00:29:43 -33502.080339] SLOW spr round 5 (radius: 5)
[00:29:55 -33502.080339] SLOW spr round 6 (radius: 10)
[00:30:07 -33502.080339] SLOW spr round 7 (radius: 15)
[00:30:17 -33502.080339] SLOW spr round 8 (radius: 20)
[00:30:27 -33502.080339] SLOW spr round 9 (radius: 25)
[00:30:35 -33502.080339] Model parameter optimization (eps = 0.100000)

[00:30:35] ML tree search #16, logLikelihood: -33502.079187

[00:30:35 -69646.483410] Initial branch length optimization
[00:30:35 -33508.750942] Model parameter optimization (eps = 10.000000)
[00:30:36 -33502.112862] AUTODETECT spr round 1 (radius: 5)
[00:30:40 -33502.107988] SPR radius for FAST iterations: 5 (autodetect)
[00:30:40 -33502.107988] Model parameter optimization (eps = 3.000000)
[00:30:40 -33502.079299] FAST spr round 1 (radius: 5)
[00:30:46 -33502.079294] Model parameter optimization (eps = 1.000000)
[00:30:46 -33502.079168] SLOW spr round 1 (radius: 5)
[00:30:59 -33502.079168] SLOW spr round 2 (radius: 10)
[00:31:11 -33502.079168] SLOW spr round 3 (radius: 15)
[00:31:22 -33502.079168] SLOW spr round 4 (radius: 20)
[00:31:31 -33502.079168] SLOW spr round 5 (radius: 25)
[00:31:40 -33502.079168] Model parameter optimization (eps = 0.100000)

[00:31:40] ML tree search #17, logLikelihood: -33502.079168

[00:31:40 -69650.386778] Initial branch length optimization
[00:31:40 -33511.044921] Model parameter optimization (eps = 10.000000)
[00:31:40 -33504.300165] AUTODETECT spr round 1 (radius: 5)
[00:31:44 -33504.297936] SPR radius for FAST iterations: 5 (autodetect)
[00:31:44 -33504.297936] Model parameter optimization (eps = 3.000000)
[00:31:45 -33504.268236] FAST spr round 1 (radius: 5)
[00:31:50 -33504.268231] Model parameter optimization (eps = 1.000000)
[00:31:50 -33504.268077] SLOW spr round 1 (radius: 5)
[00:32:02 -33504.266051] SLOW spr round 2 (radius: 10)
[00:32:13 -33504.266051] SLOW spr round 3 (radius: 15)
[00:32:23 -33504.266051] SLOW spr round 4 (radius: 20)
[00:32:32 -33504.266051] SLOW spr round 5 (radius: 25)
[00:32:40 -33504.266051] Model parameter optimization (eps = 0.100000)

[00:32:40] ML tree search #18, logLikelihood: -33504.266051


Optimized model parameters:

   Partition 0: noname
   Rate heterogeneity: GAMMA (4 cats, mean),  alpha: 0.275982 (ML),  weights&rates: (0.250000,0.003550) (0.250000,0.085995) (0.250000,0.553174) (0.250000,3.357281) 
   Base frequencies (empirical): 0.067605 0.036083 0.054749 0.052456 0.030317 0.037510 0.045251 0.059372 0.019283 0.052404 0.094700 0.057924 0.021136 0.050915 0.040600 0.067955 0.073904 0.011340 0.046080 0.080415 
   Substitution rates (model): 0.531678 0.557967 0.827445 0.574478 0.556725 1.066681 1.740159 0.219970 0.361684 0.310007 0.369437 0.469395 0.138293 1.959599 3.887095 4.582565 0.084329 0.139492 2.924161 0.451095 0.154899 1.019843 3.021995 0.318483 1.359652 3.210671 0.239195 0.372261 6.529255 0.431045 0.065314 0.710489 1.001551 0.650282 1.257961 0.235601 0.171995 5.549530 0.313311 0.768834 0.578115 0.773313 4.025778 0.491003 0.137289 2.529517 0.330720 0.073481 0.121804 5.057964 2.351311 0.027700 0.700693 0.164525 0.105625 0.521646 7.766557 1.272434 1.032342 0.115968 0.061486 0.282466 0.190001 0.032522 0.127164 0.589268 0.425159 0.057466 0.453952 0.315261 0.091304 0.053907 0.546389 0.724998 0.150559 0.164593 0.049009 0.409202 0.678335 0.123653 2.155331 0.469823 1.104181 2.114852 0.621323 3.417706 0.231294 5.684080 0.078270 0.709004 2.966732 0.456901 0.045683 1.608126 0.548807 0.523825 0.172206 0.254745 0.179771 1.115632 0.243768 0.111773 0.097485 1.731684 0.175084 0.043829 0.191994 0.312449 0.331584 0.114381 0.063452 0.465271 0.201696 0.053769 0.069492 0.269840 0.130379 0.050212 0.208081 1.874296 0.316862 0.544180 0.052500 0.470140 0.181788 0.540571 0.525096 0.329660 0.453428 1.141961 0.743458 0.477355 0.128193 5.848400 0.121827 2.335139 0.202562 4.831666 0.777090 0.098580 0.405119 2.553806 0.134510 0.303445 9.533943 0.146481 3.856906 2.500294 1.060504 0.592511 0.272514 0.530324 0.241094 1.761439 0.624581 0.024521 0.216345 0.474478 0.965641 0.089134 0.087904 0.124066 0.436181 0.164215 0.285564 2.114728 0.201334 0.189870 3.038533 0.148483 0.943971 0.138904 0.537922 5.484236 0.593478 2.788406 1.176961 0.069965 0.113850 0.211561 4.777647 0.310927 0.628608 0.408532 0.080556 0.201094 1.143980 0.747889 0.239697 0.165473 


Final LogLikelihood: -33501.455140

AIC score: 67392.910279 / AICc score: 67400.948979 / BIC score: 68793.087596
Free parameters (model + branch lengths): 195

Best ML tree saved to: /home/hikoyu/analysis/Genome/SARS-CoV-2/phylogeny/RAxML-NG/AA/univ/SARS-CoV-2_200314.1.raxml.bestTree
All ML trees saved to: /home/hikoyu/analysis/Genome/SARS-CoV-2/phylogeny/RAxML-NG/AA/univ/SARS-CoV-2_200314.1.raxml.mlTrees
Optimized model saved to: /home/hikoyu/analysis/Genome/SARS-CoV-2/phylogeny/RAxML-NG/AA/univ/SARS-CoV-2_200314.1.raxml.bestModel

Execution log saved to: /home/hikoyu/analysis/Genome/SARS-CoV-2/phylogeny/RAxML-NG/AA/univ/SARS-CoV-2_200314.1.raxml.log

Analysis started: 16-Mar-2020 19:57:16 / finished: 16-Mar-2020 20:29:57

Elapsed time: 1960.971 seconds

