
RAxML-NG v. 0.9.0 released on 20.05.2019 by The Exelixis Lab.
Developed by: Alexey M. Kozlov and Alexandros Stamatakis.
Contributors: Diego Darriba, Tomas Flouri, Benoit Morel, Sarah Lutteropp, Ben Bettisworth.
Latest version: https://github.com/amkozlov/raxml-ng
Questions/problems/suggestions? Please visit: https://groups.google.com/forum/#!forum/raxml

RAxML-NG was called at 02-Apr-2020 16:20:10 as follows:

raxml-ng --threads 1 --bootstrap --bs-trees 83 --seed 2283494745 --prefix phylogeny/RAxML-NG/AA/univ/SARS-CoV-2_200331.7 --msa phylogeny/RAxML-NG/AA/univ/SARS-CoV-2_200331.raxml.rba --outgroup MG772933.1

Analysis options:
  run mode: Bootstrapping
  start tree(s): 
  bootstrap replicates: 83
  random seed: 2283494745
  tip-inner: OFF
  pattern compression: ON
  per-rate scalers: OFF
  site repeats: ON
  branch lengths: proportional (ML estimate, algorithm: NR-FAST)
  SIMD kernels: AVX2
  parallelization: NONE/sequential

[00:00:00] Loading binary alignment from file: phylogeny/RAxML-NG/AA/univ/SARS-CoV-2_200331.raxml.rba
[00:00:00] Alignment comprises 117 taxa, 1 partitions and 437 patterns

Partition 0: noname
Model: JTT-DCMUT+FC+G4m
Alignment sites / patterns: 9706 / 437
Gaps: 0.06 %
Invariant sites: 91.90 %


[00:00:00] Data distribution: max. partitions/sites/weight per thread: 1 / 437 / 34960
[00:00:00] Starting bootstrapping analysis with 83 replicates.

[00:02:22] Bootstrap tree #1, logLikelihood: -34054.964922
[00:04:55] Bootstrap tree #2, logLikelihood: -34074.710157
[00:07:30] Bootstrap tree #3, logLikelihood: -33691.224171
[00:10:09] Bootstrap tree #4, logLikelihood: -33656.380588
[00:12:46] Bootstrap tree #5, logLikelihood: -33762.798370
[00:15:25] Bootstrap tree #6, logLikelihood: -34002.655795
[00:17:48] Bootstrap tree #7, logLikelihood: -34300.726562
[00:22:51] Bootstrap tree #8, logLikelihood: -34355.969830
[00:25:22] Bootstrap tree #9, logLikelihood: -34386.392883
[00:28:12] Bootstrap tree #10, logLikelihood: -34244.998102
[00:30:44] Bootstrap tree #11, logLikelihood: -33983.175228
[00:33:25] Bootstrap tree #12, logLikelihood: -33946.766065
[00:36:06] Bootstrap tree #13, logLikelihood: -34378.086823
[00:39:07] Bootstrap tree #14, logLikelihood: -34260.598899
[00:41:48] Bootstrap tree #15, logLikelihood: -34188.133046
[00:44:39] Bootstrap tree #16, logLikelihood: -33839.680458
[00:46:56] Bootstrap tree #17, logLikelihood: -34259.466074
[00:49:44] Bootstrap tree #18, logLikelihood: -34309.787809
[00:52:43] Bootstrap tree #19, logLikelihood: -33781.823576
[00:55:05] Bootstrap tree #20, logLikelihood: -34224.899010
[00:57:42] Bootstrap tree #21, logLikelihood: -34308.307602
[00:59:59] Bootstrap tree #22, logLikelihood: -34147.836860
[01:02:22] Bootstrap tree #23, logLikelihood: -33996.209136
[01:04:57] Bootstrap tree #24, logLikelihood: -33999.246336
[01:07:52] Bootstrap tree #25, logLikelihood: -33992.173552
[01:10:22] Bootstrap tree #26, logLikelihood: -34153.259817
[01:12:44] Bootstrap tree #27, logLikelihood: -33886.292701
[01:15:49] Bootstrap tree #28, logLikelihood: -33818.832205
[01:18:28] Bootstrap tree #29, logLikelihood: -33874.402983
[01:21:23] Bootstrap tree #30, logLikelihood: -34212.418651
[01:23:51] Bootstrap tree #31, logLikelihood: -33788.183463
[01:26:19] Bootstrap tree #32, logLikelihood: -34156.925442
[01:29:17] Bootstrap tree #33, logLikelihood: -34103.659113
[01:31:43] Bootstrap tree #34, logLikelihood: -34062.455726
[01:34:22] Bootstrap tree #35, logLikelihood: -33906.148307
[01:36:54] Bootstrap tree #36, logLikelihood: -33701.434175
[01:39:10] Bootstrap tree #37, logLikelihood: -34275.439160
[01:43:35] Bootstrap tree #38, logLikelihood: -34042.755810
[01:45:55] Bootstrap tree #39, logLikelihood: -34004.896392
[01:48:17] Bootstrap tree #40, logLikelihood: -33808.406891
[01:51:09] Bootstrap tree #41, logLikelihood: -33924.466498
[01:55:15] Bootstrap tree #42, logLikelihood: -34270.654432
[01:57:42] Bootstrap tree #43, logLikelihood: -33574.135266
[02:00:36] Bootstrap tree #44, logLikelihood: -33589.676150
[02:02:56] Bootstrap tree #45, logLikelihood: -34160.114839
[02:05:49] Bootstrap tree #46, logLikelihood: -33946.771681
[02:08:15] Bootstrap tree #47, logLikelihood: -33977.603163
[02:11:22] Bootstrap tree #48, logLikelihood: -34004.999222
[02:14:14] Bootstrap tree #49, logLikelihood: -34134.714094
[02:17:00] Bootstrap tree #50, logLikelihood: -33967.370206
[02:19:31] Bootstrap tree #51, logLikelihood: -34410.626250
[02:21:59] Bootstrap tree #52, logLikelihood: -34218.833540
[02:24:35] Bootstrap tree #53, logLikelihood: -33536.689522
[02:27:22] Bootstrap tree #54, logLikelihood: -34098.854590
[02:29:46] Bootstrap tree #55, logLikelihood: -34082.438239
[02:32:38] Bootstrap tree #56, logLikelihood: -34163.834086
[02:35:54] Bootstrap tree #57, logLikelihood: -33852.174851
[02:38:34] Bootstrap tree #58, logLikelihood: -34008.253416
[02:41:45] Bootstrap tree #59, logLikelihood: -33701.319462
[02:44:13] Bootstrap tree #60, logLikelihood: -33971.517869
[02:46:33] Bootstrap tree #61, logLikelihood: -34050.445705
[02:49:16] Bootstrap tree #62, logLikelihood: -33719.375364
[02:51:54] Bootstrap tree #63, logLikelihood: -33848.557579
[02:54:33] Bootstrap tree #64, logLikelihood: -33778.911124
[02:57:22] Bootstrap tree #65, logLikelihood: -34142.405572
[03:00:20] Bootstrap tree #66, logLikelihood: -34127.768768
[03:02:55] Bootstrap tree #67, logLikelihood: -33851.849386
[03:05:22] Bootstrap tree #68, logLikelihood: -33856.604456
[03:08:25] Bootstrap tree #69, logLikelihood: -33989.537708
[03:11:07] Bootstrap tree #70, logLikelihood: -34121.358910
[03:14:14] Bootstrap tree #71, logLikelihood: -33959.364390
[03:16:42] Bootstrap tree #72, logLikelihood: -33807.969755
[03:19:46] Bootstrap tree #73, logLikelihood: -33990.763414
[03:22:47] Bootstrap tree #74, logLikelihood: -34219.797827
[03:25:14] Bootstrap tree #75, logLikelihood: -34139.405543
[03:27:58] Bootstrap tree #76, logLikelihood: -33881.793926
[03:31:06] Bootstrap tree #77, logLikelihood: -33843.662774
[03:33:39] Bootstrap tree #78, logLikelihood: -34247.716235
[03:35:57] Bootstrap tree #79, logLikelihood: -33656.167494
[03:39:30] Bootstrap tree #80, logLikelihood: -34178.380905
[03:42:06] Bootstrap tree #81, logLikelihood: -33675.933540
[03:44:16] Bootstrap tree #82, logLikelihood: -33825.564062
[03:46:47] Bootstrap tree #83, logLikelihood: -34038.517007

Bootstrap trees saved to: /home/hikoyu/analysis/Genome/SARS-CoV-2/phylogeny/RAxML-NG/AA/univ/SARS-CoV-2_200331.7.raxml.bootstraps

Execution log saved to: /home/hikoyu/analysis/Genome/SARS-CoV-2/phylogeny/RAxML-NG/AA/univ/SARS-CoV-2_200331.7.raxml.log

Analysis started: 02-Apr-2020 16:20:10 / finished: 02-Apr-2020 20:06:58

Elapsed time: 13607.538 seconds

