
RAxML-NG v. 0.9.0 released on 20.05.2019 by The Exelixis Lab.
Developed by: Alexey M. Kozlov and Alexandros Stamatakis.
Contributors: Diego Darriba, Tomas Flouri, Benoit Morel, Sarah Lutteropp, Ben Bettisworth.
Latest version: https://github.com/amkozlov/raxml-ng
Questions/problems/suggestions? Please visit: https://groups.google.com/forum/#!forum/raxml

RAxML-NG was called at 17-Mar-2020 02:42:53 as follows:

raxml-ng --threads 1 --bootstrap --bs-trees 83 --seed 865488653 --prefix phylogeny/RAxML-NG/AA/univ/SARS-CoV-2_200314.11 --msa phylogeny/RAxML-NG/AA/univ/SARS-CoV-2_200314.raxml.rba --outgroup MG772933.1

Analysis options:
  run mode: Bootstrapping
  start tree(s): 
  bootstrap replicates: 83
  random seed: 865488653
  tip-inner: OFF
  pattern compression: ON
  per-rate scalers: OFF
  site repeats: ON
  branch lengths: proportional (ML estimate, algorithm: NR-FAST)
  SIMD kernels: AVX2
  parallelization: NONE/sequential

[00:00:00] Loading binary alignment from file: phylogeny/RAxML-NG/AA/univ/SARS-CoV-2_200314.raxml.rba
[00:00:00] Alignment comprises 89 taxa, 1 partitions and 394 patterns

Partition 0: noname
Model: JTT-DCMUT+FC+G4m
Alignment sites / patterns: 9705 / 394
Gaps: 0.05 %
Invariant sites: 92.41 %


[00:00:00] Data distribution: max. partitions/sites/weight per thread: 1 / 394 / 31520
[00:00:00] Starting bootstrapping analysis with 83 replicates.

[00:02:01] Bootstrap tree #1, logLikelihood: -33356.430256
[00:03:45] Bootstrap tree #2, logLikelihood: -33593.344963
[00:05:22] Bootstrap tree #3, logLikelihood: -33370.611512
[00:07:06] Bootstrap tree #4, logLikelihood: -33449.621609
[00:08:47] Bootstrap tree #5, logLikelihood: -33355.131888
[00:10:43] Bootstrap tree #6, logLikelihood: -33371.823090
[00:13:04] Bootstrap tree #7, logLikelihood: -33399.660671
[00:15:27] Bootstrap tree #8, logLikelihood: -33432.762486
[00:17:29] Bootstrap tree #9, logLikelihood: -33378.765536
[00:19:05] Bootstrap tree #10, logLikelihood: -33703.060004
[00:21:02] Bootstrap tree #11, logLikelihood: -33328.291526
[00:22:44] Bootstrap tree #12, logLikelihood: -33548.357826
[00:24:21] Bootstrap tree #13, logLikelihood: -33570.223560
[00:25:46] Bootstrap tree #14, logLikelihood: -33078.301921
[00:27:16] Bootstrap tree #15, logLikelihood: -33503.528224
[00:31:12] Bootstrap tree #16, logLikelihood: -33329.563659
[00:33:06] Bootstrap tree #17, logLikelihood: -33545.813895
[00:34:47] Bootstrap tree #18, logLikelihood: -33256.093496
[00:36:18] Bootstrap tree #19, logLikelihood: -33306.904477
[00:37:53] Bootstrap tree #20, logLikelihood: -33644.328836
[00:39:30] Bootstrap tree #21, logLikelihood: -33447.927060
[00:41:16] Bootstrap tree #22, logLikelihood: -33573.676883
[00:42:51] Bootstrap tree #23, logLikelihood: -33717.068329
[00:44:46] Bootstrap tree #24, logLikelihood: -33354.911664
[00:46:43] Bootstrap tree #25, logLikelihood: -33330.895772
[00:48:41] Bootstrap tree #26, logLikelihood: -33556.739312
[00:52:20] Bootstrap tree #27, logLikelihood: -33515.664539
[00:54:07] Bootstrap tree #28, logLikelihood: -33353.632378
[00:56:37] Bootstrap tree #29, logLikelihood: -33462.683905
[00:58:23] Bootstrap tree #30, logLikelihood: -33343.296236
[01:02:31] Bootstrap tree #31, logLikelihood: -33509.211039
[01:04:25] Bootstrap tree #32, logLikelihood: -33324.863536
[01:06:01] Bootstrap tree #33, logLikelihood: -33315.743431
[01:08:00] Bootstrap tree #34, logLikelihood: -33248.044065
[01:09:37] Bootstrap tree #35, logLikelihood: -33409.521288
[01:11:12] Bootstrap tree #36, logLikelihood: -33354.021280
[01:14:53] Bootstrap tree #37, logLikelihood: -33224.722875
[01:16:52] Bootstrap tree #38, logLikelihood: -33501.529739
[01:18:27] Bootstrap tree #39, logLikelihood: -33409.630830
[01:20:01] Bootstrap tree #40, logLikelihood: -33196.833421
[01:21:47] Bootstrap tree #41, logLikelihood: -33559.088611
[01:23:08] Bootstrap tree #42, logLikelihood: -33135.557383
[01:25:00] Bootstrap tree #43, logLikelihood: -33434.380672
[01:27:05] Bootstrap tree #44, logLikelihood: -33452.092289
[01:28:52] Bootstrap tree #45, logLikelihood: -33385.763609
[01:30:23] Bootstrap tree #46, logLikelihood: -33584.943656
[01:32:00] Bootstrap tree #47, logLikelihood: -33234.936149
[01:33:25] Bootstrap tree #48, logLikelihood: -33377.896121
[01:35:00] Bootstrap tree #49, logLikelihood: -33434.697711
[01:36:36] Bootstrap tree #50, logLikelihood: -33437.843910
[01:38:16] Bootstrap tree #51, logLikelihood: -33631.056490
[01:39:47] Bootstrap tree #52, logLikelihood: -33480.136775
[01:41:23] Bootstrap tree #53, logLikelihood: -33535.512092
[01:43:00] Bootstrap tree #54, logLikelihood: -33483.314787
[01:44:52] Bootstrap tree #55, logLikelihood: -33336.833120
[01:47:36] Bootstrap tree #56, logLikelihood: -33489.728909
[01:49:10] Bootstrap tree #57, logLikelihood: -33503.176479
[01:50:55] Bootstrap tree #58, logLikelihood: -33383.585770
[01:52:46] Bootstrap tree #59, logLikelihood: -33487.756145
[01:54:25] Bootstrap tree #60, logLikelihood: -33350.047636
[01:55:59] Bootstrap tree #61, logLikelihood: -33531.409239
[01:57:40] Bootstrap tree #62, logLikelihood: -33388.682043
[01:59:09] Bootstrap tree #63, logLikelihood: -33625.388782
[02:00:46] Bootstrap tree #64, logLikelihood: -33893.108196
[02:02:41] Bootstrap tree #65, logLikelihood: -33211.148971
[02:04:18] Bootstrap tree #66, logLikelihood: -33457.640023
[02:05:57] Bootstrap tree #67, logLikelihood: -33168.055005
[02:07:25] Bootstrap tree #68, logLikelihood: -33742.699929
[02:09:09] Bootstrap tree #69, logLikelihood: -33443.124388
[02:10:38] Bootstrap tree #70, logLikelihood: -33416.668789
[02:12:13] Bootstrap tree #71, logLikelihood: -33651.410505
[02:13:40] Bootstrap tree #72, logLikelihood: -33473.905791
[02:15:43] Bootstrap tree #73, logLikelihood: -33704.737799
[02:19:08] Bootstrap tree #74, logLikelihood: -33203.858140
[02:21:57] Bootstrap tree #75, logLikelihood: -33261.348022
[02:24:21] Bootstrap tree #76, logLikelihood: -33339.517096
[02:25:50] Bootstrap tree #77, logLikelihood: -33339.804093
[02:26:56] Bootstrap tree #78, logLikelihood: -33324.416472
[02:28:11] Bootstrap tree #79, logLikelihood: -33334.108112
[02:29:22] Bootstrap tree #80, logLikelihood: -33425.163018
[02:30:38] Bootstrap tree #81, logLikelihood: -33638.901648
[02:31:53] Bootstrap tree #82, logLikelihood: -33450.333039
[02:33:55] Bootstrap tree #83, logLikelihood: -33449.443045

Bootstrap trees saved to: /home/hikoyu/analysis/Genome/SARS-CoV-2/phylogeny/RAxML-NG/AA/univ/SARS-CoV-2_200314.11.raxml.bootstraps

Execution log saved to: /home/hikoyu/analysis/Genome/SARS-CoV-2/phylogeny/RAxML-NG/AA/univ/SARS-CoV-2_200314.11.raxml.log

Analysis started: 17-Mar-2020 02:42:53 / finished: 17-Mar-2020 05:16:49

Elapsed time: 9236.070 seconds

