
RAxML-NG v. 0.9.0 released on 20.05.2019 by The Exelixis Lab.
Developed by: Alexey M. Kozlov and Alexandros Stamatakis.
Contributors: Diego Darriba, Tomas Flouri, Benoit Morel, Sarah Lutteropp, Ben Bettisworth.
Latest version: https://github.com/amkozlov/raxml-ng
Questions/problems/suggestions? Please visit: https://groups.google.com/forum/#!forum/raxml

RAxML-NG was called at 02-Apr-2020 11:26:07 as follows:

raxml-ng --threads 1 --search --tree rand{8},pars{8} --seed 613603428 --prefix phylogeny/RAxML-NG/AA/univ/SARS-CoV-2_200331.9 --msa phylogeny/RAxML-NG/AA/univ/SARS-CoV-2_200331.raxml.rba --outgroup MG772933.1

Analysis options:
  run mode: ML tree search
  start tree(s): random (8) + parsimony (8)
  random seed: 613603428
  tip-inner: OFF
  pattern compression: ON
  per-rate scalers: OFF
  site repeats: ON
  fast spr radius: AUTO
  spr subtree cutoff: 1.000000
  branch lengths: proportional (ML estimate, algorithm: NR-FAST)
  SIMD kernels: AVX2
  parallelization: NONE/sequential

[00:00:00] Loading binary alignment from file: phylogeny/RAxML-NG/AA/univ/SARS-CoV-2_200331.raxml.rba
[00:00:00] Alignment comprises 117 taxa, 1 partitions and 437 patterns

Partition 0: noname
Model: JTT-DCMUT+FC+G4m
Alignment sites / patterns: 9706 / 437
Gaps: 0.06 %
Invariant sites: 91.90 %


[00:00:00] Generating 8 random starting tree(s) with 117 taxa
[00:00:00] Generating 8 parsimony starting tree(s) with 117 taxa
[00:00:00] Data distribution: max. partitions/sites/weight per thread: 1 / 437 / 34960

Starting ML tree search with 16 distinct starting trees

[00:00:00 -78748.765302] Initial branch length optimization
[00:00:00 -35898.168493] Model parameter optimization (eps = 10.000000)
[00:00:01 -35765.794878] AUTODETECT spr round 1 (radius: 5)
[00:00:08 -34731.604201] AUTODETECT spr round 2 (radius: 10)
[00:00:19 -34417.245631] AUTODETECT spr round 3 (radius: 15)
[00:00:35 -34211.584968] AUTODETECT spr round 4 (radius: 20)
[00:00:48 -34154.473635] AUTODETECT spr round 5 (radius: 25)
[00:00:57 -34154.473635] SPR radius for FAST iterations: 20 (autodetect)
[00:00:57 -34154.473635] Model parameter optimization (eps = 3.000000)
[00:00:58 -34146.044181] FAST spr round 1 (radius: 20)
[00:01:32 -34081.586402] FAST spr round 2 (radius: 20)
[00:01:50 -34081.586395] Model parameter optimization (eps = 1.000000)
[00:01:50 -34081.317430] SLOW spr round 1 (radius: 5)
[00:02:10 -34081.317411] SLOW spr round 2 (radius: 10)
[00:02:32 -34081.317235] SLOW spr round 3 (radius: 15)
[00:02:51 -34081.317235] SLOW spr round 4 (radius: 20)
[00:03:15 -34081.317235] SLOW spr round 5 (radius: 25)
[00:03:31 -34081.317235] Model parameter optimization (eps = 0.100000)

[00:03:32] ML tree search #1, logLikelihood: -34081.316264

[00:03:32 -78702.652829] Initial branch length optimization
[00:03:32 -35812.910791] Model parameter optimization (eps = 10.000000)
[00:03:33 -35686.455934] AUTODETECT spr round 1 (radius: 5)
[00:03:39 -34625.725199] AUTODETECT spr round 2 (radius: 10)
[00:03:50 -34322.059553] AUTODETECT spr round 3 (radius: 15)
[00:04:06 -34198.115631] AUTODETECT spr round 4 (radius: 20)
[00:04:18 -34180.089757] AUTODETECT spr round 5 (radius: 25)
[00:04:27 -34180.089755] SPR radius for FAST iterations: 20 (autodetect)
[00:04:27 -34180.089755] Model parameter optimization (eps = 3.000000)
[00:04:28 -34172.704634] FAST spr round 1 (radius: 20)
[00:05:04 -34082.476458] FAST spr round 2 (radius: 20)
[00:05:25 -34082.476458] Model parameter optimization (eps = 1.000000)
[00:05:26 -34081.945543] SLOW spr round 1 (radius: 5)
[00:05:47 -34081.945483] SLOW spr round 2 (radius: 10)
[00:06:09 -34081.942279] SLOW spr round 3 (radius: 15)
[00:06:29 -34081.938826] SLOW spr round 4 (radius: 20)
[00:06:51 -34081.938826] SLOW spr round 5 (radius: 25)
[00:07:09 -34081.938826] Model parameter optimization (eps = 0.100000)

[00:07:09] ML tree search #2, logLikelihood: -34081.936877

[00:07:09 -78682.474460] Initial branch length optimization
[00:07:09 -35740.902733] Model parameter optimization (eps = 10.000000)
[00:07:10 -35616.580502] AUTODETECT spr round 1 (radius: 5)
[00:07:17 -34761.948608] AUTODETECT spr round 2 (radius: 10)
[00:07:29 -34363.503299] AUTODETECT spr round 3 (radius: 15)
[00:07:42 -34200.997679] AUTODETECT spr round 4 (radius: 20)
[00:07:53 -34200.997640] SPR radius for FAST iterations: 15 (autodetect)
[00:07:53 -34200.997640] Model parameter optimization (eps = 3.000000)
[00:07:53 -34200.997486] FAST spr round 1 (radius: 15)
[00:08:19 -34092.471089] FAST spr round 2 (radius: 15)
[00:08:34 -34092.471047] Model parameter optimization (eps = 1.000000)
[00:08:35 -34081.323181] SLOW spr round 1 (radius: 5)
[00:08:55 -34081.323136] SLOW spr round 2 (radius: 10)
[00:09:16 -34081.316495] SLOW spr round 3 (radius: 15)
[00:09:32 -34081.316495] SLOW spr round 4 (radius: 20)
[00:09:53 -34081.316495] SLOW spr round 5 (radius: 25)
[00:10:09 -34081.316495] Model parameter optimization (eps = 0.100000)

[00:10:10] ML tree search #3, logLikelihood: -34081.316424

[00:10:10 -78387.578118] Initial branch length optimization
[00:10:10 -35699.563334] Model parameter optimization (eps = 10.000000)
[00:10:11 -35615.916880] AUTODETECT spr round 1 (radius: 5)
[00:10:18 -34661.205273] AUTODETECT spr round 2 (radius: 10)
[00:10:30 -34421.364186] AUTODETECT spr round 3 (radius: 15)
[00:10:47 -34225.740880] AUTODETECT spr round 4 (radius: 20)
[00:10:59 -34225.740852] SPR radius for FAST iterations: 15 (autodetect)
[00:10:59 -34225.740852] Model parameter optimization (eps = 3.000000)
[00:11:00 -34219.488604] FAST spr round 1 (radius: 15)
[00:11:29 -34082.905756] FAST spr round 2 (radius: 15)
[00:11:44 -34082.905756] Model parameter optimization (eps = 1.000000)
[00:11:44 -34081.947090] SLOW spr round 1 (radius: 5)
[00:12:03 -34081.946951] SLOW spr round 2 (radius: 10)
[00:12:24 -34081.945779] SLOW spr round 3 (radius: 15)
[00:12:43 -34081.945779] SLOW spr round 4 (radius: 20)
[00:13:04 -34081.945779] SLOW spr round 5 (radius: 25)
[00:13:18 -34081.945779] Model parameter optimization (eps = 0.100000)

[00:13:18] ML tree search #4, logLikelihood: -34081.942344

[00:13:18 -78730.997644] Initial branch length optimization
[00:13:19 -35853.309021] Model parameter optimization (eps = 10.000000)
[00:13:19 -35723.408772] AUTODETECT spr round 1 (radius: 5)
[00:13:27 -34769.194937] AUTODETECT spr round 2 (radius: 10)
[00:13:39 -34328.665653] AUTODETECT spr round 3 (radius: 15)
[00:13:55 -34289.799558] AUTODETECT spr round 4 (radius: 20)
[00:14:08 -34289.799552] SPR radius for FAST iterations: 15 (autodetect)
[00:14:08 -34289.799552] Model parameter optimization (eps = 3.000000)
[00:14:08 -34289.799552] FAST spr round 1 (radius: 15)
[00:14:39 -34093.161034] FAST spr round 2 (radius: 15)
[00:14:57 -34093.161034] Model parameter optimization (eps = 1.000000)
[00:14:58 -34081.943638] SLOW spr round 1 (radius: 5)
[00:15:19 -34081.943612] SLOW spr round 2 (radius: 10)
[00:15:43 -34081.940393] SLOW spr round 3 (radius: 15)
[00:16:07 -34081.940393] SLOW spr round 4 (radius: 20)
[00:16:30 -34081.940393] SLOW spr round 5 (radius: 25)
[00:16:41 -34081.940393] Model parameter optimization (eps = 0.100000)

[00:16:41] ML tree search #5, logLikelihood: -34081.940325

[00:16:41 -78722.084405] Initial branch length optimization
[00:16:42 -35828.642361] Model parameter optimization (eps = 10.000000)
[00:16:43 -35700.818413] AUTODETECT spr round 1 (radius: 5)
[00:16:49 -34649.054017] AUTODETECT spr round 2 (radius: 10)
[00:17:00 -34262.564751] AUTODETECT spr round 3 (radius: 15)
[00:17:14 -34133.506471] AUTODETECT spr round 4 (radius: 20)
[00:17:26 -34123.656936] AUTODETECT spr round 5 (radius: 25)
[00:17:36 -34123.656936] SPR radius for FAST iterations: 20 (autodetect)
[00:17:36 -34123.656936] Model parameter optimization (eps = 3.000000)
[00:17:37 -34113.886929] FAST spr round 1 (radius: 20)
[00:18:07 -34082.006639] FAST spr round 2 (radius: 20)
[00:18:26 -34082.006639] Model parameter optimization (eps = 1.000000)
[00:18:26 -34081.939132] SLOW spr round 1 (radius: 5)
[00:18:46 -34081.937113] SLOW spr round 2 (radius: 10)
[00:19:07 -34081.937113] SLOW spr round 3 (radius: 15)
[00:19:25 -34081.937113] SLOW spr round 4 (radius: 20)
[00:19:47 -34081.937113] SLOW spr round 5 (radius: 25)
[00:20:08 -34081.937113] Model parameter optimization (eps = 0.100000)

[00:20:08] ML tree search #6, logLikelihood: -34081.936872

[00:20:08 -78736.880384] Initial branch length optimization
[00:20:09 -35869.602205] Model parameter optimization (eps = 10.000000)
[00:20:09 -35738.729244] AUTODETECT spr round 1 (radius: 5)
[00:20:16 -34744.724407] AUTODETECT spr round 2 (radius: 10)
[00:20:29 -34301.058598] AUTODETECT spr round 3 (radius: 15)
[00:20:45 -34177.577719] AUTODETECT spr round 4 (radius: 20)
[00:20:58 -34177.577632] SPR radius for FAST iterations: 15 (autodetect)
[00:20:58 -34177.577632] Model parameter optimization (eps = 3.000000)
[00:20:59 -34169.945268] FAST spr round 1 (radius: 15)
[00:21:29 -34081.776214] FAST spr round 2 (radius: 15)
[00:21:49 -34081.776202] Model parameter optimization (eps = 1.000000)
[00:21:49 -34081.324732] SLOW spr round 1 (radius: 5)
[00:22:10 -34081.324651] SLOW spr round 2 (radius: 10)
[00:22:33 -34081.321443] SLOW spr round 3 (radius: 15)
[00:22:54 -34081.321443] SLOW spr round 4 (radius: 20)
[00:23:16 -34081.321443] SLOW spr round 5 (radius: 25)
[00:23:29 -34081.321443] Model parameter optimization (eps = 0.100000)

[00:23:29] ML tree search #7, logLikelihood: -34081.319852

[00:23:29 -78688.278120] Initial branch length optimization
[00:23:30 -35770.685656] Model parameter optimization (eps = 10.000000)
[00:23:31 -35645.311305] AUTODETECT spr round 1 (radius: 5)
[00:23:38 -34741.075722] AUTODETECT spr round 2 (radius: 10)
[00:23:51 -34356.014580] AUTODETECT spr round 3 (radius: 15)
[00:24:08 -34256.134156] AUTODETECT spr round 4 (radius: 20)
[00:24:22 -34256.134120] SPR radius for FAST iterations: 15 (autodetect)
[00:24:22 -34256.134120] Model parameter optimization (eps = 3.000000)
[00:24:22 -34256.134120] FAST spr round 1 (radius: 15)
[00:24:49 -34102.263756] FAST spr round 2 (radius: 15)
[00:25:04 -34102.263756] Model parameter optimization (eps = 1.000000)
[00:25:05 -34091.529764] SLOW spr round 1 (radius: 5)
[00:25:24 -34091.529753] SLOW spr round 2 (radius: 10)
[00:25:44 -34091.529735] SLOW spr round 3 (radius: 15)
[00:26:03 -34091.526548] SLOW spr round 4 (radius: 20)
[00:26:25 -34091.526548] SLOW spr round 5 (radius: 25)
[00:26:44 -34081.948951] SLOW spr round 6 (radius: 5)
[00:27:09 -34081.948951] SLOW spr round 7 (radius: 10)
[00:27:28 -34081.948951] SLOW spr round 8 (radius: 15)
[00:27:45 -34081.948951] SLOW spr round 9 (radius: 20)
[00:28:06 -34081.948951] SLOW spr round 10 (radius: 25)
[00:28:25 -34081.948951] Model parameter optimization (eps = 0.100000)

[00:28:26] ML tree search #8, logLikelihood: -34081.940177

[00:28:26 -77503.191921] Initial branch length optimization
[00:28:26 -34085.436843] Model parameter optimization (eps = 10.000000)
[00:28:26 -34081.954595] AUTODETECT spr round 1 (radius: 5)
[00:28:33 -34081.954019] SPR radius for FAST iterations: 5 (autodetect)
[00:28:33 -34081.954019] Model parameter optimization (eps = 3.000000)
[00:28:33 -34081.943594] FAST spr round 1 (radius: 5)
[00:28:42 -34081.943580] Model parameter optimization (eps = 1.000000)
[00:28:42 -34081.943556] SLOW spr round 1 (radius: 5)
[00:29:00 -34081.943518] SLOW spr round 2 (radius: 10)
[00:29:18 -34081.936863] SLOW spr round 3 (radius: 15)
[00:29:35 -34081.936863] SLOW spr round 4 (radius: 20)
[00:29:50 -34081.936863] SLOW spr round 5 (radius: 25)
[00:30:07 -34081.936863] Model parameter optimization (eps = 0.100000)

[00:30:07] ML tree search #9, logLikelihood: -34081.936863

[00:30:07 -77505.033944] Initial branch length optimization
[00:30:07 -34086.942922] Model parameter optimization (eps = 10.000000)
[00:30:08 -34083.399728] AUTODETECT spr round 1 (radius: 5)
[00:30:14 -34083.399118] SPR radius for FAST iterations: 5 (autodetect)
[00:30:14 -34083.399118] Model parameter optimization (eps = 3.000000)
[00:30:14 -34083.388365] FAST spr round 1 (radius: 5)
[00:30:23 -34083.388364] Model parameter optimization (eps = 1.000000)
[00:30:23 -34083.388338] SLOW spr round 1 (radius: 5)
[00:30:41 -34083.385139] SLOW spr round 2 (radius: 10)
[00:30:59 -34083.385139] SLOW spr round 3 (radius: 15)
[00:31:15 -34083.385139] SLOW spr round 4 (radius: 20)
[00:31:32 -34083.385139] SLOW spr round 5 (radius: 25)
[00:31:50 -34083.385139] Model parameter optimization (eps = 0.100000)

[00:31:51] ML tree search #10, logLikelihood: -34083.385139

[00:31:51 -77505.349853] Initial branch length optimization
[00:31:51 -34086.207790] Model parameter optimization (eps = 10.000000)
[00:31:51 -34082.764544] AUTODETECT spr round 1 (radius: 5)
[00:31:58 -34082.763957] SPR radius for FAST iterations: 5 (autodetect)
[00:31:58 -34082.763957] Model parameter optimization (eps = 3.000000)
[00:31:58 -34082.753594] FAST spr round 1 (radius: 5)
[00:32:07 -34082.753586] Model parameter optimization (eps = 1.000000)
[00:32:07 -34082.753562] SLOW spr round 1 (radius: 5)
[00:32:26 -34082.753524] SLOW spr round 2 (radius: 10)
[00:32:45 -34082.277032] SLOW spr round 3 (radius: 5)
[00:33:03 -34082.277032] SLOW spr round 4 (radius: 10)
[00:33:22 -34082.277032] SLOW spr round 5 (radius: 15)
[00:33:39 -34082.277032] SLOW spr round 6 (radius: 20)
[00:33:55 -34082.277032] SLOW spr round 7 (radius: 25)
[00:34:13 -34082.277032] Model parameter optimization (eps = 0.100000)

[00:34:13] ML tree search #11, logLikelihood: -34082.277032

[00:34:13 -77505.035553] Initial branch length optimization
[00:34:14 -34086.896528] Model parameter optimization (eps = 10.000000)
[00:34:14 -34083.376196] AUTODETECT spr round 1 (radius: 5)
[00:34:20 -34083.375595] SPR radius for FAST iterations: 5 (autodetect)
[00:34:20 -34083.375595] Model parameter optimization (eps = 3.000000)
[00:34:20 -34083.364693] FAST spr round 1 (radius: 5)
[00:34:30 -34083.364693] Model parameter optimization (eps = 1.000000)
[00:34:30 -34083.364666] SLOW spr round 1 (radius: 5)
[00:34:48 -34083.363469] SLOW spr round 2 (radius: 10)
[00:35:05 -34083.363469] SLOW spr round 3 (radius: 15)
[00:35:20 -34083.363469] SLOW spr round 4 (radius: 20)
[00:35:35 -34081.943314] SLOW spr round 5 (radius: 5)
[00:35:57 -34081.943306] SLOW spr round 6 (radius: 10)
[00:36:15 -34081.941289] SLOW spr round 7 (radius: 15)
[00:36:30 -34081.941289] SLOW spr round 8 (radius: 20)
[00:36:48 -34081.941289] SLOW spr round 9 (radius: 25)
[00:37:07 -34081.941289] Model parameter optimization (eps = 0.100000)

[00:37:07] ML tree search #12, logLikelihood: -34081.940314

[00:37:07 -77507.584099] Initial branch length optimization
[00:37:08 -34089.496588] Model parameter optimization (eps = 10.000000)
[00:37:08 -34085.915919] AUTODETECT spr round 1 (radius: 5)
[00:37:15 -34085.914639] SPR radius for FAST iterations: 5 (autodetect)
[00:37:15 -34085.914639] Model parameter optimization (eps = 3.000000)
[00:37:15 -34085.903065] FAST spr round 1 (radius: 5)
[00:37:26 -34085.903064] Model parameter optimization (eps = 1.000000)
[00:37:26 -34085.903036] SLOW spr round 1 (radius: 5)
[00:37:45 -34085.903036] SLOW spr round 2 (radius: 10)
[00:38:00 -34085.903036] SLOW spr round 3 (radius: 15)
[00:38:15 -34085.903036] SLOW spr round 4 (radius: 20)
[00:38:29 -34085.903036] SLOW spr round 5 (radius: 25)
[00:38:46 -34085.903036] Model parameter optimization (eps = 0.100000)

[00:38:46] ML tree search #13, logLikelihood: -34085.903036

[00:38:46 -77502.582172] Initial branch length optimization
[00:38:46 -34085.391723] Model parameter optimization (eps = 10.000000)
[00:38:47 -34081.952949] AUTODETECT spr round 1 (radius: 5)
[00:38:53 -34081.952833] SPR radius for FAST iterations: 5 (autodetect)
[00:38:53 -34081.952833] Model parameter optimization (eps = 3.000000)
[00:38:53 -34081.942361] FAST spr round 1 (radius: 5)
[00:39:03 -34081.942361] Model parameter optimization (eps = 1.000000)
[00:39:03 -34081.942337] SLOW spr round 1 (radius: 5)
[00:39:22 -34081.940320] SLOW spr round 2 (radius: 10)
[00:39:37 -34081.940320] SLOW spr round 3 (radius: 15)
[00:39:52 -34081.940320] SLOW spr round 4 (radius: 20)
[00:40:05 -34081.940320] SLOW spr round 5 (radius: 25)
[00:40:20 -34081.940320] Model parameter optimization (eps = 0.100000)

[00:40:21] ML tree search #14, logLikelihood: -34081.940320

[00:40:21 -77502.582155] Initial branch length optimization
[00:40:21 -34085.391698] Model parameter optimization (eps = 10.000000)
[00:40:21 -34081.953136] AUTODETECT spr round 1 (radius: 5)
[00:40:27 -34081.952866] SPR radius for FAST iterations: 5 (autodetect)
[00:40:27 -34081.952866] Model parameter optimization (eps = 3.000000)
[00:40:28 -34081.942361] FAST spr round 1 (radius: 5)
[00:40:37 -34081.942354] Model parameter optimization (eps = 1.000000)
[00:40:38 -34081.942330] SLOW spr round 1 (radius: 5)
[00:40:56 -34081.942330] SLOW spr round 2 (radius: 10)
[00:41:13 -34081.940312] SLOW spr round 3 (radius: 15)
[00:41:28 -34081.940312] SLOW spr round 4 (radius: 20)
[00:41:43 -34081.940312] SLOW spr round 5 (radius: 25)
[00:41:59 -34081.940312] Model parameter optimization (eps = 0.100000)

[00:41:59] ML tree search #15, logLikelihood: -34081.940312

[00:41:59 -77507.191473] Initial branch length optimization
[00:42:00 -34087.735642] Model parameter optimization (eps = 10.000000)
[00:42:00 -34084.209765] AUTODETECT spr round 1 (radius: 5)
[00:42:06 -34084.209338] SPR radius for FAST iterations: 5 (autodetect)
[00:42:06 -34084.209338] Model parameter optimization (eps = 3.000000)
[00:42:07 -34084.198399] FAST spr round 1 (radius: 5)
[00:42:17 -34084.198391] Model parameter optimization (eps = 1.000000)
[00:42:17 -34084.198365] SLOW spr round 1 (radius: 5)
[00:42:36 -34084.198365] SLOW spr round 2 (radius: 10)
[00:42:52 -34084.195177] SLOW spr round 3 (radius: 15)
[00:43:07 -34084.195177] SLOW spr round 4 (radius: 20)
[00:43:24 -34082.751327] SLOW spr round 5 (radius: 5)
[00:43:45 -34082.751327] SLOW spr round 6 (radius: 10)
[00:44:02 -34082.751327] SLOW spr round 7 (radius: 15)
[00:44:17 -34082.751327] SLOW spr round 8 (radius: 20)
[00:44:33 -34082.751327] SLOW spr round 9 (radius: 25)
[00:44:50 -34082.278027] SLOW spr round 10 (radius: 5)
[00:45:12 -34082.278027] SLOW spr round 11 (radius: 10)
[00:45:30 -34082.278027] SLOW spr round 12 (radius: 15)
[00:45:46 -34082.278027] SLOW spr round 13 (radius: 20)
[00:46:03 -34082.278027] SLOW spr round 14 (radius: 25)
[00:46:22 -34082.278027] Model parameter optimization (eps = 0.100000)

[00:46:23] ML tree search #16, logLikelihood: -34082.277050


Optimized model parameters:

   Partition 0: noname
   Rate heterogeneity: GAMMA (4 cats, mean),  alpha: 0.409173 (ML),  weights&rates: (0.250000,0.018060) (0.250000,0.188575) (0.250000,0.741019) (0.250000,3.052347) 
   Base frequencies (empirical): 0.067606 0.036076 0.054750 0.052444 0.030338 0.037504 0.045250 0.059379 0.019293 0.052405 0.094712 0.057925 0.021136 0.050927 0.040574 0.067967 0.073897 0.011340 0.046065 0.080414 
   Substitution rates (model): 0.531678 0.557967 0.827445 0.574478 0.556725 1.066681 1.740159 0.219970 0.361684 0.310007 0.369437 0.469395 0.138293 1.959599 3.887095 4.582565 0.084329 0.139492 2.924161 0.451095 0.154899 1.019843 3.021995 0.318483 1.359652 3.210671 0.239195 0.372261 6.529255 0.431045 0.065314 0.710489 1.001551 0.650282 1.257961 0.235601 0.171995 5.549530 0.313311 0.768834 0.578115 0.773313 4.025778 0.491003 0.137289 2.529517 0.330720 0.073481 0.121804 5.057964 2.351311 0.027700 0.700693 0.164525 0.105625 0.521646 7.766557 1.272434 1.032342 0.115968 0.061486 0.282466 0.190001 0.032522 0.127164 0.589268 0.425159 0.057466 0.453952 0.315261 0.091304 0.053907 0.546389 0.724998 0.150559 0.164593 0.049009 0.409202 0.678335 0.123653 2.155331 0.469823 1.104181 2.114852 0.621323 3.417706 0.231294 5.684080 0.078270 0.709004 2.966732 0.456901 0.045683 1.608126 0.548807 0.523825 0.172206 0.254745 0.179771 1.115632 0.243768 0.111773 0.097485 1.731684 0.175084 0.043829 0.191994 0.312449 0.331584 0.114381 0.063452 0.465271 0.201696 0.053769 0.069492 0.269840 0.130379 0.050212 0.208081 1.874296 0.316862 0.544180 0.052500 0.470140 0.181788 0.540571 0.525096 0.329660 0.453428 1.141961 0.743458 0.477355 0.128193 5.848400 0.121827 2.335139 0.202562 4.831666 0.777090 0.098580 0.405119 2.553806 0.134510 0.303445 9.533943 0.146481 3.856906 2.500294 1.060504 0.592511 0.272514 0.530324 0.241094 1.761439 0.624581 0.024521 0.216345 0.474478 0.965641 0.089134 0.087904 0.124066 0.436181 0.164215 0.285564 2.114728 0.201334 0.189870 3.038533 0.148483 0.943971 0.138904 0.537922 5.484236 0.593478 2.788406 1.176961 0.069965 0.113850 0.211561 4.777647 0.310927 0.628608 0.408532 0.080556 0.201094 1.143980 0.747889 0.239697 0.165473 


Final LogLikelihood: -34081.316264

AIC score: 68664.632528 / AICc score: 68678.013530 / BIC score: 70466.937910
Free parameters (model + branch lengths): 251

Best ML tree saved to: /home/hikoyu/analysis/Genome/SARS-CoV-2/phylogeny/RAxML-NG/AA/univ/SARS-CoV-2_200331.9.raxml.bestTree
All ML trees saved to: /home/hikoyu/analysis/Genome/SARS-CoV-2/phylogeny/RAxML-NG/AA/univ/SARS-CoV-2_200331.9.raxml.mlTrees
Optimized model saved to: /home/hikoyu/analysis/Genome/SARS-CoV-2/phylogeny/RAxML-NG/AA/univ/SARS-CoV-2_200331.9.raxml.bestModel

Execution log saved to: /home/hikoyu/analysis/Genome/SARS-CoV-2/phylogeny/RAxML-NG/AA/univ/SARS-CoV-2_200331.9.raxml.log

Analysis started: 02-Apr-2020 11:26:07 / finished: 02-Apr-2020 12:12:30

Elapsed time: 2783.291 seconds

