
RAxML-NG v. 0.9.0 released on 20.05.2019 by The Exelixis Lab.
Developed by: Alexey M. Kozlov and Alexandros Stamatakis.
Contributors: Diego Darriba, Tomas Flouri, Benoit Morel, Sarah Lutteropp, Ben Bettisworth.
Latest version: https://github.com/amkozlov/raxml-ng
Questions/problems/suggestions? Please visit: https://groups.google.com/forum/#!forum/raxml

RAxML-NG was called at 11-Mar-2020 11:26:29 as follows:

raxml-ng --threads 1 --search --tree rand{9},pars{9} --seed 1818729212 --prefix phylogeny/RAxML-NG/AA/univ/SARS-CoV-2_200311.3 --msa phylogeny/RAxML-NG/AA/univ/SARS-CoV-2_200311.raxml.rba --outgroup MG772933.1

Analysis options:
  run mode: ML tree search
  start tree(s): random (9) + parsimony (9)
  random seed: 1818729212
  tip-inner: OFF
  pattern compression: ON
  per-rate scalers: OFF
  site repeats: ON
  fast spr radius: AUTO
  spr subtree cutoff: 1.000000
  branch lengths: proportional (ML estimate, algorithm: NR-FAST)
  SIMD kernels: AVX2
  parallelization: NONE/sequential

[00:00:00] Loading binary alignment from file: phylogeny/RAxML-NG/AA/univ/SARS-CoV-2_200311.raxml.rba
[00:00:00] Alignment comprises 64 taxa, 1 partitions and 378 patterns

Partition 0: noname
Model: JTT-DCMUT+FC+G4m
Alignment sites / patterns: 9705 / 378
Gaps: 0.05 %
Invariant sites: 92.56 %


[00:00:00] Generating 9 random starting tree(s) with 64 taxa
[00:00:00] Generating 9 parsimony starting tree(s) with 64 taxa
[00:00:00] Data distribution: max. partitions/sites/weight per thread: 1 / 378 / 30240

Starting ML tree search with 18 distinct starting trees

[00:00:00 -63213.940475] Initial branch length optimization
[00:00:00 -33822.348245] Model parameter optimization (eps = 10.000000)
[00:00:00 -33753.097770] AUTODETECT spr round 1 (radius: 5)
[00:00:03 -33432.754305] AUTODETECT spr round 2 (radius: 10)
[00:00:08 -33334.304980] AUTODETECT spr round 3 (radius: 15)
[00:00:12 -33334.304979] SPR radius for FAST iterations: 10 (autodetect)
[00:00:12 -33334.304979] Model parameter optimization (eps = 3.000000)
[00:00:13 -33331.465133] FAST spr round 1 (radius: 10)
[00:00:22 -33311.543428] FAST spr round 2 (radius: 10)
[00:00:27 -33311.543428] Model parameter optimization (eps = 1.000000)
[00:00:27 -33311.465749] SLOW spr round 1 (radius: 5)
[00:00:38 -33311.465741] SLOW spr round 2 (radius: 10)
[00:00:48 -33311.465667] SLOW spr round 3 (radius: 15)
[00:00:55 -33311.465667] SLOW spr round 4 (radius: 20)
[00:00:59 -33311.465667] SLOW spr round 5 (radius: 25)
[00:01:00 -33311.465667] Model parameter optimization (eps = 0.100000)

[00:01:00] ML tree search #1, logLikelihood: -33311.465234

[00:01:00 -63186.614413] Initial branch length optimization
[00:01:00 -33758.400209] Model parameter optimization (eps = 10.000000)
[00:01:00 -33684.964019] AUTODETECT spr round 1 (radius: 5)
[00:01:03 -33507.295437] AUTODETECT spr round 2 (radius: 10)
[00:01:08 -33431.513615] AUTODETECT spr round 3 (radius: 15)
[00:01:12 -33396.187255] AUTODETECT spr round 4 (radius: 20)
[00:01:14 -33396.187253] SPR radius for FAST iterations: 15 (autodetect)
[00:01:14 -33396.187253] Model parameter optimization (eps = 3.000000)
[00:01:14 -33396.187253] FAST spr round 1 (radius: 15)
[00:01:26 -33314.858689] FAST spr round 2 (radius: 15)
[00:01:33 -33314.858689] Model parameter optimization (eps = 1.000000)
[00:01:33 -33311.461844] SLOW spr round 1 (radius: 5)
[00:01:42 -33311.458673] SLOW spr round 2 (radius: 10)
[00:01:52 -33311.458673] SLOW spr round 3 (radius: 15)
[00:02:00 -33311.458496] SLOW spr round 4 (radius: 20)
[00:02:07 -33311.458496] SLOW spr round 5 (radius: 25)
[00:02:09 -33311.458496] Model parameter optimization (eps = 0.100000)

[00:02:10] ML tree search #2, logLikelihood: -33311.458432

[00:02:10 -63199.477313] Initial branch length optimization
[00:02:10 -33786.006677] Model parameter optimization (eps = 10.000000)
[00:02:10 -33719.132583] AUTODETECT spr round 1 (radius: 5)
[00:02:13 -33415.592606] AUTODETECT spr round 2 (radius: 10)
[00:02:18 -33361.713425] AUTODETECT spr round 3 (radius: 15)
[00:02:21 -33341.619288] AUTODETECT spr round 4 (radius: 20)
[00:02:22 -33341.619288] SPR radius for FAST iterations: 15 (autodetect)
[00:02:23 -33341.619288] Model parameter optimization (eps = 3.000000)
[00:02:23 -33338.970560] FAST spr round 1 (radius: 15)
[00:02:34 -33310.959685] FAST spr round 2 (radius: 15)
[00:02:41 -33310.959685] Model parameter optimization (eps = 1.000000)
[00:02:41 -33310.845446] SLOW spr round 1 (radius: 5)
[00:02:50 -33310.845358] SLOW spr round 2 (radius: 10)
[00:03:01 -33310.838736] SLOW spr round 3 (radius: 15)
[00:03:07 -33310.838736] SLOW spr round 4 (radius: 20)
[00:03:12 -33310.838736] SLOW spr round 5 (radius: 25)
[00:03:15 -33310.838736] Model parameter optimization (eps = 0.100000)

[00:03:15] ML tree search #3, logLikelihood: -33310.838098

[00:03:15 -63213.176299] Initial branch length optimization
[00:03:15 -33806.601065] Model parameter optimization (eps = 10.000000)
[00:03:15 -33737.874975] AUTODETECT spr round 1 (radius: 5)
[00:03:18 -33410.491180] AUTODETECT spr round 2 (radius: 10)
[00:03:22 -33342.778932] AUTODETECT spr round 3 (radius: 15)
[00:03:26 -33322.186149] AUTODETECT spr round 4 (radius: 20)
[00:03:28 -33322.186149] SPR radius for FAST iterations: 15 (autodetect)
[00:03:28 -33322.186149] Model parameter optimization (eps = 3.000000)
[00:03:28 -33319.085179] FAST spr round 1 (radius: 15)
[00:03:38 -33311.474443] FAST spr round 2 (radius: 15)
[00:03:45 -33311.474443] Model parameter optimization (eps = 1.000000)
[00:03:45 -33311.465309] SLOW spr round 1 (radius: 5)
[00:03:55 -33311.462108] SLOW spr round 2 (radius: 10)
[00:04:05 -33311.462108] SLOW spr round 3 (radius: 15)
[00:04:11 -33311.462108] SLOW spr round 4 (radius: 20)
[00:04:17 -33311.462108] SLOW spr round 5 (radius: 25)
[00:04:21 -33311.462108] Model parameter optimization (eps = 0.100000)

[00:04:21] ML tree search #4, logLikelihood: -33311.462063

[00:04:21 -63182.777013] Initial branch length optimization
[00:04:21 -33746.826792] Model parameter optimization (eps = 10.000000)
[00:04:21 -33681.589838] AUTODETECT spr round 1 (radius: 5)
[00:04:24 -33452.492728] AUTODETECT spr round 2 (radius: 10)
[00:04:29 -33323.300654] AUTODETECT spr round 3 (radius: 15)
[00:04:33 -33315.973159] AUTODETECT spr round 4 (radius: 20)
[00:04:35 -33315.973159] SPR radius for FAST iterations: 15 (autodetect)
[00:04:35 -33315.973159] Model parameter optimization (eps = 3.000000)
[00:04:35 -33312.571277] FAST spr round 1 (radius: 15)
[00:04:46 -33311.461846] FAST spr round 2 (radius: 15)
[00:04:53 -33311.461846] Model parameter optimization (eps = 1.000000)
[00:04:53 -33311.461803] SLOW spr round 1 (radius: 5)
[00:05:03 -33311.461778] SLOW spr round 2 (radius: 10)
[00:05:14 -33311.458611] SLOW spr round 3 (radius: 15)
[00:05:20 -33311.458611] SLOW spr round 4 (radius: 20)
[00:05:25 -33311.458611] SLOW spr round 5 (radius: 25)
[00:05:28 -33311.458611] Model parameter optimization (eps = 0.100000)

[00:05:28] ML tree search #5, logLikelihood: -33311.458611

[00:05:28 -63197.982005] Initial branch length optimization
[00:05:28 -33764.319272] Model parameter optimization (eps = 10.000000)
[00:05:29 -33697.698552] AUTODETECT spr round 1 (radius: 5)
[00:05:31 -33496.517223] AUTODETECT spr round 2 (radius: 10)
[00:05:35 -33332.781148] AUTODETECT spr round 3 (radius: 15)
[00:05:39 -33331.567382] AUTODETECT spr round 4 (radius: 20)
[00:05:41 -33331.567382] SPR radius for FAST iterations: 15 (autodetect)
[00:05:41 -33331.567382] Model parameter optimization (eps = 3.000000)
[00:05:41 -33328.773673] FAST spr round 1 (radius: 15)
[00:05:53 -33311.548922] FAST spr round 2 (radius: 15)
[00:06:00 -33311.548922] Model parameter optimization (eps = 1.000000)
[00:06:00 -33311.465783] SLOW spr round 1 (radius: 5)
[00:06:10 -33311.462478] SLOW spr round 2 (radius: 10)
[00:06:21 -33311.462478] SLOW spr round 3 (radius: 15)
[00:06:27 -33311.462478] SLOW spr round 4 (radius: 20)
[00:06:39 -33311.462478] SLOW spr round 5 (radius: 25)
[00:06:43 -33311.462478] Model parameter optimization (eps = 0.100000)

[00:06:43] ML tree search #6, logLikelihood: -33311.462015

[00:06:43 -63205.242505] Initial branch length optimization
[00:06:43 -33795.072237] Model parameter optimization (eps = 10.000000)
[00:06:43 -33727.630292] AUTODETECT spr round 1 (radius: 5)
[00:06:46 -33526.811049] AUTODETECT spr round 2 (radius: 10)
[00:06:50 -33418.768829] AUTODETECT spr round 3 (radius: 15)
[00:06:54 -33351.732890] AUTODETECT spr round 4 (radius: 20)
[00:06:56 -33351.732890] SPR radius for FAST iterations: 15 (autodetect)
[00:06:56 -33351.732890] Model parameter optimization (eps = 3.000000)
[00:06:56 -33349.197073] FAST spr round 1 (radius: 15)
[00:07:08 -33311.607137] FAST spr round 2 (radius: 15)
[00:07:15 -33311.607137] Model parameter optimization (eps = 1.000000)
[00:07:15 -33311.466113] SLOW spr round 1 (radius: 5)
[00:07:25 -33311.466096] SLOW spr round 2 (radius: 10)
[00:07:35 -33311.464885] SLOW spr round 3 (radius: 15)
[00:07:42 -33311.464885] SLOW spr round 4 (radius: 20)
[00:07:49 -33311.464885] SLOW spr round 5 (radius: 25)
[00:07:54 -33311.464885] Model parameter optimization (eps = 0.100000)

[00:07:54] ML tree search #7, logLikelihood: -33311.464095

[00:07:54 -63217.558649] Initial branch length optimization
[00:07:54 -33819.118188] Model parameter optimization (eps = 10.000000)
[00:07:55 -33749.866181] AUTODETECT spr round 1 (radius: 5)
[00:07:58 -33489.623911] AUTODETECT spr round 2 (radius: 10)
[00:08:02 -33462.155297] AUTODETECT spr round 3 (radius: 15)
[00:08:06 -33417.896861] AUTODETECT spr round 4 (radius: 20)
[00:08:09 -33417.896861] SPR radius for FAST iterations: 15 (autodetect)
[00:08:09 -33417.896861] Model parameter optimization (eps = 3.000000)
[00:08:09 -33417.896861] FAST spr round 1 (radius: 15)
[00:08:20 -33314.858738] FAST spr round 2 (radius: 15)
[00:08:27 -33314.858738] Model parameter optimization (eps = 1.000000)
[00:08:27 -33311.461875] SLOW spr round 1 (radius: 5)
[00:08:36 -33311.458670] SLOW spr round 2 (radius: 10)
[00:08:45 -33311.458670] SLOW spr round 3 (radius: 15)
[00:08:52 -33311.458670] SLOW spr round 4 (radius: 20)
[00:08:58 -33311.458670] SLOW spr round 5 (radius: 25)
[00:09:02 -33311.458670] Model parameter optimization (eps = 0.100000)

[00:09:02] ML tree search #8, logLikelihood: -33311.458609

[00:09:02 -63217.415203] Initial branch length optimization
[00:09:03 -33820.251939] Model parameter optimization (eps = 10.000000)
[00:09:03 -33750.483552] AUTODETECT spr round 1 (radius: 5)
[00:09:06 -33546.207005] AUTODETECT spr round 2 (radius: 10)
[00:09:10 -33465.113064] AUTODETECT spr round 3 (radius: 15)
[00:09:14 -33406.939645] AUTODETECT spr round 4 (radius: 20)
[00:09:16 -33406.939633] SPR radius for FAST iterations: 15 (autodetect)
[00:09:16 -33406.939633] Model parameter optimization (eps = 3.000000)
[00:09:17 -33406.939633] FAST spr round 1 (radius: 15)
[00:09:26 -33314.862190] FAST spr round 2 (radius: 15)
[00:09:32 -33314.862190] Model parameter optimization (eps = 1.000000)
[00:09:32 -33311.465302] SLOW spr round 1 (radius: 5)
[00:09:41 -33311.464156] SLOW spr round 2 (radius: 10)
[00:09:52 -33311.458671] SLOW spr round 3 (radius: 15)
[00:09:58 -33311.458671] SLOW spr round 4 (radius: 20)
[00:10:03 -33311.458671] SLOW spr round 5 (radius: 25)
[00:10:09 -33311.458671] Model parameter optimization (eps = 0.100000)

[00:10:09] ML tree search #9, logLikelihood: -33311.458612

[00:10:09 -62701.803868] Initial branch length optimization
[00:10:09 -33322.623580] Model parameter optimization (eps = 10.000000)
[00:10:09 -33314.645729] AUTODETECT spr round 1 (radius: 5)
[00:10:12 -33314.644025] SPR radius for FAST iterations: 5 (autodetect)
[00:10:12 -33314.644025] Model parameter optimization (eps = 3.000000)
[00:10:12 -33314.604443] FAST spr round 1 (radius: 5)
[00:10:16 -33314.604435] Model parameter optimization (eps = 1.000000)
[00:10:16 -33314.604203] SLOW spr round 1 (radius: 5)
[00:10:24 -33314.604203] SLOW spr round 2 (radius: 10)
[00:10:31 -33312.200702] SLOW spr round 3 (radius: 5)
[00:10:40 -33312.200702] SLOW spr round 4 (radius: 10)
[00:10:48 -33312.198675] SLOW spr round 5 (radius: 15)
[00:10:55 -33310.846249] SLOW spr round 6 (radius: 5)
[00:11:03 -33310.846249] SLOW spr round 7 (radius: 10)
[00:11:11 -33310.846249] SLOW spr round 8 (radius: 15)
[00:11:18 -33310.846249] SLOW spr round 9 (radius: 20)
[00:11:23 -33310.846249] SLOW spr round 10 (radius: 25)
[00:11:27 -33310.846249] Model parameter optimization (eps = 0.100000)

[00:11:27] ML tree search #10, logLikelihood: -33310.841574

[00:11:27 -62696.305619] Initial branch length optimization
[00:11:28 -33319.259494] Model parameter optimization (eps = 10.000000)
[00:11:28 -33311.504587] AUTODETECT spr round 1 (radius: 5)
[00:11:30 -33311.503167] SPR radius for FAST iterations: 5 (autodetect)
[00:11:30 -33311.503167] Model parameter optimization (eps = 3.000000)
[00:11:31 -33311.465536] FAST spr round 1 (radius: 5)
[00:11:35 -33311.465519] Model parameter optimization (eps = 1.000000)
[00:11:35 -33311.465305] SLOW spr round 1 (radius: 5)
[00:11:43 -33311.465305] SLOW spr round 2 (radius: 10)
[00:11:50 -33311.462072] SLOW spr round 3 (radius: 15)
[00:11:57 -33311.462072] SLOW spr round 4 (radius: 20)
[00:12:02 -33311.462072] SLOW spr round 5 (radius: 25)
[00:12:07 -33311.462072] Model parameter optimization (eps = 0.100000)

[00:12:07] ML tree search #11, logLikelihood: -33311.462072

[00:12:07 -62699.724573] Initial branch length optimization
[00:12:07 -33321.567633] Model parameter optimization (eps = 10.000000)
[00:12:07 -33313.668698] AUTODETECT spr round 1 (radius: 5)
[00:12:10 -33312.299213] AUTODETECT spr round 2 (radius: 10)
[00:12:13 -33312.299213] SPR radius for FAST iterations: 5 (autodetect)
[00:12:13 -33312.299213] Model parameter optimization (eps = 3.000000)
[00:12:13 -33312.273474] FAST spr round 1 (radius: 5)
[00:12:17 -33312.273472] Model parameter optimization (eps = 1.000000)
[00:12:17 -33312.273328] SLOW spr round 1 (radius: 5)
[00:12:25 -33312.273328] SLOW spr round 2 (radius: 10)
[00:12:34 -33312.271300] SLOW spr round 3 (radius: 15)
[00:12:40 -33311.798775] SLOW spr round 4 (radius: 5)
[00:12:49 -33311.798775] SLOW spr round 5 (radius: 10)
[00:12:57 -33311.798775] SLOW spr round 6 (radius: 15)
[00:13:04 -33311.798775] SLOW spr round 7 (radius: 20)
[00:13:09 -33311.798775] SLOW spr round 8 (radius: 25)
[00:13:14 -33311.798775] Model parameter optimization (eps = 0.100000)

[00:13:14] ML tree search #12, logLikelihood: -33311.798775

[00:13:14 -62696.305869] Initial branch length optimization
[00:13:14 -33319.259966] Model parameter optimization (eps = 10.000000)
[00:13:14 -33311.505177] AUTODETECT spr round 1 (radius: 5)
[00:13:17 -33311.501851] SPR radius for FAST iterations: 5 (autodetect)
[00:13:17 -33311.501851] Model parameter optimization (eps = 3.000000)
[00:13:17 -33311.464310] FAST spr round 1 (radius: 5)
[00:13:21 -33311.464301] Model parameter optimization (eps = 1.000000)
[00:13:21 -33311.464087] SLOW spr round 1 (radius: 5)
[00:13:30 -33311.462060] SLOW spr round 2 (radius: 10)
[00:13:37 -33311.462060] SLOW spr round 3 (radius: 15)
[00:13:44 -33311.462060] SLOW spr round 4 (radius: 20)
[00:13:49 -33311.462060] SLOW spr round 5 (radius: 25)
[00:13:53 -33311.462060] Model parameter optimization (eps = 0.100000)

[00:13:53] ML tree search #13, logLikelihood: -33311.462060

[00:13:53 -62697.856658] Initial branch length optimization
[00:13:54 -33320.067537] Model parameter optimization (eps = 10.000000)
[00:13:54 -33312.311471] AUTODETECT spr round 1 (radius: 5)
[00:13:56 -33312.309170] SPR radius for FAST iterations: 5 (autodetect)
[00:13:56 -33312.309170] Model parameter optimization (eps = 3.000000)
[00:13:56 -33312.271526] FAST spr round 1 (radius: 5)
[00:14:00 -33312.271524] Model parameter optimization (eps = 1.000000)
[00:14:00 -33312.271310] SLOW spr round 1 (radius: 5)
[00:14:08 -33312.271310] SLOW spr round 2 (radius: 10)
[00:14:15 -33312.271310] SLOW spr round 3 (radius: 15)
[00:14:22 -33311.798784] SLOW spr round 4 (radius: 5)
[00:14:30 -33311.798784] SLOW spr round 5 (radius: 10)
[00:14:38 -33311.798784] SLOW spr round 6 (radius: 15)
[00:14:44 -33311.798784] SLOW spr round 7 (radius: 20)
[00:14:49 -33311.798784] SLOW spr round 8 (radius: 25)
[00:14:53 -33311.798784] Model parameter optimization (eps = 0.100000)

[00:14:53] ML tree search #14, logLikelihood: -33311.798784

[00:14:53 -62696.305597] Initial branch length optimization
[00:14:54 -33319.259493] Model parameter optimization (eps = 10.000000)
[00:14:54 -33311.504625] AUTODETECT spr round 1 (radius: 5)
[00:14:56 -33311.503165] SPR radius for FAST iterations: 5 (autodetect)
[00:14:56 -33311.503165] Model parameter optimization (eps = 3.000000)
[00:14:57 -33311.465535] FAST spr round 1 (radius: 5)
[00:15:00 -33311.465503] Model parameter optimization (eps = 1.000000)
[00:15:01 -33311.465292] SLOW spr round 1 (radius: 5)
[00:15:09 -33311.465292] SLOW spr round 2 (radius: 10)
[00:15:16 -33311.462075] SLOW spr round 3 (radius: 15)
[00:15:23 -33311.462075] SLOW spr round 4 (radius: 20)
[00:15:28 -33311.462075] SLOW spr round 5 (radius: 25)
[00:15:33 -33311.462075] Model parameter optimization (eps = 0.100000)

[00:15:33] ML tree search #15, logLikelihood: -33311.462070

[00:15:33 -62695.696554] Initial branch length optimization
[00:15:33 -33319.258163] Model parameter optimization (eps = 10.000000)
[00:15:33 -33311.502176] AUTODETECT spr round 1 (radius: 5)
[00:15:36 -33311.501925] SPR radius for FAST iterations: 5 (autodetect)
[00:15:36 -33311.501925] Model parameter optimization (eps = 3.000000)
[00:15:36 -33311.464317] FAST spr round 1 (radius: 5)
[00:15:40 -33311.464315] Model parameter optimization (eps = 1.000000)
[00:15:40 -33311.464100] SLOW spr round 1 (radius: 5)
[00:15:48 -33311.464100] SLOW spr round 2 (radius: 10)
[00:15:55 -33311.464100] SLOW spr round 3 (radius: 15)
[00:16:01 -33311.462073] SLOW spr round 4 (radius: 20)
[00:16:06 -33311.462073] SLOW spr round 5 (radius: 25)
[00:16:11 -33311.462073] Model parameter optimization (eps = 0.100000)

[00:16:11] ML tree search #16, logLikelihood: -33311.462073

[00:16:11 -62697.564117] Initial branch length optimization
[00:16:11 -33320.758478] Model parameter optimization (eps = 10.000000)
[00:16:11 -33312.859817] AUTODETECT spr round 1 (radius: 5)
[00:16:14 -33312.858816] SPR radius for FAST iterations: 5 (autodetect)
[00:16:14 -33312.858816] Model parameter optimization (eps = 3.000000)
[00:16:14 -33312.820427] FAST spr round 1 (radius: 5)
[00:16:17 -33312.820425] Model parameter optimization (eps = 1.000000)
[00:16:18 -33312.820202] SLOW spr round 1 (radius: 5)
[00:16:26 -33312.818173] SLOW spr round 2 (radius: 10)
[00:16:33 -33312.818173] SLOW spr round 3 (radius: 15)
[00:16:39 -33310.839369] SLOW spr round 4 (radius: 5)
[00:16:47 -33310.839369] SLOW spr round 5 (radius: 10)
[00:16:54 -33310.839369] SLOW spr round 6 (radius: 15)
[00:17:00 -33310.839369] SLOW spr round 7 (radius: 20)
[00:17:05 -33310.839369] SLOW spr round 8 (radius: 25)
[00:17:10 -33310.839369] Model parameter optimization (eps = 0.100000)

[00:17:10] ML tree search #17, logLikelihood: -33310.838100

[00:17:10 -62700.605576] Initial branch length optimization
[00:17:10 -33321.535113] Model parameter optimization (eps = 10.000000)
[00:17:10 -33313.640487] AUTODETECT spr round 1 (radius: 5)
[00:17:13 -33312.298156] AUTODETECT spr round 2 (radius: 10)
[00:17:16 -33312.298156] SPR radius for FAST iterations: 5 (autodetect)
[00:17:16 -33312.298156] Model parameter optimization (eps = 3.000000)
[00:17:16 -33312.273475] FAST spr round 1 (radius: 5)
[00:17:20 -33312.273470] Model parameter optimization (eps = 1.000000)
[00:17:20 -33312.273332] SLOW spr round 1 (radius: 5)
[00:17:27 -33312.273332] SLOW spr round 2 (radius: 10)
[00:17:35 -33312.273332] SLOW spr round 3 (radius: 15)
[00:17:41 -33311.798779] SLOW spr round 4 (radius: 5)
[00:17:49 -33311.798779] SLOW spr round 5 (radius: 10)
[00:17:57 -33311.798779] SLOW spr round 6 (radius: 15)
[00:18:03 -33311.798779] SLOW spr round 7 (radius: 20)
[00:18:09 -33311.798779] SLOW spr round 8 (radius: 25)
[00:18:16 -33311.798779] Model parameter optimization (eps = 0.100000)

[00:18:17] ML tree search #18, logLikelihood: -33311.798779


Optimized model parameters:

   Partition 0: noname
   Rate heterogeneity: GAMMA (4 cats, mean),  alpha: 0.241935 (ML),  weights&rates: (0.250000,0.001757) (0.250000,0.060930) (0.250000,0.484165) (0.250000,3.453147) 
   Base frequencies (empirical): 0.067602 0.036084 0.054752 0.052449 0.030314 0.037507 0.045251 0.059374 0.019288 0.052412 0.094686 0.057922 0.021141 0.050912 0.040607 0.067953 0.073906 0.011340 0.046084 0.080416 
   Substitution rates (model): 0.531678 0.557967 0.827445 0.574478 0.556725 1.066681 1.740159 0.219970 0.361684 0.310007 0.369437 0.469395 0.138293 1.959599 3.887095 4.582565 0.084329 0.139492 2.924161 0.451095 0.154899 1.019843 3.021995 0.318483 1.359652 3.210671 0.239195 0.372261 6.529255 0.431045 0.065314 0.710489 1.001551 0.650282 1.257961 0.235601 0.171995 5.549530 0.313311 0.768834 0.578115 0.773313 4.025778 0.491003 0.137289 2.529517 0.330720 0.073481 0.121804 5.057964 2.351311 0.027700 0.700693 0.164525 0.105625 0.521646 7.766557 1.272434 1.032342 0.115968 0.061486 0.282466 0.190001 0.032522 0.127164 0.589268 0.425159 0.057466 0.453952 0.315261 0.091304 0.053907 0.546389 0.724998 0.150559 0.164593 0.049009 0.409202 0.678335 0.123653 2.155331 0.469823 1.104181 2.114852 0.621323 3.417706 0.231294 5.684080 0.078270 0.709004 2.966732 0.456901 0.045683 1.608126 0.548807 0.523825 0.172206 0.254745 0.179771 1.115632 0.243768 0.111773 0.097485 1.731684 0.175084 0.043829 0.191994 0.312449 0.331584 0.114381 0.063452 0.465271 0.201696 0.053769 0.069492 0.269840 0.130379 0.050212 0.208081 1.874296 0.316862 0.544180 0.052500 0.470140 0.181788 0.540571 0.525096 0.329660 0.453428 1.141961 0.743458 0.477355 0.128193 5.848400 0.121827 2.335139 0.202562 4.831666 0.777090 0.098580 0.405119 2.553806 0.134510 0.303445 9.533943 0.146481 3.856906 2.500294 1.060504 0.592511 0.272514 0.530324 0.241094 1.761439 0.624581 0.024521 0.216345 0.474478 0.965641 0.089134 0.087904 0.124066 0.436181 0.164215 0.285564 2.114728 0.201334 0.189870 3.038533 0.148483 0.943971 0.138904 0.537922 5.484236 0.593478 2.788406 1.176961 0.069965 0.113850 0.211561 4.777647 0.310927 0.628608 0.408532 0.080556 0.201094 1.143980 0.747889 0.239697 0.165473 


Final LogLikelihood: -33310.838098

AIC score: 66911.676196 / AICc score: 66916.105529 / BIC score: 67952.833687
Free parameters (model + branch lengths): 145

Best ML tree saved to: /home/hikoyu/analysis/Genome/SARS-CoV-2/phylogeny/RAxML-NG/AA/univ/SARS-CoV-2_200311.3.raxml.bestTree
All ML trees saved to: /home/hikoyu/analysis/Genome/SARS-CoV-2/phylogeny/RAxML-NG/AA/univ/SARS-CoV-2_200311.3.raxml.mlTrees
Optimized model saved to: /home/hikoyu/analysis/Genome/SARS-CoV-2/phylogeny/RAxML-NG/AA/univ/SARS-CoV-2_200311.3.raxml.bestModel

Execution log saved to: /home/hikoyu/analysis/Genome/SARS-CoV-2/phylogeny/RAxML-NG/AA/univ/SARS-CoV-2_200311.3.raxml.log

Analysis started: 11-Mar-2020 11:26:29 / finished: 11-Mar-2020 11:44:46

Elapsed time: 1097.118 seconds

