
RAxML-NG v. 0.9.0 released on 20.05.2019 by The Exelixis Lab.
Developed by: Alexey M. Kozlov and Alexandros Stamatakis.
Contributors: Diego Darriba, Tomas Flouri, Benoit Morel, Sarah Lutteropp, Ben Bettisworth.
Latest version: https://github.com/amkozlov/raxml-ng
Questions/problems/suggestions? Please visit: https://groups.google.com/forum/#!forum/raxml

RAxML-NG was called at 30-Mar-2020 17:36:59 as follows:

raxml-ng --threads 1 --bootstrap --bs-trees 84 --seed 1493284121 --prefix phylogeny/RAxML-NG/AA/univ/SARS-CoV-2_200328.2 --msa phylogeny/RAxML-NG/AA/univ/SARS-CoV-2_200328.raxml.rba --outgroup MG772933.1

Analysis options:
  run mode: Bootstrapping
  start tree(s): 
  bootstrap replicates: 84
  random seed: 1493284121
  tip-inner: OFF
  pattern compression: ON
  per-rate scalers: OFF
  site repeats: ON
  branch lengths: proportional (ML estimate, algorithm: NR-FAST)
  SIMD kernels: AVX2
  parallelization: NONE/sequential

[00:00:00] Loading binary alignment from file: phylogeny/RAxML-NG/AA/univ/SARS-CoV-2_200328.raxml.rba
[00:00:00] Alignment comprises 80 taxa, 1 partitions and 408 patterns

Partition 0: noname
Model: JTT-DCMUT+FC+G4m
Alignment sites / patterns: 9706 / 408
Gaps: 0.06 %
Invariant sites: 92.19 %


[00:00:00] Data distribution: max. partitions/sites/weight per thread: 1 / 408 / 32640
[00:00:00] Starting bootstrapping analysis with 84 replicates.

[00:01:34] Bootstrap tree #1, logLikelihood: -33845.567284
[00:03:53] Bootstrap tree #2, logLikelihood: -33910.588039
[00:05:18] Bootstrap tree #3, logLikelihood: -33657.546213
[00:06:37] Bootstrap tree #4, logLikelihood: -33392.943384
[00:08:06] Bootstrap tree #5, logLikelihood: -33979.719414
[00:09:23] Bootstrap tree #6, logLikelihood: -33944.062886
[00:10:36] Bootstrap tree #7, logLikelihood: -33616.084760
[00:11:52] Bootstrap tree #8, logLikelihood: -33463.306710
[00:13:30] Bootstrap tree #9, logLikelihood: -33459.587404
[00:14:56] Bootstrap tree #10, logLikelihood: -33966.807347
[00:17:17] Bootstrap tree #11, logLikelihood: -33762.648111
[00:18:54] Bootstrap tree #12, logLikelihood: -33453.067091
[00:20:25] Bootstrap tree #13, logLikelihood: -33540.594171
[00:21:54] Bootstrap tree #14, logLikelihood: -34006.579870
[00:23:17] Bootstrap tree #15, logLikelihood: -33646.216080
[00:24:40] Bootstrap tree #16, logLikelihood: -33634.865612
[00:26:17] Bootstrap tree #17, logLikelihood: -33707.748943
[00:27:44] Bootstrap tree #18, logLikelihood: -33499.437225
[00:29:23] Bootstrap tree #19, logLikelihood: -33853.470595
[00:30:44] Bootstrap tree #20, logLikelihood: -33524.363029
[00:32:22] Bootstrap tree #21, logLikelihood: -33543.269023
[00:33:44] Bootstrap tree #22, logLikelihood: -33979.728339
[00:35:19] Bootstrap tree #23, logLikelihood: -33432.576514
[00:36:53] Bootstrap tree #24, logLikelihood: -33736.340896
[00:38:13] Bootstrap tree #25, logLikelihood: -33380.695361
[00:39:34] Bootstrap tree #26, logLikelihood: -33696.176441
[00:40:50] Bootstrap tree #27, logLikelihood: -33487.367274
[00:42:06] Bootstrap tree #28, logLikelihood: -33709.521544
[00:44:52] Bootstrap tree #29, logLikelihood: -33978.027243
[00:46:19] Bootstrap tree #30, logLikelihood: -33826.193709
[00:47:34] Bootstrap tree #31, logLikelihood: -33489.315523
[00:48:58] Bootstrap tree #32, logLikelihood: -33659.771611
[00:50:18] Bootstrap tree #33, logLikelihood: -33815.123023
[00:51:41] Bootstrap tree #34, logLikelihood: -33725.388873
[00:53:07] Bootstrap tree #35, logLikelihood: -33650.850462
[00:54:37] Bootstrap tree #36, logLikelihood: -33704.664312
[00:56:02] Bootstrap tree #37, logLikelihood: -33709.977898
[00:57:37] Bootstrap tree #38, logLikelihood: -33757.978344
[00:58:44] Bootstrap tree #39, logLikelihood: -33954.520891
[01:00:06] Bootstrap tree #40, logLikelihood: -33605.107824
[01:01:32] Bootstrap tree #41, logLikelihood: -33809.417428
[01:02:53] Bootstrap tree #42, logLikelihood: -33796.128239
[01:04:30] Bootstrap tree #43, logLikelihood: -33667.321364
[01:05:48] Bootstrap tree #44, logLikelihood: -33751.471110
[01:07:07] Bootstrap tree #45, logLikelihood: -33737.589628
[01:08:37] Bootstrap tree #46, logLikelihood: -33344.182440
[01:09:50] Bootstrap tree #47, logLikelihood: -33708.334581
[01:11:50] Bootstrap tree #48, logLikelihood: -33495.434382
[01:13:03] Bootstrap tree #49, logLikelihood: -33489.636692
[01:14:23] Bootstrap tree #50, logLikelihood: -33878.719076
[01:16:09] Bootstrap tree #51, logLikelihood: -33377.056069
[01:17:32] Bootstrap tree #52, logLikelihood: -33540.369731
[01:18:55] Bootstrap tree #53, logLikelihood: -33179.063437
[01:20:07] Bootstrap tree #54, logLikelihood: -33620.710547
[01:21:46] Bootstrap tree #55, logLikelihood: -33764.530659
[01:23:23] Bootstrap tree #56, logLikelihood: -33639.901689
[01:25:02] Bootstrap tree #57, logLikelihood: -33842.971534
[01:26:26] Bootstrap tree #58, logLikelihood: -33720.175150
[01:27:50] Bootstrap tree #59, logLikelihood: -33598.726112
[01:29:18] Bootstrap tree #60, logLikelihood: -33510.509721
[01:31:46] Bootstrap tree #61, logLikelihood: -33565.509885
[01:33:19] Bootstrap tree #62, logLikelihood: -33733.175387
[01:34:45] Bootstrap tree #63, logLikelihood: -33435.408850
[01:36:05] Bootstrap tree #64, logLikelihood: -33664.334912
[01:37:35] Bootstrap tree #65, logLikelihood: -33942.235683
[01:39:04] Bootstrap tree #66, logLikelihood: -34013.100830
[01:40:34] Bootstrap tree #67, logLikelihood: -33660.712237
[01:42:19] Bootstrap tree #68, logLikelihood: -33979.118119
[01:43:58] Bootstrap tree #69, logLikelihood: -33448.436345
[01:45:44] Bootstrap tree #70, logLikelihood: -33439.153283
[01:47:05] Bootstrap tree #71, logLikelihood: -33576.912005
[01:48:27] Bootstrap tree #72, logLikelihood: -33786.484232
[01:50:15] Bootstrap tree #73, logLikelihood: -33720.590628
[01:51:35] Bootstrap tree #74, logLikelihood: -33197.220718
[01:53:14] Bootstrap tree #75, logLikelihood: -33530.071407
[01:54:35] Bootstrap tree #76, logLikelihood: -33437.724108
[01:55:49] Bootstrap tree #77, logLikelihood: -33816.463949
[01:57:18] Bootstrap tree #78, logLikelihood: -33509.374132
[01:58:31] Bootstrap tree #79, logLikelihood: -33716.238779
[01:59:55] Bootstrap tree #80, logLikelihood: -33805.026944
[02:01:13] Bootstrap tree #81, logLikelihood: -33653.609138
[02:03:25] Bootstrap tree #82, logLikelihood: -33838.100473
[02:04:56] Bootstrap tree #83, logLikelihood: -33743.915206
[02:06:26] Bootstrap tree #84, logLikelihood: -33595.150222

Bootstrap trees saved to: /home/hikoyu/analysis/Genome/SARS-CoV-2/phylogeny/RAxML-NG/AA/univ/SARS-CoV-2_200328.2.raxml.bootstraps

Execution log saved to: /home/hikoyu/analysis/Genome/SARS-CoV-2/phylogeny/RAxML-NG/AA/univ/SARS-CoV-2_200328.2.raxml.log

Analysis started: 30-Mar-2020 17:36:59 / finished: 30-Mar-2020 19:43:26

Elapsed time: 7586.880 seconds

