
RAxML-NG v. 0.9.0 released on 20.05.2019 by The Exelixis Lab.
Developed by: Alexey M. Kozlov and Alexandros Stamatakis.
Contributors: Diego Darriba, Tomas Flouri, Benoit Morel, Sarah Lutteropp, Ben Bettisworth.
Latest version: https://github.com/amkozlov/raxml-ng
Questions/problems/suggestions? Please visit: https://groups.google.com/forum/#!forum/raxml

RAxML-NG was called at 16-Mar-2020 21:28:56 as follows:

raxml-ng --threads 1 --bootstrap --bs-trees 84 --seed 3642083333 --prefix phylogeny/RAxML-NG/AA/univ/SARS-CoV-2_200314.1 --msa phylogeny/RAxML-NG/AA/univ/SARS-CoV-2_200314.raxml.rba --outgroup MG772933.1

Analysis options:
  run mode: Bootstrapping
  start tree(s): 
  bootstrap replicates: 84
  random seed: 3642083333
  tip-inner: OFF
  pattern compression: ON
  per-rate scalers: OFF
  site repeats: ON
  branch lengths: proportional (ML estimate, algorithm: NR-FAST)
  SIMD kernels: AVX2
  parallelization: NONE/sequential

[00:00:00] Loading binary alignment from file: phylogeny/RAxML-NG/AA/univ/SARS-CoV-2_200314.raxml.rba
[00:00:00] Alignment comprises 89 taxa, 1 partitions and 394 patterns

Partition 0: noname
Model: JTT-DCMUT+FC+G4m
Alignment sites / patterns: 9705 / 394
Gaps: 0.05 %
Invariant sites: 92.41 %


[00:00:00] Data distribution: max. partitions/sites/weight per thread: 1 / 394 / 31520
[00:00:00] Starting bootstrapping analysis with 84 replicates.

[00:01:57] Bootstrap tree #1, logLikelihood: -33436.064754
[00:03:46] Bootstrap tree #2, logLikelihood: -33581.624251
[00:05:16] Bootstrap tree #3, logLikelihood: -33618.313120
[00:07:40] Bootstrap tree #4, logLikelihood: -33631.172611
[00:09:20] Bootstrap tree #5, logLikelihood: -33766.142646
[00:11:10] Bootstrap tree #6, logLikelihood: -33471.974839
[00:12:47] Bootstrap tree #7, logLikelihood: -33723.094227
[00:14:22] Bootstrap tree #8, logLikelihood: -33249.744725
[00:16:23] Bootstrap tree #9, logLikelihood: -33614.286385
[00:18:52] Bootstrap tree #10, logLikelihood: -33655.150283
[00:20:42] Bootstrap tree #11, logLikelihood: -33165.265180
[00:23:29] Bootstrap tree #12, logLikelihood: -33641.375240
[00:25:04] Bootstrap tree #13, logLikelihood: -33263.508794
[00:26:42] Bootstrap tree #14, logLikelihood: -33119.672774
[00:29:37] Bootstrap tree #15, logLikelihood: -33660.330418
[00:31:56] Bootstrap tree #16, logLikelihood: -33494.313061
[00:34:16] Bootstrap tree #17, logLikelihood: -33306.788801
[00:36:03] Bootstrap tree #18, logLikelihood: -33304.200313
[00:37:48] Bootstrap tree #19, logLikelihood: -33558.074120
[00:39:22] Bootstrap tree #20, logLikelihood: -33569.149138
[00:41:16] Bootstrap tree #21, logLikelihood: -33582.951742
[00:43:10] Bootstrap tree #22, logLikelihood: -33432.349461
[00:45:00] Bootstrap tree #23, logLikelihood: -33243.037354
[00:46:44] Bootstrap tree #24, logLikelihood: -33549.182536
[00:48:33] Bootstrap tree #25, logLikelihood: -33661.102195
[00:50:31] Bootstrap tree #26, logLikelihood: -33611.262673
[00:52:42] Bootstrap tree #27, logLikelihood: -33360.331580
[00:54:29] Bootstrap tree #28, logLikelihood: -33500.516203
[00:57:21] Bootstrap tree #29, logLikelihood: -33451.830523
[00:58:50] Bootstrap tree #30, logLikelihood: -33411.167108
[01:01:35] Bootstrap tree #31, logLikelihood: -33441.323646
[01:03:34] Bootstrap tree #32, logLikelihood: -33620.125723
[01:05:11] Bootstrap tree #33, logLikelihood: -33732.652979
[01:06:41] Bootstrap tree #34, logLikelihood: -33570.682509
[01:08:35] Bootstrap tree #35, logLikelihood: -33017.956218
[01:10:11] Bootstrap tree #36, logLikelihood: -33339.678483
[01:12:06] Bootstrap tree #37, logLikelihood: -33296.876402
[01:13:41] Bootstrap tree #38, logLikelihood: -33362.367002
[01:15:18] Bootstrap tree #39, logLikelihood: -33516.732698
[01:17:09] Bootstrap tree #40, logLikelihood: -33399.742833
[01:19:00] Bootstrap tree #41, logLikelihood: -33395.649541
[01:20:30] Bootstrap tree #42, logLikelihood: -33338.652245
[01:22:10] Bootstrap tree #43, logLikelihood: -33678.137026
[01:23:28] Bootstrap tree #44, logLikelihood: -33432.761903
[01:25:16] Bootstrap tree #45, logLikelihood: -33415.089665
[01:26:58] Bootstrap tree #46, logLikelihood: -33469.855567
[01:28:37] Bootstrap tree #47, logLikelihood: -33233.930373
[01:30:33] Bootstrap tree #48, logLikelihood: -33533.693228
[01:32:10] Bootstrap tree #49, logLikelihood: -33352.793169
[01:33:37] Bootstrap tree #50, logLikelihood: -33275.225529
[01:35:28] Bootstrap tree #51, logLikelihood: -33499.717343
[01:37:04] Bootstrap tree #52, logLikelihood: -33628.196330
[01:38:40] Bootstrap tree #53, logLikelihood: -33301.281529
[01:40:11] Bootstrap tree #54, logLikelihood: -33198.334932
[01:41:48] Bootstrap tree #55, logLikelihood: -33568.154625
[01:43:17] Bootstrap tree #56, logLikelihood: -33605.648001
[01:45:09] Bootstrap tree #57, logLikelihood: -33517.610004
[01:46:45] Bootstrap tree #58, logLikelihood: -33357.452704
[01:48:28] Bootstrap tree #59, logLikelihood: -33363.626519
[01:50:07] Bootstrap tree #60, logLikelihood: -33644.639626
[01:51:47] Bootstrap tree #61, logLikelihood: -33460.078094
[01:53:30] Bootstrap tree #62, logLikelihood: -33514.005015
[01:55:06] Bootstrap tree #63, logLikelihood: -33536.135410
[01:56:54] Bootstrap tree #64, logLikelihood: -33340.948457
[01:58:58] Bootstrap tree #65, logLikelihood: -33523.529215
[02:00:43] Bootstrap tree #66, logLikelihood: -33227.594935
[02:02:31] Bootstrap tree #67, logLikelihood: -33552.079564
[02:04:20] Bootstrap tree #68, logLikelihood: -33540.605407
[02:06:32] Bootstrap tree #69, logLikelihood: -33467.385809
[02:08:08] Bootstrap tree #70, logLikelihood: -33451.988361
[02:09:45] Bootstrap tree #71, logLikelihood: -33656.954611
[02:11:23] Bootstrap tree #72, logLikelihood: -33795.012590
[02:13:19] Bootstrap tree #73, logLikelihood: -33752.604349
[02:14:48] Bootstrap tree #74, logLikelihood: -33257.346331
[02:16:20] Bootstrap tree #75, logLikelihood: -33469.658860
[02:17:56] Bootstrap tree #76, logLikelihood: -33508.790447
[02:19:37] Bootstrap tree #77, logLikelihood: -33594.928608
[02:21:17] Bootstrap tree #78, logLikelihood: -33521.307463
[02:23:35] Bootstrap tree #79, logLikelihood: -33444.459430
[02:25:20] Bootstrap tree #80, logLikelihood: -33558.015033
[02:27:15] Bootstrap tree #81, logLikelihood: -33496.464252
[02:29:14] Bootstrap tree #82, logLikelihood: -33432.418699
[02:30:54] Bootstrap tree #83, logLikelihood: -33544.950985
[02:32:25] Bootstrap tree #84, logLikelihood: -33362.355466

Bootstrap trees saved to: /home/hikoyu/analysis/Genome/SARS-CoV-2/phylogeny/RAxML-NG/AA/univ/SARS-CoV-2_200314.1.raxml.bootstraps

Execution log saved to: /home/hikoyu/analysis/Genome/SARS-CoV-2/phylogeny/RAxML-NG/AA/univ/SARS-CoV-2_200314.1.raxml.log

Analysis started: 16-Mar-2020 21:28:56 / finished: 17-Mar-2020 00:01:22

Elapsed time: 9145.920 seconds

