
RAxML-NG v. 0.9.0 released on 20.05.2019 by The Exelixis Lab.
Developed by: Alexey M. Kozlov and Alexandros Stamatakis.
Contributors: Diego Darriba, Tomas Flouri, Benoit Morel, Sarah Lutteropp, Ben Bettisworth.
Latest version: https://github.com/amkozlov/raxml-ng
Questions/problems/suggestions? Please visit: https://groups.google.com/forum/#!forum/raxml

RAxML-NG was called at 22-Mar-2020 16:08:15 as follows:

raxml-ng --threads 1 --search --tree rand{9},pars{9} --seed 4097952128 --prefix phylogeny/RAxML-NG/AA/part/SARS-CoV-2_200320.2 --msa phylogeny/RAxML-NG/AA/part/SARS-CoV-2_200320.raxml.rba --outgroup MG772933.1

Analysis options:
  run mode: ML tree search
  start tree(s): random (9) + parsimony (9)
  random seed: 4097952128
  tip-inner: OFF
  pattern compression: ON
  per-rate scalers: OFF
  site repeats: ON
  fast spr radius: AUTO
  spr subtree cutoff: 1.000000
  branch lengths: proportional (ML estimate, algorithm: NR-FAST)
  SIMD kernels: AVX2
  parallelization: NONE/sequential

[00:00:00] Loading binary alignment from file: phylogeny/RAxML-NG/AA/part/SARS-CoV-2_200320.raxml.rba
[00:00:00] Alignment comprises 78 taxa, 11 partitions and 736 patterns

Partition 0: orf1ab_U
Model: HIVB+FC+I+B
Alignment sites / patterns: 4405 / 217
Gaps: 0.10 %
Invariant sites: 94.07 %

Partition 1: orf1ab_D
Model: JTT-DCMUT+I+B
Alignment sites / patterns: 2696 / 109
Gaps: 0.04 %
Invariant sites: 94.99 %

Partition 2: S
Model: JTT-DCMUT+G4m+B
Alignment sites / patterns: 1273 / 178
Gaps: 0.04 %
Invariant sites: 81.15 %

Partition 3: ORF3a
Model: JTT+G4m+B
Alignment sites / patterns: 275 / 44
Gaps: 0.00 %
Invariant sites: 89.09 %

Partition 4: E
Model: STMTREV+B
Alignment sites / patterns: 75 / 18
Gaps: 0.00 %
Invariant sites: 98.67 %

Partition 5: M
Model: CPREV+B
Alignment sites / patterns: 222 / 23
Gaps: 0.01 %
Invariant sites: 98.65 %

Partition 6: ORF6
Model: STMTREV+B
Alignment sites / patterns: 61 / 22
Gaps: 0.00 %
Invariant sites: 93.44 %

Partition 7: ORF7a
Model: JTT-DCMUT+B
Alignment sites / patterns: 121 / 34
Gaps: 0.00 %
Invariant sites: 85.95 %

Partition 8: ORF8
Model: STMTREV+I+G4m+B
Alignment sites / patterns: 121 / 31
Gaps: 0.00 %
Invariant sites: 90.91 %

Partition 9: N
Model: JTT+B
Alignment sites / patterns: 419 / 42
Gaps: 0.00 %
Invariant sites: 92.84 %

Partition 10: ORF10
Model: STMTREV+B
Alignment sites / patterns: 38 / 18
Gaps: 0.00 %
Invariant sites: 94.74 %


[00:00:00] Generating 9 random starting tree(s) with 78 taxa
[00:00:00] Generating 9 parsimony starting tree(s) with 78 taxa
[00:00:00] Data distribution: max. partitions/sites/weight per thread: 11 / 736 / 29900

Starting ML tree search with 18 distinct starting trees

[00:00:00 -69724.852050] Initial branch length optimization
[00:00:00 -34060.575930] Model parameter optimization (eps = 10.000000)
[00:00:03 -33890.465315] AUTODETECT spr round 1 (radius: 5)
[00:00:09 -33687.192722] AUTODETECT spr round 2 (radius: 10)
[00:00:18 -33551.326703] AUTODETECT spr round 3 (radius: 15)
[00:00:27 -33509.378010] AUTODETECT spr round 4 (radius: 20)
[00:00:33 -33509.378003] SPR radius for FAST iterations: 15 (autodetect)
[00:00:33 -33509.378003] Model parameter optimization (eps = 3.000000)
[00:00:35 -33505.576043] FAST spr round 1 (radius: 15)
[00:00:58 -33413.410760] FAST spr round 2 (radius: 15)
[00:01:15 -33413.409290] Model parameter optimization (eps = 1.000000)
[00:01:16 -33405.830099] SLOW spr round 1 (radius: 5)
[00:01:34 -33405.822997] SLOW spr round 2 (radius: 10)
[00:01:55 -33405.820706] SLOW spr round 3 (radius: 15)
[00:02:12 -33405.820706] SLOW spr round 4 (radius: 20)
[00:02:28 -33405.820706] SLOW spr round 5 (radius: 25)
[00:02:37 -33405.820706] Model parameter optimization (eps = 0.100000)

[00:02:38] ML tree search #1, logLikelihood: -33405.820141

[00:02:38 -69724.993250] Initial branch length optimization
[00:02:39 -34067.578740] Model parameter optimization (eps = 10.000000)
[00:02:41 -33893.944744] AUTODETECT spr round 1 (radius: 5)
[00:02:47 -33656.277368] AUTODETECT spr round 2 (radius: 10)
[00:02:56 -33493.977760] AUTODETECT spr round 3 (radius: 15)
[00:03:06 -33433.442264] AUTODETECT spr round 4 (radius: 20)
[00:03:14 -33432.292181] AUTODETECT spr round 5 (radius: 25)
[00:03:17 -33432.292181] SPR radius for FAST iterations: 20 (autodetect)
[00:03:17 -33432.292181] Model parameter optimization (eps = 3.000000)
[00:03:19 -33413.983736] FAST spr round 1 (radius: 20)
[00:03:48 -33405.782587] FAST spr round 2 (radius: 20)
[00:04:07 -33405.782380] Model parameter optimization (eps = 1.000000)
[00:04:08 -33405.771066] SLOW spr round 1 (radius: 5)
[00:04:26 -33405.769674] SLOW spr round 2 (radius: 10)
[00:04:45 -33405.768516] SLOW spr round 3 (radius: 15)
[00:05:02 -33405.768516] SLOW spr round 4 (radius: 20)
[00:05:18 -33405.768516] SLOW spr round 5 (radius: 25)
[00:05:27 -33405.768516] Model parameter optimization (eps = 0.100000)

[00:05:28] ML tree search #2, logLikelihood: -33405.768326

[00:05:28 -69728.299672] Initial branch length optimization
[00:05:29 -34066.670805] Model parameter optimization (eps = 10.000000)
[00:05:31 -33893.729778] AUTODETECT spr round 1 (radius: 5)
[00:05:38 -33719.674398] AUTODETECT spr round 2 (radius: 10)
[00:05:46 -33656.159367] AUTODETECT spr round 3 (radius: 15)
[00:05:56 -33600.958365] AUTODETECT spr round 4 (radius: 20)
[00:06:06 -33600.958364] SPR radius for FAST iterations: 15 (autodetect)
[00:06:06 -33600.958364] Model parameter optimization (eps = 3.000000)
[00:06:07 -33598.118519] FAST spr round 1 (radius: 15)
[00:06:32 -33415.747261] FAST spr round 2 (radius: 15)
[00:06:47 -33415.741628] Model parameter optimization (eps = 1.000000)
[00:06:49 -33405.821880] SLOW spr round 1 (radius: 5)
[00:07:06 -33405.808660] SLOW spr round 2 (radius: 10)
[00:07:26 -33405.807800] SLOW spr round 3 (radius: 15)
[00:07:40 -33405.807800] SLOW spr round 4 (radius: 20)
[00:07:56 -33405.807800] SLOW spr round 5 (radius: 25)
[00:08:09 -33405.807800] Model parameter optimization (eps = 0.100000)

[00:08:10] ML tree search #3, logLikelihood: -33405.807051

[00:08:10 -69712.786643] Initial branch length optimization
[00:08:11 -34049.747544] Model parameter optimization (eps = 10.000000)
[00:08:13 -33878.232847] AUTODETECT spr round 1 (radius: 5)
[00:08:19 -33674.879939] AUTODETECT spr round 2 (radius: 10)
[00:08:28 -33596.434343] AUTODETECT spr round 3 (radius: 15)
[00:08:37 -33537.362711] AUTODETECT spr round 4 (radius: 20)
[00:08:44 -33537.362711] SPR radius for FAST iterations: 15 (autodetect)
[00:08:44 -33537.362711] Model parameter optimization (eps = 3.000000)
[00:08:46 -33534.146589] FAST spr round 1 (radius: 15)
[00:09:08 -33417.286638] FAST spr round 2 (radius: 15)
[00:09:26 -33415.178381] FAST spr round 3 (radius: 15)
[00:09:39 -33415.177605] Model parameter optimization (eps = 1.000000)
[00:09:41 -33406.607268] SLOW spr round 1 (radius: 5)
[00:09:59 -33406.599449] SLOW spr round 2 (radius: 10)
[00:10:19 -33406.599181] SLOW spr round 3 (radius: 15)
[00:10:37 -33406.599181] SLOW spr round 4 (radius: 20)
[00:10:53 -33406.599181] SLOW spr round 5 (radius: 25)
[00:11:05 -33406.599181] Model parameter optimization (eps = 0.100000)

[00:11:06] ML tree search #4, logLikelihood: -33406.598396

[00:11:06 -69710.754653] Initial branch length optimization
[00:11:06 -34027.354203] Model parameter optimization (eps = 10.000000)
[00:11:08 -33862.586444] AUTODETECT spr round 1 (radius: 5)
[00:11:15 -33673.045179] AUTODETECT spr round 2 (radius: 10)
[00:11:25 -33593.756026] AUTODETECT spr round 3 (radius: 15)
[00:11:35 -33438.201347] AUTODETECT spr round 4 (radius: 20)
[00:11:44 -33438.201345] SPR radius for FAST iterations: 15 (autodetect)
[00:11:44 -33438.201345] Model parameter optimization (eps = 3.000000)
[00:11:46 -33421.083274] FAST spr round 1 (radius: 15)
[00:12:06 -33406.358886] FAST spr round 2 (radius: 15)
[00:12:22 -33406.358471] Model parameter optimization (eps = 1.000000)
[00:12:23 -33406.344497] SLOW spr round 1 (radius: 5)
[00:12:39 -33406.339770] SLOW spr round 2 (radius: 10)
[00:13:00 -33406.339563] SLOW spr round 3 (radius: 15)
[00:13:18 -33406.339563] SLOW spr round 4 (radius: 20)
[00:13:34 -33406.339563] SLOW spr round 5 (radius: 25)
[00:13:45 -33406.339563] Model parameter optimization (eps = 0.100000)

[00:13:46] ML tree search #5, logLikelihood: -33406.338630

[00:13:46 -69736.680116] Initial branch length optimization
[00:13:47 -34073.243593] Model parameter optimization (eps = 10.000000)
[00:13:49 -33895.266301] AUTODETECT spr round 1 (radius: 5)
[00:13:56 -33755.994406] AUTODETECT spr round 2 (radius: 10)
[00:14:08 -33580.138618] AUTODETECT spr round 3 (radius: 15)
[00:14:18 -33537.017830] AUTODETECT spr round 4 (radius: 20)
[00:14:27 -33537.017830] SPR radius for FAST iterations: 15 (autodetect)
[00:14:27 -33537.017830] Model parameter optimization (eps = 3.000000)
[00:14:28 -33533.688483] FAST spr round 1 (radius: 15)
[00:14:51 -33414.379854] FAST spr round 2 (radius: 15)
[00:15:10 -33413.636573] FAST spr round 3 (radius: 15)
[00:15:23 -33413.636497] Model parameter optimization (eps = 1.000000)
[00:15:25 -33405.082181] SLOW spr round 1 (radius: 5)
[00:15:43 -33405.070779] SLOW spr round 2 (radius: 10)
[00:16:02 -33405.070174] SLOW spr round 3 (radius: 15)
[00:16:19 -33405.070169] SLOW spr round 4 (radius: 20)
[00:16:38 -33405.070169] SLOW spr round 5 (radius: 25)
[00:16:47 -33405.070169] Model parameter optimization (eps = 0.100000)

[00:16:48] ML tree search #6, logLikelihood: -33405.069630

[00:16:48 -69724.542157] Initial branch length optimization
[00:16:49 -34062.128420] Model parameter optimization (eps = 10.000000)
[00:16:51 -33891.174473] AUTODETECT spr round 1 (radius: 5)
[00:16:58 -33716.724632] AUTODETECT spr round 2 (radius: 10)
[00:17:08 -33532.160463] AUTODETECT spr round 3 (radius: 15)
[00:17:18 -33483.747599] AUTODETECT spr round 4 (radius: 20)
[00:17:24 -33483.747596] SPR radius for FAST iterations: 15 (autodetect)
[00:17:24 -33483.747596] Model parameter optimization (eps = 3.000000)
[00:17:26 -33468.639100] FAST spr round 1 (radius: 15)
[00:17:49 -33407.577854] FAST spr round 2 (radius: 15)
[00:18:03 -33407.577724] Model parameter optimization (eps = 1.000000)
[00:18:04 -33407.024229] SLOW spr round 1 (radius: 5)
[00:18:20 -33407.021442] SLOW spr round 2 (radius: 10)
[00:18:38 -33407.021220] SLOW spr round 3 (radius: 15)
[00:18:55 -33407.021171] SLOW spr round 4 (radius: 20)
[00:19:14 -33407.021171] SLOW spr round 5 (radius: 25)
[00:19:28 -33407.021171] Model parameter optimization (eps = 0.100000)

[00:19:29] ML tree search #7, logLikelihood: -33407.020373

[00:19:29 -69721.192752] Initial branch length optimization
[00:19:30 -34048.913594] Model parameter optimization (eps = 10.000000)
[00:19:32 -33877.558605] AUTODETECT spr round 1 (radius: 5)
[00:19:38 -33671.635878] AUTODETECT spr round 2 (radius: 10)
[00:19:47 -33561.608016] AUTODETECT spr round 3 (radius: 15)
[00:19:57 -33528.862845] AUTODETECT spr round 4 (radius: 20)
[00:20:03 -33528.862843] SPR radius for FAST iterations: 15 (autodetect)
[00:20:03 -33528.862843] Model parameter optimization (eps = 3.000000)
[00:20:05 -33518.360123] FAST spr round 1 (radius: 15)
[00:20:28 -33439.634259] FAST spr round 2 (radius: 15)
[00:20:45 -33419.120262] FAST spr round 3 (radius: 15)
[00:20:59 -33419.118557] Model parameter optimization (eps = 1.000000)
[00:21:01 -33416.865741] SLOW spr round 1 (radius: 5)
[00:21:18 -33416.860556] SLOW spr round 2 (radius: 10)
[00:21:39 -33416.860489] SLOW spr round 3 (radius: 15)
[00:21:53 -33416.860489] SLOW spr round 4 (radius: 20)
[00:22:15 -33414.458711] SLOW spr round 5 (radius: 5)
[00:22:36 -33406.057626] SLOW spr round 6 (radius: 5)
[00:22:53 -33406.057315] SLOW spr round 7 (radius: 10)
[00:23:13 -33406.057250] SLOW spr round 8 (radius: 15)
[00:23:28 -33406.057231] SLOW spr round 9 (radius: 20)
[00:23:45 -33406.057231] SLOW spr round 10 (radius: 25)
[00:23:54 -33406.057231] Model parameter optimization (eps = 0.100000)

[00:23:55] ML tree search #8, logLikelihood: -33405.790615

[00:23:56 -69732.190868] Initial branch length optimization
[00:23:56 -34080.204235] Model parameter optimization (eps = 10.000000)
[00:23:58 -33899.564870] AUTODETECT spr round 1 (radius: 5)
[00:24:05 -33724.840719] AUTODETECT spr round 2 (radius: 10)
[00:24:15 -33529.125772] AUTODETECT spr round 3 (radius: 15)
[00:24:26 -33439.166430] AUTODETECT spr round 4 (radius: 20)
[00:24:33 -33439.166424] SPR radius for FAST iterations: 15 (autodetect)
[00:24:33 -33439.166424] Model parameter optimization (eps = 3.000000)
[00:24:35 -33421.002450] FAST spr round 1 (radius: 15)
[00:24:59 -33406.537075] FAST spr round 2 (radius: 15)
[00:25:15 -33406.536895] Model parameter optimization (eps = 1.000000)
[00:25:16 -33406.515961] SLOW spr round 1 (radius: 5)
[00:25:32 -33406.513001] SLOW spr round 2 (radius: 10)
[00:25:51 -33406.512561] SLOW spr round 3 (radius: 15)
[00:26:10 -33406.512561] SLOW spr round 4 (radius: 20)
[00:26:28 -33406.512561] SLOW spr round 5 (radius: 25)
[00:26:43 -33406.512561] Model parameter optimization (eps = 0.100000)

[00:26:43] ML tree search #9, logLikelihood: -33406.512091

[00:26:43 -69255.161238] Initial branch length optimization
[00:26:44 -33412.843115] Model parameter optimization (eps = 10.000000)
[00:26:46 -33395.404694] AUTODETECT spr round 1 (radius: 5)
[00:26:53 -33395.377960] SPR radius for FAST iterations: 5 (autodetect)
[00:26:53 -33395.377960] Model parameter optimization (eps = 3.000000)
[00:26:53 -33395.377461] FAST spr round 1 (radius: 5)
[00:27:02 -33395.377344] Model parameter optimization (eps = 1.000000)
[00:27:03 -33395.377339] SLOW spr round 1 (radius: 5)
[00:27:20 -33395.377339] SLOW spr round 2 (radius: 10)
[00:27:38 -33395.377339] SLOW spr round 3 (radius: 15)
[00:27:52 -33395.374292] SLOW spr round 4 (radius: 20)
[00:28:03 -33395.374292] SLOW spr round 5 (radius: 25)
[00:28:17 -33395.374292] Model parameter optimization (eps = 0.100000)

[00:28:18] ML tree search #10, logLikelihood: -33395.374292

[00:28:18 -69261.687138] Initial branch length optimization
[00:28:18 -33415.298013] Model parameter optimization (eps = 10.000000)
[00:28:20 -33399.133247] AUTODETECT spr round 1 (radius: 5)
[00:28:27 -33398.520130] AUTODETECT spr round 2 (radius: 10)
[00:28:36 -33398.519366] SPR radius for FAST iterations: 5 (autodetect)
[00:28:36 -33398.519366] Model parameter optimization (eps = 3.000000)
[00:28:37 -33398.519070] FAST spr round 1 (radius: 5)
[00:28:46 -33398.519070] Model parameter optimization (eps = 1.000000)
[00:28:47 -33398.519067] SLOW spr round 1 (radius: 5)
[00:29:04 -33398.519067] SLOW spr round 2 (radius: 10)
[00:29:23 -33398.519067] SLOW spr round 3 (radius: 15)
[00:29:37 -33398.519067] SLOW spr round 4 (radius: 20)
[00:29:49 -33396.119653] SLOW spr round 5 (radius: 5)
[00:30:10 -33396.118568] SLOW spr round 6 (radius: 10)
[00:30:29 -33396.118568] SLOW spr round 7 (radius: 15)
[00:30:43 -33396.118568] SLOW spr round 8 (radius: 20)
[00:30:58 -33396.118568] SLOW spr round 9 (radius: 25)
[00:31:12 -33396.118568] Model parameter optimization (eps = 0.100000)

[00:31:14] ML tree search #11, logLikelihood: -33395.840744

[00:31:14 -69254.844598] Initial branch length optimization
[00:31:15 -33412.841257] Model parameter optimization (eps = 10.000000)
[00:31:17 -33395.403011] AUTODETECT spr round 1 (radius: 5)
[00:31:23 -33395.381560] SPR radius for FAST iterations: 5 (autodetect)
[00:31:23 -33395.381560] Model parameter optimization (eps = 3.000000)
[00:31:24 -33395.381011] FAST spr round 1 (radius: 5)
[00:31:33 -33395.381011] Model parameter optimization (eps = 1.000000)
[00:31:34 -33395.381006] SLOW spr round 1 (radius: 5)
[00:31:50 -33395.381006] SLOW spr round 2 (radius: 10)
[00:32:09 -33395.377283] SLOW spr round 3 (radius: 15)
[00:32:24 -33395.377283] SLOW spr round 4 (radius: 20)
[00:32:37 -33395.377283] SLOW spr round 5 (radius: 25)
[00:32:50 -33395.377283] Model parameter optimization (eps = 0.100000)

[00:32:51] ML tree search #12, logLikelihood: -33395.377283

[00:32:51 -69259.640229] Initial branch length optimization
[00:32:52 -33414.252646] Model parameter optimization (eps = 10.000000)
[00:32:54 -33398.082879] AUTODETECT spr round 1 (radius: 5)
[00:33:01 -33398.056066] SPR radius for FAST iterations: 5 (autodetect)
[00:33:01 -33398.056066] Model parameter optimization (eps = 3.000000)
[00:33:02 -33398.055727] FAST spr round 1 (radius: 5)
[00:33:11 -33398.054999] Model parameter optimization (eps = 1.000000)
[00:33:12 -33398.054990] SLOW spr round 1 (radius: 5)
[00:33:29 -33398.051943] SLOW spr round 2 (radius: 10)
[00:33:49 -33398.051943] SLOW spr round 3 (radius: 15)
[00:34:03 -33394.910508] SLOW spr round 4 (radius: 5)
[00:34:24 -33394.909743] SLOW spr round 5 (radius: 10)
[00:34:44 -33394.909743] SLOW spr round 6 (radius: 15)
[00:34:58 -33394.909743] SLOW spr round 7 (radius: 20)
[00:35:15 -33394.909743] SLOW spr round 8 (radius: 25)
[00:35:25 -33394.909743] Model parameter optimization (eps = 0.100000)

[00:35:27] ML tree search #13, logLikelihood: -33394.631837

[00:35:27 -69255.143848] Initial branch length optimization
[00:35:28 -33412.840319] Model parameter optimization (eps = 10.000000)
[00:35:30 -33395.405047] AUTODETECT spr round 1 (radius: 5)
[00:35:37 -33395.383549] SPR radius for FAST iterations: 5 (autodetect)
[00:35:37 -33395.383549] Model parameter optimization (eps = 3.000000)
[00:35:37 -33395.383091] FAST spr round 1 (radius: 5)
[00:35:47 -33395.377396] Model parameter optimization (eps = 1.000000)
[00:35:48 -33395.377388] SLOW spr round 1 (radius: 5)
[00:36:04 -33395.377388] SLOW spr round 2 (radius: 10)
[00:36:23 -33395.374334] SLOW spr round 3 (radius: 15)
[00:36:38 -33395.374334] SLOW spr round 4 (radius: 20)
[00:36:52 -33395.374334] SLOW spr round 5 (radius: 25)
[00:37:02 -33395.374334] Model parameter optimization (eps = 0.100000)

[00:37:03] ML tree search #14, logLikelihood: -33395.374334

[00:37:03 -69255.094076] Initial branch length optimization
[00:37:04 -33412.842487] Model parameter optimization (eps = 10.000000)
[00:37:07 -33395.404287] AUTODETECT spr round 1 (radius: 5)
[00:37:13 -33395.378660] SPR radius for FAST iterations: 5 (autodetect)
[00:37:13 -33395.378660] Model parameter optimization (eps = 3.000000)
[00:37:14 -33395.378111] FAST spr round 1 (radius: 5)
[00:37:24 -33395.377286] Model parameter optimization (eps = 1.000000)
[00:37:25 -33395.377280] SLOW spr round 1 (radius: 5)
[00:37:42 -33395.377280] SLOW spr round 2 (radius: 10)
[00:38:00 -33395.377280] SLOW spr round 3 (radius: 15)
[00:38:16 -33395.377280] SLOW spr round 4 (radius: 20)
[00:38:35 -33395.374231] SLOW spr round 5 (radius: 25)
[00:38:46 -33395.374231] Model parameter optimization (eps = 0.100000)

[00:38:47] ML tree search #15, logLikelihood: -33395.374231

[00:38:47 -69261.684693] Initial branch length optimization
[00:38:48 -33415.302771] Model parameter optimization (eps = 10.000000)
[00:38:50 -33399.131901] AUTODETECT spr round 1 (radius: 5)
[00:38:56 -33399.110097] SPR radius for FAST iterations: 5 (autodetect)
[00:38:56 -33399.110097] Model parameter optimization (eps = 3.000000)
[00:38:57 -33399.109716] FAST spr round 1 (radius: 5)
[00:39:06 -33399.109240] Model parameter optimization (eps = 1.000000)
[00:39:07 -33399.109232] SLOW spr round 1 (radius: 5)
[00:39:23 -33399.109132] SLOW spr round 2 (radius: 10)
[00:39:40 -33399.109110] SLOW spr round 3 (radius: 15)
[00:39:54 -33398.523743] SLOW spr round 4 (radius: 5)
[00:40:12 -33398.518912] SLOW spr round 5 (radius: 10)
[00:40:29 -33398.518912] SLOW spr round 6 (radius: 15)
[00:40:43 -33398.518912] SLOW spr round 7 (radius: 20)
[00:40:54 -33396.119029] SLOW spr round 8 (radius: 5)
[00:41:14 -33396.118277] SLOW spr round 9 (radius: 10)
[00:41:31 -33396.118276] SLOW spr round 10 (radius: 15)
[00:41:45 -33396.118276] SLOW spr round 11 (radius: 20)
[00:41:56 -33396.118276] SLOW spr round 12 (radius: 25)
[00:42:11 -33396.118276] Model parameter optimization (eps = 0.100000)

[00:42:13] ML tree search #16, logLikelihood: -33395.840640

[00:42:13 -69261.689682] Initial branch length optimization
[00:42:14 -33415.302897] Model parameter optimization (eps = 10.000000)
[00:42:17 -33399.131837] AUTODETECT spr round 1 (radius: 5)
[00:42:23 -33398.055826] AUTODETECT spr round 2 (radius: 10)
[00:42:33 -33398.055821] SPR radius for FAST iterations: 5 (autodetect)
[00:42:33 -33398.055821] Model parameter optimization (eps = 3.000000)
[00:42:33 -33398.055431] FAST spr round 1 (radius: 5)
[00:42:43 -33398.054952] Model parameter optimization (eps = 1.000000)
[00:42:44 -33398.054948] SLOW spr round 1 (radius: 5)
[00:43:00 -33398.051900] SLOW spr round 2 (radius: 10)
[00:43:18 -33398.051900] SLOW spr round 3 (radius: 15)
[00:43:34 -33398.051900] SLOW spr round 4 (radius: 20)
[00:43:53 -33395.652630] SLOW spr round 5 (radius: 5)
[00:44:13 -33395.651535] SLOW spr round 6 (radius: 10)
[00:44:31 -33395.651535] SLOW spr round 7 (radius: 15)
[00:44:48 -33395.651535] SLOW spr round 8 (radius: 20)
[00:45:06 -33395.651535] SLOW spr round 9 (radius: 25)
[00:45:16 -33395.651535] Model parameter optimization (eps = 0.100000)

[00:45:18] ML tree search #17, logLikelihood: -33395.373610

[00:45:18 -69263.779649] Initial branch length optimization
[00:45:18 -33414.463552] Model parameter optimization (eps = 10.000000)
[00:45:20 -33399.847181] AUTODETECT spr round 1 (radius: 5)
[00:45:27 -33399.827370] SPR radius for FAST iterations: 5 (autodetect)
[00:45:27 -33399.827370] Model parameter optimization (eps = 3.000000)
[00:45:27 -33399.826395] FAST spr round 1 (radius: 5)
[00:45:37 -33399.825368] Model parameter optimization (eps = 1.000000)
[00:45:38 -33399.824419] SLOW spr round 1 (radius: 5)
[00:45:55 -33399.824419] SLOW spr round 2 (radius: 10)
[00:46:16 -33399.237927] SLOW spr round 3 (radius: 5)
[00:46:33 -33399.237927] SLOW spr round 4 (radius: 10)
[00:46:53 -33399.237927] SLOW spr round 5 (radius: 15)
[00:47:06 -33396.127904] SLOW spr round 6 (radius: 5)
[00:47:27 -33396.127096] SLOW spr round 7 (radius: 10)
[00:47:48 -33396.127096] SLOW spr round 8 (radius: 15)
[00:48:01 -33396.127096] SLOW spr round 9 (radius: 20)
[00:48:20 -33395.382922] SLOW spr round 10 (radius: 5)
[00:48:40 -33395.382922] SLOW spr round 11 (radius: 10)
[00:48:59 -33395.382922] SLOW spr round 12 (radius: 15)
[00:49:12 -33395.252631] SLOW spr round 13 (radius: 5)
[00:49:32 -33395.251877] SLOW spr round 14 (radius: 10)
[00:49:51 -33395.251877] SLOW spr round 15 (radius: 15)
[00:50:05 -33395.251877] SLOW spr round 16 (radius: 20)
[00:50:22 -33395.251877] SLOW spr round 17 (radius: 25)
[00:50:39 -33395.251877] Model parameter optimization (eps = 0.100000)

[00:50:42] ML tree search #18, logLikelihood: -33394.356618



Final LogLikelihood: -33394.356618

AIC score: 67164.713236 / AICc score: 67172.180295 / BIC score: 68514.647148
Free parameters (model + branch lengths): 188

Best ML tree saved to: /home/hikoyu/analysis/Genome/SARS-CoV-2/phylogeny/RAxML-NG/AA/part/SARS-CoV-2_200320.2.raxml.bestTree
All ML trees saved to: /home/hikoyu/analysis/Genome/SARS-CoV-2/phylogeny/RAxML-NG/AA/part/SARS-CoV-2_200320.2.raxml.mlTrees
Optimized model saved to: /home/hikoyu/analysis/Genome/SARS-CoV-2/phylogeny/RAxML-NG/AA/part/SARS-CoV-2_200320.2.raxml.bestModel

Execution log saved to: /home/hikoyu/analysis/Genome/SARS-CoV-2/phylogeny/RAxML-NG/AA/part/SARS-CoV-2_200320.2.raxml.log

Analysis started: 22-Mar-2020 16:08:15 / finished: 22-Mar-2020 16:58:58

Elapsed time: 3042.192 seconds

