
RAxML-NG v. 0.9.0 released on 20.05.2019 by The Exelixis Lab.
Developed by: Alexey M. Kozlov and Alexandros Stamatakis.
Contributors: Diego Darriba, Tomas Flouri, Benoit Morel, Sarah Lutteropp, Ben Bettisworth.
Latest version: https://github.com/amkozlov/raxml-ng
Questions/problems/suggestions? Please visit: https://groups.google.com/forum/#!forum/raxml

RAxML-NG was called at 03-Apr-2020 14:25:19 as follows:

raxml-ng --threads 1 --search --tree rand{8},pars{8} --seed 1382684675 --prefix phylogeny/RAxML-NG/AA/part/SARS-CoV-2_200331.7 --msa phylogeny/RAxML-NG/AA/part/SARS-CoV-2_200331.raxml.rba --outgroup MG772933.1

Analysis options:
  run mode: ML tree search
  start tree(s): random (8) + parsimony (8)
  random seed: 1382684675
  tip-inner: OFF
  pattern compression: ON
  per-rate scalers: OFF
  site repeats: ON
  fast spr radius: AUTO
  spr subtree cutoff: 1.000000
  branch lengths: proportional (ML estimate, algorithm: NR-FAST)
  SIMD kernels: AVX2
  parallelization: NONE/sequential

[00:00:00] Loading binary alignment from file: phylogeny/RAxML-NG/AA/part/SARS-CoV-2_200331.raxml.rba
[00:00:00] Alignment comprises 117 taxa, 11 partitions and 783 patterns

Partition 0: orf1ab_U
Model: HIVB+FC+I+G4m+B
Alignment sites / patterns: 4405 / 247
Gaps: 0.10 %
Invariant sites: 93.26 %

Partition 1: orf1ab_D
Model: STMTREV+FC+I+G4m+B
Alignment sites / patterns: 2696 / 115
Gaps: 0.04 %
Invariant sites: 94.77 %

Partition 2: S
Model: FLU+G4m+B
Alignment sites / patterns: 1273 / 180
Gaps: 0.03 %
Invariant sites: 81.07 %

Partition 3: ORF3a
Model: JTT+I+G4m+B
Alignment sites / patterns: 275 / 46
Gaps: 0.00 %
Invariant sites: 88.36 %

Partition 4: E
Model: STMTREV+B
Alignment sites / patterns: 75 / 18
Gaps: 0.00 %
Invariant sites: 98.67 %

Partition 5: M
Model: CPREV+B
Alignment sites / patterns: 222 / 24
Gaps: 0.00 %
Invariant sites: 98.20 %

Partition 6: ORF6
Model: STMTREV+B
Alignment sites / patterns: 61 / 24
Gaps: 0.00 %
Invariant sites: 90.16 %

Partition 7: ORF7a
Model: JTT-DCMUT+B
Alignment sites / patterns: 121 / 34
Gaps: 0.00 %
Invariant sites: 85.95 %

Partition 8: ORF8
Model: STMTREV+I+G4m+B
Alignment sites / patterns: 121 / 32
Gaps: 0.00 %
Invariant sites: 90.08 %

Partition 9: N
Model: JTT+B
Alignment sites / patterns: 419 / 45
Gaps: 0.00 %
Invariant sites: 92.12 %

Partition 10: ORF10
Model: STMTREV+B
Alignment sites / patterns: 38 / 18
Gaps: 0.00 %
Invariant sites: 94.74 %


[00:00:00] Generating 8 random starting tree(s) with 117 taxa
[00:00:00] Generating 8 parsimony starting tree(s) with 117 taxa
[00:00:00] Data distribution: max. partitions/sites/weight per thread: 11 / 783 / 52860

Starting ML tree search with 16 distinct starting trees

[00:00:00 -70412.628207] Initial branch length optimization
[00:00:02 -35449.621938] Model parameter optimization (eps = 10.000000)
[00:00:10 -35219.220835] AUTODETECT spr round 1 (radius: 5)
[00:00:28 -34663.453155] AUTODETECT spr round 2 (radius: 10)
[00:00:59 -34321.626617] AUTODETECT spr round 3 (radius: 15)
[00:01:37 -34216.075486] AUTODETECT spr round 4 (radius: 20)
[00:02:02 -34216.075385] SPR radius for FAST iterations: 15 (autodetect)
[00:02:02 -34216.075385] Model parameter optimization (eps = 3.000000)
[00:02:08 -34122.723384] FAST spr round 1 (radius: 15)
[00:03:02 -34033.071236] FAST spr round 2 (radius: 15)
[00:03:42 -34033.070247] Model parameter optimization (eps = 1.000000)
[00:03:46 -34025.533983] SLOW spr round 1 (radius: 5)
[00:04:29 -34025.520961] SLOW spr round 2 (radius: 10)
[00:05:16 -34025.517485] SLOW spr round 3 (radius: 15)
[00:06:03 -34025.517485] SLOW spr round 4 (radius: 20)
[00:06:59 -34023.865963] SLOW spr round 5 (radius: 5)
[00:07:53 -34014.604759] SLOW spr round 6 (radius: 5)
[00:08:40 -34014.604282] SLOW spr round 7 (radius: 10)
[00:09:30 -34014.604282] SLOW spr round 8 (radius: 15)
[00:10:11 -34014.604282] SLOW spr round 9 (radius: 20)
[00:11:05 -34014.604282] SLOW spr round 10 (radius: 25)
[00:11:45 -34014.604282] Model parameter optimization (eps = 0.100000)

[00:11:47] ML tree search #1, logLikelihood: -34014.594955

[00:11:47 -70403.458979] Initial branch length optimization
[00:11:49 -35429.207800] Model parameter optimization (eps = 10.000000)
[00:11:57 -35205.315996] AUTODETECT spr round 1 (radius: 5)
[00:12:14 -34609.089417] AUTODETECT spr round 2 (radius: 10)
[00:12:39 -34367.227067] AUTODETECT spr round 3 (radius: 15)
[00:13:08 -34141.076260] AUTODETECT spr round 4 (radius: 20)
[00:13:37 -34130.220559] AUTODETECT spr round 5 (radius: 25)
[00:13:58 -34130.220558] SPR radius for FAST iterations: 20 (autodetect)
[00:13:58 -34130.220558] Model parameter optimization (eps = 3.000000)
[00:14:04 -34015.586205] FAST spr round 1 (radius: 20)
[00:15:09 -34014.578850] FAST spr round 2 (radius: 20)
[00:15:53 -34014.578850] Model parameter optimization (eps = 1.000000)
[00:15:54 -34014.578792] SLOW spr round 1 (radius: 5)
[00:16:40 -34014.578777] SLOW spr round 2 (radius: 10)
[00:17:26 -34014.575168] SLOW spr round 3 (radius: 15)
[00:18:22 -34014.575168] SLOW spr round 4 (radius: 20)
[00:19:16 -34014.575168] SLOW spr round 5 (radius: 25)
[00:19:53 -34014.575168] Model parameter optimization (eps = 0.100000)

[00:19:54] ML tree search #2, logLikelihood: -34014.575101

[00:19:55 -70421.526304] Initial branch length optimization
[00:19:56 -35498.363781] Model parameter optimization (eps = 10.000000)
[00:20:07 -35226.120861] AUTODETECT spr round 1 (radius: 5)
[00:20:24 -34702.677522] AUTODETECT spr round 2 (radius: 10)
[00:20:50 -34465.711255] AUTODETECT spr round 3 (radius: 15)
[00:21:22 -34366.389118] AUTODETECT spr round 4 (radius: 20)
[00:21:47 -34360.034320] AUTODETECT spr round 5 (radius: 25)
[00:22:08 -34360.034185] SPR radius for FAST iterations: 20 (autodetect)
[00:22:08 -34360.034185] Model parameter optimization (eps = 3.000000)
[00:22:14 -34335.153017] FAST spr round 1 (radius: 20)
[00:23:26 -34174.625524] FAST spr round 2 (radius: 20)
[00:24:18 -34174.621933] Model parameter optimization (eps = 1.000000)
[00:24:24 -34016.134230] SLOW spr round 1 (radius: 5)
[00:25:15 -34016.133185] SLOW spr round 2 (radius: 10)
[00:26:02 -34016.133185] SLOW spr round 3 (radius: 15)
[00:27:00 -34016.133185] SLOW spr round 4 (radius: 20)
[00:28:00 -34016.133185] SLOW spr round 5 (radius: 25)
[00:28:40 -34016.133185] Model parameter optimization (eps = 0.100000)

[00:28:42] ML tree search #3, logLikelihood: -34016.119287

[00:28:42 -70397.314377] Initial branch length optimization
[00:28:44 -35417.433030] Model parameter optimization (eps = 10.000000)
[00:28:52 -35194.673674] AUTODETECT spr round 1 (radius: 5)
[00:29:09 -34730.660710] AUTODETECT spr round 2 (radius: 10)
[00:29:38 -34378.761206] AUTODETECT spr round 3 (radius: 15)
[00:30:08 -34281.170585] AUTODETECT spr round 4 (radius: 20)
[00:30:35 -34257.775240] AUTODETECT spr round 5 (radius: 25)
[00:31:02 -34257.775239] SPR radius for FAST iterations: 20 (autodetect)
[00:31:02 -34257.775239] Model parameter optimization (eps = 3.000000)
[00:31:08 -34169.475082] FAST spr round 1 (radius: 20)
[00:32:22 -34018.821070] FAST spr round 2 (radius: 20)
[00:33:08 -34018.820822] Model parameter optimization (eps = 1.000000)
[00:33:12 -34016.099717] SLOW spr round 1 (radius: 5)
[00:33:56 -34016.093303] SLOW spr round 2 (radius: 10)
[00:34:49 -34016.092993] SLOW spr round 3 (radius: 15)
[00:35:31 -34016.092993] SLOW spr round 4 (radius: 20)
[00:36:15 -34016.092993] SLOW spr round 5 (radius: 25)
[00:36:50 -34016.092993] Model parameter optimization (eps = 0.100000)

[00:36:52] ML tree search #4, logLikelihood: -34016.092339

[00:36:52 -70387.103636] Initial branch length optimization
[00:36:54 -35425.436478] Model parameter optimization (eps = 10.000000)
[00:37:02 -35205.134361] AUTODETECT spr round 1 (radius: 5)
[00:37:18 -34701.001845] AUTODETECT spr round 2 (radius: 10)
[00:37:45 -34368.726830] AUTODETECT spr round 3 (radius: 15)
[00:38:20 -34214.082959] AUTODETECT spr round 4 (radius: 20)
[00:38:54 -34202.450509] AUTODETECT spr round 5 (radius: 25)
[00:39:11 -34202.450505] SPR radius for FAST iterations: 20 (autodetect)
[00:39:11 -34202.450505] Model parameter optimization (eps = 3.000000)
[00:39:17 -34124.729663] FAST spr round 1 (radius: 20)
[00:40:41 -34023.752625] FAST spr round 2 (radius: 20)
[00:41:36 -34023.751947] Model parameter optimization (eps = 1.000000)
[00:41:40 -34015.372993] SLOW spr round 1 (radius: 5)
[00:42:28 -34015.363483] SLOW spr round 2 (radius: 10)
[00:43:21 -34015.361180] SLOW spr round 3 (radius: 15)
[00:44:12 -34015.361180] SLOW spr round 4 (radius: 20)
[00:45:02 -34014.619658] SLOW spr round 5 (radius: 5)
[00:45:59 -34014.619389] SLOW spr round 6 (radius: 10)
[00:46:47 -34014.619389] SLOW spr round 7 (radius: 15)
[00:47:29 -34014.619389] SLOW spr round 8 (radius: 20)
[00:48:21 -34014.619389] SLOW spr round 9 (radius: 25)
[00:49:02 -34014.619389] Model parameter optimization (eps = 0.100000)

[00:49:04] ML tree search #5, logLikelihood: -34014.618301

[00:49:04 -70445.244390] Initial branch length optimization
[00:49:06 -35522.567816] Model parameter optimization (eps = 10.000000)
[00:49:15 -35248.159165] AUTODETECT spr round 1 (radius: 5)
[00:49:32 -34737.713387] AUTODETECT spr round 2 (radius: 10)
[00:50:03 -34450.560458] AUTODETECT spr round 3 (radius: 15)
[00:50:29 -34359.085968] AUTODETECT spr round 4 (radius: 20)
[00:50:59 -34322.513561] AUTODETECT spr round 5 (radius: 25)
[00:51:20 -34322.513542] SPR radius for FAST iterations: 20 (autodetect)
[00:51:20 -34322.513542] Model parameter optimization (eps = 3.000000)
[00:51:28 -34132.994701] FAST spr round 1 (radius: 20)
[00:52:43 -34016.377956] FAST spr round 2 (radius: 20)
[00:53:28 -34016.377700] Model parameter optimization (eps = 1.000000)
[00:53:32 -34015.186703] SLOW spr round 1 (radius: 5)
[00:54:19 -34015.181911] SLOW spr round 2 (radius: 10)
[00:55:14 -34015.181738] SLOW spr round 3 (radius: 15)
[00:55:58 -34015.181738] SLOW spr round 4 (radius: 20)
[00:56:56 -34015.181738] SLOW spr round 5 (radius: 25)
[00:57:30 -34015.181738] Model parameter optimization (eps = 0.100000)

[00:57:32] ML tree search #6, logLikelihood: -34015.177258

[00:57:32 -70427.800621] Initial branch length optimization
[00:57:33 -35489.426683] Model parameter optimization (eps = 10.000000)
[00:57:42 -35226.808464] AUTODETECT spr round 1 (radius: 5)
[00:57:59 -34794.815316] AUTODETECT spr round 2 (radius: 10)
[00:58:26 -34485.635427] AUTODETECT spr round 3 (radius: 15)
[00:59:02 -34328.483456] AUTODETECT spr round 4 (radius: 20)
[00:59:34 -34327.772519] AUTODETECT spr round 5 (radius: 25)
[00:59:56 -34327.772519] SPR radius for FAST iterations: 20 (autodetect)
[00:59:56 -34327.772519] Model parameter optimization (eps = 3.000000)
[01:00:04 -34160.286660] FAST spr round 1 (radius: 20)
[01:01:16 -34023.476955] FAST spr round 2 (radius: 20)
[01:02:06 -34023.475575] Model parameter optimization (eps = 1.000000)
[01:02:11 -34014.617275] SLOW spr round 1 (radius: 5)
[01:02:59 -34014.601110] SLOW spr round 2 (radius: 10)
[01:03:48 -34014.600671] SLOW spr round 3 (radius: 15)
[01:04:30 -34014.600671] SLOW spr round 4 (radius: 20)
[01:05:23 -34014.600671] SLOW spr round 5 (radius: 25)
[01:06:06 -34014.600671] Model parameter optimization (eps = 0.100000)

[01:06:07] ML tree search #7, logLikelihood: -34014.600022

[01:06:07 -70396.388323] Initial branch length optimization
[01:06:09 -35414.676534] Model parameter optimization (eps = 10.000000)
[01:06:17 -35189.856617] AUTODETECT spr round 1 (radius: 5)
[01:06:35 -34630.140912] AUTODETECT spr round 2 (radius: 10)
[01:07:02 -34320.906569] AUTODETECT spr round 3 (radius: 15)
[01:07:36 -34192.706171] AUTODETECT spr round 4 (radius: 20)
[01:08:07 -34192.706169] SPR radius for FAST iterations: 15 (autodetect)
[01:08:07 -34192.706169] Model parameter optimization (eps = 3.000000)
[01:08:12 -34109.873523] FAST spr round 1 (radius: 15)
[01:09:15 -34016.172268] FAST spr round 2 (radius: 15)
[01:09:56 -34016.171778] Model parameter optimization (eps = 1.000000)
[01:09:59 -34015.284872] SLOW spr round 1 (radius: 5)
[01:10:41 -34015.280091] SLOW spr round 2 (radius: 10)
[01:11:30 -34015.279699] SLOW spr round 3 (radius: 15)
[01:12:10 -34015.279699] SLOW spr round 4 (radius: 20)
[01:13:05 -34015.279699] SLOW spr round 5 (radius: 25)
[01:13:47 -34015.279699] Model parameter optimization (eps = 0.100000)

[01:13:49] ML tree search #8, logLikelihood: -34015.279135

[01:13:49 -69350.482431] Initial branch length optimization
[01:13:50 -34012.706822] Model parameter optimization (eps = 10.000000)
[01:13:53 -34003.044525] AUTODETECT spr round 1 (radius: 5)
[01:14:11 -34003.015480] SPR radius for FAST iterations: 5 (autodetect)
[01:14:11 -34003.015480] Model parameter optimization (eps = 3.000000)
[01:14:13 -34002.938557] FAST spr round 1 (radius: 5)
[01:14:38 -34002.933303] Model parameter optimization (eps = 1.000000)
[01:14:40 -34002.916903] SLOW spr round 1 (radius: 5)
[01:15:24 -34002.916740] SLOW spr round 2 (radius: 10)
[01:16:13 -34002.916740] SLOW spr round 3 (radius: 15)
[01:16:49 -34002.916740] SLOW spr round 4 (radius: 20)
[01:17:34 -34002.916740] SLOW spr round 5 (radius: 25)
[01:18:12 -34002.916740] Model parameter optimization (eps = 0.100000)

[01:18:14] ML tree search #9, logLikelihood: -34002.900833

[01:18:14 -69352.249933] Initial branch length optimization
[01:18:15 -34013.687165] Model parameter optimization (eps = 10.000000)
[01:18:18 -34004.053429] AUTODETECT spr round 1 (radius: 5)
[01:18:34 -34003.021454] AUTODETECT spr round 2 (radius: 10)
[01:19:00 -34003.020851] SPR radius for FAST iterations: 5 (autodetect)
[01:19:00 -34003.020851] Model parameter optimization (eps = 3.000000)
[01:19:02 -34002.941811] FAST spr round 1 (radius: 5)
[01:19:27 -34002.939702] Model parameter optimization (eps = 1.000000)
[01:19:29 -34002.923260] SLOW spr round 1 (radius: 5)
[01:20:12 -34002.922960] SLOW spr round 2 (radius: 10)
[01:20:56 -34002.919238] SLOW spr round 3 (radius: 15)
[01:21:42 -34002.919238] SLOW spr round 4 (radius: 20)
[01:22:32 -34002.919238] SLOW spr round 5 (radius: 25)
[01:23:19 -34002.919238] Model parameter optimization (eps = 0.100000)

[01:23:21] ML tree search #10, logLikelihood: -34002.903348

[01:23:21 -69349.878324] Initial branch length optimization
[01:23:23 -34012.662774] Model parameter optimization (eps = 10.000000)
[01:23:26 -34003.040361] AUTODETECT spr round 1 (radius: 5)
[01:23:43 -34003.022518] SPR radius for FAST iterations: 5 (autodetect)
[01:23:43 -34003.022518] Model parameter optimization (eps = 3.000000)
[01:23:45 -34002.943014] FAST spr round 1 (radius: 5)
[01:24:12 -34002.940202] Model parameter optimization (eps = 1.000000)
[01:24:14 -34002.923770] SLOW spr round 1 (radius: 5)
[01:25:00 -34002.923349] SLOW spr round 2 (radius: 10)
[01:25:45 -34002.919530] SLOW spr round 3 (radius: 15)
[01:26:26 -34002.919530] SLOW spr round 4 (radius: 20)
[01:27:15 -34002.919530] SLOW spr round 5 (radius: 25)
[01:27:56 -34002.919530] Model parameter optimization (eps = 0.100000)

[01:27:58] ML tree search #11, logLikelihood: -34002.903608

[01:27:58 -69354.194017] Initial branch length optimization
[01:28:00 -34015.448513] Model parameter optimization (eps = 10.000000)
[01:28:02 -34006.971841] AUTODETECT spr round 1 (radius: 5)
[01:28:19 -34006.954687] SPR radius for FAST iterations: 5 (autodetect)
[01:28:19 -34006.954687] Model parameter optimization (eps = 3.000000)
[01:28:21 -34006.877738] FAST spr round 1 (radius: 5)
[01:28:47 -34006.875675] Model parameter optimization (eps = 1.000000)
[01:28:49 -34006.868446] SLOW spr round 1 (radius: 5)
[01:29:34 -34006.868251] SLOW spr round 2 (radius: 10)
[01:30:18 -34006.864524] SLOW spr round 3 (radius: 15)
[01:30:55 -34002.455708] SLOW spr round 4 (radius: 5)
[01:31:50 -34002.453913] SLOW spr round 5 (radius: 10)
[01:32:33 -34002.453913] SLOW spr round 6 (radius: 15)
[01:33:10 -34002.453913] SLOW spr round 7 (radius: 20)
[01:33:55 -34002.453913] SLOW spr round 8 (radius: 25)
[01:34:38 -34002.453913] Model parameter optimization (eps = 0.100000)

[01:34:42] ML tree search #12, logLikelihood: -34002.163039

[01:34:42 -69352.853235] Initial branch length optimization
[01:34:44 -34013.682790] Model parameter optimization (eps = 10.000000)
[01:34:47 -34004.055866] AUTODETECT spr round 1 (radius: 5)
[01:35:03 -34003.480655] AUTODETECT spr round 2 (radius: 10)
[01:35:28 -34003.479761] SPR radius for FAST iterations: 5 (autodetect)
[01:35:28 -34003.479761] Model parameter optimization (eps = 3.000000)
[01:35:31 -34003.401956] FAST spr round 1 (radius: 5)
[01:35:56 -34003.399573] Model parameter optimization (eps = 1.000000)
[01:35:58 -34003.383171] SLOW spr round 1 (radius: 5)
[01:36:41 -34003.383150] SLOW spr round 2 (radius: 10)
[01:37:26 -34003.383033] SLOW spr round 3 (radius: 15)
[01:38:06 -34003.383033] SLOW spr round 4 (radius: 20)
[01:38:57 -34003.383033] SLOW spr round 5 (radius: 25)
[01:39:44 -34003.383033] Model parameter optimization (eps = 0.100000)

[01:39:46] ML tree search #13, logLikelihood: -34003.367209

[01:39:46 -69354.193224] Initial branch length optimization
[01:39:48 -34015.449654] Model parameter optimization (eps = 10.000000)
[01:39:51 -34006.972786] AUTODETECT spr round 1 (radius: 5)
[01:40:08 -34004.359017] AUTODETECT spr round 2 (radius: 10)
[01:40:36 -34004.358443] SPR radius for FAST iterations: 5 (autodetect)
[01:40:36 -34004.358443] Model parameter optimization (eps = 3.000000)
[01:40:39 -34003.959837] FAST spr round 1 (radius: 5)
[01:41:04 -34003.957841] Model parameter optimization (eps = 1.000000)
[01:41:06 -34003.941945] SLOW spr round 1 (radius: 5)
[01:41:51 -34003.941840] SLOW spr round 2 (radius: 10)
[01:42:40 -34003.938015] SLOW spr round 3 (radius: 15)
[01:43:26 -34003.389517] SLOW spr round 4 (radius: 5)
[01:44:16 -34003.389517] SLOW spr round 5 (radius: 10)
[01:45:04 -34003.389517] SLOW spr round 6 (radius: 15)
[01:45:49 -34003.389517] SLOW spr round 7 (radius: 20)
[01:46:43 -34003.389517] SLOW spr round 8 (radius: 25)
[01:47:26 -34003.389517] Model parameter optimization (eps = 0.100000)

[01:47:28] ML tree search #14, logLikelihood: -34003.372227

[01:47:28 -69354.193552] Initial branch length optimization
[01:47:30 -34015.451565] Model parameter optimization (eps = 10.000000)
[01:47:32 -34006.974156] AUTODETECT spr round 1 (radius: 5)
[01:47:50 -34006.952526] SPR radius for FAST iterations: 5 (autodetect)
[01:47:50 -34006.952526] Model parameter optimization (eps = 3.000000)
[01:47:52 -34006.875087] FAST spr round 1 (radius: 5)
[01:48:18 -34006.872242] Model parameter optimization (eps = 1.000000)
[01:48:20 -34006.865000] SLOW spr round 1 (radius: 5)
[01:49:07 -34006.864774] SLOW spr round 2 (radius: 10)
[01:49:56 -34006.315108] SLOW spr round 3 (radius: 5)
[01:50:44 -34006.314905] SLOW spr round 4 (radius: 10)
[01:51:32 -34006.314905] SLOW spr round 5 (radius: 15)
[01:52:19 -34003.661091] SLOW spr round 6 (radius: 5)
[01:53:15 -34003.659345] SLOW spr round 7 (radius: 10)
[01:54:04 -34003.659345] SLOW spr round 8 (radius: 15)
[01:54:49 -34003.659345] SLOW spr round 9 (radius: 20)
[01:55:39 -34003.659345] SLOW spr round 10 (radius: 25)
[01:56:21 -34003.195616] SLOW spr round 11 (radius: 5)
[01:57:17 -34003.195616] SLOW spr round 12 (radius: 10)
[01:58:03 -34003.195616] SLOW spr round 13 (radius: 15)
[01:58:45 -34003.195616] SLOW spr round 14 (radius: 20)
[01:59:33 -34003.195616] SLOW spr round 15 (radius: 25)
[02:00:15 -34003.192637] Model parameter optimization (eps = 0.100000)

[02:00:19] ML tree search #15, logLikelihood: -34002.901710

[02:00:19 -69350.480720] Initial branch length optimization
[02:00:21 -34012.658178] Model parameter optimization (eps = 10.000000)
[02:00:23 -34003.043067] AUTODETECT spr round 1 (radius: 5)
[02:00:40 -34003.022750] SPR radius for FAST iterations: 5 (autodetect)
[02:00:40 -34003.022750] Model parameter optimization (eps = 3.000000)
[02:00:42 -34002.944504] FAST spr round 1 (radius: 5)
[02:01:08 -34002.941708] Model parameter optimization (eps = 1.000000)
[02:01:10 -34002.925297] SLOW spr round 1 (radius: 5)
[02:01:56 -34002.924949] SLOW spr round 2 (radius: 10)
[02:02:42 -34002.920190] SLOW spr round 3 (radius: 15)
[02:03:18 -34002.920190] SLOW spr round 4 (radius: 20)
[02:04:05 -34002.917212] SLOW spr round 5 (radius: 25)
[02:04:43 -34002.917212] Model parameter optimization (eps = 0.100000)

[02:04:45] ML tree search #16, logLikelihood: -34002.901287



Final LogLikelihood: -34002.163039

AIC score: 68580.326079 / AICc score: 68598.003046 / BIC score: 70648.309943
Free parameters (model + branch lengths): 288

Best ML tree saved to: /home/hikoyu/analysis/Genome/SARS-CoV-2/phylogeny/RAxML-NG/AA/part/SARS-CoV-2_200331.7.raxml.bestTree
All ML trees saved to: /home/hikoyu/analysis/Genome/SARS-CoV-2/phylogeny/RAxML-NG/AA/part/SARS-CoV-2_200331.7.raxml.mlTrees
Optimized model saved to: /home/hikoyu/analysis/Genome/SARS-CoV-2/phylogeny/RAxML-NG/AA/part/SARS-CoV-2_200331.7.raxml.bestModel

Execution log saved to: /home/hikoyu/analysis/Genome/SARS-CoV-2/phylogeny/RAxML-NG/AA/part/SARS-CoV-2_200331.7.raxml.log

Analysis started: 03-Apr-2020 14:25:19 / finished: 03-Apr-2020 16:30:05

Elapsed time: 7485.442 seconds

