
RAxML-NG v. 0.9.0 released on 20.05.2019 by The Exelixis Lab.
Developed by: Alexey M. Kozlov and Alexandros Stamatakis.
Contributors: Diego Darriba, Tomas Flouri, Benoit Morel, Sarah Lutteropp, Ben Bettisworth.
Latest version: https://github.com/amkozlov/raxml-ng
Questions/problems/suggestions? Please visit: https://groups.google.com/forum/#!forum/raxml

RAxML-NG was called at 03-Apr-2020 16:25:49 as follows:

raxml-ng --threads 1 --search --tree rand{8},pars{8} --seed 70602287 --prefix phylogeny/RAxML-NG/AA/part/SARS-CoV-2_200331.10 --msa phylogeny/RAxML-NG/AA/part/SARS-CoV-2_200331.raxml.rba --outgroup MG772933.1

Analysis options:
  run mode: ML tree search
  start tree(s): random (8) + parsimony (8)
  random seed: 70602287
  tip-inner: OFF
  pattern compression: ON
  per-rate scalers: OFF
  site repeats: ON
  fast spr radius: AUTO
  spr subtree cutoff: 1.000000
  branch lengths: proportional (ML estimate, algorithm: NR-FAST)
  SIMD kernels: AVX2
  parallelization: NONE/sequential

[00:00:00] Loading binary alignment from file: phylogeny/RAxML-NG/AA/part/SARS-CoV-2_200331.raxml.rba
[00:00:00] Alignment comprises 117 taxa, 11 partitions and 783 patterns

Partition 0: orf1ab_U
Model: HIVB+FC+I+G4m+B
Alignment sites / patterns: 4405 / 247
Gaps: 0.10 %
Invariant sites: 93.26 %

Partition 1: orf1ab_D
Model: STMTREV+FC+I+G4m+B
Alignment sites / patterns: 2696 / 115
Gaps: 0.04 %
Invariant sites: 94.77 %

Partition 2: S
Model: FLU+G4m+B
Alignment sites / patterns: 1273 / 180
Gaps: 0.03 %
Invariant sites: 81.07 %

Partition 3: ORF3a
Model: JTT+I+G4m+B
Alignment sites / patterns: 275 / 46
Gaps: 0.00 %
Invariant sites: 88.36 %

Partition 4: E
Model: STMTREV+B
Alignment sites / patterns: 75 / 18
Gaps: 0.00 %
Invariant sites: 98.67 %

Partition 5: M
Model: CPREV+B
Alignment sites / patterns: 222 / 24
Gaps: 0.00 %
Invariant sites: 98.20 %

Partition 6: ORF6
Model: STMTREV+B
Alignment sites / patterns: 61 / 24
Gaps: 0.00 %
Invariant sites: 90.16 %

Partition 7: ORF7a
Model: JTT-DCMUT+B
Alignment sites / patterns: 121 / 34
Gaps: 0.00 %
Invariant sites: 85.95 %

Partition 8: ORF8
Model: STMTREV+I+G4m+B
Alignment sites / patterns: 121 / 32
Gaps: 0.00 %
Invariant sites: 90.08 %

Partition 9: N
Model: JTT+B
Alignment sites / patterns: 419 / 45
Gaps: 0.00 %
Invariant sites: 92.12 %

Partition 10: ORF10
Model: STMTREV+B
Alignment sites / patterns: 38 / 18
Gaps: 0.00 %
Invariant sites: 94.74 %


[00:00:00] Generating 8 random starting tree(s) with 117 taxa
[00:00:00] Generating 8 parsimony starting tree(s) with 117 taxa
[00:00:00] Data distribution: max. partitions/sites/weight per thread: 11 / 783 / 52860

Starting ML tree search with 16 distinct starting trees

[00:00:00 -70426.164776] Initial branch length optimization
[00:00:01 -35476.794159] Model parameter optimization (eps = 10.000000)
[00:00:10 -35217.709979] AUTODETECT spr round 1 (radius: 5)
[00:00:27 -34723.260844] AUTODETECT spr round 2 (radius: 10)
[00:00:53 -34510.176720] AUTODETECT spr round 3 (radius: 15)
[00:01:25 -34337.346612] AUTODETECT spr round 4 (radius: 20)
[00:01:56 -34279.039749] AUTODETECT spr round 5 (radius: 25)
[00:02:17 -34279.039745] SPR radius for FAST iterations: 20 (autodetect)
[00:02:17 -34279.039745] Model parameter optimization (eps = 3.000000)
[00:02:25 -34088.707375] FAST spr round 1 (radius: 20)
[00:03:32 -34015.347897] FAST spr round 2 (radius: 20)
[00:04:19 -34015.347796] Model parameter optimization (eps = 1.000000)
[00:04:22 -34014.553514] SLOW spr round 1 (radius: 5)
[00:05:08 -34014.550727] SLOW spr round 2 (radius: 10)
[00:05:57 -34014.547209] SLOW spr round 3 (radius: 15)
[00:06:44 -34014.547209] SLOW spr round 4 (radius: 20)
[00:07:31 -34014.547209] SLOW spr round 5 (radius: 25)
[00:08:05 -34014.547209] Model parameter optimization (eps = 0.100000)

[00:08:07] ML tree search #1, logLikelihood: -34014.528733

[00:08:07 -70420.282601] Initial branch length optimization
[00:08:09 -35472.065428] Model parameter optimization (eps = 10.000000)
[00:08:18 -35240.314797] AUTODETECT spr round 1 (radius: 5)
[00:08:38 -34720.745981] AUTODETECT spr round 2 (radius: 10)
[00:09:04 -34463.150316] AUTODETECT spr round 3 (radius: 15)
[00:09:37 -34326.476584] AUTODETECT spr round 4 (radius: 20)
[00:10:07 -34311.171606] AUTODETECT spr round 5 (radius: 25)
[00:10:32 -34311.171606] SPR radius for FAST iterations: 20 (autodetect)
[00:10:32 -34311.171606] Model parameter optimization (eps = 3.000000)
[00:10:38 -34199.460018] FAST spr round 1 (radius: 20)
[00:11:55 -34025.062282] FAST spr round 2 (radius: 20)
[00:12:43 -34025.061686] Model parameter optimization (eps = 1.000000)
[00:12:47 -34015.400717] SLOW spr round 1 (radius: 5)
[00:13:36 -34015.384540] SLOW spr round 2 (radius: 10)
[00:14:28 -34015.384177] SLOW spr round 3 (radius: 15)
[00:15:18 -34015.384177] SLOW spr round 4 (radius: 20)
[00:16:19 -34015.384177] SLOW spr round 5 (radius: 25)
[00:16:59 -34015.384177] Model parameter optimization (eps = 0.100000)

[00:17:01] ML tree search #2, logLikelihood: -34015.383246

[00:17:01 -70422.277159] Initial branch length optimization
[00:17:02 -35464.805426] Model parameter optimization (eps = 10.000000)
[00:17:11 -35232.042687] AUTODETECT spr round 1 (radius: 5)
[00:17:29 -34570.795631] AUTODETECT spr round 2 (radius: 10)
[00:17:57 -34313.318264] AUTODETECT spr round 3 (radius: 15)
[00:18:27 -34260.712406] AUTODETECT spr round 4 (radius: 20)
[00:18:59 -34194.751125] AUTODETECT spr round 5 (radius: 25)
[00:19:23 -34185.053080] SPR radius for FAST iterations: 25 (autodetect)
[00:19:23 -34185.053080] Model parameter optimization (eps = 3.000000)
[00:19:31 -34071.469132] FAST spr round 1 (radius: 25)
[00:20:51 -34016.090433] FAST spr round 2 (radius: 25)
[00:21:40 -34016.087563] Model parameter optimization (eps = 1.000000)
[00:21:42 -34015.970250] SLOW spr round 1 (radius: 5)
[00:22:31 -34015.970101] SLOW spr round 2 (radius: 10)
[00:23:18 -34015.970101] SLOW spr round 3 (radius: 15)
[00:24:03 -34015.970101] SLOW spr round 4 (radius: 20)
[00:24:52 -34015.970101] SLOW spr round 5 (radius: 25)
[00:25:37 -34015.970101] Model parameter optimization (eps = 0.100000)

[00:25:39] ML tree search #3, logLikelihood: -34015.969301

[00:25:39 -70415.988555] Initial branch length optimization
[00:25:40 -35461.319445] Model parameter optimization (eps = 10.000000)
[00:25:49 -35225.129845] AUTODETECT spr round 1 (radius: 5)
[00:26:05 -34702.869523] AUTODETECT spr round 2 (radius: 10)
[00:26:31 -34583.103289] AUTODETECT spr round 3 (radius: 15)
[00:27:04 -34339.670297] AUTODETECT spr round 4 (radius: 20)
[00:27:39 -34253.256378] AUTODETECT spr round 5 (radius: 25)
[00:28:05 -34244.524274] SPR radius for FAST iterations: 25 (autodetect)
[00:28:05 -34244.524274] Model parameter optimization (eps = 3.000000)
[00:28:11 -34098.470836] FAST spr round 1 (radius: 25)
[00:29:25 -34016.722236] FAST spr round 2 (radius: 25)
[00:30:14 -34016.717341] Model parameter optimization (eps = 1.000000)
[00:30:18 -34015.291295] SLOW spr round 1 (radius: 5)
[00:31:09 -34015.291017] SLOW spr round 2 (radius: 10)
[00:31:55 -34015.290625] SLOW spr round 3 (radius: 15)
[00:32:49 -34015.290625] SLOW spr round 4 (radius: 20)
[00:33:47 -34015.289313] SLOW spr round 5 (radius: 25)
[00:34:26 -34015.289313] Model parameter optimization (eps = 0.100000)

[00:34:28] ML tree search #4, logLikelihood: -34015.288875

[00:34:28 -70443.467483] Initial branch length optimization
[00:34:30 -35503.541797] Model parameter optimization (eps = 10.000000)
[00:34:42 -35223.664822] AUTODETECT spr round 1 (radius: 5)
[00:34:59 -34835.279377] AUTODETECT spr round 2 (radius: 10)
[00:35:27 -34560.064507] AUTODETECT spr round 3 (radius: 15)
[00:36:00 -34405.224461] AUTODETECT spr round 4 (radius: 20)
[00:36:27 -34400.742605] AUTODETECT spr round 5 (radius: 25)
[00:36:49 -34399.360694] SPR radius for FAST iterations: 25 (autodetect)
[00:36:49 -34399.360694] Model parameter optimization (eps = 3.000000)
[00:36:55 -34368.604445] FAST spr round 1 (radius: 25)
[00:38:18 -34173.978395] FAST spr round 2 (radius: 25)
[00:39:15 -34173.970539] Model parameter optimization (eps = 1.000000)
[00:39:22 -34015.449395] SLOW spr round 1 (radius: 5)
[00:40:17 -34015.446333] SLOW spr round 2 (radius: 10)
[00:41:06 -34015.446333] SLOW spr round 3 (radius: 15)
[00:42:23 -34015.446333] SLOW spr round 4 (radius: 20)
[00:43:22 -34015.446333] SLOW spr round 5 (radius: 25)
[00:43:49 -34015.446333] Model parameter optimization (eps = 0.100000)

[00:43:51] ML tree search #5, logLikelihood: -34015.432050

[00:43:51 -70439.032888] Initial branch length optimization
[00:43:52 -35512.880796] Model parameter optimization (eps = 10.000000)
[00:44:03 -35229.680415] AUTODETECT spr round 1 (radius: 5)
[00:44:20 -34695.528278] AUTODETECT spr round 2 (radius: 10)
[00:44:53 -34362.054413] AUTODETECT spr round 3 (radius: 15)
[00:45:26 -34309.506956] AUTODETECT spr round 4 (radius: 20)
[00:45:54 -34297.296829] AUTODETECT spr round 5 (radius: 25)
[00:46:15 -34289.680484] SPR radius for FAST iterations: 25 (autodetect)
[00:46:15 -34289.680484] Model parameter optimization (eps = 3.000000)
[00:46:21 -34253.271915] FAST spr round 1 (radius: 25)
[00:47:39 -34171.531371] FAST spr round 2 (radius: 25)
[00:48:32 -34171.526194] Model parameter optimization (eps = 1.000000)
[00:48:39 -34015.325200] SLOW spr round 1 (radius: 5)
[00:49:34 -34015.324796] SLOW spr round 2 (radius: 10)
[00:50:28 -34015.321528] SLOW spr round 3 (radius: 15)
[00:51:23 -34015.321528] SLOW spr round 4 (radius: 20)
[00:52:14 -34015.321528] SLOW spr round 5 (radius: 25)
[00:52:47 -34015.321528] Model parameter optimization (eps = 0.100000)

[00:52:49] ML tree search #6, logLikelihood: -34015.307242

[00:52:49 -70413.517738] Initial branch length optimization
[00:52:51 -35455.315857] Model parameter optimization (eps = 10.000000)
[00:52:59 -35223.381521] AUTODETECT spr round 1 (radius: 5)
[00:53:18 -34710.073012] AUTODETECT spr round 2 (radius: 10)
[00:53:46 -34430.687097] AUTODETECT spr round 3 (radius: 15)
[00:54:23 -34271.398167] AUTODETECT spr round 4 (radius: 20)
[00:55:01 -34254.445249] AUTODETECT spr round 5 (radius: 25)
[00:55:23 -34254.445206] SPR radius for FAST iterations: 20 (autodetect)
[00:55:23 -34254.445206] Model parameter optimization (eps = 3.000000)
[00:55:29 -34153.790569] FAST spr round 1 (radius: 20)
[00:56:47 -34023.783646] FAST spr round 2 (radius: 20)
[00:57:40 -34023.590706] FAST spr round 3 (radius: 20)
[00:58:18 -34023.086774] FAST spr round 4 (radius: 20)
[00:58:53 -34023.046846] Model parameter optimization (eps = 1.000000)
[00:58:58 -34014.653273] SLOW spr round 1 (radius: 5)
[00:59:36 -34014.636307] SLOW spr round 2 (radius: 10)
[01:00:27 -34014.634849] SLOW spr round 3 (radius: 15)
[01:01:15 -34014.634841] SLOW spr round 4 (radius: 20)
[01:02:13 -34014.634841] SLOW spr round 5 (radius: 25)
[01:02:56 -34014.634841] Model parameter optimization (eps = 0.100000)

[01:02:58] ML tree search #7, logLikelihood: -34014.634209

[01:02:58 -70429.400686] Initial branch length optimization
[01:02:59 -35475.829382] Model parameter optimization (eps = 10.000000)
[01:03:08 -35218.674642] AUTODETECT spr round 1 (radius: 5)
[01:03:26 -34778.625975] AUTODETECT spr round 2 (radius: 10)
[01:03:57 -34466.813247] AUTODETECT spr round 3 (radius: 15)
[01:04:31 -34353.394630] AUTODETECT spr round 4 (radius: 20)
[01:05:04 -34346.266049] AUTODETECT spr round 5 (radius: 25)
[01:05:30 -34346.266049] SPR radius for FAST iterations: 20 (autodetect)
[01:05:30 -34346.266049] Model parameter optimization (eps = 3.000000)
[01:05:37 -34183.716149] FAST spr round 1 (radius: 20)
[01:06:59 -34025.428869] FAST spr round 2 (radius: 20)
[01:07:50 -34025.225584] FAST spr round 3 (radius: 20)
[01:08:27 -34024.730365] FAST spr round 4 (radius: 20)
[01:09:01 -34024.692376] Model parameter optimization (eps = 1.000000)
[01:09:05 -34014.625118] SLOW spr round 1 (radius: 5)
[01:09:51 -34014.609964] SLOW spr round 2 (radius: 10)
[01:10:40 -34014.608878] SLOW spr round 3 (radius: 15)
[01:11:25 -34014.608878] SLOW spr round 4 (radius: 20)
[01:12:17 -34014.608878] SLOW spr round 5 (radius: 25)
[01:13:03 -34014.608878] Model parameter optimization (eps = 0.100000)

[01:13:04] ML tree search #8, logLikelihood: -34014.608259

[01:13:05 -69354.793657] Initial branch length optimization
[01:13:06 -34015.447021] Model parameter optimization (eps = 10.000000)
[01:13:08 -34006.974514] AUTODETECT spr round 1 (radius: 5)
[01:13:25 -34004.358491] AUTODETECT spr round 2 (radius: 10)
[01:13:50 -34004.357876] SPR radius for FAST iterations: 5 (autodetect)
[01:13:50 -34004.357876] Model parameter optimization (eps = 3.000000)
[01:13:52 -34003.961055] FAST spr round 1 (radius: 5)
[01:14:15 -34003.959450] Model parameter optimization (eps = 1.000000)
[01:14:17 -34003.943562] SLOW spr round 1 (radius: 5)
[01:15:02 -34003.938567] SLOW spr round 2 (radius: 10)
[01:15:47 -34003.938567] SLOW spr round 3 (radius: 15)
[01:16:25 -34003.938567] SLOW spr round 4 (radius: 20)
[01:17:14 -34002.923319] SLOW spr round 5 (radius: 5)
[01:18:06 -34002.923202] SLOW spr round 6 (radius: 10)
[01:18:53 -34002.923202] SLOW spr round 7 (radius: 15)
[01:19:32 -34002.923202] SLOW spr round 8 (radius: 20)
[01:20:21 -34002.923202] SLOW spr round 9 (radius: 25)
[01:21:00 -34002.923202] Model parameter optimization (eps = 0.100000)

[01:21:02] ML tree search #9, logLikelihood: -34002.906542

[01:21:02 -69352.760614] Initial branch length optimization
[01:21:04 -34014.055706] Model parameter optimization (eps = 10.000000)
[01:21:06 -34006.560606] AUTODETECT spr round 1 (radius: 5)
[01:21:23 -34006.544713] SPR radius for FAST iterations: 5 (autodetect)
[01:21:23 -34006.544713] Model parameter optimization (eps = 3.000000)
[01:21:25 -34006.447388] FAST spr round 1 (radius: 5)
[01:21:51 -34006.444890] Model parameter optimization (eps = 1.000000)
[01:21:53 -34006.418770] SLOW spr round 1 (radius: 5)
[01:22:37 -34006.418562] SLOW spr round 2 (radius: 10)
[01:23:22 -34006.414830] SLOW spr round 3 (radius: 15)
[01:24:00 -34005.973258] SLOW spr round 4 (radius: 5)
[01:24:54 -34005.971473] SLOW spr round 5 (radius: 10)
[01:25:39 -34005.971473] SLOW spr round 6 (radius: 15)
[01:26:18 -34005.971473] SLOW spr round 7 (radius: 20)
[01:27:02 -34002.050953] SLOW spr round 8 (radius: 5)
[01:27:55 -34002.049247] SLOW spr round 9 (radius: 10)
[01:28:39 -34002.049247] SLOW spr round 10 (radius: 15)
[01:29:18 -34002.049247] SLOW spr round 11 (radius: 20)
[01:30:03 -34002.049247] SLOW spr round 12 (radius: 25)
[01:30:48 -34002.049247] Model parameter optimization (eps = 0.100000)

[01:30:53] ML tree search #10, logLikelihood: -34001.160018

[01:30:53 -69350.473863] Initial branch length optimization
[01:30:54 -34012.659428] Model parameter optimization (eps = 10.000000)
[01:30:57 -34003.042330] AUTODETECT spr round 1 (radius: 5)
[01:31:15 -34003.014108] SPR radius for FAST iterations: 5 (autodetect)
[01:31:15 -34003.014108] Model parameter optimization (eps = 3.000000)
[01:31:17 -34002.936137] FAST spr round 1 (radius: 5)
[01:31:43 -34002.933301] Model parameter optimization (eps = 1.000000)
[01:31:45 -34002.917394] SLOW spr round 1 (radius: 5)
[01:32:30 -34002.917373] SLOW spr round 2 (radius: 10)
[01:33:15 -34002.917262] SLOW spr round 3 (radius: 15)
[01:33:54 -34002.917262] SLOW spr round 4 (radius: 20)
[01:34:38 -34002.917262] SLOW spr round 5 (radius: 25)
[01:35:22 -34002.917262] Model parameter optimization (eps = 0.100000)

[01:35:24] ML tree search #11, logLikelihood: -34002.901292

[01:35:24 -69352.416253] Initial branch length optimization
[01:35:26 -34014.421043] Model parameter optimization (eps = 10.000000)
[01:35:29 -34005.961831] AUTODETECT spr round 1 (radius: 5)
[01:35:47 -34003.339250] AUTODETECT spr round 2 (radius: 10)
[01:36:14 -34003.338379] SPR radius for FAST iterations: 5 (autodetect)
[01:36:14 -34003.338379] Model parameter optimization (eps = 3.000000)
[01:36:17 -34002.941133] FAST spr round 1 (radius: 5)
[01:36:42 -34002.939032] Model parameter optimization (eps = 1.000000)
[01:36:44 -34002.924000] SLOW spr round 1 (radius: 5)
[01:37:30 -34002.923724] SLOW spr round 2 (radius: 10)
[01:38:18 -34002.923724] SLOW spr round 3 (radius: 15)
[01:38:58 -34002.923724] SLOW spr round 4 (radius: 20)
[01:39:45 -34002.923724] SLOW spr round 5 (radius: 25)
[01:40:23 -34002.923724] Model parameter optimization (eps = 0.100000)

[01:40:25] ML tree search #12, logLikelihood: -34002.907241

[01:40:25 -69349.879123] Initial branch length optimization
[01:40:27 -34012.662361] Model parameter optimization (eps = 10.000000)
[01:40:29 -34003.040120] AUTODETECT spr round 1 (radius: 5)
[01:40:46 -34003.022090] SPR radius for FAST iterations: 5 (autodetect)
[01:40:46 -34003.022090] Model parameter optimization (eps = 3.000000)
[01:40:48 -34002.942730] FAST spr round 1 (radius: 5)
[01:41:17 -34002.940025] Model parameter optimization (eps = 1.000000)
[01:41:19 -34002.924115] SLOW spr round 1 (radius: 5)
[01:42:03 -34002.923919] SLOW spr round 2 (radius: 10)
[01:42:50 -34002.920198] SLOW spr round 3 (radius: 15)
[01:43:31 -34002.920198] SLOW spr round 4 (radius: 20)
[01:44:23 -34002.920198] SLOW spr round 5 (radius: 25)
[01:45:06 -34002.920198] Model parameter optimization (eps = 0.100000)

[01:45:08] ML tree search #13, logLikelihood: -34002.904229

[01:45:08 -69354.793681] Initial branch length optimization
[01:45:09 -34015.457981] Model parameter optimization (eps = 10.000000)
[01:45:11 -34006.975167] AUTODETECT spr round 1 (radius: 5)
[01:45:29 -34004.361348] AUTODETECT spr round 2 (radius: 10)
[01:45:52 -34003.345680] AUTODETECT spr round 3 (radius: 15)
[01:46:17 -34003.345680] SPR radius for FAST iterations: 10 (autodetect)
[01:46:17 -34003.345680] Model parameter optimization (eps = 3.000000)
[01:46:20 -34002.947813] FAST spr round 1 (radius: 10)
[01:47:00 -34002.945701] Model parameter optimization (eps = 1.000000)
[01:47:02 -34002.930591] SLOW spr round 1 (radius: 5)
[01:47:51 -34002.930591] SLOW spr round 2 (radius: 10)
[01:48:36 -34002.925860] SLOW spr round 3 (radius: 15)
[01:49:13 -34002.925860] SLOW spr round 4 (radius: 20)
[01:49:58 -34002.925860] SLOW spr round 5 (radius: 25)
[01:50:43 -34002.925860] Model parameter optimization (eps = 0.100000)

[01:50:45] ML tree search #14, logLikelihood: -34002.909410

[01:50:45 -69352.423211] Initial branch length optimization
[01:50:47 -34014.421092] Model parameter optimization (eps = 10.000000)
[01:50:50 -34005.961658] AUTODETECT spr round 1 (radius: 5)
[01:51:08 -34005.933864] SPR radius for FAST iterations: 5 (autodetect)
[01:51:08 -34005.933864] Model parameter optimization (eps = 3.000000)
[01:51:10 -34005.858257] FAST spr round 1 (radius: 5)
[01:51:36 -34005.855546] Model parameter optimization (eps = 1.000000)
[01:51:38 -34005.848811] SLOW spr round 1 (radius: 5)
[01:52:21 -34005.848563] SLOW spr round 2 (radius: 10)
[01:53:05 -34005.848448] SLOW spr round 3 (radius: 15)
[01:53:47 -34003.195983] SLOW spr round 4 (radius: 5)
[01:54:38 -34003.194396] SLOW spr round 5 (radius: 10)
[01:55:23 -34003.194301] SLOW spr round 6 (radius: 15)
[01:56:07 -34003.194301] SLOW spr round 7 (radius: 20)
[01:57:00 -34003.194301] SLOW spr round 8 (radius: 25)
[01:57:40 -34003.194301] Model parameter optimization (eps = 0.100000)

[01:57:45] ML tree search #15, logLikelihood: -34002.902966

[01:57:45 -69352.851850] Initial branch length optimization
[01:57:46 -34013.687074] Model parameter optimization (eps = 10.000000)
[01:57:49 -34004.053557] AUTODETECT spr round 1 (radius: 5)
[01:58:06 -34004.036156] SPR radius for FAST iterations: 5 (autodetect)
[01:58:06 -34004.036156] Model parameter optimization (eps = 3.000000)
[01:58:08 -34003.956329] FAST spr round 1 (radius: 5)
[01:58:35 -34003.953805] Model parameter optimization (eps = 1.000000)
[01:58:36 -34003.936500] SLOW spr round 1 (radius: 5)
[01:59:14 -34003.936304] SLOW spr round 2 (radius: 10)
[01:59:51 -34003.935296] SLOW spr round 3 (radius: 15)
[02:00:23 -34003.386970] SLOW spr round 4 (radius: 5)
[02:01:03 -34003.386782] SLOW spr round 5 (radius: 10)
[02:01:42 -34003.383063] SLOW spr round 6 (radius: 15)
[02:02:14 -34003.383063] SLOW spr round 7 (radius: 20)
[02:02:53 -34003.383063] SLOW spr round 8 (radius: 25)
[02:03:26 -34003.383063] Model parameter optimization (eps = 0.100000)

[02:03:27] ML tree search #16, logLikelihood: -34003.366342



Final LogLikelihood: -34001.160018

AIC score: 68578.320036 / AICc score: 68595.997003 / BIC score: 70646.303900
Free parameters (model + branch lengths): 288

Best ML tree saved to: /home/hikoyu/analysis/Genome/SARS-CoV-2/phylogeny/RAxML-NG/AA/part/SARS-CoV-2_200331.10.raxml.bestTree
All ML trees saved to: /home/hikoyu/analysis/Genome/SARS-CoV-2/phylogeny/RAxML-NG/AA/part/SARS-CoV-2_200331.10.raxml.mlTrees
Optimized model saved to: /home/hikoyu/analysis/Genome/SARS-CoV-2/phylogeny/RAxML-NG/AA/part/SARS-CoV-2_200331.10.raxml.bestModel

Execution log saved to: /home/hikoyu/analysis/Genome/SARS-CoV-2/phylogeny/RAxML-NG/AA/part/SARS-CoV-2_200331.10.raxml.log

Analysis started: 03-Apr-2020 16:25:49 / finished: 03-Apr-2020 18:29:17

Elapsed time: 7407.699 seconds

