
RAxML-NG v. 0.9.0 released on 20.05.2019 by The Exelixis Lab.
Developed by: Alexey M. Kozlov and Alexandros Stamatakis.
Contributors: Diego Darriba, Tomas Flouri, Benoit Morel, Sarah Lutteropp, Ben Bettisworth.
Latest version: https://github.com/amkozlov/raxml-ng
Questions/problems/suggestions? Please visit: https://groups.google.com/forum/#!forum/raxml

RAxML-NG was called at 17-Mar-2020 08:35:32 as follows:

raxml-ng --threads 1 --bootstrap --bs-trees 84 --seed 3297736139 --prefix phylogeny/RAxML-NG/AA/part/SARS-CoV-2_200314.0 --msa phylogeny/RAxML-NG/AA/part/SARS-CoV-2_200314.raxml.rba --outgroup MG772933.1

Analysis options:
  run mode: Bootstrapping
  start tree(s): 
  bootstrap replicates: 84
  random seed: 3297736139
  tip-inner: OFF
  pattern compression: ON
  per-rate scalers: OFF
  site repeats: ON
  branch lengths: proportional (ML estimate, algorithm: NR-FAST)
  SIMD kernels: AVX2
  parallelization: NONE/sequential

[00:00:00] Loading binary alignment from file: phylogeny/RAxML-NG/AA/part/SARS-CoV-2_200314.raxml.rba
[00:00:00] Alignment comprises 89 taxa, 11 partitions and 739 patterns

Partition 0: orf1ab_U
Model: HIVB+FC+I+B
Alignment sites / patterns: 4405 / 223
Gaps: 0.10 %
Invariant sites: 93.96 %

Partition 1: orf1ab_D
Model: JTT-DCMUT+G4m+B
Alignment sites / patterns: 2695 / 105
Gaps: 0.00 %
Invariant sites: 95.10 %

Partition 2: S
Model: JTT-DCMUT+G4m+B
Alignment sites / patterns: 1273 / 178
Gaps: 0.04 %
Invariant sites: 81.15 %

Partition 3: ORF3a
Model: JTT+G4m+B
Alignment sites / patterns: 275 / 44
Gaps: 0.00 %
Invariant sites: 89.09 %

Partition 4: E
Model: STMTREV+B
Alignment sites / patterns: 75 / 18
Gaps: 0.00 %
Invariant sites: 98.67 %

Partition 5: M
Model: CPREV+B
Alignment sites / patterns: 222 / 23
Gaps: 0.01 %
Invariant sites: 98.65 %

Partition 6: ORF6
Model: STMTREV+B
Alignment sites / patterns: 61 / 22
Gaps: 0.00 %
Invariant sites: 93.44 %

Partition 7: ORF7a
Model: JTT-DCMUT+B
Alignment sites / patterns: 121 / 34
Gaps: 0.00 %
Invariant sites: 85.95 %

Partition 8: ORF8
Model: STMTREV+I+G4m+B
Alignment sites / patterns: 121 / 31
Gaps: 0.00 %
Invariant sites: 90.91 %

Partition 9: N
Model: JTT+B
Alignment sites / patterns: 419 / 43
Gaps: 0.00 %
Invariant sites: 92.60 %

Partition 10: ORF10
Model: STMTREV+B
Alignment sites / patterns: 38 / 18
Gaps: 0.00 %
Invariant sites: 94.74 %


[00:00:00] Data distribution: max. partitions/sites/weight per thread: 11 / 739 / 36260
[00:00:00] Starting bootstrapping analysis with 84 replicates.

[00:03:21] Bootstrap tree #1, logLikelihood: -33562.417170
[00:06:52] Bootstrap tree #2, logLikelihood: -33293.432421
[00:09:47] Bootstrap tree #3, logLikelihood: -33449.681648
[00:13:05] Bootstrap tree #4, logLikelihood: -33288.136765
[00:17:06] Bootstrap tree #5, logLikelihood: -33121.937155
[00:20:40] Bootstrap tree #6, logLikelihood: -33351.436230
[00:24:25] Bootstrap tree #7, logLikelihood: -33329.751752
[00:27:44] Bootstrap tree #8, logLikelihood: -33442.355162
[00:31:05] Bootstrap tree #9, logLikelihood: -33587.435146
[00:34:32] Bootstrap tree #10, logLikelihood: -32999.323109
[00:38:11] Bootstrap tree #11, logLikelihood: -33156.949023
[00:42:08] Bootstrap tree #12, logLikelihood: -33157.881043
[00:45:34] Bootstrap tree #13, logLikelihood: -33321.732673
[00:48:58] Bootstrap tree #14, logLikelihood: -33230.468744
[00:52:43] Bootstrap tree #15, logLikelihood: -33288.291089
[00:56:27] Bootstrap tree #16, logLikelihood: -33580.211955
[00:59:43] Bootstrap tree #17, logLikelihood: -33483.367504
[01:03:03] Bootstrap tree #18, logLikelihood: -33454.773837
[01:07:12] Bootstrap tree #19, logLikelihood: -33443.355894
[01:10:57] Bootstrap tree #20, logLikelihood: -33166.176384
[01:15:08] Bootstrap tree #21, logLikelihood: -33303.765699
[01:20:55] Bootstrap tree #22, logLikelihood: -33686.308605
[01:24:06] Bootstrap tree #23, logLikelihood: -33151.001709
[01:27:44] Bootstrap tree #24, logLikelihood: -33227.712718
[01:31:01] Bootstrap tree #25, logLikelihood: -33445.252654
[01:37:09] Bootstrap tree #26, logLikelihood: -33654.419171
[01:40:57] Bootstrap tree #27, logLikelihood: -33618.544425
[01:44:42] Bootstrap tree #28, logLikelihood: -33132.228872
[01:48:46] Bootstrap tree #29, logLikelihood: -33515.768629
[01:55:42] Bootstrap tree #30, logLikelihood: -33041.500071
[01:59:19] Bootstrap tree #31, logLikelihood: -33722.238858
[02:03:21] Bootstrap tree #32, logLikelihood: -33245.197204
[02:07:44] Bootstrap tree #33, logLikelihood: -33326.900806
[02:11:10] Bootstrap tree #34, logLikelihood: -33102.275297
[02:15:04] Bootstrap tree #35, logLikelihood: -33415.231276
[02:21:07] Bootstrap tree #36, logLikelihood: -33365.476473
[02:24:35] Bootstrap tree #37, logLikelihood: -33530.327673
[02:28:37] Bootstrap tree #38, logLikelihood: -33320.697457
[02:35:37] Bootstrap tree #39, logLikelihood: -33311.396425
[02:38:57] Bootstrap tree #40, logLikelihood: -33127.101276
[02:42:27] Bootstrap tree #41, logLikelihood: -33376.864728
[02:49:08] Bootstrap tree #42, logLikelihood: -33156.424990
[02:53:24] Bootstrap tree #43, logLikelihood: -33734.886140
[02:57:28] Bootstrap tree #44, logLikelihood: -33260.749786
[03:00:31] Bootstrap tree #45, logLikelihood: -33084.254019
[03:04:07] Bootstrap tree #46, logLikelihood: -33356.934092
[03:07:27] Bootstrap tree #47, logLikelihood: -33361.769094
[03:11:38] Bootstrap tree #48, logLikelihood: -33227.301642
[03:15:03] Bootstrap tree #49, logLikelihood: -33462.098831
[03:22:53] Bootstrap tree #50, logLikelihood: -32830.503796
[03:26:21] Bootstrap tree #51, logLikelihood: -33540.819896
[03:29:55] Bootstrap tree #52, logLikelihood: -33384.836339
[03:33:31] Bootstrap tree #53, logLikelihood: -33431.110717
[03:38:53] Bootstrap tree #54, logLikelihood: -33506.503290
[03:41:49] Bootstrap tree #55, logLikelihood: -33324.746572
[03:45:34] Bootstrap tree #56, logLikelihood: -33372.170138
[03:49:20] Bootstrap tree #57, logLikelihood: -33463.841505
[03:52:42] Bootstrap tree #58, logLikelihood: -33455.570294
[03:55:50] Bootstrap tree #59, logLikelihood: -33088.073343
[03:59:55] Bootstrap tree #60, logLikelihood: -33492.692917
[04:03:24] Bootstrap tree #61, logLikelihood: -33223.211912
[04:06:54] Bootstrap tree #62, logLikelihood: -33553.130284
[04:10:22] Bootstrap tree #63, logLikelihood: -33238.589558
[04:14:05] Bootstrap tree #64, logLikelihood: -33246.940854
[04:19:31] Bootstrap tree #65, logLikelihood: -33491.611949
[04:23:06] Bootstrap tree #66, logLikelihood: -33248.369861
[04:27:10] Bootstrap tree #67, logLikelihood: -33427.812103
[04:30:36] Bootstrap tree #68, logLikelihood: -33450.250837
[04:34:15] Bootstrap tree #69, logLikelihood: -33111.444097
[04:37:47] Bootstrap tree #70, logLikelihood: -33427.633093
[04:41:14] Bootstrap tree #71, logLikelihood: -33272.422409
[04:44:45] Bootstrap tree #72, logLikelihood: -33012.062795
[04:48:42] Bootstrap tree #73, logLikelihood: -33334.126410
[04:51:32] Bootstrap tree #74, logLikelihood: -33195.235895
[04:55:00] Bootstrap tree #75, logLikelihood: -33444.865487
[04:58:27] Bootstrap tree #76, logLikelihood: -33483.389505
[05:01:43] Bootstrap tree #77, logLikelihood: -33327.809696
[05:05:41] Bootstrap tree #78, logLikelihood: -33450.958723
[05:09:10] Bootstrap tree #79, logLikelihood: -33520.198158
[05:12:35] Bootstrap tree #80, logLikelihood: -33223.267097
[05:16:08] Bootstrap tree #81, logLikelihood: -33369.440742
[05:19:39] Bootstrap tree #82, logLikelihood: -33125.691717
[05:23:13] Bootstrap tree #83, logLikelihood: -33414.322958
[05:27:45] Bootstrap tree #84, logLikelihood: -33144.046132

Bootstrap trees saved to: /home/hikoyu/analysis/Genome/SARS-CoV-2/phylogeny/RAxML-NG/AA/part/SARS-CoV-2_200314.0.raxml.bootstraps

Execution log saved to: /home/hikoyu/analysis/Genome/SARS-CoV-2/phylogeny/RAxML-NG/AA/part/SARS-CoV-2_200314.0.raxml.log

Analysis started: 17-Mar-2020 08:35:32 / finished: 17-Mar-2020 14:03:18

Elapsed time: 19666.093 seconds

