
RAxML-NG v. 0.9.0 released on 20.05.2019 by The Exelixis Lab.
Developed by: Alexey M. Kozlov and Alexandros Stamatakis.
Contributors: Diego Darriba, Tomas Flouri, Benoit Morel, Sarah Lutteropp, Ben Bettisworth.
Latest version: https://github.com/amkozlov/raxml-ng
Questions/problems/suggestions? Please visit: https://groups.google.com/forum/#!forum/raxml

RAxML-NG was called at 22-Mar-2020 18:20:26 as follows:

raxml-ng --threads 1 --bootstrap --bs-trees 84 --seed 3053687990 --prefix phylogeny/RAxML-NG/AA/part/SARS-CoV-2_200320.0 --msa phylogeny/RAxML-NG/AA/part/SARS-CoV-2_200320.raxml.rba --outgroup MG772933.1

Analysis options:
  run mode: Bootstrapping
  start tree(s): 
  bootstrap replicates: 84
  random seed: 3053687990
  tip-inner: OFF
  pattern compression: ON
  per-rate scalers: OFF
  site repeats: ON
  branch lengths: proportional (ML estimate, algorithm: NR-FAST)
  SIMD kernels: AVX2
  parallelization: NONE/sequential

[00:00:00] Loading binary alignment from file: phylogeny/RAxML-NG/AA/part/SARS-CoV-2_200320.raxml.rba
[00:00:00] Alignment comprises 78 taxa, 11 partitions and 736 patterns

Partition 0: orf1ab_U
Model: HIVB+FC+I+B
Alignment sites / patterns: 4405 / 217
Gaps: 0.10 %
Invariant sites: 94.07 %

Partition 1: orf1ab_D
Model: JTT-DCMUT+I+B
Alignment sites / patterns: 2696 / 109
Gaps: 0.04 %
Invariant sites: 94.99 %

Partition 2: S
Model: JTT-DCMUT+G4m+B
Alignment sites / patterns: 1273 / 178
Gaps: 0.04 %
Invariant sites: 81.15 %

Partition 3: ORF3a
Model: JTT+G4m+B
Alignment sites / patterns: 275 / 44
Gaps: 0.00 %
Invariant sites: 89.09 %

Partition 4: E
Model: STMTREV+B
Alignment sites / patterns: 75 / 18
Gaps: 0.00 %
Invariant sites: 98.67 %

Partition 5: M
Model: CPREV+B
Alignment sites / patterns: 222 / 23
Gaps: 0.01 %
Invariant sites: 98.65 %

Partition 6: ORF6
Model: STMTREV+B
Alignment sites / patterns: 61 / 22
Gaps: 0.00 %
Invariant sites: 93.44 %

Partition 7: ORF7a
Model: JTT-DCMUT+B
Alignment sites / patterns: 121 / 34
Gaps: 0.00 %
Invariant sites: 85.95 %

Partition 8: ORF8
Model: STMTREV+I+G4m+B
Alignment sites / patterns: 121 / 31
Gaps: 0.00 %
Invariant sites: 90.91 %

Partition 9: N
Model: JTT+B
Alignment sites / patterns: 419 / 42
Gaps: 0.00 %
Invariant sites: 92.84 %

Partition 10: ORF10
Model: STMTREV+B
Alignment sites / patterns: 38 / 18
Gaps: 0.00 %
Invariant sites: 94.74 %


[00:00:00] Data distribution: max. partitions/sites/weight per thread: 11 / 736 / 29900
[00:00:00] Starting bootstrapping analysis with 84 replicates.

[00:02:21] Bootstrap tree #1, logLikelihood: -33578.033122
[00:04:47] Bootstrap tree #2, logLikelihood: -33211.434952
[00:07:14] Bootstrap tree #3, logLikelihood: -33377.108703
[00:09:26] Bootstrap tree #4, logLikelihood: -33495.521334
[00:11:45] Bootstrap tree #5, logLikelihood: -33301.611279
[00:14:24] Bootstrap tree #6, logLikelihood: -33183.641389
[00:16:52] Bootstrap tree #7, logLikelihood: -33402.958574
[00:20:26] Bootstrap tree #8, logLikelihood: -33266.096910
[00:22:49] Bootstrap tree #9, logLikelihood: -33398.705723
[00:25:15] Bootstrap tree #10, logLikelihood: -33402.478023
[00:27:48] Bootstrap tree #11, logLikelihood: -33184.154999
[00:30:10] Bootstrap tree #12, logLikelihood: -33513.318159
[00:32:49] Bootstrap tree #13, logLikelihood: -33296.341070
[00:35:36] Bootstrap tree #14, logLikelihood: -33459.366392
[00:37:59] Bootstrap tree #15, logLikelihood: -33319.671471
[00:40:26] Bootstrap tree #16, logLikelihood: -33349.062357
[00:43:03] Bootstrap tree #17, logLikelihood: -33443.767806
[00:45:28] Bootstrap tree #18, logLikelihood: -33221.422575
[00:47:59] Bootstrap tree #19, logLikelihood: -33385.613361
[00:51:16] Bootstrap tree #20, logLikelihood: -33684.932349
[00:54:06] Bootstrap tree #21, logLikelihood: -33503.727277
[00:56:39] Bootstrap tree #22, logLikelihood: -33390.770033
[00:59:09] Bootstrap tree #23, logLikelihood: -33160.342380
[01:01:19] Bootstrap tree #24, logLikelihood: -33386.717642
[01:03:42] Bootstrap tree #25, logLikelihood: -33241.679791
[01:06:18] Bootstrap tree #26, logLikelihood: -33247.977770
[01:08:30] Bootstrap tree #27, logLikelihood: -33370.947375
[01:11:03] Bootstrap tree #28, logLikelihood: -33572.273159
[01:14:43] Bootstrap tree #29, logLikelihood: -33235.507576
[01:17:57] Bootstrap tree #30, logLikelihood: -33512.697333
[01:20:25] Bootstrap tree #31, logLikelihood: -33538.231237
[01:22:54] Bootstrap tree #32, logLikelihood: -33511.675129
[01:26:42] Bootstrap tree #33, logLikelihood: -33107.803463
[01:29:15] Bootstrap tree #34, logLikelihood: -33280.614535
[01:31:55] Bootstrap tree #35, logLikelihood: -33150.413559
[01:34:34] Bootstrap tree #36, logLikelihood: -33553.153355
[01:37:24] Bootstrap tree #37, logLikelihood: -33592.896159
[01:39:52] Bootstrap tree #38, logLikelihood: -33547.923365
[01:42:24] Bootstrap tree #39, logLikelihood: -33635.334885
[01:44:48] Bootstrap tree #40, logLikelihood: -33522.777108
[01:47:12] Bootstrap tree #41, logLikelihood: -33036.615106
[01:49:29] Bootstrap tree #42, logLikelihood: -33408.446414
[01:51:47] Bootstrap tree #43, logLikelihood: -33641.160188
[01:55:09] Bootstrap tree #44, logLikelihood: -33384.836705
[01:57:26] Bootstrap tree #45, logLikelihood: -33431.819338
[01:59:44] Bootstrap tree #46, logLikelihood: -33170.200779
[02:02:16] Bootstrap tree #47, logLikelihood: -33239.350827
[02:04:46] Bootstrap tree #48, logLikelihood: -33394.444995
[02:07:30] Bootstrap tree #49, logLikelihood: -33475.030492
[02:10:14] Bootstrap tree #50, logLikelihood: -33324.383406
[02:12:36] Bootstrap tree #51, logLikelihood: -33492.987801
[02:14:53] Bootstrap tree #52, logLikelihood: -33184.287894
[02:18:08] Bootstrap tree #53, logLikelihood: -33239.777374
[02:20:39] Bootstrap tree #54, logLikelihood: -33230.132763
[02:23:13] Bootstrap tree #55, logLikelihood: -33390.978262
[02:26:36] Bootstrap tree #56, logLikelihood: -33215.944289
[02:29:07] Bootstrap tree #57, logLikelihood: -33354.265877
[02:31:48] Bootstrap tree #58, logLikelihood: -33213.347956
[02:34:14] Bootstrap tree #59, logLikelihood: -33352.446878
[02:36:57] Bootstrap tree #60, logLikelihood: -33275.122582
[02:39:42] Bootstrap tree #61, logLikelihood: -33401.514414
[02:42:40] Bootstrap tree #62, logLikelihood: -33391.696113
[02:45:36] Bootstrap tree #63, logLikelihood: -33195.584410
[02:48:10] Bootstrap tree #64, logLikelihood: -33663.784183
[02:50:37] Bootstrap tree #65, logLikelihood: -33293.777488
[02:52:54] Bootstrap tree #66, logLikelihood: -33362.814102
[02:55:14] Bootstrap tree #67, logLikelihood: -33214.518709
[02:58:21] Bootstrap tree #68, logLikelihood: -33230.213696
[03:00:57] Bootstrap tree #69, logLikelihood: -33371.024588
[03:03:39] Bootstrap tree #70, logLikelihood: -33708.088412
[03:06:18] Bootstrap tree #71, logLikelihood: -33570.544929
[03:08:57] Bootstrap tree #72, logLikelihood: -33382.898015
[03:11:31] Bootstrap tree #73, logLikelihood: -33165.834757
[03:14:09] Bootstrap tree #74, logLikelihood: -33283.777565
[03:16:46] Bootstrap tree #75, logLikelihood: -33394.188813
[03:19:10] Bootstrap tree #76, logLikelihood: -33482.041781
[03:22:07] Bootstrap tree #77, logLikelihood: -34011.879778
[03:24:41] Bootstrap tree #78, logLikelihood: -33264.239608
[03:28:26] Bootstrap tree #79, logLikelihood: -33309.987195
[03:30:49] Bootstrap tree #80, logLikelihood: -33174.431332
[03:33:21] Bootstrap tree #81, logLikelihood: -33096.923344
[03:36:53] Bootstrap tree #82, logLikelihood: -33016.487488
[03:39:31] Bootstrap tree #83, logLikelihood: -33799.690607
[03:42:14] Bootstrap tree #84, logLikelihood: -33329.966500

Bootstrap trees saved to: /home/hikoyu/analysis/Genome/SARS-CoV-2/phylogeny/RAxML-NG/AA/part/SARS-CoV-2_200320.0.raxml.bootstraps

Execution log saved to: /home/hikoyu/analysis/Genome/SARS-CoV-2/phylogeny/RAxML-NG/AA/part/SARS-CoV-2_200320.0.raxml.log

Analysis started: 22-Mar-2020 18:20:26 / finished: 22-Mar-2020 22:02:40

Elapsed time: 13334.474 seconds

