
RAxML-NG v. 0.9.0 released on 20.05.2019 by The Exelixis Lab.
Developed by: Alexey M. Kozlov and Alexandros Stamatakis.
Contributors: Diego Darriba, Tomas Flouri, Benoit Morel, Sarah Lutteropp, Ben Bettisworth.
Latest version: https://github.com/amkozlov/raxml-ng
Questions/problems/suggestions? Please visit: https://groups.google.com/forum/#!forum/raxml

RAxML-NG was called at 17-Mar-2020 05:27:24 as follows:

raxml-ng --threads 1 --search --tree rand{9},pars{9} --seed 2226837661 --prefix phylogeny/RAxML-NG/AA/part/SARS-CoV-2_200314.3 --msa phylogeny/RAxML-NG/AA/part/SARS-CoV-2_200314.raxml.rba --outgroup MG772933.1

Analysis options:
  run mode: ML tree search
  start tree(s): random (9) + parsimony (9)
  random seed: 2226837661
  tip-inner: OFF
  pattern compression: ON
  per-rate scalers: OFF
  site repeats: ON
  fast spr radius: AUTO
  spr subtree cutoff: 1.000000
  branch lengths: proportional (ML estimate, algorithm: NR-FAST)
  SIMD kernels: AVX2
  parallelization: NONE/sequential

[00:00:00] Loading binary alignment from file: phylogeny/RAxML-NG/AA/part/SARS-CoV-2_200314.raxml.rba
[00:00:00] Alignment comprises 89 taxa, 11 partitions and 739 patterns

Partition 0: orf1ab_U
Model: HIVB+FC+I+B
Alignment sites / patterns: 4405 / 223
Gaps: 0.10 %
Invariant sites: 93.96 %

Partition 1: orf1ab_D
Model: JTT-DCMUT+G4m+B
Alignment sites / patterns: 2695 / 105
Gaps: 0.00 %
Invariant sites: 95.10 %

Partition 2: S
Model: JTT-DCMUT+G4m+B
Alignment sites / patterns: 1273 / 178
Gaps: 0.04 %
Invariant sites: 81.15 %

Partition 3: ORF3a
Model: JTT+G4m+B
Alignment sites / patterns: 275 / 44
Gaps: 0.00 %
Invariant sites: 89.09 %

Partition 4: E
Model: STMTREV+B
Alignment sites / patterns: 75 / 18
Gaps: 0.00 %
Invariant sites: 98.67 %

Partition 5: M
Model: CPREV+B
Alignment sites / patterns: 222 / 23
Gaps: 0.01 %
Invariant sites: 98.65 %

Partition 6: ORF6
Model: STMTREV+B
Alignment sites / patterns: 61 / 22
Gaps: 0.00 %
Invariant sites: 93.44 %

Partition 7: ORF7a
Model: JTT-DCMUT+B
Alignment sites / patterns: 121 / 34
Gaps: 0.00 %
Invariant sites: 85.95 %

Partition 8: ORF8
Model: STMTREV+I+G4m+B
Alignment sites / patterns: 121 / 31
Gaps: 0.00 %
Invariant sites: 90.91 %

Partition 9: N
Model: JTT+B
Alignment sites / patterns: 419 / 43
Gaps: 0.00 %
Invariant sites: 92.60 %

Partition 10: ORF10
Model: STMTREV+B
Alignment sites / patterns: 38 / 18
Gaps: 0.00 %
Invariant sites: 94.74 %


[00:00:00] Generating 9 random starting tree(s) with 89 taxa
[00:00:00] Generating 9 parsimony starting tree(s) with 89 taxa
[00:00:00] Data distribution: max. partitions/sites/weight per thread: 11 / 739 / 36260

Starting ML tree search with 18 distinct starting trees

[00:00:00 -77831.583018] Initial branch length optimization
[00:00:01 -34034.618798] Model parameter optimization (eps = 10.000000)
[00:00:04 -33871.500421] AUTODETECT spr round 1 (radius: 5)
[00:00:13 -33722.150992] AUTODETECT spr round 2 (radius: 10)
[00:00:27 -33598.520041] AUTODETECT spr round 3 (radius: 15)
[00:00:42 -33523.493388] AUTODETECT spr round 4 (radius: 20)
[00:00:55 -33523.492957] SPR radius for FAST iterations: 15 (autodetect)
[00:00:55 -33523.492957] Model parameter optimization (eps = 3.000000)
[00:00:58 -33513.908607] FAST spr round 1 (radius: 15)
[00:01:31 -33454.165692] FAST spr round 2 (radius: 15)
[00:01:58 -33442.466088] FAST spr round 3 (radius: 15)
[00:02:21 -33442.432297] Model parameter optimization (eps = 1.000000)
[00:02:22 -33441.505998] SLOW spr round 1 (radius: 5)
[00:02:45 -33441.505728] SLOW spr round 2 (radius: 10)
[00:03:16 -33441.505592] SLOW spr round 3 (radius: 15)
[00:03:42 -33441.505592] SLOW spr round 4 (radius: 20)
[00:04:00 -33441.505592] SLOW spr round 5 (radius: 25)
[00:04:24 -33441.505592] Model parameter optimization (eps = 0.100000)

[00:04:25] ML tree search #1, logLikelihood: -33441.504166

[00:04:25 -77825.372660] Initial branch length optimization
[00:04:26 -34023.951227] Model parameter optimization (eps = 10.000000)
[00:04:28 -33866.489017] AUTODETECT spr round 1 (radius: 5)
[00:04:37 -33779.141840] AUTODETECT spr round 2 (radius: 10)
[00:04:51 -33654.267515] AUTODETECT spr round 3 (radius: 15)
[00:05:05 -33588.441759] AUTODETECT spr round 4 (radius: 20)
[00:05:18 -33579.633559] AUTODETECT spr round 5 (radius: 25)
[00:05:27 -33579.633558] SPR radius for FAST iterations: 20 (autodetect)
[00:05:27 -33579.633558] Model parameter optimization (eps = 3.000000)
[00:05:29 -33578.887671] FAST spr round 1 (radius: 20)
[00:06:10 -33449.318960] FAST spr round 2 (radius: 20)
[00:06:36 -33449.316235] Model parameter optimization (eps = 1.000000)
[00:06:39 -33441.154343] SLOW spr round 1 (radius: 5)
[00:07:03 -33441.142765] SLOW spr round 2 (radius: 10)
[00:07:31 -33441.141384] SLOW spr round 3 (radius: 15)
[00:07:57 -33441.141373] SLOW spr round 4 (radius: 20)
[00:08:15 -33441.141373] SLOW spr round 5 (radius: 25)
[00:08:36 -33441.141373] Model parameter optimization (eps = 0.100000)

[00:08:37] ML tree search #2, logLikelihood: -33441.140842

[00:08:37 -77819.337015] Initial branch length optimization
[00:08:38 -34008.125824] Model parameter optimization (eps = 10.000000)
[00:08:40 -33852.445562] AUTODETECT spr round 1 (radius: 5)
[00:08:49 -33656.651005] AUTODETECT spr round 2 (radius: 10)
[00:09:04 -33567.878401] AUTODETECT spr round 3 (radius: 15)
[00:09:16 -33488.696996] AUTODETECT spr round 4 (radius: 20)
[00:09:28 -33488.696995] SPR radius for FAST iterations: 15 (autodetect)
[00:09:28 -33488.696995] Model parameter optimization (eps = 3.000000)
[00:09:30 -33478.045892] FAST spr round 1 (radius: 15)
[00:10:01 -33449.966120] FAST spr round 2 (radius: 15)
[00:10:27 -33448.711849] FAST spr round 3 (radius: 15)
[00:10:48 -33440.448589] FAST spr round 4 (radius: 15)
[00:11:09 -33440.448446] Model parameter optimization (eps = 1.000000)
[00:11:10 -33440.367148] SLOW spr round 1 (radius: 5)
[00:11:33 -33440.366998] SLOW spr round 2 (radius: 10)
[00:12:01 -33440.366517] SLOW spr round 3 (radius: 15)
[00:12:26 -33440.366517] SLOW spr round 4 (radius: 20)
[00:12:46 -33440.366517] SLOW spr round 5 (radius: 25)
[00:13:02 -33440.366517] Model parameter optimization (eps = 0.100000)

[00:13:03] ML tree search #3, logLikelihood: -33440.366398

[00:13:03 -77834.042208] Initial branch length optimization
[00:13:03 -34029.604458] Model parameter optimization (eps = 10.000000)
[00:13:06 -33864.967192] AUTODETECT spr round 1 (radius: 5)
[00:13:15 -33759.465766] AUTODETECT spr round 2 (radius: 10)
[00:13:29 -33655.669211] AUTODETECT spr round 3 (radius: 15)
[00:13:46 -33506.706731] AUTODETECT spr round 4 (radius: 20)
[00:13:58 -33477.519338] AUTODETECT spr round 5 (radius: 25)
[00:14:08 -33468.471031] SPR radius for FAST iterations: 25 (autodetect)
[00:14:08 -33468.471031] Model parameter optimization (eps = 3.000000)
[00:14:10 -33457.759308] FAST spr round 1 (radius: 25)
[00:14:48 -33439.867429] FAST spr round 2 (radius: 25)
[00:15:17 -33439.866807] Model parameter optimization (eps = 1.000000)
[00:15:18 -33439.577248] SLOW spr round 1 (radius: 5)
[00:15:39 -33439.574814] SLOW spr round 2 (radius: 10)
[00:16:10 -33439.574691] SLOW spr round 3 (radius: 15)
[00:16:32 -33439.574673] SLOW spr round 4 (radius: 20)
[00:16:51 -33439.574673] SLOW spr round 5 (radius: 25)
[00:17:14 -33439.574673] Model parameter optimization (eps = 0.100000)

[00:17:15] ML tree search #4, logLikelihood: -33439.573798

[00:17:15 -77829.944680] Initial branch length optimization
[00:17:16 -34028.106221] Model parameter optimization (eps = 10.000000)
[00:17:18 -33864.572202] AUTODETECT spr round 1 (radius: 5)
[00:17:27 -33785.036638] AUTODETECT spr round 2 (radius: 10)
[00:17:41 -33619.392828] AUTODETECT spr round 3 (radius: 15)
[00:17:57 -33551.631671] AUTODETECT spr round 4 (radius: 20)
[00:18:11 -33551.631669] SPR radius for FAST iterations: 15 (autodetect)
[00:18:11 -33551.631669] Model parameter optimization (eps = 3.000000)
[00:18:12 -33550.237743] FAST spr round 1 (radius: 15)
[00:18:46 -33447.481296] FAST spr round 2 (radius: 15)
[00:19:12 -33447.478152] Model parameter optimization (eps = 1.000000)
[00:19:15 -33440.415212] SLOW spr round 1 (radius: 5)
[00:19:39 -33440.397338] SLOW spr round 2 (radius: 10)
[00:20:07 -33440.394503] SLOW spr round 3 (radius: 15)
[00:20:30 -33440.394503] SLOW spr round 4 (radius: 20)
[00:20:48 -33440.394503] SLOW spr round 5 (radius: 25)
[00:21:02 -33440.394503] Model parameter optimization (eps = 0.100000)

[00:21:03] ML tree search #5, logLikelihood: -33440.393742

[00:21:03 -77825.827479] Initial branch length optimization
[00:21:04 -34017.210937] Model parameter optimization (eps = 10.000000)
[00:21:07 -33859.148757] AUTODETECT spr round 1 (radius: 5)
[00:21:16 -33718.997704] AUTODETECT spr round 2 (radius: 10)
[00:21:30 -33619.437028] AUTODETECT spr round 3 (radius: 15)
[00:21:45 -33555.850892] AUTODETECT spr round 4 (radius: 20)
[00:21:57 -33555.850884] SPR radius for FAST iterations: 15 (autodetect)
[00:21:57 -33555.850884] Model parameter optimization (eps = 3.000000)
[00:22:00 -33546.768319] FAST spr round 1 (radius: 15)
[00:22:32 -33451.431173] FAST spr round 2 (radius: 15)
[00:22:58 -33451.425619] Model parameter optimization (eps = 1.000000)
[00:22:59 -33450.660646] SLOW spr round 1 (radius: 5)
[00:23:23 -33450.660226] SLOW spr round 2 (radius: 10)
[00:23:52 -33450.660154] SLOW spr round 3 (radius: 15)
[00:24:19 -33450.660133] SLOW spr round 4 (radius: 20)
[00:24:39 -33450.660127] SLOW spr round 5 (radius: 25)
[00:24:54 -33450.660127] Model parameter optimization (eps = 0.100000)

[00:24:55] ML tree search #6, logLikelihood: -33450.659670

[00:24:55 -77824.405744] Initial branch length optimization
[00:24:56 -34026.312242] Model parameter optimization (eps = 10.000000)
[00:24:59 -33866.062185] AUTODETECT spr round 1 (radius: 5)
[00:25:08 -33786.995463] AUTODETECT spr round 2 (radius: 10)
[00:25:22 -33667.926655] AUTODETECT spr round 3 (radius: 15)
[00:25:39 -33538.382627] AUTODETECT spr round 4 (radius: 20)
[00:25:53 -33527.374289] AUTODETECT spr round 5 (radius: 25)
[00:26:02 -33510.204290] SPR radius for FAST iterations: 25 (autodetect)
[00:26:02 -33510.204290] Model parameter optimization (eps = 3.000000)
[00:26:05 -33499.511260] FAST spr round 1 (radius: 25)
[00:26:55 -33441.705215] FAST spr round 2 (radius: 25)
[00:27:23 -33441.699932] Model parameter optimization (eps = 1.000000)
[00:27:24 -33441.088169] SLOW spr round 1 (radius: 5)
[00:27:51 -33441.087570] SLOW spr round 2 (radius: 10)
[00:28:23 -33441.087450] SLOW spr round 3 (radius: 15)
[00:28:50 -33441.087400] SLOW spr round 4 (radius: 20)
[00:29:09 -33441.087400] SLOW spr round 5 (radius: 25)
[00:29:25 -33441.087400] Model parameter optimization (eps = 0.100000)

[00:29:26] ML tree search #7, logLikelihood: -33441.086834

[00:29:26 -77823.333564] Initial branch length optimization
[00:29:27 -34012.825718] Model parameter optimization (eps = 10.000000)
[00:29:30 -33852.945035] AUTODETECT spr round 1 (radius: 5)
[00:29:39 -33736.893318] AUTODETECT spr round 2 (radius: 10)
[00:29:51 -33601.849228] AUTODETECT spr round 3 (radius: 15)
[00:30:05 -33582.642598] AUTODETECT spr round 4 (radius: 20)
[00:30:18 -33582.323947] AUTODETECT spr round 5 (radius: 25)
[00:30:27 -33582.323931] SPR radius for FAST iterations: 20 (autodetect)
[00:30:27 -33582.323931] Model parameter optimization (eps = 3.000000)
[00:30:28 -33581.073389] FAST spr round 1 (radius: 20)
[00:31:11 -33447.544787] FAST spr round 2 (radius: 20)
[00:31:43 -33447.542375] Model parameter optimization (eps = 1.000000)
[00:31:45 -33440.426278] SLOW spr round 1 (radius: 5)
[00:32:08 -33440.411769] SLOW spr round 2 (radius: 10)
[00:32:34 -33440.411231] SLOW spr round 3 (radius: 15)
[00:32:59 -33440.411231] SLOW spr round 4 (radius: 20)
[00:33:23 -33440.411231] SLOW spr round 5 (radius: 25)
[00:33:40 -33440.411231] Model parameter optimization (eps = 0.100000)

[00:33:41] ML tree search #8, logLikelihood: -33440.410729

[00:33:41 -77829.451597] Initial branch length optimization
[00:33:42 -34024.347803] Model parameter optimization (eps = 10.000000)
[00:33:45 -33862.329864] AUTODETECT spr round 1 (radius: 5)
[00:33:54 -33762.593199] AUTODETECT spr round 2 (radius: 10)
[00:34:08 -33637.547990] AUTODETECT spr round 3 (radius: 15)
[00:34:25 -33532.735527] AUTODETECT spr round 4 (radius: 20)
[00:34:37 -33532.735522] SPR radius for FAST iterations: 15 (autodetect)
[00:34:37 -33532.735522] Model parameter optimization (eps = 3.000000)
[00:34:38 -33531.301328] FAST spr round 1 (radius: 15)
[00:35:12 -33447.664410] FAST spr round 2 (radius: 15)
[00:35:36 -33447.661936] Model parameter optimization (eps = 1.000000)
[00:35:39 -33440.395210] SLOW spr round 1 (radius: 5)
[00:36:02 -33440.381529] SLOW spr round 2 (radius: 10)
[00:36:32 -33440.380277] SLOW spr round 3 (radius: 15)
[00:36:58 -33440.380277] SLOW spr round 4 (radius: 20)
[00:37:15 -33440.380277] SLOW spr round 5 (radius: 25)
[00:37:40 -33440.380277] Model parameter optimization (eps = 0.100000)

[00:37:41] ML tree search #9, logLikelihood: -33440.379874

[00:37:41 -77362.639856] Initial branch length optimization
[00:37:42 -33450.235556] Model parameter optimization (eps = 10.000000)
[00:37:45 -33433.794702] AUTODETECT spr round 1 (radius: 5)
[00:37:54 -33433.765800] SPR radius for FAST iterations: 5 (autodetect)
[00:37:54 -33433.765800] Model parameter optimization (eps = 3.000000)
[00:37:55 -33433.765375] FAST spr round 1 (radius: 5)
[00:38:07 -33433.765124] Model parameter optimization (eps = 1.000000)
[00:38:08 -33433.765120] SLOW spr round 1 (radius: 5)
[00:38:32 -33433.764977] SLOW spr round 2 (radius: 10)
[00:38:56 -33433.760156] SLOW spr round 3 (radius: 15)
[00:39:17 -33433.174775] SLOW spr round 4 (radius: 5)
[00:39:40 -33433.174775] SLOW spr round 5 (radius: 10)
[00:40:04 -33433.174775] SLOW spr round 6 (radius: 15)
[00:40:25 -33433.174775] SLOW spr round 7 (radius: 20)
[00:40:43 -33430.028624] SLOW spr round 8 (radius: 5)
[00:41:06 -33430.027393] SLOW spr round 9 (radius: 10)
[00:41:31 -33430.027392] SLOW spr round 10 (radius: 15)
[00:41:53 -33430.027392] SLOW spr round 11 (radius: 20)
[00:42:12 -33430.027392] SLOW spr round 12 (radius: 25)
[00:42:27 -33430.027392] Model parameter optimization (eps = 0.100000)

[00:42:30] ML tree search #10, logLikelihood: -33429.749474

[00:42:30 -77360.604205] Initial branch length optimization
[00:42:31 -33449.186859] Model parameter optimization (eps = 10.000000)
[00:42:34 -33432.744538] AUTODETECT spr round 1 (radius: 5)
[00:42:43 -33432.711554] SPR radius for FAST iterations: 5 (autodetect)
[00:42:43 -33432.711554] Model parameter optimization (eps = 3.000000)
[00:42:44 -33432.711045] FAST spr round 1 (radius: 5)
[00:42:56 -33432.710801] Model parameter optimization (eps = 1.000000)
[00:42:57 -33432.710795] SLOW spr round 1 (radius: 5)
[00:43:20 -33432.710795] SLOW spr round 2 (radius: 10)
[00:43:47 -33432.707745] SLOW spr round 3 (radius: 15)
[00:44:09 -33432.707745] SLOW spr round 4 (radius: 20)
[00:44:27 -33432.707745] SLOW spr round 5 (radius: 25)
[00:44:41 -33432.707745] Model parameter optimization (eps = 0.100000)

[00:44:43] ML tree search #11, logLikelihood: -33432.707745

[00:44:43 -77357.706928] Initial branch length optimization
[00:44:44 -33448.804510] Model parameter optimization (eps = 10.000000)
[00:44:47 -33431.109929] AUTODETECT spr round 1 (radius: 5)
[00:44:56 -33430.496546] AUTODETECT spr round 2 (radius: 10)
[00:45:09 -33430.496294] SPR radius for FAST iterations: 5 (autodetect)
[00:45:09 -33430.496294] Model parameter optimization (eps = 3.000000)
[00:45:10 -33430.495765] FAST spr round 1 (radius: 5)
[00:45:22 -33430.495765] Model parameter optimization (eps = 1.000000)
[00:45:23 -33430.495758] SLOW spr round 1 (radius: 5)
[00:45:46 -33430.495758] SLOW spr round 2 (radius: 10)
[00:46:13 -33430.492035] SLOW spr round 3 (radius: 15)
[00:46:35 -33430.492035] SLOW spr round 4 (radius: 20)
[00:46:56 -33430.492035] SLOW spr round 5 (radius: 25)
[00:47:11 -33430.492035] Model parameter optimization (eps = 0.100000)

[00:47:13] ML tree search #12, logLikelihood: -33430.492035

[00:47:13 -77356.052190] Initial branch length optimization
[00:47:14 -33447.753521] Model parameter optimization (eps = 10.000000)
[00:47:17 -33430.063253] AUTODETECT spr round 1 (radius: 5)
[00:47:26 -33430.033625] SPR radius for FAST iterations: 5 (autodetect)
[00:47:26 -33430.033625] Model parameter optimization (eps = 3.000000)
[00:47:27 -33430.033224] FAST spr round 1 (radius: 5)
[00:47:40 -33430.033203] Model parameter optimization (eps = 1.000000)
[00:47:41 -33430.033200] SLOW spr round 1 (radius: 5)
[00:48:05 -33430.033101] SLOW spr round 2 (radius: 10)
[00:48:33 -33430.025102] SLOW spr round 3 (radius: 15)
[00:48:54 -33430.025102] SLOW spr round 4 (radius: 20)
[00:49:12 -33430.025102] SLOW spr round 5 (radius: 25)
[00:49:26 -33430.025102] Model parameter optimization (eps = 0.100000)

[00:49:27] ML tree search #13, logLikelihood: -33430.025102

[00:49:27 -77360.587619] Initial branch length optimization
[00:49:28 -33449.184841] Model parameter optimization (eps = 10.000000)
[00:49:32 -33432.745306] AUTODETECT spr round 1 (radius: 5)
[00:49:41 -33432.712159] SPR radius for FAST iterations: 5 (autodetect)
[00:49:41 -33432.712159] Model parameter optimization (eps = 3.000000)
[00:49:42 -33432.711728] FAST spr round 1 (radius: 5)
[00:49:55 -33432.710851] Model parameter optimization (eps = 1.000000)
[00:49:56 -33432.710846] SLOW spr round 1 (radius: 5)
[00:50:19 -33432.707795] SLOW spr round 2 (radius: 10)
[00:50:47 -33432.707795] SLOW spr round 3 (radius: 15)
[00:51:11 -33432.707795] SLOW spr round 4 (radius: 20)
[00:51:32 -33432.707795] SLOW spr round 5 (radius: 25)
[00:51:46 -33432.707795] Model parameter optimization (eps = 0.100000)

[00:51:47] ML tree search #14, logLikelihood: -33432.707795

[00:51:47 -77356.035929] Initial branch length optimization
[00:51:48 -33447.753386] Model parameter optimization (eps = 10.000000)
[00:51:51 -33430.063125] AUTODETECT spr round 1 (radius: 5)
[00:52:00 -33430.032896] SPR radius for FAST iterations: 5 (autodetect)
[00:52:00 -33430.032896] Model parameter optimization (eps = 3.000000)
[00:52:01 -33430.032477] FAST spr round 1 (radius: 5)
[00:52:13 -33430.031957] Model parameter optimization (eps = 1.000000)
[00:52:14 -33430.031954] SLOW spr round 1 (radius: 5)
[00:52:35 -33430.031954] SLOW spr round 2 (radius: 10)
[00:52:59 -33430.031954] SLOW spr round 3 (radius: 15)
[00:53:20 -33430.028229] SLOW spr round 4 (radius: 20)
[00:53:37 -33430.028229] SLOW spr round 5 (radius: 25)
[00:53:53 -33430.028229] Model parameter optimization (eps = 0.100000)

[00:53:54] ML tree search #15, logLikelihood: -33430.028229

[00:53:54 -77363.769162] Initial branch length optimization
[00:53:55 -33449.031735] Model parameter optimization (eps = 10.000000)
[00:53:57 -33434.142648] AUTODETECT spr round 1 (radius: 5)
[00:54:06 -33434.114187] SPR radius for FAST iterations: 5 (autodetect)
[00:54:06 -33434.114187] Model parameter optimization (eps = 3.000000)
[00:54:07 -33434.113331] FAST spr round 1 (radius: 5)
[00:54:20 -33434.111793] Model parameter optimization (eps = 1.000000)
[00:54:21 -33434.110920] SLOW spr round 1 (radius: 5)
[00:54:44 -33434.110920] SLOW spr round 2 (radius: 10)
[00:55:09 -33434.110920] SLOW spr round 3 (radius: 15)
[00:55:33 -33434.110920] SLOW spr round 4 (radius: 20)
[00:55:52 -33434.107874] SLOW spr round 5 (radius: 25)
[00:56:09 -33434.107774] Model parameter optimization (eps = 0.100000)

[00:56:11] ML tree search #16, logLikelihood: -33434.106411

[00:56:11 -77355.955548] Initial branch length optimization
[00:56:12 -33447.753290] Model parameter optimization (eps = 10.000000)
[00:56:15 -33430.062993] AUTODETECT spr round 1 (radius: 5)
[00:56:24 -33430.033887] SPR radius for FAST iterations: 5 (autodetect)
[00:56:24 -33430.033887] Model parameter optimization (eps = 3.000000)
[00:56:25 -33430.033458] FAST spr round 1 (radius: 5)
[00:56:37 -33430.033199] Model parameter optimization (eps = 1.000000)
[00:56:38 -33430.033195] SLOW spr round 1 (radius: 5)
[00:57:02 -33430.033076] SLOW spr round 2 (radius: 10)
[00:57:32 -33430.025172] SLOW spr round 3 (radius: 15)
[00:57:54 -33430.025172] SLOW spr round 4 (radius: 20)
[00:58:12 -33430.025172] SLOW spr round 5 (radius: 25)
[00:58:25 -33430.025172] Model parameter optimization (eps = 0.100000)

[00:58:26] ML tree search #17, logLikelihood: -33430.025172

[00:58:26 -77356.050421] Initial branch length optimization
[00:58:27 -33447.753542] Model parameter optimization (eps = 10.000000)
[00:58:31 -33430.063188] AUTODETECT spr round 1 (radius: 5)
[00:58:40 -33430.029431] SPR radius for FAST iterations: 5 (autodetect)
[00:58:40 -33430.029431] Model parameter optimization (eps = 3.000000)
[00:58:41 -33430.029022] FAST spr round 1 (radius: 5)
[00:58:53 -33430.028240] Model parameter optimization (eps = 1.000000)
[00:58:55 -33430.028237] SLOW spr round 1 (radius: 5)
[00:59:18 -33430.028237] SLOW spr round 2 (radius: 10)
[00:59:45 -33430.028037] SLOW spr round 3 (radius: 15)
[01:00:07 -33430.028037] SLOW spr round 4 (radius: 20)
[01:00:24 -33430.028037] SLOW spr round 5 (radius: 25)
[01:00:38 -33430.028037] Model parameter optimization (eps = 0.100000)

[01:00:40] ML tree search #18, logLikelihood: -33430.028037



Final LogLikelihood: -33429.749474

AIC score: 67279.498948 / AICc score: 67288.833265 / BIC score: 68787.382212
Free parameters (model + branch lengths): 210

Best ML tree saved to: /home/hikoyu/analysis/Genome/SARS-CoV-2/phylogeny/RAxML-NG/AA/part/SARS-CoV-2_200314.3.raxml.bestTree
All ML trees saved to: /home/hikoyu/analysis/Genome/SARS-CoV-2/phylogeny/RAxML-NG/AA/part/SARS-CoV-2_200314.3.raxml.mlTrees
Optimized model saved to: /home/hikoyu/analysis/Genome/SARS-CoV-2/phylogeny/RAxML-NG/AA/part/SARS-CoV-2_200314.3.raxml.bestModel

Execution log saved to: /home/hikoyu/analysis/Genome/SARS-CoV-2/phylogeny/RAxML-NG/AA/part/SARS-CoV-2_200314.3.raxml.log

Analysis started: 17-Mar-2020 05:27:24 / finished: 17-Mar-2020 06:28:04

Elapsed time: 3640.266 seconds

