
RAxML-NG v. 0.9.0 released on 20.05.2019 by The Exelixis Lab.
Developed by: Alexey M. Kozlov and Alexandros Stamatakis.
Contributors: Diego Darriba, Tomas Flouri, Benoit Morel, Sarah Lutteropp, Ben Bettisworth.
Latest version: https://github.com/amkozlov/raxml-ng
Questions/problems/suggestions? Please visit: https://groups.google.com/forum/#!forum/raxml

RAxML-NG was called at 17-Mar-2020 14:03:18 as follows:

raxml-ng --threads 1 --bootstrap --bs-trees 83 --seed 4035527600 --prefix phylogeny/RAxML-NG/AA/part/SARS-CoV-2_200314.6 --msa phylogeny/RAxML-NG/AA/part/SARS-CoV-2_200314.raxml.rba --outgroup MG772933.1

Analysis options:
  run mode: Bootstrapping
  start tree(s): 
  bootstrap replicates: 83
  random seed: 4035527600
  tip-inner: OFF
  pattern compression: ON
  per-rate scalers: OFF
  site repeats: ON
  branch lengths: proportional (ML estimate, algorithm: NR-FAST)
  SIMD kernels: AVX2
  parallelization: NONE/sequential

[00:00:00] Loading binary alignment from file: phylogeny/RAxML-NG/AA/part/SARS-CoV-2_200314.raxml.rba
[00:00:00] Alignment comprises 89 taxa, 11 partitions and 739 patterns

Partition 0: orf1ab_U
Model: HIVB+FC+I+B
Alignment sites / patterns: 4405 / 223
Gaps: 0.10 %
Invariant sites: 93.96 %

Partition 1: orf1ab_D
Model: JTT-DCMUT+G4m+B
Alignment sites / patterns: 2695 / 105
Gaps: 0.00 %
Invariant sites: 95.10 %

Partition 2: S
Model: JTT-DCMUT+G4m+B
Alignment sites / patterns: 1273 / 178
Gaps: 0.04 %
Invariant sites: 81.15 %

Partition 3: ORF3a
Model: JTT+G4m+B
Alignment sites / patterns: 275 / 44
Gaps: 0.00 %
Invariant sites: 89.09 %

Partition 4: E
Model: STMTREV+B
Alignment sites / patterns: 75 / 18
Gaps: 0.00 %
Invariant sites: 98.67 %

Partition 5: M
Model: CPREV+B
Alignment sites / patterns: 222 / 23
Gaps: 0.01 %
Invariant sites: 98.65 %

Partition 6: ORF6
Model: STMTREV+B
Alignment sites / patterns: 61 / 22
Gaps: 0.00 %
Invariant sites: 93.44 %

Partition 7: ORF7a
Model: JTT-DCMUT+B
Alignment sites / patterns: 121 / 34
Gaps: 0.00 %
Invariant sites: 85.95 %

Partition 8: ORF8
Model: STMTREV+I+G4m+B
Alignment sites / patterns: 121 / 31
Gaps: 0.00 %
Invariant sites: 90.91 %

Partition 9: N
Model: JTT+B
Alignment sites / patterns: 419 / 43
Gaps: 0.00 %
Invariant sites: 92.60 %

Partition 10: ORF10
Model: STMTREV+B
Alignment sites / patterns: 38 / 18
Gaps: 0.00 %
Invariant sites: 94.74 %


[00:00:00] Data distribution: max. partitions/sites/weight per thread: 11 / 739 / 36260
[00:00:00] Starting bootstrapping analysis with 83 replicates.

[00:04:05] Bootstrap tree #1, logLikelihood: -33281.917257
[00:07:16] Bootstrap tree #2, logLikelihood: -33526.240969
[00:10:43] Bootstrap tree #3, logLikelihood: -33252.346377
[00:14:04] Bootstrap tree #4, logLikelihood: -33399.488099
[00:17:40] Bootstrap tree #5, logLikelihood: -33234.194190
[00:21:26] Bootstrap tree #6, logLikelihood: -33705.069886
[00:24:52] Bootstrap tree #7, logLikelihood: -33316.127361
[00:28:34] Bootstrap tree #8, logLikelihood: -33727.043016
[00:31:39] Bootstrap tree #9, logLikelihood: -33363.955464
[00:34:57] Bootstrap tree #10, logLikelihood: -33586.373936
[00:38:21] Bootstrap tree #11, logLikelihood: -33574.303250
[00:42:00] Bootstrap tree #12, logLikelihood: -33289.584923
[00:45:34] Bootstrap tree #13, logLikelihood: -33270.067755
[00:49:25] Bootstrap tree #14, logLikelihood: -33437.635381
[00:53:10] Bootstrap tree #15, logLikelihood: -33273.836836
[00:56:40] Bootstrap tree #16, logLikelihood: -33239.083444
[01:00:42] Bootstrap tree #17, logLikelihood: -33323.528773
[01:04:19] Bootstrap tree #18, logLikelihood: -33361.076743
[01:08:19] Bootstrap tree #19, logLikelihood: -33216.224264
[01:12:27] Bootstrap tree #20, logLikelihood: -33192.469115
[01:16:33] Bootstrap tree #21, logLikelihood: -33156.600307
[01:20:23] Bootstrap tree #22, logLikelihood: -33335.422699
[01:24:27] Bootstrap tree #23, logLikelihood: -33685.952349
[01:28:18] Bootstrap tree #24, logLikelihood: -33554.777152
[01:32:21] Bootstrap tree #25, logLikelihood: -33393.149278
[01:35:42] Bootstrap tree #26, logLikelihood: -33311.695019
[01:39:00] Bootstrap tree #27, logLikelihood: -33305.185183
[01:42:19] Bootstrap tree #28, logLikelihood: -33439.143310
[01:48:32] Bootstrap tree #29, logLikelihood: -33224.163549
[01:52:03] Bootstrap tree #30, logLikelihood: -33267.658375
[01:58:15] Bootstrap tree #31, logLikelihood: -33316.081757
[02:01:24] Bootstrap tree #32, logLikelihood: -33402.928281
[02:07:05] Bootstrap tree #33, logLikelihood: -33272.116629
[02:10:22] Bootstrap tree #34, logLikelihood: -33571.835838
[02:14:24] Bootstrap tree #35, logLikelihood: -33469.413155
[02:17:58] Bootstrap tree #36, logLikelihood: -33359.217005
[02:22:28] Bootstrap tree #37, logLikelihood: -33086.638590
[02:26:00] Bootstrap tree #38, logLikelihood: -33374.545322
[02:30:05] Bootstrap tree #39, logLikelihood: -33409.900432
[02:35:28] Bootstrap tree #40, logLikelihood: -33396.761328
[02:38:53] Bootstrap tree #41, logLikelihood: -33366.852426
[02:42:09] Bootstrap tree #42, logLikelihood: -33220.020061
[02:46:05] Bootstrap tree #43, logLikelihood: -33561.736867
[02:49:44] Bootstrap tree #44, logLikelihood: -33358.985407
[02:53:13] Bootstrap tree #45, logLikelihood: -33293.012373
[02:56:27] Bootstrap tree #46, logLikelihood: -33552.285661
[03:01:05] Bootstrap tree #47, logLikelihood: -33486.032201
[03:04:36] Bootstrap tree #48, logLikelihood: -33129.464464
[03:09:05] Bootstrap tree #49, logLikelihood: -33727.345846
[03:12:45] Bootstrap tree #50, logLikelihood: -33650.863078
[03:16:56] Bootstrap tree #51, logLikelihood: -33113.648242
[03:20:38] Bootstrap tree #52, logLikelihood: -33642.470620
[03:27:22] Bootstrap tree #53, logLikelihood: -33208.703773
[03:30:58] Bootstrap tree #54, logLikelihood: -33452.099522
[03:34:14] Bootstrap tree #55, logLikelihood: -33272.905400
[03:37:59] Bootstrap tree #56, logLikelihood: -33379.944342
[03:41:37] Bootstrap tree #57, logLikelihood: -33274.508661
[03:44:53] Bootstrap tree #58, logLikelihood: -33637.038545
[03:48:32] Bootstrap tree #59, logLikelihood: -33295.649160
[03:51:55] Bootstrap tree #60, logLikelihood: -33776.905670
[03:56:04] Bootstrap tree #61, logLikelihood: -33623.374653
[03:59:38] Bootstrap tree #62, logLikelihood: -33458.076089
[04:03:21] Bootstrap tree #63, logLikelihood: -33235.423412
[04:06:50] Bootstrap tree #64, logLikelihood: -33769.843199
[04:10:33] Bootstrap tree #65, logLikelihood: -32831.844021
[04:13:55] Bootstrap tree #66, logLikelihood: -33224.812800
[04:17:41] Bootstrap tree #67, logLikelihood: -33345.544628
[04:21:44] Bootstrap tree #68, logLikelihood: -33350.198705
[04:25:58] Bootstrap tree #69, logLikelihood: -33347.105381
[04:32:27] Bootstrap tree #70, logLikelihood: -33229.279188
[04:36:06] Bootstrap tree #71, logLikelihood: -33278.752449
[04:41:30] Bootstrap tree #72, logLikelihood: -33622.199158
[04:44:49] Bootstrap tree #73, logLikelihood: -33396.022172
[04:48:52] Bootstrap tree #74, logLikelihood: -33146.275857
[04:52:13] Bootstrap tree #75, logLikelihood: -33330.485516
[04:56:12] Bootstrap tree #76, logLikelihood: -33295.580148
[05:00:10] Bootstrap tree #77, logLikelihood: -33539.143587
[05:03:46] Bootstrap tree #78, logLikelihood: -33355.183366
[05:07:32] Bootstrap tree #79, logLikelihood: -33151.524560
[05:11:00] Bootstrap tree #80, logLikelihood: -33291.223860
[05:15:11] Bootstrap tree #81, logLikelihood: -33606.478036
[05:20:31] Bootstrap tree #82, logLikelihood: -33123.802364
[05:23:59] Bootstrap tree #83, logLikelihood: -33592.833067

Bootstrap trees saved to: /home/hikoyu/analysis/Genome/SARS-CoV-2/phylogeny/RAxML-NG/AA/part/SARS-CoV-2_200314.6.raxml.bootstraps

Execution log saved to: /home/hikoyu/analysis/Genome/SARS-CoV-2/phylogeny/RAxML-NG/AA/part/SARS-CoV-2_200314.6.raxml.log

Analysis started: 17-Mar-2020 14:03:18 / finished: 17-Mar-2020 19:27:18

Elapsed time: 19439.796 seconds

