
RAxML-NG v. 0.9.0 released on 20.05.2019 by The Exelixis Lab.
Developed by: Alexey M. Kozlov and Alexandros Stamatakis.
Contributors: Diego Darriba, Tomas Flouri, Benoit Morel, Sarah Lutteropp, Ben Bettisworth.
Latest version: https://github.com/amkozlov/raxml-ng
Questions/problems/suggestions? Please visit: https://groups.google.com/forum/#!forum/raxml

RAxML-NG was called at 03-Apr-2020 16:16:20 as follows:

raxml-ng --threads 1 --search --tree rand{8},pars{8} --seed 1157074833 --prefix phylogeny/RAxML-NG/AA/part/SARS-CoV-2_200331.8 --msa phylogeny/RAxML-NG/AA/part/SARS-CoV-2_200331.raxml.rba --outgroup MG772933.1

Analysis options:
  run mode: ML tree search
  start tree(s): random (8) + parsimony (8)
  random seed: 1157074833
  tip-inner: OFF
  pattern compression: ON
  per-rate scalers: OFF
  site repeats: ON
  fast spr radius: AUTO
  spr subtree cutoff: 1.000000
  branch lengths: proportional (ML estimate, algorithm: NR-FAST)
  SIMD kernels: AVX2
  parallelization: NONE/sequential

[00:00:00] Loading binary alignment from file: phylogeny/RAxML-NG/AA/part/SARS-CoV-2_200331.raxml.rba
[00:00:00] Alignment comprises 117 taxa, 11 partitions and 783 patterns

Partition 0: orf1ab_U
Model: HIVB+FC+I+G4m+B
Alignment sites / patterns: 4405 / 247
Gaps: 0.10 %
Invariant sites: 93.26 %

Partition 1: orf1ab_D
Model: STMTREV+FC+I+G4m+B
Alignment sites / patterns: 2696 / 115
Gaps: 0.04 %
Invariant sites: 94.77 %

Partition 2: S
Model: FLU+G4m+B
Alignment sites / patterns: 1273 / 180
Gaps: 0.03 %
Invariant sites: 81.07 %

Partition 3: ORF3a
Model: JTT+I+G4m+B
Alignment sites / patterns: 275 / 46
Gaps: 0.00 %
Invariant sites: 88.36 %

Partition 4: E
Model: STMTREV+B
Alignment sites / patterns: 75 / 18
Gaps: 0.00 %
Invariant sites: 98.67 %

Partition 5: M
Model: CPREV+B
Alignment sites / patterns: 222 / 24
Gaps: 0.00 %
Invariant sites: 98.20 %

Partition 6: ORF6
Model: STMTREV+B
Alignment sites / patterns: 61 / 24
Gaps: 0.00 %
Invariant sites: 90.16 %

Partition 7: ORF7a
Model: JTT-DCMUT+B
Alignment sites / patterns: 121 / 34
Gaps: 0.00 %
Invariant sites: 85.95 %

Partition 8: ORF8
Model: STMTREV+I+G4m+B
Alignment sites / patterns: 121 / 32
Gaps: 0.00 %
Invariant sites: 90.08 %

Partition 9: N
Model: JTT+B
Alignment sites / patterns: 419 / 45
Gaps: 0.00 %
Invariant sites: 92.12 %

Partition 10: ORF10
Model: STMTREV+B
Alignment sites / patterns: 38 / 18
Gaps: 0.00 %
Invariant sites: 94.74 %


[00:00:00] Generating 8 random starting tree(s) with 117 taxa
[00:00:00] Generating 8 parsimony starting tree(s) with 117 taxa
[00:00:00] Data distribution: max. partitions/sites/weight per thread: 11 / 783 / 52860

Starting ML tree search with 16 distinct starting trees

[00:00:00 -70402.621057] Initial branch length optimization
[00:00:01 -35440.257732] Model parameter optimization (eps = 10.000000)
[00:00:11 -35210.642638] AUTODETECT spr round 1 (radius: 5)
[00:00:29 -34754.484828] AUTODETECT spr round 2 (radius: 10)
[00:00:58 -34417.766953] AUTODETECT spr round 3 (radius: 15)
[00:01:31 -34224.553235] AUTODETECT spr round 4 (radius: 20)
[00:01:57 -34193.636499] AUTODETECT spr round 5 (radius: 25)
[00:02:21 -34193.636463] SPR radius for FAST iterations: 20 (autodetect)
[00:02:21 -34193.636463] Model parameter optimization (eps = 3.000000)
[00:02:27 -34088.494147] FAST spr round 1 (radius: 20)
[00:03:41 -34017.041610] FAST spr round 2 (radius: 20)
[00:04:30 -34016.301519] FAST spr round 3 (radius: 20)
[00:05:03 -34016.301498] Model parameter optimization (eps = 1.000000)
[00:05:07 -34015.298392] SLOW spr round 1 (radius: 5)
[00:05:48 -34015.296606] SLOW spr round 2 (radius: 10)
[00:06:37 -34015.296335] SLOW spr round 3 (radius: 15)
[00:07:28 -34015.294680] SLOW spr round 4 (radius: 20)
[00:08:15 -34015.294680] SLOW spr round 5 (radius: 25)
[00:08:47 -34015.294680] Model parameter optimization (eps = 0.100000)

[00:08:48] ML tree search #1, logLikelihood: -34015.294104

[00:08:49 -70430.481543] Initial branch length optimization
[00:08:50 -35496.817171] Model parameter optimization (eps = 10.000000)
[00:08:59 -35249.945345] AUTODETECT spr round 1 (radius: 5)
[00:09:15 -34734.250842] AUTODETECT spr round 2 (radius: 10)
[00:09:41 -34411.167726] AUTODETECT spr round 3 (radius: 15)
[00:10:11 -34283.344753] AUTODETECT spr round 4 (radius: 20)
[00:10:36 -34283.344326] SPR radius for FAST iterations: 15 (autodetect)
[00:10:36 -34283.344326] Model parameter optimization (eps = 3.000000)
[00:10:41 -34174.891432] FAST spr round 1 (radius: 15)
[00:11:35 -34026.831407] FAST spr round 2 (radius: 15)
[00:12:19 -34026.830472] Model parameter optimization (eps = 1.000000)
[00:12:23 -34018.291676] SLOW spr round 1 (radius: 5)
[00:13:06 -34018.273390] SLOW spr round 2 (radius: 10)
[00:13:54 -34018.271518] SLOW spr round 3 (radius: 15)
[00:14:41 -34018.271518] SLOW spr round 4 (radius: 20)
[00:15:29 -34015.610831] SLOW spr round 5 (radius: 5)
[00:16:24 -34015.609955] SLOW spr round 6 (radius: 10)
[00:17:10 -34015.609955] SLOW spr round 7 (radius: 15)
[00:17:56 -34015.609955] SLOW spr round 8 (radius: 20)
[00:18:46 -34015.609955] SLOW spr round 9 (radius: 25)
[00:19:28 -34014.868427] SLOW spr round 10 (radius: 5)
[00:20:25 -34014.867951] SLOW spr round 11 (radius: 10)
[00:21:10 -34014.867951] SLOW spr round 12 (radius: 15)
[00:21:55 -34014.867951] SLOW spr round 13 (radius: 20)
[00:22:41 -34014.867951] SLOW spr round 14 (radius: 25)
[00:23:24 -34014.867951] Model parameter optimization (eps = 0.100000)

[00:23:28] ML tree search #2, logLikelihood: -34014.582469

[00:23:28 -70381.374351] Initial branch length optimization
[00:23:30 -35408.700795] Model parameter optimization (eps = 10.000000)
[00:23:38 -35192.517014] AUTODETECT spr round 1 (radius: 5)
[00:23:56 -34621.877620] AUTODETECT spr round 2 (radius: 10)
[00:24:25 -34365.349852] AUTODETECT spr round 3 (radius: 15)
[00:25:01 -34274.159270] AUTODETECT spr round 4 (radius: 20)
[00:25:27 -34274.159171] SPR radius for FAST iterations: 15 (autodetect)
[00:25:27 -34274.159171] Model parameter optimization (eps = 3.000000)
[00:25:34 -34204.418086] FAST spr round 1 (radius: 15)
[00:26:38 -34093.171600] FAST spr round 2 (radius: 15)
[00:27:22 -34093.170572] Model parameter optimization (eps = 1.000000)
[00:27:24 -34092.186185] SLOW spr round 1 (radius: 5)
[00:28:15 -34092.183661] SLOW spr round 2 (radius: 10)
[00:29:00 -34092.183661] SLOW spr round 3 (radius: 15)
[00:29:45 -34092.183661] SLOW spr round 4 (radius: 20)
[00:30:43 -34023.469456] SLOW spr round 5 (radius: 5)
[00:31:39 -34023.237228] SLOW spr round 6 (radius: 5)
[00:32:25 -34023.236190] SLOW spr round 7 (radius: 10)
[00:33:12 -34022.766441] SLOW spr round 8 (radius: 5)
[00:34:00 -34022.732209] SLOW spr round 9 (radius: 10)
[00:34:53 -34022.731683] SLOW spr round 10 (radius: 15)
[00:35:37 -34022.731683] SLOW spr round 11 (radius: 20)
[00:36:38 -34022.731683] SLOW spr round 12 (radius: 25)
[00:37:20 -34022.731683] Model parameter optimization (eps = 0.100000)

[00:37:25] ML tree search #3, logLikelihood: -34015.498474

[00:37:25 -70384.449226] Initial branch length optimization
[00:37:26 -35397.871306] Model parameter optimization (eps = 10.000000)
[00:37:36 -35180.292340] AUTODETECT spr round 1 (radius: 5)
[00:37:53 -34607.171499] AUTODETECT spr round 2 (radius: 10)
[00:38:20 -34355.944421] AUTODETECT spr round 3 (radius: 15)
[00:38:48 -34260.328694] AUTODETECT spr round 4 (radius: 20)
[00:39:14 -34260.247088] SPR radius for FAST iterations: 15 (autodetect)
[00:39:14 -34260.247088] Model parameter optimization (eps = 3.000000)
[00:39:20 -34202.478323] FAST spr round 1 (radius: 15)
[00:40:19 -34034.475322] FAST spr round 2 (radius: 15)
[00:40:56 -34026.198232] FAST spr round 3 (radius: 15)
[00:41:32 -34026.158490] Model parameter optimization (eps = 1.000000)
[00:41:36 -34015.829864] SLOW spr round 1 (radius: 5)
[00:42:21 -34015.817265] SLOW spr round 2 (radius: 10)
[00:43:13 -34015.816496] SLOW spr round 3 (radius: 15)
[00:43:57 -34015.816496] SLOW spr round 4 (radius: 20)
[00:44:56 -34015.816496] SLOW spr round 5 (radius: 25)
[00:45:32 -34015.816496] Model parameter optimization (eps = 0.100000)

[00:45:34] ML tree search #4, logLikelihood: -34015.815367

[00:45:34 -70406.563400] Initial branch length optimization
[00:45:36 -35441.809692] Model parameter optimization (eps = 10.000000)
[00:45:44 -35215.195978] AUTODETECT spr round 1 (radius: 5)
[00:46:02 -34671.810133] AUTODETECT spr round 2 (radius: 10)
[00:46:31 -34314.524182] AUTODETECT spr round 3 (radius: 15)
[00:47:09 -34252.120243] AUTODETECT spr round 4 (radius: 20)
[00:47:37 -34241.887242] AUTODETECT spr round 5 (radius: 25)
[00:48:04 -34241.887241] SPR radius for FAST iterations: 20 (autodetect)
[00:48:04 -34241.887241] Model parameter optimization (eps = 3.000000)
[00:48:09 -34155.003025] FAST spr round 1 (radius: 20)
[00:49:12 -34023.772090] FAST spr round 2 (radius: 20)
[00:49:52 -34023.771437] Model parameter optimization (eps = 1.000000)
[00:49:57 -34014.662674] SLOW spr round 1 (radius: 5)
[00:50:40 -34014.651557] SLOW spr round 2 (radius: 10)
[00:51:26 -34014.651310] SLOW spr round 3 (radius: 15)
[00:52:14 -34014.651310] SLOW spr round 4 (radius: 20)
[00:53:11 -34014.651310] SLOW spr round 5 (radius: 25)
[00:53:51 -34014.651310] Model parameter optimization (eps = 0.100000)

[00:53:53] ML tree search #5, logLikelihood: -34014.650256

[00:53:53 -70427.514685] Initial branch length optimization
[00:53:54 -35477.357694] Model parameter optimization (eps = 10.000000)
[00:54:03 -35221.988660] AUTODETECT spr round 1 (radius: 5)
[00:54:20 -34750.564350] AUTODETECT spr round 2 (radius: 10)
[00:54:47 -34436.203564] AUTODETECT spr round 3 (radius: 15)
[00:55:19 -34299.058185] AUTODETECT spr round 4 (radius: 20)
[00:55:48 -34261.081497] AUTODETECT spr round 5 (radius: 25)
[00:56:14 -34253.735158] SPR radius for FAST iterations: 25 (autodetect)
[00:56:14 -34253.735158] Model parameter optimization (eps = 3.000000)
[00:56:22 -34064.311791] FAST spr round 1 (radius: 25)
[00:57:41 -34016.602979] FAST spr round 2 (radius: 25)
[00:58:30 -34016.600365] Model parameter optimization (eps = 1.000000)
[00:58:33 -34015.745004] SLOW spr round 1 (radius: 5)
[00:59:25 -34015.744187] SLOW spr round 2 (radius: 10)
[01:00:16 -34015.742612] SLOW spr round 3 (radius: 15)
[01:01:06 -34015.742612] SLOW spr round 4 (radius: 20)
[01:02:01 -34015.001090] SLOW spr round 5 (radius: 5)
[01:03:00 -34015.001075] SLOW spr round 6 (radius: 10)
[01:03:49 -34015.001051] SLOW spr round 7 (radius: 15)
[01:04:52 -34015.001051] SLOW spr round 8 (radius: 20)
[01:05:48 -34015.001051] SLOW spr round 9 (radius: 25)
[01:06:24 -34015.001051] Model parameter optimization (eps = 0.100000)

[01:06:26] ML tree search #6, logLikelihood: -34014.986306

[01:06:26 -70404.966006] Initial branch length optimization
[01:06:28 -35429.364559] Model parameter optimization (eps = 10.000000)
[01:06:36 -35195.010549] AUTODETECT spr round 1 (radius: 5)
[01:06:53 -34696.265593] AUTODETECT spr round 2 (radius: 10)
[01:07:23 -34306.949085] AUTODETECT spr round 3 (radius: 15)
[01:07:54 -34192.435629] AUTODETECT spr round 4 (radius: 20)
[01:08:20 -34192.435048] SPR radius for FAST iterations: 15 (autodetect)
[01:08:20 -34192.435048] Model parameter optimization (eps = 3.000000)
[01:08:26 -34085.417165] FAST spr round 1 (radius: 15)
[01:09:22 -34016.582818] FAST spr round 2 (radius: 15)
[01:09:58 -34016.582701] Model parameter optimization (eps = 1.000000)
[01:10:01 -34015.751591] SLOW spr round 1 (radius: 5)
[01:10:41 -34015.748215] SLOW spr round 2 (radius: 10)
[01:11:31 -34015.747748] SLOW spr round 3 (radius: 15)
[01:12:15 -34015.747747] SLOW spr round 4 (radius: 20)
[01:13:06 -34015.747747] SLOW spr round 5 (radius: 25)
[01:13:45 -34015.747747] Model parameter optimization (eps = 0.100000)

[01:13:47] ML tree search #7, logLikelihood: -34015.746560

[01:13:47 -70433.003728] Initial branch length optimization
[01:13:49 -35495.104028] Model parameter optimization (eps = 10.000000)
[01:13:57 -35233.436189] AUTODETECT spr round 1 (radius: 5)
[01:14:15 -34706.194803] AUTODETECT spr round 2 (radius: 10)
[01:14:40 -34425.971824] AUTODETECT spr round 3 (radius: 15)
[01:15:15 -34318.083423] AUTODETECT spr round 4 (radius: 20)
[01:15:43 -34310.056028] AUTODETECT spr round 5 (radius: 25)
[01:16:05 -34310.056025] SPR radius for FAST iterations: 20 (autodetect)
[01:16:05 -34310.056025] Model parameter optimization (eps = 3.000000)
[01:16:13 -34129.427054] FAST spr round 1 (radius: 20)
[01:17:20 -34018.171259] FAST spr round 2 (radius: 20)
[01:18:06 -34018.170973] Model parameter optimization (eps = 1.000000)
[01:18:10 -34014.983321] SLOW spr round 1 (radius: 5)
[01:18:57 -34014.981709] SLOW spr round 2 (radius: 10)
[01:19:47 -34014.979994] SLOW spr round 3 (radius: 15)
[01:20:34 -34014.979989] SLOW spr round 4 (radius: 20)
[01:21:27 -34014.979989] SLOW spr round 5 (radius: 25)
[01:22:10 -34014.979989] Model parameter optimization (eps = 0.100000)

[01:22:12] ML tree search #8, logLikelihood: -34014.977468

[01:22:12 -69352.251083] Initial branch length optimization
[01:22:13 -34013.686005] Model parameter optimization (eps = 10.000000)
[01:22:16 -34004.052393] AUTODETECT spr round 1 (radius: 5)
[01:22:32 -34003.484589] AUTODETECT spr round 2 (radius: 10)
[01:22:56 -34003.483928] SPR radius for FAST iterations: 5 (autodetect)
[01:22:56 -34003.483928] Model parameter optimization (eps = 3.000000)
[01:22:58 -34003.405001] FAST spr round 1 (radius: 5)
[01:23:23 -34003.402849] Model parameter optimization (eps = 1.000000)
[01:23:25 -34003.386430] SLOW spr round 1 (radius: 5)
[01:24:07 -34003.382712] SLOW spr round 2 (radius: 10)
[01:24:48 -34003.382618] SLOW spr round 3 (radius: 15)
[01:25:26 -34003.382618] SLOW spr round 4 (radius: 20)
[01:26:18 -34003.382618] SLOW spr round 5 (radius: 25)
[01:27:02 -34003.382618] Model parameter optimization (eps = 0.100000)

[01:27:04] ML tree search #9, logLikelihood: -34003.366730

[01:27:04 -69352.850771] Initial branch length optimization
[01:27:06 -34013.689582] Model parameter optimization (eps = 10.000000)
[01:27:08 -34004.055278] AUTODETECT spr round 1 (radius: 5)
[01:27:26 -34003.485450] AUTODETECT spr round 2 (radius: 10)
[01:27:51 -34003.484465] SPR radius for FAST iterations: 5 (autodetect)
[01:27:51 -34003.484465] Model parameter optimization (eps = 3.000000)
[01:27:53 -34003.405335] FAST spr round 1 (radius: 5)
[01:28:17 -34003.403446] Model parameter optimization (eps = 1.000000)
[01:28:19 -34003.386986] SLOW spr round 1 (radius: 5)
[01:29:04 -34003.386758] SLOW spr round 2 (radius: 10)
[01:29:48 -34003.383035] SLOW spr round 3 (radius: 15)
[01:30:28 -34003.383035] SLOW spr round 4 (radius: 20)
[01:31:17 -34003.383035] SLOW spr round 5 (radius: 25)
[01:31:57 -34002.919305] SLOW spr round 6 (radius: 5)
[01:32:52 -34002.919098] SLOW spr round 7 (radius: 10)
[01:33:38 -34002.919098] SLOW spr round 8 (radius: 15)
[01:34:18 -34002.919098] SLOW spr round 9 (radius: 20)
[01:35:05 -34002.919098] SLOW spr round 10 (radius: 25)
[01:35:45 -34002.916118] Model parameter optimization (eps = 0.100000)

[01:35:47] ML tree search #10, logLikelihood: -34002.900230

[01:35:47 -69349.879336] Initial branch length optimization
[01:35:49 -34012.662139] Model parameter optimization (eps = 10.000000)
[01:35:52 -34003.039696] AUTODETECT spr round 1 (radius: 5)
[01:36:08 -34003.021319] SPR radius for FAST iterations: 5 (autodetect)
[01:36:08 -34003.021319] Model parameter optimization (eps = 3.000000)
[01:36:11 -34002.942013] FAST spr round 1 (radius: 5)
[01:36:35 -34002.939746] Model parameter optimization (eps = 1.000000)
[01:36:37 -34002.923306] SLOW spr round 1 (radius: 5)
[01:37:21 -34002.919373] SLOW spr round 2 (radius: 10)
[01:38:04 -34002.919373] SLOW spr round 3 (radius: 15)
[01:38:41 -34002.916392] SLOW spr round 4 (radius: 20)
[01:39:34 -34002.916392] SLOW spr round 5 (radius: 25)
[01:40:19 -34002.916392] Model parameter optimization (eps = 0.100000)

[01:40:21] ML tree search #11, logLikelihood: -34002.900468

[01:40:21 -69352.422059] Initial branch length optimization
[01:40:22 -34014.423376] Model parameter optimization (eps = 10.000000)
[01:40:25 -34005.962384] AUTODETECT spr round 1 (radius: 5)
[01:40:42 -34003.347404] AUTODETECT spr round 2 (radius: 10)
[01:41:07 -34003.347271] SPR radius for FAST iterations: 5 (autodetect)
[01:41:07 -34003.347271] Model parameter optimization (eps = 3.000000)
[01:41:10 -34002.949318] FAST spr round 1 (radius: 5)
[01:41:33 -34002.947038] Model parameter optimization (eps = 1.000000)
[01:41:35 -34002.931963] SLOW spr round 1 (radius: 5)
[01:42:19 -34002.931705] SLOW spr round 2 (radius: 10)
[01:43:07 -34002.926914] SLOW spr round 3 (radius: 15)
[01:43:43 -34002.926914] SLOW spr round 4 (radius: 20)
[01:44:28 -34002.923935] SLOW spr round 5 (radius: 25)
[01:45:09 -34002.923935] Model parameter optimization (eps = 0.100000)

[01:45:11] ML tree search #12, logLikelihood: -34002.907453

[01:45:11 -69351.821747] Initial branch length optimization
[01:45:12 -34014.424991] Model parameter optimization (eps = 10.000000)
[01:45:15 -34005.958748] AUTODETECT spr round 1 (radius: 5)
[01:45:32 -34005.941757] SPR radius for FAST iterations: 5 (autodetect)
[01:45:32 -34005.941757] Model parameter optimization (eps = 3.000000)
[01:45:34 -34005.864707] FAST spr round 1 (radius: 5)
[01:46:01 -34005.862083] Model parameter optimization (eps = 1.000000)
[01:46:02 -34005.855353] SLOW spr round 1 (radius: 5)
[01:46:46 -34005.851441] SLOW spr round 2 (radius: 10)
[01:47:29 -34005.851441] SLOW spr round 3 (radius: 15)
[01:48:08 -34002.454381] SLOW spr round 4 (radius: 5)
[01:48:59 -34002.452650] SLOW spr round 5 (radius: 10)
[01:49:41 -34002.452650] SLOW spr round 6 (radius: 15)
[01:50:19 -34002.452650] SLOW spr round 7 (radius: 20)
[01:51:05 -34002.452650] SLOW spr round 8 (radius: 25)
[01:51:49 -34002.452650] Model parameter optimization (eps = 0.100000)

[01:51:53] ML tree search #13, logLikelihood: -34002.161604

[01:51:53 -69350.472484] Initial branch length optimization
[01:51:55 -34012.661073] Model parameter optimization (eps = 10.000000)
[01:51:57 -34003.043474] AUTODETECT spr round 1 (radius: 5)
[01:52:14 -34003.022436] SPR radius for FAST iterations: 5 (autodetect)
[01:52:14 -34003.022436] Model parameter optimization (eps = 3.000000)
[01:52:16 -34002.943560] FAST spr round 1 (radius: 5)
[01:52:43 -34002.941449] Model parameter optimization (eps = 1.000000)
[01:52:44 -34002.925026] SLOW spr round 1 (radius: 5)
[01:53:29 -34002.924686] SLOW spr round 2 (radius: 10)
[01:54:16 -34002.919960] SLOW spr round 3 (radius: 15)
[01:54:55 -34002.919960] SLOW spr round 4 (radius: 20)
[01:55:45 -34002.916980] SLOW spr round 5 (radius: 25)
[01:56:25 -34002.916980] Model parameter optimization (eps = 0.100000)

[01:56:27] ML tree search #14, logLikelihood: -34002.901057

[01:56:27 -69350.480383] Initial branch length optimization
[01:56:28 -34012.659130] Model parameter optimization (eps = 10.000000)
[01:56:31 -34003.043208] AUTODETECT spr round 1 (radius: 5)
[01:56:49 -34003.014802] SPR radius for FAST iterations: 5 (autodetect)
[01:56:49 -34003.014802] Model parameter optimization (eps = 3.000000)
[01:56:51 -34002.936338] FAST spr round 1 (radius: 5)
[01:57:19 -34002.933862] Model parameter optimization (eps = 1.000000)
[01:57:21 -34002.917974] SLOW spr round 1 (radius: 5)
[01:58:06 -34002.917711] SLOW spr round 2 (radius: 10)
[01:58:54 -34002.917711] SLOW spr round 3 (radius: 15)
[01:59:34 -34002.917711] SLOW spr round 4 (radius: 20)
[02:00:23 -34002.917711] SLOW spr round 5 (radius: 25)
[02:01:02 -34002.917711] Model parameter optimization (eps = 0.100000)

[02:01:03] ML tree search #15, logLikelihood: -34002.901745

[02:01:04 -69351.821292] Initial branch length optimization
[02:01:05 -34014.426409] Model parameter optimization (eps = 10.000000)
[02:01:08 -34005.959879] AUTODETECT spr round 1 (radius: 5)
[02:01:26 -34005.942130] SPR radius for FAST iterations: 5 (autodetect)
[02:01:26 -34005.942130] Model parameter optimization (eps = 3.000000)
[02:01:28 -34005.864903] FAST spr round 1 (radius: 5)
[02:01:54 -34005.862214] Model parameter optimization (eps = 1.000000)
[02:01:56 -34005.855488] SLOW spr round 1 (radius: 5)
[02:02:39 -34005.851558] SLOW spr round 2 (radius: 10)
[02:03:29 -34005.848376] SLOW spr round 3 (radius: 15)
[02:04:07 -34003.195913] SLOW spr round 4 (radius: 5)
[02:04:59 -34003.194176] SLOW spr round 5 (radius: 10)
[02:05:47 -34003.194176] SLOW spr round 6 (radius: 15)
[02:06:24 -34003.194176] SLOW spr round 7 (radius: 20)
[02:07:15 -34003.194176] SLOW spr round 8 (radius: 25)
[02:07:50 -34003.194176] Model parameter optimization (eps = 0.100000)

[02:07:54] ML tree search #16, logLikelihood: -34002.902837



Final LogLikelihood: -34002.161604

AIC score: 68580.323208 / AICc score: 68598.000175 / BIC score: 70648.307072
Free parameters (model + branch lengths): 288

Best ML tree saved to: /home/hikoyu/analysis/Genome/SARS-CoV-2/phylogeny/RAxML-NG/AA/part/SARS-CoV-2_200331.8.raxml.bestTree
All ML trees saved to: /home/hikoyu/analysis/Genome/SARS-CoV-2/phylogeny/RAxML-NG/AA/part/SARS-CoV-2_200331.8.raxml.mlTrees
Optimized model saved to: /home/hikoyu/analysis/Genome/SARS-CoV-2/phylogeny/RAxML-NG/AA/part/SARS-CoV-2_200331.8.raxml.bestModel

Execution log saved to: /home/hikoyu/analysis/Genome/SARS-CoV-2/phylogeny/RAxML-NG/AA/part/SARS-CoV-2_200331.8.raxml.log

Analysis started: 03-Apr-2020 16:16:20 / finished: 03-Apr-2020 18:24:15

Elapsed time: 7674.658 seconds

