
RAxML-NG v. 0.9.0 released on 20.05.2019 by The Exelixis Lab.
Developed by: Alexey M. Kozlov and Alexandros Stamatakis.
Contributors: Diego Darriba, Tomas Flouri, Benoit Morel, Sarah Lutteropp, Ben Bettisworth.
Latest version: https://github.com/amkozlov/raxml-ng
Questions/problems/suggestions? Please visit: https://groups.google.com/forum/#!forum/raxml

RAxML-NG was called at 17-Mar-2020 19:27:18 as follows:

raxml-ng --threads 1 --bootstrap --bs-trees 83 --seed 3932484740 --prefix phylogeny/RAxML-NG/AA/part/SARS-CoV-2_200314.10 --msa phylogeny/RAxML-NG/AA/part/SARS-CoV-2_200314.raxml.rba --outgroup MG772933.1

Analysis options:
  run mode: Bootstrapping
  start tree(s): 
  bootstrap replicates: 83
  random seed: 3932484740
  tip-inner: OFF
  pattern compression: ON
  per-rate scalers: OFF
  site repeats: ON
  branch lengths: proportional (ML estimate, algorithm: NR-FAST)
  SIMD kernels: AVX2
  parallelization: NONE/sequential

[00:00:00] Loading binary alignment from file: phylogeny/RAxML-NG/AA/part/SARS-CoV-2_200314.raxml.rba
[00:00:00] Alignment comprises 89 taxa, 11 partitions and 739 patterns

Partition 0: orf1ab_U
Model: HIVB+FC+I+B
Alignment sites / patterns: 4405 / 223
Gaps: 0.10 %
Invariant sites: 93.96 %

Partition 1: orf1ab_D
Model: JTT-DCMUT+G4m+B
Alignment sites / patterns: 2695 / 105
Gaps: 0.00 %
Invariant sites: 95.10 %

Partition 2: S
Model: JTT-DCMUT+G4m+B
Alignment sites / patterns: 1273 / 178
Gaps: 0.04 %
Invariant sites: 81.15 %

Partition 3: ORF3a
Model: JTT+G4m+B
Alignment sites / patterns: 275 / 44
Gaps: 0.00 %
Invariant sites: 89.09 %

Partition 4: E
Model: STMTREV+B
Alignment sites / patterns: 75 / 18
Gaps: 0.00 %
Invariant sites: 98.67 %

Partition 5: M
Model: CPREV+B
Alignment sites / patterns: 222 / 23
Gaps: 0.01 %
Invariant sites: 98.65 %

Partition 6: ORF6
Model: STMTREV+B
Alignment sites / patterns: 61 / 22
Gaps: 0.00 %
Invariant sites: 93.44 %

Partition 7: ORF7a
Model: JTT-DCMUT+B
Alignment sites / patterns: 121 / 34
Gaps: 0.00 %
Invariant sites: 85.95 %

Partition 8: ORF8
Model: STMTREV+I+G4m+B
Alignment sites / patterns: 121 / 31
Gaps: 0.00 %
Invariant sites: 90.91 %

Partition 9: N
Model: JTT+B
Alignment sites / patterns: 419 / 43
Gaps: 0.00 %
Invariant sites: 92.60 %

Partition 10: ORF10
Model: STMTREV+B
Alignment sites / patterns: 38 / 18
Gaps: 0.00 %
Invariant sites: 94.74 %


[00:00:00] Data distribution: max. partitions/sites/weight per thread: 11 / 739 / 36260
[00:00:00] Starting bootstrapping analysis with 83 replicates.

[00:04:01] Bootstrap tree #1, logLikelihood: -33537.378070
[00:07:41] Bootstrap tree #2, logLikelihood: -33309.478203
[00:11:15] Bootstrap tree #3, logLikelihood: -33654.789522
[00:14:54] Bootstrap tree #4, logLikelihood: -33169.247586
[00:19:11] Bootstrap tree #5, logLikelihood: -33450.306441
[00:23:04] Bootstrap tree #6, logLikelihood: -33139.003872
[00:26:38] Bootstrap tree #7, logLikelihood: -33354.147127
[00:30:15] Bootstrap tree #8, logLikelihood: -33325.072290
[00:34:21] Bootstrap tree #9, logLikelihood: -33493.114806
[00:37:50] Bootstrap tree #10, logLikelihood: -33120.809604
[00:41:48] Bootstrap tree #11, logLikelihood: -33407.632837
[00:46:00] Bootstrap tree #12, logLikelihood: -33378.072111
[00:49:09] Bootstrap tree #13, logLikelihood: -33465.790206
[00:53:18] Bootstrap tree #14, logLikelihood: -33243.958758
[00:57:00] Bootstrap tree #15, logLikelihood: -33298.869855
[01:01:01] Bootstrap tree #16, logLikelihood: -33467.931204
[01:06:53] Bootstrap tree #17, logLikelihood: -33232.463024
[01:10:13] Bootstrap tree #18, logLikelihood: -33372.833162
[01:13:38] Bootstrap tree #19, logLikelihood: -33685.026378
[01:17:46] Bootstrap tree #20, logLikelihood: -33641.911954
[01:21:16] Bootstrap tree #21, logLikelihood: -33539.770482
[01:24:29] Bootstrap tree #22, logLikelihood: -33290.136180
[01:29:09] Bootstrap tree #23, logLikelihood: -33340.869154
[01:32:54] Bootstrap tree #24, logLikelihood: -33178.003104
[01:36:59] Bootstrap tree #25, logLikelihood: -33156.011343
[01:41:17] Bootstrap tree #26, logLikelihood: -33504.330066
[01:47:48] Bootstrap tree #27, logLikelihood: -33288.359803
[01:51:11] Bootstrap tree #28, logLikelihood: -33141.588655
[01:54:56] Bootstrap tree #29, logLikelihood: -33722.141015
[01:57:43] Bootstrap tree #30, logLikelihood: -33249.080123
[02:04:44] Bootstrap tree #31, logLikelihood: -33440.570079
[02:14:39] Bootstrap tree #32, logLikelihood: -33324.969710
[02:18:21] Bootstrap tree #33, logLikelihood: -33380.799650
[02:21:35] Bootstrap tree #34, logLikelihood: -33322.441015
[02:25:39] Bootstrap tree #35, logLikelihood: -33702.675657
[02:29:40] Bootstrap tree #36, logLikelihood: -33480.101917
[02:35:06] Bootstrap tree #37, logLikelihood: -33302.176381
[02:39:19] Bootstrap tree #38, logLikelihood: -33284.654681
[02:42:43] Bootstrap tree #39, logLikelihood: -33251.078968
[02:46:48] Bootstrap tree #40, logLikelihood: -33414.708866
[02:50:56] Bootstrap tree #41, logLikelihood: -33606.563627
[02:54:32] Bootstrap tree #42, logLikelihood: -33385.807008
[02:57:45] Bootstrap tree #43, logLikelihood: -33608.690803
[03:01:21] Bootstrap tree #44, logLikelihood: -33536.507645
[03:05:34] Bootstrap tree #45, logLikelihood: -33560.716503
[03:09:13] Bootstrap tree #46, logLikelihood: -33347.272126
[03:13:00] Bootstrap tree #47, logLikelihood: -33405.577114
[03:17:17] Bootstrap tree #48, logLikelihood: -33553.874447
[03:20:50] Bootstrap tree #49, logLikelihood: -33411.894213
[03:24:42] Bootstrap tree #50, logLikelihood: -33874.716059
[03:28:28] Bootstrap tree #51, logLikelihood: -33707.929246
[03:32:05] Bootstrap tree #52, logLikelihood: -33457.283452
[03:35:37] Bootstrap tree #53, logLikelihood: -33102.734503
[03:39:13] Bootstrap tree #54, logLikelihood: -33346.437385
[03:45:19] Bootstrap tree #55, logLikelihood: -32964.883188
[03:48:41] Bootstrap tree #56, logLikelihood: -33287.237698
[03:52:53] Bootstrap tree #57, logLikelihood: -33356.371925
[03:56:24] Bootstrap tree #58, logLikelihood: -33234.676741
[04:00:36] Bootstrap tree #59, logLikelihood: -33526.769806
[04:03:58] Bootstrap tree #60, logLikelihood: -33350.396947
[04:08:00] Bootstrap tree #61, logLikelihood: -33316.038880
[04:11:04] Bootstrap tree #62, logLikelihood: -33264.181667
[04:15:09] Bootstrap tree #63, logLikelihood: -33600.342165
[04:18:32] Bootstrap tree #64, logLikelihood: -33392.420866
[04:22:13] Bootstrap tree #65, logLikelihood: -33692.901096
[04:25:49] Bootstrap tree #66, logLikelihood: -33177.883987
[04:29:30] Bootstrap tree #67, logLikelihood: -33415.865855
[04:32:37] Bootstrap tree #68, logLikelihood: -33189.042915
[04:36:01] Bootstrap tree #69, logLikelihood: -33267.321630
[04:39:21] Bootstrap tree #70, logLikelihood: -33341.847019
[04:42:51] Bootstrap tree #71, logLikelihood: -33661.125718
[04:46:06] Bootstrap tree #72, logLikelihood: -33801.024055
[04:53:35] Bootstrap tree #73, logLikelihood: -33198.099923
[05:00:11] Bootstrap tree #74, logLikelihood: -33437.423896
[05:03:37] Bootstrap tree #75, logLikelihood: -33318.780286
[05:07:05] Bootstrap tree #76, logLikelihood: -33062.331865
[05:10:17] Bootstrap tree #77, logLikelihood: -33081.988540
[05:13:29] Bootstrap tree #78, logLikelihood: -33389.700411
[05:16:16] Bootstrap tree #79, logLikelihood: -33630.777208
[05:19:58] Bootstrap tree #80, logLikelihood: -33328.514639
[05:22:40] Bootstrap tree #81, logLikelihood: -33505.888480
[05:25:53] Bootstrap tree #82, logLikelihood: -33419.247323
[05:28:32] Bootstrap tree #83, logLikelihood: -33665.020954

Bootstrap trees saved to: /home/hikoyu/analysis/Genome/SARS-CoV-2/phylogeny/RAxML-NG/AA/part/SARS-CoV-2_200314.10.raxml.bootstraps

Execution log saved to: /home/hikoyu/analysis/Genome/SARS-CoV-2/phylogeny/RAxML-NG/AA/part/SARS-CoV-2_200314.10.raxml.log

Analysis started: 17-Mar-2020 19:27:18 / finished: 18-Mar-2020 00:55:51

Elapsed time: 19712.888 seconds

