
RAxML-NG v. 0.9.0 released on 20.05.2019 by The Exelixis Lab.
Developed by: Alexey M. Kozlov and Alexandros Stamatakis.
Contributors: Diego Darriba, Tomas Flouri, Benoit Morel, Sarah Lutteropp, Ben Bettisworth.
Latest version: https://github.com/amkozlov/raxml-ng
Questions/problems/suggestions? Please visit: https://groups.google.com/forum/#!forum/raxml

RAxML-NG was called at 11-Mar-2020 22:18:37 as follows:

raxml-ng --threads 1 --bootstrap --bs-trees 83 --seed 1168371116 --prefix phylogeny/RAxML-NG/AA/part/SARS-CoV-2_200311.9 --msa phylogeny/RAxML-NG/AA/part/SARS-CoV-2_200311.raxml.rba --outgroup MG772933.1

Analysis options:
  run mode: Bootstrapping
  start tree(s): 
  bootstrap replicates: 83
  random seed: 1168371116
  tip-inner: OFF
  pattern compression: ON
  per-rate scalers: OFF
  site repeats: ON
  branch lengths: proportional (ML estimate, algorithm: NR-FAST)
  SIMD kernels: AVX2
  parallelization: NONE/sequential

[00:00:00] Loading binary alignment from file: phylogeny/RAxML-NG/AA/part/SARS-CoV-2_200311.raxml.rba
[00:00:00] Alignment comprises 64 taxa, 11 partitions and 723 patterns

Partition 0: orf1ab_U
Model: HIVB+FC+I+B
Alignment sites / patterns: 4405 / 211
Gaps: 0.10 %
Invariant sites: 94.21 %

Partition 1: orf1ab_D
Model: JTT-DCMUT+B
Alignment sites / patterns: 2695 / 104
Gaps: 0.00 %
Invariant sites: 95.14 %

Partition 2: S
Model: JTT-DCMUT+G4m+B
Alignment sites / patterns: 1273 / 176
Gaps: 0.05 %
Invariant sites: 81.30 %

Partition 3: ORF3a
Model: JTT+B
Alignment sites / patterns: 275 / 44
Gaps: 0.00 %
Invariant sites: 89.09 %

Partition 4: E
Model: STMTREV+B
Alignment sites / patterns: 75 / 18
Gaps: 0.00 %
Invariant sites: 98.67 %

Partition 5: M
Model: CPREV+B
Alignment sites / patterns: 222 / 23
Gaps: 0.01 %
Invariant sites: 98.65 %

Partition 6: ORF6
Model: STMTREV+B
Alignment sites / patterns: 61 / 22
Gaps: 0.00 %
Invariant sites: 93.44 %

Partition 7: ORF7a
Model: JTT-DCMUT+B
Alignment sites / patterns: 121 / 34
Gaps: 0.00 %
Invariant sites: 85.95 %

Partition 8: ORF8
Model: STMTREV+I+G4m+B
Alignment sites / patterns: 121 / 31
Gaps: 0.00 %
Invariant sites: 90.91 %

Partition 9: N
Model: JTT+B
Alignment sites / patterns: 419 / 42
Gaps: 0.00 %
Invariant sites: 92.84 %

Partition 10: ORF10
Model: STMTREV+B
Alignment sites / patterns: 38 / 18
Gaps: 0.00 %
Invariant sites: 94.74 %


[00:00:00] Data distribution: max. partitions/sites/weight per thread: 11 / 723 / 26880
[00:00:00] Starting bootstrapping analysis with 83 replicates.

[00:01:16] Bootstrap tree #1, logLikelihood: -33397.799702
[00:02:49] Bootstrap tree #2, logLikelihood: -33279.933932
[00:04:26] Bootstrap tree #3, logLikelihood: -33708.489141
[00:05:46] Bootstrap tree #4, logLikelihood: -33120.268755
[00:07:15] Bootstrap tree #5, logLikelihood: -33083.069726
[00:08:58] Bootstrap tree #6, logLikelihood: -33104.183819
[00:10:40] Bootstrap tree #7, logLikelihood: -33153.323544
[00:12:21] Bootstrap tree #8, logLikelihood: -33200.455441
[00:13:46] Bootstrap tree #9, logLikelihood: -33391.259906
[00:15:21] Bootstrap tree #10, logLikelihood: -33147.899870
[00:16:51] Bootstrap tree #11, logLikelihood: -33178.002339
[00:18:13] Bootstrap tree #12, logLikelihood: -33030.203429
[00:19:29] Bootstrap tree #13, logLikelihood: -32911.150005
[00:21:33] Bootstrap tree #14, logLikelihood: -33081.519580
[00:23:05] Bootstrap tree #15, logLikelihood: -33307.767739
[00:24:42] Bootstrap tree #16, logLikelihood: -33167.167926
[00:26:14] Bootstrap tree #17, logLikelihood: -33221.009842
[00:28:21] Bootstrap tree #18, logLikelihood: -33095.583400
[00:29:43] Bootstrap tree #19, logLikelihood: -32870.017591
[00:31:05] Bootstrap tree #20, logLikelihood: -32967.243179
[00:32:47] Bootstrap tree #21, logLikelihood: -33432.820629
[00:34:14] Bootstrap tree #22, logLikelihood: -33270.729411
[00:36:04] Bootstrap tree #23, logLikelihood: -33331.060644
[00:37:42] Bootstrap tree #24, logLikelihood: -33150.872632
[00:39:19] Bootstrap tree #25, logLikelihood: -33221.741230
[00:41:17] Bootstrap tree #26, logLikelihood: -33120.077896
[00:42:51] Bootstrap tree #27, logLikelihood: -33327.907802
[00:44:28] Bootstrap tree #28, logLikelihood: -33409.784213
[00:45:55] Bootstrap tree #29, logLikelihood: -33088.974739
[00:47:22] Bootstrap tree #30, logLikelihood: -32913.294020
[00:48:41] Bootstrap tree #31, logLikelihood: -33122.080830
[00:49:58] Bootstrap tree #32, logLikelihood: -33290.537891
[00:51:44] Bootstrap tree #33, logLikelihood: -33118.125706
[00:53:55] Bootstrap tree #34, logLikelihood: -33068.727897
[00:55:29] Bootstrap tree #35, logLikelihood: -33362.932071
[00:56:57] Bootstrap tree #36, logLikelihood: -32955.625347
[00:59:15] Bootstrap tree #37, logLikelihood: -33128.892527
[01:00:54] Bootstrap tree #38, logLikelihood: -32930.196798
[01:02:20] Bootstrap tree #39, logLikelihood: -33334.806153
[01:03:48] Bootstrap tree #40, logLikelihood: -33353.754506
[01:05:40] Bootstrap tree #41, logLikelihood: -33282.341776
[01:07:25] Bootstrap tree #42, logLikelihood: -33224.725211
[01:09:52] Bootstrap tree #43, logLikelihood: -33379.074101
[01:11:08] Bootstrap tree #44, logLikelihood: -33307.154104
[01:12:41] Bootstrap tree #45, logLikelihood: -32930.718676
[01:14:14] Bootstrap tree #46, logLikelihood: -33282.065673
[01:15:48] Bootstrap tree #47, logLikelihood: -33035.881032
[01:17:17] Bootstrap tree #48, logLikelihood: -32964.162846
[01:18:56] Bootstrap tree #49, logLikelihood: -33269.608175
[01:20:28] Bootstrap tree #50, logLikelihood: -33063.427621
[01:21:59] Bootstrap tree #51, logLikelihood: -33323.207475
[01:23:15] Bootstrap tree #52, logLikelihood: -33371.502669
[01:24:42] Bootstrap tree #53, logLikelihood: -33075.293348
[01:26:12] Bootstrap tree #54, logLikelihood: -33101.025171
[01:27:44] Bootstrap tree #55, logLikelihood: -33200.976303
[01:29:18] Bootstrap tree #56, logLikelihood: -33437.694421
[01:30:58] Bootstrap tree #57, logLikelihood: -33070.049335
[01:32:24] Bootstrap tree #58, logLikelihood: -33401.428836
[01:33:52] Bootstrap tree #59, logLikelihood: -33113.383977
[01:35:15] Bootstrap tree #60, logLikelihood: -33157.830528
[01:36:35] Bootstrap tree #61, logLikelihood: -33284.698932
[01:38:08] Bootstrap tree #62, logLikelihood: -33414.665365
[01:39:37] Bootstrap tree #63, logLikelihood: -33163.772050
[01:41:14] Bootstrap tree #64, logLikelihood: -33071.966808
[01:44:02] Bootstrap tree #65, logLikelihood: -33052.209116
[01:46:23] Bootstrap tree #66, logLikelihood: -33031.873604
[01:47:58] Bootstrap tree #67, logLikelihood: -33450.755440
[01:49:29] Bootstrap tree #68, logLikelihood: -33371.130277
[01:50:48] Bootstrap tree #69, logLikelihood: -33124.715204
[01:52:09] Bootstrap tree #70, logLikelihood: -33181.188940
[01:54:00] Bootstrap tree #71, logLikelihood: -33379.127208
[01:55:36] Bootstrap tree #72, logLikelihood: -33297.563330
[01:56:47] Bootstrap tree #73, logLikelihood: -33124.923641
[01:58:29] Bootstrap tree #74, logLikelihood: -33264.067803
[02:00:03] Bootstrap tree #75, logLikelihood: -33057.262012
[02:01:38] Bootstrap tree #76, logLikelihood: -33081.422892
[02:03:11] Bootstrap tree #77, logLikelihood: -33081.483995
[02:04:41] Bootstrap tree #78, logLikelihood: -33330.706809
[02:05:58] Bootstrap tree #79, logLikelihood: -33171.162760
[02:07:21] Bootstrap tree #80, logLikelihood: -33283.650141
[02:09:04] Bootstrap tree #81, logLikelihood: -33021.396494
[02:11:34] Bootstrap tree #82, logLikelihood: -33576.469520
[02:13:20] Bootstrap tree #83, logLikelihood: -33145.107374

Bootstrap trees saved to: /home/hikoyu/analysis/Genome/SARS-CoV-2/phylogeny/RAxML-NG/AA/part/SARS-CoV-2_200311.9.raxml.bootstraps

Execution log saved to: /home/hikoyu/analysis/Genome/SARS-CoV-2/phylogeny/RAxML-NG/AA/part/SARS-CoV-2_200311.9.raxml.log

Analysis started: 11-Mar-2020 22:18:37 / finished: 12-Mar-2020 00:31:58

Elapsed time: 8001.029 seconds

