
RAxML-NG v. 0.9.0 released on 20.05.2019 by The Exelixis Lab.
Developed by: Alexey M. Kozlov and Alexandros Stamatakis.
Contributors: Diego Darriba, Tomas Flouri, Benoit Morel, Sarah Lutteropp, Ben Bettisworth.
Latest version: https://github.com/amkozlov/raxml-ng
Questions/problems/suggestions? Please visit: https://groups.google.com/forum/#!forum/raxml

RAxML-NG was called at 11-Mar-2020 16:24:39 as follows:

raxml-ng --threads 1 --search --tree rand{9},pars{9} --seed 4008379091 --prefix phylogeny/RAxML-NG/AA/part/SARS-CoV-2_200311.2 --msa phylogeny/RAxML-NG/AA/part/SARS-CoV-2_200311.raxml.rba --outgroup MG772933.1

Analysis options:
  run mode: ML tree search
  start tree(s): random (9) + parsimony (9)
  random seed: 4008379091
  tip-inner: OFF
  pattern compression: ON
  per-rate scalers: OFF
  site repeats: ON
  fast spr radius: AUTO
  spr subtree cutoff: 1.000000
  branch lengths: proportional (ML estimate, algorithm: NR-FAST)
  SIMD kernels: AVX2
  parallelization: NONE/sequential

[00:00:00] Loading binary alignment from file: phylogeny/RAxML-NG/AA/part/SARS-CoV-2_200311.raxml.rba
[00:00:00] Alignment comprises 64 taxa, 11 partitions and 723 patterns

Partition 0: orf1ab_U
Model: HIVB+FC+I+B
Alignment sites / patterns: 4405 / 211
Gaps: 0.10 %
Invariant sites: 94.21 %

Partition 1: orf1ab_D
Model: JTT-DCMUT+B
Alignment sites / patterns: 2695 / 104
Gaps: 0.00 %
Invariant sites: 95.14 %

Partition 2: S
Model: JTT-DCMUT+G4m+B
Alignment sites / patterns: 1273 / 176
Gaps: 0.05 %
Invariant sites: 81.30 %

Partition 3: ORF3a
Model: JTT+B
Alignment sites / patterns: 275 / 44
Gaps: 0.00 %
Invariant sites: 89.09 %

Partition 4: E
Model: STMTREV+B
Alignment sites / patterns: 75 / 18
Gaps: 0.00 %
Invariant sites: 98.67 %

Partition 5: M
Model: CPREV+B
Alignment sites / patterns: 222 / 23
Gaps: 0.01 %
Invariant sites: 98.65 %

Partition 6: ORF6
Model: STMTREV+B
Alignment sites / patterns: 61 / 22
Gaps: 0.00 %
Invariant sites: 93.44 %

Partition 7: ORF7a
Model: JTT-DCMUT+B
Alignment sites / patterns: 121 / 34
Gaps: 0.00 %
Invariant sites: 85.95 %

Partition 8: ORF8
Model: STMTREV+I+G4m+B
Alignment sites / patterns: 121 / 31
Gaps: 0.00 %
Invariant sites: 90.91 %

Partition 9: N
Model: JTT+B
Alignment sites / patterns: 419 / 42
Gaps: 0.00 %
Invariant sites: 92.84 %

Partition 10: ORF10
Model: STMTREV+B
Alignment sites / patterns: 38 / 18
Gaps: 0.00 %
Invariant sites: 94.74 %


[00:00:00] Generating 9 random starting tree(s) with 64 taxa
[00:00:00] Generating 9 parsimony starting tree(s) with 64 taxa
[00:00:00] Data distribution: max. partitions/sites/weight per thread: 11 / 723 / 26880

Starting ML tree search with 18 distinct starting trees

[00:00:00 -94386.228195] Initial branch length optimization
[00:00:00 -33693.594198] Model parameter optimization (eps = 10.000000)
[00:00:01 -33544.906459] AUTODETECT spr round 1 (radius: 5)
[00:00:05 -33448.367411] AUTODETECT spr round 2 (radius: 10)
[00:00:11 -33372.798418] AUTODETECT spr round 3 (radius: 15)
[00:00:16 -33337.832817] AUTODETECT spr round 4 (radius: 20)
[00:00:21 -33337.832813] SPR radius for FAST iterations: 15 (autodetect)
[00:00:21 -33337.832813] Model parameter optimization (eps = 3.000000)
[00:00:21 -33336.935788] FAST spr round 1 (radius: 15)
[00:00:36 -33255.956205] FAST spr round 2 (radius: 15)
[00:00:46 -33255.952195] Model parameter optimization (eps = 1.000000)
[00:00:48 -33251.739276] SLOW spr round 1 (radius: 5)
[00:00:59 -33251.725070] SLOW spr round 2 (radius: 10)
[00:01:13 -33251.723416] SLOW spr round 3 (radius: 15)
[00:01:22 -33251.723416] SLOW spr round 4 (radius: 20)
[00:01:33 -33251.723416] SLOW spr round 5 (radius: 25)
[00:01:39 -33251.723416] Model parameter optimization (eps = 0.100000)

[00:01:40] ML tree search #1, logLikelihood: -33251.722638

[00:01:40 -94380.451021] Initial branch length optimization
[00:01:40 -33692.335666] Model parameter optimization (eps = 10.000000)
[00:01:41 -33543.549858] AUTODETECT spr round 1 (radius: 5)
[00:01:46 -33454.203272] AUTODETECT spr round 2 (radius: 10)
[00:01:52 -33321.403803] AUTODETECT spr round 3 (radius: 15)
[00:01:59 -33312.431178] AUTODETECT spr round 4 (radius: 20)
[00:02:04 -33293.686622] AUTODETECT spr round 5 (radius: 25)
[00:02:08 -33293.686622] SPR radius for FAST iterations: 20 (autodetect)
[00:02:08 -33293.686622] Model parameter optimization (eps = 3.000000)
[00:02:09 -33286.301080] FAST spr round 1 (radius: 20)
[00:02:28 -33252.219231] FAST spr round 2 (radius: 20)
[00:02:39 -33252.219088] Model parameter optimization (eps = 1.000000)
[00:02:40 -33252.174283] SLOW spr round 1 (radius: 5)
[00:02:52 -33252.170590] SLOW spr round 2 (radius: 10)
[00:03:05 -33252.170590] SLOW spr round 3 (radius: 15)
[00:03:15 -33252.170590] SLOW spr round 4 (radius: 20)
[00:03:27 -33252.170590] SLOW spr round 5 (radius: 25)
[00:03:32 -33252.170590] Model parameter optimization (eps = 0.100000)

[00:03:33] ML tree search #2, logLikelihood: -33252.169929

[00:03:33 -94375.820094] Initial branch length optimization
[00:03:33 -33674.293062] Model parameter optimization (eps = 10.000000)
[00:03:35 -33552.130974] AUTODETECT spr round 1 (radius: 5)
[00:03:40 -33432.808130] AUTODETECT spr round 2 (radius: 10)
[00:03:47 -33304.494605] AUTODETECT spr round 3 (radius: 15)
[00:03:53 -33296.051854] AUTODETECT spr round 4 (radius: 20)
[00:03:58 -33296.051854] SPR radius for FAST iterations: 15 (autodetect)
[00:03:58 -33296.051854] Model parameter optimization (eps = 3.000000)
[00:03:59 -33275.056727] FAST spr round 1 (radius: 15)
[00:04:16 -33240.129842] FAST spr round 2 (radius: 15)
[00:04:26 -33240.129459] Model parameter optimization (eps = 1.000000)
[00:04:27 -33239.650046] SLOW spr round 1 (radius: 5)
[00:04:39 -33239.649441] SLOW spr round 2 (radius: 10)
[00:04:52 -33239.644601] SLOW spr round 3 (radius: 15)
[00:05:02 -33239.644601] SLOW spr round 4 (radius: 20)
[00:05:14 -33239.644601] SLOW spr round 5 (radius: 25)
[00:05:19 -33239.644601] Model parameter optimization (eps = 0.100000)

[00:05:19] ML tree search #3, logLikelihood: -33239.644346

[00:05:19 -94388.231905] Initial branch length optimization
[00:05:20 -33697.518540] Model parameter optimization (eps = 10.000000)
[00:05:21 -33546.846224] AUTODETECT spr round 1 (radius: 5)
[00:05:26 -33483.022167] AUTODETECT spr round 2 (radius: 10)
[00:05:32 -33446.785275] AUTODETECT spr round 3 (radius: 15)
[00:05:38 -33365.815565] AUTODETECT spr round 4 (radius: 20)
[00:05:43 -33365.815565] SPR radius for FAST iterations: 15 (autodetect)
[00:05:43 -33365.815565] Model parameter optimization (eps = 3.000000)
[00:05:44 -33364.982579] FAST spr round 1 (radius: 15)
[00:06:00 -33255.601825] FAST spr round 2 (radius: 15)
[00:06:13 -33255.597201] Model parameter optimization (eps = 1.000000)
[00:06:14 -33250.993736] SLOW spr round 1 (radius: 5)
[00:06:27 -33250.976042] SLOW spr round 2 (radius: 10)
[00:06:41 -33250.975330] SLOW spr round 3 (radius: 15)
[00:06:50 -33250.975330] SLOW spr round 4 (radius: 20)
[00:07:01 -33250.975330] SLOW spr round 5 (radius: 25)
[00:07:07 -33250.975330] Model parameter optimization (eps = 0.100000)

[00:07:08] ML tree search #4, logLikelihood: -33250.974451

[00:07:08 -94382.701617] Initial branch length optimization
[00:07:08 -33691.849036] Model parameter optimization (eps = 10.000000)
[00:07:09 -33544.263329] AUTODETECT spr round 1 (radius: 5)
[00:07:13 -33383.509411] AUTODETECT spr round 2 (radius: 10)
[00:07:20 -33277.484375] AUTODETECT spr round 3 (radius: 15)
[00:07:26 -33260.684790] AUTODETECT spr round 4 (radius: 20)
[00:07:30 -33260.684790] SPR radius for FAST iterations: 15 (autodetect)
[00:07:30 -33260.684790] Model parameter optimization (eps = 3.000000)
[00:07:31 -33252.020913] FAST spr round 1 (radius: 15)
[00:07:47 -33250.947917] FAST spr round 2 (radius: 15)
[00:07:56 -33250.947882] Model parameter optimization (eps = 1.000000)
[00:07:57 -33250.946078] SLOW spr round 1 (radius: 5)
[00:08:09 -33250.944435] SLOW spr round 2 (radius: 10)
[00:08:23 -33250.943094] SLOW spr round 3 (radius: 15)
[00:08:33 -33250.943094] SLOW spr round 4 (radius: 20)
[00:08:42 -33250.943094] SLOW spr round 5 (radius: 25)
[00:08:44 -33250.943094] Model parameter optimization (eps = 0.100000)

[00:08:44] ML tree search #5, logLikelihood: -33250.942892

[00:08:44 -94380.106335] Initial branch length optimization
[00:08:45 -33699.687585] Model parameter optimization (eps = 10.000000)
[00:08:46 -33548.544326] AUTODETECT spr round 1 (radius: 5)
[00:08:51 -33346.523380] AUTODETECT spr round 2 (radius: 10)
[00:08:58 -33259.884376] AUTODETECT spr round 3 (radius: 15)
[00:09:06 -33259.884374] SPR radius for FAST iterations: 10 (autodetect)
[00:09:06 -33259.884374] Model parameter optimization (eps = 3.000000)
[00:09:07 -33250.936772] FAST spr round 1 (radius: 10)
[00:09:17 -33250.928266] Model parameter optimization (eps = 1.000000)
[00:09:18 -33250.925526] SLOW spr round 1 (radius: 5)
[00:09:32 -33250.923811] SLOW spr round 2 (radius: 10)
[00:09:47 -33250.923477] SLOW spr round 3 (radius: 15)
[00:09:58 -33250.923477] SLOW spr round 4 (radius: 20)
[00:10:08 -33250.923477] SLOW spr round 5 (radius: 25)
[00:10:13 -33250.923477] Model parameter optimization (eps = 0.100000)

[00:10:13] ML tree search #6, logLikelihood: -33250.923388

[00:10:13 -94377.140648] Initial branch length optimization
[00:10:14 -33679.937999] Model parameter optimization (eps = 10.000000)
[00:10:16 -33546.198335] AUTODETECT spr round 1 (radius: 5)
[00:10:20 -33466.316439] AUTODETECT spr round 2 (radius: 10)
[00:10:26 -33419.553045] AUTODETECT spr round 3 (radius: 15)
[00:10:32 -33408.933088] AUTODETECT spr round 4 (radius: 20)
[00:10:36 -33399.110556] AUTODETECT spr round 5 (radius: 25)
[00:10:37 -33399.110556] SPR radius for FAST iterations: 20 (autodetect)
[00:10:37 -33399.110556] Model parameter optimization (eps = 3.000000)
[00:10:39 -33383.623923] FAST spr round 1 (radius: 20)
[00:10:58 -33246.887266] FAST spr round 2 (radius: 20)
[00:11:13 -33246.877798] Model parameter optimization (eps = 1.000000)
[00:11:14 -33240.854023] SLOW spr round 1 (radius: 5)
[00:11:27 -33240.853250] SLOW spr round 2 (radius: 10)
[00:11:40 -33240.853250] SLOW spr round 3 (radius: 15)
[00:11:51 -33240.853250] SLOW spr round 4 (radius: 20)
[00:12:02 -33240.853250] SLOW spr round 5 (radius: 25)
[00:12:09 -33240.853250] Model parameter optimization (eps = 0.100000)

[00:12:10] ML tree search #7, logLikelihood: -33240.852892

[00:12:10 -94377.325579] Initial branch length optimization
[00:12:10 -33675.379145] Model parameter optimization (eps = 10.000000)
[00:12:12 -33545.427072] AUTODETECT spr round 1 (radius: 5)
[00:12:16 -33400.421716] AUTODETECT spr round 2 (radius: 10)
[00:12:23 -33348.595077] AUTODETECT spr round 3 (radius: 15)
[00:12:29 -33276.911007] AUTODETECT spr round 4 (radius: 20)
[00:12:34 -33276.910672] SPR radius for FAST iterations: 15 (autodetect)
[00:12:34 -33276.910672] Model parameter optimization (eps = 3.000000)
[00:12:36 -33251.040575] FAST spr round 1 (radius: 15)
[00:12:50 -33249.986731] FAST spr round 2 (radius: 15)
[00:13:00 -33249.986731] Model parameter optimization (eps = 1.000000)
[00:13:00 -33249.986720] SLOW spr round 1 (radius: 5)
[00:13:12 -33249.986720] SLOW spr round 2 (radius: 10)
[00:13:25 -33249.986720] SLOW spr round 3 (radius: 15)
[00:13:35 -33249.986720] SLOW spr round 4 (radius: 20)
[00:13:42 -33249.986720] SLOW spr round 5 (radius: 25)
[00:13:52 -33240.397886] SLOW spr round 6 (radius: 5)
[00:14:07 -33240.397518] SLOW spr round 7 (radius: 10)
[00:14:19 -33240.397518] SLOW spr round 8 (radius: 15)
[00:14:28 -33240.397518] SLOW spr round 9 (radius: 20)
[00:14:36 -33240.397518] SLOW spr round 10 (radius: 25)
[00:14:45 -33240.397518] Model parameter optimization (eps = 0.100000)

[00:14:46] ML tree search #8, logLikelihood: -33240.388956

[00:14:46 -94381.212304] Initial branch length optimization
[00:14:46 -33682.345816] Model parameter optimization (eps = 10.000000)
[00:14:48 -33547.785651] AUTODETECT spr round 1 (radius: 5)
[00:14:53 -33383.806731] AUTODETECT spr round 2 (radius: 10)
[00:14:59 -33305.830765] AUTODETECT spr round 3 (radius: 15)
[00:15:06 -33271.280450] AUTODETECT spr round 4 (radius: 20)
[00:15:11 -33271.280450] SPR radius for FAST iterations: 15 (autodetect)
[00:15:11 -33271.280450] Model parameter optimization (eps = 3.000000)
[00:15:13 -33247.388374] FAST spr round 1 (radius: 15)
[00:15:28 -33240.588561] FAST spr round 2 (radius: 15)
[00:15:39 -33240.588072] Model parameter optimization (eps = 1.000000)
[00:15:39 -33240.394898] SLOW spr round 1 (radius: 5)
[00:15:52 -33240.394240] SLOW spr round 2 (radius: 10)
[00:16:05 -33240.386271] SLOW spr round 3 (radius: 15)
[00:16:14 -33240.386271] SLOW spr round 4 (radius: 20)
[00:16:25 -33240.386271] SLOW spr round 5 (radius: 25)
[00:16:34 -33240.386271] Model parameter optimization (eps = 0.100000)

[00:16:34] ML tree search #9, logLikelihood: -33240.385912

[00:16:34 -94021.290974] Initial branch length optimization
[00:16:35 -33259.269720] Model parameter optimization (eps = 10.000000)
[00:16:37 -33240.491802] AUTODETECT spr round 1 (radius: 5)
[00:16:41 -33240.460934] SPR radius for FAST iterations: 5 (autodetect)
[00:16:41 -33240.460934] Model parameter optimization (eps = 3.000000)
[00:16:42 -33240.460202] FAST spr round 1 (radius: 5)
[00:16:48 -33240.459068] Model parameter optimization (eps = 1.000000)
[00:16:49 -33240.459062] SLOW spr round 1 (radius: 5)
[00:17:02 -33240.459062] SLOW spr round 2 (radius: 10)
[00:17:15 -33240.455348] SLOW spr round 3 (radius: 15)
[00:17:25 -33240.455348] SLOW spr round 4 (radius: 20)
[00:17:37 -33240.455348] SLOW spr round 5 (radius: 25)
[00:17:44 -33240.455348] Model parameter optimization (eps = 0.100000)

[00:17:44] ML tree search #10, logLikelihood: -33240.455348

[00:17:45 -94027.675653] Initial branch length optimization
[00:17:45 -33261.402174] Model parameter optimization (eps = 10.000000)
[00:17:47 -33245.432391] AUTODETECT spr round 1 (radius: 5)
[00:17:51 -33245.286746] AUTODETECT spr round 2 (radius: 10)
[00:17:58 -33244.701351] AUTODETECT spr round 3 (radius: 15)
[00:18:05 -33240.880032] AUTODETECT spr round 4 (radius: 20)
[00:18:09 -33240.255881] AUTODETECT spr round 5 (radius: 25)
[00:18:12 -33240.255880] SPR radius for FAST iterations: 20 (autodetect)
[00:18:12 -33240.255880] Model parameter optimization (eps = 3.000000)
[00:18:12 -33240.219943] FAST spr round 1 (radius: 20)
[00:18:30 -33240.032657] FAST spr round 2 (radius: 20)
[00:18:39 -33240.031804] Model parameter optimization (eps = 1.000000)
[00:18:40 -33239.438869] SLOW spr round 1 (radius: 5)
[00:18:52 -33239.438493] SLOW spr round 2 (radius: 10)
[00:19:03 -33239.434779] SLOW spr round 3 (radius: 15)
[00:19:13 -33239.434779] SLOW spr round 4 (radius: 20)
[00:19:24 -33239.434779] SLOW spr round 5 (radius: 25)
[00:19:33 -33239.434779] Model parameter optimization (eps = 0.100000)

[00:19:33] ML tree search #11, logLikelihood: -33239.434779

[00:19:33 -94021.311015] Initial branch length optimization
[00:19:34 -33259.271568] Model parameter optimization (eps = 10.000000)
[00:19:35 -33240.491930] AUTODETECT spr round 1 (radius: 5)
[00:19:39 -33240.456475] SPR radius for FAST iterations: 5 (autodetect)
[00:19:39 -33240.456475] Model parameter optimization (eps = 3.000000)
[00:19:40 -33240.455681] FAST spr round 1 (radius: 5)
[00:19:47 -33240.455281] Model parameter optimization (eps = 1.000000)
[00:19:47 -33240.455273] SLOW spr round 1 (radius: 5)
[00:20:00 -33240.455273] SLOW spr round 2 (radius: 10)
[00:20:13 -33240.455273] SLOW spr round 3 (radius: 15)
[00:20:21 -33240.455273] SLOW spr round 4 (radius: 20)
[00:20:29 -33240.455273] SLOW spr round 5 (radius: 25)
[00:20:36 -33240.455273] Model parameter optimization (eps = 0.100000)

[00:20:36] ML tree search #12, logLikelihood: -33240.455273

[00:20:36 -94021.547855] Initial branch length optimization
[00:20:37 -33259.275224] Model parameter optimization (eps = 10.000000)
[00:20:38 -33240.490950] AUTODETECT spr round 1 (radius: 5)
[00:20:43 -33240.461849] SPR radius for FAST iterations: 5 (autodetect)
[00:20:43 -33240.461849] Model parameter optimization (eps = 3.000000)
[00:20:43 -33240.460904] FAST spr round 1 (radius: 5)
[00:20:50 -33240.460131] Model parameter optimization (eps = 1.000000)
[00:20:50 -33240.460123] SLOW spr round 1 (radius: 5)
[00:21:03 -33240.454981] SLOW spr round 2 (radius: 10)
[00:21:17 -33240.454981] SLOW spr round 3 (radius: 15)
[00:21:25 -33240.454981] SLOW spr round 4 (radius: 20)
[00:21:37 -33240.454981] SLOW spr round 5 (radius: 25)
[00:21:44 -33240.454981] Model parameter optimization (eps = 0.100000)

[00:21:45] ML tree search #13, logLikelihood: -33240.454981

[00:21:45 -94023.340667] Initial branch length optimization
[00:21:45 -33260.320416] Model parameter optimization (eps = 10.000000)
[00:21:48 -33241.540768] AUTODETECT spr round 1 (radius: 5)
[00:21:52 -33240.920232] AUTODETECT spr round 2 (radius: 10)
[00:21:58 -33240.920037] SPR radius for FAST iterations: 5 (autodetect)
[00:21:58 -33240.920037] Model parameter optimization (eps = 3.000000)
[00:21:59 -33240.919291] FAST spr round 1 (radius: 5)
[00:22:06 -33240.919291] Model parameter optimization (eps = 1.000000)
[00:22:06 -33240.919284] SLOW spr round 1 (radius: 5)
[00:22:19 -33240.919284] SLOW spr round 2 (radius: 10)
[00:22:31 -33240.919284] SLOW spr round 3 (radius: 15)
[00:22:40 -33240.919284] SLOW spr round 4 (radius: 20)
[00:22:49 -33240.919084] SLOW spr round 5 (radius: 25)
[00:22:56 -33240.919084] Model parameter optimization (eps = 0.100000)

[00:22:57] ML tree search #14, logLikelihood: -33240.919084

[00:22:57 -94023.293119] Initial branch length optimization
[00:22:58 -33260.320666] Model parameter optimization (eps = 10.000000)
[00:23:00 -33241.541105] AUTODETECT spr round 1 (radius: 5)
[00:23:04 -33240.458920] AUTODETECT spr round 2 (radius: 10)
[00:23:11 -33240.458645] SPR radius for FAST iterations: 5 (autodetect)
[00:23:11 -33240.458645] Model parameter optimization (eps = 3.000000)
[00:23:12 -33240.457928] FAST spr round 1 (radius: 5)
[00:23:18 -33240.457137] Model parameter optimization (eps = 1.000000)
[00:23:19 -33240.457131] SLOW spr round 1 (radius: 5)
[00:23:32 -33240.455999] SLOW spr round 2 (radius: 10)
[00:23:46 -33240.452285] SLOW spr round 3 (radius: 15)
[00:23:56 -33240.452285] SLOW spr round 4 (radius: 20)
[00:24:05 -33240.452285] SLOW spr round 5 (radius: 25)
[00:24:10 -33240.452285] Model parameter optimization (eps = 0.100000)

[00:24:11] ML tree search #15, logLikelihood: -33240.452285

[00:24:11 -94021.571212] Initial branch length optimization
[00:24:11 -33259.275104] Model parameter optimization (eps = 10.000000)
[00:24:13 -33240.490795] AUTODETECT spr round 1 (radius: 5)
[00:24:17 -33240.455940] SPR radius for FAST iterations: 5 (autodetect)
[00:24:17 -33240.455940] Model parameter optimization (eps = 3.000000)
[00:24:17 -33240.454991] FAST spr round 1 (radius: 5)
[00:24:23 -33240.454991] Model parameter optimization (eps = 1.000000)
[00:24:24 -33240.454983] SLOW spr round 1 (radius: 5)
[00:24:36 -33240.454983] SLOW spr round 2 (radius: 10)
[00:24:49 -33240.451932] SLOW spr round 3 (radius: 15)
[00:24:58 -33240.451932] SLOW spr round 4 (radius: 20)
[00:25:06 -33240.451932] SLOW spr round 5 (radius: 25)
[00:25:13 -33240.451932] Model parameter optimization (eps = 0.100000)

[00:25:13] ML tree search #16, logLikelihood: -33240.451932

[00:25:13 -94025.958886] Initial branch length optimization
[00:25:14 -33260.347589] Model parameter optimization (eps = 10.000000)
[00:25:15 -33244.385461] AUTODETECT spr round 1 (radius: 5)
[00:25:19 -33243.497049] AUTODETECT spr round 2 (radius: 10)
[00:25:25 -33239.675439] AUTODETECT spr round 3 (radius: 15)
[00:25:30 -33239.675439] SPR radius for FAST iterations: 10 (autodetect)
[00:25:30 -33239.675439] Model parameter optimization (eps = 3.000000)
[00:25:31 -33238.978395] FAST spr round 1 (radius: 10)
[00:25:41 -33238.976779] Model parameter optimization (eps = 1.000000)
[00:25:42 -33238.975826] SLOW spr round 1 (radius: 5)
[00:25:54 -33238.970929] SLOW spr round 2 (radius: 10)
[00:26:06 -33238.970929] SLOW spr round 3 (radius: 15)
[00:26:14 -33238.967880] SLOW spr round 4 (radius: 20)
[00:26:28 -33238.967880] SLOW spr round 5 (radius: 25)
[00:26:37 -33238.967880] Model parameter optimization (eps = 0.100000)

[00:26:37] ML tree search #17, logLikelihood: -33238.967833

[00:26:38 -94021.253595] Initial branch length optimization
[00:26:38 -33259.269672] Model parameter optimization (eps = 10.000000)
[00:26:40 -33240.491883] AUTODETECT spr round 1 (radius: 5)
[00:26:44 -33240.456873] SPR radius for FAST iterations: 5 (autodetect)
[00:26:44 -33240.456873] Model parameter optimization (eps = 3.000000)
[00:26:45 -33240.456148] FAST spr round 1 (radius: 5)
[00:26:51 -33240.455356] Model parameter optimization (eps = 1.000000)
[00:26:51 -33240.455354] SLOW spr round 1 (radius: 5)
[00:27:03 -33240.455354] SLOW spr round 2 (radius: 10)
[00:27:16 -33240.455152] SLOW spr round 3 (radius: 15)
[00:27:26 -33240.452101] SLOW spr round 4 (radius: 20)
[00:27:35 -33240.452101] SLOW spr round 5 (radius: 25)
[00:27:40 -33240.452101] Model parameter optimization (eps = 0.100000)

[00:27:40] ML tree search #18, logLikelihood: -33240.452101



Final LogLikelihood: -33238.967833

AIC score: 66793.935666 / AICc score: 66799.199023 / BIC score: 67928.438313
Free parameters (model + branch lengths): 158

Best ML tree saved to: /home/hikoyu/analysis/Genome/SARS-CoV-2/phylogeny/RAxML-NG/AA/part/SARS-CoV-2_200311.2.raxml.bestTree
All ML trees saved to: /home/hikoyu/analysis/Genome/SARS-CoV-2/phylogeny/RAxML-NG/AA/part/SARS-CoV-2_200311.2.raxml.mlTrees
Optimized model saved to: /home/hikoyu/analysis/Genome/SARS-CoV-2/phylogeny/RAxML-NG/AA/part/SARS-CoV-2_200311.2.raxml.bestModel

Execution log saved to: /home/hikoyu/analysis/Genome/SARS-CoV-2/phylogeny/RAxML-NG/AA/part/SARS-CoV-2_200311.2.raxml.log

Analysis started: 11-Mar-2020 16:24:39 / finished: 11-Mar-2020 16:52:20

Elapsed time: 1660.800 seconds

