
RAxML-NG v. 0.9.0 released on 20.05.2019 by The Exelixis Lab.
Developed by: Alexey M. Kozlov and Alexandros Stamatakis.
Contributors: Diego Darriba, Tomas Flouri, Benoit Morel, Sarah Lutteropp, Ben Bettisworth.
Latest version: https://github.com/amkozlov/raxml-ng
Questions/problems/suggestions? Please visit: https://groups.google.com/forum/#!forum/raxml

RAxML-NG was called at 20-Mar-2020 00:09:30 as follows:

raxml-ng --threads 1 --bootstrap --bs-trees 84 --seed 2379923870 --prefix phylogeny/RAxML-NG/AA/part/SARS-CoV-2_200318.1 --msa phylogeny/RAxML-NG/AA/part/SARS-CoV-2_200318.raxml.rba --outgroup MG772933.1

Analysis options:
  run mode: Bootstrapping
  start tree(s): 
  bootstrap replicates: 84
  random seed: 2379923870
  tip-inner: OFF
  pattern compression: ON
  per-rate scalers: OFF
  site repeats: ON
  branch lengths: proportional (ML estimate, algorithm: NR-FAST)
  SIMD kernels: AVX2
  parallelization: NONE/sequential

[00:00:00] Loading binary alignment from file: phylogeny/RAxML-NG/AA/part/SARS-CoV-2_200318.raxml.rba
[00:00:00] Alignment comprises 74 taxa, 11 partitions and 733 patterns

Partition 0: orf1ab_U
Model: HIVB+FC+I+B
Alignment sites / patterns: 4405 / 216
Gaps: 0.10 %
Invariant sites: 94.10 %

Partition 1: orf1ab_D
Model: JTT-DCMUT+I+B
Alignment sites / patterns: 2696 / 108
Gaps: 0.04 %
Invariant sites: 95.03 %

Partition 2: S
Model: JTT-DCMUT+G4m+B
Alignment sites / patterns: 1273 / 177
Gaps: 0.05 %
Invariant sites: 81.23 %

Partition 3: ORF3a
Model: JTT+G4m+B
Alignment sites / patterns: 275 / 44
Gaps: 0.00 %
Invariant sites: 89.09 %

Partition 4: E
Model: STMTREV+B
Alignment sites / patterns: 75 / 18
Gaps: 0.00 %
Invariant sites: 98.67 %

Partition 5: M
Model: CPREV+B
Alignment sites / patterns: 222 / 23
Gaps: 0.01 %
Invariant sites: 98.65 %

Partition 6: ORF6
Model: STMTREV+B
Alignment sites / patterns: 61 / 22
Gaps: 0.00 %
Invariant sites: 93.44 %

Partition 7: ORF7a
Model: JTT-DCMUT+B
Alignment sites / patterns: 121 / 34
Gaps: 0.00 %
Invariant sites: 85.95 %

Partition 8: ORF8
Model: STMTREV+I+G4m+B
Alignment sites / patterns: 121 / 31
Gaps: 0.00 %
Invariant sites: 90.91 %

Partition 9: N
Model: JTT+B
Alignment sites / patterns: 419 / 42
Gaps: 0.00 %
Invariant sites: 92.84 %

Partition 10: ORF10
Model: STMTREV+B
Alignment sites / patterns: 38 / 18
Gaps: 0.00 %
Invariant sites: 94.74 %


[00:00:00] Data distribution: max. partitions/sites/weight per thread: 11 / 733 / 29780
[00:00:00] Starting bootstrapping analysis with 84 replicates.

[00:03:05] Bootstrap tree #1, logLikelihood: -33221.628215
[00:05:21] Bootstrap tree #2, logLikelihood: -32910.013490
[00:07:45] Bootstrap tree #3, logLikelihood: -33557.155200
[00:10:11] Bootstrap tree #4, logLikelihood: -33554.243470
[00:12:31] Bootstrap tree #5, logLikelihood: -33314.170441
[00:14:34] Bootstrap tree #6, logLikelihood: -33404.558800
[00:16:47] Bootstrap tree #7, logLikelihood: -33274.301141
[00:21:01] Bootstrap tree #8, logLikelihood: -33210.964374
[00:23:06] Bootstrap tree #9, logLikelihood: -33293.485879
[00:25:11] Bootstrap tree #10, logLikelihood: -33439.665085
[00:28:49] Bootstrap tree #11, logLikelihood: -33309.384093
[00:31:11] Bootstrap tree #12, logLikelihood: -33196.561130
[00:33:20] Bootstrap tree #13, logLikelihood: -33440.055440
[00:35:28] Bootstrap tree #14, logLikelihood: -33262.085262
[00:37:47] Bootstrap tree #15, logLikelihood: -33346.834459
[00:40:14] Bootstrap tree #16, logLikelihood: -33192.628624
[00:42:30] Bootstrap tree #17, logLikelihood: -33203.921656
[00:44:31] Bootstrap tree #18, logLikelihood: -33380.303010
[00:46:44] Bootstrap tree #19, logLikelihood: -33339.631487
[00:48:49] Bootstrap tree #20, logLikelihood: -33408.087529
[00:51:06] Bootstrap tree #21, logLikelihood: -33167.323002
[00:53:06] Bootstrap tree #22, logLikelihood: -33356.683397
[00:55:08] Bootstrap tree #23, logLikelihood: -33078.367886
[00:57:14] Bootstrap tree #24, logLikelihood: -33248.065419
[00:59:40] Bootstrap tree #25, logLikelihood: -33436.374021
[01:01:36] Bootstrap tree #26, logLikelihood: -33322.292825
[01:03:41] Bootstrap tree #27, logLikelihood: -33138.565630
[01:06:00] Bootstrap tree #28, logLikelihood: -32963.657201
[01:08:04] Bootstrap tree #29, logLikelihood: -33313.660480
[01:10:17] Bootstrap tree #30, logLikelihood: -33701.359073
[01:12:41] Bootstrap tree #31, logLikelihood: -33357.049056
[01:14:53] Bootstrap tree #32, logLikelihood: -33565.206667
[01:17:00] Bootstrap tree #33, logLikelihood: -33379.622571
[01:18:56] Bootstrap tree #34, logLikelihood: -33612.287323
[01:21:00] Bootstrap tree #35, logLikelihood: -33449.785732
[01:23:16] Bootstrap tree #36, logLikelihood: -33212.187740
[01:25:21] Bootstrap tree #37, logLikelihood: -33196.191307
[01:27:27] Bootstrap tree #38, logLikelihood: -33322.881884
[01:29:30] Bootstrap tree #39, logLikelihood: -33589.002421
[01:31:52] Bootstrap tree #40, logLikelihood: -33349.705873
[01:34:11] Bootstrap tree #41, logLikelihood: -33305.720440
[01:36:42] Bootstrap tree #42, logLikelihood: -33178.269174
[01:40:16] Bootstrap tree #43, logLikelihood: -33493.228535
[01:42:26] Bootstrap tree #44, logLikelihood: -33280.042858
[01:44:47] Bootstrap tree #45, logLikelihood: -33350.391514
[01:47:05] Bootstrap tree #46, logLikelihood: -33235.163873
[01:49:22] Bootstrap tree #47, logLikelihood: -33561.865866
[01:52:43] Bootstrap tree #48, logLikelihood: -33322.875617
[01:56:25] Bootstrap tree #49, logLikelihood: -33301.660426
[01:58:33] Bootstrap tree #50, logLikelihood: -33334.593845
[02:01:04] Bootstrap tree #51, logLikelihood: -33289.258062
[02:02:57] Bootstrap tree #52, logLikelihood: -33400.390104
[02:05:22] Bootstrap tree #53, logLikelihood: -33446.906842
[02:07:44] Bootstrap tree #54, logLikelihood: -33350.954094
[02:09:49] Bootstrap tree #55, logLikelihood: -33418.513778
[02:12:11] Bootstrap tree #56, logLikelihood: -33052.586411
[02:14:16] Bootstrap tree #57, logLikelihood: -33359.747301
[02:16:40] Bootstrap tree #58, logLikelihood: -33328.582860
[02:18:35] Bootstrap tree #59, logLikelihood: -33324.033116
[02:20:34] Bootstrap tree #60, logLikelihood: -33416.331241
[02:22:46] Bootstrap tree #61, logLikelihood: -33288.980360
[02:24:53] Bootstrap tree #62, logLikelihood: -33369.127402
[02:26:55] Bootstrap tree #63, logLikelihood: -33339.307796
[02:28:58] Bootstrap tree #64, logLikelihood: -33182.339144
[02:31:08] Bootstrap tree #65, logLikelihood: -33447.234976
[02:33:17] Bootstrap tree #66, logLikelihood: -33194.584954
[02:35:34] Bootstrap tree #67, logLikelihood: -33570.474115
[02:37:55] Bootstrap tree #68, logLikelihood: -33221.552440
[02:40:22] Bootstrap tree #69, logLikelihood: -33145.204122
[02:42:58] Bootstrap tree #70, logLikelihood: -33179.126406
[02:45:14] Bootstrap tree #71, logLikelihood: -33072.198226
[02:47:14] Bootstrap tree #72, logLikelihood: -33434.189897
[02:49:17] Bootstrap tree #73, logLikelihood: -33684.682834
[02:51:39] Bootstrap tree #74, logLikelihood: -33460.545185
[02:53:35] Bootstrap tree #75, logLikelihood: -32988.455761
[02:55:37] Bootstrap tree #76, logLikelihood: -33118.893328
[02:57:39] Bootstrap tree #77, logLikelihood: -33476.777831
[02:59:41] Bootstrap tree #78, logLikelihood: -33395.897900
[03:02:12] Bootstrap tree #79, logLikelihood: -33396.443784
[03:04:05] Bootstrap tree #80, logLikelihood: -33093.471164
[03:06:18] Bootstrap tree #81, logLikelihood: -33759.813404
[03:08:43] Bootstrap tree #82, logLikelihood: -33141.705577
[03:10:58] Bootstrap tree #83, logLikelihood: -33649.799869
[03:13:10] Bootstrap tree #84, logLikelihood: -33273.061162

Bootstrap trees saved to: /home/hikoyu/analysis/Genome/SARS-CoV-2/phylogeny/RAxML-NG/AA/part/SARS-CoV-2_200318.1.raxml.bootstraps

Execution log saved to: /home/hikoyu/analysis/Genome/SARS-CoV-2/phylogeny/RAxML-NG/AA/part/SARS-CoV-2_200318.1.raxml.log

Analysis started: 20-Mar-2020 00:09:30 / finished: 20-Mar-2020 03:22:41

Elapsed time: 11590.403 seconds

