
RAxML-NG v. 0.9.0 released on 20.05.2019 by The Exelixis Lab.
Developed by: Alexey M. Kozlov and Alexandros Stamatakis.
Contributors: Diego Darriba, Tomas Flouri, Benoit Morel, Sarah Lutteropp, Ben Bettisworth.
Latest version: https://github.com/amkozlov/raxml-ng
Questions/problems/suggestions? Please visit: https://groups.google.com/forum/#!forum/raxml

RAxML-NG was called at 11-Mar-2020 22:22:31 as follows:

raxml-ng --threads 1 --bootstrap --bs-trees 83 --seed 3503955893 --prefix phylogeny/RAxML-NG/AA/part/SARS-CoV-2_200311.11 --msa phylogeny/RAxML-NG/AA/part/SARS-CoV-2_200311.raxml.rba --outgroup MG772933.1

Analysis options:
  run mode: Bootstrapping
  start tree(s): 
  bootstrap replicates: 83
  random seed: 3503955893
  tip-inner: OFF
  pattern compression: ON
  per-rate scalers: OFF
  site repeats: ON
  branch lengths: proportional (ML estimate, algorithm: NR-FAST)
  SIMD kernels: AVX2
  parallelization: NONE/sequential

[00:00:00] Loading binary alignment from file: phylogeny/RAxML-NG/AA/part/SARS-CoV-2_200311.raxml.rba
[00:00:00] Alignment comprises 64 taxa, 11 partitions and 723 patterns

Partition 0: orf1ab_U
Model: HIVB+FC+I+B
Alignment sites / patterns: 4405 / 211
Gaps: 0.10 %
Invariant sites: 94.21 %

Partition 1: orf1ab_D
Model: JTT-DCMUT+B
Alignment sites / patterns: 2695 / 104
Gaps: 0.00 %
Invariant sites: 95.14 %

Partition 2: S
Model: JTT-DCMUT+G4m+B
Alignment sites / patterns: 1273 / 176
Gaps: 0.05 %
Invariant sites: 81.30 %

Partition 3: ORF3a
Model: JTT+B
Alignment sites / patterns: 275 / 44
Gaps: 0.00 %
Invariant sites: 89.09 %

Partition 4: E
Model: STMTREV+B
Alignment sites / patterns: 75 / 18
Gaps: 0.00 %
Invariant sites: 98.67 %

Partition 5: M
Model: CPREV+B
Alignment sites / patterns: 222 / 23
Gaps: 0.01 %
Invariant sites: 98.65 %

Partition 6: ORF6
Model: STMTREV+B
Alignment sites / patterns: 61 / 22
Gaps: 0.00 %
Invariant sites: 93.44 %

Partition 7: ORF7a
Model: JTT-DCMUT+B
Alignment sites / patterns: 121 / 34
Gaps: 0.00 %
Invariant sites: 85.95 %

Partition 8: ORF8
Model: STMTREV+I+G4m+B
Alignment sites / patterns: 121 / 31
Gaps: 0.00 %
Invariant sites: 90.91 %

Partition 9: N
Model: JTT+B
Alignment sites / patterns: 419 / 42
Gaps: 0.00 %
Invariant sites: 92.84 %

Partition 10: ORF10
Model: STMTREV+B
Alignment sites / patterns: 38 / 18
Gaps: 0.00 %
Invariant sites: 94.74 %


[00:00:00] Data distribution: max. partitions/sites/weight per thread: 11 / 723 / 26880
[00:00:00] Starting bootstrapping analysis with 83 replicates.

[00:01:38] Bootstrap tree #1, logLikelihood: -33336.282716
[00:03:14] Bootstrap tree #2, logLikelihood: -32848.700323
[00:04:51] Bootstrap tree #3, logLikelihood: -33229.403572
[00:06:13] Bootstrap tree #4, logLikelihood: -33268.667577
[00:08:14] Bootstrap tree #5, logLikelihood: -33128.900153
[00:10:21] Bootstrap tree #6, logLikelihood: -33066.406673
[00:12:22] Bootstrap tree #7, logLikelihood: -33437.460425
[00:13:39] Bootstrap tree #8, logLikelihood: -33236.657413
[00:14:58] Bootstrap tree #9, logLikelihood: -33002.698652
[00:16:24] Bootstrap tree #10, logLikelihood: -33249.296478
[00:17:55] Bootstrap tree #11, logLikelihood: -33349.933728
[00:19:18] Bootstrap tree #12, logLikelihood: -33012.992962
[00:20:47] Bootstrap tree #13, logLikelihood: -33106.274845
[00:22:25] Bootstrap tree #14, logLikelihood: -33275.643047
[00:23:53] Bootstrap tree #15, logLikelihood: -33346.025556
[00:26:01] Bootstrap tree #16, logLikelihood: -33064.129330
[00:27:59] Bootstrap tree #17, logLikelihood: -33278.886337
[00:29:23] Bootstrap tree #18, logLikelihood: -32863.279259
[00:32:04] Bootstrap tree #19, logLikelihood: -33272.208864
[00:33:22] Bootstrap tree #20, logLikelihood: -32925.239589
[00:35:57] Bootstrap tree #21, logLikelihood: -33344.123032
[00:37:19] Bootstrap tree #22, logLikelihood: -33075.414475
[00:38:42] Bootstrap tree #23, logLikelihood: -33057.868620
[00:39:52] Bootstrap tree #24, logLikelihood: -33251.123112
[00:41:33] Bootstrap tree #25, logLikelihood: -33335.537261
[00:42:56] Bootstrap tree #26, logLikelihood: -32988.786556
[00:44:18] Bootstrap tree #27, logLikelihood: -33432.315354
[00:45:46] Bootstrap tree #28, logLikelihood: -33369.659497
[00:47:26] Bootstrap tree #29, logLikelihood: -32887.767547
[00:49:04] Bootstrap tree #30, logLikelihood: -33028.374975
[00:50:30] Bootstrap tree #31, logLikelihood: -33296.587250
[00:51:52] Bootstrap tree #32, logLikelihood: -33228.757206
[00:53:19] Bootstrap tree #33, logLikelihood: -33392.041783
[00:55:38] Bootstrap tree #34, logLikelihood: -33031.905160
[00:57:01] Bootstrap tree #35, logLikelihood: -33047.220352
[00:58:28] Bootstrap tree #36, logLikelihood: -33265.078867
[00:59:55] Bootstrap tree #37, logLikelihood: -33133.458285
[01:01:14] Bootstrap tree #38, logLikelihood: -33047.126809
[01:02:48] Bootstrap tree #39, logLikelihood: -33149.752983
[01:04:00] Bootstrap tree #40, logLikelihood: -33189.629221
[01:05:24] Bootstrap tree #41, logLikelihood: -32933.558658
[01:06:56] Bootstrap tree #42, logLikelihood: -33314.052025
[01:08:24] Bootstrap tree #43, logLikelihood: -33418.063155
[01:09:48] Bootstrap tree #44, logLikelihood: -33095.578601
[01:11:13] Bootstrap tree #45, logLikelihood: -33332.510980
[01:13:40] Bootstrap tree #46, logLikelihood: -32788.951797
[01:16:08] Bootstrap tree #47, logLikelihood: -33089.920144
[01:17:36] Bootstrap tree #48, logLikelihood: -33200.327388
[01:18:57] Bootstrap tree #49, logLikelihood: -33326.629207
[01:20:38] Bootstrap tree #50, logLikelihood: -33345.923752
[01:22:05] Bootstrap tree #51, logLikelihood: -33176.010083
[01:23:58] Bootstrap tree #52, logLikelihood: -33234.992443
[01:25:28] Bootstrap tree #53, logLikelihood: -33336.228542
[01:27:01] Bootstrap tree #54, logLikelihood: -33270.126435
[01:30:29] Bootstrap tree #55, logLikelihood: -33122.424895
[01:31:54] Bootstrap tree #56, logLikelihood: -33389.866513
[01:33:28] Bootstrap tree #57, logLikelihood: -32985.354451
[01:34:53] Bootstrap tree #58, logLikelihood: -33426.324425
[01:36:23] Bootstrap tree #59, logLikelihood: -32987.425106
[01:37:48] Bootstrap tree #60, logLikelihood: -33054.483468
[01:39:05] Bootstrap tree #61, logLikelihood: -33242.075016
[01:40:26] Bootstrap tree #62, logLikelihood: -33010.590153
[01:42:29] Bootstrap tree #63, logLikelihood: -33084.198361
[01:44:00] Bootstrap tree #64, logLikelihood: -33240.860324
[01:45:24] Bootstrap tree #65, logLikelihood: -33242.067900
[01:46:54] Bootstrap tree #66, logLikelihood: -33177.538222
[01:48:34] Bootstrap tree #67, logLikelihood: -33096.018396
[01:49:52] Bootstrap tree #68, logLikelihood: -32920.212098
[01:51:20] Bootstrap tree #69, logLikelihood: -33057.625122
[01:52:53] Bootstrap tree #70, logLikelihood: -33382.250964
[01:54:18] Bootstrap tree #71, logLikelihood: -33442.433159
[01:55:49] Bootstrap tree #72, logLikelihood: -33033.250779
[01:57:16] Bootstrap tree #73, logLikelihood: -33054.195140
[01:58:32] Bootstrap tree #74, logLikelihood: -33318.477734
[02:00:05] Bootstrap tree #75, logLikelihood: -33131.505332
[02:01:29] Bootstrap tree #76, logLikelihood: -32957.371515
[02:03:38] Bootstrap tree #77, logLikelihood: -33295.550510
[02:05:21] Bootstrap tree #78, logLikelihood: -33156.700582
[02:06:54] Bootstrap tree #79, logLikelihood: -33451.908128
[02:08:15] Bootstrap tree #80, logLikelihood: -33377.133476
[02:09:59] Bootstrap tree #81, logLikelihood: -33435.721596
[02:11:04] Bootstrap tree #82, logLikelihood: -33226.955756
[02:12:37] Bootstrap tree #83, logLikelihood: -33105.182845

Bootstrap trees saved to: /home/hikoyu/analysis/Genome/SARS-CoV-2/phylogeny/RAxML-NG/AA/part/SARS-CoV-2_200311.11.raxml.bootstraps

Execution log saved to: /home/hikoyu/analysis/Genome/SARS-CoV-2/phylogeny/RAxML-NG/AA/part/SARS-CoV-2_200311.11.raxml.log

Analysis started: 11-Mar-2020 22:22:31 / finished: 12-Mar-2020 00:35:09

Elapsed time: 7958.028 seconds

