
RAxML-NG v. 0.9.0 released on 20.05.2019 by The Exelixis Lab.
Developed by: Alexey M. Kozlov and Alexandros Stamatakis.
Contributors: Diego Darriba, Tomas Flouri, Benoit Morel, Sarah Lutteropp, Ben Bettisworth.
Latest version: https://github.com/amkozlov/raxml-ng
Questions/problems/suggestions? Please visit: https://groups.google.com/forum/#!forum/raxml

RAxML-NG was called at 17-Mar-2020 14:10:50 as follows:

raxml-ng --threads 1 --bootstrap --bs-trees 83 --seed 1563213473 --prefix phylogeny/RAxML-NG/AA/part/SARS-CoV-2_200314.7 --msa phylogeny/RAxML-NG/AA/part/SARS-CoV-2_200314.raxml.rba --outgroup MG772933.1

Analysis options:
  run mode: Bootstrapping
  start tree(s): 
  bootstrap replicates: 83
  random seed: 1563213473
  tip-inner: OFF
  pattern compression: ON
  per-rate scalers: OFF
  site repeats: ON
  branch lengths: proportional (ML estimate, algorithm: NR-FAST)
  SIMD kernels: AVX2
  parallelization: NONE/sequential

[00:00:00] Loading binary alignment from file: phylogeny/RAxML-NG/AA/part/SARS-CoV-2_200314.raxml.rba
[00:00:00] Alignment comprises 89 taxa, 11 partitions and 739 patterns

Partition 0: orf1ab_U
Model: HIVB+FC+I+B
Alignment sites / patterns: 4405 / 223
Gaps: 0.10 %
Invariant sites: 93.96 %

Partition 1: orf1ab_D
Model: JTT-DCMUT+G4m+B
Alignment sites / patterns: 2695 / 105
Gaps: 0.00 %
Invariant sites: 95.10 %

Partition 2: S
Model: JTT-DCMUT+G4m+B
Alignment sites / patterns: 1273 / 178
Gaps: 0.04 %
Invariant sites: 81.15 %

Partition 3: ORF3a
Model: JTT+G4m+B
Alignment sites / patterns: 275 / 44
Gaps: 0.00 %
Invariant sites: 89.09 %

Partition 4: E
Model: STMTREV+B
Alignment sites / patterns: 75 / 18
Gaps: 0.00 %
Invariant sites: 98.67 %

Partition 5: M
Model: CPREV+B
Alignment sites / patterns: 222 / 23
Gaps: 0.01 %
Invariant sites: 98.65 %

Partition 6: ORF6
Model: STMTREV+B
Alignment sites / patterns: 61 / 22
Gaps: 0.00 %
Invariant sites: 93.44 %

Partition 7: ORF7a
Model: JTT-DCMUT+B
Alignment sites / patterns: 121 / 34
Gaps: 0.00 %
Invariant sites: 85.95 %

Partition 8: ORF8
Model: STMTREV+I+G4m+B
Alignment sites / patterns: 121 / 31
Gaps: 0.00 %
Invariant sites: 90.91 %

Partition 9: N
Model: JTT+B
Alignment sites / patterns: 419 / 43
Gaps: 0.00 %
Invariant sites: 92.60 %

Partition 10: ORF10
Model: STMTREV+B
Alignment sites / patterns: 38 / 18
Gaps: 0.00 %
Invariant sites: 94.74 %


[00:00:00] Data distribution: max. partitions/sites/weight per thread: 11 / 739 / 36260
[00:00:00] Starting bootstrapping analysis with 83 replicates.

[00:03:21] Bootstrap tree #1, logLikelihood: -33284.016027
[00:07:23] Bootstrap tree #2, logLikelihood: -33415.640603
[00:10:53] Bootstrap tree #3, logLikelihood: -33531.307565
[00:15:35] Bootstrap tree #4, logLikelihood: -33547.387851
[00:18:56] Bootstrap tree #5, logLikelihood: -33528.752713
[00:22:23] Bootstrap tree #6, logLikelihood: -33287.629013
[00:25:57] Bootstrap tree #7, logLikelihood: -33352.535843
[00:29:18] Bootstrap tree #8, logLikelihood: -33705.013826
[00:32:45] Bootstrap tree #9, logLikelihood: -33309.375463
[00:36:13] Bootstrap tree #10, logLikelihood: -33468.904489
[00:39:56] Bootstrap tree #11, logLikelihood: -33359.020477
[00:43:50] Bootstrap tree #12, logLikelihood: -33407.821074
[00:47:31] Bootstrap tree #13, logLikelihood: -33676.311668
[00:51:12] Bootstrap tree #14, logLikelihood: -33393.770529
[00:54:31] Bootstrap tree #15, logLikelihood: -32952.475754
[00:58:09] Bootstrap tree #16, logLikelihood: -33406.297183
[01:01:31] Bootstrap tree #17, logLikelihood: -33758.688698
[01:04:49] Bootstrap tree #18, logLikelihood: -33617.011309
[01:08:58] Bootstrap tree #19, logLikelihood: -33536.445874
[01:18:10] Bootstrap tree #20, logLikelihood: -33272.320617
[01:21:44] Bootstrap tree #21, logLikelihood: -33476.621921
[01:27:36] Bootstrap tree #22, logLikelihood: -33402.713048
[01:31:40] Bootstrap tree #23, logLikelihood: -33142.503919
[01:34:58] Bootstrap tree #24, logLikelihood: -33514.184645
[01:42:04] Bootstrap tree #25, logLikelihood: -33354.668511
[01:45:02] Bootstrap tree #26, logLikelihood: -33293.988855
[01:48:32] Bootstrap tree #27, logLikelihood: -33462.755380
[01:52:48] Bootstrap tree #28, logLikelihood: -33271.280922
[01:56:27] Bootstrap tree #29, logLikelihood: -33485.648398
[02:00:07] Bootstrap tree #30, logLikelihood: -33431.853535
[02:04:43] Bootstrap tree #31, logLikelihood: -33490.666940
[02:08:11] Bootstrap tree #32, logLikelihood: -33437.283413
[02:11:51] Bootstrap tree #33, logLikelihood: -33237.060121
[02:16:00] Bootstrap tree #34, logLikelihood: -33351.596003
[02:19:50] Bootstrap tree #35, logLikelihood: -33162.271068
[02:23:11] Bootstrap tree #36, logLikelihood: -33409.763650
[02:26:38] Bootstrap tree #37, logLikelihood: -33364.002993
[02:30:22] Bootstrap tree #38, logLikelihood: -33676.830156
[02:34:03] Bootstrap tree #39, logLikelihood: -33681.513755
[02:37:40] Bootstrap tree #40, logLikelihood: -33091.168050
[02:41:06] Bootstrap tree #41, logLikelihood: -33077.639100
[02:48:35] Bootstrap tree #42, logLikelihood: -33168.264631
[02:52:37] Bootstrap tree #43, logLikelihood: -33284.669883
[02:56:54] Bootstrap tree #44, logLikelihood: -33308.704692
[03:00:09] Bootstrap tree #45, logLikelihood: -33308.849277
[03:04:14] Bootstrap tree #46, logLikelihood: -33426.852019
[03:07:41] Bootstrap tree #47, logLikelihood: -33448.904001
[03:11:32] Bootstrap tree #48, logLikelihood: -33523.832318
[03:15:36] Bootstrap tree #49, logLikelihood: -33421.866272
[03:19:01] Bootstrap tree #50, logLikelihood: -33745.850705
[03:23:03] Bootstrap tree #51, logLikelihood: -33478.250046
[03:26:24] Bootstrap tree #52, logLikelihood: -33475.155287
[03:30:03] Bootstrap tree #53, logLikelihood: -33644.147231
[03:33:21] Bootstrap tree #54, logLikelihood: -33182.038050
[03:37:28] Bootstrap tree #55, logLikelihood: -33418.806373
[03:40:57] Bootstrap tree #56, logLikelihood: -33146.507103
[03:45:10] Bootstrap tree #57, logLikelihood: -33258.389018
[03:49:32] Bootstrap tree #58, logLikelihood: -33391.193061
[03:52:29] Bootstrap tree #59, logLikelihood: -33460.039482
[03:56:13] Bootstrap tree #60, logLikelihood: -33457.587204
[04:00:19] Bootstrap tree #61, logLikelihood: -33529.001085
[04:04:01] Bootstrap tree #62, logLikelihood: -33083.149012
[04:09:58] Bootstrap tree #63, logLikelihood: -33443.712003
[04:14:17] Bootstrap tree #64, logLikelihood: -33380.920308
[04:18:01] Bootstrap tree #65, logLikelihood: -33279.722698
[04:22:12] Bootstrap tree #66, logLikelihood: -33699.895361
[04:25:56] Bootstrap tree #67, logLikelihood: -33407.250370
[04:29:26] Bootstrap tree #68, logLikelihood: -33312.463368
[04:33:16] Bootstrap tree #69, logLikelihood: -33388.736828
[04:44:21] Bootstrap tree #70, logLikelihood: -33346.026159
[04:48:01] Bootstrap tree #71, logLikelihood: -33274.530796
[04:51:32] Bootstrap tree #72, logLikelihood: -33628.878330
[04:54:39] Bootstrap tree #73, logLikelihood: -33355.890627
[04:58:54] Bootstrap tree #74, logLikelihood: -33099.751575
[05:02:29] Bootstrap tree #75, logLikelihood: -33491.036449
[05:06:18] Bootstrap tree #76, logLikelihood: -33591.036695
[05:11:51] Bootstrap tree #77, logLikelihood: -33405.518064
[05:15:24] Bootstrap tree #78, logLikelihood: -33202.209102
[05:18:55] Bootstrap tree #79, logLikelihood: -33026.430896
[05:23:11] Bootstrap tree #80, logLikelihood: -33741.789271
[05:27:03] Bootstrap tree #81, logLikelihood: -33694.977579
[05:30:24] Bootstrap tree #82, logLikelihood: -33135.966384
[05:33:42] Bootstrap tree #83, logLikelihood: -33557.832929

Bootstrap trees saved to: /home/hikoyu/analysis/Genome/SARS-CoV-2/phylogeny/RAxML-NG/AA/part/SARS-CoV-2_200314.7.raxml.bootstraps

Execution log saved to: /home/hikoyu/analysis/Genome/SARS-CoV-2/phylogeny/RAxML-NG/AA/part/SARS-CoV-2_200314.7.raxml.log

Analysis started: 17-Mar-2020 14:10:50 / finished: 17-Mar-2020 19:44:33

Elapsed time: 20022.678 seconds

