
RAxML-NG v. 0.9.0 released on 20.05.2019 by The Exelixis Lab.
Developed by: Alexey M. Kozlov and Alexandros Stamatakis.
Contributors: Diego Darriba, Tomas Flouri, Benoit Morel, Sarah Lutteropp, Ben Bettisworth.
Latest version: https://github.com/amkozlov/raxml-ng
Questions/problems/suggestions? Please visit: https://groups.google.com/forum/#!forum/raxml

RAxML-NG was called at 23-Mar-2020 01:37:42 as follows:

raxml-ng --threads 1 --bootstrap --bs-trees 83 --seed 324443482 --prefix phylogeny/RAxML-NG/AA/part/SARS-CoV-2_200320.10 --msa phylogeny/RAxML-NG/AA/part/SARS-CoV-2_200320.raxml.rba --outgroup MG772933.1

Analysis options:
  run mode: Bootstrapping
  start tree(s): 
  bootstrap replicates: 83
  random seed: 324443482
  tip-inner: OFF
  pattern compression: ON
  per-rate scalers: OFF
  site repeats: ON
  branch lengths: proportional (ML estimate, algorithm: NR-FAST)
  SIMD kernels: AVX2
  parallelization: NONE/sequential

[00:00:00] Loading binary alignment from file: phylogeny/RAxML-NG/AA/part/SARS-CoV-2_200320.raxml.rba
[00:00:00] Alignment comprises 78 taxa, 11 partitions and 736 patterns

Partition 0: orf1ab_U
Model: HIVB+FC+I+B
Alignment sites / patterns: 4405 / 217
Gaps: 0.10 %
Invariant sites: 94.07 %

Partition 1: orf1ab_D
Model: JTT-DCMUT+I+B
Alignment sites / patterns: 2696 / 109
Gaps: 0.04 %
Invariant sites: 94.99 %

Partition 2: S
Model: JTT-DCMUT+G4m+B
Alignment sites / patterns: 1273 / 178
Gaps: 0.04 %
Invariant sites: 81.15 %

Partition 3: ORF3a
Model: JTT+G4m+B
Alignment sites / patterns: 275 / 44
Gaps: 0.00 %
Invariant sites: 89.09 %

Partition 4: E
Model: STMTREV+B
Alignment sites / patterns: 75 / 18
Gaps: 0.00 %
Invariant sites: 98.67 %

Partition 5: M
Model: CPREV+B
Alignment sites / patterns: 222 / 23
Gaps: 0.01 %
Invariant sites: 98.65 %

Partition 6: ORF6
Model: STMTREV+B
Alignment sites / patterns: 61 / 22
Gaps: 0.00 %
Invariant sites: 93.44 %

Partition 7: ORF7a
Model: JTT-DCMUT+B
Alignment sites / patterns: 121 / 34
Gaps: 0.00 %
Invariant sites: 85.95 %

Partition 8: ORF8
Model: STMTREV+I+G4m+B
Alignment sites / patterns: 121 / 31
Gaps: 0.00 %
Invariant sites: 90.91 %

Partition 9: N
Model: JTT+B
Alignment sites / patterns: 419 / 42
Gaps: 0.00 %
Invariant sites: 92.84 %

Partition 10: ORF10
Model: STMTREV+B
Alignment sites / patterns: 38 / 18
Gaps: 0.00 %
Invariant sites: 94.74 %


[00:00:00] Data distribution: max. partitions/sites/weight per thread: 11 / 736 / 29900
[00:00:00] Starting bootstrapping analysis with 83 replicates.

[00:04:31] Bootstrap tree #1, logLikelihood: -33546.839840
[00:09:02] Bootstrap tree #2, logLikelihood: -33111.135339
[00:11:44] Bootstrap tree #3, logLikelihood: -33275.367302
[00:14:19] Bootstrap tree #4, logLikelihood: -33519.203320
[00:16:43] Bootstrap tree #5, logLikelihood: -33470.709161
[00:20:49] Bootstrap tree #6, logLikelihood: -33104.398782
[00:23:21] Bootstrap tree #7, logLikelihood: -33283.566500
[00:25:41] Bootstrap tree #8, logLikelihood: -33437.756355
[00:30:00] Bootstrap tree #9, logLikelihood: -33286.934787
[00:32:33] Bootstrap tree #10, logLikelihood: -33319.194995
[00:34:34] Bootstrap tree #11, logLikelihood: -33378.420996
[00:36:49] Bootstrap tree #12, logLikelihood: -33340.663020
[00:39:31] Bootstrap tree #13, logLikelihood: -33461.380244
[00:42:05] Bootstrap tree #14, logLikelihood: -33318.181117
[00:44:37] Bootstrap tree #15, logLikelihood: -33718.752197
[00:47:11] Bootstrap tree #16, logLikelihood: -33376.680435
[00:49:09] Bootstrap tree #17, logLikelihood: -33316.187791
[00:51:15] Bootstrap tree #18, logLikelihood: -33520.415717
[00:57:58] Bootstrap tree #19, logLikelihood: -33449.448941
[01:00:15] Bootstrap tree #20, logLikelihood: -33351.011103
[01:03:04] Bootstrap tree #21, logLikelihood: -33352.903986
[01:05:30] Bootstrap tree #22, logLikelihood: -33369.400375
[01:07:30] Bootstrap tree #23, logLikelihood: -33480.309893
[01:10:11] Bootstrap tree #24, logLikelihood: -33669.913899
[01:12:42] Bootstrap tree #25, logLikelihood: -33138.965821
[01:15:06] Bootstrap tree #26, logLikelihood: -33303.908972
[01:17:18] Bootstrap tree #27, logLikelihood: -33346.705123
[01:19:47] Bootstrap tree #28, logLikelihood: -33114.584461
[01:22:21] Bootstrap tree #29, logLikelihood: -33388.300668
[01:24:35] Bootstrap tree #30, logLikelihood: -33332.750751
[01:26:53] Bootstrap tree #31, logLikelihood: -33399.032065
[01:29:04] Bootstrap tree #32, logLikelihood: -33278.181767
[01:31:39] Bootstrap tree #33, logLikelihood: -33387.403377
[01:34:10] Bootstrap tree #34, logLikelihood: -33536.846306
[01:36:48] Bootstrap tree #35, logLikelihood: -33383.206127
[01:39:32] Bootstrap tree #36, logLikelihood: -33432.068129
[01:42:11] Bootstrap tree #37, logLikelihood: -33409.794726
[01:45:58] Bootstrap tree #38, logLikelihood: -33184.363285
[01:48:41] Bootstrap tree #39, logLikelihood: -33402.072007
[01:51:11] Bootstrap tree #40, logLikelihood: -33292.964156
[01:53:44] Bootstrap tree #41, logLikelihood: -33223.785216
[01:56:18] Bootstrap tree #42, logLikelihood: -33317.736631
[01:59:55] Bootstrap tree #43, logLikelihood: -33499.355400
[02:02:22] Bootstrap tree #44, logLikelihood: -33287.738710
[02:05:51] Bootstrap tree #45, logLikelihood: -33286.696543
[02:08:51] Bootstrap tree #46, logLikelihood: -33356.398800
[02:12:47] Bootstrap tree #47, logLikelihood: -33364.408597
[02:15:46] Bootstrap tree #48, logLikelihood: -33596.496178
[02:18:17] Bootstrap tree #49, logLikelihood: -33570.334020
[02:20:57] Bootstrap tree #50, logLikelihood: -33549.514497
[02:23:14] Bootstrap tree #51, logLikelihood: -33107.821284
[02:25:52] Bootstrap tree #52, logLikelihood: -33589.963399
[02:28:26] Bootstrap tree #53, logLikelihood: -33338.077343
[02:30:59] Bootstrap tree #54, logLikelihood: -33522.906021
[02:33:18] Bootstrap tree #55, logLikelihood: -33585.741415
[02:36:06] Bootstrap tree #56, logLikelihood: -33366.462057
[02:38:17] Bootstrap tree #57, logLikelihood: -33502.140735
[02:40:55] Bootstrap tree #58, logLikelihood: -33509.805014
[02:43:16] Bootstrap tree #59, logLikelihood: -33404.372121
[02:46:12] Bootstrap tree #60, logLikelihood: -33574.849555
[02:48:47] Bootstrap tree #61, logLikelihood: -33564.361569
[02:51:32] Bootstrap tree #62, logLikelihood: -33203.681099
[02:54:10] Bootstrap tree #63, logLikelihood: -33223.504778
[02:56:28] Bootstrap tree #64, logLikelihood: -33336.856254
[02:58:58] Bootstrap tree #65, logLikelihood: -33632.652006
[03:01:18] Bootstrap tree #66, logLikelihood: -33369.217475
[03:03:39] Bootstrap tree #67, logLikelihood: -33211.319070
[03:06:16] Bootstrap tree #68, logLikelihood: -33287.873403
[03:09:14] Bootstrap tree #69, logLikelihood: -33593.468115
[03:11:20] Bootstrap tree #70, logLikelihood: -33272.236633
[03:13:42] Bootstrap tree #71, logLikelihood: -33118.753868
[03:17:40] Bootstrap tree #72, logLikelihood: -33351.536231
[03:20:10] Bootstrap tree #73, logLikelihood: -33411.618387
[03:22:30] Bootstrap tree #74, logLikelihood: -33147.862755
[03:24:50] Bootstrap tree #75, logLikelihood: -33608.562633
[03:28:49] Bootstrap tree #76, logLikelihood: -33279.584734
[03:31:12] Bootstrap tree #77, logLikelihood: -33353.716359
[03:33:09] Bootstrap tree #78, logLikelihood: -33349.594453
[03:35:12] Bootstrap tree #79, logLikelihood: -33370.999839
[03:37:13] Bootstrap tree #80, logLikelihood: -33254.821405
[03:39:13] Bootstrap tree #81, logLikelihood: -33341.996672
[03:42:54] Bootstrap tree #82, logLikelihood: -33048.741914
[03:46:15] Bootstrap tree #83, logLikelihood: -33323.492650

Bootstrap trees saved to: /home/hikoyu/analysis/Genome/SARS-CoV-2/phylogeny/RAxML-NG/AA/part/SARS-CoV-2_200320.10.raxml.bootstraps

Execution log saved to: /home/hikoyu/analysis/Genome/SARS-CoV-2/phylogeny/RAxML-NG/AA/part/SARS-CoV-2_200320.10.raxml.log

Analysis started: 23-Mar-2020 01:37:42 / finished: 23-Mar-2020 05:23:58

Elapsed time: 13575.628 seconds

