
RAxML-NG v. 0.9.0 released on 20.05.2019 by The Exelixis Lab.
Developed by: Alexey M. Kozlov and Alexandros Stamatakis.
Contributors: Diego Darriba, Tomas Flouri, Benoit Morel, Sarah Lutteropp, Ben Bettisworth.
Latest version: https://github.com/amkozlov/raxml-ng
Questions/problems/suggestions? Please visit: https://groups.google.com/forum/#!forum/raxml

RAxML-NG was called at 04-Apr-2020 05:22:55 as follows:

raxml-ng --threads 1 --bootstrap --bs-trees 83 --seed 3966448238 --prefix phylogeny/RAxML-NG/AA/part/SARS-CoV-2_200331.7 --msa phylogeny/RAxML-NG/AA/part/SARS-CoV-2_200331.raxml.rba --outgroup MG772933.1

Analysis options:
  run mode: Bootstrapping
  start tree(s): 
  bootstrap replicates: 83
  random seed: 3966448238
  tip-inner: OFF
  pattern compression: ON
  per-rate scalers: OFF
  site repeats: ON
  branch lengths: proportional (ML estimate, algorithm: NR-FAST)
  SIMD kernels: AVX2
  parallelization: NONE/sequential

[00:00:00] Loading binary alignment from file: phylogeny/RAxML-NG/AA/part/SARS-CoV-2_200331.raxml.rba
[00:00:00] Alignment comprises 117 taxa, 11 partitions and 783 patterns

Partition 0: orf1ab_U
Model: HIVB+FC+I+G4m+B
Alignment sites / patterns: 4405 / 247
Gaps: 0.10 %
Invariant sites: 93.26 %

Partition 1: orf1ab_D
Model: STMTREV+FC+I+G4m+B
Alignment sites / patterns: 2696 / 115
Gaps: 0.04 %
Invariant sites: 94.77 %

Partition 2: S
Model: FLU+G4m+B
Alignment sites / patterns: 1273 / 180
Gaps: 0.03 %
Invariant sites: 81.07 %

Partition 3: ORF3a
Model: JTT+I+G4m+B
Alignment sites / patterns: 275 / 46
Gaps: 0.00 %
Invariant sites: 88.36 %

Partition 4: E
Model: STMTREV+B
Alignment sites / patterns: 75 / 18
Gaps: 0.00 %
Invariant sites: 98.67 %

Partition 5: M
Model: CPREV+B
Alignment sites / patterns: 222 / 24
Gaps: 0.00 %
Invariant sites: 98.20 %

Partition 6: ORF6
Model: STMTREV+B
Alignment sites / patterns: 61 / 24
Gaps: 0.00 %
Invariant sites: 90.16 %

Partition 7: ORF7a
Model: JTT-DCMUT+B
Alignment sites / patterns: 121 / 34
Gaps: 0.00 %
Invariant sites: 85.95 %

Partition 8: ORF8
Model: STMTREV+I+G4m+B
Alignment sites / patterns: 121 / 32
Gaps: 0.00 %
Invariant sites: 90.08 %

Partition 9: N
Model: JTT+B
Alignment sites / patterns: 419 / 45
Gaps: 0.00 %
Invariant sites: 92.12 %

Partition 10: ORF10
Model: STMTREV+B
Alignment sites / patterns: 38 / 18
Gaps: 0.00 %
Invariant sites: 94.74 %


[00:00:00] Data distribution: max. partitions/sites/weight per thread: 11 / 783 / 52860
[00:00:00] Starting bootstrapping analysis with 83 replicates.

[00:07:15] Bootstrap tree #1, logLikelihood: -33907.733796
[00:14:46] Bootstrap tree #2, logLikelihood: -34050.918159
[00:21:19] Bootstrap tree #3, logLikelihood: -33817.675099
[00:30:28] Bootstrap tree #4, logLikelihood: -33959.761484
[00:38:00] Bootstrap tree #5, logLikelihood: -33823.926166
[00:44:39] Bootstrap tree #6, logLikelihood: -33987.416929
[00:51:46] Bootstrap tree #7, logLikelihood: -34154.591453
[00:59:43] Bootstrap tree #8, logLikelihood: -33879.388300
[01:06:42] Bootstrap tree #9, logLikelihood: -34069.965286
[01:14:45] Bootstrap tree #10, logLikelihood: -33957.054077
[01:23:05] Bootstrap tree #11, logLikelihood: -34045.567851
[01:30:19] Bootstrap tree #12, logLikelihood: -34130.336035
[01:37:42] Bootstrap tree #13, logLikelihood: -33816.770462
[01:45:23] Bootstrap tree #14, logLikelihood: -33931.873766
[01:52:51] Bootstrap tree #15, logLikelihood: -33837.268375
[02:00:42] Bootstrap tree #16, logLikelihood: -34046.269237
[02:07:46] Bootstrap tree #17, logLikelihood: -34032.687286
[02:19:02] Bootstrap tree #18, logLikelihood: -33814.510816
[02:26:57] Bootstrap tree #19, logLikelihood: -34150.099646
[02:33:52] Bootstrap tree #20, logLikelihood: -33762.654807
[02:41:22] Bootstrap tree #21, logLikelihood: -33734.625923
[02:48:59] Bootstrap tree #22, logLikelihood: -33813.810859
[02:56:59] Bootstrap tree #23, logLikelihood: -34055.134794
[03:04:47] Bootstrap tree #24, logLikelihood: -33711.624600
[03:11:19] Bootstrap tree #25, logLikelihood: -33702.413149
[03:18:27] Bootstrap tree #26, logLikelihood: -33825.680195
[03:25:49] Bootstrap tree #27, logLikelihood: -34334.402777
[03:35:31] Bootstrap tree #28, logLikelihood: -33922.390474
[03:42:21] Bootstrap tree #29, logLikelihood: -33785.039678
[03:49:38] Bootstrap tree #30, logLikelihood: -34028.128522
[03:57:19] Bootstrap tree #31, logLikelihood: -33934.146922
[04:05:04] Bootstrap tree #32, logLikelihood: -34153.003417
[04:12:54] Bootstrap tree #33, logLikelihood: -33822.638775
[04:19:19] Bootstrap tree #34, logLikelihood: -33843.474193
[04:25:56] Bootstrap tree #35, logLikelihood: -33874.998723
[04:34:08] Bootstrap tree #36, logLikelihood: -34061.312863
[04:41:20] Bootstrap tree #37, logLikelihood: -33904.538414
[04:48:14] Bootstrap tree #38, logLikelihood: -33893.992673
[04:56:13] Bootstrap tree #39, logLikelihood: -34158.771128
[05:04:32] Bootstrap tree #40, logLikelihood: -34040.203803
[05:11:55] Bootstrap tree #41, logLikelihood: -34015.067036
[05:19:10] Bootstrap tree #42, logLikelihood: -33846.255761
[05:26:24] Bootstrap tree #43, logLikelihood: -33940.833227
[05:33:16] Bootstrap tree #44, logLikelihood: -33778.429610
[05:41:59] Bootstrap tree #45, logLikelihood: -34068.395504
[05:50:14] Bootstrap tree #46, logLikelihood: -33750.992139
[05:57:03] Bootstrap tree #47, logLikelihood: -34012.726119
[06:05:29] Bootstrap tree #48, logLikelihood: -33690.773266
[06:12:49] Bootstrap tree #49, logLikelihood: -33778.987062
[06:21:00] Bootstrap tree #50, logLikelihood: -33903.940496
[06:27:49] Bootstrap tree #51, logLikelihood: -34082.468361
[06:34:22] Bootstrap tree #52, logLikelihood: -33747.033140
[06:41:48] Bootstrap tree #53, logLikelihood: -33795.417599
[06:49:06] Bootstrap tree #54, logLikelihood: -34093.543327
[06:56:18] Bootstrap tree #55, logLikelihood: -34082.429332
[07:03:02] Bootstrap tree #56, logLikelihood: -33684.078587
[07:10:23] Bootstrap tree #57, logLikelihood: -33845.066358
[07:17:52] Bootstrap tree #58, logLikelihood: -34116.759196
[07:25:36] Bootstrap tree #59, logLikelihood: -33835.845877
[07:33:25] Bootstrap tree #60, logLikelihood: -33942.020923
[07:42:20] Bootstrap tree #61, logLikelihood: -34169.180013
[07:50:19] Bootstrap tree #62, logLikelihood: -34098.819162
[08:04:53] Bootstrap tree #63, logLikelihood: -33824.721653
[08:12:39] Bootstrap tree #64, logLikelihood: -33740.549013
[08:23:04] Bootstrap tree #65, logLikelihood: -33908.090483
[08:29:45] Bootstrap tree #66, logLikelihood: -34125.758663
[08:36:21] Bootstrap tree #67, logLikelihood: -33994.825959
[08:42:49] Bootstrap tree #68, logLikelihood: -33861.563284
[08:52:57] Bootstrap tree #69, logLikelihood: -34584.280942
[09:00:19] Bootstrap tree #70, logLikelihood: -33897.168144
[09:07:41] Bootstrap tree #71, logLikelihood: -33864.935718
[09:14:51] Bootstrap tree #72, logLikelihood: -34382.360948
[09:21:45] Bootstrap tree #73, logLikelihood: -34059.189486
[09:30:10] Bootstrap tree #74, logLikelihood: -33864.097707
[09:38:14] Bootstrap tree #75, logLikelihood: -34189.749841
[09:45:10] Bootstrap tree #76, logLikelihood: -33819.286065
[09:52:09] Bootstrap tree #77, logLikelihood: -33867.519963
[09:58:58] Bootstrap tree #78, logLikelihood: -33469.287083
[10:05:20] Bootstrap tree #79, logLikelihood: -33825.793533
[10:16:39] Bootstrap tree #80, logLikelihood: -34224.971575
[10:28:54] Bootstrap tree #81, logLikelihood: -33809.264259
[10:35:13] Bootstrap tree #82, logLikelihood: -33983.659779
[10:41:53] Bootstrap tree #83, logLikelihood: -33726.849622

Bootstrap trees saved to: /home/hikoyu/analysis/Genome/SARS-CoV-2/phylogeny/RAxML-NG/AA/part/SARS-CoV-2_200331.7.raxml.bootstraps

Execution log saved to: /home/hikoyu/analysis/Genome/SARS-CoV-2/phylogeny/RAxML-NG/AA/part/SARS-CoV-2_200331.7.raxml.log

Analysis started: 04-Apr-2020 05:22:55 / finished: 04-Apr-2020 16:04:49

Elapsed time: 38513.943 seconds

