
RAxML-NG v. 0.9.0 released on 20.05.2019 by The Exelixis Lab.
Developed by: Alexey M. Kozlov and Alexandros Stamatakis.
Contributors: Diego Darriba, Tomas Flouri, Benoit Morel, Sarah Lutteropp, Ben Bettisworth.
Latest version: https://github.com/amkozlov/raxml-ng
Questions/problems/suggestions? Please visit: https://groups.google.com/forum/#!forum/raxml

RAxML-NG was called at 17-Mar-2020 05:27:24 as follows:

raxml-ng --threads 1 --search --tree rand{9},pars{9} --seed 192592907 --prefix phylogeny/RAxML-NG/AA/part/SARS-CoV-2_200314.1 --msa phylogeny/RAxML-NG/AA/part/SARS-CoV-2_200314.raxml.rba --outgroup MG772933.1

Analysis options:
  run mode: ML tree search
  start tree(s): random (9) + parsimony (9)
  random seed: 192592907
  tip-inner: OFF
  pattern compression: ON
  per-rate scalers: OFF
  site repeats: ON
  fast spr radius: AUTO
  spr subtree cutoff: 1.000000
  branch lengths: proportional (ML estimate, algorithm: NR-FAST)
  SIMD kernels: AVX2
  parallelization: NONE/sequential

[00:00:00] Loading binary alignment from file: phylogeny/RAxML-NG/AA/part/SARS-CoV-2_200314.raxml.rba
[00:00:00] Alignment comprises 89 taxa, 11 partitions and 739 patterns

Partition 0: orf1ab_U
Model: HIVB+FC+I+B
Alignment sites / patterns: 4405 / 223
Gaps: 0.10 %
Invariant sites: 93.96 %

Partition 1: orf1ab_D
Model: JTT-DCMUT+G4m+B
Alignment sites / patterns: 2695 / 105
Gaps: 0.00 %
Invariant sites: 95.10 %

Partition 2: S
Model: JTT-DCMUT+G4m+B
Alignment sites / patterns: 1273 / 178
Gaps: 0.04 %
Invariant sites: 81.15 %

Partition 3: ORF3a
Model: JTT+G4m+B
Alignment sites / patterns: 275 / 44
Gaps: 0.00 %
Invariant sites: 89.09 %

Partition 4: E
Model: STMTREV+B
Alignment sites / patterns: 75 / 18
Gaps: 0.00 %
Invariant sites: 98.67 %

Partition 5: M
Model: CPREV+B
Alignment sites / patterns: 222 / 23
Gaps: 0.01 %
Invariant sites: 98.65 %

Partition 6: ORF6
Model: STMTREV+B
Alignment sites / patterns: 61 / 22
Gaps: 0.00 %
Invariant sites: 93.44 %

Partition 7: ORF7a
Model: JTT-DCMUT+B
Alignment sites / patterns: 121 / 34
Gaps: 0.00 %
Invariant sites: 85.95 %

Partition 8: ORF8
Model: STMTREV+I+G4m+B
Alignment sites / patterns: 121 / 31
Gaps: 0.00 %
Invariant sites: 90.91 %

Partition 9: N
Model: JTT+B
Alignment sites / patterns: 419 / 43
Gaps: 0.00 %
Invariant sites: 92.60 %

Partition 10: ORF10
Model: STMTREV+B
Alignment sites / patterns: 38 / 18
Gaps: 0.00 %
Invariant sites: 94.74 %


[00:00:00] Generating 9 random starting tree(s) with 89 taxa
[00:00:00] Generating 9 parsimony starting tree(s) with 89 taxa
[00:00:00] Data distribution: max. partitions/sites/weight per thread: 11 / 739 / 36260

Starting ML tree search with 18 distinct starting trees

[00:00:00 -77821.749483] Initial branch length optimization
[00:00:01 -34018.070449] Model parameter optimization (eps = 10.000000)
[00:00:03 -33858.478201] AUTODETECT spr round 1 (radius: 5)
[00:00:12 -33604.889007] AUTODETECT spr round 2 (radius: 10)
[00:00:28 -33562.827223] AUTODETECT spr round 3 (radius: 15)
[00:00:44 -33554.129033] AUTODETECT spr round 4 (radius: 20)
[00:00:56 -33554.129033] SPR radius for FAST iterations: 15 (autodetect)
[00:00:56 -33554.129033] Model parameter optimization (eps = 3.000000)
[00:00:58 -33545.905732] FAST spr round 1 (radius: 15)
[00:01:33 -33450.671117] FAST spr round 2 (radius: 15)
[00:01:57 -33450.663524] Model parameter optimization (eps = 1.000000)
[00:01:58 -33449.890156] SLOW spr round 1 (radius: 5)
[00:02:23 -33449.888434] SLOW spr round 2 (radius: 10)
[00:02:52 -33449.888222] SLOW spr round 3 (radius: 15)
[00:03:16 -33449.888210] SLOW spr round 4 (radius: 20)
[00:03:35 -33439.874152] SLOW spr round 5 (radius: 5)
[00:04:01 -33439.874063] SLOW spr round 6 (radius: 10)
[00:04:29 -33439.874031] SLOW spr round 7 (radius: 15)
[00:04:51 -33439.874031] SLOW spr round 8 (radius: 20)
[00:05:11 -33439.874031] SLOW spr round 9 (radius: 25)
[00:05:31 -33439.874031] Model parameter optimization (eps = 0.100000)

[00:05:33] ML tree search #1, logLikelihood: -33439.604600

[00:05:33 -77831.082243] Initial branch length optimization
[00:05:34 -34024.372601] Model parameter optimization (eps = 10.000000)
[00:05:37 -33864.443179] AUTODETECT spr round 1 (radius: 5)
[00:05:46 -33747.207643] AUTODETECT spr round 2 (radius: 10)
[00:06:02 -33566.007959] AUTODETECT spr round 3 (radius: 15)
[00:06:18 -33502.334529] AUTODETECT spr round 4 (radius: 20)
[00:06:29 -33500.469255] AUTODETECT spr round 5 (radius: 25)
[00:06:38 -33500.469255] SPR radius for FAST iterations: 20 (autodetect)
[00:06:38 -33500.469255] Model parameter optimization (eps = 3.000000)
[00:06:40 -33490.518434] FAST spr round 1 (radius: 20)
[00:07:18 -33440.158549] FAST spr round 2 (radius: 20)
[00:07:43 -33440.154594] Model parameter optimization (eps = 1.000000)
[00:07:44 -33439.603817] SLOW spr round 1 (radius: 5)
[00:08:07 -33439.601371] SLOW spr round 2 (radius: 10)
[00:08:36 -33439.601252] SLOW spr round 3 (radius: 15)
[00:09:03 -33439.601209] SLOW spr round 4 (radius: 20)
[00:09:24 -33439.601188] SLOW spr round 5 (radius: 25)
[00:09:45 -33439.601188] Model parameter optimization (eps = 0.100000)

[00:09:46] ML tree search #2, logLikelihood: -33439.600106

[00:09:46 -77826.174143] Initial branch length optimization
[00:09:47 -34012.433082] Model parameter optimization (eps = 10.000000)
[00:09:50 -33854.281855] AUTODETECT spr round 1 (radius: 5)
[00:09:59 -33764.292597] AUTODETECT spr round 2 (radius: 10)
[00:10:13 -33572.206655] AUTODETECT spr round 3 (radius: 15)
[00:10:29 -33488.537567] AUTODETECT spr round 4 (radius: 20)
[00:10:42 -33488.537558] SPR radius for FAST iterations: 15 (autodetect)
[00:10:42 -33488.537558] Model parameter optimization (eps = 3.000000)
[00:10:45 -33477.935804] FAST spr round 1 (radius: 15)
[00:11:18 -33440.480606] FAST spr round 2 (radius: 15)
[00:11:41 -33440.480393] Model parameter optimization (eps = 1.000000)
[00:11:42 -33440.392894] SLOW spr round 1 (radius: 5)
[00:12:05 -33440.390315] SLOW spr round 2 (radius: 10)
[00:12:38 -33440.389841] SLOW spr round 3 (radius: 15)
[00:13:07 -33440.389841] SLOW spr round 4 (radius: 20)
[00:13:26 -33440.389841] SLOW spr round 5 (radius: 25)
[00:13:40 -33440.389841] Model parameter optimization (eps = 0.100000)

[00:13:41] ML tree search #3, logLikelihood: -33440.389349

[00:13:41 -77826.645826] Initial branch length optimization
[00:13:42 -34025.621949] Model parameter optimization (eps = 10.000000)
[00:13:45 -33863.983645] AUTODETECT spr round 1 (radius: 5)
[00:13:54 -33770.820567] AUTODETECT spr round 2 (radius: 10)
[00:14:07 -33535.203247] AUTODETECT spr round 3 (radius: 15)
[00:14:20 -33471.718159] AUTODETECT spr round 4 (radius: 20)
[00:14:36 -33452.666732] AUTODETECT spr round 5 (radius: 25)
[00:14:45 -33452.666731] SPR radius for FAST iterations: 20 (autodetect)
[00:14:45 -33452.666731] Model parameter optimization (eps = 3.000000)
[00:14:48 -33440.370160] FAST spr round 1 (radius: 20)
[00:15:32 -33440.338795] Model parameter optimization (eps = 1.000000)
[00:15:32 -33440.336658] SLOW spr round 1 (radius: 5)
[00:16:01 -33440.335822] SLOW spr round 2 (radius: 10)
[00:16:34 -33440.335466] SLOW spr round 3 (radius: 15)
[00:17:00 -33440.335466] SLOW spr round 4 (radius: 20)
[00:17:18 -33440.335466] SLOW spr round 5 (radius: 25)
[00:17:31 -33440.335466] Model parameter optimization (eps = 0.100000)

[00:17:31] ML tree search #4, logLikelihood: -33440.335464

[00:17:32 -77835.758130] Initial branch length optimization
[00:17:32 -34025.019937] Model parameter optimization (eps = 10.000000)
[00:17:35 -33861.695094] AUTODETECT spr round 1 (radius: 5)
[00:17:44 -33764.762433] AUTODETECT spr round 2 (radius: 10)
[00:17:59 -33670.312776] AUTODETECT spr round 3 (radius: 15)
[00:18:16 -33546.311623] AUTODETECT spr round 4 (radius: 20)
[00:18:30 -33546.311593] SPR radius for FAST iterations: 15 (autodetect)
[00:18:30 -33546.311593] Model parameter optimization (eps = 3.000000)
[00:18:31 -33545.289106] FAST spr round 1 (radius: 15)
[00:19:05 -33449.112119] FAST spr round 2 (radius: 15)
[00:19:30 -33449.107270] Model parameter optimization (eps = 1.000000)
[00:19:32 -33441.651671] SLOW spr round 1 (radius: 5)
[00:19:57 -33441.634891] SLOW spr round 2 (radius: 10)
[00:20:35 -33441.631513] SLOW spr round 3 (radius: 15)
[00:20:59 -33441.631371] SLOW spr round 4 (radius: 20)
[00:21:18 -33441.631371] SLOW spr round 5 (radius: 25)
[00:21:38 -33441.631371] Model parameter optimization (eps = 0.100000)

[00:21:39] ML tree search #5, logLikelihood: -33441.630610

[00:21:39 -77831.300407] Initial branch length optimization
[00:21:40 -34021.504080] Model parameter optimization (eps = 10.000000)
[00:21:43 -33859.598667] AUTODETECT spr round 1 (radius: 5)
[00:21:52 -33640.115459] AUTODETECT spr round 2 (radius: 10)
[00:22:07 -33495.003337] AUTODETECT spr round 3 (radius: 15)
[00:22:24 -33452.622076] AUTODETECT spr round 4 (radius: 20)
[00:22:36 -33452.622073] SPR radius for FAST iterations: 15 (autodetect)
[00:22:36 -33452.622073] Model parameter optimization (eps = 3.000000)
[00:22:39 -33440.378301] FAST spr round 1 (radius: 15)
[00:23:16 -33440.344576] Model parameter optimization (eps = 1.000000)
[00:23:17 -33440.342501] SLOW spr round 1 (radius: 5)
[00:23:44 -33440.341639] SLOW spr round 2 (radius: 10)
[00:24:10 -33440.341631] SLOW spr round 3 (radius: 15)
[00:24:32 -33440.341631] SLOW spr round 4 (radius: 20)
[00:24:51 -33440.341631] SLOW spr round 5 (radius: 25)
[00:25:06 -33440.341631] Model parameter optimization (eps = 0.100000)

[00:25:07] ML tree search #6, logLikelihood: -33440.341629

[00:25:07 -77807.151327] Initial branch length optimization
[00:25:08 -33974.220996] Model parameter optimization (eps = 10.000000)
[00:25:11 -33835.333085] AUTODETECT spr round 1 (radius: 5)
[00:25:21 -33693.971166] AUTODETECT spr round 2 (radius: 10)
[00:25:35 -33502.967759] AUTODETECT spr round 3 (radius: 15)
[00:25:49 -33465.973539] AUTODETECT spr round 4 (radius: 20)
[00:26:00 -33465.973535] SPR radius for FAST iterations: 15 (autodetect)
[00:26:00 -33465.973535] Model parameter optimization (eps = 3.000000)
[00:26:03 -33438.750873] FAST spr round 1 (radius: 15)
[00:26:36 -33431.023338] FAST spr round 2 (radius: 15)
[00:27:01 -33430.586008] FAST spr round 3 (radius: 15)
[00:27:24 -33430.584765] Model parameter optimization (eps = 1.000000)
[00:27:25 -33430.395678] SLOW spr round 1 (radius: 5)
[00:27:51 -33430.394296] SLOW spr round 2 (radius: 10)
[00:28:28 -33430.394296] SLOW spr round 3 (radius: 15)
[00:28:52 -33430.394296] SLOW spr round 4 (radius: 20)
[00:29:17 -33430.394296] SLOW spr round 5 (radius: 25)
[00:29:28 -33430.394296] Model parameter optimization (eps = 0.100000)

[00:29:29] ML tree search #7, logLikelihood: -33430.393964

[00:29:29 -77832.839519] Initial branch length optimization
[00:29:30 -34021.980321] Model parameter optimization (eps = 10.000000)
[00:29:33 -33862.325893] AUTODETECT spr round 1 (radius: 5)
[00:29:41 -33789.386269] AUTODETECT spr round 2 (radius: 10)
[00:29:58 -33610.802521] AUTODETECT spr round 3 (radius: 15)
[00:30:15 -33513.082144] AUTODETECT spr round 4 (radius: 20)
[00:30:26 -33498.518382] AUTODETECT spr round 5 (radius: 25)
[00:30:32 -33498.518381] SPR radius for FAST iterations: 20 (autodetect)
[00:30:32 -33498.518381] Model parameter optimization (eps = 3.000000)
[00:30:35 -33488.439859] FAST spr round 1 (radius: 20)
[00:31:16 -33440.575564] FAST spr round 2 (radius: 20)
[00:31:42 -33440.574921] Model parameter optimization (eps = 1.000000)
[00:31:43 -33440.417902] SLOW spr round 1 (radius: 5)
[00:32:06 -33440.409860] SLOW spr round 2 (radius: 10)
[00:32:38 -33440.409474] SLOW spr round 3 (radius: 15)
[00:33:03 -33440.409474] SLOW spr round 4 (radius: 20)
[00:33:29 -33440.409474] SLOW spr round 5 (radius: 25)
[00:33:44 -33440.409474] Model parameter optimization (eps = 0.100000)

[00:33:45] ML tree search #8, logLikelihood: -33440.408623

[00:33:45 -77822.581358] Initial branch length optimization
[00:33:46 -34008.568005] Model parameter optimization (eps = 10.000000)
[00:33:49 -33848.084310] AUTODETECT spr round 1 (radius: 5)
[00:33:57 -33749.668410] AUTODETECT spr round 2 (radius: 10)
[00:34:10 -33577.609070] AUTODETECT spr round 3 (radius: 15)
[00:34:26 -33505.320893] AUTODETECT spr round 4 (radius: 20)
[00:34:37 -33499.237129] AUTODETECT spr round 5 (radius: 25)
[00:34:46 -33497.376267] SPR radius for FAST iterations: 25 (autodetect)
[00:34:46 -33497.376267] Model parameter optimization (eps = 3.000000)
[00:34:49 -33487.282341] FAST spr round 1 (radius: 25)
[00:35:32 -33439.948127] FAST spr round 2 (radius: 25)
[00:35:57 -33439.945951] Model parameter optimization (eps = 1.000000)
[00:35:58 -33439.600598] SLOW spr round 1 (radius: 5)
[00:36:23 -33439.600047] SLOW spr round 2 (radius: 10)
[00:36:54 -33439.598562] SLOW spr round 3 (radius: 15)
[00:37:18 -33439.598547] SLOW spr round 4 (radius: 20)
[00:37:32 -33439.598547] SLOW spr round 5 (radius: 25)
[00:37:52 -33439.598547] Model parameter optimization (eps = 0.100000)

[00:37:53] ML tree search #9, logLikelihood: -33439.598328

[00:37:53 -77365.042530] Initial branch length optimization
[00:37:54 -33449.414216] Model parameter optimization (eps = 10.000000)
[00:37:57 -33434.513205] AUTODETECT spr round 1 (radius: 5)
[00:38:06 -33434.483681] SPR radius for FAST iterations: 5 (autodetect)
[00:38:06 -33434.483681] Model parameter optimization (eps = 3.000000)
[00:38:07 -33434.482765] FAST spr round 1 (radius: 5)
[00:38:20 -33434.482765] Model parameter optimization (eps = 1.000000)
[00:38:21 -33434.481894] SLOW spr round 1 (radius: 5)
[00:38:45 -33434.481894] SLOW spr round 2 (radius: 10)
[00:39:12 -33434.481894] SLOW spr round 3 (radius: 15)
[00:39:38 -33433.432549] SLOW spr round 4 (radius: 5)
[00:40:01 -33433.432549] SLOW spr round 5 (radius: 10)
[00:40:30 -33433.432549] SLOW spr round 6 (radius: 15)
[00:40:54 -33433.432549] SLOW spr round 7 (radius: 20)
[00:41:13 -33433.432549] SLOW spr round 8 (radius: 25)
[00:41:28 -33432.564252] SLOW spr round 9 (radius: 5)
[00:41:56 -33432.559480] SLOW spr round 10 (radius: 10)
[00:42:23 -33432.559480] SLOW spr round 11 (radius: 15)
[00:42:46 -33432.559480] SLOW spr round 12 (radius: 20)
[00:43:03 -33432.559480] SLOW spr round 13 (radius: 25)
[00:43:17 -33432.559480] Model parameter optimization (eps = 0.100000)

[00:43:20] ML tree search #10, logLikelihood: -33431.968755

[00:43:20 -77358.068463] Initial branch length optimization
[00:43:21 -33448.797533] Model parameter optimization (eps = 10.000000)
[00:43:24 -33431.114594] AUTODETECT spr round 1 (radius: 5)
[00:43:33 -33431.082961] SPR radius for FAST iterations: 5 (autodetect)
[00:43:33 -33431.082961] Model parameter optimization (eps = 3.000000)
[00:43:34 -33431.082656] FAST spr round 1 (radius: 5)
[00:43:46 -33431.082656] Model parameter optimization (eps = 1.000000)
[00:43:47 -33431.082652] SLOW spr round 1 (radius: 5)
[00:44:10 -33431.082518] SLOW spr round 2 (radius: 10)
[00:44:36 -33431.077700] SLOW spr round 3 (radius: 15)
[00:44:59 -33431.077700] SLOW spr round 4 (radius: 20)
[00:45:20 -33431.077700] SLOW spr round 5 (radius: 25)
[00:45:36 -33430.492349] SLOW spr round 6 (radius: 5)
[00:45:59 -33430.492349] SLOW spr round 7 (radius: 10)
[00:46:26 -33430.492349] SLOW spr round 8 (radius: 15)
[00:46:50 -33430.492349] SLOW spr round 9 (radius: 20)
[00:47:08 -33430.492349] SLOW spr round 10 (radius: 25)
[00:47:24 -33430.492349] Model parameter optimization (eps = 0.100000)

[00:47:25] ML tree search #11, logLikelihood: -33430.492349

[00:47:25 -77358.086270] Initial branch length optimization
[00:47:26 -33448.804194] Model parameter optimization (eps = 10.000000)
[00:47:30 -33431.112406] AUTODETECT spr round 1 (radius: 5)
[00:47:39 -33431.082136] SPR radius for FAST iterations: 5 (autodetect)
[00:47:39 -33431.082136] Model parameter optimization (eps = 3.000000)
[00:47:40 -33431.081723] FAST spr round 1 (radius: 5)
[00:47:52 -33431.081201] Model parameter optimization (eps = 1.000000)
[00:47:54 -33431.081197] SLOW spr round 1 (radius: 5)
[00:48:18 -33431.077473] SLOW spr round 2 (radius: 10)
[00:48:45 -33431.077473] SLOW spr round 3 (radius: 15)
[00:49:06 -33431.077473] SLOW spr round 4 (radius: 20)
[00:49:27 -33430.492135] SLOW spr round 5 (radius: 5)
[00:49:51 -33430.492135] SLOW spr round 6 (radius: 10)
[00:50:18 -33430.492135] SLOW spr round 7 (radius: 15)
[00:50:40 -33430.492135] SLOW spr round 8 (radius: 20)
[00:51:02 -33430.492135] SLOW spr round 9 (radius: 25)
[00:51:17 -33430.492135] Model parameter optimization (eps = 0.100000)

[00:51:18] ML tree search #12, logLikelihood: -33430.492135

[00:51:18 -77356.050045] Initial branch length optimization
[00:51:19 -33447.753683] Model parameter optimization (eps = 10.000000)
[00:51:23 -33430.063331] AUTODETECT spr round 1 (radius: 5)
[00:51:32 -33430.028919] SPR radius for FAST iterations: 5 (autodetect)
[00:51:32 -33430.028919] Model parameter optimization (eps = 3.000000)
[00:51:33 -33430.028527] FAST spr round 1 (radius: 5)
[00:51:45 -33430.028267] Model parameter optimization (eps = 1.000000)
[00:51:47 -33430.028263] SLOW spr round 1 (radius: 5)
[00:52:09 -33430.028263] SLOW spr round 2 (radius: 10)
[00:52:38 -33430.028263] SLOW spr round 3 (radius: 15)
[00:53:03 -33430.028263] SLOW spr round 4 (radius: 20)
[00:53:23 -33430.028263] SLOW spr round 5 (radius: 25)
[00:53:39 -33430.028263] Model parameter optimization (eps = 0.100000)

[00:53:41] ML tree search #13, logLikelihood: -33430.028263

[00:53:41 -77360.602072] Initial branch length optimization
[00:53:42 -33449.186790] Model parameter optimization (eps = 10.000000)
[00:53:46 -33432.744453] AUTODETECT spr round 1 (radius: 5)
[00:53:55 -33432.716753] SPR radius for FAST iterations: 5 (autodetect)
[00:53:55 -33432.716753] Model parameter optimization (eps = 3.000000)
[00:53:56 -33432.716230] FAST spr round 1 (radius: 5)
[00:54:09 -33432.715745] Model parameter optimization (eps = 1.000000)
[00:54:11 -33432.715739] SLOW spr round 1 (radius: 5)
[00:54:34 -33432.710778] SLOW spr round 2 (radius: 10)
[00:55:01 -33432.710778] SLOW spr round 3 (radius: 15)
[00:55:25 -33429.564504] SLOW spr round 4 (radius: 5)
[00:55:49 -33429.563455] SLOW spr round 5 (radius: 10)
[00:56:16 -33429.563455] SLOW spr round 6 (radius: 15)
[00:56:40 -33429.563455] SLOW spr round 7 (radius: 20)
[00:57:00 -33429.563455] SLOW spr round 8 (radius: 25)
[00:57:20 -33429.563455] Model parameter optimization (eps = 0.100000)

[00:57:22] ML tree search #14, logLikelihood: -33429.285513

[00:57:22 -77362.692369] Initial branch length optimization
[00:57:23 -33448.363679] Model parameter optimization (eps = 10.000000)
[00:57:26 -33433.464115] AUTODETECT spr round 1 (radius: 5)
[00:57:35 -33433.436062] SPR radius for FAST iterations: 5 (autodetect)
[00:57:35 -33433.436062] Model parameter optimization (eps = 3.000000)
[00:57:36 -33433.435151] FAST spr round 1 (radius: 5)
[00:57:48 -33433.434658] Model parameter optimization (eps = 1.000000)
[00:57:49 -33433.433787] SLOW spr round 1 (radius: 5)
[00:58:13 -33433.432551] SLOW spr round 2 (radius: 10)
[00:58:38 -33433.432551] SLOW spr round 3 (radius: 15)
[00:59:03 -33433.432551] SLOW spr round 4 (radius: 20)
[00:59:23 -33430.313509] SLOW spr round 5 (radius: 5)
[00:59:48 -33430.312455] SLOW spr round 6 (radius: 10)
[01:00:13 -33430.312455] SLOW spr round 7 (radius: 15)
[01:00:36 -33430.312455] SLOW spr round 8 (radius: 20)
[01:00:55 -33430.312455] SLOW spr round 9 (radius: 25)
[01:01:11 -33430.312455] Model parameter optimization (eps = 0.100000)

[01:01:14] ML tree search #15, logLikelihood: -33430.027876

[01:01:14 -77362.156431] Initial branch length optimization
[01:01:15 -33450.133774] Model parameter optimization (eps = 10.000000)
[01:01:18 -33433.689884] AUTODETECT spr round 1 (radius: 5)
[01:01:27 -33429.589897] AUTODETECT spr round 2 (radius: 10)
[01:01:41 -33429.585711] SPR radius for FAST iterations: 5 (autodetect)
[01:01:41 -33429.585711] Model parameter optimization (eps = 3.000000)
[01:01:43 -33429.291903] FAST spr round 1 (radius: 5)
[01:01:56 -33429.289931] Model parameter optimization (eps = 1.000000)
[01:01:58 -33429.285822] SLOW spr round 1 (radius: 5)
[01:02:21 -33429.282776] SLOW spr round 2 (radius: 10)
[01:02:49 -33429.282776] SLOW spr round 3 (radius: 15)
[01:03:12 -33429.282776] SLOW spr round 4 (radius: 20)
[01:03:30 -33429.282776] SLOW spr round 5 (radius: 25)
[01:03:45 -33429.282776] Model parameter optimization (eps = 0.100000)

[01:03:47] ML tree search #16, logLikelihood: -33429.282776

[01:03:47 -77357.683754] Initial branch length optimization
[01:03:47 -33448.801594] Model parameter optimization (eps = 10.000000)
[01:03:50 -33431.110928] AUTODETECT spr round 1 (radius: 5)
[01:04:00 -33430.496553] AUTODETECT spr round 2 (radius: 10)
[01:04:12 -33430.496296] SPR radius for FAST iterations: 5 (autodetect)
[01:04:12 -33430.496296] Model parameter optimization (eps = 3.000000)
[01:04:13 -33430.495862] FAST spr round 1 (radius: 5)
[01:04:25 -33430.495862] Model parameter optimization (eps = 1.000000)
[01:04:26 -33430.495856] SLOW spr round 1 (radius: 5)
[01:04:50 -33430.495856] SLOW spr round 2 (radius: 10)
[01:05:17 -33430.495655] SLOW spr round 3 (radius: 15)
[01:05:41 -33430.491931] SLOW spr round 4 (radius: 20)
[01:06:02 -33430.491931] SLOW spr round 5 (radius: 25)
[01:06:18 -33430.491931] Model parameter optimization (eps = 0.100000)

[01:06:19] ML tree search #17, logLikelihood: -33430.491931

[01:06:19 -77356.275880] Initial branch length optimization
[01:06:20 -33447.753339] Model parameter optimization (eps = 10.000000)
[01:06:23 -33430.062950] AUTODETECT spr round 1 (radius: 5)
[01:06:33 -33430.033878] SPR radius for FAST iterations: 5 (autodetect)
[01:06:33 -33430.033878] Model parameter optimization (eps = 3.000000)
[01:06:34 -33430.033443] FAST spr round 1 (radius: 5)
[01:06:47 -33430.033182] Model parameter optimization (eps = 1.000000)
[01:06:48 -33430.033179] SLOW spr round 1 (radius: 5)
[01:07:12 -33430.031936] SLOW spr round 2 (radius: 10)
[01:07:36 -33430.025166] SLOW spr round 3 (radius: 15)
[01:07:57 -33430.025166] SLOW spr round 4 (radius: 20)
[01:08:15 -33430.025166] SLOW spr round 5 (radius: 25)
[01:08:31 -33430.025166] Model parameter optimization (eps = 0.100000)

[01:08:32] ML tree search #18, logLikelihood: -33430.025166



Final LogLikelihood: -33429.282776

AIC score: 67278.565552 / AICc score: 67287.899868 / BIC score: 68786.448816
Free parameters (model + branch lengths): 210

Best ML tree saved to: /home/hikoyu/analysis/Genome/SARS-CoV-2/phylogeny/RAxML-NG/AA/part/SARS-CoV-2_200314.1.raxml.bestTree
All ML trees saved to: /home/hikoyu/analysis/Genome/SARS-CoV-2/phylogeny/RAxML-NG/AA/part/SARS-CoV-2_200314.1.raxml.mlTrees
Optimized model saved to: /home/hikoyu/analysis/Genome/SARS-CoV-2/phylogeny/RAxML-NG/AA/part/SARS-CoV-2_200314.1.raxml.bestModel

Execution log saved to: /home/hikoyu/analysis/Genome/SARS-CoV-2/phylogeny/RAxML-NG/AA/part/SARS-CoV-2_200314.1.raxml.log

Analysis started: 17-Mar-2020 05:27:24 / finished: 17-Mar-2020 06:35:56

Elapsed time: 4112.260 seconds

